<?xml version="1.0" encoding="UTF-8"?>
<testsuite xmlns:xsi="http://www.w3.org/2001/XMLSchema-instance" xsi:noNamespaceSchemaLocation="https://maven.apache.org/surefire/maven-failsafe-plugin/xsd/failsafe-test-report-3.0.xsd" version="3.0" name="starter.CucumberTestSuite" time="49.157" tests="4" errors="2" skipped="0" failures="0">
  <properties>
    <property name="java.specification.version" value="17"/>
    <property name="webdriver.chrome.driver" value="C:\Users\Rev\.cache\selenium\chromedriver\win32\101.0.4951.41\chromedriver.exe"/>
    <property name="sun.cpu.isalist" value="amd64"/>
    <property name="sun.jnu.encoding" value="Cp1252"/>
    <property name="java.class.path" value="D:\alta folder\20_review web UI Testing with serenity\target\test-classes;C:\Users\Rev\.m2\repository\net\serenity-bdd\serenity-core\3.2.1\serenity-core-3.2.1.jar;C:\Users\Rev\.m2\repository\net\serenity-bdd\serenity-model\3.2.1\serenity-model-3.2.1.jar;C:\Users\Rev\.m2\repository\org\apache\commons\commons-text\1.9\commons-text-1.9.jar;C:\Users\Rev\.m2\repository\commons-net\commons-net\3.8.0\commons-net-3.8.0.jar;C:\Users\Rev\.m2\repository\com\google\guava\guava\31.1-jre\guava-31.1-jre.jar;C:\Users\Rev\.m2\repository\com\google\guava\failureaccess\1.0.1\failureaccess-1.0.1.jar;C:\Users\Rev\.m2\repository\com\google\guava\listenablefuture\9999.0-empty-to-avoid-conflict-with-guava\listenablefuture-9999.0-empty-to-avoid-conflict-with-guava.jar;C:\Users\Rev\.m2\repository\com\google\code\findbugs\jsr305\3.0.2\jsr305-3.0.2.jar;C:\Users\Rev\.m2\repository\org\checkerframework\checker-qual\3.12.0\checker-qual-3.12.0.jar;C:\Users\Rev\.m2\repository\com\google\errorprone\error_prone_annotations\2.11.0\error_prone_annotations-2.11.0.jar;C:\Users\Rev\.m2\repository\com\google\j2objc\j2objc-annotations\1.3\j2objc-annotations-1.3.jar;C:\Users\Rev\.m2\repository\com\google\inject\guice\5.1.0\guice-5.1.0.jar;C:\Users\Rev\.m2\repository\javax\inject\javax.inject\1\javax.inject-1.jar;C:\Users\Rev\.m2\repository\aopalliance\aopalliance\1.0\aopalliance-1.0.jar;C:\Users\Rev\.m2\repository\org\jsoup\jsoup\1.14.3\jsoup-1.14.3.jar;C:\Users\Rev\.m2\repository\com\thoughtworks\xstream\xstream\1.4.19\xstream-1.4.19.jar;C:\Users\Rev\.m2\repository\io\github\x-stream\mxparser\1.2.2\mxparser-1.2.2.jar;C:\Users\Rev\.m2\repository\xmlpull\xmlpull\1.1.3.1\xmlpull-1.1.3.1.jar;C:\Users\Rev\.m2\repository\io\cucumber\cucumber-java\7.2.3\cucumber-java-7.2.3.jar;C:\Users\Rev\.m2\repository\com\typesafe\config\1.4.2\config-1.4.2.jar;C:\Users\Rev\.m2\repository\org\imgscalr\imgscalr-lib\4.2\imgscalr-lib-4.2.jar;C:\Users\Rev\.m2\repository\org\awaitility\awaitility\4.2.0\awaitility-4.2.0.jar;C:\Users\Rev\.m2\repository\org\freemarker\freemarker\2.3.31\freemarker-2.3.31.jar;C:\Users\Rev\.m2\repository\io\github\classgraph\classgraph\4.8.138\classgraph-4.8.138.jar;C:\Users\Rev\.m2\repository\net\sourceforge\jexcelapi\jxl\2.6.12\jxl-2.6.12.jar;C:\Users\Rev\.m2\repository\net\bytebuddy\byte-buddy\1.12.8\byte-buddy-1.12.8.jar;C:\Users\Rev\.m2\repository\net\bytebuddy\byte-buddy-agent\1.12.8\byte-buddy-agent-1.12.8.jar;C:\Users\Rev\.m2\repository\org\objenesis\objenesis\3.1\objenesis-3.1.jar;C:\Users\Rev\.m2\repository\net\serenity-bdd\serenity-reports\3.2.1\serenity-reports-3.2.1.jar;C:\Users\Rev\.m2\repository\net\serenity-bdd\serenity-stats\3.2.1\serenity-stats-3.2.1.jar;C:\Users\Rev\.m2\repository\net\serenity-bdd\serenity-reports-configuration\3.2.1\serenity-reports-configuration-3.2.1.jar;C:\Users\Rev\.m2\repository\com\vladsch\flexmark\flexmark-all\0.34.30\flexmark-all-0.34.30.jar;C:\Users\Rev\.m2\repository\com\vladsch\flexmark\flexmark\0.34.30\flexmark-0.34.30.jar;C:\Users\Rev\.m2\repository\com\vladsch\flexmark\flexmark-ext-abbreviation\0.34.30\flexmark-ext-abbreviation-0.34.30.jar;C:\Users\Rev\.m2\repository\com\vladsch\flexmark\flexmark-ext-admonition\0.34.30\flexmark-ext-admonition-0.34.30.jar;C:\Users\Rev\.m2\repository\com\vladsch\flexmark\flexmark-ext-anchorlink\0.34.30\flexmark-ext-anchorlink-0.34.30.jar;C:\Users\Rev\.m2\repository\com\vladsch\flexmark\flexmark-ext-aside\0.34.30\flexmark-ext-aside-0.34.30.jar;C:\Users\Rev\.m2\repository\com\vladsch\flexmark\flexmark-ext-attributes\0.34.30\flexmark-ext-attributes-0.34.30.jar;C:\Users\Rev\.m2\repository\com\vladsch\flexmark\flexmark-ext-autolink\0.34.30\flexmark-ext-autolink-0.34.30.jar;C:\Users\Rev\.m2\repository\org\nibor\autolink\autolink\0.6.0\autolink-0.6.0.jar;C:\Users\Rev\.m2\repository\com\vladsch\flexmark\flexmark-ext-definition\0.34.30\flexmark-ext-definition-0.34.30.jar;C:\Users\Rev\.m2\repository\com\vladsch\flexmark\flexmark-ext-emoji\0.34.30\flexmark-ext-emoji-0.34.30.jar;C:\Users\Rev\.m2\repository\com\vladsch\flexmark\flexmark-ext-enumerated-reference\0.34.30\flexmark-ext-enumerated-reference-0.34.30.jar;C:\Users\Rev\.m2\repository\com\vladsch\flexmark\flexmark-ext-escaped-character\0.34.30\flexmark-ext-escaped-character-0.34.30.jar;C:\Users\Rev\.m2\repository\com\vladsch\flexmark\flexmark-ext-footnotes\0.34.30\flexmark-ext-footnotes-0.34.30.jar;C:\Users\Rev\.m2\repository\com\vladsch\flexmark\flexmark-ext-gfm-issues\0.34.30\flexmark-ext-gfm-issues-0.34.30.jar;C:\Users\Rev\.m2\repository\com\vladsch\flexmark\flexmark-ext-gfm-strikethrough\0.34.30\flexmark-ext-gfm-strikethrough-0.34.30.jar;C:\Users\Rev\.m2\repository\com\vladsch\flexmark\flexmark-ext-gfm-tables\0.34.30\flexmark-ext-gfm-tables-0.34.30.jar;C:\Users\Rev\.m2\repository\com\vladsch\flexmark\flexmark-ext-gfm-tasklist\0.34.30\flexmark-ext-gfm-tasklist-0.34.30.jar;C:\Users\Rev\.m2\repository\com\vladsch\flexmark\flexmark-ext-gfm-users\0.34.30\flexmark-ext-gfm-users-0.34.30.jar;C:\Users\Rev\.m2\repository\com\vladsch\flexmark\flexmark-ext-gitlab\0.34.30\flexmark-ext-gitlab-0.34.30.jar;C:\Users\Rev\.m2\repository\com\vladsch\flexmark\flexmark-ext-jekyll-front-matter\0.34.30\flexmark-ext-jekyll-front-matter-0.34.30.jar;C:\Users\Rev\.m2\repository\com\vladsch\flexmark\flexmark-ext-jekyll-tag\0.34.30\flexmark-ext-jekyll-tag-0.34.30.jar;C:\Users\Rev\.m2\repository\com\vladsch\flexmark\flexmark-ext-media-tags\0.34.30\flexmark-ext-media-tags-0.34.30.jar;C:\Users\Rev\.m2\repository\com\vladsch\flexmark\flexmark-test-util\0.34.30\flexmark-test-util-0.34.30.jar;C:\Users\Rev\.m2\repository\com\vladsch\flexmark\flexmark-ext-ins\0.34.30\flexmark-ext-ins-0.34.30.jar;C:\Users\Rev\.m2\repository\com\vladsch\flexmark\flexmark-ext-xwiki-macros\0.34.30\flexmark-ext-xwiki-macros-0.34.30.jar;C:\Users\Rev\.m2\repository\com\vladsch\flexmark\flexmark-ext-superscript\0.34.30\flexmark-ext-superscript-0.34.30.jar;C:\Users\Rev\.m2\repository\com\vladsch\flexmark\flexmark-ext-tables\0.34.30\flexmark-ext-tables-0.34.30.jar;C:\Users\Rev\.m2\repository\com\vladsch\flexmark\flexmark-ext-toc\0.34.30\flexmark-ext-toc-0.34.30.jar;C:\Users\Rev\.m2\repository\com\vladsch\flexmark\flexmark-ext-typographic\0.34.30\flexmark-ext-typographic-0.34.30.jar;C:\Users\Rev\.m2\repository\com\vladsch\flexmark\flexmark-ext-wikilink\0.34.30\flexmark-ext-wikilink-0.34.30.jar;C:\Users\Rev\.m2\repository\com\vladsch\flexmark\flexmark-ext-yaml-front-matter\0.34.30\flexmark-ext-yaml-front-matter-0.34.30.jar;C:\Users\Rev\.m2\repository\com\vladsch\flexmark\flexmark-ext-youtube-embedded\0.34.30\flexmark-ext-youtube-embedded-0.34.30.jar;C:\Users\Rev\.m2\repository\com\vladsch\flexmark\flexmark-formatter\0.34.30\flexmark-formatter-0.34.30.jar;C:\Users\Rev\.m2\repository\com\vladsch\flexmark\flexmark-html-parser\0.34.30\flexmark-html-parser-0.34.30.jar;C:\Users\Rev\.m2\repository\com\vladsch\flexmark\flexmark-jira-converter\0.34.30\flexmark-jira-converter-0.34.30.jar;C:\Users\Rev\.m2\repository\com\vladsch\flexmark\flexmark-pdf-converter\0.34.30\flexmark-pdf-converter-0.34.30.jar;C:\Users\Rev\.m2\repository\com\openhtmltopdf\openhtmltopdf-core\0.0.1-RC13\openhtmltopdf-core-0.0.1-RC13.jar;C:\Users\Rev\.m2\repository\com\openhtmltopdf\openhtmltopdf-pdfbox\0.0.1-RC13\openhtmltopdf-pdfbox-0.0.1-RC13.jar;C:\Users\Rev\.m2\repository\org\apache\pdfbox\pdfbox\2.0.8\pdfbox-2.0.8.jar;C:\Users\Rev\.m2\repository\org\apache\pdfbox\fontbox\2.0.8\fontbox-2.0.8.jar;C:\Users\Rev\.m2\repository\commons-logging\commons-logging\1.2\commons-logging-1.2.jar;C:\Users\Rev\.m2\repository\org\apache\pdfbox\xmpbox\2.0.8\xmpbox-2.0.8.jar;C:\Users\Rev\.m2\repository\de\rototor\pdfbox\graphics2d\0.12\graphics2d-0.12.jar;C:\Users\Rev\.m2\repository\com\openhtmltopdf\openhtmltopdf-rtl-support\0.0.1-RC13\openhtmltopdf-rtl-support-0.0.1-RC13.jar;C:\Users\Rev\.m2\repository\com\ibm\icu\icu4j\59.1\icu4j-59.1.jar;C:\Users\Rev\.m2\repository\com\openhtmltopdf\openhtmltopdf-jsoup-dom-converter\0.0.1-RC13\openhtmltopdf-jsoup-dom-converter-0.0.1-RC13.jar;C:\Users\Rev\.m2\repository\com\vladsch\flexmark\flexmark-profile-pegdown\0.34.30\flexmark-profile-pegdown-0.34.30.jar;C:\Users\Rev\.m2\repository\com\vladsch\flexmark\flexmark-util\0.34.30\flexmark-util-0.34.30.jar;C:\Users\Rev\.m2\repository\com\vladsch\flexmark\flexmark-youtrack-converter\0.34.30\flexmark-youtrack-converter-0.34.30.jar;C:\Users\Rev\.m2\repository\es\nitaur\markdown\txtmark\0.16\txtmark-0.16.jar;C:\Users\Rev\.m2\repository\net\serenity-bdd\serenity-report-resources\3.2.1\serenity-report-resources-3.2.1.jar;C:\Users\Rev\.m2\repository\com\google\code\gson\gson\2.9.0\gson-2.9.0.jar;C:\Users\Rev\.m2\repository\com\fasterxml\jackson\core\jackson-core\2.13.2\jackson-core-2.13.2.jar;C:\Users\Rev\.m2\repository\com\fasterxml\jackson\core\jackson-databind\2.13.2\jackson-databind-2.13.2.jar;C:\Users\Rev\.m2\repository\com\fasterxml\jackson\core\jackson-annotations\2.13.2\jackson-annotations-2.13.2.jar;C:\Users\Rev\.m2\repository\commons-codec\commons-codec\1.15\commons-codec-1.15.jar;C:\Users\Rev\.m2\repository\commons-io\commons-io\2.11.0\commons-io-2.11.0.jar;C:\Users\Rev\.m2\repository\org\seleniumhq\selenium\selenium-java\4.1.2\selenium-java-4.1.2.jar;C:\Users\Rev\.m2\repository\org\seleniumhq\selenium\selenium-devtools-v85\4.1.2\selenium-devtools-v85-4.1.2.jar;C:\Users\Rev\.m2\repository\org\seleniumhq\selenium\selenium-devtools-v95\4.1.2\selenium-devtools-v95-4.1.2.jar;C:\Users\Rev\.m2\repository\org\seleniumhq\selenium\selenium-devtools-v96\4.1.2\selenium-devtools-v96-4.1.2.jar;C:\Users\Rev\.m2\repository\org\seleniumhq\selenium\selenium-devtools-v97\4.1.2\selenium-devtools-v97-4.1.2.jar;C:\Users\Rev\.m2\repository\org\seleniumhq\selenium\selenium-firefox-xpi-driver\4.1.2\selenium-firefox-xpi-driver-4.1.2.jar;C:\Users\Rev\.m2\repository\org\seleniumhq\selenium\selenium-opera-driver\4.1.2\selenium-opera-driver-4.1.2.jar;C:\Users\Rev\.m2\repository\org\seleniumhq\selenium\selenium-remote-driver\4.1.2\selenium-remote-driver-4.1.2.jar;C:\Users\Rev\.m2\repository\com\beust\jcommander\1.82\jcommander-1.82.jar;C:\Users\Rev\.m2\repository\io\netty\netty-buffer\4.1.73.Final\netty-buffer-4.1.73.Final.jar;C:\Users\Rev\.m2\repository\io\netty\netty-codec-http\4.1.73.Final\netty-codec-http-4.1.73.Final.jar;C:\Users\Rev\.m2\repository\io\netty\netty-codec\4.1.73.Final\netty-codec-4.1.73.Final.jar;C:\Users\Rev\.m2\repository\io\netty\netty-handler\4.1.73.Final\netty-handler-4.1.73.Final.jar;C:\Users\Rev\.m2\repository\io\netty\netty-tcnative-classes\2.0.46.Final\netty-tcnative-classes-2.0.46.Final.jar;C:\Users\Rev\.m2\repository\io\netty\netty-common\4.1.73.Final\netty-common-4.1.73.Final.jar;C:\Users\Rev\.m2\repository\io\netty\netty-transport-classes-epoll\4.1.73.Final\netty-transport-classes-epoll-4.1.73.Final.jar;C:\Users\Rev\.m2\repository\io\netty\netty-transport-classes-kqueue\4.1.73.Final\netty-transport-classes-kqueue-4.1.73.Final.jar;C:\Users\Rev\.m2\repository\io\netty\netty-transport-native-epoll\4.1.73.Final\netty-transport-native-epoll-4.1.73.Final.jar;C:\Users\Rev\.m2\repository\io\netty\netty-transport-native-kqueue\4.1.73.Final\netty-transport-native-kqueue-4.1.73.Final.jar;C:\Users\Rev\.m2\repository\io\netty\netty-transport-native-unix-common\4.1.73.Final\netty-transport-native-unix-common-4.1.73.Final.jar;C:\Users\Rev\.m2\repository\io\netty\netty-transport\4.1.73.Final\netty-transport-4.1.73.Final.jar;C:\Users\Rev\.m2\repository\io\netty\netty-resolver\4.1.73.Final\netty-resolver-4.1.73.Final.jar;C:\Users\Rev\.m2\repository\io\opentelemetry\opentelemetry-api\1.10.1\opentelemetry-api-1.10.1.jar;C:\Users\Rev\.m2\repository\io\opentelemetry\opentelemetry-context\1.10.1\opentelemetry-context-1.10.1.jar;C:\Users\Rev\.m2\repository\io\opentelemetry\opentelemetry-exporter-logging\1.10.1\opentelemetry-exporter-logging-1.10.1.jar;C:\Users\Rev\.m2\repository\io\opentelemetry\opentelemetry-sdk-metrics\1.10.1-alpha\opentelemetry-sdk-metrics-1.10.1-alpha.jar;C:\Users\Rev\.m2\repository\io\opentelemetry\opentelemetry-sdk-logs\1.10.1-alpha\opentelemetry-sdk-logs-1.10.1-alpha.jar;C:\Users\Rev\.m2\repository\io\opentelemetry\opentelemetry-sdk-common\1.10.1\opentelemetry-sdk-common-1.10.1.jar;C:\Users\Rev\.m2\repository\io\opentelemetry\opentelemetry-sdk-extension-autoconfigure-spi\1.10.1\opentelemetry-sdk-extension-autoconfigure-spi-1.10.1.jar;C:\Users\Rev\.m2\repository\io\opentelemetry\opentelemetry-sdk-extension-autoconfigure\1.10.1-alpha\opentelemetry-sdk-extension-autoconfigure-1.10.1-alpha.jar;C:\Users\Rev\.m2\repository\io\opentelemetry\opentelemetry-sdk-trace\1.10.1\opentelemetry-sdk-trace-1.10.1.jar;C:\Users\Rev\.m2\repository\io\opentelemetry\opentelemetry-sdk\1.10.1\opentelemetry-sdk-1.10.1.jar;C:\Users\Rev\.m2\repository\io\opentelemetry\opentelemetry-semconv\1.10.1-alpha\opentelemetry-semconv-1.10.1-alpha.jar;C:\Users\Rev\.m2\repository\io\ous\jtoml\2.0.0\jtoml-2.0.0.jar;C:\Users\Rev\.m2\repository\org\apache\commons\commons-exec\1.3\commons-exec-1.3.jar;C:\Users\Rev\.m2\repository\org\asynchttpclient\async-http-client\2.12.3\async-http-client-2.12.3.jar;C:\Users\Rev\.m2\repository\org\asynchttpclient\async-http-client-netty-utils\2.12.3\async-http-client-netty-utils-2.12.3.jar;C:\Users\Rev\.m2\repository\io\netty\netty-codec-socks\4.1.60.Final\netty-codec-socks-4.1.60.Final.jar;C:\Users\Rev\.m2\repository\io\netty\netty-handler-proxy\4.1.60.Final\netty-handler-proxy-4.1.60.Final.jar;C:\Users\Rev\.m2\repository\io\netty\netty-transport-native-epoll\4.1.60.Final\netty-transport-native-epoll-4.1.60.Final-linux-x86_64.jar;C:\Users\Rev\.m2\repository\io\netty\netty-transport-native-kqueue\4.1.60.Final\netty-transport-native-kqueue-4.1.60.Final-osx-x86_64.jar;C:\Users\Rev\.m2\repository\org\reactivestreams\reactive-streams\1.0.3\reactive-streams-1.0.3.jar;C:\Users\Rev\.m2\repository\com\typesafe\netty\netty-reactive-streams\2.0.4\netty-reactive-streams-2.0.4.jar;C:\Users\Rev\.m2\repository\org\seleniumhq\selenium\selenium-http\4.1.2\selenium-http-4.1.2.jar;C:\Users\Rev\.m2\repository\net\jodah\failsafe\2.4.4\failsafe-2.4.4.jar;C:\Users\Rev\.m2\repository\org\seleniumhq\selenium\selenium-safari-driver\4.1.2\selenium-safari-driver-4.1.2.jar;C:\Users\Rev\.m2\repository\org\seleniumhq\selenium\selenium-api\4.1.2\selenium-api-4.1.2.jar;C:\Users\Rev\.m2\repository\org\seleniumhq\selenium\selenium-support\4.1.2\selenium-support-4.1.2.jar;C:\Users\Rev\.m2\repository\com\google\auto\service\auto-service-annotations\1.0.1\auto-service-annotations-1.0.1.jar;C:\Users\Rev\.m2\repository\com\google\auto\service\auto-service\1.0.1\auto-service-1.0.1.jar;C:\Users\Rev\.m2\repository\com\google\auto\auto-common\1.2\auto-common-1.2.jar;C:\Users\Rev\.m2\repository\org\seleniumhq\selenium\selenium-json\4.1.2\selenium-json-4.1.2.jar;C:\Users\Rev\.m2\repository\org\seleniumhq\selenium\selenium-chrome-driver\4.1.2\selenium-chrome-driver-4.1.2.jar;C:\Users\Rev\.m2\repository\org\seleniumhq\selenium\selenium-chromium-driver\4.1.2\selenium-chromium-driver-4.1.2.jar;C:\Users\Rev\.m2\repository\org\seleniumhq\selenium\selenium-firefox-driver\4.1.2\selenium-firefox-driver-4.1.2.jar;C:\Users\Rev\.m2\repository\org\seleniumhq\selenium\selenium-edge-driver\4.1.2\selenium-edge-driver-4.1.2.jar;C:\Users\Rev\.m2\repository\org\seleniumhq\selenium\selenium-ie-driver\4.1.2\selenium-ie-driver-4.1.2.jar;C:\Users\Rev\.m2\repository\org\projectlombok\lombok\1.18.20\lombok-1.18.20.jar;C:\Users\Rev\.m2\repository\io\appium\java-client\8.0.0\java-client-8.0.0.jar;C:\Users\Rev\.m2\repository\commons-validator\commons-validator\1.7\commons-validator-1.7.jar;C:\Users\Rev\.m2\repository\commons-digester\commons-digester\2.1\commons-digester-2.1.jar;C:\Users\Rev\.m2\repository\org\aspectj\aspectjweaver\1.9.8\aspectjweaver-1.9.8.jar;C:\Users\Rev\.m2\repository\org\codehaus\groovy\groovy\3.0.10\groovy-3.0.10.jar;C:\Users\Rev\.m2\repository\net\sf\opencsv\opencsv\2.0\opencsv-2.0.jar;C:\Users\Rev\.m2\repository\commons-beanutils\commons-beanutils\1.9.4\commons-beanutils-1.9.4.jar;C:\Users\Rev\.m2\repository\org\apache\commons\commons-lang3\3.12.0\commons-lang3-3.12.0.jar;C:\Users\Rev\.m2\repository\commons-collections\commons-collections\3.2.2\commons-collections-3.2.2.jar;C:\Users\Rev\.m2\repository\org\fluentlenium\fluentlenium-core\0.10.2\fluentlenium-core-0.10.2.jar;C:\Users\Rev\.m2\repository\io\github\bonigarcia\webdrivermanager\5.1.0\webdrivermanager-5.1.0.jar;C:\Users\Rev\.m2\repository\com\github\docker-java\docker-java\3.2.13\docker-java-3.2.13.jar;C:\Users\Rev\.m2\repository\com\github\docker-java\docker-java-core\3.2.13\docker-java-core-3.2.13.jar;C:\Users\Rev\.m2\repository\com\github\docker-java\docker-java-api\3.2.13\docker-java-api-3.2.13.jar;C:\Users\Rev\.m2\repository\org\apache\commons\commons-compress\1.21\commons-compress-1.21.jar;C:\Users\Rev\.m2\repository\org\bouncycastle\bcpkix-jdk15on\1.64\bcpkix-jdk15on-1.64.jar;C:\Users\Rev\.m2\repository\org\bouncycastle\bcprov-jdk15on\1.64\bcprov-jdk15on-1.64.jar;C:\Users\Rev\.m2\repository\org\slf4j\jcl-over-slf4j\1.7.30\jcl-over-slf4j-1.7.30.jar;C:\Users\Rev\.m2\repository\com\github\docker-java\docker-java-transport-httpclient5\3.2.13\docker-java-transport-httpclient5-3.2.13.jar;C:\Users\Rev\.m2\repository\com\github\docker-java\docker-java-transport\3.2.13\docker-java-transport-3.2.13.jar;C:\Users\Rev\.m2\repository\org\apache\httpcomponents\client5\httpclient5\5.0.3\httpclient5-5.0.3.jar;C:\Users\Rev\.m2\repository\org\apache\httpcomponents\core5\httpcore5\5.0.2\httpcore5-5.0.2.jar;C:\Users\Rev\.m2\repository\net\java\dev\jna\jna\5.8.0\jna-5.8.0.jar;C:\Users\Rev\.m2\repository\org\brotli\dec\0.1.2\dec-0.1.2.jar;C:\Users\Rev\.m2\repository\com\jhlabs\filters\2.0.235\filters-2.0.235.jar;C:\Users\Rev\.m2\repository\com\paulhammant\ngwebdriver\1.1.6\ngwebdriver-1.1.6.jar;C:\Users\Rev\.m2\repository\joda-time\joda-time\2.8.2\joda-time-2.8.2.jar;C:\Users\Rev\.m2\repository\org\hamcrest\hamcrest\2.2\hamcrest-2.2.jar;C:\Users\Rev\.m2\repository\com\google\jimfs\jimfs\1.2\jimfs-1.2.jar;C:\Users\Rev\.m2\repository\org\mockito\mockito-core\3.3.3\mockito-core-3.3.3.jar;C:\Users\Rev\.m2\repository\javax\xml\bind\jaxb-api\2.3.1\jaxb-api-2.3.1.jar;C:\Users\Rev\.m2\repository\javax\activation\javax.activation-api\1.2.0\javax.activation-api-1.2.0.jar;C:\Users\Rev\.m2\repository\com\sun\xml\bind\jaxb-core\2.3.0.1\jaxb-core-2.3.0.1.jar;C:\Users\Rev\.m2\repository\com\sun\xml\bind\jaxb-impl\2.3.3\jaxb-impl-2.3.3.jar;C:\Users\Rev\.m2\repository\jakarta\xml\bind\jakarta.xml.bind-api\2.3.3\jakarta.xml.bind-api-2.3.3.jar;C:\Users\Rev\.m2\repository\com\sun\activation\jakarta.activation\1.2.2\jakarta.activation-1.2.2.jar;C:\Users\Rev\.m2\repository\javax\activation\activation\1.1.1\activation-1.1.1.jar;C:\Users\Rev\.m2\repository\net\serenity-bdd\serenity-cucumber\3.2.1\serenity-cucumber-3.2.1.jar;C:\Users\Rev\.m2\repository\io\cucumber\cucumber-core\7.2.3\cucumber-core-7.2.3.jar;C:\Users\Rev\.m2\repository\io\cucumber\cucumber-gherkin\7.2.3\cucumber-gherkin-7.2.3.jar;C:\Users\Rev\.m2\repository\io\cucumber\cucumber-gherkin-messages\7.2.3\cucumber-gherkin-messages-7.2.3.jar;C:\Users\Rev\.m2\repository\io\cucumber\messages\17.1.1\messages-17.1.1.jar;C:\Users\Rev\.m2\repository\io\cucumber\tag-expressions\4.1.0\tag-expressions-4.1.0.jar;C:\Users\Rev\.m2\repository\io\cucumber\cucumber-expressions\15.0.1\cucumber-expressions-15.0.1.jar;C:\Users\Rev\.m2\repository\io\cucumber\datatable\7.2.3\datatable-7.2.3.jar;C:\Users\Rev\.m2\repository\io\cucumber\cucumber-plugin\7.2.3\cucumber-plugin-7.2.3.jar;C:\Users\Rev\.m2\repository\io\cucumber\docstring\7.2.3\docstring-7.2.3.jar;C:\Users\Rev\.m2\repository\io\cucumber\html-formatter\17.0.0\html-formatter-17.0.0.jar;C:\Users\Rev\.m2\repository\io\cucumber\ci-environment\8.1.0\ci-environment-8.1.0.jar;C:\Users\Rev\.m2\repository\io\cucumber\cucumber-junit\7.2.3\cucumber-junit-7.2.3.jar;C:\Users\Rev\.m2\repository\org\apache\commons\commons-csv\1.5\commons-csv-1.5.jar;C:\Users\Rev\.m2\repository\net\serenity-bdd\serenity-screenplay\3.2.1\serenity-screenplay-3.2.1.jar;C:\Users\Rev\.m2\repository\net\serenity-bdd\serenity-screenplay-webdriver\3.2.1\serenity-screenplay-webdriver-3.2.1.jar;C:\Users\Rev\.m2\repository\net\serenity-bdd\serenity-ensure\3.2.1\serenity-ensure-3.2.1.jar;C:\Users\Rev\.m2\repository\net\serenity-bdd\serenity-junit\3.2.1\serenity-junit-3.2.1.jar;C:\Users\Rev\.m2\repository\org\jetbrains\kotlin\kotlin-stdlib\1.6.0\kotlin-stdlib-1.6.0.jar;C:\Users\Rev\.m2\repository\org\jetbrains\annotations\13.0\annotations-13.0.jar;C:\Users\Rev\.m2\repository\org\jetbrains\kotlin\kotlin-stdlib-common\1.6.0\kotlin-stdlib-common-1.6.0.jar;C:\Users\Rev\.m2\repository\org\junit\platform\junit-platform-launcher\1.8.1\junit-platform-launcher-1.8.1.jar;C:\Users\Rev\.m2\repository\org\junit\platform\junit-platform-engine\1.8.1\junit-platform-engine-1.8.1.jar;C:\Users\Rev\.m2\repository\org\opentest4j\opentest4j\1.2.0\opentest4j-1.2.0.jar;C:\Users\Rev\.m2\repository\org\junit\platform\junit-platform-commons\1.8.1\junit-platform-commons-1.8.1.jar;C:\Users\Rev\.m2\repository\org\apiguardian\apiguardian-api\1.1.2\apiguardian-api-1.1.2.jar;C:\Users\Rev\.m2\repository\org\junit\jupiter\junit-jupiter-engine\5.8.2\junit-jupiter-engine-5.8.2.jar;C:\Users\Rev\.m2\repository\org\junit\jupiter\junit-jupiter-api\5.8.2\junit-jupiter-api-5.8.2.jar;C:\Users\Rev\.m2\repository\org\junit\vintage\junit-vintage-engine\5.8.2\junit-vintage-engine-5.8.2.jar;C:\Users\Rev\.m2\repository\junit\junit\4.13.2\junit-4.13.2.jar;C:\Users\Rev\.m2\repository\org\hamcrest\hamcrest-core\1.3\hamcrest-core-1.3.jar;C:\Users\Rev\.m2\repository\ch\qos\logback\logback-classic\1.2.10\logback-classic-1.2.10.jar;C:\Users\Rev\.m2\repository\ch\qos\logback\logback-core\1.2.10\logback-core-1.2.10.jar;C:\Users\Rev\.m2\repository\org\slf4j\slf4j-api\1.7.32\slf4j-api-1.7.32.jar;C:\Users\Rev\.m2\repository\org\assertj\assertj-core\3.6.2\assertj-core-3.6.2.jar;"/>
    <property name="java.vm.vendor" value="Oracle Corporation"/>
    <property name="sun.arch.data.model" value="64"/>
    <property name="user.variant" value=""/>
    <property name="java.vendor.url" value="https://java.oracle.com/"/>
    <property name="user.timezone" value="Asia/Makassar"/>
    <property name="log4j2.formatMsgNoLookups" value="true"/>
    <property name="os.name" value="Windows 10"/>
    <property name="java.vm.specification.version" value="17"/>
    <property name="sun.java.launcher" value="SUN_STANDARD"/>
    <property name="user.country" value="GB"/>
    <property name="sun.boot.library.path" value="C:\Program Files\Java\jdk-17.0.2\bin"/>
    <property name="sun.java.command" value="org.apache.maven.surefire.booter.ForkedBooter C:\Users\Rev\AppData\Local\Temp\surefire4315097049027723932 2022-05-01T11-45-04_827-jvmRun1 surefire10238840030993579132tmp surefire_011850943030714155423tmp"/>
    <property name="jdk.debug" value="release"/>
    <property name="surefire.test.class.path" value="D:\alta folder\20_review web UI Testing with serenity\target\test-classes;C:\Users\Rev\.m2\repository\net\serenity-bdd\serenity-core\3.2.1\serenity-core-3.2.1.jar;C:\Users\Rev\.m2\repository\net\serenity-bdd\serenity-model\3.2.1\serenity-model-3.2.1.jar;C:\Users\Rev\.m2\repository\org\apache\commons\commons-text\1.9\commons-text-1.9.jar;C:\Users\Rev\.m2\repository\commons-net\commons-net\3.8.0\commons-net-3.8.0.jar;C:\Users\Rev\.m2\repository\com\google\guava\guava\31.1-jre\guava-31.1-jre.jar;C:\Users\Rev\.m2\repository\com\google\guava\failureaccess\1.0.1\failureaccess-1.0.1.jar;C:\Users\Rev\.m2\repository\com\google\guava\listenablefuture\9999.0-empty-to-avoid-conflict-with-guava\listenablefuture-9999.0-empty-to-avoid-conflict-with-guava.jar;C:\Users\Rev\.m2\repository\com\google\code\findbugs\jsr305\3.0.2\jsr305-3.0.2.jar;C:\Users\Rev\.m2\repository\org\checkerframework\checker-qual\3.12.0\checker-qual-3.12.0.jar;C:\Users\Rev\.m2\repository\com\google\errorprone\error_prone_annotations\2.11.0\error_prone_annotations-2.11.0.jar;C:\Users\Rev\.m2\repository\com\google\j2objc\j2objc-annotations\1.3\j2objc-annotations-1.3.jar;C:\Users\Rev\.m2\repository\com\google\inject\guice\5.1.0\guice-5.1.0.jar;C:\Users\Rev\.m2\repository\javax\inject\javax.inject\1\javax.inject-1.jar;C:\Users\Rev\.m2\repository\aopalliance\aopalliance\1.0\aopalliance-1.0.jar;C:\Users\Rev\.m2\repository\org\jsoup\jsoup\1.14.3\jsoup-1.14.3.jar;C:\Users\Rev\.m2\repository\com\thoughtworks\xstream\xstream\1.4.19\xstream-1.4.19.jar;C:\Users\Rev\.m2\repository\io\github\x-stream\mxparser\1.2.2\mxparser-1.2.2.jar;C:\Users\Rev\.m2\repository\xmlpull\xmlpull\1.1.3.1\xmlpull-1.1.3.1.jar;C:\Users\Rev\.m2\repository\io\cucumber\cucumber-java\7.2.3\cucumber-java-7.2.3.jar;C:\Users\Rev\.m2\repository\com\typesafe\config\1.4.2\config-1.4.2.jar;C:\Users\Rev\.m2\repository\org\imgscalr\imgscalr-lib\4.2\imgscalr-lib-4.2.jar;C:\Users\Rev\.m2\repository\org\awaitility\awaitility\4.2.0\awaitility-4.2.0.jar;C:\Users\Rev\.m2\repository\org\freemarker\freemarker\2.3.31\freemarker-2.3.31.jar;C:\Users\Rev\.m2\repository\io\github\classgraph\classgraph\4.8.138\classgraph-4.8.138.jar;C:\Users\Rev\.m2\repository\net\sourceforge\jexcelapi\jxl\2.6.12\jxl-2.6.12.jar;C:\Users\Rev\.m2\repository\net\bytebuddy\byte-buddy\1.12.8\byte-buddy-1.12.8.jar;C:\Users\Rev\.m2\repository\net\bytebuddy\byte-buddy-agent\1.12.8\byte-buddy-agent-1.12.8.jar;C:\Users\Rev\.m2\repository\org\objenesis\objenesis\3.1\objenesis-3.1.jar;C:\Users\Rev\.m2\repository\net\serenity-bdd\serenity-reports\3.2.1\serenity-reports-3.2.1.jar;C:\Users\Rev\.m2\repository\net\serenity-bdd\serenity-stats\3.2.1\serenity-stats-3.2.1.jar;C:\Users\Rev\.m2\repository\net\serenity-bdd\serenity-reports-configuration\3.2.1\serenity-reports-configuration-3.2.1.jar;C:\Users\Rev\.m2\repository\com\vladsch\flexmark\flexmark-all\0.34.30\flexmark-all-0.34.30.jar;C:\Users\Rev\.m2\repository\com\vladsch\flexmark\flexmark\0.34.30\flexmark-0.34.30.jar;C:\Users\Rev\.m2\repository\com\vladsch\flexmark\flexmark-ext-abbreviation\0.34.30\flexmark-ext-abbreviation-0.34.30.jar;C:\Users\Rev\.m2\repository\com\vladsch\flexmark\flexmark-ext-admonition\0.34.30\flexmark-ext-admonition-0.34.30.jar;C:\Users\Rev\.m2\repository\com\vladsch\flexmark\flexmark-ext-anchorlink\0.34.30\flexmark-ext-anchorlink-0.34.30.jar;C:\Users\Rev\.m2\repository\com\vladsch\flexmark\flexmark-ext-aside\0.34.30\flexmark-ext-aside-0.34.30.jar;C:\Users\Rev\.m2\repository\com\vladsch\flexmark\flexmark-ext-attributes\0.34.30\flexmark-ext-attributes-0.34.30.jar;C:\Users\Rev\.m2\repository\com\vladsch\flexmark\flexmark-ext-autolink\0.34.30\flexmark-ext-autolink-0.34.30.jar;C:\Users\Rev\.m2\repository\org\nibor\autolink\autolink\0.6.0\autolink-0.6.0.jar;C:\Users\Rev\.m2\repository\com\vladsch\flexmark\flexmark-ext-definition\0.34.30\flexmark-ext-definition-0.34.30.jar;C:\Users\Rev\.m2\repository\com\vladsch\flexmark\flexmark-ext-emoji\0.34.30\flexmark-ext-emoji-0.34.30.jar;C:\Users\Rev\.m2\repository\com\vladsch\flexmark\flexmark-ext-enumerated-reference\0.34.30\flexmark-ext-enumerated-reference-0.34.30.jar;C:\Users\Rev\.m2\repository\com\vladsch\flexmark\flexmark-ext-escaped-character\0.34.30\flexmark-ext-escaped-character-0.34.30.jar;C:\Users\Rev\.m2\repository\com\vladsch\flexmark\flexmark-ext-footnotes\0.34.30\flexmark-ext-footnotes-0.34.30.jar;C:\Users\Rev\.m2\repository\com\vladsch\flexmark\flexmark-ext-gfm-issues\0.34.30\flexmark-ext-gfm-issues-0.34.30.jar;C:\Users\Rev\.m2\repository\com\vladsch\flexmark\flexmark-ext-gfm-strikethrough\0.34.30\flexmark-ext-gfm-strikethrough-0.34.30.jar;C:\Users\Rev\.m2\repository\com\vladsch\flexmark\flexmark-ext-gfm-tables\0.34.30\flexmark-ext-gfm-tables-0.34.30.jar;C:\Users\Rev\.m2\repository\com\vladsch\flexmark\flexmark-ext-gfm-tasklist\0.34.30\flexmark-ext-gfm-tasklist-0.34.30.jar;C:\Users\Rev\.m2\repository\com\vladsch\flexmark\flexmark-ext-gfm-users\0.34.30\flexmark-ext-gfm-users-0.34.30.jar;C:\Users\Rev\.m2\repository\com\vladsch\flexmark\flexmark-ext-gitlab\0.34.30\flexmark-ext-gitlab-0.34.30.jar;C:\Users\Rev\.m2\repository\com\vladsch\flexmark\flexmark-ext-jekyll-front-matter\0.34.30\flexmark-ext-jekyll-front-matter-0.34.30.jar;C:\Users\Rev\.m2\repository\com\vladsch\flexmark\flexmark-ext-jekyll-tag\0.34.30\flexmark-ext-jekyll-tag-0.34.30.jar;C:\Users\Rev\.m2\repository\com\vladsch\flexmark\flexmark-ext-media-tags\0.34.30\flexmark-ext-media-tags-0.34.30.jar;C:\Users\Rev\.m2\repository\com\vladsch\flexmark\flexmark-test-util\0.34.30\flexmark-test-util-0.34.30.jar;C:\Users\Rev\.m2\repository\com\vladsch\flexmark\flexmark-ext-ins\0.34.30\flexmark-ext-ins-0.34.30.jar;C:\Users\Rev\.m2\repository\com\vladsch\flexmark\flexmark-ext-xwiki-macros\0.34.30\flexmark-ext-xwiki-macros-0.34.30.jar;C:\Users\Rev\.m2\repository\com\vladsch\flexmark\flexmark-ext-superscript\0.34.30\flexmark-ext-superscript-0.34.30.jar;C:\Users\Rev\.m2\repository\com\vladsch\flexmark\flexmark-ext-tables\0.34.30\flexmark-ext-tables-0.34.30.jar;C:\Users\Rev\.m2\repository\com\vladsch\flexmark\flexmark-ext-toc\0.34.30\flexmark-ext-toc-0.34.30.jar;C:\Users\Rev\.m2\repository\com\vladsch\flexmark\flexmark-ext-typographic\0.34.30\flexmark-ext-typographic-0.34.30.jar;C:\Users\Rev\.m2\repository\com\vladsch\flexmark\flexmark-ext-wikilink\0.34.30\flexmark-ext-wikilink-0.34.30.jar;C:\Users\Rev\.m2\repository\com\vladsch\flexmark\flexmark-ext-yaml-front-matter\0.34.30\flexmark-ext-yaml-front-matter-0.34.30.jar;C:\Users\Rev\.m2\repository\com\vladsch\flexmark\flexmark-ext-youtube-embedded\0.34.30\flexmark-ext-youtube-embedded-0.34.30.jar;C:\Users\Rev\.m2\repository\com\vladsch\flexmark\flexmark-formatter\0.34.30\flexmark-formatter-0.34.30.jar;C:\Users\Rev\.m2\repository\com\vladsch\flexmark\flexmark-html-parser\0.34.30\flexmark-html-parser-0.34.30.jar;C:\Users\Rev\.m2\repository\com\vladsch\flexmark\flexmark-jira-converter\0.34.30\flexmark-jira-converter-0.34.30.jar;C:\Users\Rev\.m2\repository\com\vladsch\flexmark\flexmark-pdf-converter\0.34.30\flexmark-pdf-converter-0.34.30.jar;C:\Users\Rev\.m2\repository\com\openhtmltopdf\openhtmltopdf-core\0.0.1-RC13\openhtmltopdf-core-0.0.1-RC13.jar;C:\Users\Rev\.m2\repository\com\openhtmltopdf\openhtmltopdf-pdfbox\0.0.1-RC13\openhtmltopdf-pdfbox-0.0.1-RC13.jar;C:\Users\Rev\.m2\repository\org\apache\pdfbox\pdfbox\2.0.8\pdfbox-2.0.8.jar;C:\Users\Rev\.m2\repository\org\apache\pdfbox\fontbox\2.0.8\fontbox-2.0.8.jar;C:\Users\Rev\.m2\repository\commons-logging\commons-logging\1.2\commons-logging-1.2.jar;C:\Users\Rev\.m2\repository\org\apache\pdfbox\xmpbox\2.0.8\xmpbox-2.0.8.jar;C:\Users\Rev\.m2\repository\de\rototor\pdfbox\graphics2d\0.12\graphics2d-0.12.jar;C:\Users\Rev\.m2\repository\com\openhtmltopdf\openhtmltopdf-rtl-support\0.0.1-RC13\openhtmltopdf-rtl-support-0.0.1-RC13.jar;C:\Users\Rev\.m2\repository\com\ibm\icu\icu4j\59.1\icu4j-59.1.jar;C:\Users\Rev\.m2\repository\com\openhtmltopdf\openhtmltopdf-jsoup-dom-converter\0.0.1-RC13\openhtmltopdf-jsoup-dom-converter-0.0.1-RC13.jar;C:\Users\Rev\.m2\repository\com\vladsch\flexmark\flexmark-profile-pegdown\0.34.30\flexmark-profile-pegdown-0.34.30.jar;C:\Users\Rev\.m2\repository\com\vladsch\flexmark\flexmark-util\0.34.30\flexmark-util-0.34.30.jar;C:\Users\Rev\.m2\repository\com\vladsch\flexmark\flexmark-youtrack-converter\0.34.30\flexmark-youtrack-converter-0.34.30.jar;C:\Users\Rev\.m2\repository\es\nitaur\markdown\txtmark\0.16\txtmark-0.16.jar;C:\Users\Rev\.m2\repository\net\serenity-bdd\serenity-report-resources\3.2.1\serenity-report-resources-3.2.1.jar;C:\Users\Rev\.m2\repository\com\google\code\gson\gson\2.9.0\gson-2.9.0.jar;C:\Users\Rev\.m2\repository\com\fasterxml\jackson\core\jackson-core\2.13.2\jackson-core-2.13.2.jar;C:\Users\Rev\.m2\repository\com\fasterxml\jackson\core\jackson-databind\2.13.2\jackson-databind-2.13.2.jar;C:\Users\Rev\.m2\repository\com\fasterxml\jackson\core\jackson-annotations\2.13.2\jackson-annotations-2.13.2.jar;C:\Users\Rev\.m2\repository\commons-codec\commons-codec\1.15\commons-codec-1.15.jar;C:\Users\Rev\.m2\repository\commons-io\commons-io\2.11.0\commons-io-2.11.0.jar;C:\Users\Rev\.m2\repository\org\seleniumhq\selenium\selenium-java\4.1.2\selenium-java-4.1.2.jar;C:\Users\Rev\.m2\repository\org\seleniumhq\selenium\selenium-devtools-v85\4.1.2\selenium-devtools-v85-4.1.2.jar;C:\Users\Rev\.m2\repository\org\seleniumhq\selenium\selenium-devtools-v95\4.1.2\selenium-devtools-v95-4.1.2.jar;C:\Users\Rev\.m2\repository\org\seleniumhq\selenium\selenium-devtools-v96\4.1.2\selenium-devtools-v96-4.1.2.jar;C:\Users\Rev\.m2\repository\org\seleniumhq\selenium\selenium-devtools-v97\4.1.2\selenium-devtools-v97-4.1.2.jar;C:\Users\Rev\.m2\repository\org\seleniumhq\selenium\selenium-firefox-xpi-driver\4.1.2\selenium-firefox-xpi-driver-4.1.2.jar;C:\Users\Rev\.m2\repository\org\seleniumhq\selenium\selenium-opera-driver\4.1.2\selenium-opera-driver-4.1.2.jar;C:\Users\Rev\.m2\repository\org\seleniumhq\selenium\selenium-remote-driver\4.1.2\selenium-remote-driver-4.1.2.jar;C:\Users\Rev\.m2\repository\com\beust\jcommander\1.82\jcommander-1.82.jar;C:\Users\Rev\.m2\repository\io\netty\netty-buffer\4.1.73.Final\netty-buffer-4.1.73.Final.jar;C:\Users\Rev\.m2\repository\io\netty\netty-codec-http\4.1.73.Final\netty-codec-http-4.1.73.Final.jar;C:\Users\Rev\.m2\repository\io\netty\netty-codec\4.1.73.Final\netty-codec-4.1.73.Final.jar;C:\Users\Rev\.m2\repository\io\netty\netty-handler\4.1.73.Final\netty-handler-4.1.73.Final.jar;C:\Users\Rev\.m2\repository\io\netty\netty-tcnative-classes\2.0.46.Final\netty-tcnative-classes-2.0.46.Final.jar;C:\Users\Rev\.m2\repository\io\netty\netty-common\4.1.73.Final\netty-common-4.1.73.Final.jar;C:\Users\Rev\.m2\repository\io\netty\netty-transport-classes-epoll\4.1.73.Final\netty-transport-classes-epoll-4.1.73.Final.jar;C:\Users\Rev\.m2\repository\io\netty\netty-transport-classes-kqueue\4.1.73.Final\netty-transport-classes-kqueue-4.1.73.Final.jar;C:\Users\Rev\.m2\repository\io\netty\netty-transport-native-epoll\4.1.73.Final\netty-transport-native-epoll-4.1.73.Final.jar;C:\Users\Rev\.m2\repository\io\netty\netty-transport-native-kqueue\4.1.73.Final\netty-transport-native-kqueue-4.1.73.Final.jar;C:\Users\Rev\.m2\repository\io\netty\netty-transport-native-unix-common\4.1.73.Final\netty-transport-native-unix-common-4.1.73.Final.jar;C:\Users\Rev\.m2\repository\io\netty\netty-transport\4.1.73.Final\netty-transport-4.1.73.Final.jar;C:\Users\Rev\.m2\repository\io\netty\netty-resolver\4.1.73.Final\netty-resolver-4.1.73.Final.jar;C:\Users\Rev\.m2\repository\io\opentelemetry\opentelemetry-api\1.10.1\opentelemetry-api-1.10.1.jar;C:\Users\Rev\.m2\repository\io\opentelemetry\opentelemetry-context\1.10.1\opentelemetry-context-1.10.1.jar;C:\Users\Rev\.m2\repository\io\opentelemetry\opentelemetry-exporter-logging\1.10.1\opentelemetry-exporter-logging-1.10.1.jar;C:\Users\Rev\.m2\repository\io\opentelemetry\opentelemetry-sdk-metrics\1.10.1-alpha\opentelemetry-sdk-metrics-1.10.1-alpha.jar;C:\Users\Rev\.m2\repository\io\opentelemetry\opentelemetry-sdk-logs\1.10.1-alpha\opentelemetry-sdk-logs-1.10.1-alpha.jar;C:\Users\Rev\.m2\repository\io\opentelemetry\opentelemetry-sdk-common\1.10.1\opentelemetry-sdk-common-1.10.1.jar;C:\Users\Rev\.m2\repository\io\opentelemetry\opentelemetry-sdk-extension-autoconfigure-spi\1.10.1\opentelemetry-sdk-extension-autoconfigure-spi-1.10.1.jar;C:\Users\Rev\.m2\repository\io\opentelemetry\opentelemetry-sdk-extension-autoconfigure\1.10.1-alpha\opentelemetry-sdk-extension-autoconfigure-1.10.1-alpha.jar;C:\Users\Rev\.m2\repository\io\opentelemetry\opentelemetry-sdk-trace\1.10.1\opentelemetry-sdk-trace-1.10.1.jar;C:\Users\Rev\.m2\repository\io\opentelemetry\opentelemetry-sdk\1.10.1\opentelemetry-sdk-1.10.1.jar;C:\Users\Rev\.m2\repository\io\opentelemetry\opentelemetry-semconv\1.10.1-alpha\opentelemetry-semconv-1.10.1-alpha.jar;C:\Users\Rev\.m2\repository\io\ous\jtoml\2.0.0\jtoml-2.0.0.jar;C:\Users\Rev\.m2\repository\org\apache\commons\commons-exec\1.3\commons-exec-1.3.jar;C:\Users\Rev\.m2\repository\org\asynchttpclient\async-http-client\2.12.3\async-http-client-2.12.3.jar;C:\Users\Rev\.m2\repository\org\asynchttpclient\async-http-client-netty-utils\2.12.3\async-http-client-netty-utils-2.12.3.jar;C:\Users\Rev\.m2\repository\io\netty\netty-codec-socks\4.1.60.Final\netty-codec-socks-4.1.60.Final.jar;C:\Users\Rev\.m2\repository\io\netty\netty-handler-proxy\4.1.60.Final\netty-handler-proxy-4.1.60.Final.jar;C:\Users\Rev\.m2\repository\io\netty\netty-transport-native-epoll\4.1.60.Final\netty-transport-native-epoll-4.1.60.Final-linux-x86_64.jar;C:\Users\Rev\.m2\repository\io\netty\netty-transport-native-kqueue\4.1.60.Final\netty-transport-native-kqueue-4.1.60.Final-osx-x86_64.jar;C:\Users\Rev\.m2\repository\org\reactivestreams\reactive-streams\1.0.3\reactive-streams-1.0.3.jar;C:\Users\Rev\.m2\repository\com\typesafe\netty\netty-reactive-streams\2.0.4\netty-reactive-streams-2.0.4.jar;C:\Users\Rev\.m2\repository\org\seleniumhq\selenium\selenium-http\4.1.2\selenium-http-4.1.2.jar;C:\Users\Rev\.m2\repository\net\jodah\failsafe\2.4.4\failsafe-2.4.4.jar;C:\Users\Rev\.m2\repository\org\seleniumhq\selenium\selenium-safari-driver\4.1.2\selenium-safari-driver-4.1.2.jar;C:\Users\Rev\.m2\repository\org\seleniumhq\selenium\selenium-api\4.1.2\selenium-api-4.1.2.jar;C:\Users\Rev\.m2\repository\org\seleniumhq\selenium\selenium-support\4.1.2\selenium-support-4.1.2.jar;C:\Users\Rev\.m2\repository\com\google\auto\service\auto-service-annotations\1.0.1\auto-service-annotations-1.0.1.jar;C:\Users\Rev\.m2\repository\com\google\auto\service\auto-service\1.0.1\auto-service-1.0.1.jar;C:\Users\Rev\.m2\repository\com\google\auto\auto-common\1.2\auto-common-1.2.jar;C:\Users\Rev\.m2\repository\org\seleniumhq\selenium\selenium-json\4.1.2\selenium-json-4.1.2.jar;C:\Users\Rev\.m2\repository\org\seleniumhq\selenium\selenium-chrome-driver\4.1.2\selenium-chrome-driver-4.1.2.jar;C:\Users\Rev\.m2\repository\org\seleniumhq\selenium\selenium-chromium-driver\4.1.2\selenium-chromium-driver-4.1.2.jar;C:\Users\Rev\.m2\repository\org\seleniumhq\selenium\selenium-firefox-driver\4.1.2\selenium-firefox-driver-4.1.2.jar;C:\Users\Rev\.m2\repository\org\seleniumhq\selenium\selenium-edge-driver\4.1.2\selenium-edge-driver-4.1.2.jar;C:\Users\Rev\.m2\repository\org\seleniumhq\selenium\selenium-ie-driver\4.1.2\selenium-ie-driver-4.1.2.jar;C:\Users\Rev\.m2\repository\org\projectlombok\lombok\1.18.20\lombok-1.18.20.jar;C:\Users\Rev\.m2\repository\io\appium\java-client\8.0.0\java-client-8.0.0.jar;C:\Users\Rev\.m2\repository\commons-validator\commons-validator\1.7\commons-validator-1.7.jar;C:\Users\Rev\.m2\repository\commons-digester\commons-digester\2.1\commons-digester-2.1.jar;C:\Users\Rev\.m2\repository\org\aspectj\aspectjweaver\1.9.8\aspectjweaver-1.9.8.jar;C:\Users\Rev\.m2\repository\org\codehaus\groovy\groovy\3.0.10\groovy-3.0.10.jar;C:\Users\Rev\.m2\repository\net\sf\opencsv\opencsv\2.0\opencsv-2.0.jar;C:\Users\Rev\.m2\repository\commons-beanutils\commons-beanutils\1.9.4\commons-beanutils-1.9.4.jar;C:\Users\Rev\.m2\repository\org\apache\commons\commons-lang3\3.12.0\commons-lang3-3.12.0.jar;C:\Users\Rev\.m2\repository\commons-collections\commons-collections\3.2.2\commons-collections-3.2.2.jar;C:\Users\Rev\.m2\repository\org\fluentlenium\fluentlenium-core\0.10.2\fluentlenium-core-0.10.2.jar;C:\Users\Rev\.m2\repository\io\github\bonigarcia\webdrivermanager\5.1.0\webdrivermanager-5.1.0.jar;C:\Users\Rev\.m2\repository\com\github\docker-java\docker-java\3.2.13\docker-java-3.2.13.jar;C:\Users\Rev\.m2\repository\com\github\docker-java\docker-java-core\3.2.13\docker-java-core-3.2.13.jar;C:\Users\Rev\.m2\repository\com\github\docker-java\docker-java-api\3.2.13\docker-java-api-3.2.13.jar;C:\Users\Rev\.m2\repository\org\apache\commons\commons-compress\1.21\commons-compress-1.21.jar;C:\Users\Rev\.m2\repository\org\bouncycastle\bcpkix-jdk15on\1.64\bcpkix-jdk15on-1.64.jar;C:\Users\Rev\.m2\repository\org\bouncycastle\bcprov-jdk15on\1.64\bcprov-jdk15on-1.64.jar;C:\Users\Rev\.m2\repository\org\slf4j\jcl-over-slf4j\1.7.30\jcl-over-slf4j-1.7.30.jar;C:\Users\Rev\.m2\repository\com\github\docker-java\docker-java-transport-httpclient5\3.2.13\docker-java-transport-httpclient5-3.2.13.jar;C:\Users\Rev\.m2\repository\com\github\docker-java\docker-java-transport\3.2.13\docker-java-transport-3.2.13.jar;C:\Users\Rev\.m2\repository\org\apache\httpcomponents\client5\httpclient5\5.0.3\httpclient5-5.0.3.jar;C:\Users\Rev\.m2\repository\org\apache\httpcomponents\core5\httpcore5\5.0.2\httpcore5-5.0.2.jar;C:\Users\Rev\.m2\repository\net\java\dev\jna\jna\5.8.0\jna-5.8.0.jar;C:\Users\Rev\.m2\repository\org\brotli\dec\0.1.2\dec-0.1.2.jar;C:\Users\Rev\.m2\repository\com\jhlabs\filters\2.0.235\filters-2.0.235.jar;C:\Users\Rev\.m2\repository\com\paulhammant\ngwebdriver\1.1.6\ngwebdriver-1.1.6.jar;C:\Users\Rev\.m2\repository\joda-time\joda-time\2.8.2\joda-time-2.8.2.jar;C:\Users\Rev\.m2\repository\org\hamcrest\hamcrest\2.2\hamcrest-2.2.jar;C:\Users\Rev\.m2\repository\com\google\jimfs\jimfs\1.2\jimfs-1.2.jar;C:\Users\Rev\.m2\repository\org\mockito\mockito-core\3.3.3\mockito-core-3.3.3.jar;C:\Users\Rev\.m2\repository\javax\xml\bind\jaxb-api\2.3.1\jaxb-api-2.3.1.jar;C:\Users\Rev\.m2\repository\javax\activation\javax.activation-api\1.2.0\javax.activation-api-1.2.0.jar;C:\Users\Rev\.m2\repository\com\sun\xml\bind\jaxb-core\2.3.0.1\jaxb-core-2.3.0.1.jar;C:\Users\Rev\.m2\repository\com\sun\xml\bind\jaxb-impl\2.3.3\jaxb-impl-2.3.3.jar;C:\Users\Rev\.m2\repository\jakarta\xml\bind\jakarta.xml.bind-api\2.3.3\jakarta.xml.bind-api-2.3.3.jar;C:\Users\Rev\.m2\repository\com\sun\activation\jakarta.activation\1.2.2\jakarta.activation-1.2.2.jar;C:\Users\Rev\.m2\repository\javax\activation\activation\1.1.1\activation-1.1.1.jar;C:\Users\Rev\.m2\repository\net\serenity-bdd\serenity-cucumber\3.2.1\serenity-cucumber-3.2.1.jar;C:\Users\Rev\.m2\repository\io\cucumber\cucumber-core\7.2.3\cucumber-core-7.2.3.jar;C:\Users\Rev\.m2\repository\io\cucumber\cucumber-gherkin\7.2.3\cucumber-gherkin-7.2.3.jar;C:\Users\Rev\.m2\repository\io\cucumber\cucumber-gherkin-messages\7.2.3\cucumber-gherkin-messages-7.2.3.jar;C:\Users\Rev\.m2\repository\io\cucumber\messages\17.1.1\messages-17.1.1.jar;C:\Users\Rev\.m2\repository\io\cucumber\tag-expressions\4.1.0\tag-expressions-4.1.0.jar;C:\Users\Rev\.m2\repository\io\cucumber\cucumber-expressions\15.0.1\cucumber-expressions-15.0.1.jar;C:\Users\Rev\.m2\repository\io\cucumber\datatable\7.2.3\datatable-7.2.3.jar;C:\Users\Rev\.m2\repository\io\cucumber\cucumber-plugin\7.2.3\cucumber-plugin-7.2.3.jar;C:\Users\Rev\.m2\repository\io\cucumber\docstring\7.2.3\docstring-7.2.3.jar;C:\Users\Rev\.m2\repository\io\cucumber\html-formatter\17.0.0\html-formatter-17.0.0.jar;C:\Users\Rev\.m2\repository\io\cucumber\ci-environment\8.1.0\ci-environment-8.1.0.jar;C:\Users\Rev\.m2\repository\io\cucumber\cucumber-junit\7.2.3\cucumber-junit-7.2.3.jar;C:\Users\Rev\.m2\repository\org\apache\commons\commons-csv\1.5\commons-csv-1.5.jar;C:\Users\Rev\.m2\repository\net\serenity-bdd\serenity-screenplay\3.2.1\serenity-screenplay-3.2.1.jar;C:\Users\Rev\.m2\repository\net\serenity-bdd\serenity-screenplay-webdriver\3.2.1\serenity-screenplay-webdriver-3.2.1.jar;C:\Users\Rev\.m2\repository\net\serenity-bdd\serenity-ensure\3.2.1\serenity-ensure-3.2.1.jar;C:\Users\Rev\.m2\repository\net\serenity-bdd\serenity-junit\3.2.1\serenity-junit-3.2.1.jar;C:\Users\Rev\.m2\repository\org\jetbrains\kotlin\kotlin-stdlib\1.6.0\kotlin-stdlib-1.6.0.jar;C:\Users\Rev\.m2\repository\org\jetbrains\annotations\13.0\annotations-13.0.jar;C:\Users\Rev\.m2\repository\org\jetbrains\kotlin\kotlin-stdlib-common\1.6.0\kotlin-stdlib-common-1.6.0.jar;C:\Users\Rev\.m2\repository\org\junit\platform\junit-platform-launcher\1.8.1\junit-platform-launcher-1.8.1.jar;C:\Users\Rev\.m2\repository\org\junit\platform\junit-platform-engine\1.8.1\junit-platform-engine-1.8.1.jar;C:\Users\Rev\.m2\repository\org\opentest4j\opentest4j\1.2.0\opentest4j-1.2.0.jar;C:\Users\Rev\.m2\repository\org\junit\platform\junit-platform-commons\1.8.1\junit-platform-commons-1.8.1.jar;C:\Users\Rev\.m2\repository\org\apiguardian\apiguardian-api\1.1.2\apiguardian-api-1.1.2.jar;C:\Users\Rev\.m2\repository\org\junit\jupiter\junit-jupiter-engine\5.8.2\junit-jupiter-engine-5.8.2.jar;C:\Users\Rev\.m2\repository\org\junit\jupiter\junit-jupiter-api\5.8.2\junit-jupiter-api-5.8.2.jar;C:\Users\Rev\.m2\repository\org\junit\vintage\junit-vintage-engine\5.8.2\junit-vintage-engine-5.8.2.jar;C:\Users\Rev\.m2\repository\junit\junit\4.13.2\junit-4.13.2.jar;C:\Users\Rev\.m2\repository\org\hamcrest\hamcrest-core\1.3\hamcrest-core-1.3.jar;C:\Users\Rev\.m2\repository\ch\qos\logback\logback-classic\1.2.10\logback-classic-1.2.10.jar;C:\Users\Rev\.m2\repository\ch\qos\logback\logback-core\1.2.10\logback-core-1.2.10.jar;C:\Users\Rev\.m2\repository\org\slf4j\slf4j-api\1.7.32\slf4j-api-1.7.32.jar;C:\Users\Rev\.m2\repository\org\assertj\assertj-core\3.6.2\assertj-core-3.6.2.jar;"/>
    <property name="sun.cpu.endian" value="little"/>
    <property name="user.home" value="C:\Users\Rev"/>
    <property name="user.language" value="en"/>
    <property name="java.specification.vendor" value="Oracle Corporation"/>
    <property name="jdk.module.path" value="D:\alta folder\20_review web UI Testing with serenity\target\example-1.0-SNAPSHOT.jar"/>
    <property name="java.version.date" value="2022-01-18"/>
    <property name="java.home" value="C:\Program Files\Java\jdk-17.0.2"/>
    <property name="file.separator" value="\"/>
    <property name="basedir" value="D:\alta folder\20_review web UI Testing with serenity"/>
    <property name="java.vm.compressedOopsMode" value="Zero based"/>
    <property name="line.separator" value="&#10;"/>
    <property name="java.vm.specification.vendor" value="Oracle Corporation"/>
    <property name="java.specification.name" value="Java Platform API Specification"/>
    <property name="surefire.real.class.path" value="C:\Users\Rev\.m2\repository\org\apache\maven\surefire\surefire-booter\3.0.0-M5\surefire-booter-3.0.0-M5.jar;C:\Users\Rev\.m2\repository\org\apache\maven\surefire\surefire-api\3.0.0-M5\surefire-api-3.0.0-M5.jar;C:\Users\Rev\.m2\repository\org\apache\maven\surefire\surefire-logger-api\3.0.0-M5\surefire-logger-api-3.0.0-M5.jar;C:\Users\Rev\.m2\repository\org\apache\maven\surefire\surefire-shared-utils\3.0.0-M4\surefire-shared-utils-3.0.0-M4.jar;C:\Users\Rev\.m2\repository\org\apache\maven\surefire\surefire-extensions-spi\3.0.0-M5\surefire-extensions-spi-3.0.0-M5.jar;D:\alta folder\20_review web UI Testing with serenity\target\test-classes;C:\Users\Rev\.m2\repository\net\serenity-bdd\serenity-core\3.2.1\serenity-core-3.2.1.jar;C:\Users\Rev\.m2\repository\net\serenity-bdd\serenity-model\3.2.1\serenity-model-3.2.1.jar;C:\Users\Rev\.m2\repository\org\apache\commons\commons-text\1.9\commons-text-1.9.jar;C:\Users\Rev\.m2\repository\commons-net\commons-net\3.8.0\commons-net-3.8.0.jar;C:\Users\Rev\.m2\repository\com\google\guava\guava\31.1-jre\guava-31.1-jre.jar;C:\Users\Rev\.m2\repository\com\google\guava\failureaccess\1.0.1\failureaccess-1.0.1.jar;C:\Users\Rev\.m2\repository\com\google\guava\listenablefuture\9999.0-empty-to-avoid-conflict-with-guava\listenablefuture-9999.0-empty-to-avoid-conflict-with-guava.jar;C:\Users\Rev\.m2\repository\com\google\code\findbugs\jsr305\3.0.2\jsr305-3.0.2.jar;C:\Users\Rev\.m2\repository\org\checkerframework\checker-qual\3.12.0\checker-qual-3.12.0.jar;C:\Users\Rev\.m2\repository\com\google\errorprone\error_prone_annotations\2.11.0\error_prone_annotations-2.11.0.jar;C:\Users\Rev\.m2\repository\com\google\j2objc\j2objc-annotations\1.3\j2objc-annotations-1.3.jar;C:\Users\Rev\.m2\repository\com\google\inject\guice\5.1.0\guice-5.1.0.jar;C:\Users\Rev\.m2\repository\javax\inject\javax.inject\1\javax.inject-1.jar;C:\Users\Rev\.m2\repository\aopalliance\aopalliance\1.0\aopalliance-1.0.jar;C:\Users\Rev\.m2\repository\org\jsoup\jsoup\1.14.3\jsoup-1.14.3.jar;C:\Users\Rev\.m2\repository\com\thoughtworks\xstream\xstream\1.4.19\xstream-1.4.19.jar;C:\Users\Rev\.m2\repository\io\github\x-stream\mxparser\1.2.2\mxparser-1.2.2.jar;C:\Users\Rev\.m2\repository\xmlpull\xmlpull\1.1.3.1\xmlpull-1.1.3.1.jar;C:\Users\Rev\.m2\repository\io\cucumber\cucumber-java\7.2.3\cucumber-java-7.2.3.jar;C:\Users\Rev\.m2\repository\com\typesafe\config\1.4.2\config-1.4.2.jar;C:\Users\Rev\.m2\repository\org\imgscalr\imgscalr-lib\4.2\imgscalr-lib-4.2.jar;C:\Users\Rev\.m2\repository\org\awaitility\awaitility\4.2.0\awaitility-4.2.0.jar;C:\Users\Rev\.m2\repository\org\freemarker\freemarker\2.3.31\freemarker-2.3.31.jar;C:\Users\Rev\.m2\repository\io\github\classgraph\classgraph\4.8.138\classgraph-4.8.138.jar;C:\Users\Rev\.m2\repository\net\sourceforge\jexcelapi\jxl\2.6.12\jxl-2.6.12.jar;C:\Users\Rev\.m2\repository\net\bytebuddy\byte-buddy\1.12.8\byte-buddy-1.12.8.jar;C:\Users\Rev\.m2\repository\net\bytebuddy\byte-buddy-agent\1.12.8\byte-buddy-agent-1.12.8.jar;C:\Users\Rev\.m2\repository\org\objenesis\objenesis\3.1\objenesis-3.1.jar;C:\Users\Rev\.m2\repository\net\serenity-bdd\serenity-reports\3.2.1\serenity-reports-3.2.1.jar;C:\Users\Rev\.m2\repository\net\serenity-bdd\serenity-stats\3.2.1\serenity-stats-3.2.1.jar;C:\Users\Rev\.m2\repository\net\serenity-bdd\serenity-reports-configuration\3.2.1\serenity-reports-configuration-3.2.1.jar;C:\Users\Rev\.m2\repository\com\vladsch\flexmark\flexmark-all\0.34.30\flexmark-all-0.34.30.jar;C:\Users\Rev\.m2\repository\com\vladsch\flexmark\flexmark\0.34.30\flexmark-0.34.30.jar;C:\Users\Rev\.m2\repository\com\vladsch\flexmark\flexmark-ext-abbreviation\0.34.30\flexmark-ext-abbreviation-0.34.30.jar;C:\Users\Rev\.m2\repository\com\vladsch\flexmark\flexmark-ext-admonition\0.34.30\flexmark-ext-admonition-0.34.30.jar;C:\Users\Rev\.m2\repository\com\vladsch\flexmark\flexmark-ext-anchorlink\0.34.30\flexmark-ext-anchorlink-0.34.30.jar;C:\Users\Rev\.m2\repository\com\vladsch\flexmark\flexmark-ext-aside\0.34.30\flexmark-ext-aside-0.34.30.jar;C:\Users\Rev\.m2\repository\com\vladsch\flexmark\flexmark-ext-attributes\0.34.30\flexmark-ext-attributes-0.34.30.jar;C:\Users\Rev\.m2\repository\com\vladsch\flexmark\flexmark-ext-autolink\0.34.30\flexmark-ext-autolink-0.34.30.jar;C:\Users\Rev\.m2\repository\org\nibor\autolink\autolink\0.6.0\autolink-0.6.0.jar;C:\Users\Rev\.m2\repository\com\vladsch\flexmark\flexmark-ext-definition\0.34.30\flexmark-ext-definition-0.34.30.jar;C:\Users\Rev\.m2\repository\com\vladsch\flexmark\flexmark-ext-emoji\0.34.30\flexmark-ext-emoji-0.34.30.jar;C:\Users\Rev\.m2\repository\com\vladsch\flexmark\flexmark-ext-enumerated-reference\0.34.30\flexmark-ext-enumerated-reference-0.34.30.jar;C:\Users\Rev\.m2\repository\com\vladsch\flexmark\flexmark-ext-escaped-character\0.34.30\flexmark-ext-escaped-character-0.34.30.jar;C:\Users\Rev\.m2\repository\com\vladsch\flexmark\flexmark-ext-footnotes\0.34.30\flexmark-ext-footnotes-0.34.30.jar;C:\Users\Rev\.m2\repository\com\vladsch\flexmark\flexmark-ext-gfm-issues\0.34.30\flexmark-ext-gfm-issues-0.34.30.jar;C:\Users\Rev\.m2\repository\com\vladsch\flexmark\flexmark-ext-gfm-strikethrough\0.34.30\flexmark-ext-gfm-strikethrough-0.34.30.jar;C:\Users\Rev\.m2\repository\com\vladsch\flexmark\flexmark-ext-gfm-tables\0.34.30\flexmark-ext-gfm-tables-0.34.30.jar;C:\Users\Rev\.m2\repository\com\vladsch\flexmark\flexmark-ext-gfm-tasklist\0.34.30\flexmark-ext-gfm-tasklist-0.34.30.jar;C:\Users\Rev\.m2\repository\com\vladsch\flexmark\flexmark-ext-gfm-users\0.34.30\flexmark-ext-gfm-users-0.34.30.jar;C:\Users\Rev\.m2\repository\com\vladsch\flexmark\flexmark-ext-gitlab\0.34.30\flexmark-ext-gitlab-0.34.30.jar;C:\Users\Rev\.m2\repository\com\vladsch\flexmark\flexmark-ext-jekyll-front-matter\0.34.30\flexmark-ext-jekyll-front-matter-0.34.30.jar;C:\Users\Rev\.m2\repository\com\vladsch\flexmark\flexmark-ext-jekyll-tag\0.34.30\flexmark-ext-jekyll-tag-0.34.30.jar;C:\Users\Rev\.m2\repository\com\vladsch\flexmark\flexmark-ext-media-tags\0.34.30\flexmark-ext-media-tags-0.34.30.jar;C:\Users\Rev\.m2\repository\com\vladsch\flexmark\flexmark-test-util\0.34.30\flexmark-test-util-0.34.30.jar;C:\Users\Rev\.m2\repository\com\vladsch\flexmark\flexmark-ext-ins\0.34.30\flexmark-ext-ins-0.34.30.jar;C:\Users\Rev\.m2\repository\com\vladsch\flexmark\flexmark-ext-xwiki-macros\0.34.30\flexmark-ext-xwiki-macros-0.34.30.jar;C:\Users\Rev\.m2\repository\com\vladsch\flexmark\flexmark-ext-superscript\0.34.30\flexmark-ext-superscript-0.34.30.jar;C:\Users\Rev\.m2\repository\com\vladsch\flexmark\flexmark-ext-tables\0.34.30\flexmark-ext-tables-0.34.30.jar;C:\Users\Rev\.m2\repository\com\vladsch\flexmark\flexmark-ext-toc\0.34.30\flexmark-ext-toc-0.34.30.jar;C:\Users\Rev\.m2\repository\com\vladsch\flexmark\flexmark-ext-typographic\0.34.30\flexmark-ext-typographic-0.34.30.jar;C:\Users\Rev\.m2\repository\com\vladsch\flexmark\flexmark-ext-wikilink\0.34.30\flexmark-ext-wikilink-0.34.30.jar;C:\Users\Rev\.m2\repository\com\vladsch\flexmark\flexmark-ext-yaml-front-matter\0.34.30\flexmark-ext-yaml-front-matter-0.34.30.jar;C:\Users\Rev\.m2\repository\com\vladsch\flexmark\flexmark-ext-youtube-embedded\0.34.30\flexmark-ext-youtube-embedded-0.34.30.jar;C:\Users\Rev\.m2\repository\com\vladsch\flexmark\flexmark-formatter\0.34.30\flexmark-formatter-0.34.30.jar;C:\Users\Rev\.m2\repository\com\vladsch\flexmark\flexmark-html-parser\0.34.30\flexmark-html-parser-0.34.30.jar;C:\Users\Rev\.m2\repository\com\vladsch\flexmark\flexmark-jira-converter\0.34.30\flexmark-jira-converter-0.34.30.jar;C:\Users\Rev\.m2\repository\com\vladsch\flexmark\flexmark-pdf-converter\0.34.30\flexmark-pdf-converter-0.34.30.jar;C:\Users\Rev\.m2\repository\com\openhtmltopdf\openhtmltopdf-core\0.0.1-RC13\openhtmltopdf-core-0.0.1-RC13.jar;C:\Users\Rev\.m2\repository\com\openhtmltopdf\openhtmltopdf-pdfbox\0.0.1-RC13\openhtmltopdf-pdfbox-0.0.1-RC13.jar;C:\Users\Rev\.m2\repository\org\apache\pdfbox\pdfbox\2.0.8\pdfbox-2.0.8.jar;C:\Users\Rev\.m2\repository\org\apache\pdfbox\fontbox\2.0.8\fontbox-2.0.8.jar;C:\Users\Rev\.m2\repository\commons-logging\commons-logging\1.2\commons-logging-1.2.jar;C:\Users\Rev\.m2\repository\org\apache\pdfbox\xmpbox\2.0.8\xmpbox-2.0.8.jar;C:\Users\Rev\.m2\repository\de\rototor\pdfbox\graphics2d\0.12\graphics2d-0.12.jar;C:\Users\Rev\.m2\repository\com\openhtmltopdf\openhtmltopdf-rtl-support\0.0.1-RC13\openhtmltopdf-rtl-support-0.0.1-RC13.jar;C:\Users\Rev\.m2\repository\com\ibm\icu\icu4j\59.1\icu4j-59.1.jar;C:\Users\Rev\.m2\repository\com\openhtmltopdf\openhtmltopdf-jsoup-dom-converter\0.0.1-RC13\openhtmltopdf-jsoup-dom-converter-0.0.1-RC13.jar;C:\Users\Rev\.m2\repository\com\vladsch\flexmark\flexmark-profile-pegdown\0.34.30\flexmark-profile-pegdown-0.34.30.jar;C:\Users\Rev\.m2\repository\com\vladsch\flexmark\flexmark-util\0.34.30\flexmark-util-0.34.30.jar;C:\Users\Rev\.m2\repository\com\vladsch\flexmark\flexmark-youtrack-converter\0.34.30\flexmark-youtrack-converter-0.34.30.jar;C:\Users\Rev\.m2\repository\es\nitaur\markdown\txtmark\0.16\txtmark-0.16.jar;C:\Users\Rev\.m2\repository\net\serenity-bdd\serenity-report-resources\3.2.1\serenity-report-resources-3.2.1.jar;C:\Users\Rev\.m2\repository\com\google\code\gson\gson\2.9.0\gson-2.9.0.jar;C:\Users\Rev\.m2\repository\com\fasterxml\jackson\core\jackson-core\2.13.2\jackson-core-2.13.2.jar;C:\Users\Rev\.m2\repository\com\fasterxml\jackson\core\jackson-databind\2.13.2\jackson-databind-2.13.2.jar;C:\Users\Rev\.m2\repository\com\fasterxml\jackson\core\jackson-annotations\2.13.2\jackson-annotations-2.13.2.jar;C:\Users\Rev\.m2\repository\commons-codec\commons-codec\1.15\commons-codec-1.15.jar;C:\Users\Rev\.m2\repository\commons-io\commons-io\2.11.0\commons-io-2.11.0.jar;C:\Users\Rev\.m2\repository\org\seleniumhq\selenium\selenium-java\4.1.2\selenium-java-4.1.2.jar;C:\Users\Rev\.m2\repository\org\seleniumhq\selenium\selenium-devtools-v85\4.1.2\selenium-devtools-v85-4.1.2.jar;C:\Users\Rev\.m2\repository\org\seleniumhq\selenium\selenium-devtools-v95\4.1.2\selenium-devtools-v95-4.1.2.jar;C:\Users\Rev\.m2\repository\org\seleniumhq\selenium\selenium-devtools-v96\4.1.2\selenium-devtools-v96-4.1.2.jar;C:\Users\Rev\.m2\repository\org\seleniumhq\selenium\selenium-devtools-v97\4.1.2\selenium-devtools-v97-4.1.2.jar;C:\Users\Rev\.m2\repository\org\seleniumhq\selenium\selenium-firefox-xpi-driver\4.1.2\selenium-firefox-xpi-driver-4.1.2.jar;C:\Users\Rev\.m2\repository\org\seleniumhq\selenium\selenium-opera-driver\4.1.2\selenium-opera-driver-4.1.2.jar;C:\Users\Rev\.m2\repository\org\seleniumhq\selenium\selenium-remote-driver\4.1.2\selenium-remote-driver-4.1.2.jar;C:\Users\Rev\.m2\repository\com\beust\jcommander\1.82\jcommander-1.82.jar;C:\Users\Rev\.m2\repository\io\netty\netty-buffer\4.1.73.Final\netty-buffer-4.1.73.Final.jar;C:\Users\Rev\.m2\repository\io\netty\netty-codec-http\4.1.73.Final\netty-codec-http-4.1.73.Final.jar;C:\Users\Rev\.m2\repository\io\netty\netty-codec\4.1.73.Final\netty-codec-4.1.73.Final.jar;C:\Users\Rev\.m2\repository\io\netty\netty-handler\4.1.73.Final\netty-handler-4.1.73.Final.jar;C:\Users\Rev\.m2\repository\io\netty\netty-tcnative-classes\2.0.46.Final\netty-tcnative-classes-2.0.46.Final.jar;C:\Users\Rev\.m2\repository\io\netty\netty-common\4.1.73.Final\netty-common-4.1.73.Final.jar;C:\Users\Rev\.m2\repository\io\netty\netty-transport-classes-epoll\4.1.73.Final\netty-transport-classes-epoll-4.1.73.Final.jar;C:\Users\Rev\.m2\repository\io\netty\netty-transport-classes-kqueue\4.1.73.Final\netty-transport-classes-kqueue-4.1.73.Final.jar;C:\Users\Rev\.m2\repository\io\netty\netty-transport-native-epoll\4.1.73.Final\netty-transport-native-epoll-4.1.73.Final.jar;C:\Users\Rev\.m2\repository\io\netty\netty-transport-native-kqueue\4.1.73.Final\netty-transport-native-kqueue-4.1.73.Final.jar;C:\Users\Rev\.m2\repository\io\netty\netty-transport-native-unix-common\4.1.73.Final\netty-transport-native-unix-common-4.1.73.Final.jar;C:\Users\Rev\.m2\repository\io\netty\netty-transport\4.1.73.Final\netty-transport-4.1.73.Final.jar;C:\Users\Rev\.m2\repository\io\netty\netty-resolver\4.1.73.Final\netty-resolver-4.1.73.Final.jar;C:\Users\Rev\.m2\repository\io\opentelemetry\opentelemetry-api\1.10.1\opentelemetry-api-1.10.1.jar;C:\Users\Rev\.m2\repository\io\opentelemetry\opentelemetry-context\1.10.1\opentelemetry-context-1.10.1.jar;C:\Users\Rev\.m2\repository\io\opentelemetry\opentelemetry-exporter-logging\1.10.1\opentelemetry-exporter-logging-1.10.1.jar;C:\Users\Rev\.m2\repository\io\opentelemetry\opentelemetry-sdk-metrics\1.10.1-alpha\opentelemetry-sdk-metrics-1.10.1-alpha.jar;C:\Users\Rev\.m2\repository\io\opentelemetry\opentelemetry-sdk-logs\1.10.1-alpha\opentelemetry-sdk-logs-1.10.1-alpha.jar;C:\Users\Rev\.m2\repository\io\opentelemetry\opentelemetry-sdk-common\1.10.1\opentelemetry-sdk-common-1.10.1.jar;C:\Users\Rev\.m2\repository\io\opentelemetry\opentelemetry-sdk-extension-autoconfigure-spi\1.10.1\opentelemetry-sdk-extension-autoconfigure-spi-1.10.1.jar;C:\Users\Rev\.m2\repository\io\opentelemetry\opentelemetry-sdk-extension-autoconfigure\1.10.1-alpha\opentelemetry-sdk-extension-autoconfigure-1.10.1-alpha.jar;C:\Users\Rev\.m2\repository\io\opentelemetry\opentelemetry-sdk-trace\1.10.1\opentelemetry-sdk-trace-1.10.1.jar;C:\Users\Rev\.m2\repository\io\opentelemetry\opentelemetry-sdk\1.10.1\opentelemetry-sdk-1.10.1.jar;C:\Users\Rev\.m2\repository\io\opentelemetry\opentelemetry-semconv\1.10.1-alpha\opentelemetry-semconv-1.10.1-alpha.jar;C:\Users\Rev\.m2\repository\io\ous\jtoml\2.0.0\jtoml-2.0.0.jar;C:\Users\Rev\.m2\repository\org\apache\commons\commons-exec\1.3\commons-exec-1.3.jar;C:\Users\Rev\.m2\repository\org\asynchttpclient\async-http-client\2.12.3\async-http-client-2.12.3.jar;C:\Users\Rev\.m2\repository\org\asynchttpclient\async-http-client-netty-utils\2.12.3\async-http-client-netty-utils-2.12.3.jar;C:\Users\Rev\.m2\repository\io\netty\netty-codec-socks\4.1.60.Final\netty-codec-socks-4.1.60.Final.jar;C:\Users\Rev\.m2\repository\io\netty\netty-handler-proxy\4.1.60.Final\netty-handler-proxy-4.1.60.Final.jar;C:\Users\Rev\.m2\repository\io\netty\netty-transport-native-epoll\4.1.60.Final\netty-transport-native-epoll-4.1.60.Final-linux-x86_64.jar;C:\Users\Rev\.m2\repository\io\netty\netty-transport-native-kqueue\4.1.60.Final\netty-transport-native-kqueue-4.1.60.Final-osx-x86_64.jar;C:\Users\Rev\.m2\repository\org\reactivestreams\reactive-streams\1.0.3\reactive-streams-1.0.3.jar;C:\Users\Rev\.m2\repository\com\typesafe\netty\netty-reactive-streams\2.0.4\netty-reactive-streams-2.0.4.jar;C:\Users\Rev\.m2\repository\org\seleniumhq\selenium\selenium-http\4.1.2\selenium-http-4.1.2.jar;C:\Users\Rev\.m2\repository\net\jodah\failsafe\2.4.4\failsafe-2.4.4.jar;C:\Users\Rev\.m2\repository\org\seleniumhq\selenium\selenium-safari-driver\4.1.2\selenium-safari-driver-4.1.2.jar;C:\Users\Rev\.m2\repository\org\seleniumhq\selenium\selenium-api\4.1.2\selenium-api-4.1.2.jar;C:\Users\Rev\.m2\repository\org\seleniumhq\selenium\selenium-support\4.1.2\selenium-support-4.1.2.jar;C:\Users\Rev\.m2\repository\com\google\auto\service\auto-service-annotations\1.0.1\auto-service-annotations-1.0.1.jar;C:\Users\Rev\.m2\repository\com\google\auto\service\auto-service\1.0.1\auto-service-1.0.1.jar;C:\Users\Rev\.m2\repository\com\google\auto\auto-common\1.2\auto-common-1.2.jar;C:\Users\Rev\.m2\repository\org\seleniumhq\selenium\selenium-json\4.1.2\selenium-json-4.1.2.jar;C:\Users\Rev\.m2\repository\org\seleniumhq\selenium\selenium-chrome-driver\4.1.2\selenium-chrome-driver-4.1.2.jar;C:\Users\Rev\.m2\repository\org\seleniumhq\selenium\selenium-chromium-driver\4.1.2\selenium-chromium-driver-4.1.2.jar;C:\Users\Rev\.m2\repository\org\seleniumhq\selenium\selenium-firefox-driver\4.1.2\selenium-firefox-driver-4.1.2.jar;C:\Users\Rev\.m2\repository\org\seleniumhq\selenium\selenium-edge-driver\4.1.2\selenium-edge-driver-4.1.2.jar;C:\Users\Rev\.m2\repository\org\seleniumhq\selenium\selenium-ie-driver\4.1.2\selenium-ie-driver-4.1.2.jar;C:\Users\Rev\.m2\repository\org\projectlombok\lombok\1.18.20\lombok-1.18.20.jar;C:\Users\Rev\.m2\repository\io\appium\java-client\8.0.0\java-client-8.0.0.jar;C:\Users\Rev\.m2\repository\commons-validator\commons-validator\1.7\commons-validator-1.7.jar;C:\Users\Rev\.m2\repository\commons-digester\commons-digester\2.1\commons-digester-2.1.jar;C:\Users\Rev\.m2\repository\org\aspectj\aspectjweaver\1.9.8\aspectjweaver-1.9.8.jar;C:\Users\Rev\.m2\repository\org\codehaus\groovy\groovy\3.0.10\groovy-3.0.10.jar;C:\Users\Rev\.m2\repository\net\sf\opencsv\opencsv\2.0\opencsv-2.0.jar;C:\Users\Rev\.m2\repository\commons-beanutils\commons-beanutils\1.9.4\commons-beanutils-1.9.4.jar;C:\Users\Rev\.m2\repository\org\apache\commons\commons-lang3\3.12.0\commons-lang3-3.12.0.jar;C:\Users\Rev\.m2\repository\commons-collections\commons-collections\3.2.2\commons-collections-3.2.2.jar;C:\Users\Rev\.m2\repository\org\fluentlenium\fluentlenium-core\0.10.2\fluentlenium-core-0.10.2.jar;C:\Users\Rev\.m2\repository\io\github\bonigarcia\webdrivermanager\5.1.0\webdrivermanager-5.1.0.jar;C:\Users\Rev\.m2\repository\com\github\docker-java\docker-java\3.2.13\docker-java-3.2.13.jar;C:\Users\Rev\.m2\repository\com\github\docker-java\docker-java-core\3.2.13\docker-java-core-3.2.13.jar;C:\Users\Rev\.m2\repository\com\github\docker-java\docker-java-api\3.2.13\docker-java-api-3.2.13.jar;C:\Users\Rev\.m2\repository\org\apache\commons\commons-compress\1.21\commons-compress-1.21.jar;C:\Users\Rev\.m2\repository\org\bouncycastle\bcpkix-jdk15on\1.64\bcpkix-jdk15on-1.64.jar;C:\Users\Rev\.m2\repository\org\bouncycastle\bcprov-jdk15on\1.64\bcprov-jdk15on-1.64.jar;C:\Users\Rev\.m2\repository\org\slf4j\jcl-over-slf4j\1.7.30\jcl-over-slf4j-1.7.30.jar;C:\Users\Rev\.m2\repository\com\github\docker-java\docker-java-transport-httpclient5\3.2.13\docker-java-transport-httpclient5-3.2.13.jar;C:\Users\Rev\.m2\repository\com\github\docker-java\docker-java-transport\3.2.13\docker-java-transport-3.2.13.jar;C:\Users\Rev\.m2\repository\org\apache\httpcomponents\client5\httpclient5\5.0.3\httpclient5-5.0.3.jar;C:\Users\Rev\.m2\repository\org\apache\httpcomponents\core5\httpcore5\5.0.2\httpcore5-5.0.2.jar;C:\Users\Rev\.m2\repository\net\java\dev\jna\jna\5.8.0\jna-5.8.0.jar;C:\Users\Rev\.m2\repository\org\brotli\dec\0.1.2\dec-0.1.2.jar;C:\Users\Rev\.m2\repository\com\jhlabs\filters\2.0.235\filters-2.0.235.jar;C:\Users\Rev\.m2\repository\com\paulhammant\ngwebdriver\1.1.6\ngwebdriver-1.1.6.jar;C:\Users\Rev\.m2\repository\joda-time\joda-time\2.8.2\joda-time-2.8.2.jar;C:\Users\Rev\.m2\repository\org\hamcrest\hamcrest\2.2\hamcrest-2.2.jar;C:\Users\Rev\.m2\repository\com\google\jimfs\jimfs\1.2\jimfs-1.2.jar;C:\Users\Rev\.m2\repository\org\mockito\mockito-core\3.3.3\mockito-core-3.3.3.jar;C:\Users\Rev\.m2\repository\javax\xml\bind\jaxb-api\2.3.1\jaxb-api-2.3.1.jar;C:\Users\Rev\.m2\repository\javax\activation\javax.activation-api\1.2.0\javax.activation-api-1.2.0.jar;C:\Users\Rev\.m2\repository\com\sun\xml\bind\jaxb-core\2.3.0.1\jaxb-core-2.3.0.1.jar;C:\Users\Rev\.m2\repository\com\sun\xml\bind\jaxb-impl\2.3.3\jaxb-impl-2.3.3.jar;C:\Users\Rev\.m2\repository\jakarta\xml\bind\jakarta.xml.bind-api\2.3.3\jakarta.xml.bind-api-2.3.3.jar;C:\Users\Rev\.m2\repository\com\sun\activation\jakarta.activation\1.2.2\jakarta.activation-1.2.2.jar;C:\Users\Rev\.m2\repository\javax\activation\activation\1.1.1\activation-1.1.1.jar;C:\Users\Rev\.m2\repository\net\serenity-bdd\serenity-cucumber\3.2.1\serenity-cucumber-3.2.1.jar;C:\Users\Rev\.m2\repository\io\cucumber\cucumber-core\7.2.3\cucumber-core-7.2.3.jar;C:\Users\Rev\.m2\repository\io\cucumber\cucumber-gherkin\7.2.3\cucumber-gherkin-7.2.3.jar;C:\Users\Rev\.m2\repository\io\cucumber\cucumber-gherkin-messages\7.2.3\cucumber-gherkin-messages-7.2.3.jar;C:\Users\Rev\.m2\repository\io\cucumber\messages\17.1.1\messages-17.1.1.jar;C:\Users\Rev\.m2\repository\io\cucumber\tag-expressions\4.1.0\tag-expressions-4.1.0.jar;C:\Users\Rev\.m2\repository\io\cucumber\cucumber-expressions\15.0.1\cucumber-expressions-15.0.1.jar;C:\Users\Rev\.m2\repository\io\cucumber\datatable\7.2.3\datatable-7.2.3.jar;C:\Users\Rev\.m2\repository\io\cucumber\cucumber-plugin\7.2.3\cucumber-plugin-7.2.3.jar;C:\Users\Rev\.m2\repository\io\cucumber\docstring\7.2.3\docstring-7.2.3.jar;C:\Users\Rev\.m2\repository\io\cucumber\html-formatter\17.0.0\html-formatter-17.0.0.jar;C:\Users\Rev\.m2\repository\io\cucumber\ci-environment\8.1.0\ci-environment-8.1.0.jar;C:\Users\Rev\.m2\repository\io\cucumber\cucumber-junit\7.2.3\cucumber-junit-7.2.3.jar;C:\Users\Rev\.m2\repository\org\apache\commons\commons-csv\1.5\commons-csv-1.5.jar;C:\Users\Rev\.m2\repository\net\serenity-bdd\serenity-screenplay\3.2.1\serenity-screenplay-3.2.1.jar;C:\Users\Rev\.m2\repository\net\serenity-bdd\serenity-screenplay-webdriver\3.2.1\serenity-screenplay-webdriver-3.2.1.jar;C:\Users\Rev\.m2\repository\net\serenity-bdd\serenity-ensure\3.2.1\serenity-ensure-3.2.1.jar;C:\Users\Rev\.m2\repository\net\serenity-bdd\serenity-junit\3.2.1\serenity-junit-3.2.1.jar;C:\Users\Rev\.m2\repository\org\jetbrains\kotlin\kotlin-stdlib\1.6.0\kotlin-stdlib-1.6.0.jar;C:\Users\Rev\.m2\repository\org\jetbrains\annotations\13.0\annotations-13.0.jar;C:\Users\Rev\.m2\repository\org\jetbrains\kotlin\kotlin-stdlib-common\1.6.0\kotlin-stdlib-common-1.6.0.jar;C:\Users\Rev\.m2\repository\org\junit\platform\junit-platform-launcher\1.8.1\junit-platform-launcher-1.8.1.jar;C:\Users\Rev\.m2\repository\org\junit\platform\junit-platform-engine\1.8.1\junit-platform-engine-1.8.1.jar;C:\Users\Rev\.m2\repository\org\opentest4j\opentest4j\1.2.0\opentest4j-1.2.0.jar;C:\Users\Rev\.m2\repository\org\junit\platform\junit-platform-commons\1.8.1\junit-platform-commons-1.8.1.jar;C:\Users\Rev\.m2\repository\org\apiguardian\apiguardian-api\1.1.2\apiguardian-api-1.1.2.jar;C:\Users\Rev\.m2\repository\org\junit\jupiter\junit-jupiter-engine\5.8.2\junit-jupiter-engine-5.8.2.jar;C:\Users\Rev\.m2\repository\org\junit\jupiter\junit-jupiter-api\5.8.2\junit-jupiter-api-5.8.2.jar;C:\Users\Rev\.m2\repository\org\junit\vintage\junit-vintage-engine\5.8.2\junit-vintage-engine-5.8.2.jar;C:\Users\Rev\.m2\repository\junit\junit\4.13.2\junit-4.13.2.jar;C:\Users\Rev\.m2\repository\org\hamcrest\hamcrest-core\1.3\hamcrest-core-1.3.jar;C:\Users\Rev\.m2\repository\ch\qos\logback\logback-classic\1.2.10\logback-classic-1.2.10.jar;C:\Users\Rev\.m2\repository\ch\qos\logback\logback-core\1.2.10\logback-core-1.2.10.jar;C:\Users\Rev\.m2\repository\org\slf4j\slf4j-api\1.7.32\slf4j-api-1.7.32.jar;C:\Users\Rev\.m2\repository\org\assertj\assertj-core\3.6.2\assertj-core-3.6.2.jar;C:\Users\Rev\.m2\repository\org\apache\maven\surefire\surefire-junit-platform\3.0.0-M5\surefire-junit-platform-3.0.0-M5.jar;C:\Users\Rev\.m2\repository\org\apache\maven\surefire\common-java5\3.0.0-M5\common-java5-3.0.0-M5.jar"/>
    <property name="user.script" value=""/>
    <property name="java.protocol.handler.pkgs" value="com.google.common"/>
    <property name="sun.management.compiler" value="HotSpot 64-Bit Tiered Compilers"/>
    <property name="java.runtime.version" value="17.0.2+8-LTS-86"/>
    <property name="user.name" value="Rev"/>
    <property name="path.separator" value=";"/>
    <property name="os.version" value="10.0"/>
    <property name="java.runtime.name" value="Java(TM) SE Runtime Environment"/>
    <property name="file.encoding" value="Cp1252"/>
    <property name="webdriver.base.url" value=""/>
    <property name="java.vm.name" value="Java HotSpot(TM) 64-Bit Server VM"/>
    <property name="localRepository" value="C:\Users\Rev\.m2\repository"/>
    <property name="java.vendor.url.bug" value="https://bugreport.java.com/bugreport/"/>
    <property name="java.io.tmpdir" value="C:\Users\Rev\AppData\Local\Temp\"/>
    <property name="java.version" value="17.0.2"/>
    <property name="user.dir" value="D:\alta folder\20_review web UI Testing with serenity"/>
    <property name="os.arch" value="amd64"/>
    <property name="java.vm.specification.name" value="Java Virtual Machine Specification"/>
    <property name="sun.os.patch.level" value=""/>
    <property name="native.encoding" value="Cp1252"/>
    <property name="java.library.path" value="C:\Program Files\Java\jdk-17.0.2\bin;C:\Windows\Sun\Java\bin;C:\Windows\system32;C:\Windows;C:\Program Files\Common Files\Oracle\Java\javapath;C:\Windows\system32;C:\Windows;C:\Windows\System32\Wbem;C:\Windows\System32\WindowsPowerShell\v1.0\;C:\Windows\System32\OpenSSH\;C:\Program Files (x86)\dotnet\;C:\Program Files\NVIDIA Corporation\NVIDIA NvDLISR;C:\Program Files\MATLAB\R2017a\runtime\win64;C:\Program Files\MATLAB\R2017a\bin;C:\Program Files (x86)\NVIDIA Corporation\PhysX\Common;C:\Program Files\Git\cmd;C:\Program Files\apache-maven-3.8.5\bin;C:\Program Files\nodejs\;C:\Users\Rev\AppData\Local\Android\Sdk\platform-tools;C:\Users\Rev\AppData\Local\Microsoft\WindowsApps;;C:\IntelliJ IDEA Community Edition 2021.3.2\bin;;C:\Users\Rev\AppData\Roaming\npm;."/>
    <property name="java.vm.info" value="mixed mode"/>
    <property name="java.vendor" value="Oracle Corporation"/>
    <property name="java.vm.version" value="17.0.2+8-LTS-86"/>
    <property name="sun.io.unicode.encoding" value="UnicodeLittle"/>
    <property name="java.class.version" value="61.0"/>
  </properties>
  <testcase name="As a user, i able to login successfully" classname="As a user, I want to see home page, So that i can buy books" time="15.212">
    <system-out><![CDATA[11:45:08.675 [main] INFO io.cucumber.core.plugin.SerenityReporter - Running feature from file:///D:/alta%20folder/20_review%20web%20UI%20Testing%20with%20serenity/src/test/resources/features/Login.feature
11:45:08.889 [main] INFO  - 

-------------------------------------------------------------------------------------
     _______. _______ .______       _______ .__   __.  __  .___________.____    ____ 
    /       ||   ____||   _  \     |   ____||  \ |  | |  | |           |\   \  /   / 
   |   (----`|  |__   |  |_)  |    |  |__   |   \|  | |  | `---|  |----` \   \/   /  
    \   \    |   __|  |      /     |   __|  |  . `  | |  |     |  |       \_    _/   
.----)   |   |  |____ |  |\  \----.|  |____ |  |\   | |  |     |  |         |  |     
|_______/    |_______|| _| `._____||_______||__| \__| |__|     |__|         |__|    
                                                                                     
 News and tutorials at http://www.serenity-bdd.info                                  
 Documentation at https://wakaleo.gitbooks.io/the-serenity-book/content/             
 Join the Serenity Community on Gitter: https://gitter.im/serenity-bdd/serenity-core 
 Serenity BDD Support and Training at http://serenity-bdd.info/#/trainingandsupport  
-------------------------------------------------------------------------------------

11:45:08.891 [main] DEBUG net.thucydides.core.steps.StepEventBus - Test suite started for story net.thucydides.core.model.Story@1b3af7fc
11:45:08.894 [main] INFO  - Test Suite Started: As a user, I want to see home page, So that i can buy books
11:45:08.914 [main] INFO io.cucumber.core.plugin.SerenityReporter - Running feature from file:///D:/alta%20folder/20_review%20web%20UI%20Testing%20with%20serenity/src/test/resources/features/Order.feature
11:45:08.918 [main] DEBUG net.thucydides.core.steps.StepEventBus - Test suite started for story net.thucydides.core.model.Story@56dfd864
11:45:08.921 [main] INFO  - Test Suite Started: As user I want to order “pepaya”
11:45:08.922 [main] INFO io.cucumber.core.plugin.SerenityReporter - Running feature from file:///D:/alta%20folder/20_review%20web%20UI%20Testing%20with%20serenity/src/test/resources/features/Register.feature
11:45:08.926 [main] DEBUG net.thucydides.core.steps.StepEventBus - Test suite started for story net.thucydides.core.model.Story@506a188d
11:45:08.926 [main] INFO  - Test Suite Started: As a user i want to register for my account so that i can go shop
11:45:08.927 [main] INFO io.cucumber.core.plugin.SerenityReporter - Running feature from file:///D:/alta%20folder/20_review%20web%20UI%20Testing%20with%20serenity/src/test/resources/features/Login.feature
11:45:08.930 [main] DEBUG net.thucydides.core.steps.StepEventBus - Test suite started for story net.thucydides.core.model.Story@1b3af7fc
11:45:08.930 [main] INFO  - Test Suite Started: As a user, I want to see home page, So that i can buy books

Scenario: As a user, i able to login successfully &amp#27;[90m# src/test/resources/features/Login.feature:4&amp#27;[0m
11:45:09.029 [main] INFO io.cucumber.core.plugin.SerenityReporter - Running feature from file:///D:/alta%20folder/20_review%20web%20UI%20Testing%20with%20serenity/src/test/resources/features/Login.feature
11:45:09.153 [main] INFO  - 
  _____   ___   ___   _____     ___   _____     _     ___   _____   ___   ___  
 |_   _| | __| / __| |_   _|   / __| |_   _|   /_\   | _ \ |_   _| | __| |   \ 
   | |   | _|  \__ \   | |     \__ \   | |    / _ \  |   /   | |   | _|  | |) |
   |_|   |___| |___/   |_|     |___/   |_|   /_/ \_\ |_|_\   |_|   |___| |___/ 

As a user, i able to login successfully(as-a-user--i-want-to-see-home-page--so-that-i-can-buy-books;as-a-user--i-able-to-login-successfully)
--------------------------------------------------------------------------------
11:45:09.943 [main] DEBUG net.thucydides.core.steps.StepInterceptor - STARTING STEP: LoginSteps.ontheLoginPage - openPage
11:45:09.989 [main] INFO net.serenitybdd.core.webdriver.driverproviders.ChromeDriverProvider - Using automatically driver download
11:45:10.758 [main] DEBUG io.github.bonigarcia.wdm.cache.ResolutionCache - Removing resolution chrome=101 from cache (expired on Sun May 01 04:12:17 WITA 2022)
11:45:10.783 [main] DEBUG org.apache.hc.client5.http.impl.classic.InternalHttpClient - ex-00000001: preparing request execution
11:45:10.788 [main] DEBUG org.apache.hc.client5.http.protocol.RequestAddCookies - Cookie spec selected: strict
11:45:10.794 [main] DEBUG org.apache.hc.client5.http.protocol.RequestAuthCache - Auth cache not set in the context
11:45:10.794 [main] DEBUG org.apache.hc.client5.http.impl.classic.ProtocolExec - ex-00000001: target auth state: UNCHALLENGED
11:45:10.795 [main] DEBUG org.apache.hc.client5.http.impl.classic.ProtocolExec - ex-00000001: proxy auth state: UNCHALLENGED
11:45:10.795 [main] DEBUG org.apache.hc.client5.http.impl.classic.ConnectExec - ex-00000001: acquiring connection with route {s}->https://raw.githubusercontent.com:443
11:45:10.795 [main] DEBUG org.apache.hc.client5.http.impl.classic.InternalHttpClient - ex-00000001: acquiring endpoint (3 MINUTES)
11:45:10.796 [main] DEBUG org.apache.hc.client5.http.impl.io.PoolingHttpClientConnectionManager - ex-00000001: endpoint lease request (3 MINUTES) [route: {s}->https://raw.githubusercontent.com:443][total available: 0; route allocated: 0 of 5; total allocated: 0 of 25]
11:45:10.801 [main] DEBUG org.apache.hc.client5.http.impl.io.PoolingHttpClientConnectionManager - ex-00000001: endpoint leased [route: {s}->https://raw.githubusercontent.com:443][total available: 0; route allocated: 1 of 5; total allocated: 1 of 25]
11:45:10.812 [main] DEBUG org.apache.hc.client5.http.impl.io.PoolingHttpClientConnectionManager - ex-00000001: acquired ep-00000000
11:45:10.812 [main] DEBUG org.apache.hc.client5.http.impl.classic.InternalHttpClient - ex-00000001: acquired endpoint ep-00000000
11:45:10.812 [main] DEBUG org.apache.hc.client5.http.impl.classic.ConnectExec - ex-00000001: opening connection {s}->https://raw.githubusercontent.com:443
11:45:10.813 [main] DEBUG org.apache.hc.client5.http.impl.classic.InternalHttpClient - ep-00000000: connecting endpoint (30 SECONDS)
11:45:10.813 [main] DEBUG org.apache.hc.client5.http.impl.io.PoolingHttpClientConnectionManager - ep-00000000: connecting endpoint to https://raw.githubusercontent.com:443 (30 SECONDS)
11:45:10.844 [main] DEBUG org.apache.hc.client5.http.impl.io.DefaultHttpClientConnectionOperator - http-outgoing-0: connecting to raw.githubusercontent.com/185.199.108.133:443
11:45:10.844 [main] DEBUG org.apache.hc.client5.http.ssl.SSLConnectionSocketFactory - Connecting socket to raw.githubusercontent.com/185.199.108.133:443 with timeout 30 SECONDS
11:45:10.923 [main] DEBUG org.apache.hc.client5.http.ssl.SSLConnectionSocketFactory - Enabled protocols: [TLSv1.3, TLSv1.2]
11:45:10.923 [main] DEBUG org.apache.hc.client5.http.ssl.SSLConnectionSocketFactory - Enabled cipher suites: [TLS_AES_256_GCM_SHA384, TLS_AES_128_GCM_SHA256, TLS_CHACHA20_POLY1305_SHA256, TLS_ECDHE_ECDSA_WITH_AES_256_GCM_SHA384, TLS_ECDHE_ECDSA_WITH_AES_128_GCM_SHA256, TLS_ECDHE_ECDSA_WITH_CHACHA20_POLY1305_SHA256, TLS_ECDHE_RSA_WITH_AES_256_GCM_SHA384, TLS_ECDHE_RSA_WITH_CHACHA20_POLY1305_SHA256, TLS_ECDHE_RSA_WITH_AES_128_GCM_SHA256, TLS_DHE_RSA_WITH_AES_256_GCM_SHA384, TLS_DHE_RSA_WITH_CHACHA20_POLY1305_SHA256, TLS_DHE_DSS_WITH_AES_256_GCM_SHA384, TLS_DHE_RSA_WITH_AES_128_GCM_SHA256, TLS_DHE_DSS_WITH_AES_128_GCM_SHA256, TLS_ECDHE_ECDSA_WITH_AES_256_CBC_SHA384, TLS_ECDHE_RSA_WITH_AES_256_CBC_SHA384, TLS_ECDHE_ECDSA_WITH_AES_128_CBC_SHA256, TLS_ECDHE_RSA_WITH_AES_128_CBC_SHA256, TLS_DHE_RSA_WITH_AES_256_CBC_SHA256, TLS_DHE_DSS_WITH_AES_256_CBC_SHA256, TLS_DHE_RSA_WITH_AES_128_CBC_SHA256, TLS_DHE_DSS_WITH_AES_128_CBC_SHA256, TLS_ECDH_ECDSA_WITH_AES_256_GCM_SHA384, TLS_ECDH_RSA_WITH_AES_256_GCM_SHA384, TLS_ECDH_ECDSA_WITH_AES_128_GCM_SHA256, TLS_ECDH_RSA_WITH_AES_128_GCM_SHA256, TLS_ECDH_ECDSA_WITH_AES_256_CBC_SHA384, TLS_ECDH_RSA_WITH_AES_256_CBC_SHA384, TLS_ECDH_ECDSA_WITH_AES_128_CBC_SHA256, TLS_ECDH_RSA_WITH_AES_128_CBC_SHA256, TLS_ECDHE_ECDSA_WITH_AES_256_CBC_SHA, TLS_ECDHE_RSA_WITH_AES_256_CBC_SHA, TLS_ECDHE_ECDSA_WITH_AES_128_CBC_SHA, TLS_ECDHE_RSA_WITH_AES_128_CBC_SHA, TLS_DHE_RSA_WITH_AES_256_CBC_SHA, TLS_DHE_DSS_WITH_AES_256_CBC_SHA, TLS_DHE_RSA_WITH_AES_128_CBC_SHA, TLS_DHE_DSS_WITH_AES_128_CBC_SHA, TLS_ECDH_ECDSA_WITH_AES_256_CBC_SHA, TLS_ECDH_RSA_WITH_AES_256_CBC_SHA, TLS_ECDH_ECDSA_WITH_AES_128_CBC_SHA, TLS_ECDH_RSA_WITH_AES_128_CBC_SHA, TLS_RSA_WITH_AES_256_GCM_SHA384, TLS_RSA_WITH_AES_128_GCM_SHA256, TLS_RSA_WITH_AES_256_CBC_SHA256, TLS_RSA_WITH_AES_128_CBC_SHA256, TLS_RSA_WITH_AES_256_CBC_SHA, TLS_RSA_WITH_AES_128_CBC_SHA, TLS_EMPTY_RENEGOTIATION_INFO_SCSV]
11:45:10.924 [main] DEBUG org.apache.hc.client5.http.ssl.SSLConnectionSocketFactory - Starting handshake
11:45:11.045 [main] DEBUG org.apache.hc.client5.http.ssl.SSLConnectionSocketFactory - Secure session established
11:45:11.045 [main] DEBUG org.apache.hc.client5.http.ssl.SSLConnectionSocketFactory -  negotiated protocol: TLSv1.3
11:45:11.045 [main] DEBUG org.apache.hc.client5.http.ssl.SSLConnectionSocketFactory -  negotiated cipher suite: TLS_AES_256_GCM_SHA384
11:45:11.046 [main] DEBUG org.apache.hc.client5.http.ssl.SSLConnectionSocketFactory -  peer principal: CN=*.github.io, O="GitHub, Inc.", L=San Francisco, ST=California, C=US
11:45:11.047 [main] DEBUG org.apache.hc.client5.http.ssl.SSLConnectionSocketFactory -  peer alternative names: [*.github.io, github.com, *.github.com, www.github.com, github.io, githubusercontent.com, *.githubusercontent.com]
11:45:11.047 [main] DEBUG org.apache.hc.client5.http.ssl.SSLConnectionSocketFactory -  issuer principal: CN=DigiCert TLS RSA SHA256 2020 CA1, O=DigiCert Inc, C=US
11:45:11.048 [main] DEBUG org.apache.hc.client5.http.impl.io.DefaultHttpClientConnectionOperator - http-outgoing-0: connection established 192.168.1.6:65180<->185.199.108.133:443
11:45:11.049 [main] DEBUG org.apache.hc.client5.http.impl.io.PoolingHttpClientConnectionManager - ep-00000000: connected http-outgoing-0
11:45:11.049 [main] DEBUG org.apache.hc.client5.http.impl.classic.InternalHttpClient - ep-00000000: endpoint connected
11:45:11.050 [main] DEBUG org.apache.hc.client5.http.impl.classic.MainClientExec - ex-00000001: executing GET /bonigarcia/webdrivermanager/master/src/main/resources/commands.properties HTTP/1.1
11:45:11.050 [main] DEBUG org.apache.hc.client5.http.impl.classic.InternalHttpClient - ep-00000000: start execution ex-00000001
11:45:11.050 [main] DEBUG org.apache.hc.client5.http.impl.io.PoolingHttpClientConnectionManager - ep-00000000: executing exchange ex-00000001 over http-outgoing-0
11:45:11.051 [main] DEBUG org.apache.hc.client5.http.headers - http-outgoing-0 >> GET /bonigarcia/webdrivermanager/master/src/main/resources/commands.properties HTTP/1.1
11:45:11.051 [main] DEBUG org.apache.hc.client5.http.headers - http-outgoing-0 >> user-agent: Apache-HttpClient/5.0
11:45:11.051 [main] DEBUG org.apache.hc.client5.http.headers - http-outgoing-0 >> accept-encoding: gzip, deflate, br
11:45:11.051 [main] DEBUG org.apache.hc.client5.http.headers - http-outgoing-0 >> cache-control: max-age=0
11:45:11.051 [main] DEBUG org.apache.hc.client5.http.headers - http-outgoing-0 >> connection: keep-alive
11:45:11.051 [main] DEBUG org.apache.hc.client5.http.headers - http-outgoing-0 >> Host: raw.githubusercontent.com
11:45:11.051 [main] DEBUG org.apache.hc.client5.http.wire - http-outgoing-0 >> "GET /bonigarcia/webdrivermanager/master/src/main/resources/commands.properties HTTP/1.1[\r][\n]"
11:45:11.051 [main] DEBUG org.apache.hc.client5.http.wire - http-outgoing-0 >> "user-agent: Apache-HttpClient/5.0[\r][\n]"
11:45:11.051 [main] DEBUG org.apache.hc.client5.http.wire - http-outgoing-0 >> "accept-encoding: gzip, deflate, br[\r][\n]"
11:45:11.051 [main] DEBUG org.apache.hc.client5.http.wire - http-outgoing-0 >> "cache-control: max-age=0[\r][\n]"
11:45:11.051 [main] DEBUG org.apache.hc.client5.http.wire - http-outgoing-0 >> "connection: keep-alive[\r][\n]"
11:45:11.051 [main] DEBUG org.apache.hc.client5.http.wire - http-outgoing-0 >> "Host: raw.githubusercontent.com[\r][\n]"
11:45:11.051 [main] DEBUG org.apache.hc.client5.http.wire - http-outgoing-0 >> "[\r][\n]"
11:45:11.070 [main] DEBUG org.apache.hc.client5.http.wire - http-outgoing-0 << "HTTP/1.1 200 OK[\r][\n]"
11:45:11.070 [main] DEBUG org.apache.hc.client5.http.wire - http-outgoing-0 << "Connection: keep-alive[\r][\n]"
11:45:11.070 [main] DEBUG org.apache.hc.client5.http.wire - http-outgoing-0 << "Content-Length: 723[\r][\n]"
11:45:11.070 [main] DEBUG org.apache.hc.client5.http.wire - http-outgoing-0 << "Cache-Control: max-age=300[\r][\n]"
11:45:11.071 [main] DEBUG org.apache.hc.client5.http.wire - http-outgoing-0 << "Content-Security-Policy: default-src 'none'; style-src 'unsafe-inline'; sandbox[\r][\n]"
11:45:11.071 [main] DEBUG org.apache.hc.client5.http.wire - http-outgoing-0 << "Content-Type: text/plain; charset=utf-8[\r][\n]"
11:45:11.071 [main] DEBUG org.apache.hc.client5.http.wire - http-outgoing-0 << "ETag: W/"e82b438271e9e8680c688b0b680efd0bdd22faa6d6f0a32fc1fd8accc486b67e"[\r][\n]"
11:45:11.071 [main] DEBUG org.apache.hc.client5.http.wire - http-outgoing-0 << "Strict-Transport-Security: max-age=31536000[\r][\n]"
11:45:11.071 [main] DEBUG org.apache.hc.client5.http.wire - http-outgoing-0 << "X-Content-Type-Options: nosniff[\r][\n]"
11:45:11.071 [main] DEBUG org.apache.hc.client5.http.wire - http-outgoing-0 << "X-Frame-Options: deny[\r][\n]"
11:45:11.071 [main] DEBUG org.apache.hc.client5.http.wire - http-outgoing-0 << "X-XSS-Protection: 1; mode=block[\r][\n]"
11:45:11.071 [main] DEBUG org.apache.hc.client5.http.wire - http-outgoing-0 << "X-GitHub-Request-Id: D0BE:43EA:2161C6:2E9315:625BC80A[\r][\n]"
11:45:11.071 [main] DEBUG org.apache.hc.client5.http.wire - http-outgoing-0 << "Content-Encoding: gzip[\r][\n]"
11:45:11.071 [main] DEBUG org.apache.hc.client5.http.wire - http-outgoing-0 << "Accept-Ranges: bytes[\r][\n]"
11:45:11.071 [main] DEBUG org.apache.hc.client5.http.wire - http-outgoing-0 << "Date: Sun, 01 May 2022 03:45:00 GMT[\r][\n]"
11:45:11.071 [main] DEBUG org.apache.hc.client5.http.wire - http-outgoing-0 << "Via: 1.1 varnish[\r][\n]"
11:45:11.071 [main] DEBUG org.apache.hc.client5.http.wire - http-outgoing-0 << "X-Served-By: cache-qpg1247-QPG[\r][\n]"
11:45:11.071 [main] DEBUG org.apache.hc.client5.http.wire - http-outgoing-0 << "X-Cache: HIT[\r][\n]"
11:45:11.071 [main] DEBUG org.apache.hc.client5.http.wire - http-outgoing-0 << "X-Cache-Hits: 1[\r][\n]"
11:45:11.071 [main] DEBUG org.apache.hc.client5.http.wire - http-outgoing-0 << "X-Timer: S1651376701.733861,VS0,VE1[\r][\n]"
11:45:11.071 [main] DEBUG org.apache.hc.client5.http.wire - http-outgoing-0 << "Vary: Authorization,Accept-Encoding,Origin[\r][\n]"
11:45:11.071 [main] DEBUG org.apache.hc.client5.http.wire - http-outgoing-0 << "Access-Control-Allow-Origin: *[\r][\n]"
11:45:11.071 [main] DEBUG org.apache.hc.client5.http.wire - http-outgoing-0 << "X-Fastly-Request-ID: 5a341af388cc405128949e13ae24eb24365aafcb[\r][\n]"
11:45:11.071 [main] DEBUG org.apache.hc.client5.http.wire - http-outgoing-0 << "Expires: Sun, 01 May 2022 03:50:00 GMT[\r][\n]"
11:45:11.071 [main] DEBUG org.apache.hc.client5.http.wire - http-outgoing-0 << "Source-Age: 207[\r][\n]"
11:45:11.071 [main] DEBUG org.apache.hc.client5.http.wire - http-outgoing-0 << "[\r][\n]"
11:45:11.074 [main] DEBUG org.apache.hc.client5.http.headers - http-outgoing-0 << HTTP/1.1 200 OK
11:45:11.074 [main] DEBUG org.apache.hc.client5.http.headers - http-outgoing-0 << Connection: keep-alive
11:45:11.074 [main] DEBUG org.apache.hc.client5.http.headers - http-outgoing-0 << Content-Length: 723
11:45:11.074 [main] DEBUG org.apache.hc.client5.http.headers - http-outgoing-0 << Cache-Control: max-age=300
11:45:11.075 [main] DEBUG org.apache.hc.client5.http.headers - http-outgoing-0 << Content-Security-Policy: default-src 'none'; style-src 'unsafe-inline'; sandbox
11:45:11.075 [main] DEBUG org.apache.hc.client5.http.headers - http-outgoing-0 << Content-Type: text/plain; charset=utf-8
11:45:11.075 [main] DEBUG org.apache.hc.client5.http.headers - http-outgoing-0 << ETag: W/"e82b438271e9e8680c688b0b680efd0bdd22faa6d6f0a32fc1fd8accc486b67e"
11:45:11.075 [main] DEBUG org.apache.hc.client5.http.headers - http-outgoing-0 << Strict-Transport-Security: max-age=31536000
11:45:11.075 [main] DEBUG org.apache.hc.client5.http.headers - http-outgoing-0 << X-Content-Type-Options: nosniff
11:45:11.075 [main] DEBUG org.apache.hc.client5.http.headers - http-outgoing-0 << X-Frame-Options: deny
11:45:11.075 [main] DEBUG org.apache.hc.client5.http.headers - http-outgoing-0 << X-XSS-Protection: 1; mode=block
11:45:11.075 [main] DEBUG org.apache.hc.client5.http.headers - http-outgoing-0 << X-GitHub-Request-Id: D0BE:43EA:2161C6:2E9315:625BC80A
11:45:11.075 [main] DEBUG org.apache.hc.client5.http.headers - http-outgoing-0 << Content-Encoding: gzip
11:45:11.075 [main] DEBUG org.apache.hc.client5.http.headers - http-outgoing-0 << Accept-Ranges: bytes
11:45:11.075 [main] DEBUG org.apache.hc.client5.http.headers - http-outgoing-0 << Date: Sun, 01 May 2022 03:45:00 GMT
11:45:11.075 [main] DEBUG org.apache.hc.client5.http.headers - http-outgoing-0 << Via: 1.1 varnish
11:45:11.075 [main] DEBUG org.apache.hc.client5.http.headers - http-outgoing-0 << X-Served-By: cache-qpg1247-QPG
11:45:11.075 [main] DEBUG org.apache.hc.client5.http.headers - http-outgoing-0 << X-Cache: HIT
11:45:11.075 [main] DEBUG org.apache.hc.client5.http.headers - http-outgoing-0 << X-Cache-Hits: 1
11:45:11.075 [main] DEBUG org.apache.hc.client5.http.headers - http-outgoing-0 << X-Timer: S1651376701.733861,VS0,VE1
11:45:11.075 [main] DEBUG org.apache.hc.client5.http.headers - http-outgoing-0 << Vary: Authorization,Accept-Encoding,Origin
11:45:11.075 [main] DEBUG org.apache.hc.client5.http.headers - http-outgoing-0 << Access-Control-Allow-Origin: *
11:45:11.075 [main] DEBUG org.apache.hc.client5.http.headers - http-outgoing-0 << X-Fastly-Request-ID: 5a341af388cc405128949e13ae24eb24365aafcb
11:45:11.075 [main] DEBUG org.apache.hc.client5.http.headers - http-outgoing-0 << Expires: Sun, 01 May 2022 03:50:00 GMT
11:45:11.075 [main] DEBUG org.apache.hc.client5.http.headers - http-outgoing-0 << Source-Age: 207
11:45:11.079 [main] DEBUG org.apache.hc.client5.http.impl.classic.MainClientExec - ex-00000001: connection can be kept alive for 3 MINUTES
11:45:11.084 [main] DEBUG org.apache.hc.client5.http.wire - http-outgoing-0 << "[0x1f][0xffffff8b][0x8][0x0][0x0][0x0][0x0][0x0][0x0][0x3][0xffffffb5]V]o[0xffffffda]0[0x14]}[0xffffffe7]W\[0xffffff81]*[0xffffffb5][0x12][0x1f][[M[0xffffffd3]$[0x1e]hF[0xffffffbb]i [0x18][0xffffffb4][0xffffffdd]&[0xfffffff9][0xffffffc5]$7[0xffffffc1]R[0x12]#;[0xffffff94]v[0xffffffbf]~[0xffffffb6][0xfffffff3]1[0xffffff92][0xffffff9a][0xffffffc1][0x1a]x[0xffffffcb][0xffffffb5][0xffffffaf][0xffffffcf]9[0xffffffbe][0xfffffff7]8v[0xb][0x1c][0x1e]E4[0xfffffff6]$x4[0xffffffa1][0xb]*[0xffffffb1][0xffffffd1][0xffffff82][0xfffffffb]%[0xffffff93][0xffffffe0][0xffffffb3][0x10][0xffffffc1][0xffffffe5]qBY,!Y[0xffffffea] KM8,[0x10][0xfffffff0][0x19][0xffffffdd]u[0xffffff82][0x1e][0xffffffb0][0xffffffd8]L[0xffffffcb]%[0xffffff86][0xffffffa1][0xe][0xffffffb8][0xfffffff0]P[0xffffffe8]$[0xf][0x13]t[0x13]3[0xfffffff9][0xffffff84]B2[0xffffffae][0xffffffe6]|@[0xfffffff5][0x1d][0x8][0xffffffc4][0x18][0x16][0xffffff82]o[0xffffffa4][0xffffff9a]P[0xffffff94][0xffffffe7][0xffffffce]R[0xfffffff0][0x8][0xffffffdb]p[0xffffffcb][0x4][0xfffffffa][0xfffffffc][0xffffffb9][\r][0xffffff93][0x15][\n]"
11:45:11.084 [main] DEBUG org.apache.hc.client5.http.wire - http-outgoing-0 << "[0xffffffda][0xffffff86][0xffffffa1][0x17][0xffffffa8]Q3[0xffffffcb][0xffffffd6][0xffffffd1][0xffffff85][0xffffffc6][0xfffffff7][0xffffff98][0xffffffef][0xffffffa3][0xffffffc0]8[0x1][0xffffffae]s[0x12][0x16][0x7] _d[0xffffff82][0xffffff91][0xffffff84][0xfffffff3][0x1f],[0xfffffff6][0x14]j[0x1b]F,^+[0xffffff98]1ua2[0xffffffbf]h([0xffffff8e][0xffffff94][0xffffffa2][0xffffff91]m[0xffffffa3][0xffffffeb][0xffffff9a][0xffffffb0][0xffffffbb]I[0x17]t[0xffffffdf][0xffffffbd][0xffffffef][0xffffffbb][0xffffff91][0xffffffd7]U[0xffffffbb][0xffffff82][0xffffff9e][0x3][0xffffff9b][0xffffff88][0xffffffb9][0xffffffa6]$[0xffffffa6][0xc][0xffffff9b][0xffffffa5][0xffffffe2][0xffffff83][0xffffff98]F[0xffffffd8]o[0xffffff9e]Mg[0xffffff93][0xffffffbb][0xffffffd9]`|[0xfffffffb]u4[0xffffff9c][0x7f]"}B[0xffffffce][0x8][0xffffffb9][0xffffffe3]<[0x8][0xffffff91][0xffffff90][0xffffff94][0xffffff82][0xffffff90][0xffffffc1]j[0x15]2WI[0xffffffe3]1![0x19][0xffffff91]BnB[0xffffff80][0x9]<f[0xffffffb5][0xffffffe8]=[0xffffffd1]p[0xffffffbd][[0xffffffcf][0xffffffe5][0x1b][0xfffffff4][0xffffff9c][0xffffffff][0xfffffffc][0xfffffff8][0xffffffe1][0xffffffe2][0xffffff94][0xffffffa2][0xffffffae][0xe][0x14]5[0xffffff9a]8[0xffffff83][0xffffffd1]`:[0xfffffffd]<[0xffffffb8][0x1f][0xffffff9c]R[0xffffffcf]u[0x7f]6[0xffffffbc][0xffffff83][0xffffffef][0xf][0xffffffc3][0xffffffd9]/[0xfffffff8][0xfffffff2][0xffffffcd]y s[0xffffffee]'[0x1b]*0g[0xffffffcb][0xffffffc8]nF7H][0xffffff83][0xffffff97]{[0xffffffb1]Q[0x5][\r][0xffffffb5]c[0xffffffb4][0xf][0x2][0xffffffb3][0xffffffb4][0xffffff93][0xe]C[0xffffffa7][0xffffffb3]kAD][0xffffff9d][0xffffffde][0xffffffdb][0xffffffda][0xffffff88][0xffffffec][0xffffffa5][0xffffffbc][0xffffff99][0xffffffd9][0xffffffba]t[0xffffffb5][0xffffffea]9[0xffffffea][0x10])[0xffffffb7][0xffffffca][0xffffff9e][0xfffffff2][0xffffffe2]d^N[0xffffffd8]FW[0x16][0xffffffcd][0xffffffdc]_[0x10][0xfffffff9]i|[0x1c][0xffffff93][0xffffff8e][0xfffffff9]o[0x16][0xffffff86]4'!$G[0xffffffdf]W[0xfffffff4]W*j[[0xfffffff3]xR[0xffffffae][0xffffffb6][0xc][0xffffffd0],; #[0xffffffa9][0xffffff92]5[0xffffffb5][0x7][0xffffff9c][0xffffffb5][0xffffffd0][0x7f][0xffffff90][0xffffffc7]jgs[0xfffffffc][0xffffffc2][0xb][0xffffffd9][0x0]t[0xffffff9e]^'Y[0xfffffffb][0xffffff9f][0xffffffb1][0xffffffd8]:[0xffffffbf][0xffffff8d][0xffffffa5][0xffffff9a][0xffffffad][0x7f]m[0x5]&[0xffffffaa][0xffffffa0]^[0xffffff9b][0xffffffcb][0x5]f[0xffffffae][0xffffffe0]RU[0xffffff82][0x10]MS9l[0xffffff91]4t[0xfffffffb][0xffffff8a]][0xffffffd6][0xfffffff4][0xffffff96][0xffffffa6][0xffffff9f]P[0xffffffce][0xffffffd5][0xffffffce][0xffffff93][0xffffffff][0xffffff97][0xffffffcc]p[0xfffffffd][0xfffffff3][0xffffffe8][0x1b][0xffffffcc][0xffffffa2][0xffffffd9]Q[0xffffffbe][0xffffffb2][0xffffffa3][0xffffffc7]m'[0xffffffdf][0xffffffe4][[0xfffffffb]^[0xffffffb0][0xffffff9a][0xffffffbe][0xffffffda][0xffffffda]_[0xffffffce][0xffffff80][0xffffffd2][0xffffffc1]7[0xffffffb7]][0xffffffc1]b[0xffffffee][0xffffffb5][0xffffffff]w[0xffffff83][0xffffffed][0xffffffa7];[0x15]<[0x10]4[0xffffff92][0xffffff84][0x18][\n]"
11:45:11.084 [main] DEBUG org.apache.hc.client5.http.wire - http-outgoing-0 << "BB[0xffffffba][0xffffff8e]][0xffffffb5]jo[0xffffffb9]+"[0xffffffea][0xffffffb4][0xffffffff]h"[0xffffffea]\?5[0xffffffa9][0xffffffaf]k[0xffffffec][0xffffffff]P[0xffffffea][\n]"
11:45:11.084 [main] DEBUG org.apache.hc.client5.http.wire - http-outgoing-0 << "w[0xffffffe1]K[0x13][0xffffffda][0xffffffec][0xffffff98][0xffffffe6]Y[0xfffffffd]h8m6[0xffffff9c]T[0xffffffc1][0xfffffff2][0xffffffa7][0xffffff91]z_[0xffffff95]o85p[0x1c][0x13][0xffffffe6][0xfffffff0]5[0xffffffee][0xfffffffc][0xffffff92][0xffffff96][0xffffffda][0xfffffff7][0xffffffcf][0xffffffb1][0x5][0x1d][0xffffffea]K[0xffffff9b]9[0xffffff8e][0xffffffad]e[0xfffffff7][0xffffff93][0xffffffa8]`[0xffffffda][0xffffffff][0x1a][0xffffffd2][0xffffff88][0xffffff85][0xfffffffd][0xfffffff2][0xffffff91]N[0xfffffff6]`[0xffffffdf]2[0xffffffcf][0xffffffae]E[0xffffff97][0xffffffc5][0xffffffa2][0xffffff9d][0xffffffef]'[0xffffff9d]mun.[0xffffffd3]f^[0xffffffc7][0xffffff82][0xffffffda][0xffffff82]9[0xfffffff5][0xffffffa9]`[0x5][0xffffffbc]4[0xffffffa1][0x1d]<M[0xffffffb5]A[0xffffffa7]3[[0xffffffc0][0x7f][0x0][0xffffffc1][0xffffffd0]$[0xffffff85][0x1d][\r][0x0][0x0]"
11:45:11.086 [main] DEBUG org.apache.hc.client5.http.impl.classic.InternalHttpClient - ep-00000000: releasing valid endpoint
11:45:11.086 [main] DEBUG org.apache.hc.client5.http.impl.io.PoolingHttpClientConnectionManager - ep-00000000: releasing endpoint
11:45:11.086 [main] DEBUG org.apache.hc.client5.http.impl.io.PoolingHttpClientConnectionManager - ep-00000000: connection http-outgoing-0 can be kept alive for 3 MINUTES
11:45:11.087 [main] DEBUG org.apache.hc.client5.http.impl.io.PoolingHttpClientConnectionManager - ep-00000000: connection released [route: {s}->https://raw.githubusercontent.com:443][total available: 1; route allocated: 1 of 5; total allocated: 1 of 25]
11:45:11.087 [main] DEBUG io.github.bonigarcia.wdm.versions.VersionDetector - Detecting chrome version using online commands.properties
11:45:11.089 [main] DEBUG io.github.bonigarcia.wdm.versions.Shell - Running command on the shell: [cmd.exe, /C, wmic, datafile, where, name="%PROGRAMFILES:\=\\%\\Google\\Chrome\\Application\\chrome.exe", get, Version, /value]
11:45:11.312 [main] DEBUG io.github.bonigarcia.wdm.versions.Shell - Result: Version=101.0.4951.41
11:45:11.316 [main] DEBUG io.github.bonigarcia.wdm.cache.ResolutionCache - Resolution chrome101=101.0.4951.41 in cache (valid until 01:48:37 02/05/2022 WITA)
11:45:11.318 [main] INFO io.github.bonigarcia.wdm.WebDriverManager - Using chromedriver 101.0.4951.41 (resolved driver for Chrome 101)
11:45:11.323 [main] DEBUG io.github.bonigarcia.wdm.cache.ResolutionCache - Storing resolution chrome=101 in cache (valid until 12:45:11 01/05/2022 WITA)
11:45:11.337 [main] DEBUG io.github.bonigarcia.wdm.WebDriverManager - Driver chromedriver 101.0.4951.41 found in cache
11:45:11.338 [main] INFO io.github.bonigarcia.wdm.WebDriverManager - Exporting webdriver.chrome.driver as C:\Users\Rev\.cache\selenium\chromedriver\win32\101.0.4951.41\chromedriver.exe
11:45:12.047 [main] DEBUG net.thucydides.core.reflection.ClassFinder - Could not load class .starter.CucumberTestSuite
11:45:12.048 [main] DEBUG net.thucydides.core.reflection.ClassFinder - Could not load class .starter.definitions.LoginSteps
11:45:12.048 [main] DEBUG net.thucydides.core.reflection.ClassFinder - Could not load class .starter.definitions.OrderSteps
11:45:12.048 [main] DEBUG net.thucydides.core.reflection.ClassFinder - Could not load class .starter.definitions.RegisterSteps
11:45:12.048 [main] DEBUG net.thucydides.core.reflection.ClassFinder - Could not load class .starter.pages.HomePage
11:45:12.048 [main] DEBUG net.thucydides.core.reflection.ClassFinder - Could not load class .starter.pages.LoginPage
11:45:12.048 [main] DEBUG net.thucydides.core.reflection.ClassFinder - Could not load class .starter.pages.OrderPage
11:45:12.048 [main] DEBUG net.thucydides.core.reflection.ClassFinder - Could not load class .starter.pages.RegisterPage
11:45:12.049 [main] DEBUG net.thucydides.core.reflection.ClassFinder - Could not load class META-INF.versions.9.com.sun.istack.logging.StackHelper
11:45:12.050 [main] DEBUG net.thucydides.core.reflection.ClassFinder - Could not load class META-INF.versions.9.com.sun.xml.bind.v2.runtime.reflect.opt.AccessorInjector
11:45:12.051 [main] DEBUG net.thucydides.core.reflection.ClassFinder - Could not load class META-INF.versions.9.com.sun.xml.bind.v2.runtime.reflect.opt.Injector
11:45:12.051 [main] DEBUG net.thucydides.core.reflection.ClassFinder - Could not load class META-INF.versions.9.com.sun.xml.bind.v2.runtime.reflect.opt.OptimizedAccessorFactory
11:45:12.051 [main] DEBUG net.thucydides.core.reflection.ClassFinder - Could not load class META-INF.versions.9.com.sun.xml.bind.v2.runtime.reflect.opt.OptimizedTransducedAccessorFactory
11:45:12.052 [main] DEBUG net.thucydides.core.reflection.ClassFinder - Could not load class META-INF.versions.9.io.opentelemetry.sdk.internal.CurrentJavaVersionSpecific
11:45:12.052 [main] DEBUG net.thucydides.core.reflection.ClassFinder - Could not load class META-INF.versions.9.io.opentelemetry.sdk.internal.Java9VersionSpecific
11:45:12.053 [main] DEBUG net.thucydides.core.reflection.ClassFinder - Could not load class META-INF.versions.9.javax.xml.bind.ModuleUtil
11:45:12.053 [main] DEBUG net.thucydides.core.reflection.ClassFinder - Could not load class META-INF.versions.9.module-info
11:45:12.054 [main] DEBUG net.thucydides.core.reflection.ClassFinder - Could not load class META-INF.versions.9.org.junit.platform.commons.util.ModuleUtils
11:45:12.411 [main] DEBUG net.thucydides.core.reflection.ClassFinder - Could not load class com.google.gson.internal.
11:45:12.576 [main] DEBUG net.thucydides.core.reflection.ClassFinder - Could not load class com.sun.xml.bind.v2.runtime.output.FastInfosetStreamWriterOutput
11:45:13.024 [main] DEBUG net.thucydides.core.reflection.ClassFinder - Could not load class module-info
11:45:15.849 [main] DEBUG io.netty.util.internal.logging.InternalLoggerFactory - Using SLF4J as the default logging framework
11:45:15.852 [main] DEBUG io.netty.util.ResourceLeakDetector - -Dio.netty.leakDetection.level: simple
11:45:15.853 [main] DEBUG io.netty.util.ResourceLeakDetector - -Dio.netty.leakDetection.targetRecords: 4
11:45:15.857 [main] DEBUG io.netty.util.ResourceLeakDetectorFactory - Loaded default ResourceLeakDetector: io.netty.util.ResourceLeakDetector@72dc0d72
11:45:15.879 [main] DEBUG io.netty.util.internal.PlatformDependent0 - -Dio.netty.noUnsafe: false
11:45:15.879 [main] DEBUG io.netty.util.internal.PlatformDependent0 - Java version: 17
11:45:15.880 [main] DEBUG io.netty.util.internal.PlatformDependent0 - sun.misc.Unsafe.theUnsafe: available
11:45:15.881 [main] DEBUG io.netty.util.internal.PlatformDependent0 - sun.misc.Unsafe.copyMemory: available
11:45:15.882 [main] DEBUG io.netty.util.internal.PlatformDependent0 - java.nio.Buffer.address: available
11:45:15.883 [main] DEBUG io.netty.util.internal.PlatformDependent0 - direct buffer constructor: unavailable: Reflective setAccessible(true) disabled
11:45:15.883 [main] DEBUG io.netty.util.internal.PlatformDependent0 - java.nio.Bits.unaligned: available, true
11:45:15.884 [main] DEBUG io.netty.util.internal.PlatformDependent0 - jdk.internal.misc.Unsafe.allocateUninitializedArray(int): unavailable: class io.netty.util.internal.PlatformDependent0$6 cannot access class jdk.internal.misc.Unsafe (in module java.base) because module java.base does not export jdk.internal.misc to unnamed module @e7edb54
11:45:15.886 [main] DEBUG io.netty.util.internal.PlatformDependent0 - java.nio.DirectByteBuffer.<init>(long, int): unavailable
11:45:15.886 [main] DEBUG io.netty.util.internal.PlatformDependent - sun.misc.Unsafe: available
11:45:15.890 [main] DEBUG io.netty.util.internal.PlatformDependent - maxDirectMemory: 4276092928 bytes (maybe)
11:45:15.890 [main] DEBUG io.netty.util.internal.PlatformDependent - -Dio.netty.tmpdir: C:\Users\Rev\AppData\Local\Temp (java.io.tmpdir)
11:45:15.890 [main] DEBUG io.netty.util.internal.PlatformDependent - -Dio.netty.bitMode: 64 (sun.arch.data.model)
11:45:15.891 [main] DEBUG io.netty.util.internal.PlatformDependent - Platform: Windows
11:45:15.892 [main] DEBUG io.netty.util.internal.PlatformDependent - -Dio.netty.maxDirectMemory: -1 bytes
11:45:15.892 [main] DEBUG io.netty.util.internal.PlatformDependent - -Dio.netty.uninitializedArrayAllocationThreshold: -1
11:45:15.893 [main] DEBUG io.netty.util.internal.CleanerJava9 - java.nio.ByteBuffer.cleaner(): available
11:45:15.893 [main] DEBUG io.netty.util.internal.PlatformDependent - -Dio.netty.noPreferDirect: false
11:45:15.901 [main] DEBUG io.netty.util.internal.PlatformDependent - org.jctools-core.MpscChunkedArrayQueue: available
11:45:15.927 [main] DEBUG io.netty.util.internal.InternalThreadLocalMap - -Dio.netty.threadLocalMap.stringBuilder.initialSize: 1024
11:45:15.927 [main] DEBUG io.netty.util.internal.InternalThreadLocalMap - -Dio.netty.threadLocalMap.stringBuilder.maxSize: 4096
11:45:15.943 [main] DEBUG io.netty.handler.ssl.JdkSslContext - Default protocols (JDK): [TLSv1.3, TLSv1.2] 
11:45:15.943 [main] DEBUG io.netty.handler.ssl.JdkSslContext - Default cipher suites (JDK): [TLS_ECDHE_ECDSA_WITH_AES_256_GCM_SHA384, TLS_ECDHE_ECDSA_WITH_AES_128_GCM_SHA256, TLS_ECDHE_RSA_WITH_AES_128_GCM_SHA256, TLS_ECDHE_RSA_WITH_AES_256_GCM_SHA384, TLS_ECDHE_RSA_WITH_AES_128_CBC_SHA, TLS_ECDHE_RSA_WITH_AES_256_CBC_SHA, TLS_RSA_WITH_AES_128_GCM_SHA256, TLS_RSA_WITH_AES_128_CBC_SHA, TLS_RSA_WITH_AES_256_CBC_SHA, TLS_AES_128_GCM_SHA256, TLS_AES_256_GCM_SHA384]
11:45:15.979 [main] DEBUG io.netty.channel.MultithreadEventLoopGroup - -Dio.netty.eventLoopThreads: 24
11:45:15.993 [main] DEBUG io.netty.channel.nio.NioEventLoop - -Dio.netty.noKeySetOptimization: false
11:45:15.993 [main] DEBUG io.netty.channel.nio.NioEventLoop - -Dio.netty.selectorAutoRebuildThreshold: 512
11:45:16.067 [main] DEBUG io.netty.buffer.PooledByteBufAllocator - -Dio.netty.allocator.numHeapArenas: 24
11:45:16.067 [main] DEBUG io.netty.buffer.PooledByteBufAllocator - -Dio.netty.allocator.numDirectArenas: 24
11:45:16.067 [main] DEBUG io.netty.buffer.PooledByteBufAllocator - -Dio.netty.allocator.pageSize: 8192
11:45:16.067 [main] DEBUG io.netty.buffer.PooledByteBufAllocator - -Dio.netty.allocator.maxOrder: 11
11:45:16.067 [main] DEBUG io.netty.buffer.PooledByteBufAllocator - -Dio.netty.allocator.chunkSize: 16777216
11:45:16.067 [main] DEBUG io.netty.buffer.PooledByteBufAllocator - -Dio.netty.allocator.smallCacheSize: 256
11:45:16.067 [main] DEBUG io.netty.buffer.PooledByteBufAllocator - -Dio.netty.allocator.normalCacheSize: 64
11:45:16.067 [main] DEBUG io.netty.buffer.PooledByteBufAllocator - -Dio.netty.allocator.maxCachedBufferCapacity: 32768
11:45:16.067 [main] DEBUG io.netty.buffer.PooledByteBufAllocator - -Dio.netty.allocator.cacheTrimInterval: 8192
11:45:16.068 [main] DEBUG io.netty.buffer.PooledByteBufAllocator - -Dio.netty.allocator.cacheTrimIntervalMillis: 0
11:45:16.068 [main] DEBUG io.netty.buffer.PooledByteBufAllocator - -Dio.netty.allocator.useCacheForAllThreads: true
11:45:16.068 [main] DEBUG io.netty.buffer.PooledByteBufAllocator - -Dio.netty.allocator.maxCachedByteBuffersPerChunk: 1023
11:45:16.083 [main] DEBUG io.netty.buffer.ByteBufUtil - -Dio.netty.allocator.type: pooled
11:45:16.083 [main] DEBUG io.netty.buffer.ByteBufUtil - -Dio.netty.threadLocalDirectBufferSize: 0
11:45:16.083 [main] DEBUG io.netty.buffer.ByteBufUtil - -Dio.netty.maxThreadLocalCharBufferSize: 16384
11:45:16.307 [main] DEBUG net.serenitybdd.core.webdriver.driverproviders.ProvideNewDriver - Instantiating driver
11:45:16.307 [main] DEBUG net.serenitybdd.core.webdriver.driverproviders.ProvideNewDriver - Driver capabilities: Capabilities {acceptInsecureCerts: false, base.url: https://qa.alta.id, browserName: chrome, chrome.driver: webdriver/chromedriver.exe, driver: chrome, goog:chromeOptions: {args: [], extensions: []}}
11:45:17.546 [Forwarding newSession on session null to remote] DEBUG io.netty.channel.DefaultChannelId - -Dio.netty.processId: 11940 (auto-detected)
11:45:17.549 [Forwarding newSession on session null to remote] DEBUG io.netty.util.NetUtil - -Djava.net.preferIPv4Stack: false
11:45:17.549 [Forwarding newSession on session null to remote] DEBUG io.netty.util.NetUtil - -Djava.net.preferIPv6Addresses: false
11:45:17.558 [Forwarding newSession on session null to remote] DEBUG io.netty.util.NetUtilInitializations - Loopback interface: lo (Software Loopback Interface 1, 127.0.0.1)
11:45:17.559 [Forwarding newSession on session null to remote] DEBUG io.netty.util.NetUtil - Failed to get SOMAXCONN from sysctl and file \proc\sys\net\core\somaxconn. Default: 200
11:45:17.574 [Forwarding newSession on session null to remote] DEBUG io.netty.channel.DefaultChannelId - -Dio.netty.machineId: a8:a1:59:ff:fe:85:ba:89 (auto-detected)
11:45:17.633 [AsyncHttpClient-1-2] DEBUG io.netty.buffer.AbstractByteBuf - -Dio.netty.buffer.checkAccessible: true
11:45:17.633 [AsyncHttpClient-1-2] DEBUG io.netty.buffer.AbstractByteBuf - -Dio.netty.buffer.checkBounds: true
11:45:17.633 [AsyncHttpClient-1-2] DEBUG io.netty.util.ResourceLeakDetectorFactory - Loaded default ResourceLeakDetector: io.netty.util.ResourceLeakDetector@7e8b534d
11:45:17.646 [AsyncHttpClient-1-2] DEBUG org.asynchttpclient.netty.channel.NettyConnectListener - Using new Channel '[id: 0x6e3b9711, L:/127.0.0.1:65189 - R:localhost/127.0.0.1:64757]' for 'POST' to '/session'
11:45:17.664 [AsyncHttpClient-1-2] DEBUG io.netty.util.Recycler - -Dio.netty.recycler.maxCapacityPerThread: 4096
11:45:17.664 [AsyncHttpClient-1-2] DEBUG io.netty.util.Recycler - -Dio.netty.recycler.ratio: 8
11:45:17.664 [AsyncHttpClient-1-2] DEBUG io.netty.util.Recycler - -Dio.netty.recycler.chunkSize: 32
11:45:17.664 [AsyncHttpClient-1-2] DEBUG io.netty.util.Recycler - -Dio.netty.recycler.blocking: false
11:45:18.633 [AsyncHttpClient-1-2] DEBUG io.netty.handler.codec.compression.Brotli - brotli4j not in the classpath; Brotli support will be unavailable.
11:45:18.634 [AsyncHttpClient-1-2] DEBUG org.asynchttpclient.netty.handler.HttpHandler - 

Request DefaultHttpRequest(decodeResult: success, version: HTTP/1.1)
POST /session HTTP/1.1
User-Agent: selenium/4.1.2 (java windows)
Content-Length: 565
Content-Type: application/json; charset=utf-8
host: localhost:64757
accept: */*

Response DefaultHttpResponse(decodeResult: success, version: HTTP/1.1)
HTTP/1.1 200 OK
Content-Type: application/json; charset=utf-8
cache-control: no-cache
content-length: 786

11:45:18.642 [AsyncHttpClient-1-2] DEBUG org.asynchttpclient.netty.channel.ChannelManager - Adding key: http://localhost:64757 for channel [id: 0x6e3b9711, L:/127.0.0.1:65189 - R:localhost/127.0.0.1:64757]
11:45:18.705 [AsyncHttpClient-1-3] DEBUG org.asynchttpclient.netty.channel.NettyConnectListener - Using new Channel '[id: 0xdde0620e, L:/127.0.0.1:65199 - R:localhost/127.0.0.1:65191]' for 'GET' to '/json/version'
11:45:18.713 [AsyncHttpClient-1-3] DEBUG org.asynchttpclient.netty.handler.HttpHandler - 

Request DefaultFullHttpRequest(decodeResult: success, version: HTTP/1.1, content: EmptyByteBufBE)
GET /json/version HTTP/1.1
User-Agent: selenium/4.1.2 (java windows)
host: localhost:65191
accept: */*

Response DefaultHttpResponse(decodeResult: success, version: HTTP/1.1)
HTTP/1.1 200 OK
Content-Type: application/json; charset=UTF-8
content-length: 427

11:45:18.713 [AsyncHttpClient-1-3] DEBUG org.asynchttpclient.netty.channel.ChannelManager - Adding key: http://localhost:65191 for channel [id: 0xdde0620e, L:/127.0.0.1:65199 - R:localhost/127.0.0.1:65191]
11:45:18.721 [main] DEBUG io.netty.util.internal.ThreadLocalRandom - -Dio.netty.initialSeedUniquifier: 0x0b3f754b7c863711
11:45:18.738 [AsyncHttpClient-1-4] DEBUG org.asynchttpclient.netty.channel.NettyConnectListener - Using new Channel '[id: 0x9d85a002, L:/127.0.0.1:65200 - R:localhost/127.0.0.1:65191]' for 'GET' to '/devtools/browser/fab3c071-cb8d-4beb-9ee1-c583c426547a'
11:45:18.745 [AsyncHttpClient-1-4] DEBUG org.asynchttpclient.netty.handler.WebSocketHandler - 

Request DefaultFullHttpRequest(decodeResult: success, version: HTTP/1.1, content: EmptyByteBufBE)
GET /devtools/browser/fab3c071-cb8d-4beb-9ee1-c583c426547a HTTP/1.1
upgrade: websocket
connection: upgrade
sec-websocket-key: jsT2nANt89maGpkXcjvdXA==
sec-websocket-version: 13
origin: http://localhost:65191
host: localhost:65191
accept: */*
user-agent: AHC/2.1

Response DefaultHttpResponse(decodeResult: success, version: HTTP/1.1)
HTTP/1.1 101 WebSocket Protocol Handshake
Upgrade: WebSocket
Connection: Upgrade
Sec-WebSocket-Accept: xOUfOIR22XHwwF+NgaX74HFpLKI=

11:45:19.216 [AsyncHttpClient-1-1] DEBUG org.asynchttpclient.netty.channel.DefaultChannelPool - Entry count for : http://localhost:65191 : 1
11:45:19.216 [AsyncHttpClient-1-1] DEBUG org.asynchttpclient.netty.channel.DefaultChannelPool - Entry count for : http://localhost:64757 : 1
11:45:19.622 [main] DEBUG net.thucydides.core.reflection.ClassFinder - Could not load class .starter.CucumberTestSuite
11:45:19.622 [main] DEBUG net.thucydides.core.reflection.ClassFinder - Could not load class .starter.definitions.LoginSteps
11:45:19.622 [main] DEBUG net.thucydides.core.reflection.ClassFinder - Could not load class .starter.definitions.OrderSteps
11:45:19.622 [main] DEBUG net.thucydides.core.reflection.ClassFinder - Could not load class .starter.definitions.RegisterSteps
11:45:19.622 [main] DEBUG net.thucydides.core.reflection.ClassFinder - Could not load class .starter.pages.HomePage
11:45:19.622 [main] DEBUG net.thucydides.core.reflection.ClassFinder - Could not load class .starter.pages.LoginPage
11:45:19.622 [main] DEBUG net.thucydides.core.reflection.ClassFinder - Could not load class .starter.pages.OrderPage
11:45:19.622 [main] DEBUG net.thucydides.core.reflection.ClassFinder - Could not load class .starter.pages.RegisterPage
11:45:19.623 [main] DEBUG net.thucydides.core.reflection.ClassFinder - Could not load class META-INF.versions.9.com.sun.istack.logging.StackHelper
11:45:19.623 [main] DEBUG net.thucydides.core.reflection.ClassFinder - Could not load class META-INF.versions.9.com.sun.xml.bind.v2.runtime.reflect.opt.AccessorInjector
11:45:19.624 [main] DEBUG net.thucydides.core.reflection.ClassFinder - Could not load class META-INF.versions.9.com.sun.xml.bind.v2.runtime.reflect.opt.Injector
11:45:19.624 [main] DEBUG net.thucydides.core.reflection.ClassFinder - Could not load class META-INF.versions.9.com.sun.xml.bind.v2.runtime.reflect.opt.OptimizedAccessorFactory
11:45:19.624 [main] DEBUG net.thucydides.core.reflection.ClassFinder - Could not load class META-INF.versions.9.com.sun.xml.bind.v2.runtime.reflect.opt.OptimizedTransducedAccessorFactory
11:45:19.624 [main] DEBUG net.thucydides.core.reflection.ClassFinder - Could not load class META-INF.versions.9.io.opentelemetry.sdk.internal.CurrentJavaVersionSpecific
11:45:19.625 [main] DEBUG net.thucydides.core.reflection.ClassFinder - Could not load class META-INF.versions.9.io.opentelemetry.sdk.internal.Java9VersionSpecific
11:45:19.625 [main] DEBUG net.thucydides.core.reflection.ClassFinder - Could not load class META-INF.versions.9.javax.xml.bind.ModuleUtil
11:45:19.625 [main] DEBUG net.thucydides.core.reflection.ClassFinder - Could not load class META-INF.versions.9.module-info
11:45:19.626 [main] DEBUG net.thucydides.core.reflection.ClassFinder - Could not load class META-INF.versions.9.org.junit.platform.commons.util.ModuleUtils
11:45:19.628 [main] DEBUG net.thucydides.core.reflection.ClassFinder - Could not load class com.google.gson.internal.
11:45:19.630 [main] DEBUG net.thucydides.core.reflection.ClassFinder - Could not load class com.sun.xml.bind.v2.runtime.output.FastInfosetStreamWriterOutput
11:45:19.634 [main] DEBUG net.thucydides.core.reflection.ClassFinder - Could not load class module-info
11:45:19.659 [Forwarding get on session dd36b9f381f4dfbc806838977a449b91 to remote] DEBUG org.asynchttpclient.netty.request.NettyRequestSender - Using pooled Channel '[id: 0x6e3b9711, L:/127.0.0.1:65189 - R:localhost/127.0.0.1:64757]' for 'POST' to 'http://localhost:64757/session/dd36b9f381f4dfbc806838977a449b91/url'
11:45:19.659 [Forwarding get on session dd36b9f381f4dfbc806838977a449b91 to remote] DEBUG org.asynchttpclient.netty.request.NettyRequestSender - Using open Channel [id: 0x6e3b9711, L:/127.0.0.1:65189 - R:localhost/127.0.0.1:64757] for POST '/session/dd36b9f381f4dfbc806838977a449b91/url'
11:45:20.331 [AsyncHttpClient-1-2] DEBUG org.asynchttpclient.netty.handler.HttpHandler - 

Request DefaultHttpRequest(decodeResult: success, version: HTTP/1.1)
POST /session/dd36b9f381f4dfbc806838977a449b91/url HTTP/1.1
User-Agent: selenium/4.1.2 (java windows)
Content-Length: 43
Content-Type: application/json; charset=utf-8
host: localhost:64757
accept: */*

Response DefaultHttpResponse(decodeResult: success, version: HTTP/1.1)
HTTP/1.1 200 OK
Content-Type: application/json; charset=utf-8
cache-control: no-cache
content-length: 14

11:45:20.332 [AsyncHttpClient-1-2] DEBUG org.asynchttpclient.netty.channel.ChannelManager - Adding key: http://localhost:64757 for channel [id: 0x6e3b9711, L:/127.0.0.1:65189 - R:localhost/127.0.0.1:64757]
11:45:20.340 [Forwarding setTimeout on session dd36b9f381f4dfbc806838977a449b91 to remote] DEBUG org.asynchttpclient.netty.request.NettyRequestSender - Using pooled Channel '[id: 0x6e3b9711, L:/127.0.0.1:65189 - R:localhost/127.0.0.1:64757]' for 'POST' to 'http://localhost:64757/session/dd36b9f381f4dfbc806838977a449b91/timeouts'
11:45:20.340 [Forwarding setTimeout on session dd36b9f381f4dfbc806838977a449b91 to remote] DEBUG org.asynchttpclient.netty.request.NettyRequestSender - Using open Channel [id: 0x6e3b9711, L:/127.0.0.1:65189 - R:localhost/127.0.0.1:64757] for POST '/session/dd36b9f381f4dfbc806838977a449b91/timeouts'
11:45:20.342 [AsyncHttpClient-1-2] DEBUG org.asynchttpclient.netty.handler.HttpHandler - 

Request DefaultHttpRequest(decodeResult: success, version: HTTP/1.1)
POST /session/dd36b9f381f4dfbc806838977a449b91/timeouts HTTP/1.1
User-Agent: selenium/4.1.2 (java windows)
Content-Length: 22
Content-Type: application/json; charset=utf-8
host: localhost:64757
accept: */*

Response DefaultHttpResponse(decodeResult: success, version: HTTP/1.1)
HTTP/1.1 200 OK
Content-Type: application/json; charset=utf-8
cache-control: no-cache
content-length: 14

11:45:20.342 [AsyncHttpClient-1-2] DEBUG org.asynchttpclient.netty.channel.ChannelManager - Adding key: http://localhost:64757 for channel [id: 0x6e3b9711, L:/127.0.0.1:65189 - R:localhost/127.0.0.1:64757]
11:45:20.350 [Forwarding getCurrentUrl on session dd36b9f381f4dfbc806838977a449b91 to remote] DEBUG org.asynchttpclient.netty.request.NettyRequestSender - Using pooled Channel '[id: 0x6e3b9711, L:/127.0.0.1:65189 - R:localhost/127.0.0.1:64757]' for 'GET' to 'http://localhost:64757/session/dd36b9f381f4dfbc806838977a449b91/url'
11:45:20.350 [Forwarding getCurrentUrl on session dd36b9f381f4dfbc806838977a449b91 to remote] DEBUG org.asynchttpclient.netty.request.NettyRequestSender - Using open Channel [id: 0x6e3b9711, L:/127.0.0.1:65189 - R:localhost/127.0.0.1:64757] for GET '/session/dd36b9f381f4dfbc806838977a449b91/url'
11:45:20.353 [AsyncHttpClient-1-1] DEBUG org.asynchttpclient.netty.channel.DefaultChannelPool - Entry count for : http://localhost:65191 : 1
11:45:20.354 [AsyncHttpClient-1-2] DEBUG org.asynchttpclient.netty.handler.HttpHandler - 

Request DefaultFullHttpRequest(decodeResult: success, version: HTTP/1.1, content: EmptyByteBufBE)
GET /session/dd36b9f381f4dfbc806838977a449b91/url HTTP/1.1
User-Agent: selenium/4.1.2 (java windows)
Cache-Control: no-cache
Content-Type: application/json; charset=utf-8
host: localhost:64757
accept: */*

Response DefaultHttpResponse(decodeResult: success, version: HTTP/1.1)
HTTP/1.1 200 OK
Content-Type: application/json; charset=utf-8
cache-control: no-cache
content-length: 31

11:45:20.355 [AsyncHttpClient-1-2] DEBUG org.asynchttpclient.netty.channel.ChannelManager - Adding key: http://localhost:64757 for channel [id: 0x6e3b9711, L:/127.0.0.1:65189 - R:localhost/127.0.0.1:64757]
11:45:20.359 [Forwarding getCurrentUrl on session dd36b9f381f4dfbc806838977a449b91 to remote] DEBUG org.asynchttpclient.netty.request.NettyRequestSender - Using pooled Channel '[id: 0x6e3b9711, L:/127.0.0.1:65189 - R:localhost/127.0.0.1:64757]' for 'GET' to 'http://localhost:64757/session/dd36b9f381f4dfbc806838977a449b91/url'
11:45:20.360 [Forwarding getCurrentUrl on session dd36b9f381f4dfbc806838977a449b91 to remote] DEBUG org.asynchttpclient.netty.request.NettyRequestSender - Using open Channel [id: 0x6e3b9711, L:/127.0.0.1:65189 - R:localhost/127.0.0.1:64757] for GET '/session/dd36b9f381f4dfbc806838977a449b91/url'
11:45:20.375 [AsyncHttpClient-1-2] DEBUG org.asynchttpclient.netty.handler.HttpHandler - 

Request DefaultFullHttpRequest(decodeResult: success, version: HTTP/1.1, content: EmptyByteBufBE)
GET /session/dd36b9f381f4dfbc806838977a449b91/url HTTP/1.1
User-Agent: selenium/4.1.2 (java windows)
Cache-Control: no-cache
Content-Type: application/json; charset=utf-8
host: localhost:64757
accept: */*

Response DefaultHttpResponse(decodeResult: success, version: HTTP/1.1)
HTTP/1.1 200 OK
Content-Type: application/json; charset=utf-8
cache-control: no-cache
content-length: 31

11:45:20.376 [AsyncHttpClient-1-2] DEBUG org.asynchttpclient.netty.channel.ChannelManager - Adding key: http://localhost:64757 for channel [id: 0x6e3b9711, L:/127.0.0.1:65189 - R:localhost/127.0.0.1:64757]
11:45:20.409 [main] DEBUG net.serenitybdd.core.photography.Darkroom - Opening darkroom
11:45:20.410 [Darkroom Processing Line] DEBUG net.serenitybdd.core.photography.DarkroomProcessingLine - Darkroom processing line starting up
11:45:20.411 [Forwarding screenshot on session dd36b9f381f4dfbc806838977a449b91 to remote] DEBUG org.asynchttpclient.netty.request.NettyRequestSender - Using pooled Channel '[id: 0x6e3b9711, L:/127.0.0.1:65189 - R:localhost/127.0.0.1:64757]' for 'GET' to 'http://localhost:64757/session/dd36b9f381f4dfbc806838977a449b91/screenshot'
11:45:20.411 [Forwarding screenshot on session dd36b9f381f4dfbc806838977a449b91 to remote] DEBUG org.asynchttpclient.netty.request.NettyRequestSender - Using open Channel [id: 0x6e3b9711, L:/127.0.0.1:65189 - R:localhost/127.0.0.1:64757] for GET '/session/dd36b9f381f4dfbc806838977a449b91/screenshot'
11:45:20.603 [AsyncHttpClient-1-2] DEBUG org.asynchttpclient.netty.handler.HttpHandler - 

Request DefaultFullHttpRequest(decodeResult: success, version: HTTP/1.1, content: EmptyByteBufBE)
GET /session/dd36b9f381f4dfbc806838977a449b91/screenshot HTTP/1.1
User-Agent: selenium/4.1.2 (java windows)
Cache-Control: no-cache
Content-Type: application/json; charset=utf-8
host: localhost:64757
accept: */*

Response DefaultHttpResponse(decodeResult: success, version: HTTP/1.1)
HTTP/1.1 200 OK
Content-Type: application/json; charset=utf-8
cache-control: no-cache
content-length: 57288

11:45:20.604 [AsyncHttpClient-1-2] DEBUG org.asynchttpclient.netty.channel.ChannelManager - Adding key: http://localhost:64757 for channel [id: 0x6e3b9711, L:/127.0.0.1:65189 - R:localhost/127.0.0.1:64757]
11:45:20.693 [main] DEBUG net.serenitybdd.core.photography.Darkroom - Send negative for processing for target\site\serenity\0a37a57e99a68854a8f24062992a14b3b696160ce0e0641f8a6144a00b5b7b3a.png
11:45:20.694 [Darkroom Processing Line] DEBUG net.serenitybdd.core.photography.DarkroomProcessingLine - Processing screenshot image in /var/screenshots/screenshot-7917304878185445157
11:45:20.694 [Darkroom Processing Line] DEBUG net.serenitybdd.core.photography.DarkroomProcessingLine - Saving screenshot to target\site\serenity\0a37a57e99a68854a8f24062992a14b3b696160ce0e0641f8a6144a00b5b7b3a.png
11:45:20.698 [main] DEBUG net.thucydides.core.steps.StepInterceptor - STEP DONE: openPage
11:45:20.709 [main] DEBUG net.thucydides.core.steps.StepInterceptor - STARTING STEP: LoginSteps.ontheLoginPage - clickLoginIcon
11:45:20.717 [Forwarding findElement on session dd36b9f381f4dfbc806838977a449b91 to remote] DEBUG org.asynchttpclient.netty.request.NettyRequestSender - Using pooled Channel '[id: 0x6e3b9711, L:/127.0.0.1:65189 - R:localhost/127.0.0.1:64757]' for 'POST' to 'http://localhost:64757/session/dd36b9f381f4dfbc806838977a449b91/element'
11:45:20.717 [Forwarding findElement on session dd36b9f381f4dfbc806838977a449b91 to remote] DEBUG org.asynchttpclient.netty.request.NettyRequestSender - Using open Channel [id: 0x6e3b9711, L:/127.0.0.1:65189 - R:localhost/127.0.0.1:64757] for POST '/session/dd36b9f381f4dfbc806838977a449b91/element'
11:45:20.748 [AsyncHttpClient-1-2] DEBUG org.asynchttpclient.netty.handler.HttpHandler - 

Request DefaultHttpRequest(decodeResult: success, version: HTTP/1.1)
POST /session/dd36b9f381f4dfbc806838977a449b91/element HTTP/1.1
User-Agent: selenium/4.1.2 (java windows)
Content-Length: 139
Content-Type: application/json; charset=utf-8
host: localhost:64757
accept: */*

Response DefaultHttpResponse(decodeResult: success, version: HTTP/1.1)
HTTP/1.1 200 OK
Content-Type: application/json; charset=utf-8
cache-control: no-cache
content-length: 88

11:45:20.748 [AsyncHttpClient-1-2] DEBUG org.asynchttpclient.netty.channel.ChannelManager - Adding key: http://localhost:64757 for channel [id: 0x6e3b9711, L:/127.0.0.1:65189 - R:localhost/127.0.0.1:64757]
11:45:20.751 [Forwarding getElementTagName on session dd36b9f381f4dfbc806838977a449b91 to remote] DEBUG org.asynchttpclient.netty.request.NettyRequestSender - Using pooled Channel '[id: 0x6e3b9711, L:/127.0.0.1:65189 - R:localhost/127.0.0.1:64757]' for 'GET' to 'http://localhost:64757/session/dd36b9f381f4dfbc806838977a449b91/element/51cc9c92-57e1-4086-a479-1a884fad73d8/name'
11:45:20.751 [Forwarding getElementTagName on session dd36b9f381f4dfbc806838977a449b91 to remote] DEBUG org.asynchttpclient.netty.request.NettyRequestSender - Using open Channel [id: 0x6e3b9711, L:/127.0.0.1:65189 - R:localhost/127.0.0.1:64757] for GET '/session/dd36b9f381f4dfbc806838977a449b91/element/51cc9c92-57e1-4086-a479-1a884fad73d8/name'
11:45:20.764 [AsyncHttpClient-1-2] DEBUG org.asynchttpclient.netty.handler.HttpHandler - 

Request DefaultFullHttpRequest(decodeResult: success, version: HTTP/1.1, content: EmptyByteBufBE)
GET /session/dd36b9f381f4dfbc806838977a449b91/element/51cc9c92-57e1-4086-a479-1a884fad73d8/name HTTP/1.1
User-Agent: selenium/4.1.2 (java windows)
Cache-Control: no-cache
Content-Type: application/json; charset=utf-8
host: localhost:64757
accept: */*

Response DefaultHttpResponse(decodeResult: success, version: HTTP/1.1)
HTTP/1.1 200 OK
Content-Type: application/json; charset=utf-8
cache-control: no-cache
content-length: 18

11:45:20.764 [AsyncHttpClient-1-2] DEBUG org.asynchttpclient.netty.channel.ChannelManager - Adding key: http://localhost:64757 for channel [id: 0x6e3b9711, L:/127.0.0.1:65189 - R:localhost/127.0.0.1:64757]
11:45:20.767 [Forwarding getElementTagName on session dd36b9f381f4dfbc806838977a449b91 to remote] DEBUG org.asynchttpclient.netty.request.NettyRequestSender - Using pooled Channel '[id: 0x6e3b9711, L:/127.0.0.1:65189 - R:localhost/127.0.0.1:64757]' for 'GET' to 'http://localhost:64757/session/dd36b9f381f4dfbc806838977a449b91/element/51cc9c92-57e1-4086-a479-1a884fad73d8/name'
11:45:20.767 [Forwarding getElementTagName on session dd36b9f381f4dfbc806838977a449b91 to remote] DEBUG org.asynchttpclient.netty.request.NettyRequestSender - Using open Channel [id: 0x6e3b9711, L:/127.0.0.1:65189 - R:localhost/127.0.0.1:64757] for GET '/session/dd36b9f381f4dfbc806838977a449b91/element/51cc9c92-57e1-4086-a479-1a884fad73d8/name'
11:45:20.797 [AsyncHttpClient-1-2] DEBUG org.asynchttpclient.netty.handler.HttpHandler - 

Request DefaultFullHttpRequest(decodeResult: success, version: HTTP/1.1, content: EmptyByteBufBE)
GET /session/dd36b9f381f4dfbc806838977a449b91/element/51cc9c92-57e1-4086-a479-1a884fad73d8/name HTTP/1.1
User-Agent: selenium/4.1.2 (java windows)
Cache-Control: no-cache
Content-Type: application/json; charset=utf-8
host: localhost:64757
accept: */*

Response DefaultHttpResponse(decodeResult: success, version: HTTP/1.1)
HTTP/1.1 200 OK
Content-Type: application/json; charset=utf-8
cache-control: no-cache
content-length: 18

11:45:20.797 [AsyncHttpClient-1-2] DEBUG org.asynchttpclient.netty.channel.ChannelManager - Adding key: http://localhost:64757 for channel [id: 0x6e3b9711, L:/127.0.0.1:65189 - R:localhost/127.0.0.1:64757]
11:45:20.803 [Forwarding isElementEnabled on session dd36b9f381f4dfbc806838977a449b91 to remote] DEBUG org.asynchttpclient.netty.request.NettyRequestSender - Using pooled Channel '[id: 0x6e3b9711, L:/127.0.0.1:65189 - R:localhost/127.0.0.1:64757]' for 'GET' to 'http://localhost:64757/session/dd36b9f381f4dfbc806838977a449b91/element/51cc9c92-57e1-4086-a479-1a884fad73d8/enabled'
11:45:20.803 [Forwarding isElementEnabled on session dd36b9f381f4dfbc806838977a449b91 to remote] DEBUG org.asynchttpclient.netty.request.NettyRequestSender - Using open Channel [id: 0x6e3b9711, L:/127.0.0.1:65189 - R:localhost/127.0.0.1:64757] for GET '/session/dd36b9f381f4dfbc806838977a449b91/element/51cc9c92-57e1-4086-a479-1a884fad73d8/enabled'
11:45:20.837 [AsyncHttpClient-1-2] DEBUG org.asynchttpclient.netty.handler.HttpHandler - 

Request DefaultFullHttpRequest(decodeResult: success, version: HTTP/1.1, content: EmptyByteBufBE)
GET /session/dd36b9f381f4dfbc806838977a449b91/element/51cc9c92-57e1-4086-a479-1a884fad73d8/enabled HTTP/1.1
User-Agent: selenium/4.1.2 (java windows)
Cache-Control: no-cache
Content-Type: application/json; charset=utf-8
host: localhost:64757
accept: */*

Response DefaultHttpResponse(decodeResult: success, version: HTTP/1.1)
HTTP/1.1 200 OK
Content-Type: application/json; charset=utf-8
cache-control: no-cache
content-length: 14

11:45:20.837 [AsyncHttpClient-1-2] DEBUG org.asynchttpclient.netty.channel.ChannelManager - Adding key: http://localhost:64757 for channel [id: 0x6e3b9711, L:/127.0.0.1:65189 - R:localhost/127.0.0.1:64757]
11:45:20.840 [Forwarding isElementEnabled on session dd36b9f381f4dfbc806838977a449b91 to remote] DEBUG org.asynchttpclient.netty.request.NettyRequestSender - Using pooled Channel '[id: 0x6e3b9711, L:/127.0.0.1:65189 - R:localhost/127.0.0.1:64757]' for 'GET' to 'http://localhost:64757/session/dd36b9f381f4dfbc806838977a449b91/element/51cc9c92-57e1-4086-a479-1a884fad73d8/enabled'
11:45:20.840 [Forwarding isElementEnabled on session dd36b9f381f4dfbc806838977a449b91 to remote] DEBUG org.asynchttpclient.netty.request.NettyRequestSender - Using open Channel [id: 0x6e3b9711, L:/127.0.0.1:65189 - R:localhost/127.0.0.1:64757] for GET '/session/dd36b9f381f4dfbc806838977a449b91/element/51cc9c92-57e1-4086-a479-1a884fad73d8/enabled'
11:45:20.859 [AsyncHttpClient-1-2] DEBUG org.asynchttpclient.netty.handler.HttpHandler - 

Request DefaultFullHttpRequest(decodeResult: success, version: HTTP/1.1, content: EmptyByteBufBE)
GET /session/dd36b9f381f4dfbc806838977a449b91/element/51cc9c92-57e1-4086-a479-1a884fad73d8/enabled HTTP/1.1
User-Agent: selenium/4.1.2 (java windows)
Cache-Control: no-cache
Content-Type: application/json; charset=utf-8
host: localhost:64757
accept: */*

Response DefaultHttpResponse(decodeResult: success, version: HTTP/1.1)
HTTP/1.1 200 OK
Content-Type: application/json; charset=utf-8
cache-control: no-cache
content-length: 14

11:45:20.860 [AsyncHttpClient-1-2] DEBUG org.asynchttpclient.netty.channel.ChannelManager - Adding key: http://localhost:64757 for channel [id: 0x6e3b9711, L:/127.0.0.1:65189 - R:localhost/127.0.0.1:64757]
11:45:20.862 [Forwarding findElement on session dd36b9f381f4dfbc806838977a449b91 to remote] DEBUG org.asynchttpclient.netty.request.NettyRequestSender - Using pooled Channel '[id: 0x6e3b9711, L:/127.0.0.1:65189 - R:localhost/127.0.0.1:64757]' for 'POST' to 'http://localhost:64757/session/dd36b9f381f4dfbc806838977a449b91/element'
11:45:20.863 [Forwarding findElement on session dd36b9f381f4dfbc806838977a449b91 to remote] DEBUG org.asynchttpclient.netty.request.NettyRequestSender - Using open Channel [id: 0x6e3b9711, L:/127.0.0.1:65189 - R:localhost/127.0.0.1:64757] for POST '/session/dd36b9f381f4dfbc806838977a449b91/element'
11:45:20.891 [AsyncHttpClient-1-2] DEBUG org.asynchttpclient.netty.handler.HttpHandler - 

Request DefaultHttpRequest(decodeResult: success, version: HTTP/1.1)
POST /session/dd36b9f381f4dfbc806838977a449b91/element HTTP/1.1
User-Agent: selenium/4.1.2 (java windows)
Content-Length: 139
Content-Type: application/json; charset=utf-8
host: localhost:64757
accept: */*

Response DefaultHttpResponse(decodeResult: success, version: HTTP/1.1)
HTTP/1.1 200 OK
Content-Type: application/json; charset=utf-8
cache-control: no-cache
content-length: 88

11:45:20.891 [AsyncHttpClient-1-2] DEBUG org.asynchttpclient.netty.channel.ChannelManager - Adding key: http://localhost:64757 for channel [id: 0x6e3b9711, L:/127.0.0.1:65189 - R:localhost/127.0.0.1:64757]
11:45:20.893 [Forwarding clickElement on session dd36b9f381f4dfbc806838977a449b91 to remote] DEBUG org.asynchttpclient.netty.request.NettyRequestSender - Using pooled Channel '[id: 0x6e3b9711, L:/127.0.0.1:65189 - R:localhost/127.0.0.1:64757]' for 'POST' to 'http://localhost:64757/session/dd36b9f381f4dfbc806838977a449b91/element/51cc9c92-57e1-4086-a479-1a884fad73d8/click'
11:45:20.893 [Forwarding clickElement on session dd36b9f381f4dfbc806838977a449b91 to remote] DEBUG org.asynchttpclient.netty.request.NettyRequestSender - Using open Channel [id: 0x6e3b9711, L:/127.0.0.1:65189 - R:localhost/127.0.0.1:64757] for POST '/session/dd36b9f381f4dfbc806838977a449b91/element/51cc9c92-57e1-4086-a479-1a884fad73d8/click'
11:45:20.968 [AsyncHttpClient-1-2] DEBUG org.asynchttpclient.netty.handler.HttpHandler - 

Request DefaultHttpRequest(decodeResult: success, version: HTTP/1.1)
POST /session/dd36b9f381f4dfbc806838977a449b91/element/51cc9c92-57e1-4086-a479-1a884fad73d8/click HTTP/1.1
User-Agent: selenium/4.1.2 (java windows)
Content-Length: 50
Content-Type: application/json; charset=utf-8
host: localhost:64757
accept: */*

Response DefaultHttpResponse(decodeResult: success, version: HTTP/1.1)
HTTP/1.1 200 OK
Content-Type: application/json; charset=utf-8
cache-control: no-cache
content-length: 14

11:45:20.968 [AsyncHttpClient-1-2] DEBUG org.asynchttpclient.netty.channel.ChannelManager - Adding key: http://localhost:64757 for channel [id: 0x6e3b9711, L:/127.0.0.1:65189 - R:localhost/127.0.0.1:64757]
11:45:20.980 [Forwarding screenshot on session dd36b9f381f4dfbc806838977a449b91 to remote] DEBUG org.asynchttpclient.netty.request.NettyRequestSender - Using pooled Channel '[id: 0x6e3b9711, L:/127.0.0.1:65189 - R:localhost/127.0.0.1:64757]' for 'GET' to 'http://localhost:64757/session/dd36b9f381f4dfbc806838977a449b91/screenshot'
11:45:20.980 [Forwarding screenshot on session dd36b9f381f4dfbc806838977a449b91 to remote] DEBUG org.asynchttpclient.netty.request.NettyRequestSender - Using open Channel [id: 0x6e3b9711, L:/127.0.0.1:65189 - R:localhost/127.0.0.1:64757] for GET '/session/dd36b9f381f4dfbc806838977a449b91/screenshot'
11:45:21.404 [AsyncHttpClient-1-2] DEBUG org.asynchttpclient.netty.handler.HttpHandler - 

Request DefaultFullHttpRequest(decodeResult: success, version: HTTP/1.1, content: EmptyByteBufBE)
GET /session/dd36b9f381f4dfbc806838977a449b91/screenshot HTTP/1.1
User-Agent: selenium/4.1.2 (java windows)
Cache-Control: no-cache
Content-Type: application/json; charset=utf-8
host: localhost:64757
accept: */*

Response DefaultHttpResponse(decodeResult: success, version: HTTP/1.1)
HTTP/1.1 200 OK
Content-Type: application/json; charset=utf-8
cache-control: no-cache
content-length: 26128

11:45:21.404 [AsyncHttpClient-1-2] DEBUG org.asynchttpclient.netty.channel.ChannelManager - Adding key: http://localhost:64757 for channel [id: 0x6e3b9711, L:/127.0.0.1:65189 - R:localhost/127.0.0.1:64757]
11:45:21.409 [main] DEBUG net.serenitybdd.core.photography.Darkroom - Send negative for processing for target\site\serenity\e45e41ed291a3d9e98df0d8c18be0f21d9bbb8a02cdbbaac6866d75f7cfbc5a8.png
11:45:21.410 [main] DEBUG net.thucydides.core.steps.StepInterceptor - STEP DONE: clickLoginIcon
11:45:21.410 [Darkroom Processing Line] DEBUG net.serenitybdd.core.photography.DarkroomProcessingLine - Processing screenshot image in /var/screenshots/screenshot-12042032019413540645
11:45:21.410 [Darkroom Processing Line] DEBUG net.serenitybdd.core.photography.DarkroomProcessingLine - Saving screenshot to target\site\serenity\e45e41ed291a3d9e98df0d8c18be0f21d9bbb8a02cdbbaac6866d75f7cfbc5a8.png
11:45:21.416 [main] DEBUG net.thucydides.core.steps.StepInterceptor - STARTING STEP: LoginSteps.ontheLoginPage - validateonLoginPage
11:45:21.419 [Forwarding findElement on session dd36b9f381f4dfbc806838977a449b91 to remote] DEBUG org.asynchttpclient.netty.request.NettyRequestSender - Using pooled Channel '[id: 0x6e3b9711, L:/127.0.0.1:65189 - R:localhost/127.0.0.1:64757]' for 'POST' to 'http://localhost:64757/session/dd36b9f381f4dfbc806838977a449b91/element'
11:45:21.419 [Forwarding findElement on session dd36b9f381f4dfbc806838977a449b91 to remote] DEBUG org.asynchttpclient.netty.request.NettyRequestSender - Using open Channel [id: 0x6e3b9711, L:/127.0.0.1:65189 - R:localhost/127.0.0.1:64757] for POST '/session/dd36b9f381f4dfbc806838977a449b91/element'
11:45:21.424 [AsyncHttpClient-1-1] DEBUG org.asynchttpclient.netty.channel.DefaultChannelPool - Entry count for : http://localhost:65191 : 1
11:45:21.441 [AsyncHttpClient-1-2] DEBUG org.asynchttpclient.netty.handler.HttpHandler - 

Request DefaultHttpRequest(decodeResult: success, version: HTTP/1.1)
POST /session/dd36b9f381f4dfbc806838977a449b91/element HTTP/1.1
User-Agent: selenium/4.1.2 (java windows)
Content-Length: 99
Content-Type: application/json; charset=utf-8
host: localhost:64757
accept: */*

Response DefaultHttpResponse(decodeResult: success, version: HTTP/1.1)
HTTP/1.1 200 OK
Content-Type: application/json; charset=utf-8
cache-control: no-cache
content-length: 88

11:45:21.441 [AsyncHttpClient-1-2] DEBUG org.asynchttpclient.netty.channel.ChannelManager - Adding key: http://localhost:64757 for channel [id: 0x6e3b9711, L:/127.0.0.1:65189 - R:localhost/127.0.0.1:64757]
11:45:21.449 [Forwarding isElementDisplayed on session dd36b9f381f4dfbc806838977a449b91 to remote] DEBUG org.asynchttpclient.netty.request.NettyRequestSender - Using pooled Channel '[id: 0x6e3b9711, L:/127.0.0.1:65189 - R:localhost/127.0.0.1:64757]' for 'POST' to 'http://localhost:64757/session/dd36b9f381f4dfbc806838977a449b91/execute/sync'
11:45:21.450 [Forwarding isElementDisplayed on session dd36b9f381f4dfbc806838977a449b91 to remote] DEBUG org.asynchttpclient.netty.request.NettyRequestSender - Using open Channel [id: 0x6e3b9711, L:/127.0.0.1:65189 - R:localhost/127.0.0.1:64757] for POST '/session/dd36b9f381f4dfbc806838977a449b91/execute/sync'
11:45:21.467 [AsyncHttpClient-1-2] DEBUG org.asynchttpclient.netty.handler.HttpHandler - 

Request DefaultHttpRequest(decodeResult: success, version: HTTP/1.1)
POST /session/dd36b9f381f4dfbc806838977a449b91/execute/sync HTTP/1.1
User-Agent: selenium/4.1.2 (java windows)
Content-Length: 48780
Content-Type: application/json; charset=utf-8
host: localhost:64757
accept: */*

Response DefaultHttpResponse(decodeResult: success, version: HTTP/1.1)
HTTP/1.1 200 OK
Content-Type: application/json; charset=utf-8
cache-control: no-cache
content-length: 14

11:45:21.468 [AsyncHttpClient-1-2] DEBUG org.asynchttpclient.netty.channel.ChannelManager - Adding key: http://localhost:64757 for channel [id: 0x6e3b9711, L:/127.0.0.1:65189 - R:localhost/127.0.0.1:64757]
11:45:21.479 [Forwarding screenshot on session dd36b9f381f4dfbc806838977a449b91 to remote] DEBUG org.asynchttpclient.netty.request.NettyRequestSender - Using pooled Channel '[id: 0x6e3b9711, L:/127.0.0.1:65189 - R:localhost/127.0.0.1:64757]' for 'GET' to 'http://localhost:64757/session/dd36b9f381f4dfbc806838977a449b91/screenshot'
11:45:21.479 [Forwarding screenshot on session dd36b9f381f4dfbc806838977a449b91 to remote] DEBUG org.asynchttpclient.netty.request.NettyRequestSender - Using open Channel [id: 0x6e3b9711, L:/127.0.0.1:65189 - R:localhost/127.0.0.1:64757] for GET '/session/dd36b9f381f4dfbc806838977a449b91/screenshot'
11:45:21.663 [AsyncHttpClient-1-2] DEBUG org.asynchttpclient.netty.handler.HttpHandler - 

Request DefaultFullHttpRequest(decodeResult: success, version: HTTP/1.1, content: EmptyByteBufBE)
GET /session/dd36b9f381f4dfbc806838977a449b91/screenshot HTTP/1.1
User-Agent: selenium/4.1.2 (java windows)
Cache-Control: no-cache
Content-Type: application/json; charset=utf-8
host: localhost:64757
accept: */*

Response DefaultHttpResponse(decodeResult: success, version: HTTP/1.1)
HTTP/1.1 200 OK
Content-Type: application/json; charset=utf-8
cache-control: no-cache
content-length: 25940

11:45:21.664 [AsyncHttpClient-1-2] DEBUG org.asynchttpclient.netty.channel.ChannelManager - Adding key: http://localhost:64757 for channel [id: 0x6e3b9711, L:/127.0.0.1:65189 - R:localhost/127.0.0.1:64757]
11:45:21.666 [main] DEBUG net.serenitybdd.core.photography.Darkroom - Send negative for processing for target\site\serenity\0eb23078dbc8f6bc59d6784c6b2f08a8c7fb03bc717cb34cbedbd556b937f699.png
11:45:21.667 [main] DEBUG net.thucydides.core.steps.StepInterceptor - STEP DONE: validateonLoginPage
11:45:21.667 [Darkroom Processing Line] DEBUG net.serenitybdd.core.photography.DarkroomProcessingLine - Processing screenshot image in /var/screenshots/screenshot-2556460195824021001
11:45:21.667 [Darkroom Processing Line] DEBUG net.serenitybdd.core.photography.DarkroomProcessingLine - Saving screenshot to target\site\serenity\0eb23078dbc8f6bc59d6784c6b2f08a8c7fb03bc717cb34cbedbd556b937f699.png
  &amp#27;[32mGiven &amp#27;[0m&amp#27;[32muser on login page&amp#27;[0m                        &amp#27;[90m# starter.definitions.LoginSteps.ontheLoginPage()&amp#27;[0m
11:45:21.688 [main] DEBUG net.thucydides.core.steps.StepInterceptor - STARTING STEP: LoginSteps.ValidEmail - inputEmail
11:45:21.691 [Forwarding findElement on session dd36b9f381f4dfbc806838977a449b91 to remote] DEBUG org.asynchttpclient.netty.request.NettyRequestSender - Using pooled Channel '[id: 0x6e3b9711, L:/127.0.0.1:65189 - R:localhost/127.0.0.1:64757]' for 'POST' to 'http://localhost:64757/session/dd36b9f381f4dfbc806838977a449b91/element'
11:45:21.691 [Forwarding findElement on session dd36b9f381f4dfbc806838977a449b91 to remote] DEBUG org.asynchttpclient.netty.request.NettyRequestSender - Using open Channel [id: 0x6e3b9711, L:/127.0.0.1:65189 - R:localhost/127.0.0.1:64757] for POST '/session/dd36b9f381f4dfbc806838977a449b91/element'
11:45:21.712 [AsyncHttpClient-1-2] DEBUG org.asynchttpclient.netty.handler.HttpHandler - 

Request DefaultHttpRequest(decodeResult: success, version: HTTP/1.1)
POST /session/dd36b9f381f4dfbc806838977a449b91/element HTTP/1.1
User-Agent: selenium/4.1.2 (java windows)
Content-Length: 110
Content-Type: application/json; charset=utf-8
host: localhost:64757
accept: */*

Response DefaultHttpResponse(decodeResult: success, version: HTTP/1.1)
HTTP/1.1 200 OK
Content-Type: application/json; charset=utf-8
cache-control: no-cache
content-length: 88

11:45:21.713 [AsyncHttpClient-1-2] DEBUG org.asynchttpclient.netty.channel.ChannelManager - Adding key: http://localhost:64757 for channel [id: 0x6e3b9711, L:/127.0.0.1:65189 - R:localhost/127.0.0.1:64757]
11:45:21.749 [Forwarding clearElement on session dd36b9f381f4dfbc806838977a449b91 to remote] DEBUG org.asynchttpclient.netty.request.NettyRequestSender - Using pooled Channel '[id: 0x6e3b9711, L:/127.0.0.1:65189 - R:localhost/127.0.0.1:64757]' for 'POST' to 'http://localhost:64757/session/dd36b9f381f4dfbc806838977a449b91/element/03f5a786-9ff8-4ec3-a8f0-c1b89361123f/clear'
11:45:21.749 [Forwarding clearElement on session dd36b9f381f4dfbc806838977a449b91 to remote] DEBUG org.asynchttpclient.netty.request.NettyRequestSender - Using open Channel [id: 0x6e3b9711, L:/127.0.0.1:65189 - R:localhost/127.0.0.1:64757] for POST '/session/dd36b9f381f4dfbc806838977a449b91/element/03f5a786-9ff8-4ec3-a8f0-c1b89361123f/clear'
11:45:21.802 [AsyncHttpClient-1-2] DEBUG org.asynchttpclient.netty.handler.HttpHandler - 

Request DefaultHttpRequest(decodeResult: success, version: HTTP/1.1)
POST /session/dd36b9f381f4dfbc806838977a449b91/element/03f5a786-9ff8-4ec3-a8f0-c1b89361123f/clear HTTP/1.1
User-Agent: selenium/4.1.2 (java windows)
Content-Length: 50
Content-Type: application/json; charset=utf-8
host: localhost:64757
accept: */*

Response DefaultHttpResponse(decodeResult: success, version: HTTP/1.1)
HTTP/1.1 200 OK
Content-Type: application/json; charset=utf-8
cache-control: no-cache
content-length: 14

11:45:21.803 [AsyncHttpClient-1-2] DEBUG org.asynchttpclient.netty.channel.ChannelManager - Adding key: http://localhost:64757 for channel [id: 0x6e3b9711, L:/127.0.0.1:65189 - R:localhost/127.0.0.1:64757]
11:45:21.807 [Forwarding sendKeysToElement on session dd36b9f381f4dfbc806838977a449b91 to remote] DEBUG org.asynchttpclient.netty.request.NettyRequestSender - Using pooled Channel '[id: 0x6e3b9711, L:/127.0.0.1:65189 - R:localhost/127.0.0.1:64757]' for 'POST' to 'http://localhost:64757/session/dd36b9f381f4dfbc806838977a449b91/element/03f5a786-9ff8-4ec3-a8f0-c1b89361123f/value'
11:45:21.807 [Forwarding sendKeysToElement on session dd36b9f381f4dfbc806838977a449b91 to remote] DEBUG org.asynchttpclient.netty.request.NettyRequestSender - Using open Channel [id: 0x6e3b9711, L:/127.0.0.1:65189 - R:localhost/127.0.0.1:64757] for POST '/session/dd36b9f381f4dfbc806838977a449b91/element/03f5a786-9ff8-4ec3-a8f0-c1b89361123f/value'
11:45:21.926 [AsyncHttpClient-1-2] DEBUG org.asynchttpclient.netty.handler.HttpHandler - 

Request DefaultHttpRequest(decodeResult: success, version: HTTP/1.1)
POST /session/dd36b9f381f4dfbc806838977a449b91/element/03f5a786-9ff8-4ec3-a8f0-c1b89361123f/value HTTP/1.1
User-Agent: selenium/4.1.2 (java windows)
Content-Length: 241
Content-Type: application/json; charset=utf-8
host: localhost:64757
accept: */*

Response DefaultHttpResponse(decodeResult: success, version: HTTP/1.1)
HTTP/1.1 200 OK
Content-Type: application/json; charset=utf-8
cache-control: no-cache
content-length: 14

11:45:21.926 [AsyncHttpClient-1-2] DEBUG org.asynchttpclient.netty.channel.ChannelManager - Adding key: http://localhost:64757 for channel [id: 0x6e3b9711, L:/127.0.0.1:65189 - R:localhost/127.0.0.1:64757]
11:45:21.934 [Forwarding screenshot on session dd36b9f381f4dfbc806838977a449b91 to remote] DEBUG org.asynchttpclient.netty.request.NettyRequestSender - Using pooled Channel '[id: 0x6e3b9711, L:/127.0.0.1:65189 - R:localhost/127.0.0.1:64757]' for 'GET' to 'http://localhost:64757/session/dd36b9f381f4dfbc806838977a449b91/screenshot'
11:45:21.934 [Forwarding screenshot on session dd36b9f381f4dfbc806838977a449b91 to remote] DEBUG org.asynchttpclient.netty.request.NettyRequestSender - Using open Channel [id: 0x6e3b9711, L:/127.0.0.1:65189 - R:localhost/127.0.0.1:64757] for GET '/session/dd36b9f381f4dfbc806838977a449b91/screenshot'
11:45:22.190 [AsyncHttpClient-1-2] DEBUG org.asynchttpclient.netty.handler.HttpHandler - 

Request DefaultFullHttpRequest(decodeResult: success, version: HTTP/1.1, content: EmptyByteBufBE)
GET /session/dd36b9f381f4dfbc806838977a449b91/screenshot HTTP/1.1
User-Agent: selenium/4.1.2 (java windows)
Cache-Control: no-cache
Content-Type: application/json; charset=utf-8
host: localhost:64757
accept: */*

Response DefaultHttpResponse(decodeResult: success, version: HTTP/1.1)
HTTP/1.1 200 OK
Content-Type: application/json; charset=utf-8
cache-control: no-cache
content-length: 30068

11:45:22.191 [AsyncHttpClient-1-2] DEBUG org.asynchttpclient.netty.channel.ChannelManager - Adding key: http://localhost:64757 for channel [id: 0x6e3b9711, L:/127.0.0.1:65189 - R:localhost/127.0.0.1:64757]
11:45:22.193 [main] DEBUG net.serenitybdd.core.photography.Darkroom - Send negative for processing for target\site\serenity\abf454d318c157e582fa8286834ddcaff49bdd2d9f18fd10f5099baf687dcae0.png
11:45:22.193 [main] DEBUG net.thucydides.core.steps.StepInterceptor - STEP DONE: inputEmail
  &amp#27;[32mWhen &amp#27;[0m&amp#27;[32muser input valid email&amp#27;[0m                     &amp#27;[90m# starter.definitions.LoginSteps.ValidEmail()&amp#27;[0m
11:45:22.194 [Darkroom Processing Line] DEBUG net.serenitybdd.core.photography.DarkroomProcessingLine - Processing screenshot image in /var/screenshots/screenshot-4180365880627264113
11:45:22.194 [Darkroom Processing Line] DEBUG net.serenitybdd.core.photography.DarkroomProcessingLine - Saving screenshot to target\site\serenity\abf454d318c157e582fa8286834ddcaff49bdd2d9f18fd10f5099baf687dcae0.png
11:45:22.216 [main] DEBUG net.thucydides.core.steps.StepInterceptor - STARTING STEP: LoginSteps.ValidPassword - inputPassword
11:45:22.219 [Forwarding findElement on session dd36b9f381f4dfbc806838977a449b91 to remote] DEBUG org.asynchttpclient.netty.request.NettyRequestSender - Using pooled Channel '[id: 0x6e3b9711, L:/127.0.0.1:65189 - R:localhost/127.0.0.1:64757]' for 'POST' to 'http://localhost:64757/session/dd36b9f381f4dfbc806838977a449b91/element'
11:45:22.219 [Forwarding findElement on session dd36b9f381f4dfbc806838977a449b91 to remote] DEBUG org.asynchttpclient.netty.request.NettyRequestSender - Using open Channel [id: 0x6e3b9711, L:/127.0.0.1:65189 - R:localhost/127.0.0.1:64757] for POST '/session/dd36b9f381f4dfbc806838977a449b91/element'
11:45:22.237 [AsyncHttpClient-1-2] DEBUG org.asynchttpclient.netty.handler.HttpHandler - 

Request DefaultHttpRequest(decodeResult: success, version: HTTP/1.1)
POST /session/dd36b9f381f4dfbc806838977a449b91/element HTTP/1.1
User-Agent: selenium/4.1.2 (java windows)
Content-Length: 113
Content-Type: application/json; charset=utf-8
host: localhost:64757
accept: */*

Response DefaultHttpResponse(decodeResult: success, version: HTTP/1.1)
HTTP/1.1 200 OK
Content-Type: application/json; charset=utf-8
cache-control: no-cache
content-length: 88

11:45:22.237 [AsyncHttpClient-1-2] DEBUG org.asynchttpclient.netty.channel.ChannelManager - Adding key: http://localhost:64757 for channel [id: 0x6e3b9711, L:/127.0.0.1:65189 - R:localhost/127.0.0.1:64757]
11:45:22.239 [Forwarding clearElement on session dd36b9f381f4dfbc806838977a449b91 to remote] DEBUG org.asynchttpclient.netty.request.NettyRequestSender - Using pooled Channel '[id: 0x6e3b9711, L:/127.0.0.1:65189 - R:localhost/127.0.0.1:64757]' for 'POST' to 'http://localhost:64757/session/dd36b9f381f4dfbc806838977a449b91/element/2f2a139a-eefb-42bd-a392-2b45dc58946c/clear'
11:45:22.239 [Forwarding clearElement on session dd36b9f381f4dfbc806838977a449b91 to remote] DEBUG org.asynchttpclient.netty.request.NettyRequestSender - Using open Channel [id: 0x6e3b9711, L:/127.0.0.1:65189 - R:localhost/127.0.0.1:64757] for POST '/session/dd36b9f381f4dfbc806838977a449b91/element/2f2a139a-eefb-42bd-a392-2b45dc58946c/clear'
11:45:22.279 [AsyncHttpClient-1-2] DEBUG org.asynchttpclient.netty.handler.HttpHandler - 

Request DefaultHttpRequest(decodeResult: success, version: HTTP/1.1)
POST /session/dd36b9f381f4dfbc806838977a449b91/element/2f2a139a-eefb-42bd-a392-2b45dc58946c/clear HTTP/1.1
User-Agent: selenium/4.1.2 (java windows)
Content-Length: 50
Content-Type: application/json; charset=utf-8
host: localhost:64757
accept: */*

Response DefaultHttpResponse(decodeResult: success, version: HTTP/1.1)
HTTP/1.1 200 OK
Content-Type: application/json; charset=utf-8
cache-control: no-cache
content-length: 14

11:45:22.279 [AsyncHttpClient-1-2] DEBUG org.asynchttpclient.netty.channel.ChannelManager - Adding key: http://localhost:64757 for channel [id: 0x6e3b9711, L:/127.0.0.1:65189 - R:localhost/127.0.0.1:64757]
11:45:22.282 [Forwarding sendKeysToElement on session dd36b9f381f4dfbc806838977a449b91 to remote] DEBUG org.asynchttpclient.netty.request.NettyRequestSender - Using pooled Channel '[id: 0x6e3b9711, L:/127.0.0.1:65189 - R:localhost/127.0.0.1:64757]' for 'POST' to 'http://localhost:64757/session/dd36b9f381f4dfbc806838977a449b91/element/2f2a139a-eefb-42bd-a392-2b45dc58946c/value'
11:45:22.282 [Forwarding sendKeysToElement on session dd36b9f381f4dfbc806838977a449b91 to remote] DEBUG org.asynchttpclient.netty.request.NettyRequestSender - Using open Channel [id: 0x6e3b9711, L:/127.0.0.1:65189 - R:localhost/127.0.0.1:64757] for POST '/session/dd36b9f381f4dfbc806838977a449b91/element/2f2a139a-eefb-42bd-a392-2b45dc58946c/value'
11:45:22.344 [AsyncHttpClient-1-2] DEBUG org.asynchttpclient.netty.handler.HttpHandler - 

Request DefaultHttpRequest(decodeResult: success, version: HTTP/1.1)
POST /session/dd36b9f381f4dfbc806838977a449b91/element/2f2a139a-eefb-42bd-a392-2b45dc58946c/value HTTP/1.1
User-Agent: selenium/4.1.2 (java windows)
Content-Length: 121
Content-Type: application/json; charset=utf-8
host: localhost:64757
accept: */*

Response DefaultHttpResponse(decodeResult: success, version: HTTP/1.1)
HTTP/1.1 200 OK
Content-Type: application/json; charset=utf-8
cache-control: no-cache
content-length: 14

11:45:22.345 [AsyncHttpClient-1-2] DEBUG org.asynchttpclient.netty.channel.ChannelManager - Adding key: http://localhost:64757 for channel [id: 0x6e3b9711, L:/127.0.0.1:65189 - R:localhost/127.0.0.1:64757]
11:45:22.352 [Forwarding screenshot on session dd36b9f381f4dfbc806838977a449b91 to remote] DEBUG org.asynchttpclient.netty.request.NettyRequestSender - Using pooled Channel '[id: 0x6e3b9711, L:/127.0.0.1:65189 - R:localhost/127.0.0.1:64757]' for 'GET' to 'http://localhost:64757/session/dd36b9f381f4dfbc806838977a449b91/screenshot'
11:45:22.352 [Forwarding screenshot on session dd36b9f381f4dfbc806838977a449b91 to remote] DEBUG org.asynchttpclient.netty.request.NettyRequestSender - Using open Channel [id: 0x6e3b9711, L:/127.0.0.1:65189 - R:localhost/127.0.0.1:64757] for GET '/session/dd36b9f381f4dfbc806838977a449b91/screenshot'
11:45:22.513 [AsyncHttpClient-1-1] DEBUG org.asynchttpclient.netty.channel.DefaultChannelPool - Entry count for : http://localhost:65191 : 1
11:45:22.576 [AsyncHttpClient-1-2] DEBUG org.asynchttpclient.netty.handler.HttpHandler - 

Request DefaultFullHttpRequest(decodeResult: success, version: HTTP/1.1, content: EmptyByteBufBE)
GET /session/dd36b9f381f4dfbc806838977a449b91/screenshot HTTP/1.1
User-Agent: selenium/4.1.2 (java windows)
Cache-Control: no-cache
Content-Type: application/json; charset=utf-8
host: localhost:64757
accept: */*

Response DefaultHttpResponse(decodeResult: success, version: HTTP/1.1)
HTTP/1.1 200 OK
Content-Type: application/json; charset=utf-8
cache-control: no-cache
content-length: 29680

11:45:22.577 [AsyncHttpClient-1-2] DEBUG org.asynchttpclient.netty.channel.ChannelManager - Adding key: http://localhost:64757 for channel [id: 0x6e3b9711, L:/127.0.0.1:65189 - R:localhost/127.0.0.1:64757]
11:45:22.579 [main] DEBUG net.serenitybdd.core.photography.Darkroom - Send negative for processing for target\site\serenity\41617fe6f42db15cc9b7be8182187ea6a396ac27b7d360ab661a7b2da6b8752b.png
11:45:22.579 [main] DEBUG net.thucydides.core.steps.StepInterceptor - STEP DONE: inputPassword
  &amp#27;[32mAnd &amp#27;[0m&amp#27;[32muser input valid password&amp#27;[0m                   &amp#27;[90m# starter.definitions.LoginSteps.ValidPassword()&amp#27;[0m
11:45:22.579 [Darkroom Processing Line] DEBUG net.serenitybdd.core.photography.DarkroomProcessingLine - Processing screenshot image in /var/screenshots/screenshot-16290230612647665840
11:45:22.580 [Darkroom Processing Line] DEBUG net.serenitybdd.core.photography.DarkroomProcessingLine - Saving screenshot to target\site\serenity\41617fe6f42db15cc9b7be8182187ea6a396ac27b7d360ab661a7b2da6b8752b.png
11:45:22.596 [main] DEBUG net.thucydides.core.steps.StepInterceptor - STARTING STEP: LoginSteps.LoginButton - clickloginButton
11:45:22.599 [Forwarding findElement on session dd36b9f381f4dfbc806838977a449b91 to remote] DEBUG org.asynchttpclient.netty.request.NettyRequestSender - Using pooled Channel '[id: 0x6e3b9711, L:/127.0.0.1:65189 - R:localhost/127.0.0.1:64757]' for 'POST' to 'http://localhost:64757/session/dd36b9f381f4dfbc806838977a449b91/element'
11:45:22.599 [Forwarding findElement on session dd36b9f381f4dfbc806838977a449b91 to remote] DEBUG org.asynchttpclient.netty.request.NettyRequestSender - Using open Channel [id: 0x6e3b9711, L:/127.0.0.1:65189 - R:localhost/127.0.0.1:64757] for POST '/session/dd36b9f381f4dfbc806838977a449b91/element'
11:45:22.614 [AsyncHttpClient-1-2] DEBUG org.asynchttpclient.netty.handler.HttpHandler - 

Request DefaultHttpRequest(decodeResult: success, version: HTTP/1.1)
POST /session/dd36b9f381f4dfbc806838977a449b91/element HTTP/1.1
User-Agent: selenium/4.1.2 (java windows)
Content-Length: 99
Content-Type: application/json; charset=utf-8
host: localhost:64757
accept: */*

Response DefaultHttpResponse(decodeResult: success, version: HTTP/1.1)
HTTP/1.1 200 OK
Content-Type: application/json; charset=utf-8
cache-control: no-cache
content-length: 88

11:45:22.614 [AsyncHttpClient-1-2] DEBUG org.asynchttpclient.netty.channel.ChannelManager - Adding key: http://localhost:64757 for channel [id: 0x6e3b9711, L:/127.0.0.1:65189 - R:localhost/127.0.0.1:64757]
11:45:22.618 [Forwarding getElementTagName on session dd36b9f381f4dfbc806838977a449b91 to remote] DEBUG org.asynchttpclient.netty.request.NettyRequestSender - Using pooled Channel '[id: 0x6e3b9711, L:/127.0.0.1:65189 - R:localhost/127.0.0.1:64757]' for 'GET' to 'http://localhost:64757/session/dd36b9f381f4dfbc806838977a449b91/element/e96de55d-b2de-4041-aec2-8ec62cddfc8c/name'
11:45:22.618 [Forwarding getElementTagName on session dd36b9f381f4dfbc806838977a449b91 to remote] DEBUG org.asynchttpclient.netty.request.NettyRequestSender - Using open Channel [id: 0x6e3b9711, L:/127.0.0.1:65189 - R:localhost/127.0.0.1:64757] for GET '/session/dd36b9f381f4dfbc806838977a449b91/element/e96de55d-b2de-4041-aec2-8ec62cddfc8c/name'
11:45:22.631 [AsyncHttpClient-1-2] DEBUG org.asynchttpclient.netty.handler.HttpHandler - 

Request DefaultFullHttpRequest(decodeResult: success, version: HTTP/1.1, content: EmptyByteBufBE)
GET /session/dd36b9f381f4dfbc806838977a449b91/element/e96de55d-b2de-4041-aec2-8ec62cddfc8c/name HTTP/1.1
User-Agent: selenium/4.1.2 (java windows)
Cache-Control: no-cache
Content-Type: application/json; charset=utf-8
host: localhost:64757
accept: */*

Response DefaultHttpResponse(decodeResult: success, version: HTTP/1.1)
HTTP/1.1 200 OK
Content-Type: application/json; charset=utf-8
cache-control: no-cache
content-length: 18

11:45:22.631 [AsyncHttpClient-1-2] DEBUG org.asynchttpclient.netty.channel.ChannelManager - Adding key: http://localhost:64757 for channel [id: 0x6e3b9711, L:/127.0.0.1:65189 - R:localhost/127.0.0.1:64757]
11:45:22.633 [Forwarding getElementTagName on session dd36b9f381f4dfbc806838977a449b91 to remote] DEBUG org.asynchttpclient.netty.request.NettyRequestSender - Using pooled Channel '[id: 0x6e3b9711, L:/127.0.0.1:65189 - R:localhost/127.0.0.1:64757]' for 'GET' to 'http://localhost:64757/session/dd36b9f381f4dfbc806838977a449b91/element/e96de55d-b2de-4041-aec2-8ec62cddfc8c/name'
11:45:22.634 [Forwarding getElementTagName on session dd36b9f381f4dfbc806838977a449b91 to remote] DEBUG org.asynchttpclient.netty.request.NettyRequestSender - Using open Channel [id: 0x6e3b9711, L:/127.0.0.1:65189 - R:localhost/127.0.0.1:64757] for GET '/session/dd36b9f381f4dfbc806838977a449b91/element/e96de55d-b2de-4041-aec2-8ec62cddfc8c/name'
11:45:22.645 [AsyncHttpClient-1-2] DEBUG org.asynchttpclient.netty.handler.HttpHandler - 

Request DefaultFullHttpRequest(decodeResult: success, version: HTTP/1.1, content: EmptyByteBufBE)
GET /session/dd36b9f381f4dfbc806838977a449b91/element/e96de55d-b2de-4041-aec2-8ec62cddfc8c/name HTTP/1.1
User-Agent: selenium/4.1.2 (java windows)
Cache-Control: no-cache
Content-Type: application/json; charset=utf-8
host: localhost:64757
accept: */*

Response DefaultHttpResponse(decodeResult: success, version: HTTP/1.1)
HTTP/1.1 200 OK
Content-Type: application/json; charset=utf-8
cache-control: no-cache
content-length: 18

11:45:22.646 [AsyncHttpClient-1-2] DEBUG org.asynchttpclient.netty.channel.ChannelManager - Adding key: http://localhost:64757 for channel [id: 0x6e3b9711, L:/127.0.0.1:65189 - R:localhost/127.0.0.1:64757]
11:45:22.649 [Forwarding isElementEnabled on session dd36b9f381f4dfbc806838977a449b91 to remote] DEBUG org.asynchttpclient.netty.request.NettyRequestSender - Using pooled Channel '[id: 0x6e3b9711, L:/127.0.0.1:65189 - R:localhost/127.0.0.1:64757]' for 'GET' to 'http://localhost:64757/session/dd36b9f381f4dfbc806838977a449b91/element/e96de55d-b2de-4041-aec2-8ec62cddfc8c/enabled'
11:45:22.649 [Forwarding isElementEnabled on session dd36b9f381f4dfbc806838977a449b91 to remote] DEBUG org.asynchttpclient.netty.request.NettyRequestSender - Using open Channel [id: 0x6e3b9711, L:/127.0.0.1:65189 - R:localhost/127.0.0.1:64757] for GET '/session/dd36b9f381f4dfbc806838977a449b91/element/e96de55d-b2de-4041-aec2-8ec62cddfc8c/enabled'
11:45:22.665 [AsyncHttpClient-1-2] DEBUG org.asynchttpclient.netty.handler.HttpHandler - 

Request DefaultFullHttpRequest(decodeResult: success, version: HTTP/1.1, content: EmptyByteBufBE)
GET /session/dd36b9f381f4dfbc806838977a449b91/element/e96de55d-b2de-4041-aec2-8ec62cddfc8c/enabled HTTP/1.1
User-Agent: selenium/4.1.2 (java windows)
Cache-Control: no-cache
Content-Type: application/json; charset=utf-8
host: localhost:64757
accept: */*

Response DefaultHttpResponse(decodeResult: success, version: HTTP/1.1)
HTTP/1.1 200 OK
Content-Type: application/json; charset=utf-8
cache-control: no-cache
content-length: 14

11:45:22.665 [AsyncHttpClient-1-2] DEBUG org.asynchttpclient.netty.channel.ChannelManager - Adding key: http://localhost:64757 for channel [id: 0x6e3b9711, L:/127.0.0.1:65189 - R:localhost/127.0.0.1:64757]
11:45:22.668 [Forwarding isElementEnabled on session dd36b9f381f4dfbc806838977a449b91 to remote] DEBUG org.asynchttpclient.netty.request.NettyRequestSender - Using pooled Channel '[id: 0x6e3b9711, L:/127.0.0.1:65189 - R:localhost/127.0.0.1:64757]' for 'GET' to 'http://localhost:64757/session/dd36b9f381f4dfbc806838977a449b91/element/e96de55d-b2de-4041-aec2-8ec62cddfc8c/enabled'
11:45:22.668 [Forwarding isElementEnabled on session dd36b9f381f4dfbc806838977a449b91 to remote] DEBUG org.asynchttpclient.netty.request.NettyRequestSender - Using open Channel [id: 0x6e3b9711, L:/127.0.0.1:65189 - R:localhost/127.0.0.1:64757] for GET '/session/dd36b9f381f4dfbc806838977a449b91/element/e96de55d-b2de-4041-aec2-8ec62cddfc8c/enabled'
11:45:22.678 [AsyncHttpClient-1-2] DEBUG org.asynchttpclient.netty.handler.HttpHandler - 

Request DefaultFullHttpRequest(decodeResult: success, version: HTTP/1.1, content: EmptyByteBufBE)
GET /session/dd36b9f381f4dfbc806838977a449b91/element/e96de55d-b2de-4041-aec2-8ec62cddfc8c/enabled HTTP/1.1
User-Agent: selenium/4.1.2 (java windows)
Cache-Control: no-cache
Content-Type: application/json; charset=utf-8
host: localhost:64757
accept: */*

Response DefaultHttpResponse(decodeResult: success, version: HTTP/1.1)
HTTP/1.1 200 OK
Content-Type: application/json; charset=utf-8
cache-control: no-cache
content-length: 14

11:45:22.679 [AsyncHttpClient-1-2] DEBUG org.asynchttpclient.netty.channel.ChannelManager - Adding key: http://localhost:64757 for channel [id: 0x6e3b9711, L:/127.0.0.1:65189 - R:localhost/127.0.0.1:64757]
11:45:22.682 [Forwarding findElement on session dd36b9f381f4dfbc806838977a449b91 to remote] DEBUG org.asynchttpclient.netty.request.NettyRequestSender - Using pooled Channel '[id: 0x6e3b9711, L:/127.0.0.1:65189 - R:localhost/127.0.0.1:64757]' for 'POST' to 'http://localhost:64757/session/dd36b9f381f4dfbc806838977a449b91/element'
11:45:22.683 [Forwarding findElement on session dd36b9f381f4dfbc806838977a449b91 to remote] DEBUG org.asynchttpclient.netty.request.NettyRequestSender - Using open Channel [id: 0x6e3b9711, L:/127.0.0.1:65189 - R:localhost/127.0.0.1:64757] for POST '/session/dd36b9f381f4dfbc806838977a449b91/element'
11:45:22.698 [AsyncHttpClient-1-2] DEBUG org.asynchttpclient.netty.handler.HttpHandler - 

Request DefaultHttpRequest(decodeResult: success, version: HTTP/1.1)
POST /session/dd36b9f381f4dfbc806838977a449b91/element HTTP/1.1
User-Agent: selenium/4.1.2 (java windows)
Content-Length: 99
Content-Type: application/json; charset=utf-8
host: localhost:64757
accept: */*

Response DefaultHttpResponse(decodeResult: success, version: HTTP/1.1)
HTTP/1.1 200 OK
Content-Type: application/json; charset=utf-8
cache-control: no-cache
content-length: 88

11:45:22.699 [AsyncHttpClient-1-2] DEBUG org.asynchttpclient.netty.channel.ChannelManager - Adding key: http://localhost:64757 for channel [id: 0x6e3b9711, L:/127.0.0.1:65189 - R:localhost/127.0.0.1:64757]
11:45:22.701 [Forwarding clickElement on session dd36b9f381f4dfbc806838977a449b91 to remote] DEBUG org.asynchttpclient.netty.request.NettyRequestSender - Using pooled Channel '[id: 0x6e3b9711, L:/127.0.0.1:65189 - R:localhost/127.0.0.1:64757]' for 'POST' to 'http://localhost:64757/session/dd36b9f381f4dfbc806838977a449b91/element/e96de55d-b2de-4041-aec2-8ec62cddfc8c/click'
11:45:22.701 [Forwarding clickElement on session dd36b9f381f4dfbc806838977a449b91 to remote] DEBUG org.asynchttpclient.netty.request.NettyRequestSender - Using open Channel [id: 0x6e3b9711, L:/127.0.0.1:65189 - R:localhost/127.0.0.1:64757] for POST '/session/dd36b9f381f4dfbc806838977a449b91/element/e96de55d-b2de-4041-aec2-8ec62cddfc8c/click'
11:45:22.750 [AsyncHttpClient-1-2] DEBUG org.asynchttpclient.netty.handler.HttpHandler - 

Request DefaultHttpRequest(decodeResult: success, version: HTTP/1.1)
POST /session/dd36b9f381f4dfbc806838977a449b91/element/e96de55d-b2de-4041-aec2-8ec62cddfc8c/click HTTP/1.1
User-Agent: selenium/4.1.2 (java windows)
Content-Length: 50
Content-Type: application/json; charset=utf-8
host: localhost:64757
accept: */*

Response DefaultHttpResponse(decodeResult: success, version: HTTP/1.1)
HTTP/1.1 200 OK
Content-Type: application/json; charset=utf-8
cache-control: no-cache
content-length: 14

11:45:22.750 [AsyncHttpClient-1-2] DEBUG org.asynchttpclient.netty.channel.ChannelManager - Adding key: http://localhost:64757 for channel [id: 0x6e3b9711, L:/127.0.0.1:65189 - R:localhost/127.0.0.1:64757]
11:45:22.758 [Forwarding screenshot on session dd36b9f381f4dfbc806838977a449b91 to remote] DEBUG org.asynchttpclient.netty.request.NettyRequestSender - Using pooled Channel '[id: 0x6e3b9711, L:/127.0.0.1:65189 - R:localhost/127.0.0.1:64757]' for 'GET' to 'http://localhost:64757/session/dd36b9f381f4dfbc806838977a449b91/screenshot'
11:45:22.758 [Forwarding screenshot on session dd36b9f381f4dfbc806838977a449b91 to remote] DEBUG org.asynchttpclient.netty.request.NettyRequestSender - Using open Channel [id: 0x6e3b9711, L:/127.0.0.1:65189 - R:localhost/127.0.0.1:64757] for GET '/session/dd36b9f381f4dfbc806838977a449b91/screenshot'
11:45:23.147 [AsyncHttpClient-1-2] DEBUG org.asynchttpclient.netty.handler.HttpHandler - 

Request DefaultFullHttpRequest(decodeResult: success, version: HTTP/1.1, content: EmptyByteBufBE)
GET /session/dd36b9f381f4dfbc806838977a449b91/screenshot HTTP/1.1
User-Agent: selenium/4.1.2 (java windows)
Cache-Control: no-cache
Content-Type: application/json; charset=utf-8
host: localhost:64757
accept: */*

Response DefaultHttpResponse(decodeResult: success, version: HTTP/1.1)
HTTP/1.1 200 OK
Content-Type: application/json; charset=utf-8
cache-control: no-cache
content-length: 57228

11:45:23.148 [AsyncHttpClient-1-2] DEBUG org.asynchttpclient.netty.channel.ChannelManager - Adding key: http://localhost:64757 for channel [id: 0x6e3b9711, L:/127.0.0.1:65189 - R:localhost/127.0.0.1:64757]
11:45:23.150 [main] DEBUG net.serenitybdd.core.photography.Darkroom - Send negative for processing for target\site\serenity\5037490d047a32bbd1fadd9926dd65b595dba859c57a1e9a0e851c3bbdb0ce15.png
11:45:23.151 [main] DEBUG net.thucydides.core.steps.StepInterceptor - STEP DONE: clickloginButton
  &amp#27;[32mAnd &amp#27;[0m&amp#27;[32mclick login button&amp#27;[0m                          &amp#27;[90m# starter.definitions.LoginSteps.LoginButton()&amp#27;[0m
11:45:23.151 [Darkroom Processing Line] DEBUG net.serenitybdd.core.photography.DarkroomProcessingLine - Processing screenshot image in /var/screenshots/screenshot-10791331694445698542
11:45:23.151 [Darkroom Processing Line] DEBUG net.serenitybdd.core.photography.DarkroomProcessingLine - Saving screenshot to target\site\serenity\5037490d047a32bbd1fadd9926dd65b595dba859c57a1e9a0e851c3bbdb0ce15.png
  &amp#27;[32mThen &amp#27;[0m&amp#27;[32mI am on the home pages&amp#27;[0m                     &amp#27;[90m# starter.definitions.LoginSteps.iAmOnTheHomePages()&amp#27;[0m
11:45:23.167 [main] INFO  - 
  _____   ___   ___   _____     ___     _     ___   ___   ___   ___  
 |_   _| | __| / __| |_   _|   | _ \   /_\   / __| / __| | __| |   \ 
   | |   | _|  \__ \   | |     |  _/  / _ \  \__ \ \__ \ | _|  | |) |
   |_|   |___| |___/   |_|     |_|   /_/ \_\ |___/ |___/ |___| |___/ 

As a user, i able to login successfully
----------------------------------------------------------------------
11:45:23.274 [AsyncHttpClient-1-4] DEBUG org.asynchttpclient.netty.handler.WebSocketHandler - Channel Closed: [id: 0x9d85a002, L:/127.0.0.1:65200 ! R:localhost/127.0.0.1:65191] with attribute NettyResponseFuture{currentRetry=5,
	isDone=1,
	isCancelled=0,
	asyncHandler=org.asynchttpclient.ws.WebSocketUpgradeHandler@f5a968,
	nettyRequest=org.asynchttpclient.netty.request.NettyRequest@4e75f94d,
	future=java.util.concurrent.CompletableFuture@5c68c55[Completed normally],
	uri=ws://localhost:65191/devtools/browser/fab3c071-cb8d-4beb-9ee1-c583c426547a,
	keepAlive=true,
	redirectCount=0,
	timeoutsHolder=null,
	inAuth=0,
	touch=1651376718755}
11:45:23.275 [AsyncHttpClient-1-4] DEBUG org.asynchttpclient.netty.channel.ChannelManager - Closing Channel [id: 0x9d85a002, L:/127.0.0.1:65200 ! R:localhost/127.0.0.1:65191] 
11:45:23.275 [Driver Command Executor] DEBUG org.asynchttpclient.netty.request.NettyRequestSender - Using pooled Channel '[id: 0x6e3b9711, L:/127.0.0.1:65189 - R:localhost/127.0.0.1:64757]' for 'DELETE' to 'http://localhost:64757/session/dd36b9f381f4dfbc806838977a449b91'
11:45:23.275 [Driver Command Executor] DEBUG org.asynchttpclient.netty.request.NettyRequestSender - Using open Channel [id: 0x6e3b9711, L:/127.0.0.1:65189 - R:localhost/127.0.0.1:64757] for DELETE '/session/dd36b9f381f4dfbc806838977a449b91'
11:45:23.481 [AsyncHttpClient-1-3] DEBUG org.asynchttpclient.netty.handler.HttpHandler - Unexpected I/O exception on channel [id: 0xdde0620e, L:/127.0.0.1:65199 - R:localhost/127.0.0.1:65191]
java.net.SocketException: Connection reset
	at java.base/sun.nio.ch.SocketChannelImpl.throwConnectionReset(SocketChannelImpl.java:394)
	at java.base/sun.nio.ch.SocketChannelImpl.read(SocketChannelImpl.java:426)
	at io.netty.buffer.PooledByteBuf.setBytes(PooledByteBuf.java:258)
	at io.netty.buffer.AbstractByteBuf.writeBytes(AbstractByteBuf.java:1132)
	at io.netty.channel.socket.nio.NioSocketChannel.doReadBytes(NioSocketChannel.java:350)
	at io.netty.channel.nio.AbstractNioByteChannel$NioByteUnsafe.read(AbstractNioByteChannel.java:151)
	at io.netty.channel.nio.NioEventLoop.processSelectedKey(NioEventLoop.java:722)
	at io.netty.channel.nio.NioEventLoop.processSelectedKeysOptimized(NioEventLoop.java:658)
	at io.netty.channel.nio.NioEventLoop.processSelectedKeys(NioEventLoop.java:584)
	at io.netty.channel.nio.NioEventLoop.run(NioEventLoop.java:496)
	at io.netty.util.concurrent.SingleThreadEventExecutor$4.run(SingleThreadEventExecutor.java:986)
	at io.netty.util.internal.ThreadExecutorMap$2.run(ThreadExecutorMap.java:74)
	at io.netty.util.concurrent.FastThreadLocalRunnable.run(FastThreadLocalRunnable.java:30)
	at java.base/java.lang.Thread.run(Thread.java:833)
11:45:23.481 [AsyncHttpClient-1-3] DEBUG org.asynchttpclient.netty.channel.ChannelManager - Closing Channel [id: 0xdde0620e, L:/127.0.0.1:65199 - R:localhost/127.0.0.1:65191] 
11:45:23.483 [AsyncHttpClient-1-3] DEBUG org.asynchttpclient.netty.handler.HttpHandler - Channel Closed: [id: 0xdde0620e, L:/127.0.0.1:65199 ! R:localhost/127.0.0.1:65191] with attribute DISCARD
11:45:23.513 [AsyncHttpClient-1-2] DEBUG org.asynchttpclient.netty.handler.HttpHandler - 

Request DefaultFullHttpRequest(decodeResult: success, version: HTTP/1.1, content: EmptyByteBufBE)
DELETE /session/dd36b9f381f4dfbc806838977a449b91 HTTP/1.1
User-Agent: selenium/4.1.2 (java windows)
Content-Type: application/json; charset=utf-8
host: localhost:64757
accept: */*

Response DefaultHttpResponse(decodeResult: success, version: HTTP/1.1)
HTTP/1.1 200 OK
Content-Type: application/json; charset=utf-8
cache-control: no-cache
content-length: 14

11:45:23.514 [AsyncHttpClient-1-2] DEBUG org.asynchttpclient.netty.channel.ChannelManager - Adding key: http://localhost:64757 for channel [id: 0x6e3b9711, L:/127.0.0.1:65189 - R:localhost/127.0.0.1:64757]
11:45:23.609 [AsyncHttpClient-1-1] DEBUG org.asynchttpclient.netty.channel.DefaultChannelPool - Entry count for : http://localhost:65191 : 1
11:45:23.609 [AsyncHttpClient-1-1] DEBUG org.asynchttpclient.netty.channel.DefaultChannelPool - Entry count for : http://localhost:64757 : 1
11:45:23.610 [AsyncHttpClient-1-1] DEBUG org.asynchttpclient.netty.channel.DefaultChannelPool - Adding Candidate expired Channel [id: 0xdde0620e, L:/127.0.0.1:65199 ! R:localhost/127.0.0.1:65191] isIdleTimeoutExpired=false isRemotelyClosed=true isTtlExpired=false
11:45:23.610 [AsyncHttpClient-1-1] DEBUG org.asynchttpclient.netty.channel.DefaultChannelPool - Closing Idle Channel [id: 0xdde0620e, L:/127.0.0.1:65199 ! R:localhost/127.0.0.1:65191]
11:45:23.610 [AsyncHttpClient-1-1] DEBUG org.asynchttpclient.netty.channel.DefaultChannelPool - Closed 1 connections out of 2 in 1 ms
11:45:24.067 [AsyncHttpClient-1-2] DEBUG org.asynchttpclient.netty.handler.HttpHandler - Channel Closed: [id: 0x6e3b9711, L:/127.0.0.1:65189 ! R:localhost/127.0.0.1:64757] with attribute DISCARD
]]></system-out>
    <system-err><![CDATA[Starting ChromeDriver 101.0.4951.41 (93c720db8323b3ec10d056025ab95c23a31997c9-refs/branch-heads/4951@{#904}) on port 64757
Only local connections are allowed.
Please see https://chromedriver.chromium.org/security-considerations for suggestions on keeping ChromeDriver safe.
ChromeDriver was started successfully.
May 01, 2022 11:45:18 AM org.openqa.selenium.remote.ProtocolHandshake createSession
INFO: Detected dialect: W3C
May 01, 2022 11:45:18 AM org.openqa.selenium.devtools.CdpVersionFinder findNearestMatch
WARNING: Unable to find an exact match for CDP version 101, so returning the closest version found: 97
May 01, 2022 11:45:18 AM org.openqa.selenium.devtools.CdpVersionFinder findNearestMatch
INFO: Found CDP implementation for version 101 of 97
]]></system-err>
  </testcase>
  <testcase name="order pepaya" classname="As user I want to order “pepaya”" time="2.93">
    <error type="net.serenitybdd.core.exceptions.SerenityManagedException"><![CDATA[net.serenitybdd.core.exceptions.SerenityManagedException
]]></error>
    <system-out><![CDATA[11:45:24.147 [main] INFO io.cucumber.core.plugin.SerenityReporter - Running feature from file:///D:/alta%20folder/20_review%20web%20UI%20Testing%20with%20serenity/src/test/resources/features/Order.feature
11:45:24.150 [main] DEBUG net.thucydides.core.steps.StepEventBus - Test suite started for story net.thucydides.core.model.Story@56dfd864
11:45:24.150 [main] INFO  - Test Suite Started: As user I want to order “pepaya”

Scenario: order pepaya             &amp#27;[90m# src/test/resources/features/Order.feature:3&amp#27;[0m
11:45:24.158 [main] INFO io.cucumber.core.plugin.SerenityReporter - Running feature from file:///D:/alta%20folder/20_review%20web%20UI%20Testing%20with%20serenity/src/test/resources/features/Order.feature
11:45:24.160 [main] INFO  - 
  _____   ___   ___   _____     ___   _____     _     ___   _____   ___   ___  
 |_   _| | __| / __| |_   _|   / __| |_   _|   /_\   | _ \ |_   _| | __| |   \ 
   | |   | _|  \__ \   | |     \__ \   | |    / _ \  |   /   | |   | _|  | |) |
   |_|   |___| |___/   |_|     |___/   |_|   /_/ \_\ |_|_\   |_|   |___| |___/ 

order pepaya(as-user-i-want-to-order-“pepaya”;order-pepaya)
--------------------------------------------------------------------------------
11:45:24.267 [main] DEBUG net.thucydides.core.steps.StepInterceptor - STARTING STEP: OrderSteps.useronhomepage - homepage
11:45:24.271 [main] DEBUG net.thucydides.core.steps.StepInterceptor - STEP DONE: homepage
  &amp#27;[32mGiven &amp#27;[0m&amp#27;[32mUser on Home page&amp#27;[0m          &amp#27;[90m# starter.definitions.OrderSteps.useronhomepage()&amp#27;[0m
11:45:24.278 [main] DEBUG net.thucydides.core.steps.StepInterceptor - STARTING STEP: OrderSteps.userclickbelipepaya - validateclickpepaya
11:45:24.284 [main] DEBUG net.thucydides.core.steps.StepInterceptor - STEP DONE: validateclickpepaya
  &amp#27;[32mWhen &amp#27;[0m&amp#27;[32mAs a user click beli pepaya&amp#27;[0m &amp#27;[90m# starter.definitions.OrderSteps.userclickbelipepaya()&amp#27;[0m
11:45:24.288 [main] DEBUG net.thucydides.core.steps.StepInterceptor - STARTING STEP: OrderSteps.userclickbasket - userClickBasket
11:45:24.291 [main] DEBUG net.thucydides.core.steps.StepInterceptor - STEP DONE: userClickBasket
  &amp#27;[32mThen &amp#27;[0m&amp#27;[32mas user click basket&amp#27;[0m        &amp#27;[90m# starter.definitions.OrderSteps.userclickbasket()&amp#27;[0m
11:45:24.296 [main] DEBUG net.thucydides.core.steps.StepInterceptor - STARTING STEP: OrderSteps.paypepaya - clickbayar
11:45:24.298 [main] DEBUG net.thucydides.core.steps.StepInterceptor - STARTING STEP: OrderPage.clickbayar - clickbayar
11:45:24.300 [main] DEBUG net.thucydides.core.steps.StepInterceptor - STARTING STEP: OrderPage.clickbayar - clickbayar
11:45:24.301 [main] DEBUG net.thucydides.core.steps.StepInterceptor - STARTING STEP: OrderPage.clickbayar - clickbayar
11:45:24.303 [main] DEBUG net.thucydides.core.steps.StepInterceptor - STARTING STEP: OrderPage.clickbayar - clickbayar
11:45:24.305 [main] DEBUG net.thucydides.core.steps.StepInterceptor - STARTING STEP: OrderPage.clickbayar - clickbayar
11:45:24.307 [main] DEBUG net.thucydides.core.steps.StepInterceptor - STARTING STEP: OrderPage.clickbayar - clickbayar
11:45:24.309 [main] DEBUG net.thucydides.core.steps.StepInterceptor - STARTING STEP: OrderPage.clickbayar - clickbayar
11:45:24.312 [main] DEBUG net.thucydides.core.steps.StepInterceptor - STARTING STEP: OrderPage.clickbayar - clickbayar
11:45:24.322 [main] DEBUG net.thucydides.core.steps.StepInterceptor - STARTING STEP: OrderPage.clickbayar - clickbayar
11:45:24.324 [main] DEBUG net.thucydides.core.steps.StepInterceptor - STARTING STEP: OrderPage.clickbayar - clickbayar
11:45:24.326 [main] DEBUG net.thucydides.core.steps.StepInterceptor - STARTING STEP: OrderPage.clickbayar - clickbayar
11:45:24.328 [main] DEBUG net.thucydides.core.steps.StepInterceptor - STARTING STEP: OrderPage.clickbayar - clickbayar
11:45:24.330 [main] DEBUG net.thucydides.core.steps.StepInterceptor - STARTING STEP: OrderPage.clickbayar - clickbayar
11:45:24.333 [main] DEBUG net.thucydides.core.steps.StepInterceptor - STARTING STEP: OrderPage.clickbayar - clickbayar
11:45:24.334 [main] DEBUG net.thucydides.core.steps.StepInterceptor - STARTING STEP: OrderPage.clickbayar - clickbayar
11:45:24.337 [main] DEBUG net.thucydides.core.steps.StepInterceptor - STARTING STEP: OrderPage.clickbayar - clickbayar
11:45:24.339 [main] DEBUG net.thucydides.core.steps.StepInterceptor - STARTING STEP: OrderPage.clickbayar - clickbayar
11:45:24.341 [main] DEBUG net.thucydides.core.steps.StepInterceptor - STARTING STEP: OrderPage.clickbayar - clickbayar
11:45:24.343 [main] DEBUG net.thucydides.core.steps.StepInterceptor - STARTING STEP: OrderPage.clickbayar - clickbayar
11:45:24.345 [main] DEBUG net.thucydides.core.steps.StepInterceptor - STARTING STEP: OrderPage.clickbayar - clickbayar
11:45:24.347 [main] DEBUG net.thucydides.core.steps.StepInterceptor - STARTING STEP: OrderPage.clickbayar - clickbayar
11:45:24.349 [main] DEBUG net.thucydides.core.steps.StepInterceptor - STARTING STEP: OrderPage.clickbayar - clickbayar
11:45:24.351 [main] DEBUG net.thucydides.core.steps.StepInterceptor - STARTING STEP: OrderPage.clickbayar - clickbayar
11:45:24.353 [main] DEBUG net.thucydides.core.steps.StepInterceptor - STARTING STEP: OrderPage.clickbayar - clickbayar
11:45:24.357 [main] DEBUG net.thucydides.core.steps.StepInterceptor - STARTING STEP: OrderPage.clickbayar - clickbayar
11:45:24.359 [main] DEBUG net.thucydides.core.steps.StepInterceptor - STARTING STEP: OrderPage.clickbayar - clickbayar
11:45:24.362 [main] DEBUG net.thucydides.core.steps.StepInterceptor - STARTING STEP: OrderPage.clickbayar - clickbayar
11:45:24.364 [main] DEBUG net.thucydides.core.steps.StepInterceptor - STARTING STEP: OrderPage.clickbayar - clickbayar
11:45:24.366 [main] DEBUG net.thucydides.core.steps.StepInterceptor - STARTING STEP: OrderPage.clickbayar - clickbayar
11:45:24.368 [main] DEBUG net.thucydides.core.steps.StepInterceptor - STARTING STEP: OrderPage.clickbayar - clickbayar
11:45:24.370 [main] DEBUG net.thucydides.core.steps.StepInterceptor - STARTING STEP: OrderPage.clickbayar - clickbayar
11:45:24.372 [main] DEBUG net.thucydides.core.steps.StepInterceptor - STARTING STEP: OrderPage.clickbayar - clickbayar
11:45:24.376 [main] DEBUG net.thucydides.core.steps.StepInterceptor - STARTING STEP: OrderPage.clickbayar - clickbayar
11:45:24.378 [main] DEBUG net.thucydides.core.steps.StepInterceptor - STARTING STEP: OrderPage.clickbayar - clickbayar
11:45:24.380 [main] DEBUG net.thucydides.core.steps.StepInterceptor - STARTING STEP: OrderPage.clickbayar - clickbayar
11:45:24.385 [main] DEBUG net.thucydides.core.steps.StepInterceptor - STARTING STEP: OrderPage.clickbayar - clickbayar
11:45:24.387 [main] DEBUG net.thucydides.core.steps.StepInterceptor - STARTING STEP: OrderPage.clickbayar - clickbayar
11:45:24.390 [main] DEBUG net.thucydides.core.steps.StepInterceptor - STARTING STEP: OrderPage.clickbayar - clickbayar
11:45:24.393 [main] DEBUG net.thucydides.core.steps.StepInterceptor - STARTING STEP: OrderPage.clickbayar - clickbayar
11:45:24.396 [main] DEBUG net.thucydides.core.steps.StepInterceptor - STARTING STEP: OrderPage.clickbayar - clickbayar
11:45:24.398 [main] DEBUG net.thucydides.core.steps.StepInterceptor - STARTING STEP: OrderPage.clickbayar - clickbayar
11:45:24.400 [main] DEBUG net.thucydides.core.steps.StepInterceptor - STARTING STEP: OrderPage.clickbayar - clickbayar
11:45:24.402 [main] DEBUG net.thucydides.core.steps.StepInterceptor - STARTING STEP: OrderPage.clickbayar - clickbayar
11:45:24.405 [main] DEBUG net.thucydides.core.steps.StepInterceptor - STARTING STEP: OrderPage.clickbayar - clickbayar
11:45:24.407 [main] DEBUG net.thucydides.core.steps.StepInterceptor - STARTING STEP: OrderPage.clickbayar - clickbayar
11:45:24.410 [main] DEBUG net.thucydides.core.steps.StepInterceptor - STARTING STEP: OrderPage.clickbayar - clickbayar
11:45:24.412 [main] DEBUG net.thucydides.core.steps.StepInterceptor - STARTING STEP: OrderPage.clickbayar - clickbayar
11:45:24.415 [main] DEBUG net.thucydides.core.steps.StepInterceptor - STARTING STEP: OrderPage.clickbayar - clickbayar
11:45:24.417 [main] DEBUG net.thucydides.core.steps.StepInterceptor - STARTING STEP: OrderPage.clickbayar - clickbayar
11:45:24.419 [main] DEBUG net.thucydides.core.steps.StepInterceptor - STARTING STEP: OrderPage.clickbayar - clickbayar
11:45:24.422 [main] DEBUG net.thucydides.core.steps.StepInterceptor - STARTING STEP: OrderPage.clickbayar - clickbayar
11:45:24.424 [main] DEBUG net.thucydides.core.steps.StepInterceptor - STARTING STEP: OrderPage.clickbayar - clickbayar
11:45:24.429 [main] DEBUG net.thucydides.core.steps.StepInterceptor - STARTING STEP: OrderPage.clickbayar - clickbayar
11:45:24.431 [main] DEBUG net.thucydides.core.steps.StepInterceptor - STARTING STEP: OrderPage.clickbayar - clickbayar
11:45:24.434 [main] DEBUG net.thucydides.core.steps.StepInterceptor - STARTING STEP: OrderPage.clickbayar - clickbayar
11:45:24.438 [main] DEBUG net.thucydides.core.steps.StepInterceptor - STARTING STEP: OrderPage.clickbayar - clickbayar
11:45:24.440 [main] DEBUG net.thucydides.core.steps.StepInterceptor - STARTING STEP: OrderPage.clickbayar - clickbayar
11:45:24.442 [main] DEBUG net.thucydides.core.steps.StepInterceptor - STARTING STEP: OrderPage.clickbayar - clickbayar
11:45:24.444 [main] DEBUG net.thucydides.core.steps.StepInterceptor - STARTING STEP: OrderPage.clickbayar - clickbayar
11:45:24.447 [main] DEBUG net.thucydides.core.steps.StepInterceptor - STARTING STEP: OrderPage.clickbayar - clickbayar
11:45:24.449 [main] DEBUG net.thucydides.core.steps.StepInterceptor - STARTING STEP: OrderPage.clickbayar - clickbayar
11:45:24.452 [main] DEBUG net.thucydides.core.steps.StepInterceptor - STARTING STEP: OrderPage.clickbayar - clickbayar
11:45:24.455 [main] DEBUG net.thucydides.core.steps.StepInterceptor - STARTING STEP: OrderPage.clickbayar - clickbayar
11:45:24.458 [main] DEBUG net.thucydides.core.steps.StepInterceptor - STARTING STEP: OrderPage.clickbayar - clickbayar
11:45:24.461 [main] DEBUG net.thucydides.core.steps.StepInterceptor - STARTING STEP: OrderPage.clickbayar - clickbayar
11:45:24.465 [main] DEBUG net.thucydides.core.steps.StepInterceptor - STARTING STEP: OrderPage.clickbayar - clickbayar
11:45:24.470 [main] DEBUG net.thucydides.core.steps.StepInterceptor - STARTING STEP: OrderPage.clickbayar - clickbayar
11:45:24.473 [main] DEBUG net.thucydides.core.steps.StepInterceptor - STARTING STEP: OrderPage.clickbayar - clickbayar
11:45:24.475 [main] DEBUG net.thucydides.core.steps.StepInterceptor - STARTING STEP: OrderPage.clickbayar - clickbayar
11:45:24.478 [main] DEBUG net.thucydides.core.steps.StepInterceptor - STARTING STEP: OrderPage.clickbayar - clickbayar
11:45:24.481 [main] DEBUG net.thucydides.core.steps.StepInterceptor - STARTING STEP: OrderPage.clickbayar - clickbayar
11:45:24.486 [main] DEBUG net.thucydides.core.steps.StepInterceptor - STARTING STEP: OrderPage.clickbayar - clickbayar
11:45:24.490 [main] DEBUG net.thucydides.core.steps.StepInterceptor - STARTING STEP: OrderPage.clickbayar - clickbayar
11:45:24.493 [main] DEBUG net.thucydides.core.steps.StepInterceptor - STARTING STEP: OrderPage.clickbayar - clickbayar
11:45:24.496 [main] DEBUG net.thucydides.core.steps.StepInterceptor - STARTING STEP: OrderPage.clickbayar - clickbayar
11:45:24.498 [main] DEBUG net.thucydides.core.steps.StepInterceptor - STARTING STEP: OrderPage.clickbayar - clickbayar
11:45:24.501 [main] DEBUG net.thucydides.core.steps.StepInterceptor - STARTING STEP: OrderPage.clickbayar - clickbayar
11:45:24.507 [main] DEBUG net.thucydides.core.steps.StepInterceptor - STARTING STEP: OrderPage.clickbayar - clickbayar
11:45:24.510 [main] DEBUG net.thucydides.core.steps.StepInterceptor - STARTING STEP: OrderPage.clickbayar - clickbayar
11:45:24.513 [main] DEBUG net.thucydides.core.steps.StepInterceptor - STARTING STEP: OrderPage.clickbayar - clickbayar
11:45:24.515 [main] DEBUG net.thucydides.core.steps.StepInterceptor - STARTING STEP: OrderPage.clickbayar - clickbayar
11:45:24.521 [main] DEBUG net.thucydides.core.steps.StepInterceptor - STARTING STEP: OrderPage.clickbayar - clickbayar
11:45:24.551 [main] DEBUG net.thucydides.core.steps.StepInterceptor - STARTING STEP: OrderPage.clickbayar - clickbayar
11:45:24.553 [main] DEBUG net.thucydides.core.steps.StepInterceptor - STARTING STEP: OrderPage.clickbayar - clickbayar
11:45:24.556 [main] DEBUG net.thucydides.core.steps.StepInterceptor - STARTING STEP: OrderPage.clickbayar - clickbayar
11:45:24.558 [main] DEBUG net.thucydides.core.steps.StepInterceptor - STARTING STEP: OrderPage.clickbayar - clickbayar
11:45:24.561 [main] DEBUG net.thucydides.core.steps.StepInterceptor - STARTING STEP: OrderPage.clickbayar - clickbayar
11:45:24.563 [main] DEBUG net.thucydides.core.steps.StepInterceptor - STARTING STEP: OrderPage.clickbayar - clickbayar
11:45:24.565 [main] DEBUG net.thucydides.core.steps.StepInterceptor - STARTING STEP: OrderPage.clickbayar - clickbayar
11:45:24.570 [main] DEBUG net.thucydides.core.steps.StepInterceptor - STARTING STEP: OrderPage.clickbayar - clickbayar
11:45:24.575 [main] DEBUG net.thucydides.core.steps.StepInterceptor - STARTING STEP: OrderPage.clickbayar - clickbayar
11:45:24.578 [main] DEBUG net.thucydides.core.steps.StepInterceptor - STARTING STEP: OrderPage.clickbayar - clickbayar
11:45:24.581 [main] DEBUG net.thucydides.core.steps.StepInterceptor - STARTING STEP: OrderPage.clickbayar - clickbayar
11:45:24.584 [main] DEBUG net.thucydides.core.steps.StepInterceptor - STARTING STEP: OrderPage.clickbayar - clickbayar
11:45:24.586 [main] DEBUG net.thucydides.core.steps.StepInterceptor - STARTING STEP: OrderPage.clickbayar - clickbayar
11:45:24.588 [main] DEBUG net.thucydides.core.steps.StepInterceptor - STARTING STEP: OrderPage.clickbayar - clickbayar
11:45:24.591 [main] DEBUG net.thucydides.core.steps.StepInterceptor - STARTING STEP: OrderPage.clickbayar - clickbayar
11:45:24.595 [main] DEBUG net.thucydides.core.steps.StepInterceptor - STARTING STEP: OrderPage.clickbayar - clickbayar
11:45:24.598 [main] DEBUG net.thucydides.core.steps.StepInterceptor - STARTING STEP: OrderPage.clickbayar - clickbayar
11:45:24.601 [main] DEBUG net.thucydides.core.steps.StepInterceptor - STARTING STEP: OrderPage.clickbayar - clickbayar
11:45:24.603 [main] DEBUG net.thucydides.core.steps.StepInterceptor - STARTING STEP: OrderPage.clickbayar - clickbayar
11:45:24.610 [main] DEBUG net.thucydides.core.steps.StepInterceptor - STARTING STEP: OrderPage.clickbayar - clickbayar
11:45:24.612 [main] DEBUG net.thucydides.core.steps.StepInterceptor - STARTING STEP: OrderPage.clickbayar - clickbayar
11:45:24.615 [main] DEBUG net.thucydides.core.steps.StepInterceptor - STARTING STEP: OrderPage.clickbayar - clickbayar
11:45:24.617 [main] DEBUG net.thucydides.core.steps.StepInterceptor - STARTING STEP: OrderPage.clickbayar - clickbayar
11:45:24.619 [main] DEBUG net.thucydides.core.steps.StepInterceptor - STARTING STEP: OrderPage.clickbayar - clickbayar
11:45:24.622 [main] DEBUG net.thucydides.core.steps.StepInterceptor - STARTING STEP: OrderPage.clickbayar - clickbayar
11:45:24.625 [main] DEBUG net.thucydides.core.steps.StepInterceptor - STARTING STEP: OrderPage.clickbayar - clickbayar
11:45:24.627 [main] DEBUG net.thucydides.core.steps.StepInterceptor - STARTING STEP: OrderPage.clickbayar - clickbayar
11:45:24.630 [main] DEBUG net.thucydides.core.steps.StepInterceptor - STARTING STEP: OrderPage.clickbayar - clickbayar
11:45:24.632 [main] DEBUG net.thucydides.core.steps.StepInterceptor - STARTING STEP: OrderPage.clickbayar - clickbayar
11:45:24.634 [main] DEBUG net.thucydides.core.steps.StepInterceptor - STARTING STEP: OrderPage.clickbayar - clickbayar
11:45:24.637 [main] DEBUG net.thucydides.core.steps.StepInterceptor - STARTING STEP: OrderPage.clickbayar - clickbayar
11:45:24.639 [main] DEBUG net.thucydides.core.steps.StepInterceptor - STARTING STEP: OrderPage.clickbayar - clickbayar
11:45:24.644 [main] DEBUG net.thucydides.core.steps.StepInterceptor - STARTING STEP: OrderPage.clickbayar - clickbayar
11:45:24.646 [main] DEBUG net.thucydides.core.steps.StepInterceptor - STARTING STEP: OrderPage.clickbayar - clickbayar
11:45:24.649 [main] DEBUG net.thucydides.core.steps.StepInterceptor - STARTING STEP: OrderPage.clickbayar - clickbayar
11:45:24.652 [main] DEBUG net.thucydides.core.steps.StepInterceptor - STARTING STEP: OrderPage.clickbayar - clickbayar
11:45:24.655 [main] DEBUG net.thucydides.core.steps.StepInterceptor - STARTING STEP: OrderPage.clickbayar - clickbayar
11:45:24.657 [main] DEBUG net.thucydides.core.steps.StepInterceptor - STARTING STEP: OrderPage.clickbayar - clickbayar
11:45:24.660 [main] DEBUG net.thucydides.core.steps.StepInterceptor - STARTING STEP: OrderPage.clickbayar - clickbayar
11:45:24.662 [main] DEBUG net.thucydides.core.steps.StepInterceptor - STARTING STEP: OrderPage.clickbayar - clickbayar
11:45:24.665 [main] DEBUG net.thucydides.core.steps.StepInterceptor - STARTING STEP: OrderPage.clickbayar - clickbayar
11:45:24.668 [main] DEBUG net.thucydides.core.steps.StepInterceptor - STARTING STEP: OrderPage.clickbayar - clickbayar
11:45:24.671 [main] DEBUG net.thucydides.core.steps.StepInterceptor - STARTING STEP: OrderPage.clickbayar - clickbayar
11:45:24.674 [main] DEBUG net.thucydides.core.steps.StepInterceptor - STARTING STEP: OrderPage.clickbayar - clickbayar
11:45:24.680 [main] DEBUG net.thucydides.core.steps.StepInterceptor - STARTING STEP: OrderPage.clickbayar - clickbayar
11:45:24.683 [main] DEBUG net.thucydides.core.steps.StepInterceptor - STARTING STEP: OrderPage.clickbayar - clickbayar
11:45:24.685 [main] DEBUG net.thucydides.core.steps.StepInterceptor - STARTING STEP: OrderPage.clickbayar - clickbayar
11:45:24.690 [main] DEBUG net.thucydides.core.steps.StepInterceptor - STARTING STEP: OrderPage.clickbayar - clickbayar
11:45:24.692 [main] DEBUG net.thucydides.core.steps.StepInterceptor - STARTING STEP: OrderPage.clickbayar - clickbayar
11:45:24.694 [main] DEBUG net.thucydides.core.steps.StepInterceptor - STARTING STEP: OrderPage.clickbayar - clickbayar
11:45:24.697 [main] DEBUG net.thucydides.core.steps.StepInterceptor - STARTING STEP: OrderPage.clickbayar - clickbayar
11:45:24.699 [main] DEBUG net.thucydides.core.steps.StepInterceptor - STARTING STEP: OrderPage.clickbayar - clickbayar
11:45:24.702 [main] DEBUG net.thucydides.core.steps.StepInterceptor - STARTING STEP: OrderPage.clickbayar - clickbayar
11:45:24.704 [main] DEBUG net.thucydides.core.steps.StepInterceptor - STARTING STEP: OrderPage.clickbayar - clickbayar
11:45:24.706 [main] DEBUG net.thucydides.core.steps.StepInterceptor - STARTING STEP: OrderPage.clickbayar - clickbayar
11:45:24.709 [main] DEBUG net.thucydides.core.steps.StepInterceptor - STARTING STEP: OrderPage.clickbayar - clickbayar
11:45:24.711 [main] DEBUG net.thucydides.core.steps.StepInterceptor - STARTING STEP: OrderPage.clickbayar - clickbayar
11:45:24.711 [AsyncHttpClient-1-1] DEBUG org.asynchttpclient.netty.channel.DefaultChannelPool - Entry count for : http://localhost:64757 : 1
11:45:24.712 [AsyncHttpClient-1-1] DEBUG org.asynchttpclient.netty.channel.DefaultChannelPool - Adding Candidate expired Channel [id: 0x6e3b9711, L:/127.0.0.1:65189 ! R:localhost/127.0.0.1:64757] isIdleTimeoutExpired=false isRemotelyClosed=true isTtlExpired=false
11:45:24.712 [AsyncHttpClient-1-1] DEBUG org.asynchttpclient.netty.channel.DefaultChannelPool - Closing Idle Channel [id: 0x6e3b9711, L:/127.0.0.1:65189 ! R:localhost/127.0.0.1:64757]
11:45:24.712 [AsyncHttpClient-1-1] DEBUG org.asynchttpclient.netty.channel.DefaultChannelPool - Closed 1 connections out of 1 in 0 ms
11:45:24.714 [main] DEBUG net.thucydides.core.steps.StepInterceptor - STARTING STEP: OrderPage.clickbayar - clickbayar
11:45:24.719 [main] DEBUG net.thucydides.core.steps.StepInterceptor - STARTING STEP: OrderPage.clickbayar - clickbayar
11:45:24.722 [main] DEBUG net.thucydides.core.steps.StepInterceptor - STARTING STEP: OrderPage.clickbayar - clickbayar
11:45:24.725 [main] DEBUG net.thucydides.core.steps.StepInterceptor - STARTING STEP: OrderPage.clickbayar - clickbayar
11:45:24.729 [main] DEBUG net.thucydides.core.steps.StepInterceptor - STARTING STEP: OrderPage.clickbayar - clickbayar
11:45:24.732 [main] DEBUG net.thucydides.core.steps.StepInterceptor - STARTING STEP: OrderPage.clickbayar - clickbayar
11:45:24.738 [main] DEBUG net.thucydides.core.steps.StepInterceptor - STARTING STEP: OrderPage.clickbayar - clickbayar
11:45:24.741 [main] DEBUG net.thucydides.core.steps.StepInterceptor - STARTING STEP: OrderPage.clickbayar - clickbayar
11:45:24.743 [main] DEBUG net.thucydides.core.steps.StepInterceptor - STARTING STEP: OrderPage.clickbayar - clickbayar
11:45:24.746 [main] DEBUG net.thucydides.core.steps.StepInterceptor - STARTING STEP: OrderPage.clickbayar - clickbayar
11:45:24.749 [main] DEBUG net.thucydides.core.steps.StepInterceptor - STARTING STEP: OrderPage.clickbayar - clickbayar
11:45:24.751 [main] DEBUG net.thucydides.core.steps.StepInterceptor - STARTING STEP: OrderPage.clickbayar - clickbayar
11:45:24.754 [main] DEBUG net.thucydides.core.steps.StepInterceptor - STARTING STEP: OrderPage.clickbayar - clickbayar
11:45:24.757 [main] DEBUG net.thucydides.core.steps.StepInterceptor - STARTING STEP: OrderPage.clickbayar - clickbayar
11:45:24.759 [main] DEBUG net.thucydides.core.steps.StepInterceptor - STARTING STEP: OrderPage.clickbayar - clickbayar
11:45:24.761 [main] DEBUG net.thucydides.core.steps.StepInterceptor - STARTING STEP: OrderPage.clickbayar - clickbayar
11:45:24.764 [main] DEBUG net.thucydides.core.steps.StepInterceptor - STARTING STEP: OrderPage.clickbayar - clickbayar
11:45:24.768 [main] DEBUG net.thucydides.core.steps.StepInterceptor - STARTING STEP: OrderPage.clickbayar - clickbayar
11:45:24.771 [main] DEBUG net.thucydides.core.steps.StepInterceptor - STARTING STEP: OrderPage.clickbayar - clickbayar
11:45:24.773 [main] DEBUG net.thucydides.core.steps.StepInterceptor - STARTING STEP: OrderPage.clickbayar - clickbayar
11:45:24.775 [main] DEBUG net.thucydides.core.steps.StepInterceptor - STARTING STEP: OrderPage.clickbayar - clickbayar
11:45:24.778 [main] DEBUG net.thucydides.core.steps.StepInterceptor - STARTING STEP: OrderPage.clickbayar - clickbayar
11:45:24.780 [main] DEBUG net.thucydides.core.steps.StepInterceptor - STARTING STEP: OrderPage.clickbayar - clickbayar
11:45:24.783 [main] DEBUG net.thucydides.core.steps.StepInterceptor - STARTING STEP: OrderPage.clickbayar - clickbayar
11:45:24.785 [main] DEBUG net.thucydides.core.steps.StepInterceptor - STARTING STEP: OrderPage.clickbayar - clickbayar
11:45:24.787 [main] DEBUG net.thucydides.core.steps.StepInterceptor - STARTING STEP: OrderPage.clickbayar - clickbayar
11:45:24.790 [main] DEBUG net.thucydides.core.steps.StepInterceptor - STARTING STEP: OrderPage.clickbayar - clickbayar
11:45:24.792 [main] DEBUG net.thucydides.core.steps.StepInterceptor - STARTING STEP: OrderPage.clickbayar - clickbayar
11:45:24.794 [main] DEBUG net.thucydides.core.steps.StepInterceptor - STARTING STEP: OrderPage.clickbayar - clickbayar
11:45:24.797 [main] DEBUG net.thucydides.core.steps.StepInterceptor - STARTING STEP: OrderPage.clickbayar - clickbayar
11:45:24.799 [main] DEBUG net.thucydides.core.steps.StepInterceptor - STARTING STEP: OrderPage.clickbayar - clickbayar
11:45:24.801 [main] DEBUG net.thucydides.core.steps.StepInterceptor - STARTING STEP: OrderPage.clickbayar - clickbayar
11:45:24.821 [main] DEBUG net.thucydides.core.steps.StepInterceptor - STARTING STEP: OrderPage.clickbayar - clickbayar
11:45:24.837 [main] DEBUG net.thucydides.core.steps.StepInterceptor - STARTING STEP: OrderPage.clickbayar - clickbayar
11:45:24.840 [main] DEBUG net.thucydides.core.steps.StepInterceptor - STARTING STEP: OrderPage.clickbayar - clickbayar
11:45:24.842 [main] DEBUG net.thucydides.core.steps.StepInterceptor - STARTING STEP: OrderPage.clickbayar - clickbayar
11:45:24.844 [main] DEBUG net.thucydides.core.steps.StepInterceptor - STARTING STEP: OrderPage.clickbayar - clickbayar
11:45:24.847 [main] DEBUG net.thucydides.core.steps.StepInterceptor - STARTING STEP: OrderPage.clickbayar - clickbayar
11:45:24.849 [main] DEBUG net.thucydides.core.steps.StepInterceptor - STARTING STEP: OrderPage.clickbayar - clickbayar
11:45:24.851 [main] DEBUG net.thucydides.core.steps.StepInterceptor - STARTING STEP: OrderPage.clickbayar - clickbayar
11:45:24.855 [main] DEBUG net.thucydides.core.steps.StepInterceptor - STARTING STEP: OrderPage.clickbayar - clickbayar
11:45:24.857 [main] DEBUG net.thucydides.core.steps.StepInterceptor - STARTING STEP: OrderPage.clickbayar - clickbayar
11:45:24.860 [main] DEBUG net.thucydides.core.steps.StepInterceptor - STARTING STEP: OrderPage.clickbayar - clickbayar
11:45:24.862 [main] DEBUG net.thucydides.core.steps.StepInterceptor - STARTING STEP: OrderPage.clickbayar - clickbayar
11:45:24.865 [main] DEBUG net.thucydides.core.steps.StepInterceptor - STARTING STEP: OrderPage.clickbayar - clickbayar
11:45:24.867 [main] DEBUG net.thucydides.core.steps.StepInterceptor - STARTING STEP: OrderPage.clickbayar - clickbayar
11:45:24.870 [main] DEBUG net.thucydides.core.steps.StepInterceptor - STARTING STEP: OrderPage.clickbayar - clickbayar
11:45:24.872 [main] DEBUG net.thucydides.core.steps.StepInterceptor - STARTING STEP: OrderPage.clickbayar - clickbayar
11:45:24.875 [main] DEBUG net.thucydides.core.steps.StepInterceptor - STARTING STEP: OrderPage.clickbayar - clickbayar
11:45:24.877 [main] DEBUG net.thucydides.core.steps.StepInterceptor - STARTING STEP: OrderPage.clickbayar - clickbayar
11:45:24.879 [main] DEBUG net.thucydides.core.steps.StepInterceptor - STARTING STEP: OrderPage.clickbayar - clickbayar
11:45:24.882 [main] DEBUG net.thucydides.core.steps.StepInterceptor - STARTING STEP: OrderPage.clickbayar - clickbayar
11:45:24.884 [main] DEBUG net.thucydides.core.steps.StepInterceptor - STARTING STEP: OrderPage.clickbayar - clickbayar
11:45:24.889 [main] DEBUG net.thucydides.core.steps.StepInterceptor - STARTING STEP: OrderPage.clickbayar - clickbayar
11:45:24.891 [main] DEBUG net.thucydides.core.steps.StepInterceptor - STARTING STEP: OrderPage.clickbayar - clickbayar
11:45:24.893 [main] DEBUG net.thucydides.core.steps.StepInterceptor - STARTING STEP: OrderPage.clickbayar - clickbayar
11:45:24.895 [main] DEBUG net.thucydides.core.steps.StepInterceptor - STARTING STEP: OrderPage.clickbayar - clickbayar
11:45:24.897 [main] DEBUG net.thucydides.core.steps.StepInterceptor - STARTING STEP: OrderPage.clickbayar - clickbayar
11:45:24.899 [main] DEBUG net.thucydides.core.steps.StepInterceptor - STARTING STEP: OrderPage.clickbayar - clickbayar
11:45:24.901 [main] DEBUG net.thucydides.core.steps.StepInterceptor - STARTING STEP: OrderPage.clickbayar - clickbayar
11:45:24.904 [main] DEBUG net.thucydides.core.steps.StepInterceptor - STARTING STEP: OrderPage.clickbayar - clickbayar
11:45:24.906 [main] DEBUG net.thucydides.core.steps.StepInterceptor - STARTING STEP: OrderPage.clickbayar - clickbayar
11:45:24.909 [main] DEBUG net.thucydides.core.steps.StepInterceptor - STARTING STEP: OrderPage.clickbayar - clickbayar
11:45:24.911 [main] DEBUG net.thucydides.core.steps.StepInterceptor - STARTING STEP: OrderPage.clickbayar - clickbayar
11:45:24.914 [main] DEBUG net.thucydides.core.steps.StepInterceptor - STARTING STEP: OrderPage.clickbayar - clickbayar
11:45:24.916 [main] DEBUG net.thucydides.core.steps.StepInterceptor - STARTING STEP: OrderPage.clickbayar - clickbayar
11:45:24.918 [main] DEBUG net.thucydides.core.steps.StepInterceptor - STARTING STEP: OrderPage.clickbayar - clickbayar
11:45:24.924 [main] DEBUG net.thucydides.core.steps.StepInterceptor - STARTING STEP: OrderPage.clickbayar - clickbayar
11:45:24.926 [main] DEBUG net.thucydides.core.steps.StepInterceptor - STARTING STEP: OrderPage.clickbayar - clickbayar
11:45:24.929 [main] DEBUG net.thucydides.core.steps.StepInterceptor - STARTING STEP: OrderPage.clickbayar - clickbayar
11:45:24.932 [main] DEBUG net.thucydides.core.steps.StepInterceptor - STARTING STEP: OrderPage.clickbayar - clickbayar
11:45:24.934 [main] DEBUG net.thucydides.core.steps.StepInterceptor - STARTING STEP: OrderPage.clickbayar - clickbayar
11:45:24.936 [main] DEBUG net.thucydides.core.steps.StepInterceptor - STARTING STEP: OrderPage.clickbayar - clickbayar
11:45:24.938 [main] DEBUG net.thucydides.core.steps.StepInterceptor - STARTING STEP: OrderPage.clickbayar - clickbayar
11:45:24.941 [main] DEBUG net.thucydides.core.steps.StepInterceptor - STARTING STEP: OrderPage.clickbayar - clickbayar
11:45:24.943 [main] DEBUG net.thucydides.core.steps.StepInterceptor - STARTING STEP: OrderPage.clickbayar - clickbayar
11:45:24.945 [main] DEBUG net.thucydides.core.steps.StepInterceptor - STARTING STEP: OrderPage.clickbayar - clickbayar
11:45:24.947 [main] DEBUG net.thucydides.core.steps.StepInterceptor - STARTING STEP: OrderPage.clickbayar - clickbayar
11:45:24.950 [main] DEBUG net.thucydides.core.steps.StepInterceptor - STARTING STEP: OrderPage.clickbayar - clickbayar
11:45:24.955 [main] DEBUG net.thucydides.core.steps.StepInterceptor - STARTING STEP: OrderPage.clickbayar - clickbayar
11:45:24.958 [main] DEBUG net.thucydides.core.steps.StepInterceptor - STARTING STEP: OrderPage.clickbayar - clickbayar
11:45:24.962 [main] DEBUG net.thucydides.core.steps.StepInterceptor - STARTING STEP: OrderPage.clickbayar - clickbayar
11:45:24.964 [main] DEBUG net.thucydides.core.steps.StepInterceptor - STARTING STEP: OrderPage.clickbayar - clickbayar
11:45:24.966 [main] DEBUG net.thucydides.core.steps.StepInterceptor - STARTING STEP: OrderPage.clickbayar - clickbayar
11:45:24.968 [main] DEBUG net.thucydides.core.steps.StepInterceptor - STARTING STEP: OrderPage.clickbayar - clickbayar
11:45:24.971 [main] DEBUG net.thucydides.core.steps.StepInterceptor - STARTING STEP: OrderPage.clickbayar - clickbayar
11:45:24.973 [main] DEBUG net.thucydides.core.steps.StepInterceptor - STARTING STEP: OrderPage.clickbayar - clickbayar
11:45:24.975 [main] DEBUG net.thucydides.core.steps.StepInterceptor - STARTING STEP: OrderPage.clickbayar - clickbayar
11:45:24.977 [main] DEBUG net.thucydides.core.steps.StepInterceptor - STARTING STEP: OrderPage.clickbayar - clickbayar
11:45:24.980 [main] DEBUG net.thucydides.core.steps.StepInterceptor - STARTING STEP: OrderPage.clickbayar - clickbayar
11:45:24.982 [main] DEBUG net.thucydides.core.steps.StepInterceptor - STARTING STEP: OrderPage.clickbayar - clickbayar
11:45:24.984 [main] DEBUG net.thucydides.core.steps.StepInterceptor - STARTING STEP: OrderPage.clickbayar - clickbayar
11:45:24.986 [main] DEBUG net.thucydides.core.steps.StepInterceptor - STARTING STEP: OrderPage.clickbayar - clickbayar
11:45:24.989 [main] DEBUG net.thucydides.core.steps.StepInterceptor - STARTING STEP: OrderPage.clickbayar - clickbayar
11:45:24.991 [main] DEBUG net.thucydides.core.steps.StepInterceptor - STARTING STEP: OrderPage.clickbayar - clickbayar
11:45:24.994 [main] DEBUG net.thucydides.core.steps.StepInterceptor - STARTING STEP: OrderPage.clickbayar - clickbayar
11:45:24.996 [main] DEBUG net.thucydides.core.steps.StepInterceptor - STARTING STEP: OrderPage.clickbayar - clickbayar
11:45:24.999 [main] DEBUG net.thucydides.core.steps.StepInterceptor - STARTING STEP: OrderPage.clickbayar - clickbayar
11:45:25.001 [main] DEBUG net.thucydides.core.steps.StepInterceptor - STARTING STEP: OrderPage.clickbayar - clickbayar
11:45:25.003 [main] DEBUG net.thucydides.core.steps.StepInterceptor - STARTING STEP: OrderPage.clickbayar - clickbayar
11:45:25.005 [main] DEBUG net.thucydides.core.steps.StepInterceptor - STARTING STEP: OrderPage.clickbayar - clickbayar
11:45:25.007 [main] DEBUG net.thucydides.core.steps.StepInterceptor - STARTING STEP: OrderPage.clickbayar - clickbayar
11:45:25.010 [main] DEBUG net.thucydides.core.steps.StepInterceptor - STARTING STEP: OrderPage.clickbayar - clickbayar
11:45:25.012 [main] DEBUG net.thucydides.core.steps.StepInterceptor - STARTING STEP: OrderPage.clickbayar - clickbayar
11:45:25.015 [main] DEBUG net.thucydides.core.steps.StepInterceptor - STARTING STEP: OrderPage.clickbayar - clickbayar
11:45:25.018 [main] DEBUG net.thucydides.core.steps.StepInterceptor - STARTING STEP: OrderPage.clickbayar - clickbayar
11:45:25.020 [main] DEBUG net.thucydides.core.steps.StepInterceptor - STARTING STEP: OrderPage.clickbayar - clickbayar
11:45:25.022 [main] DEBUG net.thucydides.core.steps.StepInterceptor - STARTING STEP: OrderPage.clickbayar - clickbayar
11:45:25.025 [main] DEBUG net.thucydides.core.steps.StepInterceptor - STARTING STEP: OrderPage.clickbayar - clickbayar
11:45:25.028 [main] DEBUG net.thucydides.core.steps.StepInterceptor - STARTING STEP: OrderPage.clickbayar - clickbayar
11:45:25.031 [main] DEBUG net.thucydides.core.steps.StepInterceptor - STARTING STEP: OrderPage.clickbayar - clickbayar
11:45:25.034 [main] DEBUG net.thucydides.core.steps.StepInterceptor - STARTING STEP: OrderPage.clickbayar - clickbayar
11:45:25.036 [main] DEBUG net.thucydides.core.steps.StepInterceptor - STARTING STEP: OrderPage.clickbayar - clickbayar
11:45:25.038 [main] DEBUG net.thucydides.core.steps.StepInterceptor - STARTING STEP: OrderPage.clickbayar - clickbayar
11:45:25.040 [main] DEBUG net.thucydides.core.steps.StepInterceptor - STARTING STEP: OrderPage.clickbayar - clickbayar
11:45:25.042 [main] DEBUG net.thucydides.core.steps.StepInterceptor - STARTING STEP: OrderPage.clickbayar - clickbayar
11:45:25.046 [main] DEBUG net.thucydides.core.steps.StepInterceptor - STARTING STEP: OrderPage.clickbayar - clickbayar
11:45:25.048 [main] DEBUG net.thucydides.core.steps.StepInterceptor - STARTING STEP: OrderPage.clickbayar - clickbayar
11:45:25.050 [main] DEBUG net.thucydides.core.steps.StepInterceptor - STARTING STEP: OrderPage.clickbayar - clickbayar
11:45:25.052 [main] DEBUG net.thucydides.core.steps.StepInterceptor - STARTING STEP: OrderPage.clickbayar - clickbayar
11:45:25.054 [main] DEBUG net.thucydides.core.steps.StepInterceptor - STARTING STEP: OrderPage.clickbayar - clickbayar
11:45:25.056 [main] DEBUG net.thucydides.core.steps.StepInterceptor - STARTING STEP: OrderPage.clickbayar - clickbayar
11:45:25.059 [main] DEBUG net.thucydides.core.steps.StepInterceptor - STARTING STEP: OrderPage.clickbayar - clickbayar
11:45:25.063 [main] DEBUG net.thucydides.core.steps.StepInterceptor - STARTING STEP: OrderPage.clickbayar - clickbayar
11:45:25.065 [main] DEBUG net.thucydides.core.steps.StepInterceptor - STARTING STEP: OrderPage.clickbayar - clickbayar
11:45:25.067 [main] DEBUG net.thucydides.core.steps.StepInterceptor - STARTING STEP: OrderPage.clickbayar - clickbayar
11:45:25.069 [main] DEBUG net.thucydides.core.steps.StepInterceptor - STARTING STEP: OrderPage.clickbayar - clickbayar
11:45:25.076 [main] DEBUG net.thucydides.core.steps.StepInterceptor - STARTING STEP: OrderPage.clickbayar - clickbayar
11:45:25.104 [main] DEBUG net.thucydides.core.steps.StepInterceptor - STARTING STEP: OrderPage.clickbayar - clickbayar
11:45:25.107 [main] DEBUG net.thucydides.core.steps.StepInterceptor - STARTING STEP: OrderPage.clickbayar - clickbayar
11:45:25.109 [main] DEBUG net.thucydides.core.steps.StepInterceptor - STARTING STEP: OrderPage.clickbayar - clickbayar
11:45:25.111 [main] DEBUG net.thucydides.core.steps.StepInterceptor - STARTING STEP: OrderPage.clickbayar - clickbayar
11:45:25.113 [main] DEBUG net.thucydides.core.steps.StepInterceptor - STARTING STEP: OrderPage.clickbayar - clickbayar
11:45:25.115 [main] DEBUG net.thucydides.core.steps.StepInterceptor - STARTING STEP: OrderPage.clickbayar - clickbayar
11:45:25.117 [main] DEBUG net.thucydides.core.steps.StepInterceptor - STARTING STEP: OrderPage.clickbayar - clickbayar
11:45:25.119 [main] DEBUG net.thucydides.core.steps.StepInterceptor - STARTING STEP: OrderPage.clickbayar - clickbayar
11:45:25.122 [main] DEBUG net.thucydides.core.steps.StepInterceptor - STARTING STEP: OrderPage.clickbayar - clickbayar
11:45:25.124 [main] DEBUG net.thucydides.core.steps.StepInterceptor - STARTING STEP: OrderPage.clickbayar - clickbayar
11:45:25.127 [main] DEBUG net.thucydides.core.steps.StepInterceptor - STARTING STEP: OrderPage.clickbayar - clickbayar
11:45:25.129 [main] DEBUG net.thucydides.core.steps.StepInterceptor - STARTING STEP: OrderPage.clickbayar - clickbayar
11:45:25.132 [main] DEBUG net.thucydides.core.steps.StepInterceptor - STARTING STEP: OrderPage.clickbayar - clickbayar
11:45:25.134 [main] DEBUG net.thucydides.core.steps.StepInterceptor - STARTING STEP: OrderPage.clickbayar - clickbayar
11:45:25.136 [main] DEBUG net.thucydides.core.steps.StepInterceptor - STARTING STEP: OrderPage.clickbayar - clickbayar
11:45:25.139 [main] DEBUG net.thucydides.core.steps.StepInterceptor - STARTING STEP: OrderPage.clickbayar - clickbayar
11:45:25.142 [main] DEBUG net.thucydides.core.steps.StepInterceptor - STARTING STEP: OrderPage.clickbayar - clickbayar
11:45:25.144 [main] DEBUG net.thucydides.core.steps.StepInterceptor - STARTING STEP: OrderPage.clickbayar - clickbayar
11:45:25.147 [main] DEBUG net.thucydides.core.steps.StepInterceptor - STARTING STEP: OrderPage.clickbayar - clickbayar
11:45:25.149 [main] DEBUG net.thucydides.core.steps.StepInterceptor - STARTING STEP: OrderPage.clickbayar - clickbayar
11:45:25.151 [main] DEBUG net.thucydides.core.steps.StepInterceptor - STARTING STEP: OrderPage.clickbayar - clickbayar
11:45:25.153 [main] DEBUG net.thucydides.core.steps.StepInterceptor - STARTING STEP: OrderPage.clickbayar - clickbayar
11:45:25.157 [main] DEBUG net.thucydides.core.steps.StepInterceptor - STARTING STEP: OrderPage.clickbayar - clickbayar
11:45:25.159 [main] DEBUG net.thucydides.core.steps.StepInterceptor - STARTING STEP: OrderPage.clickbayar - clickbayar
11:45:25.163 [main] DEBUG net.thucydides.core.steps.StepInterceptor - STARTING STEP: OrderPage.clickbayar - clickbayar
11:45:25.165 [main] DEBUG net.thucydides.core.steps.StepInterceptor - STARTING STEP: OrderPage.clickbayar - clickbayar
11:45:25.167 [main] DEBUG net.thucydides.core.steps.StepInterceptor - STARTING STEP: OrderPage.clickbayar - clickbayar
11:45:25.169 [main] DEBUG net.thucydides.core.steps.StepInterceptor - STARTING STEP: OrderPage.clickbayar - clickbayar
11:45:25.172 [main] DEBUG net.thucydides.core.steps.StepInterceptor - STARTING STEP: OrderPage.clickbayar - clickbayar
11:45:25.174 [main] DEBUG net.thucydides.core.steps.StepInterceptor - STARTING STEP: OrderPage.clickbayar - clickbayar
11:45:25.177 [main] DEBUG net.thucydides.core.steps.StepInterceptor - STARTING STEP: OrderPage.clickbayar - clickbayar
11:45:25.179 [main] DEBUG net.thucydides.core.steps.StepInterceptor - STARTING STEP: OrderPage.clickbayar - clickbayar
11:45:25.181 [main] DEBUG net.thucydides.core.steps.StepInterceptor - STARTING STEP: OrderPage.clickbayar - clickbayar
11:45:25.183 [main] DEBUG net.thucydides.core.steps.StepInterceptor - STARTING STEP: OrderPage.clickbayar - clickbayar
11:45:25.185 [main] DEBUG net.thucydides.core.steps.StepInterceptor - STARTING STEP: OrderPage.clickbayar - clickbayar
11:45:25.187 [main] DEBUG net.thucydides.core.steps.StepInterceptor - STARTING STEP: OrderPage.clickbayar - clickbayar
11:45:25.189 [main] DEBUG net.thucydides.core.steps.StepInterceptor - STARTING STEP: OrderPage.clickbayar - clickbayar
11:45:25.191 [main] DEBUG net.thucydides.core.steps.StepInterceptor - STARTING STEP: OrderPage.clickbayar - clickbayar
11:45:25.194 [main] DEBUG net.thucydides.core.steps.StepInterceptor - STARTING STEP: OrderPage.clickbayar - clickbayar
11:45:25.197 [main] DEBUG net.thucydides.core.steps.StepInterceptor - STARTING STEP: OrderPage.clickbayar - clickbayar
11:45:25.199 [main] DEBUG net.thucydides.core.steps.StepInterceptor - STARTING STEP: OrderPage.clickbayar - clickbayar
11:45:25.201 [main] DEBUG net.thucydides.core.steps.StepInterceptor - STARTING STEP: OrderPage.clickbayar - clickbayar
11:45:25.203 [main] DEBUG net.thucydides.core.steps.StepInterceptor - STARTING STEP: OrderPage.clickbayar - clickbayar
11:45:25.205 [main] DEBUG net.thucydides.core.steps.StepInterceptor - STARTING STEP: OrderPage.clickbayar - clickbayar
11:45:25.208 [main] DEBUG net.thucydides.core.steps.StepInterceptor - STARTING STEP: OrderPage.clickbayar - clickbayar
11:45:25.210 [main] DEBUG net.thucydides.core.steps.StepInterceptor - STARTING STEP: OrderPage.clickbayar - clickbayar
11:45:25.216 [main] DEBUG net.thucydides.core.steps.StepInterceptor - STARTING STEP: OrderPage.clickbayar - clickbayar
11:45:25.218 [main] DEBUG net.thucydides.core.steps.StepInterceptor - STARTING STEP: OrderPage.clickbayar - clickbayar
11:45:25.220 [main] DEBUG net.thucydides.core.steps.StepInterceptor - STARTING STEP: OrderPage.clickbayar - clickbayar
11:45:25.222 [main] DEBUG net.thucydides.core.steps.StepInterceptor - STARTING STEP: OrderPage.clickbayar - clickbayar
11:45:25.224 [main] DEBUG net.thucydides.core.steps.StepInterceptor - STARTING STEP: OrderPage.clickbayar - clickbayar
11:45:25.226 [main] DEBUG net.thucydides.core.steps.StepInterceptor - STARTING STEP: OrderPage.clickbayar - clickbayar
11:45:25.229 [main] DEBUG net.thucydides.core.steps.StepInterceptor - STARTING STEP: OrderPage.clickbayar - clickbayar
11:45:25.231 [main] DEBUG net.thucydides.core.steps.StepInterceptor - STARTING STEP: OrderPage.clickbayar - clickbayar
11:45:25.233 [main] DEBUG net.thucydides.core.steps.StepInterceptor - STARTING STEP: OrderPage.clickbayar - clickbayar
11:45:25.235 [main] DEBUG net.thucydides.core.steps.StepInterceptor - STARTING STEP: OrderPage.clickbayar - clickbayar
11:45:25.237 [main] DEBUG net.thucydides.core.steps.StepInterceptor - STARTING STEP: OrderPage.clickbayar - clickbayar
11:45:25.240 [main] DEBUG net.thucydides.core.steps.StepInterceptor - STARTING STEP: OrderPage.clickbayar - clickbayar
11:45:25.242 [main] DEBUG net.thucydides.core.steps.StepInterceptor - STARTING STEP: OrderPage.clickbayar - clickbayar
11:45:25.244 [main] DEBUG net.thucydides.core.steps.StepInterceptor - STARTING STEP: OrderPage.clickbayar - clickbayar
11:45:25.251 [main] DEBUG net.thucydides.core.steps.StepInterceptor - STARTING STEP: OrderPage.clickbayar - clickbayar
11:45:25.256 [main] DEBUG net.thucydides.core.steps.StepInterceptor - STARTING STEP: OrderPage.clickbayar - clickbayar
11:45:25.258 [main] DEBUG net.thucydides.core.steps.StepInterceptor - STARTING STEP: OrderPage.clickbayar - clickbayar
11:45:25.260 [main] DEBUG net.thucydides.core.steps.StepInterceptor - STARTING STEP: OrderPage.clickbayar - clickbayar
11:45:25.262 [main] DEBUG net.thucydides.core.steps.StepInterceptor - STARTING STEP: OrderPage.clickbayar - clickbayar
11:45:25.264 [main] DEBUG net.thucydides.core.steps.StepInterceptor - STARTING STEP: OrderPage.clickbayar - clickbayar
11:45:25.267 [main] DEBUG net.thucydides.core.steps.StepInterceptor - STARTING STEP: OrderPage.clickbayar - clickbayar
11:45:25.269 [main] DEBUG net.thucydides.core.steps.StepInterceptor - STARTING STEP: OrderPage.clickbayar - clickbayar
11:45:25.272 [main] DEBUG net.thucydides.core.steps.StepInterceptor - STARTING STEP: OrderPage.clickbayar - clickbayar
11:45:25.274 [main] DEBUG net.thucydides.core.steps.StepInterceptor - STARTING STEP: OrderPage.clickbayar - clickbayar
11:45:25.276 [main] DEBUG net.thucydides.core.steps.StepInterceptor - STARTING STEP: OrderPage.clickbayar - clickbayar
11:45:25.278 [main] DEBUG net.thucydides.core.steps.StepInterceptor - STARTING STEP: OrderPage.clickbayar - clickbayar
11:45:25.281 [main] DEBUG net.thucydides.core.steps.StepInterceptor - STARTING STEP: OrderPage.clickbayar - clickbayar
11:45:25.283 [main] DEBUG net.thucydides.core.steps.StepInterceptor - STARTING STEP: OrderPage.clickbayar - clickbayar
11:45:25.285 [main] DEBUG net.thucydides.core.steps.StepInterceptor - STARTING STEP: OrderPage.clickbayar - clickbayar
11:45:25.288 [main] DEBUG net.thucydides.core.steps.StepInterceptor - STARTING STEP: OrderPage.clickbayar - clickbayar
11:45:25.290 [main] DEBUG net.thucydides.core.steps.StepInterceptor - STARTING STEP: OrderPage.clickbayar - clickbayar
11:45:25.292 [main] DEBUG net.thucydides.core.steps.StepInterceptor - STARTING STEP: OrderPage.clickbayar - clickbayar
11:45:25.294 [main] DEBUG net.thucydides.core.steps.StepInterceptor - STARTING STEP: OrderPage.clickbayar - clickbayar
11:45:25.296 [main] DEBUG net.thucydides.core.steps.StepInterceptor - STARTING STEP: OrderPage.clickbayar - clickbayar
11:45:25.299 [main] DEBUG net.thucydides.core.steps.StepInterceptor - STARTING STEP: OrderPage.clickbayar - clickbayar
11:45:25.301 [main] DEBUG net.thucydides.core.steps.StepInterceptor - STARTING STEP: OrderPage.clickbayar - clickbayar
11:45:25.303 [main] DEBUG net.thucydides.core.steps.StepInterceptor - STARTING STEP: OrderPage.clickbayar - clickbayar
11:45:25.305 [main] DEBUG net.thucydides.core.steps.StepInterceptor - STARTING STEP: OrderPage.clickbayar - clickbayar
11:45:25.307 [main] DEBUG net.thucydides.core.steps.StepInterceptor - STARTING STEP: OrderPage.clickbayar - clickbayar
11:45:25.311 [main] DEBUG net.thucydides.core.steps.StepInterceptor - STARTING STEP: OrderPage.clickbayar - clickbayar
11:45:25.313 [main] DEBUG net.thucydides.core.steps.StepInterceptor - STARTING STEP: OrderPage.clickbayar - clickbayar
11:45:25.315 [main] DEBUG net.thucydides.core.steps.StepInterceptor - STARTING STEP: OrderPage.clickbayar - clickbayar
11:45:25.317 [main] DEBUG net.thucydides.core.steps.StepInterceptor - STARTING STEP: OrderPage.clickbayar - clickbayar
11:45:25.320 [main] DEBUG net.thucydides.core.steps.StepInterceptor - STARTING STEP: OrderPage.clickbayar - clickbayar
11:45:25.322 [main] DEBUG net.thucydides.core.steps.StepInterceptor - STARTING STEP: OrderPage.clickbayar - clickbayar
11:45:25.324 [main] DEBUG net.thucydides.core.steps.StepInterceptor - STARTING STEP: OrderPage.clickbayar - clickbayar
11:45:25.326 [main] DEBUG net.thucydides.core.steps.StepInterceptor - STARTING STEP: OrderPage.clickbayar - clickbayar
11:45:25.329 [main] DEBUG net.thucydides.core.steps.StepInterceptor - STARTING STEP: OrderPage.clickbayar - clickbayar
11:45:25.335 [main] DEBUG net.thucydides.core.steps.StepInterceptor - STARTING STEP: OrderPage.clickbayar - clickbayar
11:45:25.338 [main] DEBUG net.thucydides.core.steps.StepInterceptor - STARTING STEP: OrderPage.clickbayar - clickbayar
11:45:25.343 [main] DEBUG net.thucydides.core.steps.StepInterceptor - STARTING STEP: OrderPage.clickbayar - clickbayar
11:45:25.360 [main] DEBUG net.thucydides.core.steps.StepInterceptor - STARTING STEP: OrderPage.clickbayar - clickbayar
11:45:25.363 [main] DEBUG net.thucydides.core.steps.StepInterceptor - STARTING STEP: OrderPage.clickbayar - clickbayar
11:45:25.364 [main] DEBUG net.thucydides.core.steps.StepInterceptor - STARTING STEP: OrderPage.clickbayar - clickbayar
11:45:25.366 [main] DEBUG net.thucydides.core.steps.StepInterceptor - STARTING STEP: OrderPage.clickbayar - clickbayar
11:45:25.368 [main] DEBUG net.thucydides.core.steps.StepInterceptor - STARTING STEP: OrderPage.clickbayar - clickbayar
11:45:25.370 [main] DEBUG net.thucydides.core.steps.StepInterceptor - STARTING STEP: OrderPage.clickbayar - clickbayar
11:45:25.372 [main] DEBUG net.thucydides.core.steps.StepInterceptor - STARTING STEP: OrderPage.clickbayar - clickbayar
11:45:25.374 [main] DEBUG net.thucydides.core.steps.StepInterceptor - STARTING STEP: OrderPage.clickbayar - clickbayar
11:45:25.376 [main] DEBUG net.thucydides.core.steps.StepInterceptor - STARTING STEP: OrderPage.clickbayar - clickbayar
11:45:25.378 [main] DEBUG net.thucydides.core.steps.StepInterceptor - STARTING STEP: OrderPage.clickbayar - clickbayar
11:45:25.380 [main] DEBUG net.thucydides.core.steps.StepInterceptor - STARTING STEP: OrderPage.clickbayar - clickbayar
11:45:25.382 [main] DEBUG net.thucydides.core.steps.StepInterceptor - STARTING STEP: OrderPage.clickbayar - clickbayar
11:45:25.384 [main] DEBUG net.thucydides.core.steps.StepInterceptor - STARTING STEP: OrderPage.clickbayar - clickbayar
11:45:25.386 [main] DEBUG net.thucydides.core.steps.StepInterceptor - STARTING STEP: OrderPage.clickbayar - clickbayar
11:45:25.388 [main] DEBUG net.thucydides.core.steps.StepInterceptor - STARTING STEP: OrderPage.clickbayar - clickbayar
11:45:25.391 [main] DEBUG net.thucydides.core.steps.StepInterceptor - STARTING STEP: OrderPage.clickbayar - clickbayar
11:45:25.394 [main] DEBUG net.thucydides.core.steps.StepInterceptor - STARTING STEP: OrderPage.clickbayar - clickbayar
11:45:25.396 [main] DEBUG net.thucydides.core.steps.StepInterceptor - STARTING STEP: OrderPage.clickbayar - clickbayar
11:45:25.398 [main] DEBUG net.thucydides.core.steps.StepInterceptor - STARTING STEP: OrderPage.clickbayar - clickbayar
11:45:25.401 [main] DEBUG net.thucydides.core.steps.StepInterceptor - STARTING STEP: OrderPage.clickbayar - clickbayar
11:45:25.404 [main] DEBUG net.thucydides.core.steps.StepInterceptor - STARTING STEP: OrderPage.clickbayar - clickbayar
11:45:25.406 [main] DEBUG net.thucydides.core.steps.StepInterceptor - STARTING STEP: OrderPage.clickbayar - clickbayar
11:45:25.408 [main] DEBUG net.thucydides.core.steps.StepInterceptor - STARTING STEP: OrderPage.clickbayar - clickbayar
11:45:25.411 [main] DEBUG net.thucydides.core.steps.StepInterceptor - STARTING STEP: OrderPage.clickbayar - clickbayar
11:45:25.413 [main] DEBUG net.thucydides.core.steps.StepInterceptor - STARTING STEP: OrderPage.clickbayar - clickbayar
11:45:25.415 [main] DEBUG net.thucydides.core.steps.StepInterceptor - STARTING STEP: OrderPage.clickbayar - clickbayar
11:45:25.417 [main] DEBUG net.thucydides.core.steps.StepInterceptor - STARTING STEP: OrderPage.clickbayar - clickbayar
11:45:25.419 [main] DEBUG net.thucydides.core.steps.StepInterceptor - STARTING STEP: OrderPage.clickbayar - clickbayar
11:45:25.422 [main] DEBUG net.thucydides.core.steps.StepInterceptor - STARTING STEP: OrderPage.clickbayar - clickbayar
11:45:25.425 [main] DEBUG net.thucydides.core.steps.StepInterceptor - STARTING STEP: OrderPage.clickbayar - clickbayar
11:45:25.428 [main] DEBUG net.thucydides.core.steps.StepInterceptor - STARTING STEP: OrderPage.clickbayar - clickbayar
11:45:25.430 [main] DEBUG net.thucydides.core.steps.StepInterceptor - STARTING STEP: OrderPage.clickbayar - clickbayar
11:45:25.432 [main] DEBUG net.thucydides.core.steps.StepInterceptor - STARTING STEP: OrderPage.clickbayar - clickbayar
11:45:25.435 [main] DEBUG net.thucydides.core.steps.StepInterceptor - STARTING STEP: OrderPage.clickbayar - clickbayar
11:45:25.437 [main] DEBUG net.thucydides.core.steps.StepInterceptor - STARTING STEP: OrderPage.clickbayar - clickbayar
11:45:25.439 [main] DEBUG net.thucydides.core.steps.StepInterceptor - STARTING STEP: OrderPage.clickbayar - clickbayar
11:45:25.442 [main] DEBUG net.thucydides.core.steps.StepInterceptor - STARTING STEP: OrderPage.clickbayar - clickbayar
11:45:25.444 [main] DEBUG net.thucydides.core.steps.StepInterceptor - STARTING STEP: OrderPage.clickbayar - clickbayar
11:45:25.446 [main] DEBUG net.thucydides.core.steps.StepInterceptor - STARTING STEP: OrderPage.clickbayar - clickbayar
11:45:25.448 [main] DEBUG net.thucydides.core.steps.StepInterceptor - STARTING STEP: OrderPage.clickbayar - clickbayar
11:45:25.450 [main] DEBUG net.thucydides.core.steps.StepInterceptor - STARTING STEP: OrderPage.clickbayar - clickbayar
11:45:25.453 [main] DEBUG net.thucydides.core.steps.StepInterceptor - STARTING STEP: OrderPage.clickbayar - clickbayar
11:45:25.455 [main] DEBUG net.thucydides.core.steps.StepInterceptor - STARTING STEP: OrderPage.clickbayar - clickbayar
11:45:25.458 [main] DEBUG net.thucydides.core.steps.StepInterceptor - STARTING STEP: OrderPage.clickbayar - clickbayar
11:45:25.460 [main] DEBUG net.thucydides.core.steps.StepInterceptor - STARTING STEP: OrderPage.clickbayar - clickbayar
11:45:25.462 [main] DEBUG net.thucydides.core.steps.StepInterceptor - STARTING STEP: OrderPage.clickbayar - clickbayar
11:45:25.464 [main] DEBUG net.thucydides.core.steps.StepInterceptor - STARTING STEP: OrderPage.clickbayar - clickbayar
11:45:25.466 [main] DEBUG net.thucydides.core.steps.StepInterceptor - STARTING STEP: OrderPage.clickbayar - clickbayar
11:45:25.468 [main] DEBUG net.thucydides.core.steps.StepInterceptor - STARTING STEP: OrderPage.clickbayar - clickbayar
11:45:25.470 [main] DEBUG net.thucydides.core.steps.StepInterceptor - STARTING STEP: OrderPage.clickbayar - clickbayar
11:45:25.472 [main] DEBUG net.thucydides.core.steps.StepInterceptor - STARTING STEP: OrderPage.clickbayar - clickbayar
11:45:25.474 [main] DEBUG net.thucydides.core.steps.StepInterceptor - STARTING STEP: OrderPage.clickbayar - clickbayar
11:45:25.476 [main] DEBUG net.thucydides.core.steps.StepInterceptor - STARTING STEP: OrderPage.clickbayar - clickbayar
11:45:25.477 [main] DEBUG net.thucydides.core.steps.StepInterceptor - STARTING STEP: OrderPage.clickbayar - clickbayar
11:45:25.479 [main] DEBUG net.thucydides.core.steps.StepInterceptor - STARTING STEP: OrderPage.clickbayar - clickbayar
11:45:25.481 [main] DEBUG net.thucydides.core.steps.StepInterceptor - STARTING STEP: OrderPage.clickbayar - clickbayar
11:45:25.483 [main] DEBUG net.thucydides.core.steps.StepInterceptor - STARTING STEP: OrderPage.clickbayar - clickbayar
11:45:25.485 [main] DEBUG net.thucydides.core.steps.StepInterceptor - STARTING STEP: OrderPage.clickbayar - clickbayar
11:45:25.487 [main] DEBUG net.thucydides.core.steps.StepInterceptor - STARTING STEP: OrderPage.clickbayar - clickbayar
11:45:25.490 [main] DEBUG net.thucydides.core.steps.StepInterceptor - STARTING STEP: OrderPage.clickbayar - clickbayar
11:45:25.492 [main] DEBUG net.thucydides.core.steps.StepInterceptor - STARTING STEP: OrderPage.clickbayar - clickbayar
11:45:25.494 [main] DEBUG net.thucydides.core.steps.StepInterceptor - STARTING STEP: OrderPage.clickbayar - clickbayar
11:45:25.496 [main] DEBUG net.thucydides.core.steps.StepInterceptor - STARTING STEP: OrderPage.clickbayar - clickbayar
11:45:25.497 [main] DEBUG net.thucydides.core.steps.StepInterceptor - STARTING STEP: OrderPage.clickbayar - clickbayar
11:45:25.499 [main] DEBUG net.thucydides.core.steps.StepInterceptor - STARTING STEP: OrderPage.clickbayar - clickbayar
11:45:25.501 [main] DEBUG net.thucydides.core.steps.StepInterceptor - STARTING STEP: OrderPage.clickbayar - clickbayar
11:45:25.503 [main] DEBUG net.thucydides.core.steps.StepInterceptor - STARTING STEP: OrderPage.clickbayar - clickbayar
11:45:25.505 [main] DEBUG net.thucydides.core.steps.StepInterceptor - STARTING STEP: OrderPage.clickbayar - clickbayar
11:45:25.507 [main] DEBUG net.thucydides.core.steps.StepInterceptor - STARTING STEP: OrderPage.clickbayar - clickbayar
11:45:25.509 [main] DEBUG net.thucydides.core.steps.StepInterceptor - STARTING STEP: OrderPage.clickbayar - clickbayar
11:45:25.514 [main] DEBUG net.thucydides.core.steps.StepInterceptor - STARTING STEP: OrderPage.clickbayar - clickbayar
11:45:25.516 [main] DEBUG net.thucydides.core.steps.StepInterceptor - STARTING STEP: OrderPage.clickbayar - clickbayar
11:45:25.518 [main] DEBUG net.thucydides.core.steps.StepInterceptor - STARTING STEP: OrderPage.clickbayar - clickbayar
11:45:25.520 [main] DEBUG net.thucydides.core.steps.StepInterceptor - STARTING STEP: OrderPage.clickbayar - clickbayar
11:45:25.522 [main] DEBUG net.thucydides.core.steps.StepInterceptor - STARTING STEP: OrderPage.clickbayar - clickbayar
11:45:25.524 [main] DEBUG net.thucydides.core.steps.StepInterceptor - STARTING STEP: OrderPage.clickbayar - clickbayar
11:45:25.527 [main] DEBUG net.thucydides.core.steps.StepInterceptor - STARTING STEP: OrderPage.clickbayar - clickbayar
11:45:25.529 [main] DEBUG net.thucydides.core.steps.StepInterceptor - STARTING STEP: OrderPage.clickbayar - clickbayar
11:45:25.530 [main] DEBUG net.thucydides.core.steps.StepInterceptor - STARTING STEP: OrderPage.clickbayar - clickbayar
11:45:25.532 [main] DEBUG net.thucydides.core.steps.StepInterceptor - STARTING STEP: OrderPage.clickbayar - clickbayar
11:45:25.534 [main] DEBUG net.thucydides.core.steps.StepInterceptor - STARTING STEP: OrderPage.clickbayar - clickbayar
11:45:25.536 [main] DEBUG net.thucydides.core.steps.StepInterceptor - STARTING STEP: OrderPage.clickbayar - clickbayar
11:45:25.538 [main] DEBUG net.thucydides.core.steps.StepInterceptor - STARTING STEP: OrderPage.clickbayar - clickbayar
11:45:25.540 [main] DEBUG net.thucydides.core.steps.StepInterceptor - STARTING STEP: OrderPage.clickbayar - clickbayar
11:45:25.542 [main] DEBUG net.thucydides.core.steps.StepInterceptor - STARTING STEP: OrderPage.clickbayar - clickbayar
11:45:25.544 [main] DEBUG net.thucydides.core.steps.StepInterceptor - STARTING STEP: OrderPage.clickbayar - clickbayar
11:45:25.546 [main] DEBUG net.thucydides.core.steps.StepInterceptor - STARTING STEP: OrderPage.clickbayar - clickbayar
11:45:25.548 [main] DEBUG net.thucydides.core.steps.StepInterceptor - STARTING STEP: OrderPage.clickbayar - clickbayar
11:45:25.550 [main] DEBUG net.thucydides.core.steps.StepInterceptor - STARTING STEP: OrderPage.clickbayar - clickbayar
11:45:25.552 [main] DEBUG net.thucydides.core.steps.StepInterceptor - STARTING STEP: OrderPage.clickbayar - clickbayar
11:45:25.554 [main] DEBUG net.thucydides.core.steps.StepInterceptor - STARTING STEP: OrderPage.clickbayar - clickbayar
11:45:25.556 [main] DEBUG net.thucydides.core.steps.StepInterceptor - STARTING STEP: OrderPage.clickbayar - clickbayar
11:45:25.558 [main] DEBUG net.thucydides.core.steps.StepInterceptor - STARTING STEP: OrderPage.clickbayar - clickbayar
11:45:25.560 [main] DEBUG net.thucydides.core.steps.StepInterceptor - STARTING STEP: OrderPage.clickbayar - clickbayar
11:45:25.561 [main] DEBUG net.thucydides.core.steps.StepInterceptor - STARTING STEP: OrderPage.clickbayar - clickbayar
11:45:25.563 [main] DEBUG net.thucydides.core.steps.StepInterceptor - STARTING STEP: OrderPage.clickbayar - clickbayar
11:45:25.565 [main] DEBUG net.thucydides.core.steps.StepInterceptor - STARTING STEP: OrderPage.clickbayar - clickbayar
11:45:25.567 [main] DEBUG net.thucydides.core.steps.StepInterceptor - STARTING STEP: OrderPage.clickbayar - clickbayar
11:45:25.569 [main] DEBUG net.thucydides.core.steps.StepInterceptor - STARTING STEP: OrderPage.clickbayar - clickbayar
11:45:25.571 [main] DEBUG net.thucydides.core.steps.StepInterceptor - STARTING STEP: OrderPage.clickbayar - clickbayar
11:45:25.573 [main] DEBUG net.thucydides.core.steps.StepInterceptor - STARTING STEP: OrderPage.clickbayar - clickbayar
11:45:25.575 [main] DEBUG net.thucydides.core.steps.StepInterceptor - STARTING STEP: OrderPage.clickbayar - clickbayar
11:45:25.577 [main] DEBUG net.thucydides.core.steps.StepInterceptor - STARTING STEP: OrderPage.clickbayar - clickbayar
11:45:25.578 [main] DEBUG net.thucydides.core.steps.StepInterceptor - STARTING STEP: OrderPage.clickbayar - clickbayar
11:45:25.580 [main] DEBUG net.thucydides.core.steps.StepInterceptor - STARTING STEP: OrderPage.clickbayar - clickbayar
11:45:25.582 [main] DEBUG net.thucydides.core.steps.StepInterceptor - STARTING STEP: OrderPage.clickbayar - clickbayar
11:45:25.584 [main] DEBUG net.thucydides.core.steps.StepInterceptor - STARTING STEP: OrderPage.clickbayar - clickbayar
11:45:25.586 [main] DEBUG net.thucydides.core.steps.StepInterceptor - STARTING STEP: OrderPage.clickbayar - clickbayar
11:45:25.588 [main] DEBUG net.thucydides.core.steps.StepInterceptor - STARTING STEP: OrderPage.clickbayar - clickbayar
11:45:25.591 [main] DEBUG net.thucydides.core.steps.StepInterceptor - STARTING STEP: OrderPage.clickbayar - clickbayar
11:45:25.593 [main] DEBUG net.thucydides.core.steps.StepInterceptor - STARTING STEP: OrderPage.clickbayar - clickbayar
11:45:25.595 [main] DEBUG net.thucydides.core.steps.StepInterceptor - STARTING STEP: OrderPage.clickbayar - clickbayar
11:45:25.597 [main] DEBUG net.thucydides.core.steps.StepInterceptor - STARTING STEP: OrderPage.clickbayar - clickbayar
11:45:25.599 [main] DEBUG net.thucydides.core.steps.StepInterceptor - STARTING STEP: OrderPage.clickbayar - clickbayar
11:45:25.601 [main] DEBUG net.thucydides.core.steps.StepInterceptor - STARTING STEP: OrderPage.clickbayar - clickbayar
11:45:25.603 [main] DEBUG net.thucydides.core.steps.StepInterceptor - STARTING STEP: OrderPage.clickbayar - clickbayar
11:45:25.605 [main] DEBUG net.thucydides.core.steps.StepInterceptor - STARTING STEP: OrderPage.clickbayar - clickbayar
11:45:25.607 [main] DEBUG net.thucydides.core.steps.StepInterceptor - STARTING STEP: OrderPage.clickbayar - clickbayar
11:45:25.609 [main] DEBUG net.thucydides.core.steps.StepInterceptor - STARTING STEP: OrderPage.clickbayar - clickbayar
11:45:25.611 [main] DEBUG net.thucydides.core.steps.StepInterceptor - STARTING STEP: OrderPage.clickbayar - clickbayar
11:45:25.613 [main] DEBUG net.thucydides.core.steps.StepInterceptor - STARTING STEP: OrderPage.clickbayar - clickbayar
11:45:25.615 [main] DEBUG net.thucydides.core.steps.StepInterceptor - STARTING STEP: OrderPage.clickbayar - clickbayar
11:45:25.617 [main] DEBUG net.thucydides.core.steps.StepInterceptor - STARTING STEP: OrderPage.clickbayar - clickbayar
11:45:25.618 [main] DEBUG net.thucydides.core.steps.StepInterceptor - STARTING STEP: OrderPage.clickbayar - clickbayar
11:45:25.620 [main] DEBUG net.thucydides.core.steps.StepInterceptor - STARTING STEP: OrderPage.clickbayar - clickbayar
11:45:25.622 [main] DEBUG net.thucydides.core.steps.StepInterceptor - STARTING STEP: OrderPage.clickbayar - clickbayar
11:45:25.625 [main] DEBUG net.thucydides.core.steps.StepInterceptor - STARTING STEP: OrderPage.clickbayar - clickbayar
11:45:25.627 [main] DEBUG net.thucydides.core.steps.StepInterceptor - STARTING STEP: OrderPage.clickbayar - clickbayar
11:45:25.629 [main] DEBUG net.thucydides.core.steps.StepInterceptor - STARTING STEP: OrderPage.clickbayar - clickbayar
11:45:25.631 [main] DEBUG net.thucydides.core.steps.StepInterceptor - STARTING STEP: OrderPage.clickbayar - clickbayar
11:45:25.633 [main] DEBUG net.thucydides.core.steps.StepInterceptor - STARTING STEP: OrderPage.clickbayar - clickbayar
11:45:25.635 [main] DEBUG net.thucydides.core.steps.StepInterceptor - STARTING STEP: OrderPage.clickbayar - clickbayar
11:45:25.637 [main] DEBUG net.thucydides.core.steps.StepInterceptor - STARTING STEP: OrderPage.clickbayar - clickbayar
11:45:25.639 [main] DEBUG net.thucydides.core.steps.StepInterceptor - STARTING STEP: OrderPage.clickbayar - clickbayar
11:45:25.640 [main] DEBUG net.thucydides.core.steps.StepInterceptor - STARTING STEP: OrderPage.clickbayar - clickbayar
11:45:25.642 [main] DEBUG net.thucydides.core.steps.StepInterceptor - STARTING STEP: OrderPage.clickbayar - clickbayar
11:45:25.644 [main] DEBUG net.thucydides.core.steps.StepInterceptor - STARTING STEP: OrderPage.clickbayar - clickbayar
11:45:25.646 [main] DEBUG net.thucydides.core.steps.StepInterceptor - STARTING STEP: OrderPage.clickbayar - clickbayar
11:45:25.648 [main] DEBUG net.thucydides.core.steps.StepInterceptor - STARTING STEP: OrderPage.clickbayar - clickbayar
11:45:25.651 [main] DEBUG net.thucydides.core.steps.StepInterceptor - STARTING STEP: OrderPage.clickbayar - clickbayar
11:45:25.652 [main] DEBUG net.thucydides.core.steps.StepInterceptor - STARTING STEP: OrderPage.clickbayar - clickbayar
11:45:25.654 [main] DEBUG net.thucydides.core.steps.StepInterceptor - STARTING STEP: OrderPage.clickbayar - clickbayar
11:45:25.656 [main] DEBUG net.thucydides.core.steps.StepInterceptor - STARTING STEP: OrderPage.clickbayar - clickbayar
11:45:25.658 [main] DEBUG net.thucydides.core.steps.StepInterceptor - STARTING STEP: OrderPage.clickbayar - clickbayar
11:45:25.664 [main] DEBUG net.thucydides.core.steps.StepInterceptor - STARTING STEP: OrderPage.clickbayar - clickbayar
11:45:25.665 [main] DEBUG net.thucydides.core.steps.StepInterceptor - STARTING STEP: OrderPage.clickbayar - clickbayar
11:45:25.667 [main] DEBUG net.thucydides.core.steps.StepInterceptor - STARTING STEP: OrderPage.clickbayar - clickbayar
11:45:25.669 [main] DEBUG net.thucydides.core.steps.StepInterceptor - STARTING STEP: OrderPage.clickbayar - clickbayar
11:45:25.671 [main] DEBUG net.thucydides.core.steps.StepInterceptor - STARTING STEP: OrderPage.clickbayar - clickbayar
11:45:25.673 [main] DEBUG net.thucydides.core.steps.StepInterceptor - STARTING STEP: OrderPage.clickbayar - clickbayar
11:45:25.675 [main] DEBUG net.thucydides.core.steps.StepInterceptor - STARTING STEP: OrderPage.clickbayar - clickbayar
11:45:25.677 [main] DEBUG net.thucydides.core.steps.StepInterceptor - STARTING STEP: OrderPage.clickbayar - clickbayar
11:45:25.679 [main] DEBUG net.thucydides.core.steps.StepInterceptor - STARTING STEP: OrderPage.clickbayar - clickbayar
11:45:25.680 [main] DEBUG net.thucydides.core.steps.StepInterceptor - STARTING STEP: OrderPage.clickbayar - clickbayar
11:45:25.682 [main] DEBUG net.thucydides.core.steps.StepInterceptor - STARTING STEP: OrderPage.clickbayar - clickbayar
11:45:25.684 [main] DEBUG net.thucydides.core.steps.StepInterceptor - STARTING STEP: OrderPage.clickbayar - clickbayar
11:45:25.686 [main] DEBUG net.thucydides.core.steps.StepInterceptor - STARTING STEP: OrderPage.clickbayar - clickbayar
11:45:25.688 [main] DEBUG net.thucydides.core.steps.StepInterceptor - STARTING STEP: OrderPage.clickbayar - clickbayar
11:45:25.690 [main] DEBUG net.thucydides.core.steps.StepInterceptor - STARTING STEP: OrderPage.clickbayar - clickbayar
11:45:25.694 [main] DEBUG net.thucydides.core.steps.StepInterceptor - STARTING STEP: OrderPage.clickbayar - clickbayar
11:45:25.696 [main] DEBUG net.thucydides.core.steps.StepInterceptor - STARTING STEP: OrderPage.clickbayar - clickbayar
11:45:25.698 [main] DEBUG net.thucydides.core.steps.StepInterceptor - STARTING STEP: OrderPage.clickbayar - clickbayar
11:45:25.700 [main] DEBUG net.thucydides.core.steps.StepInterceptor - STARTING STEP: OrderPage.clickbayar - clickbayar
11:45:25.701 [main] DEBUG net.thucydides.core.steps.StepInterceptor - STARTING STEP: OrderPage.clickbayar - clickbayar
11:45:25.703 [main] DEBUG net.thucydides.core.steps.StepInterceptor - STARTING STEP: OrderPage.clickbayar - clickbayar
11:45:25.706 [main] DEBUG net.thucydides.core.steps.StepInterceptor - STARTING STEP: OrderPage.clickbayar - clickbayar
11:45:25.708 [main] DEBUG net.thucydides.core.steps.StepInterceptor - STARTING STEP: OrderPage.clickbayar - clickbayar
11:45:25.710 [main] DEBUG net.thucydides.core.steps.StepInterceptor - STARTING STEP: OrderPage.clickbayar - clickbayar
11:45:25.712 [main] DEBUG net.thucydides.core.steps.StepInterceptor - STARTING STEP: OrderPage.clickbayar - clickbayar
11:45:25.713 [main] DEBUG net.thucydides.core.steps.StepInterceptor - STARTING STEP: OrderPage.clickbayar - clickbayar
11:45:25.715 [main] DEBUG net.thucydides.core.steps.StepInterceptor - STARTING STEP: OrderPage.clickbayar - clickbayar
11:45:25.717 [main] DEBUG net.thucydides.core.steps.StepInterceptor - STARTING STEP: OrderPage.clickbayar - clickbayar
11:45:25.719 [main] DEBUG net.thucydides.core.steps.StepInterceptor - STARTING STEP: OrderPage.clickbayar - clickbayar
11:45:25.721 [main] DEBUG net.thucydides.core.steps.StepInterceptor - STARTING STEP: OrderPage.clickbayar - clickbayar
11:45:25.723 [main] DEBUG net.thucydides.core.steps.StepInterceptor - STARTING STEP: OrderPage.clickbayar - clickbayar
11:45:25.725 [main] DEBUG net.thucydides.core.steps.StepInterceptor - STARTING STEP: OrderPage.clickbayar - clickbayar
11:45:25.727 [main] DEBUG net.thucydides.core.steps.StepInterceptor - STARTING STEP: OrderPage.clickbayar - clickbayar
11:45:25.729 [main] DEBUG net.thucydides.core.steps.StepInterceptor - STARTING STEP: OrderPage.clickbayar - clickbayar
11:45:25.731 [main] DEBUG net.thucydides.core.steps.StepInterceptor - STARTING STEP: OrderPage.clickbayar - clickbayar
11:45:25.733 [main] DEBUG net.thucydides.core.steps.StepInterceptor - STARTING STEP: OrderPage.clickbayar - clickbayar
11:45:25.735 [main] DEBUG net.thucydides.core.steps.StepInterceptor - STARTING STEP: OrderPage.clickbayar - clickbayar
11:45:25.737 [main] DEBUG net.thucydides.core.steps.StepInterceptor - STARTING STEP: OrderPage.clickbayar - clickbayar
11:45:25.739 [main] DEBUG net.thucydides.core.steps.StepInterceptor - STARTING STEP: OrderPage.clickbayar - clickbayar
11:45:25.740 [main] DEBUG net.thucydides.core.steps.StepInterceptor - STARTING STEP: OrderPage.clickbayar - clickbayar
11:45:25.742 [main] DEBUG net.thucydides.core.steps.StepInterceptor - STARTING STEP: OrderPage.clickbayar - clickbayar
11:45:25.744 [main] DEBUG net.thucydides.core.steps.StepInterceptor - STARTING STEP: OrderPage.clickbayar - clickbayar
11:45:25.746 [main] DEBUG net.thucydides.core.steps.StepInterceptor - STARTING STEP: OrderPage.clickbayar - clickbayar
11:45:25.748 [main] DEBUG net.thucydides.core.steps.StepInterceptor - STARTING STEP: OrderPage.clickbayar - clickbayar
11:45:25.750 [main] DEBUG net.thucydides.core.steps.StepInterceptor - STARTING STEP: OrderPage.clickbayar - clickbayar
11:45:25.752 [main] DEBUG net.thucydides.core.steps.StepInterceptor - STARTING STEP: OrderPage.clickbayar - clickbayar
11:45:25.754 [main] DEBUG net.thucydides.core.steps.StepInterceptor - STARTING STEP: OrderPage.clickbayar - clickbayar
11:45:25.756 [main] DEBUG net.thucydides.core.steps.StepInterceptor - STARTING STEP: OrderPage.clickbayar - clickbayar
11:45:25.759 [main] DEBUG net.thucydides.core.steps.StepInterceptor - STARTING STEP: OrderPage.clickbayar - clickbayar
11:45:25.760 [main] DEBUG net.thucydides.core.steps.StepInterceptor - STARTING STEP: OrderPage.clickbayar - clickbayar
11:45:25.762 [main] DEBUG net.thucydides.core.steps.StepInterceptor - STARTING STEP: OrderPage.clickbayar - clickbayar
11:45:25.764 [main] DEBUG net.thucydides.core.steps.StepInterceptor - STARTING STEP: OrderPage.clickbayar - clickbayar
11:45:25.766 [main] DEBUG net.thucydides.core.steps.StepInterceptor - STARTING STEP: OrderPage.clickbayar - clickbayar
11:45:25.768 [main] DEBUG net.thucydides.core.steps.StepInterceptor - STARTING STEP: OrderPage.clickbayar - clickbayar
11:45:25.770 [main] DEBUG net.thucydides.core.steps.StepInterceptor - STARTING STEP: OrderPage.clickbayar - clickbayar
11:45:25.772 [main] DEBUG net.thucydides.core.steps.StepInterceptor - STARTING STEP: OrderPage.clickbayar - clickbayar
11:45:25.774 [main] DEBUG net.thucydides.core.steps.StepInterceptor - STARTING STEP: OrderPage.clickbayar - clickbayar
11:45:25.775 [main] DEBUG net.thucydides.core.steps.StepInterceptor - STARTING STEP: OrderPage.clickbayar - clickbayar
11:45:25.777 [main] DEBUG net.thucydides.core.steps.StepInterceptor - STARTING STEP: OrderPage.clickbayar - clickbayar
11:45:25.779 [main] DEBUG net.thucydides.core.steps.StepInterceptor - STARTING STEP: OrderPage.clickbayar - clickbayar
11:45:25.781 [main] DEBUG net.thucydides.core.steps.StepInterceptor - STARTING STEP: OrderPage.clickbayar - clickbayar
11:45:25.783 [main] DEBUG net.thucydides.core.steps.StepInterceptor - STARTING STEP: OrderPage.clickbayar - clickbayar
11:45:25.785 [main] DEBUG net.thucydides.core.steps.StepInterceptor - STARTING STEP: OrderPage.clickbayar - clickbayar
11:45:25.787 [main] DEBUG net.thucydides.core.steps.StepInterceptor - STARTING STEP: OrderPage.clickbayar - clickbayar
11:45:25.789 [main] DEBUG net.thucydides.core.steps.StepInterceptor - STARTING STEP: OrderPage.clickbayar - clickbayar
11:45:25.791 [main] DEBUG net.thucydides.core.steps.StepInterceptor - STARTING STEP: OrderPage.clickbayar - clickbayar
11:45:25.793 [main] DEBUG net.thucydides.core.steps.StepInterceptor - STARTING STEP: OrderPage.clickbayar - clickbayar
  &amp#27;[31mAnd &amp#27;[0m&amp#27;[31mUser Pay pepaya&amp#27;[0m              &amp#27;[90m# starter.definitions.OrderSteps.paypepaya()&amp#27;[0m
      &amp#27;[31mnet.serenitybdd.core.exceptions.SerenityManagedException
	at net.thucydides.core.model.TestStep.getChildren(TestStep.java:264)
	at net.thucydides.core.model.TestStep.getChildResults(TestStep.java:474)
	at net.thucydides.core.model.TestStep.getResultFromChildren(TestStep.java:468)
	at net.thucydides.core.model.TestStep.getResult(TestStep.java:441)
	at net.thucydides.core.model.TestStep.getChildResults(TestStep.java:475)
	at net.thucydides.core.model.TestStep.getResultFromChildren(TestStep.java:468)
	at net.thucydides.core.model.TestStep.getResult(TestStep.java:441)
	at net.thucydides.core.model.TestStep.getChildResults(TestStep.java:475)
	at net.thucydides.core.model.TestStep.getResultFromChildren(TestStep.java:468)
	at net.thucydides.core.model.TestStep.getResult(TestStep.java:441)
	at net.thucydides.core.model.TestStep.getChildResults(TestStep.java:475)
	at net.thucydides.core.model.TestStep.getResultFromChildren(TestStep.java:468)
	at net.thucydides.core.model.TestStep.getResult(TestStep.java:441)
	at net.thucydides.core.model.TestStep.getChildResults(TestStep.java:475)
	at net.thucydides.core.model.TestStep.getResultFromChildren(TestStep.java:468)
	at net.thucydides.core.model.TestStep.getResult(TestStep.java:441)
	at net.thucydides.core.model.TestStep.getChildResults(TestStep.java:475)
	at net.thucydides.core.model.TestStep.getResultFromChildren(TestStep.java:468)
	at net.thucydides.core.model.TestStep.getResult(TestStep.java:441)
	at net.thucydides.core.model.TestStep.getChildResults(TestStep.java:475)
	at net.thucydides.core.model.TestStep.getResultFromChildren(TestStep.java:468)
	at net.thucydides.core.model.TestStep.getResult(TestStep.java:441)
	at net.thucydides.core.model.TestStep.getChildResults(TestStep.java:475)
	at net.thucydides.core.model.TestStep.getResultFromChildren(TestStep.java:468)
	at net.thucydides.core.model.TestStep.getResult(TestStep.java:441)
	at net.thucydides.core.model.TestStep.getChildResults(TestStep.java:475)
	at net.thucydides.core.model.TestStep.getResultFromChildren(TestStep.java:468)
	at net.thucydides.core.model.TestStep.getResult(TestStep.java:441)
	at net.thucydides.core.model.TestStep.getChildResults(TestStep.java:475)
	at net.thucydides.core.model.TestStep.getResultFromChildren(TestStep.java:468)
	at net.thucydides.core.model.TestStep.getResult(TestStep.java:441)
	at net.thucydides.core.model.TestStep.getChildResults(TestStep.java:475)
	at net.thucydides.core.model.TestStep.getResultFromChildren(TestStep.java:468)
	at net.thucydides.core.model.TestStep.getResult(TestStep.java:441)
	at net.thucydides.core.model.TestStep.getChildResults(TestStep.java:475)
	at net.thucydides.core.model.TestStep.getResultFromChildren(TestStep.java:468)
	at net.thucydides.core.model.TestStep.getResult(TestStep.java:441)
	at net.thucydides.core.model.TestStep.getChildResults(TestStep.java:475)
	at net.thucydides.core.model.TestStep.getResultFromChildren(TestStep.java:468)
	at net.thucydides.core.model.TestStep.getResult(TestStep.java:441)
	at net.thucydides.core.model.TestStep.getChildResults(TestStep.java:475)
	at net.thucydides.core.model.TestStep.getResultFromChildren(TestStep.java:468)
	at net.thucydides.core.model.TestStep.getResult(TestStep.java:441)
	at net.thucydides.core.model.TestStep.getChildResults(TestStep.java:475)
	at net.thucydides.core.model.TestStep.getResultFromChildren(TestStep.java:468)
	at net.thucydides.core.model.TestStep.getResult(TestStep.java:441)
	at net.thucydides.core.model.TestStep.getChildResults(TestStep.java:475)
	at net.thucydides.core.model.TestStep.getResultFromChildren(TestStep.java:468)
	at net.thucydides.core.model.TestStep.getResult(TestStep.java:441)
	at net.thucydides.core.model.TestStep.getChildResults(TestStep.java:475)
	at net.thucydides.core.model.TestStep.getResultFromChildren(TestStep.java:468)
	at net.thucydides.core.model.TestStep.getResult(TestStep.java:441)
	at net.thucydides.core.model.TestStep.getChildResults(TestStep.java:475)
	at net.thucydides.core.model.TestStep.getResultFromChildren(TestStep.java:468)
	at net.thucydides.core.model.TestStep.getResult(TestStep.java:441)
	at net.thucydides.core.model.TestStep.getChildResults(TestStep.java:475)
	at net.thucydides.core.model.TestStep.getResultFromChildren(TestStep.java:468)
	at net.thucydides.core.model.TestStep.getResult(TestStep.java:441)
	at net.thucydides.core.model.TestStep.getChildResults(TestStep.java:475)
	at net.thucydides.core.model.TestStep.getResultFromChildren(TestStep.java:468)
	at net.thucydides.core.model.TestStep.getResult(TestStep.java:441)
	at net.thucydides.core.model.TestStep.getChildResults(TestStep.java:475)
	at net.thucydides.core.model.TestStep.getResultFromChildren(TestStep.java:468)
	at net.thucydides.core.model.TestStep.getResult(TestStep.java:441)
	at net.thucydides.core.model.TestStep.getChildResults(TestStep.java:475)
	at net.thucydides.core.model.TestStep.getResultFromChildren(TestStep.java:468)
	at net.thucydides.core.model.TestStep.getResult(TestStep.java:441)
	at net.thucydides.core.model.TestStep.getChildResults(TestStep.java:475)
	at net.thucydides.core.model.TestStep.getResultFromChildren(TestStep.java:468)
	at net.thucydides.core.model.TestStep.getResult(TestStep.java:441)
	at net.thucydides.core.model.TestStep.getChildResults(TestStep.java:475)
	at net.thucydides.core.model.TestStep.getResultFromChildren(TestStep.java:468)
	at net.thucydides.core.model.TestStep.getResult(TestStep.java:441)
	at net.thucydides.core.model.TestStep.getChildResults(TestStep.java:475)
	at net.thucydides.core.model.TestStep.getResultFromChildren(TestStep.java:468)
	at net.thucydides.core.model.TestStep.getResult(TestStep.java:441)
	at net.thucydides.core.model.TestStep.getChildResults(TestStep.java:475)
	at net.thucydides.core.model.TestStep.getResultFromChildren(TestStep.java:468)
	at net.thucydides.core.model.TestStep.getResult(TestStep.java:441)
	at net.thucydides.core.model.TestStep.getChildResults(TestStep.java:475)
	at net.thucydides.core.model.TestStep.getResultFromChildren(TestStep.java:468)
	at net.thucydides.core.model.TestStep.getResult(TestStep.java:441)
	at net.thucydides.core.model.TestStep.getChildResults(TestStep.java:475)
	at net.thucydides.core.model.TestStep.getResultFromChildren(TestStep.java:468)
	at net.thucydides.core.model.TestStep.getResult(TestStep.java:441)
	at net.thucydides.core.model.TestStep.getChildResults(TestStep.java:475)
	at net.thucydides.core.model.TestStep.getResultFromChildren(TestStep.java:468)
	at net.thucydides.core.model.TestStep.getResult(TestStep.java:441)
	at net.thucydides.core.model.TestStep.getChildResults(TestStep.java:475)
	at net.thucydides.core.model.TestStep.getResultFromChildren(TestStep.java:468)
	at net.thucydides.core.model.TestStep.getResult(TestStep.java:441)
	at net.thucydides.core.model.TestStep.getChildResults(TestStep.java:475)
	at net.thucydides.core.model.TestStep.getResultFromChildren(TestStep.java:468)
	at net.thucydides.core.model.TestStep.getResult(TestStep.java:441)
	at net.thucydides.core.model.TestStep.getChildResults(TestStep.java:475)
	at net.thucydides.core.model.TestStep.getResultFromChildren(TestStep.java:468)
	at net.thucydides.core.model.TestStep.getResult(TestStep.java:441)
	at net.thucydides.core.model.TestStep.getChildResults(TestStep.java:475)
	at net.thucydides.core.model.TestStep.getResultFromChildren(TestStep.java:468)
	at net.thucydides.core.model.TestStep.getResult(TestStep.java:441)
	at net.thucydides.core.model.TestStep.getChildResults(TestStep.java:475)
	at net.thucydides.core.model.TestStep.getResultFromChildren(TestStep.java:468)
	at net.thucydides.core.model.TestStep.getResult(TestStep.java:441)
	at net.thucydides.core.model.TestStep.getChildResults(TestStep.java:475)
	at net.thucydides.core.model.TestStep.getResultFromChildren(TestStep.java:468)
	at net.thucydides.core.model.TestStep.getResult(TestStep.java:441)
	at net.thucydides.core.model.TestStep.getChildResults(TestStep.java:475)
	at net.thucydides.core.model.TestStep.getResultFromChildren(TestStep.java:468)
	at net.thucydides.core.model.TestStep.getResult(TestStep.java:441)
	at net.thucydides.core.model.TestStep.getChildResults(TestStep.java:475)
	at net.thucydides.core.model.TestStep.getResultFromChildren(TestStep.java:468)
	at net.thucydides.core.model.TestStep.getResult(TestStep.java:441)
	at net.thucydides.core.model.TestStep.getChildResults(TestStep.java:475)
	at net.thucydides.core.model.TestStep.getResultFromChildren(TestStep.java:468)
	at net.thucydides.core.model.TestStep.getResult(TestStep.java:441)
	at net.thucydides.core.model.TestStep.getChildResults(TestStep.java:475)
	at net.thucydides.core.model.TestStep.getResultFromChildren(TestStep.java:468)
	at net.thucydides.core.model.TestStep.getResult(TestStep.java:441)
	at net.thucydides.core.model.TestStep.getChildResults(TestStep.java:475)
	at net.thucydides.core.model.TestStep.getResultFromChildren(TestStep.java:468)
	at net.thucydides.core.model.TestStep.getResult(TestStep.java:441)
	at net.thucydides.core.model.TestStep.getChildResults(TestStep.java:475)
	at net.thucydides.core.model.TestStep.getResultFromChildren(TestStep.java:468)
	at net.thucydides.core.model.TestStep.getResult(TestStep.java:441)
	at net.thucydides.core.model.TestStep.getChildResults(TestStep.java:475)
	at net.thucydides.core.model.TestStep.getResultFromChildren(TestStep.java:468)
	at net.thucydides.core.model.TestStep.getResult(TestStep.java:441)
	at net.thucydides.core.model.TestStep.getChildResults(TestStep.java:475)
	at net.thucydides.core.model.TestStep.getResultFromChildren(TestStep.java:468)
	at net.thucydides.core.model.TestStep.getResult(TestStep.java:441)
	at net.thucydides.core.model.TestStep.getChildResults(TestStep.java:475)
	at net.thucydides.core.model.TestStep.getResultFromChildren(TestStep.java:468)
	at net.thucydides.core.model.TestStep.getResult(TestStep.java:441)
	at net.thucydides.core.model.TestStep.getChildResults(TestStep.java:475)
	at net.thucydides.core.model.TestStep.getResultFromChildren(TestStep.java:468)
	at net.thucydides.core.model.TestStep.getResult(TestStep.java:441)
	at net.thucydides.core.model.TestStep.getChildResults(TestStep.java:475)
	at net.thucydides.core.model.TestStep.getResultFromChildren(TestStep.java:468)
	at net.thucydides.core.model.TestStep.getResult(TestStep.java:441)
	at net.thucydides.core.model.TestStep.getChildResults(TestStep.java:475)
	at net.thucydides.core.model.TestStep.getResultFromChildren(TestStep.java:468)
	at net.thucydides.core.model.TestStep.getResult(TestStep.java:441)
	at net.thucydides.core.model.TestStep.getChildResults(TestStep.java:475)
	at net.thucydides.core.model.TestStep.getResultFromChildren(TestStep.java:468)
	at net.thucydides.core.model.TestStep.getResult(TestStep.java:441)
	at net.thucydides.core.model.TestStep.getChildResults(TestStep.java:475)
	at net.thucydides.core.model.TestStep.getResultFromChildren(TestStep.java:468)
	at net.thucydides.core.model.TestStep.getResult(TestStep.java:441)
	at net.thucydides.core.model.TestStep.getChildResults(TestStep.java:475)
	at net.thucydides.core.model.TestStep.getResultFromChildren(TestStep.java:468)
	at net.thucydides.core.model.TestStep.getResult(TestStep.java:441)
	at net.thucydides.core.model.TestStep.getChildResults(TestStep.java:475)
	at net.thucydides.core.model.TestStep.getResultFromChildren(TestStep.java:468)
	at net.thucydides.core.model.TestStep.getResult(TestStep.java:441)
	at net.thucydides.core.model.TestStep.getChildResults(TestStep.java:475)
	at net.thucydides.core.model.TestStep.getResultFromChildren(TestStep.java:468)
	at net.thucydides.core.model.TestStep.getResult(TestStep.java:441)
	at net.thucydides.core.model.TestStep.getChildResults(TestStep.java:475)
	at net.thucydides.core.model.TestStep.getResultFromChildren(TestStep.java:468)
	at net.thucydides.core.model.TestStep.getResult(TestStep.java:441)
	at net.thucydides.core.model.TestStep.getChildResults(TestStep.java:475)
	at net.thucydides.core.model.TestStep.getResultFromChildren(TestStep.java:468)
	at net.thucydides.core.model.TestStep.getResult(TestStep.java:441)
	at net.thucydides.core.model.TestStep.getChildResults(TestStep.java:475)
	at net.thucydides.core.model.TestStep.getResultFromChildren(TestStep.java:468)
	at net.thucydides.core.model.TestStep.getResult(TestStep.java:441)
	at net.thucydides.core.model.TestStep.getChildResults(TestStep.java:475)
	at net.thucydides.core.model.TestStep.getResultFromChildren(TestStep.java:468)
	at net.thucydides.core.model.TestStep.getResult(TestStep.java:441)
	at net.thucydides.core.model.TestStep.getChildResults(TestStep.java:475)
	at net.thucydides.core.model.TestStep.getResultFromChildren(TestStep.java:468)
	at net.thucydides.core.model.TestStep.getResult(TestStep.java:441)
	at net.thucydides.core.model.TestStep.getChildResults(TestStep.java:475)
	at net.thucydides.core.model.TestStep.getResultFromChildren(TestStep.java:468)
	at net.thucydides.core.model.TestStep.getResult(TestStep.java:441)
	at net.thucydides.core.model.TestStep.getChildResults(TestStep.java:475)
	at net.thucydides.core.model.TestStep.getResultFromChildren(TestStep.java:468)
	at net.thucydides.core.model.TestStep.getResult(TestStep.java:441)
	at net.thucydides.core.model.TestStep.getChildResults(TestStep.java:475)
	at net.thucydides.core.model.TestStep.getResultFromChildren(TestStep.java:468)
	at net.thucydides.core.model.TestStep.getResult(TestStep.java:441)
	at net.thucydides.core.model.TestStep.getChildResults(TestStep.java:475)
	at net.thucydides.core.model.TestStep.getResultFromChildren(TestStep.java:468)
	at net.thucydides.core.model.TestStep.getResult(TestStep.java:441)
	at net.thucydides.core.model.TestStep.getChildResults(TestStep.java:475)
	at net.thucydides.core.model.TestStep.getResultFromChildren(TestStep.java:468)
	at net.thucydides.core.model.TestStep.getResult(TestStep.java:441)
	at net.thucydides.core.model.TestStep.getChildResults(TestStep.java:475)
	at net.thucydides.core.model.TestStep.getResultFromChildren(TestStep.java:468)
	at net.thucydides.core.model.TestStep.getResult(TestStep.java:441)
	at net.thucydides.core.model.TestStep.getChildResults(TestStep.java:475)
	at net.thucydides.core.model.TestStep.getResultFromChildren(TestStep.java:468)
	at net.thucydides.core.model.TestStep.getResult(TestStep.java:441)
	at net.thucydides.core.model.TestStep.getChildResults(TestStep.java:475)
	at net.thucydides.core.model.TestStep.getResultFromChildren(TestStep.java:468)
	at net.thucydides.core.model.TestStep.getResult(TestStep.java:441)
	at net.thucydides.core.model.TestStep.getChildResults(TestStep.java:475)
	at net.thucydides.core.model.TestStep.getResultFromChildren(TestStep.java:468)
	at net.thucydides.core.model.TestStep.getResult(TestStep.java:441)
	at net.thucydides.core.model.TestStep.getChildResults(TestStep.java:475)
	at net.thucydides.core.model.TestStep.getResultFromChildren(TestStep.java:468)
	at net.thucydides.core.model.TestStep.getResult(TestStep.java:441)
	at net.thucydides.core.model.TestStep.getChildResults(TestStep.java:475)
	at net.thucydides.core.model.TestStep.getResultFromChildren(TestStep.java:468)
	at net.thucydides.core.model.TestStep.getResult(TestStep.java:441)
	at net.thucydides.core.model.TestStep.getChildResults(TestStep.java:475)
	at net.thucydides.core.model.TestStep.getResultFromChildren(TestStep.java:468)
	at net.thucydides.core.model.TestStep.getResult(TestStep.java:441)
	at net.thucydides.core.model.TestStep.getChildResults(TestStep.java:475)
	at net.thucydides.core.model.TestStep.getResultFromChildren(TestStep.java:468)
	at net.thucydides.core.model.TestStep.getResult(TestStep.java:441)
	at net.thucydides.core.model.TestStep.getChildResults(TestStep.java:475)
	at net.thucydides.core.model.TestStep.getResultFromChildren(TestStep.java:468)
	at net.thucydides.core.model.TestStep.getResult(TestStep.java:441)
	at net.thucydides.core.model.TestStep.getChildResults(TestStep.java:475)
	at net.thucydides.core.model.TestStep.getResultFromChildren(TestStep.java:468)
	at net.thucydides.core.model.TestStep.getResult(TestStep.java:441)
	at net.thucydides.core.model.TestStep.getChildResults(TestStep.java:475)
	at net.thucydides.core.model.TestStep.getResultFromChildren(TestStep.java:468)
	at net.thucydides.core.model.TestStep.getResult(TestStep.java:441)
	at net.thucydides.core.model.TestStep.getChildResults(TestStep.java:475)
	at net.thucydides.core.model.TestStep.getResultFromChildren(TestStep.java:468)
	at net.thucydides.core.model.TestStep.getResult(TestStep.java:441)
	at net.thucydides.core.model.TestStep.getChildResults(TestStep.java:475)
	at net.thucydides.core.model.TestStep.getResultFromChildren(TestStep.java:468)
	at net.thucydides.core.model.TestStep.getResult(TestStep.java:441)
	at net.thucydides.core.model.TestStep.getChildResults(TestStep.java:475)
	at net.thucydides.core.model.TestStep.getResultFromChildren(TestStep.java:468)
	at net.thucydides.core.model.TestStep.getResult(TestStep.java:441)
	at net.thucydides.core.model.TestStep.getChildResults(TestStep.java:475)
	at net.thucydides.core.model.TestStep.getResultFromChildren(TestStep.java:468)
	at net.thucydides.core.model.TestStep.getResult(TestStep.java:441)
	at net.thucydides.core.model.TestStep.getChildResults(TestStep.java:475)
	at net.thucydides.core.model.TestStep.getResultFromChildren(TestStep.java:468)
	at net.thucydides.core.model.TestStep.getResult(TestStep.java:441)
	at net.thucydides.core.model.TestStep.getChildResults(TestStep.java:475)
	at net.thucydides.core.model.TestStep.getResultFromChildren(TestStep.java:468)
	at net.thucydides.core.model.TestStep.getResult(TestStep.java:441)
	at net.thucydides.core.model.TestStep.getChildResults(TestStep.java:475)
	at net.thucydides.core.model.TestStep.getResultFromChildren(TestStep.java:468)
	at net.thucydides.core.model.TestStep.getResult(TestStep.java:441)
	at net.thucydides.core.model.TestStep.getChildResults(TestStep.java:475)
	at net.thucydides.core.model.TestStep.getResultFromChildren(TestStep.java:468)
	at net.thucydides.core.model.TestStep.getResult(TestStep.java:441)
	at net.thucydides.core.model.TestStep.getChildResults(TestStep.java:475)
	at net.thucydides.core.model.TestStep.getResultFromChildren(TestStep.java:468)
	at net.thucydides.core.model.TestStep.getResult(TestStep.java:441)
	at net.thucydides.core.model.TestStep.getChildResults(TestStep.java:475)
	at net.thucydides.core.model.TestStep.getResultFromChildren(TestStep.java:468)
	at net.thucydides.core.model.TestStep.getResult(TestStep.java:441)
	at net.thucydides.core.model.TestStep.getChildResults(TestStep.java:475)
	at net.thucydides.core.model.TestStep.getResultFromChildren(TestStep.java:468)
	at net.thucydides.core.model.TestStep.getResult(TestStep.java:441)
	at net.thucydides.core.model.TestStep.getChildResults(TestStep.java:475)
	at net.thucydides.core.model.TestStep.getResultFromChildren(TestStep.java:468)
	at net.thucydides.core.model.TestStep.getResult(TestStep.java:441)
	at net.thucydides.core.model.TestStep.getChildResults(TestStep.java:475)
	at net.thucydides.core.model.TestStep.getResultFromChildren(TestStep.java:468)
	at net.thucydides.core.model.TestStep.getResult(TestStep.java:441)
	at net.thucydides.core.model.TestStep.getChildResults(TestStep.java:475)
	at net.thucydides.core.model.TestStep.getResultFromChildren(TestStep.java:468)
	at net.thucydides.core.model.TestStep.getResult(TestStep.java:441)
	at net.thucydides.core.model.TestStep.getChildResults(TestStep.java:475)
	at net.thucydides.core.model.TestStep.getResultFromChildren(TestStep.java:468)
	at net.thucydides.core.model.TestStep.getResult(TestStep.java:441)
	at net.thucydides.core.model.TestStep.getChildResults(TestStep.java:475)
	at net.thucydides.core.model.TestStep.getResultFromChildren(TestStep.java:468)
	at net.thucydides.core.model.TestStep.getResult(TestStep.java:441)
	at net.thucydides.core.model.TestStep.getChildResults(TestStep.java:475)
	at net.thucydides.core.model.TestStep.getResultFromChildren(TestStep.java:468)
	at net.thucydides.core.model.TestStep.getResult(TestStep.java:441)
	at net.thucydides.core.model.TestStep.getChildResults(TestStep.java:475)
	at net.thucydides.core.model.TestStep.getResultFromChildren(TestStep.java:468)
	at net.thucydides.core.model.TestStep.getResult(TestStep.java:441)
	at net.thucydides.core.model.TestStep.getChildResults(TestStep.java:475)
	at net.thucydides.core.model.TestStep.getResultFromChildren(TestStep.java:468)
	at net.thucydides.core.model.TestStep.getResult(TestStep.java:441)
	at net.thucydides.core.model.TestStep.getChildResults(TestStep.java:475)
	at net.thucydides.core.model.TestStep.getResultFromChildren(TestStep.java:468)
	at net.thucydides.core.model.TestStep.getResult(TestStep.java:441)
	at net.thucydides.core.model.TestStep.getChildResults(TestStep.java:475)
	at net.thucydides.core.model.TestStep.getResultFromChildren(TestStep.java:468)
	at net.thucydides.core.model.TestStep.getResult(TestStep.java:441)
	at net.thucydides.core.model.TestStep.getChildResults(TestStep.java:475)
	at net.thucydides.core.model.TestStep.getResultFromChildren(TestStep.java:468)
	at net.thucydides.core.model.TestStep.getResult(TestStep.java:441)
	at net.thucydides.core.model.TestStep.getChildResults(TestStep.java:475)
	at net.thucydides.core.model.TestStep.getResultFromChildren(TestStep.java:468)
	at net.thucydides.core.model.TestStep.getResult(TestStep.java:441)
	at net.thucydides.core.model.TestStep.getChildResults(TestStep.java:475)
	at net.thucydides.core.model.TestStep.getResultFromChildren(TestStep.java:468)
	at net.thucydides.core.model.TestStep.getResult(TestStep.java:441)
	at net.thucydides.core.model.TestStep.getChildResults(TestStep.java:475)
	at net.thucydides.core.model.TestStep.getResultFromChildren(TestStep.java:468)
	at net.thucydides.core.model.TestStep.getResult(TestStep.java:441)
	at net.thucydides.core.model.TestStep.getChildResults(TestStep.java:475)
	at net.thucydides.core.model.TestStep.getResultFromChildren(TestStep.java:468)
	at net.thucydides.core.model.TestStep.getResult(TestStep.java:441)
	at net.thucydides.core.model.TestStep.getChildResults(TestStep.java:475)
	at net.thucydides.core.model.TestStep.getResultFromChildren(TestStep.java:468)
	at net.thucydides.core.model.TestStep.getResult(TestStep.java:441)
	at net.thucydides.core.model.TestStep.getChildResults(TestStep.java:475)
	at net.thucydides.core.model.TestStep.getResultFromChildren(TestStep.java:468)
	at net.thucydides.core.model.TestStep.getResult(TestStep.java:441)
	at net.thucydides.core.model.TestStep.getChildResults(TestStep.java:475)
	at net.thucydides.core.model.TestStep.getResultFromChildren(TestStep.java:468)
	at net.thucydides.core.model.TestStep.getResult(TestStep.java:441)
	at net.thucydides.core.model.TestStep.getChildResults(TestStep.java:475)
	at net.thucydides.core.model.TestStep.getResultFromChildren(TestStep.java:468)
	at net.thucydides.core.model.TestStep.getResult(TestStep.java:441)
	at net.thucydides.core.model.TestStep.getChildResults(TestStep.java:475)
	at net.thucydides.core.model.TestStep.getResultFromChildren(TestStep.java:468)
	at net.thucydides.core.model.TestStep.getResult(TestStep.java:441)
	at net.thucydides.core.model.TestStep.getChildResults(TestStep.java:475)
	at net.thucydides.core.model.TestStep.getResultFromChildren(TestStep.java:468)
	at net.thucydides.core.model.TestStep.getResult(TestStep.java:441)
	at net.thucydides.core.model.TestStep.getChildResults(TestStep.java:475)
	at net.thucydides.core.model.TestStep.getResultFromChildren(TestStep.java:468)
	at net.thucydides.core.model.TestStep.getResult(TestStep.java:441)
	at net.thucydides.core.model.TestStep.getChildResults(TestStep.java:475)
	at net.thucydides.core.model.TestStep.getResultFromChildren(TestStep.java:468)
	at net.thucydides.core.model.TestStep.getResult(TestStep.java:441)
	at net.thucydides.core.model.TestStep.getChildResults(TestStep.java:475)
	at net.thucydides.core.model.TestStep.getResultFromChildren(TestStep.java:468)
	at net.thucydides.core.model.TestStep.getResult(TestStep.java:441)
	at net.thucydides.core.model.TestStep.getChildResults(TestStep.java:475)
	at net.thucydides.core.model.TestStep.getResultFromChildren(TestStep.java:468)
	at net.thucydides.core.model.TestStep.getResult(TestStep.java:441)
	at net.thucydides.core.model.TestStep.getChildResults(TestStep.java:475)
	at net.thucydides.core.model.TestStep.getResultFromChildren(TestStep.java:468)
	at net.thucydides.core.model.TestStep.getResult(TestStep.java:441)
	at net.thucydides.core.model.TestStep.getChildResults(TestStep.java:475)
	at net.thucydides.core.model.TestStep.getResultFromChildren(TestStep.java:468)
	at net.thucydides.core.model.TestStep.getResult(TestStep.java:441)
	at net.thucydides.core.model.TestStep.getChildResults(TestStep.java:475)
	at net.thucydides.core.model.TestStep.getResultFromChildren(TestStep.java:468)
	at net.thucydides.core.model.TestStep.getResult(TestStep.java:441)
	at net.thucydides.core.model.TestStep.getChildResults(TestStep.java:475)
	at net.thucydides.core.model.TestStep.getResultFromChildren(TestStep.java:468)
	at net.thucydides.core.model.TestStep.getResult(TestStep.java:441)
	at net.thucydides.core.model.TestStep.getChildResults(TestStep.java:475)
	at net.thucydides.core.model.TestStep.getResultFromChildren(TestStep.java:468)
	at net.thucydides.core.model.TestStep.getResult(TestStep.java:441)
	at net.thucydides.core.model.TestStep.getChildResults(TestStep.java:475)
	at net.thucydides.core.model.TestStep.getResultFromChildren(TestStep.java:468)
	at net.thucydides.core.model.TestStep.getResult(TestStep.java:441)
	at net.thucydides.core.model.TestStep.getChildResults(TestStep.java:475)
	at net.thucydides.core.model.TestStep.getResultFromChildren(TestStep.java:468)
	at net.thucydides.core.model.TestStep.getResult(TestStep.java:441)
	at net.thucydides.core.model.TestStep.getChildResults(TestStep.java:475)
	at net.thucydides.core.model.TestStep.getResultFromChildren(TestStep.java:468)
	at net.thucydides.core.model.TestStep.getResult(TestStep.java:441)
	at net.thucydides.core.model.TestStep.getChildResults(TestStep.java:475)
	at net.thucydides.core.model.TestStep.getResultFromChildren(TestStep.java:468)
	at net.thucydides.core.model.TestStep.getResult(TestStep.java:441)
	at net.thucydides.core.model.TestStep.getChildResults(TestStep.java:475)
	at net.thucydides.core.model.TestStep.getResultFromChildren(TestStep.java:468)
	at net.thucydides.core.model.TestStep.getResult(TestStep.java:441)
	at net.thucydides.core.model.TestStep.getChildResults(TestStep.java:475)
	at net.thucydides.core.model.TestStep.getResultFromChildren(TestStep.java:468)
	at net.thucydides.core.model.TestStep.getResult(TestStep.java:441)
	at net.thucydides.core.model.TestStep.getChildResults(TestStep.java:475)
	at net.thucydides.core.model.TestStep.getResultFromChildren(TestStep.java:468)
	at net.thucydides.core.model.TestStep.getResult(TestStep.java:441)
	at net.thucydides.core.model.TestStep.getChildResults(TestStep.java:475)
	at net.thucydides.core.model.TestStep.getResultFromChildren(TestStep.java:468)
	at net.thucydides.core.model.TestStep.getResult(TestStep.java:441)
	at net.thucydides.core.model.TestStep.getChildResults(TestStep.java:475)
	at net.thucydides.core.model.TestStep.getResultFromChildren(TestStep.java:468)
	at net.thucydides.core.model.TestStep.getResult(TestStep.java:441)
	at net.thucydides.core.model.TestStep.getChildResults(TestStep.java:475)
	at net.thucydides.core.model.TestStep.getResultFromChildren(TestStep.java:468)
	at net.thucydides.core.model.TestStep.getResult(TestStep.java:441)
	at net.thucydides.core.model.TestStep.getChildResults(TestStep.java:475)
	at net.thucydides.core.model.TestStep.getResultFromChildren(TestStep.java:468)
	at net.thucydides.core.model.TestStep.getResult(TestStep.java:441)
	at net.thucydides.core.model.TestStep.getChildResults(TestStep.java:475)
	at net.thucydides.core.model.TestStep.getResultFromChildren(TestStep.java:468)
	at net.thucydides.core.model.TestStep.getResult(TestStep.java:441)
	at net.thucydides.core.model.TestStep.getChildResults(TestStep.java:475)
	at net.thucydides.core.model.TestStep.getResultFromChildren(TestStep.java:468)
	at net.thucydides.core.model.TestStep.getResult(TestStep.java:441)
	at net.thucydides.core.model.TestStep.getChildResults(TestStep.java:475)
	at net.thucydides.core.model.TestStep.getResultFromChildren(TestStep.java:468)
	at net.thucydides.core.model.TestStep.getResult(TestStep.java:441)
	at net.thucydides.core.model.TestStep.getChildResults(TestStep.java:475)
	at net.thucydides.core.model.TestStep.getResultFromChildren(TestStep.java:468)
	at net.thucydides.core.model.TestStep.getResult(TestStep.java:441)
	at net.thucydides.core.model.TestStep.getChildResults(TestStep.java:475)
	at net.thucydides.core.model.TestStep.getResultFromChildren(TestStep.java:468)
	at net.thucydides.core.model.TestStep.getResult(TestStep.java:441)
	at net.thucydides.core.model.TestStep.getChildResults(TestStep.java:475)
	at net.thucydides.core.model.TestStep.getResultFromChildren(TestStep.java:468)
	at net.thucydides.core.model.TestStep.getResult(TestStep.java:441)
	at net.thucydides.core.model.TestStep.getChildResults(TestStep.java:475)
	at net.thucydides.core.model.TestStep.getResultFromChildren(TestStep.java:468)
	at net.thucydides.core.model.TestStep.getResult(TestStep.java:441)
	at net.thucydides.core.model.TestStep.getChildResults(TestStep.java:475)
	at net.thucydides.core.model.TestStep.getResultFromChildren(TestStep.java:468)
	at net.thucydides.core.model.TestStep.getResult(TestStep.java:441)
	at net.thucydides.core.model.TestStep.getChildResults(TestStep.java:475)
	at net.thucydides.core.model.TestStep.getResultFromChildren(TestStep.java:468)
	at net.thucydides.core.model.TestStep.getResult(TestStep.java:441)
	at net.thucydides.core.model.TestStep.getChildResults(TestStep.java:475)
	at net.thucydides.core.model.TestStep.getResultFromChildren(TestStep.java:468)
	at net.thucydides.core.model.TestStep.getResult(TestStep.java:441)
	at net.thucydides.core.model.TestStep.getChildResults(TestStep.java:475)
	at net.thucydides.core.model.TestStep.getResultFromChildren(TestStep.java:468)
	at net.thucydides.core.model.TestStep.getResult(TestStep.java:441)
	at net.thucydides.core.model.TestStep.getChildResults(TestStep.java:475)
	at net.thucydides.core.model.TestStep.getResultFromChildren(TestStep.java:468)
	at net.thucydides.core.model.TestStep.getResult(TestStep.java:441)
	at net.thucydides.core.model.TestStep.getChildResults(TestStep.java:475)
	at net.thucydides.core.model.TestStep.getResultFromChildren(TestStep.java:468)
	at net.thucydides.core.model.TestStep.getResult(TestStep.java:441)
	at net.thucydides.core.model.TestStep.getChildResults(TestStep.java:475)
	at net.thucydides.core.model.TestStep.getResultFromChildren(TestStep.java:468)
	at net.thucydides.core.model.TestStep.getResult(TestStep.java:441)
	at net.thucydides.core.model.TestStep.getChildResults(TestStep.java:475)
	at net.thucydides.core.model.TestStep.getResultFromChildren(TestStep.java:468)
	at net.thucydides.core.model.TestStep.getResult(TestStep.java:441)
	at net.thucydides.core.model.TestStep.getChildResults(TestStep.java:475)
	at net.thucydides.core.model.TestStep.getResultFromChildren(TestStep.java:468)
	at net.thucydides.core.model.TestStep.getResult(TestStep.java:441)
	at net.thucydides.core.model.TestStep.getChildResults(TestStep.java:475)
	at net.thucydides.core.model.TestStep.getResultFromChildren(TestStep.java:468)
	at net.thucydides.core.model.TestStep.getResult(TestStep.java:441)
	at net.thucydides.core.model.TestStep.getChildResults(TestStep.java:475)
	at net.thucydides.core.model.TestStep.getResultFromChildren(TestStep.java:468)
	at net.thucydides.core.model.TestStep.getResult(TestStep.java:441)
	at net.thucydides.core.model.TestStep.getChildResults(TestStep.java:475)
	at net.thucydides.core.model.TestStep.getResultFromChildren(TestStep.java:468)
	at net.thucydides.core.model.TestStep.getResult(TestStep.java:441)
	at net.thucydides.core.model.TestStep.getChildResults(TestStep.java:475)
	at net.thucydides.core.model.TestStep.getResultFromChildren(TestStep.java:468)
	at net.thucydides.core.model.TestStep.getResult(TestStep.java:441)
	at net.thucydides.core.model.TestStep.getChildResults(TestStep.java:475)
	at net.thucydides.core.model.TestStep.getResultFromChildren(TestStep.java:468)
	at net.thucydides.core.model.TestStep.getResult(TestStep.java:441)
	at net.thucydides.core.model.TestStep.getChildResults(TestStep.java:475)
	at net.thucydides.core.model.TestStep.getResultFromChildren(TestStep.java:468)
	at net.thucydides.core.model.TestStep.getResult(TestStep.java:441)
	at net.thucydides.core.model.TestStep.getChildResults(TestStep.java:475)
	at net.thucydides.core.model.TestStep.getResultFromChildren(TestStep.java:468)
	at net.thucydides.core.model.TestStep.getResult(TestStep.java:441)
	at net.thucydides.core.model.TestStep.getChildResults(TestStep.java:475)
	at net.thucydides.core.model.TestStep.getResultFromChildren(TestStep.java:468)
	at net.thucydides.core.model.TestStep.getResult(TestStep.java:441)
	at net.thucydides.core.model.TestStep.getChildResults(TestStep.java:475)
	at net.thucydides.core.model.TestStep.getResultFromChildren(TestStep.java:468)
	at net.thucydides.core.model.TestStep.getResult(TestStep.java:441)
	at net.thucydides.core.model.TestStep.getChildResults(TestStep.java:475)
	at net.thucydides.core.model.TestStep.getResultFromChildren(TestStep.java:468)
	at net.thucydides.core.model.TestStep.getResult(TestStep.java:441)
	at net.thucydides.core.model.TestStep.getChildResults(TestStep.java:475)
	at net.thucydides.core.model.TestStep.getResultFromChildren(TestStep.java:468)
	at net.thucydides.core.model.TestStep.getResult(TestStep.java:441)
	at net.thucydides.core.model.TestStep.getChildResults(TestStep.java:475)
	at net.thucydides.core.model.TestStep.getResultFromChildren(TestStep.java:468)
	at net.thucydides.core.model.TestStep.getResult(TestStep.java:441)
	at net.thucydides.core.model.TestStep.getChildResults(TestStep.java:475)
	at net.thucydides.core.model.TestStep.getResultFromChildren(TestStep.java:468)
	at net.thucydides.core.model.TestStep.getResult(TestStep.java:441)
	at net.thucydides.core.model.TestStep.getChildResults(TestStep.java:475)
	at net.thucydides.core.model.TestStep.getResultFromChildren(TestStep.java:468)
	at net.thucydides.core.model.TestStep.getResult(TestStep.java:441)
	at net.thucydides.core.model.TestStep.getChildResults(TestStep.java:475)
	at net.thucydides.core.model.TestStep.getResultFromChildren(TestStep.java:468)
	at net.thucydides.core.model.TestStep.getResult(TestStep.java:441)
	at net.thucydides.core.model.TestStep.getChildResults(TestStep.java:475)
	at net.thucydides.core.model.TestStep.getResultFromChildren(TestStep.java:468)
	at net.thucydides.core.model.TestStep.getResult(TestStep.java:441)
	at net.thucydides.core.model.TestStep.getChildResults(TestStep.java:475)
	at net.thucydides.core.model.TestStep.getResultFromChildren(TestStep.java:468)
	at net.thucydides.core.model.TestStep.getResult(TestStep.java:441)
	at net.thucydides.core.model.TestStep.getChildResults(TestStep.java:475)
	at net.thucydides.core.model.TestStep.getResultFromChildren(TestStep.java:468)
	at net.thucydides.core.model.TestStep.getResult(TestStep.java:441)
	at net.thucydides.core.model.TestStep.getChildResults(TestStep.java:475)
	at net.thucydides.core.model.TestStep.getResultFromChildren(TestStep.java:468)
	at net.thucydides.core.model.TestStep.getResult(TestStep.java:441)
	at net.thucydides.core.model.TestStep.getChildResults(TestStep.java:475)
	at net.thucydides.core.model.TestStep.getResultFromChildren(TestStep.java:468)
	at net.thucydides.core.model.TestStep.getResult(TestStep.java:441)
	at net.thucydides.core.model.TestStep.getChildResults(TestStep.java:475)
	at net.thucydides.core.model.TestStep.getResultFromChildren(TestStep.java:468)
	at net.thucydides.core.model.TestStep.getResult(TestStep.java:441)
	at net.thucydides.core.model.TestStep.getChildResults(TestStep.java:475)
	at net.thucydides.core.model.TestStep.getResultFromChildren(TestStep.java:468)
	at net.thucydides.core.model.TestStep.getResult(TestStep.java:441)
	at net.thucydides.core.model.TestStep.getChildResults(TestStep.java:475)
	at net.thucydides.core.model.TestStep.getResultFromChildren(TestStep.java:468)
	at net.thucydides.core.model.TestStep.getResult(TestStep.java:441)
	at net.thucydides.core.model.TestStep.getChildResults(TestStep.java:475)
	at net.thucydides.core.model.TestStep.getResultFromChildren(TestStep.java:468)
	at net.thucydides.core.model.TestStep.getResult(TestStep.java:441)
	at net.thucydides.core.model.TestStep.getChildResults(TestStep.java:475)
	at net.thucydides.core.model.TestStep.getResultFromChildren(TestStep.java:468)
	at net.thucydides.core.model.TestStep.getResult(TestStep.java:441)
	at net.thucydides.core.model.TestStep.getChildResults(TestStep.java:475)
	at net.thucydides.core.model.TestStep.getResultFromChildren(TestStep.java:468)
	at net.thucydides.core.model.TestStep.getResult(TestStep.java:441)
	at net.thucydides.core.model.TestStep.getChildResults(TestStep.java:475)
	at net.thucydides.core.model.TestStep.getResultFromChildren(TestStep.java:468)
	at net.thucydides.core.model.TestStep.getResult(TestStep.java:441)
	at net.thucydides.core.model.TestStep.getChildResults(TestStep.java:475)
	at net.thucydides.core.model.TestStep.getResultFromChildren(TestStep.java:468)
	at net.thucydides.core.model.TestStep.getResult(TestStep.java:441)
	at net.thucydides.core.model.TestStep.getChildResults(TestStep.java:475)
	at net.thucydides.core.model.TestStep.getResultFromChildren(TestStep.java:468)
	at net.thucydides.core.model.TestStep.getResult(TestStep.java:441)
	at net.thucydides.core.model.TestStep.getChildResults(TestStep.java:475)
	at net.thucydides.core.model.TestStep.getResultFromChildren(TestStep.java:468)
	at net.thucydides.core.model.TestStep.getResult(TestStep.java:441)
	at net.thucydides.core.model.TestStep.getChildResults(TestStep.java:475)
	at net.thucydides.core.model.TestStep.getResultFromChildren(TestStep.java:468)
	at net.thucydides.core.model.TestStep.getResult(TestStep.java:441)
	at net.thucydides.core.model.TestStep.getChildResults(TestStep.java:475)
	at net.thucydides.core.model.TestStep.getResultFromChildren(TestStep.java:468)
	at net.thucydides.core.model.TestStep.getResult(TestStep.java:441)
	at net.thucydides.core.model.TestStep.getChildResults(TestStep.java:475)
	at net.thucydides.core.model.TestStep.getResultFromChildren(TestStep.java:468)
	at net.thucydides.core.model.TestStep.getResult(TestStep.java:441)
	at net.thucydides.core.model.TestStep.getChildResults(TestStep.java:475)
	at net.thucydides.core.model.TestStep.getResultFromChildren(TestStep.java:468)
	at net.thucydides.core.model.TestStep.getResult(TestStep.java:441)
	at net.thucydides.core.model.TestStep.getChildResults(TestStep.java:475)
	at net.thucydides.core.model.TestStep.getResultFromChildren(TestStep.java:468)
	at net.thucydides.core.model.TestStep.getResult(TestStep.java:441)
	at net.thucydides.core.model.TestStep.getChildResults(TestStep.java:475)
	at net.thucydides.core.model.TestStep.getResultFromChildren(TestStep.java:468)
	at net.thucydides.core.model.TestStep.getResult(TestStep.java:441)
	at net.thucydides.core.model.TestStep.getChildResults(TestStep.java:475)
	at net.thucydides.core.model.TestStep.getResultFromChildren(TestStep.java:468)
	at net.thucydides.core.model.TestStep.getResult(TestStep.java:441)
	at net.thucydides.core.model.TestStep.getChildResults(TestStep.java:475)
	at net.thucydides.core.model.TestStep.getResultFromChildren(TestStep.java:468)
	at net.thucydides.core.model.TestStep.getResult(TestStep.java:441)
	at net.thucydides.core.model.TestStep.getChildResults(TestStep.java:475)
	at net.thucydides.core.model.TestStep.getResultFromChildren(TestStep.java:468)
	at net.thucydides.core.model.TestStep.getResult(TestStep.java:441)
	at net.thucydides.core.model.TestStep.getChildResults(TestStep.java:475)
	at net.thucydides.core.model.TestStep.getResultFromChildren(TestStep.java:468)
	at net.thucydides.core.model.TestStep.getResult(TestStep.java:441)
	at net.thucydides.core.model.TestStep.getChildResults(TestStep.java:475)
	at net.thucydides.core.model.TestStep.getResultFromChildren(TestStep.java:468)
	at net.thucydides.core.model.TestStep.getResult(TestStep.java:441)
	at net.thucydides.core.model.TestStep.getChildResults(TestStep.java:475)
	at net.thucydides.core.model.TestStep.getResultFromChildren(TestStep.java:468)
	at net.thucydides.core.model.TestStep.getResult(TestStep.java:441)
	at net.thucydides.core.model.TestStep.getChildResults(TestStep.java:475)
	at net.thucydides.core.model.TestStep.getResultFromChildren(TestStep.java:468)
	at net.thucydides.core.model.TestStep.getResult(TestStep.java:441)
	at net.thucydides.core.model.TestStep.getChildResults(TestStep.java:475)
	at net.thucydides.core.model.TestStep.getResultFromChildren(TestStep.java:468)
	at net.thucydides.core.model.TestStep.getResult(TestStep.java:441)
	at net.thucydides.core.model.TestStep.getChildResults(TestStep.java:475)
	at net.thucydides.core.model.TestStep.getResultFromChildren(TestStep.java:468)
	at net.thucydides.core.model.TestStep.getResult(TestStep.java:441)
	at net.thucydides.core.model.TestStep.getChildResults(TestStep.java:475)
	at net.thucydides.core.model.TestStep.getResultFromChildren(TestStep.java:468)
	at net.thucydides.core.model.TestStep.getResult(TestStep.java:441)
	at net.thucydides.core.model.TestStep.getChildResults(TestStep.java:475)
	at net.thucydides.core.model.TestStep.getResultFromChildren(TestStep.java:468)
	at net.thucydides.core.model.TestStep.getResult(TestStep.java:441)
	at net.thucydides.core.model.TestStep.getChildResults(TestStep.java:475)
	at net.thucydides.core.model.TestStep.getResultFromChildren(TestStep.java:468)
	at net.thucydides.core.model.TestStep.getResult(TestStep.java:441)
	at net.thucydides.core.model.TestStep.getChildResults(TestStep.java:475)
	at net.thucydides.core.model.TestStep.getResultFromChildren(TestStep.java:468)
	at net.thucydides.core.model.TestStep.getResult(TestStep.java:441)
	at net.thucydides.core.model.TestStep.getChildResults(TestStep.java:475)
	at net.thucydides.core.model.TestStep.getResultFromChildren(TestStep.java:468)
	at net.thucydides.core.model.TestStep.getResult(TestStep.java:441)
	at net.thucydides.core.model.TestStep.getChildResults(TestStep.java:475)
	at net.thucydides.core.model.TestStep.getResultFromChildren(TestStep.java:468)
	at net.thucydides.core.model.TestStep.getResult(TestStep.java:441)
	at net.thucydides.core.model.TestStep.getChildResults(TestStep.java:475)
	at net.thucydides.core.model.TestStep.getResultFromChildren(TestStep.java:468)
	at net.thucydides.core.model.TestStep.getResult(TestStep.java:441)
	at net.thucydides.core.model.TestStep.getChildResults(TestStep.java:475)
	at net.thucydides.core.model.TestStep.getResultFromChildren(TestStep.java:468)
	at net.thucydides.core.model.TestStep.getResult(TestStep.java:441)
	at net.thucydides.core.model.TestStep.getChildResults(TestStep.java:475)
	at net.thucydides.core.model.TestStep.getResultFromChildren(TestStep.java:468)
	at net.thucydides.core.model.TestStep.getResult(TestStep.java:441)
	at net.thucydides.core.model.TestStep.getChildResults(TestStep.java:475)
	at net.thucydides.core.model.TestStep.getResultFromChildren(TestStep.java:468)
	at net.thucydides.core.model.TestStep.getResult(TestStep.java:441)
	at net.thucydides.core.model.TestStep.getChildResults(TestStep.java:475)
	at net.thucydides.core.model.TestStep.getResultFromChildren(TestStep.java:468)
	at net.thucydides.core.model.TestStep.getResult(TestStep.java:441)
	at net.thucydides.core.model.TestStep.getChildResults(TestStep.java:475)
	at net.thucydides.core.model.TestStep.getResultFromChildren(TestStep.java:468)
	at net.thucydides.core.model.TestStep.getResult(TestStep.java:441)
	at net.thucydides.core.model.TestStep.getChildResults(TestStep.java:475)
	at net.thucydides.core.model.TestStep.getResultFromChildren(TestStep.java:468)
	at net.thucydides.core.model.TestStep.getResult(TestStep.java:441)
	at net.thucydides.core.model.TestStep.getChildResults(TestStep.java:475)
	at net.thucydides.core.model.TestStep.getResultFromChildren(TestStep.java:468)
	at net.thucydides.core.model.TestStep.getResult(TestStep.java:441)
	at net.thucydides.core.model.TestStep.getChildResults(TestStep.java:475)
	at net.thucydides.core.model.TestStep.getResultFromChildren(TestStep.java:468)
	at net.thucydides.core.model.TestStep.getResult(TestStep.java:441)
	at net.thucydides.core.model.TestStep.getChildResults(TestStep.java:475)
	at net.thucydides.core.model.TestStep.getResultFromChildren(TestStep.java:468)
	at net.thucydides.core.model.TestStep.getResult(TestStep.java:441)
	at net.thucydides.core.model.TestStep.getChildResults(TestStep.java:475)
	at net.thucydides.core.model.TestStep.getResultFromChildren(TestStep.java:468)
	at net.thucydides.core.model.TestStep.getResult(TestStep.java:441)
	at net.thucydides.core.model.TestStep.getChildResults(TestStep.java:475)
	at net.thucydides.core.model.TestStep.getResultFromChildren(TestStep.java:468)
	at net.thucydides.core.model.TestStep.getResult(TestStep.java:441)
	at net.thucydides.core.model.TestStep.getChildResults(TestStep.java:475)
	at net.thucydides.core.model.TestStep.getResultFromChildren(TestStep.java:468)
	at net.thucydides.core.model.TestStep.getResult(TestStep.java:441)
	at net.thucydides.core.model.TestStep.getChildResults(TestStep.java:475)
	at net.thucydides.core.model.TestStep.getResultFromChildren(TestStep.java:468)
	at net.thucydides.core.model.TestStep.getResult(TestStep.java:441)
	at net.thucydides.core.model.TestStep.getChildResults(TestStep.java:475)
	at net.thucydides.core.model.TestStep.getResultFromChildren(TestStep.java:468)
	at net.thucydides.core.model.TestStep.getResult(TestStep.java:441)
	at net.thucydides.core.model.TestStep.getChildResults(TestStep.java:475)
	at net.thucydides.core.model.TestStep.getResultFromChildren(TestStep.java:468)
	at net.thucydides.core.model.TestStep.getResult(TestStep.java:441)
	at net.thucydides.core.model.TestStep.getChildResults(TestStep.java:475)
	at net.thucydides.core.model.TestStep.getResultFromChildren(TestStep.java:468)
	at net.thucydides.core.model.TestStep.getResult(TestStep.java:441)
	at net.thucydides.core.model.TestStep.getChildResults(TestStep.java:475)
	at net.thucydides.core.model.TestStep.getResultFromChildren(TestStep.java:468)
	at net.thucydides.core.model.TestStep.getResult(TestStep.java:441)
	at net.thucydides.core.model.TestStep.getChildResults(TestStep.java:475)
	at net.thucydides.core.model.TestStep.getResultFromChildren(TestStep.java:468)
	at net.thucydides.core.model.TestStep.getResult(TestStep.java:441)
	at net.thucydides.core.model.TestStep.getChildResults(TestStep.java:475)
	at net.thucydides.core.model.TestStep.getResultFromChildren(TestStep.java:468)
	at net.thucydides.core.model.TestStep.getResult(TestStep.java:441)
	at net.thucydides.core.model.TestStep.getChildResults(TestStep.java:475)
	at net.thucydides.core.model.TestStep.getResultFromChildren(TestStep.java:468)
	at net.thucydides.core.model.TestStep.getResult(TestStep.java:441)
	at net.thucydides.core.model.TestStep.getChildResults(TestStep.java:475)
	at net.thucydides.core.model.TestStep.getResultFromChildren(TestStep.java:468)
	at net.thucydides.core.model.TestStep.getResult(TestStep.java:441)
	at net.thucydides.core.model.TestStep.getChildResults(TestStep.java:475)
	at net.thucydides.core.model.TestStep.getResultFromChildren(TestStep.java:468)
	at net.thucydides.core.model.TestStep.getResult(TestStep.java:441)
	at net.thucydides.core.model.TestStep.getChildResults(TestStep.java:475)
	at net.thucydides.core.model.TestStep.getResultFromChildren(TestStep.java:468)
	at net.thucydides.core.model.TestStep.getResult(TestStep.java:441)
	at net.thucydides.core.model.TestStep.getChildResults(TestStep.java:475)
	at net.thucydides.core.model.TestStep.getResultFromChildren(TestStep.java:468)
	at net.thucydides.core.model.TestStep.getResult(TestStep.java:441)
	at net.thucydides.core.model.TestStep.getChildResults(TestStep.java:475)
	at net.thucydides.core.model.TestStep.getResultFromChildren(TestStep.java:468)
	at net.thucydides.core.model.TestStep.getResult(TestStep.java:441)
	at net.thucydides.core.model.TestStep.getChildResults(TestStep.java:475)
	at net.thucydides.core.model.TestStep.getResultFromChildren(TestStep.java:468)
	at net.thucydides.core.model.TestStep.getResult(TestStep.java:441)
	at net.thucydides.core.model.TestStep.getChildResults(TestStep.java:475)
	at net.thucydides.core.model.TestStep.getResultFromChildren(TestStep.java:468)
	at net.thucydides.core.model.TestStep.getResult(TestStep.java:441)
	at net.thucydides.core.model.TestStep.getChildResults(TestStep.java:475)
	at net.thucydides.core.model.TestStep.getResultFromChildren(TestStep.java:468)
	at net.thucydides.core.model.TestStep.getResult(TestStep.java:441)
	at net.thucydides.core.model.TestStep.getChildResults(TestStep.java:475)
	at net.thucydides.core.model.TestStep.getResultFromChildren(TestStep.java:468)
	at net.thucydides.core.model.TestStep.getResult(TestStep.java:441)
	at net.thucydides.core.model.TestStep.getChildResults(TestStep.java:475)
	at net.thucydides.core.model.TestStep.getResultFromChildren(TestStep.java:468)
	at net.thucydides.core.model.TestStep.getResult(TestStep.java:441)
	at net.thucydides.core.model.TestStep.getChildResults(TestStep.java:475)
	at net.thucydides.core.model.TestStep.getResultFromChildren(TestStep.java:468)
	at net.thucydides.core.model.TestStep.getResult(TestStep.java:441)
	at net.thucydides.core.model.TestStep.getChildResults(TestStep.java:475)
	at net.thucydides.core.model.TestStep.getResultFromChildren(TestStep.java:468)
	at net.thucydides.core.model.TestStep.getResult(TestStep.java:441)
	at net.thucydides.core.model.TestStep.getChildResults(TestStep.java:475)
	at net.thucydides.core.model.TestStep.getResultFromChildren(TestStep.java:468)
	at net.thucydides.core.model.TestStep.getResult(TestStep.java:441)
	at net.thucydides.core.model.TestStep.getChildResults(TestStep.java:475)
	at net.thucydides.core.model.TestStep.getResultFromChildren(TestStep.java:468)
	at net.thucydides.core.model.TestStep.getResult(TestStep.java:441)
	at net.thucydides.core.model.TestStep.getChildResults(TestStep.java:475)
	at net.thucydides.core.model.TestStep.getResultFromChildren(TestStep.java:468)
	at net.thucydides.core.model.TestStep.getResult(TestStep.java:441)
	at net.thucydides.core.model.TestStep.getChildResults(TestStep.java:475)
	at net.thucydides.core.model.TestStep.getResultFromChildren(TestStep.java:468)
	at net.thucydides.core.model.TestStep.getResult(TestStep.java:441)
	at net.thucydides.core.model.TestStep.getChildResults(TestStep.java:475)
	at net.thucydides.core.model.TestStep.getResultFromChildren(TestStep.java:468)
	at net.thucydides.core.model.TestStep.getResult(TestStep.java:441)
	at net.thucydides.core.model.TestStep.getChildResults(TestStep.java:475)
	at net.thucydides.core.model.TestStep.getResultFromChildren(TestStep.java:468)
	at net.thucydides.core.model.TestStep.getResult(TestStep.java:441)
	at net.thucydides.core.model.TestStep.getChildResults(TestStep.java:475)
	at net.thucydides.core.model.TestStep.getResultFromChildren(TestStep.java:468)
	at net.thucydides.core.model.TestStep.getResult(TestStep.java:441)
	at net.thucydides.core.model.TestStep.getChildResults(TestStep.java:475)
	at net.thucydides.core.model.TestStep.getResultFromChildren(TestStep.java:468)
	at net.thucydides.core.model.TestStep.getResult(TestStep.java:441)
	at net.thucydides.core.model.TestStep.getChildResults(TestStep.java:475)
	at net.thucydides.core.model.TestStep.getResultFromChildren(TestStep.java:468)
	at net.thucydides.core.model.TestStep.getResult(TestStep.java:441)
	at net.thucydides.core.model.TestStep.getChildResults(TestStep.java:475)
	at net.thucydides.core.model.TestStep.getResultFromChildren(TestStep.java:468)
	at net.thucydides.core.model.TestStep.getResult(TestStep.java:441)
	at net.thucydides.core.model.TestStep.getChildResults(TestStep.java:475)
	at net.thucydides.core.model.TestStep.getResultFromChildren(TestStep.java:468)
	at net.thucydides.core.model.TestStep.getResult(TestStep.java:441)
	at net.thucydides.core.model.TestStep.getChildResults(TestStep.java:475)
	at net.thucydides.core.model.TestStep.getResultFromChildren(TestStep.java:468)
	at net.thucydides.core.model.TestStep.getResult(TestStep.java:441)
	at net.thucydides.core.model.TestStep.getChildResults(TestStep.java:475)
	at net.thucydides.core.model.TestStep.getResultFromChildren(TestStep.java:468)
	at net.thucydides.core.model.TestStep.getResult(TestStep.java:441)
	at net.thucydides.core.model.TestStep.getChildResults(TestStep.java:475)
	at net.thucydides.core.model.TestStep.getResultFromChildren(TestStep.java:468)
	at net.thucydides.core.model.TestStep.getResult(TestStep.java:441)
	at net.thucydides.core.model.TestStep.getChildResults(TestStep.java:475)
	at net.thucydides.core.model.TestStep.getResultFromChildren(TestStep.java:468)
	at net.thucydides.core.model.TestStep.getResult(TestStep.java:441)
	at net.thucydides.core.model.TestStep.getChildResults(TestStep.java:475)
	at net.thucydides.core.model.TestStep.getResultFromChildren(TestStep.java:468)
	at net.thucydides.core.model.TestStep.getResult(TestStep.java:441)
	at net.thucydides.core.model.TestStep.getChildResults(TestStep.java:475)
	at net.thucydides.core.model.TestStep.getResultFromChildren(TestStep.java:468)
	at net.thucydides.core.model.TestStep.getResult(TestStep.java:441)
	at net.thucydides.core.model.TestStep.getChildResults(TestStep.java:475)
	at net.thucydides.core.model.TestStep.getResultFromChildren(TestStep.java:468)
	at net.thucydides.core.model.TestStep.getResult(TestStep.java:441)
	at net.thucydides.core.model.TestStep.getChildResults(TestStep.java:475)
	at net.thucydides.core.model.TestStep.getResultFromChildren(TestStep.java:468)
	at net.thucydides.core.model.TestStep.getResult(TestStep.java:441)
	at net.thucydides.core.model.TestStep.getChildResults(TestStep.java:475)
	at net.thucydides.core.model.TestStep.getResultFromChildren(TestStep.java:468)
	at net.thucydides.core.model.TestStep.getResult(TestStep.java:441)
	at net.thucydides.core.model.TestStep.getChildResults(TestStep.java:475)
	at net.thucydides.core.model.TestStep.getResultFromChildren(TestStep.java:468)
	at net.thucydides.core.model.TestStep.getResult(TestStep.java:441)
	at net.thucydides.core.model.TestStep.getChildResults(TestStep.java:475)
	at net.thucydides.core.model.TestStep.getResultFromChildren(TestStep.java:468)
	at net.thucydides.core.model.TestStep.getResult(TestStep.java:441)
	at net.thucydides.core.model.TestStep.getChildResults(TestStep.java:475)
	at net.thucydides.core.model.TestStep.getResultFromChildren(TestStep.java:468)
	at net.thucydides.core.model.TestStep.getResult(TestStep.java:441)
	at net.thucydides.core.model.TestStep.getChildResults(TestStep.java:475)
	at net.thucydides.core.model.TestStep.getResultFromChildren(TestStep.java:468)
	at net.thucydides.core.model.TestStep.getResult(TestStep.java:441)
	at net.thucydides.core.model.TestStep.getChildResults(TestStep.java:475)
	at net.thucydides.core.model.TestStep.getResultFromChildren(TestStep.java:468)
	at net.thucydides.core.model.TestStep.getResult(TestStep.java:441)
	at net.thucydides.core.model.TestStep.getChildResults(TestStep.java:475)
	at net.thucydides.core.model.TestStep.getResultFromChildren(TestStep.java:468)
	at net.thucydides.core.model.TestStep.getResult(TestStep.java:441)
	at net.thucydides.core.model.TestStep.getChildResults(TestStep.java:475)
	at net.thucydides.core.model.TestStep.getResultFromChildren(TestStep.java:468)
	at net.thucydides.core.model.TestStep.getResult(TestStep.java:441)
	at net.thucydides.core.model.TestStep.getChildResults(TestStep.java:475)
	at net.thucydides.core.model.TestStep.getResultFromChildren(TestStep.java:468)
	at net.thucydides.core.model.TestStep.getResult(TestStep.java:441)
	at net.thucydides.core.model.TestStep.getChildResults(TestStep.java:475)
	at net.thucydides.core.model.TestStep.getResultFromChildren(TestStep.java:468)
	at net.thucydides.core.model.TestStep.getResult(TestStep.java:441)
	at net.thucydides.core.model.TestStep.getChildResults(TestStep.java:475)
	at net.thucydides.core.model.TestStep.getResultFromChildren(TestStep.java:468)
	at net.thucydides.core.model.TestStep.getResult(TestStep.java:441)
	at net.thucydides.core.model.TestStep.getChildResults(TestStep.java:475)
	at net.thucydides.core.model.TestStep.getResultFromChildren(TestStep.java:468)
	at net.thucydides.core.model.TestStep.getResult(TestStep.java:441)
	at net.thucydides.core.model.TestStep.getChildResults(TestStep.java:475)
	at net.thucydides.core.model.TestStep.getResultFromChildren(TestStep.java:468)
	at net.thucydides.core.model.TestStep.getResult(TestStep.java:441)
	at net.thucydides.core.model.TestStep.getChildResults(TestStep.java:475)
	at net.thucydides.core.model.TestStep.getResultFromChildren(TestStep.java:468)
	at net.thucydides.core.model.TestStep.getResult(TestStep.java:441)
	at net.thucydides.core.model.TestStep.getChildResults(TestStep.java:475)
	at net.thucydides.core.model.TestStep.getResultFromChildren(TestStep.java:468)
	at net.thucydides.core.model.TestStep.getResult(TestStep.java:441)
	at net.thucydides.core.model.TestStep.getChildResults(TestStep.java:475)
	at net.thucydides.core.model.TestStep.getResultFromChildren(TestStep.java:468)
	at net.thucydides.core.model.TestStep.getResult(TestStep.java:441)
	at net.thucydides.core.model.TestStep.getChildResults(TestStep.java:475)
	at net.thucydides.core.model.TestStep.getResultFromChildren(TestStep.java:468)
	at net.thucydides.core.model.TestStep.getResult(TestStep.java:441)
	at net.thucydides.core.model.TestStep.getChildResults(TestStep.java:475)
	at net.thucydides.core.model.TestStep.getResultFromChildren(TestStep.java:468)
	at net.thucydides.core.model.TestStep.getResult(TestStep.java:441)
	at net.thucydides.core.model.TestStep.getChildResults(TestStep.java:475)
	at net.thucydides.core.model.TestStep.getResultFromChildren(TestStep.java:468)
	at net.thucydides.core.model.TestStep.getResult(TestStep.java:441)
	at net.thucydides.core.model.TestStep.getChildResults(TestStep.java:475)
	at net.thucydides.core.model.TestStep.getResultFromChildren(TestStep.java:468)
	at net.thucydides.core.model.TestStep.getResult(TestStep.java:441)
	at net.thucydides.core.model.TestStep.getChildResults(TestStep.java:475)
	at net.thucydides.core.model.TestStep.getResultFromChildren(TestStep.java:468)
	at net.thucydides.core.model.TestStep.getResult(TestStep.java:441)
	at net.thucydides.core.model.TestStep.getChildResults(TestStep.java:475)
	at net.thucydides.core.model.TestStep.getResultFromChildren(TestStep.java:468)
	at net.thucydides.core.model.TestStep.getResult(TestStep.java:441)
	at net.thucydides.core.model.TestStep.getChildResults(TestStep.java:475)
	at net.thucydides.core.model.TestStep.getResultFromChildren(TestStep.java:468)
	at net.thucydides.core.model.TestStep.getResult(TestStep.java:441)
	at net.thucydides.core.model.TestStep.getChildResults(TestStep.java:475)
	at net.thucydides.core.model.TestStep.getResultFromChildren(TestStep.java:468)
	at net.thucydides.core.model.TestStep.getResult(TestStep.java:441)
	at net.thucydides.core.model.TestStep.getChildResults(TestStep.java:475)
	at net.thucydides.core.model.TestStep.getResultFromChildren(TestStep.java:468)
	at net.thucydides.core.model.TestStep.getResult(TestStep.java:441)
	at net.thucydides.core.model.TestStep.getChildResults(TestStep.java:475)
	at net.thucydides.core.model.TestStep.getResultFromChildren(TestStep.java:468)
	at net.thucydides.core.model.TestStep.getResult(TestStep.java:441)
	at net.thucydides.core.model.TestStep.getChildResults(TestStep.java:475)
	at net.thucydides.core.model.TestStep.getResultFromChildren(TestStep.java:468)
	at net.thucydides.core.model.TestStep.getResult(TestStep.java:441)
	at net.thucydides.core.model.TestStep.getChildResults(TestStep.java:475)
	at net.thucydides.core.model.TestStep.getResultFromChildren(TestStep.java:468)
	at net.thucydides.core.model.TestStep.getResult(TestStep.java:441)
	at net.thucydides.core.model.TestStep.getChildResults(TestStep.java:475)
	at net.thucydides.core.model.TestStep.getResultFromChildren(TestStep.java:468)
	at net.thucydides.core.model.TestStep.getResult(TestStep.java:441)
	at net.thucydides.core.model.TestStep.getChildResults(TestStep.java:475)
	at net.thucydides.core.model.TestStep.getResultFromChildren(TestStep.java:468)
	at net.thucydides.core.model.TestStep.getResult(TestStep.java:441)
	at net.thucydides.core.model.TestStep.getChildResults(TestStep.java:475)
	at net.thucydides.core.model.TestStep.getResultFromChildren(TestStep.java:468)
	at net.thucydides.core.model.TestStep.getResult(TestStep.java:441)
	at net.thucydides.core.model.TestStep.getChildResults(TestStep.java:475)
	at net.thucydides.core.model.TestStep.getResultFromChildren(TestStep.java:468)
	at net.thucydides.core.model.TestStep.getResult(TestStep.java:441)
	at net.thucydides.core.model.TestStep.getChildResults(TestStep.java:475)
	at net.thucydides.core.model.TestStep.getResultFromChildren(TestStep.java:468)
	at net.thucydides.core.model.TestStep.getResult(TestStep.java:441)
	at net.thucydides.core.model.TestStep.getChildResults(TestStep.java:475)
	at net.thucydides.core.model.TestStep.getResultFromChildren(TestStep.java:468)
	at net.thucydides.core.model.TestStep.getResult(TestStep.java:441)
	at net.thucydides.core.model.TestStep.getChildResults(TestStep.java:475)
	at net.thucydides.core.model.TestStep.getResultFromChildren(TestStep.java:468)
	at net.thucydides.core.model.TestStep.getResult(TestStep.java:441)
	at net.thucydides.core.model.TestStep.getChildResults(TestStep.java:475)
	at net.thucydides.core.model.TestStep.getResultFromChildren(TestStep.java:468)
	at net.thucydides.core.model.TestStep.getResult(TestStep.java:441)
	at net.thucydides.core.model.TestStep.getChildResults(TestStep.java:475)
	at net.thucydides.core.model.TestStep.getResultFromChildren(TestStep.java:468)
	at net.thucydides.core.model.TestStep.getResult(TestStep.java:441)
	at net.thucydides.core.model.TestStep.getChildResults(TestStep.java:475)
	at net.thucydides.core.model.TestStep.getResultFromChildren(TestStep.java:468)
	at net.thucydides.core.model.TestStep.getResult(TestStep.java:441)
	at net.thucydides.core.model.TestStep.getChildResults(TestStep.java:475)
	at net.thucydides.core.model.TestStep.getResultFromChildren(TestStep.java:468)
	at net.thucydides.core.model.TestStep.getResult(TestStep.java:441)
	at net.thucydides.core.model.TestStep.getChildResults(TestStep.java:475)
	at net.thucydides.core.model.TestStep.getResultFromChildren(TestStep.java:468)
	at net.thucydides.core.model.TestStep.getResult(TestStep.java:441)
	at net.thucydides.core.model.TestStep.getChildResults(TestStep.java:475)
	at net.thucydides.core.model.TestStep.getResultFromChildren(TestStep.java:468)
	at net.thucydides.core.model.TestStep.getResult(TestStep.java:441)
	at net.thucydides.core.model.TestStep.getChildResults(TestStep.java:475)
	at net.thucydides.core.model.TestStep.getResultFromChildren(TestStep.java:468)
	at net.thucydides.core.model.TestStep.getResult(TestStep.java:441)
	at net.thucydides.core.model.TestStep.getChildResults(TestStep.java:475)
	at net.thucydides.core.model.TestStep.getResultFromChildren(TestStep.java:468)
	at net.thucydides.core.model.TestStep.getResult(TestStep.java:441)
	at net.thucydides.core.model.TestStep.getChildResults(TestStep.java:475)
	at net.thucydides.core.model.TestStep.getResultFromChildren(TestStep.java:468)
	at net.thucydides.core.model.TestStep.getResult(TestStep.java:441)
	at net.thucydides.core.model.TestStep.getChildResults(TestStep.java:475)
	at net.thucydides.core.model.TestStep.getResultFromChildren(TestStep.java:468)
	at net.thucydides.core.model.TestStep.getResult(TestStep.java:441)
	at net.thucydides.core.model.TestStep.getChildResults(TestStep.java:475)
	at net.thucydides.core.model.TestStep.getResultFromChildren(TestStep.java:468)
	at net.thucydides.core.model.TestStep.getResult(TestStep.java:441)
	at net.thucydides.core.model.TestStep.getChildResults(TestStep.java:475)
	at net.thucydides.core.model.TestStep.getResultFromChildren(TestStep.java:468)
	at net.thucydides.core.model.TestStep.getResult(TestStep.java:441)
	at net.thucydides.core.model.TestStep.getChildResults(TestStep.java:475)
	at net.thucydides.core.model.TestStep.getResultFromChildren(TestStep.java:468)
	at net.thucydides.core.model.TestStep.getResult(TestStep.java:441)
	at net.thucydides.core.model.TestStep.getChildResults(TestStep.java:475)
	at net.thucydides.core.model.TestStep.getResultFromChildren(TestStep.java:468)
	at net.thucydides.core.model.TestStep.getResult(TestStep.java:441)
	at net.thucydides.core.model.TestStep.getChildResults(TestStep.java:475)
	at net.thucydides.core.model.TestStep.getResultFromChildren(TestStep.java:468)
	at net.thucydides.core.model.TestStep.getResult(TestStep.java:441)
	at net.thucydides.core.model.TestStep.getChildResults(TestStep.java:475)
	at net.thucydides.core.model.TestStep.getResultFromChildren(TestStep.java:468)
	at net.thucydides.core.model.TestStep.getResult(TestStep.java:441)
	at net.thucydides.core.model.TestStep.getChildResults(TestStep.java:475)
	at net.thucydides.core.model.TestStep.getResultFromChildren(TestStep.java:468)
	at net.thucydides.core.model.TestStep.getResult(TestStep.java:441)
	at net.thucydides.core.model.TestStep.getChildResults(TestStep.java:475)
	at net.thucydides.core.model.TestStep.getResultFromChildren(TestStep.java:468)
	at net.thucydides.core.model.TestStep.getResult(TestStep.java:441)
	at net.thucydides.core.model.TestStep.getChildResults(TestStep.java:475)
	at net.thucydides.core.model.TestStep.getResultFromChildren(TestStep.java:468)
	at net.thucydides.core.model.TestStep.getResult(TestStep.java:441)
	at net.thucydides.core.model.TestStep.getChildResults(TestStep.java:475)
	at net.thucydides.core.model.TestStep.getResultFromChildren(TestStep.java:468)
	at net.thucydides.core.model.TestStep.getResult(TestStep.java:441)
	at net.thucydides.core.model.TestStep.getChildResults(TestStep.java:475)
	at net.thucydides.core.model.TestStep.getResultFromChildren(TestStep.java:468)
	at net.thucydides.core.model.TestStep.getResult(TestStep.java:441)
	at net.thucydides.core.model.TestStep.getChildResults(TestStep.java:475)
	at net.thucydides.core.model.TestStep.getResultFromChildren(TestStep.java:468)
	at net.thucydides.core.model.TestStep.getResult(TestStep.java:441)
	at net.thucydides.core.model.TestStep.getChildResults(TestStep.java:475)
	at net.thucydides.core.model.TestStep.getResultFromChildren(TestStep.java:468)
	at net.thucydides.core.model.TestStep.getResult(TestStep.java:441)
	at net.thucydides.core.model.TestStep.getChildResults(TestStep.java:475)
	at net.thucydides.core.model.TestStep.getResultFromChildren(TestStep.java:468)
	at net.thucydides.core.model.TestStep.getResult(TestStep.java:441)
	at net.thucydides.core.model.TestStep.getChildResults(TestStep.java:475)
	at net.thucydides.core.model.TestStep.getResultFromChildren(TestStep.java:468)
	at net.thucydides.core.model.TestStep.getResult(TestStep.java:441)
	at net.thucydides.core.model.TestStep.getChildResults(TestStep.java:475)
	at net.thucydides.core.model.TestStep.getResultFromChildren(TestStep.java:468)
	at net.thucydides.core.model.TestStep.getResult(TestStep.java:441)
	at net.thucydides.core.model.TestStep.getChildResults(TestStep.java:475)
	at net.thucydides.core.model.TestStep.getResultFromChildren(TestStep.java:468)
	at net.thucydides.core.model.TestStep.getResult(TestStep.java:441)
	at net.thucydides.core.model.TestStep.getChildResults(TestStep.java:475)
	at net.thucydides.core.model.TestStep.getResultFromChildren(TestStep.java:468)
	at net.thucydides.core.model.TestStep.getResult(TestStep.java:441)
	at net.thucydides.core.model.TestStep.getChildResults(TestStep.java:475)
	at net.thucydides.core.model.TestStep.getResultFromChildren(TestStep.java:468)
	at net.thucydides.core.model.TestStep.getResult(TestStep.java:441)
	at net.thucydides.core.model.TestStep.getChildResults(TestStep.java:475)
	at net.thucydides.core.model.TestStep.getResultFromChildren(TestStep.java:468)
	at net.thucydides.core.model.TestStep.getResult(TestStep.java:441)
	at net.thucydides.core.model.TestStep.getChildResults(TestStep.java:475)
	at net.thucydides.core.model.TestStep.getResultFromChildren(TestStep.java:468)
	at net.thucydides.core.model.TestStep.getResult(TestStep.java:441)
	at net.thucydides.core.model.TestStep.getChildResults(TestStep.java:475)
	at net.thucydides.core.model.TestStep.getResultFromChildren(TestStep.java:468)
	at net.thucydides.core.model.TestStep.getResult(TestStep.java:441)
	at net.thucydides.core.model.TestStep.getChildResults(TestStep.java:475)
	at net.thucydides.core.model.TestStep.getResultFromChildren(TestStep.java:468)
	at net.thucydides.core.model.TestStep.getResult(TestStep.java:441)
	at net.thucydides.core.model.TestStep.getChildResults(TestStep.java:475)
	at net.thucydides.core.model.TestStep.getResultFromChildren(TestStep.java:468)
	at net.thucydides.core.model.TestStep.getResult(TestStep.java:441)
	at net.thucydides.core.model.TestStep.getChildResults(TestStep.java:475)
	at net.thucydides.core.model.TestStep.getResultFromChildren(TestStep.java:468)
	at net.thucydides.core.model.TestStep.getResult(TestStep.java:441)
	at net.thucydides.core.model.TestStep.getChildResults(TestStep.java:475)
	at net.thucydides.core.model.TestStep.getResultFromChildren(TestStep.java:468)
	at net.thucydides.core.model.TestStep.getResult(TestStep.java:441)
	at net.thucydides.core.model.TestStep.getChildResults(TestStep.java:475)
	at net.thucydides.core.model.TestStep.getResultFromChildren(TestStep.java:468)
	at net.thucydides.core.model.TestStep.getResult(TestStep.java:441)
	at net.thucydides.core.model.TestStep.getChildResults(TestStep.java:475)
	at net.thucydides.core.model.TestStep.getResultFromChildren(TestStep.java:468)
	at net.thucydides.core.model.TestStep.getResult(TestStep.java:441)
	at net.thucydides.core.model.TestStep.getChildResults(TestStep.java:475)
	at net.thucydides.core.model.TestStep.getResultFromChildren(TestStep.java:468)
	at net.thucydides.core.model.TestStep.getResult(TestStep.java:441)
	at net.thucydides.core.model.TestStep.getChildResults(TestStep.java:475)
	at net.thucydides.core.model.TestStep.getResultFromChildren(TestStep.java:468)
	at net.thucydides.core.model.TestStep.getResult(TestStep.java:441)
	at net.thucydides.core.model.TestStep.getChildResults(TestStep.java:475)
	at net.thucydides.core.model.TestStep.getResultFromChildren(TestStep.java:468)
	at net.thucydides.core.model.TestStep.getResult(TestStep.java:441)
	at net.thucydides.core.model.TestStep.getChildResults(TestStep.java:475)
	at net.thucydides.core.model.TestStep.getResultFromChildren(TestStep.java:468)
	at net.thucydides.core.model.TestStep.getResult(TestStep.java:441)
	at net.thucydides.core.model.TestStep.getChildResults(TestStep.java:475)
	at net.thucydides.core.model.TestStep.getResultFromChildren(TestStep.java:468)
	at net.thucydides.core.model.TestStep.getResult(TestStep.java:441)
	at net.thucydides.core.model.TestStep.getChildResults(TestStep.java:475)
	at net.thucydides.core.model.TestStep.getResultFromChildren(TestStep.java:468)
	at net.thucydides.core.model.TestStep.getResult(TestStep.java:441)
	at net.thucydides.core.model.TestStep.getChildResults(TestStep.java:475)
	at net.thucydides.core.model.TestStep.getResultFromChildren(TestStep.java:468)
	at net.thucydides.core.model.TestStep.getResult(TestStep.java:441)
	at net.thucydides.core.model.TestStep.getChildResults(TestStep.java:475)
	at net.thucydides.core.model.TestStep.getResultFromChildren(TestStep.java:468)
	at net.thucydides.core.model.TestStep.getResult(TestStep.java:441)
	at net.thucydides.core.model.TestStep.getChildResults(TestStep.java:475)
	at net.thucydides.core.model.TestStep.getResultFromChildren(TestStep.java:468)
	at net.thucydides.core.model.TestStep.getResult(TestStep.java:441)
	at net.thucydides.core.model.TestStep.getChildResults(TestStep.java:475)
	at net.thucydides.core.model.TestStep.getResultFromChildren(TestStep.java:468)
	at net.thucydides.core.model.TestStep.getResult(TestStep.java:441)
	at net.thucydides.core.model.TestStep.getChildResults(TestStep.java:475)
	at net.thucydides.core.model.TestStep.getResultFromChildren(TestStep.java:468)
	at net.thucydides.core.model.TestStep.getResult(TestStep.java:441)
	at net.thucydides.core.model.TestStep.getChildResults(TestStep.java:475)
	at net.thucydides.core.model.TestStep.getResultFromChildren(TestStep.java:468)
	at net.thucydides.core.model.TestStep.getResult(TestStep.java:441)
	at net.thucydides.core.model.TestStep.getChildResults(TestStep.java:475)
	at net.thucydides.core.model.TestStep.getResultFromChildren(TestStep.java:468)
	at net.thucydides.core.model.TestStep.getResult(TestStep.java:441)
	at net.thucydides.core.model.TestStep.getChildResults(TestStep.java:475)
	at net.thucydides.core.model.TestStep.getResultFromChildren(TestStep.java:468)
	at net.thucydides.core.model.TestStep.getResult(TestStep.java:441)
	at net.thucydides.core.model.TestStep.getChildResults(TestStep.java:475)
	at net.thucydides.core.model.TestStep.getResultFromChildren(TestStep.java:468)
	at net.thucydides.core.model.TestStep.getResult(TestStep.java:441)
	at net.thucydides.core.model.TestStep.getChildResults(TestStep.java:475)
	at net.thucydides.core.model.TestStep.getResultFromChildren(TestStep.java:468)
	at net.thucydides.core.model.TestStep.getResult(TestStep.java:441)
	at net.thucydides.core.model.TestStep.getChildResults(TestStep.java:475)
	at net.thucydides.core.model.TestStep.getResultFromChildren(TestStep.java:468)
	at net.thucydides.core.model.TestStep.getResult(TestStep.java:441)
	at net.thucydides.core.model.TestStep.getChildResults(TestStep.java:475)
	at net.thucydides.core.model.TestStep.getResultFromChildren(TestStep.java:468)
	at net.thucydides.core.model.TestStep.getResult(TestStep.java:441)
	at net.thucydides.core.model.TestStep.getChildResults(TestStep.java:475)
	at net.thucydides.core.model.TestStep.getResultFromChildren(TestStep.java:468)
	at net.thucydides.core.model.TestStep.getResult(TestStep.java:441)
	at net.thucydides.core.model.TestStep.getChildResults(TestStep.java:475)
	at net.thucydides.core.model.TestStep.getResultFromChildren(TestStep.java:468)
	at net.thucydides.core.model.TestStep.getResult(TestStep.java:441)
	at net.thucydides.core.model.TestStep.getChildResults(TestStep.java:475)
	at net.thucydides.core.model.TestStep.getResultFromChildren(TestStep.java:468)
	at net.thucydides.core.model.TestStep.getResult(TestStep.java:441)
	at net.thucydides.core.model.TestStep.getChildResults(TestStep.java:475)
	at net.thucydides.core.model.TestStep.getResultFromChildren(TestStep.java:468)
	at net.thucydides.core.model.TestStep.getResult(TestStep.java:441)
	at net.thucydides.core.model.TestStep.getChildResults(TestStep.java:475)
	at net.thucydides.core.model.TestStep.getResultFromChildren(TestStep.java:468)
	at net.thucydides.core.model.TestStep.getResult(TestStep.java:441)
	at net.thucydides.core.model.TestStep.getChildResults(TestStep.java:475)
	at net.thucydides.core.model.TestStep.getResultFromChildren(TestStep.java:468)
	at net.thucydides.core.model.TestStep.getResult(TestStep.java:441)
	at âœ½.User Pay pepaya(file:///D:/alta%20folder/20_review%20web%20UI%20Testing%20with%20serenity/src/test/resources/features/Order.feature:7)
&amp#27;[0m
11:45:26.989 [main] ERROR  - 
  _____   ___   ___   _____     ___   ___   ___    ___    ___ 
 |_   _| | __| / __| |_   _|   | __| | _ \ | _ \  / _ \  | _ \
   | |   | _|  \__ \   | |     | _|  |   / |   / | (_) | |   /
   |_|   |___| |___/   |_|     |___| |_|_\ |_|_\  \___/  |_|_\

order pepaya
---------------------------------------------------------------
11:45:26.991 [main] DEBUG  - RELATED ISSUES: 
11:45:27.076 [main] ERROR  -     Test failed at step: Clickbayar
11:45:27.078 [main] ERROR  -     
]]></system-out>
  </testcase>
  <testcase name="As a user i want registered successfully" classname="As a user i want to register for my account so that i can go shop" time="6.638">
    <system-out><![CDATA[11:45:27.086 [main] INFO io.cucumber.core.plugin.SerenityReporter - Running feature from file:///D:/alta%20folder/20_review%20web%20UI%20Testing%20with%20serenity/src/test/resources/features/Register.feature
11:45:27.088 [main] DEBUG net.thucydides.core.steps.StepEventBus - Test suite started for story net.thucydides.core.model.Story@506a188d
11:45:27.088 [main] INFO  - Test Suite Started: As a user i want to register for my account so that i can go shop

Scenario: As a user i want registered successfully &amp#27;[90m# src/test/resources/features/Register.feature:3&amp#27;[0m
11:45:27.094 [main] INFO io.cucumber.core.plugin.SerenityReporter - Running feature from file:///D:/alta%20folder/20_review%20web%20UI%20Testing%20with%20serenity/src/test/resources/features/Register.feature
11:45:27.097 [main] INFO  - 
  _____   ___   ___   _____     ___   _____     _     ___   _____   ___   ___  
 |_   _| | __| / __| |_   _|   / __| |_   _|   /_\   | _ \ |_   _| | __| |   \ 
   | |   | _|  \__ \   | |     \__ \   | |    / _ \  |   /   | |   | _|  | |) |
   |_|   |___| |___/   |_|     |___/   |_|   /_/ \_\ |_|_\   |_|   |___| |___/ 

As a user i want registered successfully(as-a-user-i-want-to-register-for-my-account-so-that-i-can-go-shop;as-a-user-i-want-registered-successfully)
--------------------------------------------------------------------------------
11:45:27.192 [main] DEBUG net.thucydides.core.steps.StepInterceptor - STARTING STEP: RegisterSteps.ontheLoginPage - openPage
11:45:27.193 [main] INFO net.serenitybdd.core.webdriver.driverproviders.ChromeDriverProvider - Using automatically driver download
11:45:27.307 [main] DEBUG io.github.bonigarcia.wdm.cache.ResolutionCache - Resolution chrome=101 in cache (valid until 12:45:11 01/05/2022 WITA)
11:45:27.311 [main] DEBUG io.github.bonigarcia.wdm.cache.ResolutionCache - Resolution chrome101=101.0.4951.41 in cache (valid until 01:48:37 02/05/2022 WITA)
11:45:27.313 [main] INFO io.github.bonigarcia.wdm.WebDriverManager - Using chromedriver 101.0.4951.41 (resolved driver for Chrome 101)
11:45:27.324 [main] DEBUG io.github.bonigarcia.wdm.WebDriverManager - Driver chromedriver 101.0.4951.41 found in cache
11:45:27.324 [main] INFO io.github.bonigarcia.wdm.WebDriverManager - Exporting webdriver.chrome.driver as C:\Users\Rev\.cache\selenium\chromedriver\win32\101.0.4951.41\chromedriver.exe
11:45:27.436 [main] DEBUG net.serenitybdd.core.webdriver.driverproviders.ProvideNewDriver - Instantiating driver
11:45:27.436 [main] DEBUG net.serenitybdd.core.webdriver.driverproviders.ProvideNewDriver - Driver capabilities: Capabilities {acceptInsecureCerts: false, base.url: https://qa.alta.id, browserName: chrome, chrome.driver: webdriver/chromedriver.exe, driver: chrome, goog:chromeOptions: {args: [], extensions: []}}
11:45:27.636 [AsyncHttpClient-1-5] DEBUG org.asynchttpclient.netty.channel.NettyConnectListener - Using new Channel '[id: 0x806eebad, L:/127.0.0.1:65219 - R:localhost/127.0.0.1:50078]' for 'POST' to '/session'
11:45:28.208 [AsyncHttpClient-1-5] DEBUG org.asynchttpclient.netty.handler.HttpHandler - 

Request DefaultHttpRequest(decodeResult: success, version: HTTP/1.1)
POST /session HTTP/1.1
User-Agent: selenium/4.1.2 (java windows)
Content-Length: 565
Content-Type: application/json; charset=utf-8
host: localhost:50078
accept: */*

Response DefaultHttpResponse(decodeResult: success, version: HTTP/1.1)
HTTP/1.1 200 OK
Content-Type: application/json; charset=utf-8
cache-control: no-cache
content-length: 787

11:45:28.208 [AsyncHttpClient-1-5] DEBUG org.asynchttpclient.netty.channel.ChannelManager - Adding key: http://localhost:50078 for channel [id: 0x806eebad, L:/127.0.0.1:65219 - R:localhost/127.0.0.1:50078]
11:45:28.219 [AsyncHttpClient-1-6] DEBUG org.asynchttpclient.netty.channel.NettyConnectListener - Using new Channel '[id: 0x1c17294c, L:/127.0.0.1:65226 - R:localhost/127.0.0.1:65220]' for 'GET' to '/json/version'
11:45:28.226 [AsyncHttpClient-1-6] DEBUG org.asynchttpclient.netty.handler.HttpHandler - 

Request DefaultFullHttpRequest(decodeResult: success, version: HTTP/1.1, content: EmptyByteBufBE)
GET /json/version HTTP/1.1
User-Agent: selenium/4.1.2 (java windows)
host: localhost:65220
accept: */*

Response DefaultHttpResponse(decodeResult: success, version: HTTP/1.1)
HTTP/1.1 200 OK
Content-Type: application/json; charset=UTF-8
content-length: 427

11:45:28.226 [AsyncHttpClient-1-6] DEBUG org.asynchttpclient.netty.channel.ChannelManager - Adding key: http://localhost:65220 for channel [id: 0x1c17294c, L:/127.0.0.1:65226 - R:localhost/127.0.0.1:65220]
11:45:28.231 [AsyncHttpClient-1-7] DEBUG org.asynchttpclient.netty.channel.NettyConnectListener - Using new Channel '[id: 0xe8868ff0, L:/127.0.0.1:65227 - R:localhost/127.0.0.1:65220]' for 'GET' to '/devtools/browser/c449a4a4-c5df-41c5-b64a-75a79a251bf7'
11:45:28.239 [AsyncHttpClient-1-7] DEBUG org.asynchttpclient.netty.handler.WebSocketHandler - 

Request DefaultFullHttpRequest(decodeResult: success, version: HTTP/1.1, content: EmptyByteBufBE)
GET /devtools/browser/c449a4a4-c5df-41c5-b64a-75a79a251bf7 HTTP/1.1
upgrade: websocket
connection: upgrade
sec-websocket-key: jA6GhXyhlE/ZNWuJNN9RSQ==
sec-websocket-version: 13
origin: http://localhost:65220
host: localhost:65220
accept: */*
user-agent: AHC/2.1

Response DefaultHttpResponse(decodeResult: success, version: HTTP/1.1)
HTTP/1.1 101 WebSocket Protocol Handshake
Upgrade: WebSocket
Connection: Upgrade
Sec-WebSocket-Accept: ZFXKo0oa9MyrRn+Y49fPpLmuGOA=

11:45:28.243 [Forwarding get on session f8efa065e29c5bac5008a3cbf7c2f64f to remote] DEBUG org.asynchttpclient.netty.request.NettyRequestSender - Using pooled Channel '[id: 0x806eebad, L:/127.0.0.1:65219 - R:localhost/127.0.0.1:50078]' for 'POST' to 'http://localhost:50078/session/f8efa065e29c5bac5008a3cbf7c2f64f/url'
11:45:28.243 [Forwarding get on session f8efa065e29c5bac5008a3cbf7c2f64f to remote] DEBUG org.asynchttpclient.netty.request.NettyRequestSender - Using open Channel [id: 0x806eebad, L:/127.0.0.1:65219 - R:localhost/127.0.0.1:50078] for POST '/session/f8efa065e29c5bac5008a3cbf7c2f64f/url'
11:45:28.864 [AsyncHttpClient-1-5] DEBUG org.asynchttpclient.netty.handler.HttpHandler - 

Request DefaultHttpRequest(decodeResult: success, version: HTTP/1.1)
POST /session/f8efa065e29c5bac5008a3cbf7c2f64f/url HTTP/1.1
User-Agent: selenium/4.1.2 (java windows)
Content-Length: 43
Content-Type: application/json; charset=utf-8
host: localhost:50078
accept: */*

Response DefaultHttpResponse(decodeResult: success, version: HTTP/1.1)
HTTP/1.1 200 OK
Content-Type: application/json; charset=utf-8
cache-control: no-cache
content-length: 14

11:45:28.864 [AsyncHttpClient-1-5] DEBUG org.asynchttpclient.netty.channel.ChannelManager - Adding key: http://localhost:50078 for channel [id: 0x806eebad, L:/127.0.0.1:65219 - R:localhost/127.0.0.1:50078]
11:45:28.866 [Forwarding setTimeout on session f8efa065e29c5bac5008a3cbf7c2f64f to remote] DEBUG org.asynchttpclient.netty.request.NettyRequestSender - Using pooled Channel '[id: 0x806eebad, L:/127.0.0.1:65219 - R:localhost/127.0.0.1:50078]' for 'POST' to 'http://localhost:50078/session/f8efa065e29c5bac5008a3cbf7c2f64f/timeouts'
11:45:28.866 [Forwarding setTimeout on session f8efa065e29c5bac5008a3cbf7c2f64f to remote] DEBUG org.asynchttpclient.netty.request.NettyRequestSender - Using open Channel [id: 0x806eebad, L:/127.0.0.1:65219 - R:localhost/127.0.0.1:50078] for POST '/session/f8efa065e29c5bac5008a3cbf7c2f64f/timeouts'
11:45:28.868 [AsyncHttpClient-1-5] DEBUG org.asynchttpclient.netty.handler.HttpHandler - 

Request DefaultHttpRequest(decodeResult: success, version: HTTP/1.1)
POST /session/f8efa065e29c5bac5008a3cbf7c2f64f/timeouts HTTP/1.1
User-Agent: selenium/4.1.2 (java windows)
Content-Length: 22
Content-Type: application/json; charset=utf-8
host: localhost:50078
accept: */*

Response DefaultHttpResponse(decodeResult: success, version: HTTP/1.1)
HTTP/1.1 200 OK
Content-Type: application/json; charset=utf-8
cache-control: no-cache
content-length: 14

11:45:28.868 [AsyncHttpClient-1-5] DEBUG org.asynchttpclient.netty.channel.ChannelManager - Adding key: http://localhost:50078 for channel [id: 0x806eebad, L:/127.0.0.1:65219 - R:localhost/127.0.0.1:50078]
11:45:28.871 [Forwarding getCurrentUrl on session f8efa065e29c5bac5008a3cbf7c2f64f to remote] DEBUG org.asynchttpclient.netty.request.NettyRequestSender - Using pooled Channel '[id: 0x806eebad, L:/127.0.0.1:65219 - R:localhost/127.0.0.1:50078]' for 'GET' to 'http://localhost:50078/session/f8efa065e29c5bac5008a3cbf7c2f64f/url'
11:45:28.871 [Forwarding getCurrentUrl on session f8efa065e29c5bac5008a3cbf7c2f64f to remote] DEBUG org.asynchttpclient.netty.request.NettyRequestSender - Using open Channel [id: 0x806eebad, L:/127.0.0.1:65219 - R:localhost/127.0.0.1:50078] for GET '/session/f8efa065e29c5bac5008a3cbf7c2f64f/url'
11:45:28.888 [AsyncHttpClient-1-5] DEBUG org.asynchttpclient.netty.handler.HttpHandler - 

Request DefaultFullHttpRequest(decodeResult: success, version: HTTP/1.1, content: EmptyByteBufBE)
GET /session/f8efa065e29c5bac5008a3cbf7c2f64f/url HTTP/1.1
User-Agent: selenium/4.1.2 (java windows)
Cache-Control: no-cache
Content-Type: application/json; charset=utf-8
host: localhost:50078
accept: */*

Response DefaultHttpResponse(decodeResult: success, version: HTTP/1.1)
HTTP/1.1 200 OK
Content-Type: application/json; charset=utf-8
cache-control: no-cache
content-length: 31

11:45:28.888 [AsyncHttpClient-1-5] DEBUG org.asynchttpclient.netty.channel.ChannelManager - Adding key: http://localhost:50078 for channel [id: 0x806eebad, L:/127.0.0.1:65219 - R:localhost/127.0.0.1:50078]
11:45:28.891 [Forwarding getCurrentUrl on session f8efa065e29c5bac5008a3cbf7c2f64f to remote] DEBUG org.asynchttpclient.netty.request.NettyRequestSender - Using pooled Channel '[id: 0x806eebad, L:/127.0.0.1:65219 - R:localhost/127.0.0.1:50078]' for 'GET' to 'http://localhost:50078/session/f8efa065e29c5bac5008a3cbf7c2f64f/url'
11:45:28.891 [Forwarding getCurrentUrl on session f8efa065e29c5bac5008a3cbf7c2f64f to remote] DEBUG org.asynchttpclient.netty.request.NettyRequestSender - Using open Channel [id: 0x806eebad, L:/127.0.0.1:65219 - R:localhost/127.0.0.1:50078] for GET '/session/f8efa065e29c5bac5008a3cbf7c2f64f/url'
11:45:28.899 [AsyncHttpClient-1-5] DEBUG org.asynchttpclient.netty.handler.HttpHandler - 

Request DefaultFullHttpRequest(decodeResult: success, version: HTTP/1.1, content: EmptyByteBufBE)
GET /session/f8efa065e29c5bac5008a3cbf7c2f64f/url HTTP/1.1
User-Agent: selenium/4.1.2 (java windows)
Cache-Control: no-cache
Content-Type: application/json; charset=utf-8
host: localhost:50078
accept: */*

Response DefaultHttpResponse(decodeResult: success, version: HTTP/1.1)
HTTP/1.1 200 OK
Content-Type: application/json; charset=utf-8
cache-control: no-cache
content-length: 31

11:45:28.899 [AsyncHttpClient-1-5] DEBUG org.asynchttpclient.netty.channel.ChannelManager - Adding key: http://localhost:50078 for channel [id: 0x806eebad, L:/127.0.0.1:65219 - R:localhost/127.0.0.1:50078]
11:45:28.904 [main] DEBUG net.serenitybdd.core.photography.Darkroom - Opening darkroom
11:45:28.905 [Forwarding screenshot on session f8efa065e29c5bac5008a3cbf7c2f64f to remote] DEBUG org.asynchttpclient.netty.request.NettyRequestSender - Using pooled Channel '[id: 0x806eebad, L:/127.0.0.1:65219 - R:localhost/127.0.0.1:50078]' for 'GET' to 'http://localhost:50078/session/f8efa065e29c5bac5008a3cbf7c2f64f/screenshot'
11:45:28.905 [Forwarding screenshot on session f8efa065e29c5bac5008a3cbf7c2f64f to remote] DEBUG org.asynchttpclient.netty.request.NettyRequestSender - Using open Channel [id: 0x806eebad, L:/127.0.0.1:65219 - R:localhost/127.0.0.1:50078] for GET '/session/f8efa065e29c5bac5008a3cbf7c2f64f/screenshot'
11:45:28.908 [Darkroom Processing Line] DEBUG net.serenitybdd.core.photography.DarkroomProcessingLine - Darkroom processing line starting up
11:45:29.113 [AsyncHttpClient-1-5] DEBUG org.asynchttpclient.netty.handler.HttpHandler - 

Request DefaultFullHttpRequest(decodeResult: success, version: HTTP/1.1, content: EmptyByteBufBE)
GET /session/f8efa065e29c5bac5008a3cbf7c2f64f/screenshot HTTP/1.1
User-Agent: selenium/4.1.2 (java windows)
Cache-Control: no-cache
Content-Type: application/json; charset=utf-8
host: localhost:50078
accept: */*

Response DefaultHttpResponse(decodeResult: success, version: HTTP/1.1)
HTTP/1.1 200 OK
Content-Type: application/json; charset=utf-8
cache-control: no-cache
content-length: 57288

11:45:29.114 [AsyncHttpClient-1-5] DEBUG org.asynchttpclient.netty.channel.ChannelManager - Adding key: http://localhost:50078 for channel [id: 0x806eebad, L:/127.0.0.1:65219 - R:localhost/127.0.0.1:50078]
11:45:29.118 [main] DEBUG net.serenitybdd.core.photography.Darkroom - Send negative for processing for target\site\serenity\0a37a57e99a68854a8f24062992a14b3b696160ce0e0641f8a6144a00b5b7b3a.png
11:45:29.118 [main] DEBUG net.thucydides.core.steps.StepInterceptor - STEP DONE: openPage
11:45:29.122 [AsyncHttpClient-1-1] DEBUG org.asynchttpclient.netty.channel.DefaultChannelPool - Entry count for : http://localhost:65220 : 1
11:45:29.122 [AsyncHttpClient-1-1] DEBUG org.asynchttpclient.netty.channel.DefaultChannelPool - Entry count for : http://localhost:50078 : 1
11:45:29.123 [main] DEBUG net.thucydides.core.steps.StepInterceptor - STARTING STEP: RegisterSteps.ontheLoginPage - clickLoginIcon
11:45:29.126 [Forwarding findElement on session f8efa065e29c5bac5008a3cbf7c2f64f to remote] DEBUG org.asynchttpclient.netty.request.NettyRequestSender - Using pooled Channel '[id: 0x806eebad, L:/127.0.0.1:65219 - R:localhost/127.0.0.1:50078]' for 'POST' to 'http://localhost:50078/session/f8efa065e29c5bac5008a3cbf7c2f64f/element'
11:45:29.126 [Forwarding findElement on session f8efa065e29c5bac5008a3cbf7c2f64f to remote] DEBUG org.asynchttpclient.netty.request.NettyRequestSender - Using open Channel [id: 0x806eebad, L:/127.0.0.1:65219 - R:localhost/127.0.0.1:50078] for POST '/session/f8efa065e29c5bac5008a3cbf7c2f64f/element'
11:45:29.145 [AsyncHttpClient-1-5] DEBUG org.asynchttpclient.netty.handler.HttpHandler - 

Request DefaultHttpRequest(decodeResult: success, version: HTTP/1.1)
POST /session/f8efa065e29c5bac5008a3cbf7c2f64f/element HTTP/1.1
User-Agent: selenium/4.1.2 (java windows)
Content-Length: 139
Content-Type: application/json; charset=utf-8
host: localhost:50078
accept: */*

Response DefaultHttpResponse(decodeResult: success, version: HTTP/1.1)
HTTP/1.1 200 OK
Content-Type: application/json; charset=utf-8
cache-control: no-cache
content-length: 88

11:45:29.146 [AsyncHttpClient-1-5] DEBUG org.asynchttpclient.netty.channel.ChannelManager - Adding key: http://localhost:50078 for channel [id: 0x806eebad, L:/127.0.0.1:65219 - R:localhost/127.0.0.1:50078]
11:45:29.147 [Forwarding getElementTagName on session f8efa065e29c5bac5008a3cbf7c2f64f to remote] DEBUG org.asynchttpclient.netty.request.NettyRequestSender - Using pooled Channel '[id: 0x806eebad, L:/127.0.0.1:65219 - R:localhost/127.0.0.1:50078]' for 'GET' to 'http://localhost:50078/session/f8efa065e29c5bac5008a3cbf7c2f64f/element/aa18edc1-72c0-4a76-b2c4-45170e59b98c/name'
11:45:29.148 [Forwarding getElementTagName on session f8efa065e29c5bac5008a3cbf7c2f64f to remote] DEBUG org.asynchttpclient.netty.request.NettyRequestSender - Using open Channel [id: 0x806eebad, L:/127.0.0.1:65219 - R:localhost/127.0.0.1:50078] for GET '/session/f8efa065e29c5bac5008a3cbf7c2f64f/element/aa18edc1-72c0-4a76-b2c4-45170e59b98c/name'
11:45:29.156 [AsyncHttpClient-1-5] DEBUG org.asynchttpclient.netty.handler.HttpHandler - 

Request DefaultFullHttpRequest(decodeResult: success, version: HTTP/1.1, content: EmptyByteBufBE)
GET /session/f8efa065e29c5bac5008a3cbf7c2f64f/element/aa18edc1-72c0-4a76-b2c4-45170e59b98c/name HTTP/1.1
User-Agent: selenium/4.1.2 (java windows)
Cache-Control: no-cache
Content-Type: application/json; charset=utf-8
host: localhost:50078
accept: */*

Response DefaultHttpResponse(decodeResult: success, version: HTTP/1.1)
HTTP/1.1 200 OK
Content-Type: application/json; charset=utf-8
cache-control: no-cache
content-length: 18

11:45:29.156 [AsyncHttpClient-1-5] DEBUG org.asynchttpclient.netty.channel.ChannelManager - Adding key: http://localhost:50078 for channel [id: 0x806eebad, L:/127.0.0.1:65219 - R:localhost/127.0.0.1:50078]
11:45:29.158 [Forwarding getElementTagName on session f8efa065e29c5bac5008a3cbf7c2f64f to remote] DEBUG org.asynchttpclient.netty.request.NettyRequestSender - Using pooled Channel '[id: 0x806eebad, L:/127.0.0.1:65219 - R:localhost/127.0.0.1:50078]' for 'GET' to 'http://localhost:50078/session/f8efa065e29c5bac5008a3cbf7c2f64f/element/aa18edc1-72c0-4a76-b2c4-45170e59b98c/name'
11:45:29.158 [Forwarding getElementTagName on session f8efa065e29c5bac5008a3cbf7c2f64f to remote] DEBUG org.asynchttpclient.netty.request.NettyRequestSender - Using open Channel [id: 0x806eebad, L:/127.0.0.1:65219 - R:localhost/127.0.0.1:50078] for GET '/session/f8efa065e29c5bac5008a3cbf7c2f64f/element/aa18edc1-72c0-4a76-b2c4-45170e59b98c/name'
11:45:29.164 [AsyncHttpClient-1-5] DEBUG org.asynchttpclient.netty.handler.HttpHandler - 

Request DefaultFullHttpRequest(decodeResult: success, version: HTTP/1.1, content: EmptyByteBufBE)
GET /session/f8efa065e29c5bac5008a3cbf7c2f64f/element/aa18edc1-72c0-4a76-b2c4-45170e59b98c/name HTTP/1.1
User-Agent: selenium/4.1.2 (java windows)
Cache-Control: no-cache
Content-Type: application/json; charset=utf-8
host: localhost:50078
accept: */*

Response DefaultHttpResponse(decodeResult: success, version: HTTP/1.1)
HTTP/1.1 200 OK
Content-Type: application/json; charset=utf-8
cache-control: no-cache
content-length: 18

11:45:29.165 [AsyncHttpClient-1-5] DEBUG org.asynchttpclient.netty.channel.ChannelManager - Adding key: http://localhost:50078 for channel [id: 0x806eebad, L:/127.0.0.1:65219 - R:localhost/127.0.0.1:50078]
11:45:29.168 [Forwarding isElementEnabled on session f8efa065e29c5bac5008a3cbf7c2f64f to remote] DEBUG org.asynchttpclient.netty.request.NettyRequestSender - Using pooled Channel '[id: 0x806eebad, L:/127.0.0.1:65219 - R:localhost/127.0.0.1:50078]' for 'GET' to 'http://localhost:50078/session/f8efa065e29c5bac5008a3cbf7c2f64f/element/aa18edc1-72c0-4a76-b2c4-45170e59b98c/enabled'
11:45:29.168 [Forwarding isElementEnabled on session f8efa065e29c5bac5008a3cbf7c2f64f to remote] DEBUG org.asynchttpclient.netty.request.NettyRequestSender - Using open Channel [id: 0x806eebad, L:/127.0.0.1:65219 - R:localhost/127.0.0.1:50078] for GET '/session/f8efa065e29c5bac5008a3cbf7c2f64f/element/aa18edc1-72c0-4a76-b2c4-45170e59b98c/enabled'
11:45:29.186 [AsyncHttpClient-1-5] DEBUG org.asynchttpclient.netty.handler.HttpHandler - 

Request DefaultFullHttpRequest(decodeResult: success, version: HTTP/1.1, content: EmptyByteBufBE)
GET /session/f8efa065e29c5bac5008a3cbf7c2f64f/element/aa18edc1-72c0-4a76-b2c4-45170e59b98c/enabled HTTP/1.1
User-Agent: selenium/4.1.2 (java windows)
Cache-Control: no-cache
Content-Type: application/json; charset=utf-8
host: localhost:50078
accept: */*

Response DefaultHttpResponse(decodeResult: success, version: HTTP/1.1)
HTTP/1.1 200 OK
Content-Type: application/json; charset=utf-8
cache-control: no-cache
content-length: 14

11:45:29.187 [AsyncHttpClient-1-5] DEBUG org.asynchttpclient.netty.channel.ChannelManager - Adding key: http://localhost:50078 for channel [id: 0x806eebad, L:/127.0.0.1:65219 - R:localhost/127.0.0.1:50078]
11:45:29.188 [Forwarding isElementEnabled on session f8efa065e29c5bac5008a3cbf7c2f64f to remote] DEBUG org.asynchttpclient.netty.request.NettyRequestSender - Using pooled Channel '[id: 0x806eebad, L:/127.0.0.1:65219 - R:localhost/127.0.0.1:50078]' for 'GET' to 'http://localhost:50078/session/f8efa065e29c5bac5008a3cbf7c2f64f/element/aa18edc1-72c0-4a76-b2c4-45170e59b98c/enabled'
11:45:29.188 [Forwarding isElementEnabled on session f8efa065e29c5bac5008a3cbf7c2f64f to remote] DEBUG org.asynchttpclient.netty.request.NettyRequestSender - Using open Channel [id: 0x806eebad, L:/127.0.0.1:65219 - R:localhost/127.0.0.1:50078] for GET '/session/f8efa065e29c5bac5008a3cbf7c2f64f/element/aa18edc1-72c0-4a76-b2c4-45170e59b98c/enabled'
11:45:29.203 [AsyncHttpClient-1-5] DEBUG org.asynchttpclient.netty.handler.HttpHandler - 

Request DefaultFullHttpRequest(decodeResult: success, version: HTTP/1.1, content: EmptyByteBufBE)
GET /session/f8efa065e29c5bac5008a3cbf7c2f64f/element/aa18edc1-72c0-4a76-b2c4-45170e59b98c/enabled HTTP/1.1
User-Agent: selenium/4.1.2 (java windows)
Cache-Control: no-cache
Content-Type: application/json; charset=utf-8
host: localhost:50078
accept: */*

Response DefaultHttpResponse(decodeResult: success, version: HTTP/1.1)
HTTP/1.1 200 OK
Content-Type: application/json; charset=utf-8
cache-control: no-cache
content-length: 14

11:45:29.204 [AsyncHttpClient-1-5] DEBUG org.asynchttpclient.netty.channel.ChannelManager - Adding key: http://localhost:50078 for channel [id: 0x806eebad, L:/127.0.0.1:65219 - R:localhost/127.0.0.1:50078]
11:45:29.206 [Forwarding findElement on session f8efa065e29c5bac5008a3cbf7c2f64f to remote] DEBUG org.asynchttpclient.netty.request.NettyRequestSender - Using pooled Channel '[id: 0x806eebad, L:/127.0.0.1:65219 - R:localhost/127.0.0.1:50078]' for 'POST' to 'http://localhost:50078/session/f8efa065e29c5bac5008a3cbf7c2f64f/element'
11:45:29.206 [Forwarding findElement on session f8efa065e29c5bac5008a3cbf7c2f64f to remote] DEBUG org.asynchttpclient.netty.request.NettyRequestSender - Using open Channel [id: 0x806eebad, L:/127.0.0.1:65219 - R:localhost/127.0.0.1:50078] for POST '/session/f8efa065e29c5bac5008a3cbf7c2f64f/element'
11:45:29.220 [AsyncHttpClient-1-5] DEBUG org.asynchttpclient.netty.handler.HttpHandler - 

Request DefaultHttpRequest(decodeResult: success, version: HTTP/1.1)
POST /session/f8efa065e29c5bac5008a3cbf7c2f64f/element HTTP/1.1
User-Agent: selenium/4.1.2 (java windows)
Content-Length: 139
Content-Type: application/json; charset=utf-8
host: localhost:50078
accept: */*

Response DefaultHttpResponse(decodeResult: success, version: HTTP/1.1)
HTTP/1.1 200 OK
Content-Type: application/json; charset=utf-8
cache-control: no-cache
content-length: 88

11:45:29.220 [AsyncHttpClient-1-5] DEBUG org.asynchttpclient.netty.channel.ChannelManager - Adding key: http://localhost:50078 for channel [id: 0x806eebad, L:/127.0.0.1:65219 - R:localhost/127.0.0.1:50078]
11:45:29.222 [Forwarding clickElement on session f8efa065e29c5bac5008a3cbf7c2f64f to remote] DEBUG org.asynchttpclient.netty.request.NettyRequestSender - Using pooled Channel '[id: 0x806eebad, L:/127.0.0.1:65219 - R:localhost/127.0.0.1:50078]' for 'POST' to 'http://localhost:50078/session/f8efa065e29c5bac5008a3cbf7c2f64f/element/aa18edc1-72c0-4a76-b2c4-45170e59b98c/click'
11:45:29.222 [Forwarding clickElement on session f8efa065e29c5bac5008a3cbf7c2f64f to remote] DEBUG org.asynchttpclient.netty.request.NettyRequestSender - Using open Channel [id: 0x806eebad, L:/127.0.0.1:65219 - R:localhost/127.0.0.1:50078] for POST '/session/f8efa065e29c5bac5008a3cbf7c2f64f/element/aa18edc1-72c0-4a76-b2c4-45170e59b98c/click'
11:45:29.276 [AsyncHttpClient-1-5] DEBUG org.asynchttpclient.netty.handler.HttpHandler - 

Request DefaultHttpRequest(decodeResult: success, version: HTTP/1.1)
POST /session/f8efa065e29c5bac5008a3cbf7c2f64f/element/aa18edc1-72c0-4a76-b2c4-45170e59b98c/click HTTP/1.1
User-Agent: selenium/4.1.2 (java windows)
Content-Length: 50
Content-Type: application/json; charset=utf-8
host: localhost:50078
accept: */*

Response DefaultHttpResponse(decodeResult: success, version: HTTP/1.1)
HTTP/1.1 200 OK
Content-Type: application/json; charset=utf-8
cache-control: no-cache
content-length: 14

11:45:29.276 [AsyncHttpClient-1-5] DEBUG org.asynchttpclient.netty.channel.ChannelManager - Adding key: http://localhost:50078 for channel [id: 0x806eebad, L:/127.0.0.1:65219 - R:localhost/127.0.0.1:50078]
11:45:29.283 [Forwarding screenshot on session f8efa065e29c5bac5008a3cbf7c2f64f to remote] DEBUG org.asynchttpclient.netty.request.NettyRequestSender - Using pooled Channel '[id: 0x806eebad, L:/127.0.0.1:65219 - R:localhost/127.0.0.1:50078]' for 'GET' to 'http://localhost:50078/session/f8efa065e29c5bac5008a3cbf7c2f64f/screenshot'
11:45:29.283 [Forwarding screenshot on session f8efa065e29c5bac5008a3cbf7c2f64f to remote] DEBUG org.asynchttpclient.netty.request.NettyRequestSender - Using open Channel [id: 0x806eebad, L:/127.0.0.1:65219 - R:localhost/127.0.0.1:50078] for GET '/session/f8efa065e29c5bac5008a3cbf7c2f64f/screenshot'
11:45:29.559 [AsyncHttpClient-1-5] DEBUG org.asynchttpclient.netty.handler.HttpHandler - 

Request DefaultFullHttpRequest(decodeResult: success, version: HTTP/1.1, content: EmptyByteBufBE)
GET /session/f8efa065e29c5bac5008a3cbf7c2f64f/screenshot HTTP/1.1
User-Agent: selenium/4.1.2 (java windows)
Cache-Control: no-cache
Content-Type: application/json; charset=utf-8
host: localhost:50078
accept: */*

Response DefaultHttpResponse(decodeResult: success, version: HTTP/1.1)
HTTP/1.1 200 OK
Content-Type: application/json; charset=utf-8
cache-control: no-cache
content-length: 26760

11:45:29.560 [AsyncHttpClient-1-5] DEBUG org.asynchttpclient.netty.channel.ChannelManager - Adding key: http://localhost:50078 for channel [id: 0x806eebad, L:/127.0.0.1:65219 - R:localhost/127.0.0.1:50078]
11:45:29.562 [main] DEBUG net.serenitybdd.core.photography.Darkroom - Send negative for processing for target\site\serenity\2a24ca74772781a6570d314644cb2406c5acd24746dd5f1dedb2b9f55dc38ea8.png
11:45:29.562 [main] DEBUG net.thucydides.core.steps.StepInterceptor - STEP DONE: clickLoginIcon
11:45:29.562 [Darkroom Processing Line] DEBUG net.serenitybdd.core.photography.DarkroomProcessingLine - Processing screenshot image in /var/screenshots/screenshot-1512511003965512527
11:45:29.562 [Darkroom Processing Line] DEBUG net.serenitybdd.core.photography.DarkroomProcessingLine - Saving screenshot to target\site\serenity\2a24ca74772781a6570d314644cb2406c5acd24746dd5f1dedb2b9f55dc38ea8.png
11:45:29.566 [main] DEBUG net.thucydides.core.steps.StepInterceptor - STARTING STEP: RegisterSteps.ontheLoginPage - clickRegister
11:45:29.569 [Forwarding findElement on session f8efa065e29c5bac5008a3cbf7c2f64f to remote] DEBUG org.asynchttpclient.netty.request.NettyRequestSender - Using pooled Channel '[id: 0x806eebad, L:/127.0.0.1:65219 - R:localhost/127.0.0.1:50078]' for 'POST' to 'http://localhost:50078/session/f8efa065e29c5bac5008a3cbf7c2f64f/element'
11:45:29.569 [Forwarding findElement on session f8efa065e29c5bac5008a3cbf7c2f64f to remote] DEBUG org.asynchttpclient.netty.request.NettyRequestSender - Using open Channel [id: 0x806eebad, L:/127.0.0.1:65219 - R:localhost/127.0.0.1:50078] for POST '/session/f8efa065e29c5bac5008a3cbf7c2f64f/element'
11:45:29.606 [AsyncHttpClient-1-5] DEBUG org.asynchttpclient.netty.handler.HttpHandler - 

Request DefaultHttpRequest(decodeResult: success, version: HTTP/1.1)
POST /session/f8efa065e29c5bac5008a3cbf7c2f64f/element HTTP/1.1
User-Agent: selenium/4.1.2 (java windows)
Content-Length: 79
Content-Type: application/json; charset=utf-8
host: localhost:50078
accept: */*

Response DefaultHttpResponse(decodeResult: success, version: HTTP/1.1)
HTTP/1.1 200 OK
Content-Type: application/json; charset=utf-8
cache-control: no-cache
content-length: 88

11:45:29.607 [AsyncHttpClient-1-5] DEBUG org.asynchttpclient.netty.channel.ChannelManager - Adding key: http://localhost:50078 for channel [id: 0x806eebad, L:/127.0.0.1:65219 - R:localhost/127.0.0.1:50078]
11:45:29.608 [Forwarding getElementTagName on session f8efa065e29c5bac5008a3cbf7c2f64f to remote] DEBUG org.asynchttpclient.netty.request.NettyRequestSender - Using pooled Channel '[id: 0x806eebad, L:/127.0.0.1:65219 - R:localhost/127.0.0.1:50078]' for 'GET' to 'http://localhost:50078/session/f8efa065e29c5bac5008a3cbf7c2f64f/element/03dfe7a6-7679-4c39-8080-868406aed4c9/name'
11:45:29.608 [Forwarding getElementTagName on session f8efa065e29c5bac5008a3cbf7c2f64f to remote] DEBUG org.asynchttpclient.netty.request.NettyRequestSender - Using open Channel [id: 0x806eebad, L:/127.0.0.1:65219 - R:localhost/127.0.0.1:50078] for GET '/session/f8efa065e29c5bac5008a3cbf7c2f64f/element/03dfe7a6-7679-4c39-8080-868406aed4c9/name'
11:45:29.623 [AsyncHttpClient-1-5] DEBUG org.asynchttpclient.netty.handler.HttpHandler - 

Request DefaultFullHttpRequest(decodeResult: success, version: HTTP/1.1, content: EmptyByteBufBE)
GET /session/f8efa065e29c5bac5008a3cbf7c2f64f/element/03dfe7a6-7679-4c39-8080-868406aed4c9/name HTTP/1.1
User-Agent: selenium/4.1.2 (java windows)
Cache-Control: no-cache
Content-Type: application/json; charset=utf-8
host: localhost:50078
accept: */*

Response DefaultHttpResponse(decodeResult: success, version: HTTP/1.1)
HTTP/1.1 200 OK
Content-Type: application/json; charset=utf-8
cache-control: no-cache
content-length: 13

11:45:29.623 [AsyncHttpClient-1-5] DEBUG org.asynchttpclient.netty.channel.ChannelManager - Adding key: http://localhost:50078 for channel [id: 0x806eebad, L:/127.0.0.1:65219 - R:localhost/127.0.0.1:50078]
11:45:29.625 [Forwarding getElementTagName on session f8efa065e29c5bac5008a3cbf7c2f64f to remote] DEBUG org.asynchttpclient.netty.request.NettyRequestSender - Using pooled Channel '[id: 0x806eebad, L:/127.0.0.1:65219 - R:localhost/127.0.0.1:50078]' for 'GET' to 'http://localhost:50078/session/f8efa065e29c5bac5008a3cbf7c2f64f/element/03dfe7a6-7679-4c39-8080-868406aed4c9/name'
11:45:29.625 [Forwarding getElementTagName on session f8efa065e29c5bac5008a3cbf7c2f64f to remote] DEBUG org.asynchttpclient.netty.request.NettyRequestSender - Using open Channel [id: 0x806eebad, L:/127.0.0.1:65219 - R:localhost/127.0.0.1:50078] for GET '/session/f8efa065e29c5bac5008a3cbf7c2f64f/element/03dfe7a6-7679-4c39-8080-868406aed4c9/name'
11:45:29.637 [AsyncHttpClient-1-5] DEBUG org.asynchttpclient.netty.handler.HttpHandler - 

Request DefaultFullHttpRequest(decodeResult: success, version: HTTP/1.1, content: EmptyByteBufBE)
GET /session/f8efa065e29c5bac5008a3cbf7c2f64f/element/03dfe7a6-7679-4c39-8080-868406aed4c9/name HTTP/1.1
User-Agent: selenium/4.1.2 (java windows)
Cache-Control: no-cache
Content-Type: application/json; charset=utf-8
host: localhost:50078
accept: */*

Response DefaultHttpResponse(decodeResult: success, version: HTTP/1.1)
HTTP/1.1 200 OK
Content-Type: application/json; charset=utf-8
cache-control: no-cache
content-length: 13

11:45:29.637 [AsyncHttpClient-1-5] DEBUG org.asynchttpclient.netty.channel.ChannelManager - Adding key: http://localhost:50078 for channel [id: 0x806eebad, L:/127.0.0.1:65219 - R:localhost/127.0.0.1:50078]
11:45:29.640 [Forwarding findElement on session f8efa065e29c5bac5008a3cbf7c2f64f to remote] DEBUG org.asynchttpclient.netty.request.NettyRequestSender - Using pooled Channel '[id: 0x806eebad, L:/127.0.0.1:65219 - R:localhost/127.0.0.1:50078]' for 'POST' to 'http://localhost:50078/session/f8efa065e29c5bac5008a3cbf7c2f64f/element'
11:45:29.640 [Forwarding findElement on session f8efa065e29c5bac5008a3cbf7c2f64f to remote] DEBUG org.asynchttpclient.netty.request.NettyRequestSender - Using open Channel [id: 0x806eebad, L:/127.0.0.1:65219 - R:localhost/127.0.0.1:50078] for POST '/session/f8efa065e29c5bac5008a3cbf7c2f64f/element'
11:45:29.660 [AsyncHttpClient-1-5] DEBUG org.asynchttpclient.netty.handler.HttpHandler - 

Request DefaultHttpRequest(decodeResult: success, version: HTTP/1.1)
POST /session/f8efa065e29c5bac5008a3cbf7c2f64f/element HTTP/1.1
User-Agent: selenium/4.1.2 (java windows)
Content-Length: 79
Content-Type: application/json; charset=utf-8
host: localhost:50078
accept: */*

Response DefaultHttpResponse(decodeResult: success, version: HTTP/1.1)
HTTP/1.1 200 OK
Content-Type: application/json; charset=utf-8
cache-control: no-cache
content-length: 88

11:45:29.660 [AsyncHttpClient-1-5] DEBUG org.asynchttpclient.netty.channel.ChannelManager - Adding key: http://localhost:50078 for channel [id: 0x806eebad, L:/127.0.0.1:65219 - R:localhost/127.0.0.1:50078]
11:45:29.662 [Forwarding clickElement on session f8efa065e29c5bac5008a3cbf7c2f64f to remote] DEBUG org.asynchttpclient.netty.request.NettyRequestSender - Using pooled Channel '[id: 0x806eebad, L:/127.0.0.1:65219 - R:localhost/127.0.0.1:50078]' for 'POST' to 'http://localhost:50078/session/f8efa065e29c5bac5008a3cbf7c2f64f/element/03dfe7a6-7679-4c39-8080-868406aed4c9/click'
11:45:29.662 [Forwarding clickElement on session f8efa065e29c5bac5008a3cbf7c2f64f to remote] DEBUG org.asynchttpclient.netty.request.NettyRequestSender - Using open Channel [id: 0x806eebad, L:/127.0.0.1:65219 - R:localhost/127.0.0.1:50078] for POST '/session/f8efa065e29c5bac5008a3cbf7c2f64f/element/03dfe7a6-7679-4c39-8080-868406aed4c9/click'
11:45:29.731 [AsyncHttpClient-1-5] DEBUG org.asynchttpclient.netty.handler.HttpHandler - 

Request DefaultHttpRequest(decodeResult: success, version: HTTP/1.1)
POST /session/f8efa065e29c5bac5008a3cbf7c2f64f/element/03dfe7a6-7679-4c39-8080-868406aed4c9/click HTTP/1.1
User-Agent: selenium/4.1.2 (java windows)
Content-Length: 50
Content-Type: application/json; charset=utf-8
host: localhost:50078
accept: */*

Response DefaultHttpResponse(decodeResult: success, version: HTTP/1.1)
HTTP/1.1 200 OK
Content-Type: application/json; charset=utf-8
cache-control: no-cache
content-length: 14

11:45:29.731 [AsyncHttpClient-1-5] DEBUG org.asynchttpclient.netty.channel.ChannelManager - Adding key: http://localhost:50078 for channel [id: 0x806eebad, L:/127.0.0.1:65219 - R:localhost/127.0.0.1:50078]
11:45:29.737 [Forwarding screenshot on session f8efa065e29c5bac5008a3cbf7c2f64f to remote] DEBUG org.asynchttpclient.netty.request.NettyRequestSender - Using pooled Channel '[id: 0x806eebad, L:/127.0.0.1:65219 - R:localhost/127.0.0.1:50078]' for 'GET' to 'http://localhost:50078/session/f8efa065e29c5bac5008a3cbf7c2f64f/screenshot'
11:45:29.737 [Forwarding screenshot on session f8efa065e29c5bac5008a3cbf7c2f64f to remote] DEBUG org.asynchttpclient.netty.request.NettyRequestSender - Using open Channel [id: 0x806eebad, L:/127.0.0.1:65219 - R:localhost/127.0.0.1:50078] for GET '/session/f8efa065e29c5bac5008a3cbf7c2f64f/screenshot'
11:45:29.927 [AsyncHttpClient-1-5] DEBUG org.asynchttpclient.netty.handler.HttpHandler - 

Request DefaultFullHttpRequest(decodeResult: success, version: HTTP/1.1, content: EmptyByteBufBE)
GET /session/f8efa065e29c5bac5008a3cbf7c2f64f/screenshot HTTP/1.1
User-Agent: selenium/4.1.2 (java windows)
Cache-Control: no-cache
Content-Type: application/json; charset=utf-8
host: localhost:50078
accept: */*

Response DefaultHttpResponse(decodeResult: success, version: HTTP/1.1)
HTTP/1.1 200 OK
Content-Type: application/json; charset=utf-8
cache-control: no-cache
content-length: 30628

11:45:29.928 [AsyncHttpClient-1-5] DEBUG org.asynchttpclient.netty.channel.ChannelManager - Adding key: http://localhost:50078 for channel [id: 0x806eebad, L:/127.0.0.1:65219 - R:localhost/127.0.0.1:50078]
11:45:29.930 [main] DEBUG net.serenitybdd.core.photography.Darkroom - Send negative for processing for target\site\serenity\de835b8ac14aec878f5d733794acc3935ad77f6dc4d50834d272e81cddebe067.png
11:45:29.930 [main] DEBUG net.thucydides.core.steps.StepInterceptor - STEP DONE: clickRegister
11:45:29.930 [Darkroom Processing Line] DEBUG net.serenitybdd.core.photography.DarkroomProcessingLine - Processing screenshot image in /var/screenshots/screenshot-9331005737894077869
11:45:29.930 [Darkroom Processing Line] DEBUG net.serenitybdd.core.photography.DarkroomProcessingLine - Saving screenshot to target\site\serenity\de835b8ac14aec878f5d733794acc3935ad77f6dc4d50834d272e81cddebe067.png
11:45:29.934 [main] DEBUG net.thucydides.core.steps.StepInterceptor - STARTING STEP: RegisterSteps.ontheLoginPage - clickRegisterIcon
11:45:29.937 [Forwarding findElement on session f8efa065e29c5bac5008a3cbf7c2f64f to remote] DEBUG org.asynchttpclient.netty.request.NettyRequestSender - Using pooled Channel '[id: 0x806eebad, L:/127.0.0.1:65219 - R:localhost/127.0.0.1:50078]' for 'POST' to 'http://localhost:50078/session/f8efa065e29c5bac5008a3cbf7c2f64f/element'
11:45:29.937 [Forwarding findElement on session f8efa065e29c5bac5008a3cbf7c2f64f to remote] DEBUG org.asynchttpclient.netty.request.NettyRequestSender - Using open Channel [id: 0x806eebad, L:/127.0.0.1:65219 - R:localhost/127.0.0.1:50078] for POST '/session/f8efa065e29c5bac5008a3cbf7c2f64f/element'
11:45:29.948 [AsyncHttpClient-1-5] DEBUG org.asynchttpclient.netty.handler.HttpHandler - 

Request DefaultHttpRequest(decodeResult: success, version: HTTP/1.1)
POST /session/f8efa065e29c5bac5008a3cbf7c2f64f/element HTTP/1.1
User-Agent: selenium/4.1.2 (java windows)
Content-Length: 151
Content-Type: application/json; charset=utf-8
host: localhost:50078
accept: */*

Response DefaultHttpResponse(decodeResult: success, version: HTTP/1.1)
HTTP/1.1 200 OK
Content-Type: application/json; charset=utf-8
cache-control: no-cache
content-length: 88

11:45:29.948 [AsyncHttpClient-1-5] DEBUG org.asynchttpclient.netty.channel.ChannelManager - Adding key: http://localhost:50078 for channel [id: 0x806eebad, L:/127.0.0.1:65219 - R:localhost/127.0.0.1:50078]
11:45:29.950 [Forwarding getElementTagName on session f8efa065e29c5bac5008a3cbf7c2f64f to remote] DEBUG org.asynchttpclient.netty.request.NettyRequestSender - Using pooled Channel '[id: 0x806eebad, L:/127.0.0.1:65219 - R:localhost/127.0.0.1:50078]' for 'GET' to 'http://localhost:50078/session/f8efa065e29c5bac5008a3cbf7c2f64f/element/987f0252-3c2e-4748-91e8-4236062fb2ff/name'
11:45:29.950 [Forwarding getElementTagName on session f8efa065e29c5bac5008a3cbf7c2f64f to remote] DEBUG org.asynchttpclient.netty.request.NettyRequestSender - Using open Channel [id: 0x806eebad, L:/127.0.0.1:65219 - R:localhost/127.0.0.1:50078] for GET '/session/f8efa065e29c5bac5008a3cbf7c2f64f/element/987f0252-3c2e-4748-91e8-4236062fb2ff/name'
11:45:29.955 [AsyncHttpClient-1-5] DEBUG org.asynchttpclient.netty.handler.HttpHandler - 

Request DefaultFullHttpRequest(decodeResult: success, version: HTTP/1.1, content: EmptyByteBufBE)
GET /session/f8efa065e29c5bac5008a3cbf7c2f64f/element/987f0252-3c2e-4748-91e8-4236062fb2ff/name HTTP/1.1
User-Agent: selenium/4.1.2 (java windows)
Cache-Control: no-cache
Content-Type: application/json; charset=utf-8
host: localhost:50078
accept: */*

Response DefaultHttpResponse(decodeResult: success, version: HTTP/1.1)
HTTP/1.1 200 OK
Content-Type: application/json; charset=utf-8
cache-control: no-cache
content-length: 18

11:45:29.955 [AsyncHttpClient-1-5] DEBUG org.asynchttpclient.netty.channel.ChannelManager - Adding key: http://localhost:50078 for channel [id: 0x806eebad, L:/127.0.0.1:65219 - R:localhost/127.0.0.1:50078]
11:45:29.957 [Forwarding getElementTagName on session f8efa065e29c5bac5008a3cbf7c2f64f to remote] DEBUG org.asynchttpclient.netty.request.NettyRequestSender - Using pooled Channel '[id: 0x806eebad, L:/127.0.0.1:65219 - R:localhost/127.0.0.1:50078]' for 'GET' to 'http://localhost:50078/session/f8efa065e29c5bac5008a3cbf7c2f64f/element/987f0252-3c2e-4748-91e8-4236062fb2ff/name'
11:45:29.957 [Forwarding getElementTagName on session f8efa065e29c5bac5008a3cbf7c2f64f to remote] DEBUG org.asynchttpclient.netty.request.NettyRequestSender - Using open Channel [id: 0x806eebad, L:/127.0.0.1:65219 - R:localhost/127.0.0.1:50078] for GET '/session/f8efa065e29c5bac5008a3cbf7c2f64f/element/987f0252-3c2e-4748-91e8-4236062fb2ff/name'
11:45:29.960 [AsyncHttpClient-1-5] DEBUG org.asynchttpclient.netty.handler.HttpHandler - 

Request DefaultFullHttpRequest(decodeResult: success, version: HTTP/1.1, content: EmptyByteBufBE)
GET /session/f8efa065e29c5bac5008a3cbf7c2f64f/element/987f0252-3c2e-4748-91e8-4236062fb2ff/name HTTP/1.1
User-Agent: selenium/4.1.2 (java windows)
Cache-Control: no-cache
Content-Type: application/json; charset=utf-8
host: localhost:50078
accept: */*

Response DefaultHttpResponse(decodeResult: success, version: HTTP/1.1)
HTTP/1.1 200 OK
Content-Type: application/json; charset=utf-8
cache-control: no-cache
content-length: 18

11:45:29.960 [AsyncHttpClient-1-5] DEBUG org.asynchttpclient.netty.channel.ChannelManager - Adding key: http://localhost:50078 for channel [id: 0x806eebad, L:/127.0.0.1:65219 - R:localhost/127.0.0.1:50078]
11:45:29.962 [Forwarding isElementEnabled on session f8efa065e29c5bac5008a3cbf7c2f64f to remote] DEBUG org.asynchttpclient.netty.request.NettyRequestSender - Using pooled Channel '[id: 0x806eebad, L:/127.0.0.1:65219 - R:localhost/127.0.0.1:50078]' for 'GET' to 'http://localhost:50078/session/f8efa065e29c5bac5008a3cbf7c2f64f/element/987f0252-3c2e-4748-91e8-4236062fb2ff/enabled'
11:45:29.962 [Forwarding isElementEnabled on session f8efa065e29c5bac5008a3cbf7c2f64f to remote] DEBUG org.asynchttpclient.netty.request.NettyRequestSender - Using open Channel [id: 0x806eebad, L:/127.0.0.1:65219 - R:localhost/127.0.0.1:50078] for GET '/session/f8efa065e29c5bac5008a3cbf7c2f64f/element/987f0252-3c2e-4748-91e8-4236062fb2ff/enabled'
11:45:29.971 [AsyncHttpClient-1-5] DEBUG org.asynchttpclient.netty.handler.HttpHandler - 

Request DefaultFullHttpRequest(decodeResult: success, version: HTTP/1.1, content: EmptyByteBufBE)
GET /session/f8efa065e29c5bac5008a3cbf7c2f64f/element/987f0252-3c2e-4748-91e8-4236062fb2ff/enabled HTTP/1.1
User-Agent: selenium/4.1.2 (java windows)
Cache-Control: no-cache
Content-Type: application/json; charset=utf-8
host: localhost:50078
accept: */*

Response DefaultHttpResponse(decodeResult: success, version: HTTP/1.1)
HTTP/1.1 200 OK
Content-Type: application/json; charset=utf-8
cache-control: no-cache
content-length: 14

11:45:29.971 [AsyncHttpClient-1-5] DEBUG org.asynchttpclient.netty.channel.ChannelManager - Adding key: http://localhost:50078 for channel [id: 0x806eebad, L:/127.0.0.1:65219 - R:localhost/127.0.0.1:50078]
11:45:29.973 [Forwarding isElementEnabled on session f8efa065e29c5bac5008a3cbf7c2f64f to remote] DEBUG org.asynchttpclient.netty.request.NettyRequestSender - Using pooled Channel '[id: 0x806eebad, L:/127.0.0.1:65219 - R:localhost/127.0.0.1:50078]' for 'GET' to 'http://localhost:50078/session/f8efa065e29c5bac5008a3cbf7c2f64f/element/987f0252-3c2e-4748-91e8-4236062fb2ff/enabled'
11:45:29.973 [Forwarding isElementEnabled on session f8efa065e29c5bac5008a3cbf7c2f64f to remote] DEBUG org.asynchttpclient.netty.request.NettyRequestSender - Using open Channel [id: 0x806eebad, L:/127.0.0.1:65219 - R:localhost/127.0.0.1:50078] for GET '/session/f8efa065e29c5bac5008a3cbf7c2f64f/element/987f0252-3c2e-4748-91e8-4236062fb2ff/enabled'
11:45:29.978 [AsyncHttpClient-1-5] DEBUG org.asynchttpclient.netty.handler.HttpHandler - 

Request DefaultFullHttpRequest(decodeResult: success, version: HTTP/1.1, content: EmptyByteBufBE)
GET /session/f8efa065e29c5bac5008a3cbf7c2f64f/element/987f0252-3c2e-4748-91e8-4236062fb2ff/enabled HTTP/1.1
User-Agent: selenium/4.1.2 (java windows)
Cache-Control: no-cache
Content-Type: application/json; charset=utf-8
host: localhost:50078
accept: */*

Response DefaultHttpResponse(decodeResult: success, version: HTTP/1.1)
HTTP/1.1 200 OK
Content-Type: application/json; charset=utf-8
cache-control: no-cache
content-length: 14

11:45:29.978 [AsyncHttpClient-1-5] DEBUG org.asynchttpclient.netty.channel.ChannelManager - Adding key: http://localhost:50078 for channel [id: 0x806eebad, L:/127.0.0.1:65219 - R:localhost/127.0.0.1:50078]
11:45:29.980 [Forwarding findElement on session f8efa065e29c5bac5008a3cbf7c2f64f to remote] DEBUG org.asynchttpclient.netty.request.NettyRequestSender - Using pooled Channel '[id: 0x806eebad, L:/127.0.0.1:65219 - R:localhost/127.0.0.1:50078]' for 'POST' to 'http://localhost:50078/session/f8efa065e29c5bac5008a3cbf7c2f64f/element'
11:45:29.981 [Forwarding findElement on session f8efa065e29c5bac5008a3cbf7c2f64f to remote] DEBUG org.asynchttpclient.netty.request.NettyRequestSender - Using open Channel [id: 0x806eebad, L:/127.0.0.1:65219 - R:localhost/127.0.0.1:50078] for POST '/session/f8efa065e29c5bac5008a3cbf7c2f64f/element'
11:45:29.988 [AsyncHttpClient-1-5] DEBUG org.asynchttpclient.netty.handler.HttpHandler - 

Request DefaultHttpRequest(decodeResult: success, version: HTTP/1.1)
POST /session/f8efa065e29c5bac5008a3cbf7c2f64f/element HTTP/1.1
User-Agent: selenium/4.1.2 (java windows)
Content-Length: 151
Content-Type: application/json; charset=utf-8
host: localhost:50078
accept: */*

Response DefaultHttpResponse(decodeResult: success, version: HTTP/1.1)
HTTP/1.1 200 OK
Content-Type: application/json; charset=utf-8
cache-control: no-cache
content-length: 88

11:45:29.988 [AsyncHttpClient-1-5] DEBUG org.asynchttpclient.netty.channel.ChannelManager - Adding key: http://localhost:50078 for channel [id: 0x806eebad, L:/127.0.0.1:65219 - R:localhost/127.0.0.1:50078]
11:45:29.990 [Forwarding clickElement on session f8efa065e29c5bac5008a3cbf7c2f64f to remote] DEBUG org.asynchttpclient.netty.request.NettyRequestSender - Using pooled Channel '[id: 0x806eebad, L:/127.0.0.1:65219 - R:localhost/127.0.0.1:50078]' for 'POST' to 'http://localhost:50078/session/f8efa065e29c5bac5008a3cbf7c2f64f/element/987f0252-3c2e-4748-91e8-4236062fb2ff/click'
11:45:29.990 [Forwarding clickElement on session f8efa065e29c5bac5008a3cbf7c2f64f to remote] DEBUG org.asynchttpclient.netty.request.NettyRequestSender - Using open Channel [id: 0x806eebad, L:/127.0.0.1:65219 - R:localhost/127.0.0.1:50078] for POST '/session/f8efa065e29c5bac5008a3cbf7c2f64f/element/987f0252-3c2e-4748-91e8-4236062fb2ff/click'
11:45:30.029 [AsyncHttpClient-1-5] DEBUG org.asynchttpclient.netty.handler.HttpHandler - 

Request DefaultHttpRequest(decodeResult: success, version: HTTP/1.1)
POST /session/f8efa065e29c5bac5008a3cbf7c2f64f/element/987f0252-3c2e-4748-91e8-4236062fb2ff/click HTTP/1.1
User-Agent: selenium/4.1.2 (java windows)
Content-Length: 50
Content-Type: application/json; charset=utf-8
host: localhost:50078
accept: */*

Response DefaultHttpResponse(decodeResult: success, version: HTTP/1.1)
HTTP/1.1 200 OK
Content-Type: application/json; charset=utf-8
cache-control: no-cache
content-length: 14

11:45:30.029 [AsyncHttpClient-1-5] DEBUG org.asynchttpclient.netty.channel.ChannelManager - Adding key: http://localhost:50078 for channel [id: 0x806eebad, L:/127.0.0.1:65219 - R:localhost/127.0.0.1:50078]
11:45:30.034 [Forwarding screenshot on session f8efa065e29c5bac5008a3cbf7c2f64f to remote] DEBUG org.asynchttpclient.netty.request.NettyRequestSender - Using pooled Channel '[id: 0x806eebad, L:/127.0.0.1:65219 - R:localhost/127.0.0.1:50078]' for 'GET' to 'http://localhost:50078/session/f8efa065e29c5bac5008a3cbf7c2f64f/screenshot'
11:45:30.035 [Forwarding screenshot on session f8efa065e29c5bac5008a3cbf7c2f64f to remote] DEBUG org.asynchttpclient.netty.request.NettyRequestSender - Using open Channel [id: 0x806eebad, L:/127.0.0.1:65219 - R:localhost/127.0.0.1:50078] for GET '/session/f8efa065e29c5bac5008a3cbf7c2f64f/screenshot'
11:45:30.219 [AsyncHttpClient-1-1] DEBUG org.asynchttpclient.netty.channel.DefaultChannelPool - Entry count for : http://localhost:65220 : 1
11:45:30.225 [AsyncHttpClient-1-5] DEBUG org.asynchttpclient.netty.handler.HttpHandler - 

Request DefaultFullHttpRequest(decodeResult: success, version: HTTP/1.1, content: EmptyByteBufBE)
GET /session/f8efa065e29c5bac5008a3cbf7c2f64f/screenshot HTTP/1.1
User-Agent: selenium/4.1.2 (java windows)
Cache-Control: no-cache
Content-Type: application/json; charset=utf-8
host: localhost:50078
accept: */*

Response DefaultHttpResponse(decodeResult: success, version: HTTP/1.1)
HTTP/1.1 200 OK
Content-Type: application/json; charset=utf-8
cache-control: no-cache
content-length: 32048

11:45:30.226 [AsyncHttpClient-1-5] DEBUG org.asynchttpclient.netty.channel.ChannelManager - Adding key: http://localhost:50078 for channel [id: 0x806eebad, L:/127.0.0.1:65219 - R:localhost/127.0.0.1:50078]
11:45:30.228 [main] DEBUG net.serenitybdd.core.photography.Darkroom - Send negative for processing for target\site\serenity\fc5273e064fbed5479fac2872c5b259e410b117949144f421d681730bc3a815c.png
11:45:30.228 [main] DEBUG net.thucydides.core.steps.StepInterceptor - STEP DONE: clickRegisterIcon
11:45:30.228 [Darkroom Processing Line] DEBUG net.serenitybdd.core.photography.DarkroomProcessingLine - Processing screenshot image in /var/screenshots/screenshot-8138877780422967627
11:45:30.228 [Darkroom Processing Line] DEBUG net.serenitybdd.core.photography.DarkroomProcessingLine - Saving screenshot to target\site\serenity\fc5273e064fbed5479fac2872c5b259e410b117949144f421d681730bc3a815c.png
11:45:30.232 [main] DEBUG net.thucydides.core.steps.StepInterceptor - STARTING STEP: RegisterSteps.ontheLoginPage - validateonLoginPage
11:45:30.234 [Forwarding findElement on session f8efa065e29c5bac5008a3cbf7c2f64f to remote] DEBUG org.asynchttpclient.netty.request.NettyRequestSender - Using pooled Channel '[id: 0x806eebad, L:/127.0.0.1:65219 - R:localhost/127.0.0.1:50078]' for 'POST' to 'http://localhost:50078/session/f8efa065e29c5bac5008a3cbf7c2f64f/element'
11:45:30.234 [Forwarding findElement on session f8efa065e29c5bac5008a3cbf7c2f64f to remote] DEBUG org.asynchttpclient.netty.request.NettyRequestSender - Using open Channel [id: 0x806eebad, L:/127.0.0.1:65219 - R:localhost/127.0.0.1:50078] for POST '/session/f8efa065e29c5bac5008a3cbf7c2f64f/element'
11:45:30.249 [AsyncHttpClient-1-5] DEBUG org.asynchttpclient.netty.handler.HttpHandler - 

Request DefaultHttpRequest(decodeResult: success, version: HTTP/1.1)
POST /session/f8efa065e29c5bac5008a3cbf7c2f64f/element HTTP/1.1
User-Agent: selenium/4.1.2 (java windows)
Content-Length: 102
Content-Type: application/json; charset=utf-8
host: localhost:50078
accept: */*

Response DefaultHttpResponse(decodeResult: success, version: HTTP/1.1)
HTTP/1.1 200 OK
Content-Type: application/json; charset=utf-8
cache-control: no-cache
content-length: 88

11:45:30.249 [AsyncHttpClient-1-5] DEBUG org.asynchttpclient.netty.channel.ChannelManager - Adding key: http://localhost:50078 for channel [id: 0x806eebad, L:/127.0.0.1:65219 - R:localhost/127.0.0.1:50078]
11:45:30.253 [Forwarding isElementDisplayed on session f8efa065e29c5bac5008a3cbf7c2f64f to remote] DEBUG org.asynchttpclient.netty.request.NettyRequestSender - Using pooled Channel '[id: 0x806eebad, L:/127.0.0.1:65219 - R:localhost/127.0.0.1:50078]' for 'POST' to 'http://localhost:50078/session/f8efa065e29c5bac5008a3cbf7c2f64f/execute/sync'
11:45:30.253 [Forwarding isElementDisplayed on session f8efa065e29c5bac5008a3cbf7c2f64f to remote] DEBUG org.asynchttpclient.netty.request.NettyRequestSender - Using open Channel [id: 0x806eebad, L:/127.0.0.1:65219 - R:localhost/127.0.0.1:50078] for POST '/session/f8efa065e29c5bac5008a3cbf7c2f64f/execute/sync'
11:45:30.271 [AsyncHttpClient-1-5] DEBUG org.asynchttpclient.netty.handler.HttpHandler - 

Request DefaultHttpRequest(decodeResult: success, version: HTTP/1.1)
POST /session/f8efa065e29c5bac5008a3cbf7c2f64f/execute/sync HTTP/1.1
User-Agent: selenium/4.1.2 (java windows)
Content-Length: 48780
Content-Type: application/json; charset=utf-8
host: localhost:50078
accept: */*

Response DefaultHttpResponse(decodeResult: success, version: HTTP/1.1)
HTTP/1.1 200 OK
Content-Type: application/json; charset=utf-8
cache-control: no-cache
content-length: 14

11:45:30.271 [AsyncHttpClient-1-5] DEBUG org.asynchttpclient.netty.channel.ChannelManager - Adding key: http://localhost:50078 for channel [id: 0x806eebad, L:/127.0.0.1:65219 - R:localhost/127.0.0.1:50078]
11:45:30.275 [main] DEBUG net.thucydides.core.steps.StepInterceptor - STEP DONE: validateonLoginPage
  &amp#27;[32mGiven &amp#27;[0m&amp#27;[32muser on register page&amp#27;[0m                      &amp#27;[90m# starter.definitions.RegisterSteps.ontheLoginPage()&amp#27;[0m
11:45:30.279 [Forwarding screenshot on session f8efa065e29c5bac5008a3cbf7c2f64f to remote] DEBUG org.asynchttpclient.netty.request.NettyRequestSender - Using pooled Channel '[id: 0x806eebad, L:/127.0.0.1:65219 - R:localhost/127.0.0.1:50078]' for 'GET' to 'http://localhost:50078/session/f8efa065e29c5bac5008a3cbf7c2f64f/screenshot'
11:45:30.279 [Forwarding screenshot on session f8efa065e29c5bac5008a3cbf7c2f64f to remote] DEBUG org.asynchttpclient.netty.request.NettyRequestSender - Using open Channel [id: 0x806eebad, L:/127.0.0.1:65219 - R:localhost/127.0.0.1:50078] for GET '/session/f8efa065e29c5bac5008a3cbf7c2f64f/screenshot'
11:45:30.464 [AsyncHttpClient-1-5] DEBUG org.asynchttpclient.netty.handler.HttpHandler - 

Request DefaultFullHttpRequest(decodeResult: success, version: HTTP/1.1, content: EmptyByteBufBE)
GET /session/f8efa065e29c5bac5008a3cbf7c2f64f/screenshot HTTP/1.1
User-Agent: selenium/4.1.2 (java windows)
Cache-Control: no-cache
Content-Type: application/json; charset=utf-8
host: localhost:50078
accept: */*

Response DefaultHttpResponse(decodeResult: success, version: HTTP/1.1)
HTTP/1.1 200 OK
Content-Type: application/json; charset=utf-8
cache-control: no-cache
content-length: 31380

11:45:30.465 [AsyncHttpClient-1-5] DEBUG org.asynchttpclient.netty.channel.ChannelManager - Adding key: http://localhost:50078 for channel [id: 0x806eebad, L:/127.0.0.1:65219 - R:localhost/127.0.0.1:50078]
11:45:30.466 [main] DEBUG net.serenitybdd.core.photography.Darkroom - Send negative for processing for target\site\serenity\d28bfb7e9f878649d27257e4ffa9485f5bed504abd594bdff3855debdacaf7a2.png
11:45:30.467 [Darkroom Processing Line] DEBUG net.serenitybdd.core.photography.DarkroomProcessingLine - Processing screenshot image in /var/screenshots/screenshot-12824201175213355478
11:45:30.467 [Darkroom Processing Line] DEBUG net.serenitybdd.core.photography.DarkroomProcessingLine - Saving screenshot to target\site\serenity\d28bfb7e9f878649d27257e4ffa9485f5bed504abd594bdff3855debdacaf7a2.png
11:45:30.475 [main] DEBUG net.thucydides.core.steps.StepInterceptor - STARTING STEP: RegisterSteps.ValidFullname - inputFullName
11:45:30.477 [Forwarding findElement on session f8efa065e29c5bac5008a3cbf7c2f64f to remote] DEBUG org.asynchttpclient.netty.request.NettyRequestSender - Using pooled Channel '[id: 0x806eebad, L:/127.0.0.1:65219 - R:localhost/127.0.0.1:50078]' for 'POST' to 'http://localhost:50078/session/f8efa065e29c5bac5008a3cbf7c2f64f/element'
11:45:30.478 [Forwarding findElement on session f8efa065e29c5bac5008a3cbf7c2f64f to remote] DEBUG org.asynchttpclient.netty.request.NettyRequestSender - Using open Channel [id: 0x806eebad, L:/127.0.0.1:65219 - R:localhost/127.0.0.1:50078] for POST '/session/f8efa065e29c5bac5008a3cbf7c2f64f/element'
11:45:30.493 [AsyncHttpClient-1-5] DEBUG org.asynchttpclient.netty.handler.HttpHandler - 

Request DefaultHttpRequest(decodeResult: success, version: HTTP/1.1)
POST /session/f8efa065e29c5bac5008a3cbf7c2f64f/element HTTP/1.1
User-Agent: selenium/4.1.2 (java windows)
Content-Length: 117
Content-Type: application/json; charset=utf-8
host: localhost:50078
accept: */*

Response DefaultHttpResponse(decodeResult: success, version: HTTP/1.1)
HTTP/1.1 200 OK
Content-Type: application/json; charset=utf-8
cache-control: no-cache
content-length: 88

11:45:30.493 [AsyncHttpClient-1-5] DEBUG org.asynchttpclient.netty.channel.ChannelManager - Adding key: http://localhost:50078 for channel [id: 0x806eebad, L:/127.0.0.1:65219 - R:localhost/127.0.0.1:50078]
11:45:30.494 [Forwarding clearElement on session f8efa065e29c5bac5008a3cbf7c2f64f to remote] DEBUG org.asynchttpclient.netty.request.NettyRequestSender - Using pooled Channel '[id: 0x806eebad, L:/127.0.0.1:65219 - R:localhost/127.0.0.1:50078]' for 'POST' to 'http://localhost:50078/session/f8efa065e29c5bac5008a3cbf7c2f64f/element/4879ba18-fd3d-42c0-9ccf-f47b4496337b/clear'
11:45:30.494 [Forwarding clearElement on session f8efa065e29c5bac5008a3cbf7c2f64f to remote] DEBUG org.asynchttpclient.netty.request.NettyRequestSender - Using open Channel [id: 0x806eebad, L:/127.0.0.1:65219 - R:localhost/127.0.0.1:50078] for POST '/session/f8efa065e29c5bac5008a3cbf7c2f64f/element/4879ba18-fd3d-42c0-9ccf-f47b4496337b/clear'
11:45:30.536 [AsyncHttpClient-1-5] DEBUG org.asynchttpclient.netty.handler.HttpHandler - 

Request DefaultHttpRequest(decodeResult: success, version: HTTP/1.1)
POST /session/f8efa065e29c5bac5008a3cbf7c2f64f/element/4879ba18-fd3d-42c0-9ccf-f47b4496337b/clear HTTP/1.1
User-Agent: selenium/4.1.2 (java windows)
Content-Length: 50
Content-Type: application/json; charset=utf-8
host: localhost:50078
accept: */*

Response DefaultHttpResponse(decodeResult: success, version: HTTP/1.1)
HTTP/1.1 200 OK
Content-Type: application/json; charset=utf-8
cache-control: no-cache
content-length: 14

11:45:30.536 [AsyncHttpClient-1-5] DEBUG org.asynchttpclient.netty.channel.ChannelManager - Adding key: http://localhost:50078 for channel [id: 0x806eebad, L:/127.0.0.1:65219 - R:localhost/127.0.0.1:50078]
11:45:30.538 [Forwarding sendKeysToElement on session f8efa065e29c5bac5008a3cbf7c2f64f to remote] DEBUG org.asynchttpclient.netty.request.NettyRequestSender - Using pooled Channel '[id: 0x806eebad, L:/127.0.0.1:65219 - R:localhost/127.0.0.1:50078]' for 'POST' to 'http://localhost:50078/session/f8efa065e29c5bac5008a3cbf7c2f64f/element/4879ba18-fd3d-42c0-9ccf-f47b4496337b/value'
11:45:30.538 [Forwarding sendKeysToElement on session f8efa065e29c5bac5008a3cbf7c2f64f to remote] DEBUG org.asynchttpclient.netty.request.NettyRequestSender - Using open Channel [id: 0x806eebad, L:/127.0.0.1:65219 - R:localhost/127.0.0.1:50078] for POST '/session/f8efa065e29c5bac5008a3cbf7c2f64f/element/4879ba18-fd3d-42c0-9ccf-f47b4496337b/value'
11:45:30.619 [AsyncHttpClient-1-5] DEBUG org.asynchttpclient.netty.handler.HttpHandler - 

Request DefaultHttpRequest(decodeResult: success, version: HTTP/1.1)
POST /session/f8efa065e29c5bac5008a3cbf7c2f64f/element/4879ba18-fd3d-42c0-9ccf-f47b4496337b/value HTTP/1.1
User-Agent: selenium/4.1.2 (java windows)
Content-Length: 121
Content-Type: application/json; charset=utf-8
host: localhost:50078
accept: */*

Response DefaultHttpResponse(decodeResult: success, version: HTTP/1.1)
HTTP/1.1 200 OK
Content-Type: application/json; charset=utf-8
cache-control: no-cache
content-length: 14

11:45:30.619 [AsyncHttpClient-1-5] DEBUG org.asynchttpclient.netty.channel.ChannelManager - Adding key: http://localhost:50078 for channel [id: 0x806eebad, L:/127.0.0.1:65219 - R:localhost/127.0.0.1:50078]
11:45:30.624 [Forwarding screenshot on session f8efa065e29c5bac5008a3cbf7c2f64f to remote] DEBUG org.asynchttpclient.netty.request.NettyRequestSender - Using pooled Channel '[id: 0x806eebad, L:/127.0.0.1:65219 - R:localhost/127.0.0.1:50078]' for 'GET' to 'http://localhost:50078/session/f8efa065e29c5bac5008a3cbf7c2f64f/screenshot'
11:45:30.624 [Forwarding screenshot on session f8efa065e29c5bac5008a3cbf7c2f64f to remote] DEBUG org.asynchttpclient.netty.request.NettyRequestSender - Using open Channel [id: 0x806eebad, L:/127.0.0.1:65219 - R:localhost/127.0.0.1:50078] for GET '/session/f8efa065e29c5bac5008a3cbf7c2f64f/screenshot'
11:45:30.828 [AsyncHttpClient-1-5] DEBUG org.asynchttpclient.netty.handler.HttpHandler - 

Request DefaultFullHttpRequest(decodeResult: success, version: HTTP/1.1, content: EmptyByteBufBE)
GET /session/f8efa065e29c5bac5008a3cbf7c2f64f/screenshot HTTP/1.1
User-Agent: selenium/4.1.2 (java windows)
Cache-Control: no-cache
Content-Type: application/json; charset=utf-8
host: localhost:50078
accept: */*

Response DefaultHttpResponse(decodeResult: success, version: HTTP/1.1)
HTTP/1.1 200 OK
Content-Type: application/json; charset=utf-8
cache-control: no-cache
content-length: 34560

11:45:30.828 [AsyncHttpClient-1-5] DEBUG org.asynchttpclient.netty.channel.ChannelManager - Adding key: http://localhost:50078 for channel [id: 0x806eebad, L:/127.0.0.1:65219 - R:localhost/127.0.0.1:50078]
11:45:30.830 [main] DEBUG net.serenitybdd.core.photography.Darkroom - Send negative for processing for target\site\serenity\eddc1421eaaad5918bcda6eb9bcffbd3a672f0b992eaef21efdc3408ac8dfc86.png
11:45:30.830 [main] DEBUG net.thucydides.core.steps.StepInterceptor - STEP DONE: inputFullName
  &amp#27;[32mWhen &amp#27;[0m&amp#27;[32muser input full name&amp#27;[0m                        &amp#27;[90m# starter.definitions.RegisterSteps.ValidFullname()&amp#27;[0m
11:45:30.831 [Darkroom Processing Line] DEBUG net.serenitybdd.core.photography.DarkroomProcessingLine - Processing screenshot image in /var/screenshots/screenshot-5735225772157566164
11:45:30.831 [Darkroom Processing Line] DEBUG net.serenitybdd.core.photography.DarkroomProcessingLine - Saving screenshot to target\site\serenity\eddc1421eaaad5918bcda6eb9bcffbd3a672f0b992eaef21efdc3408ac8dfc86.png
11:45:30.843 [main] DEBUG net.thucydides.core.steps.StepInterceptor - STARTING STEP: RegisterSteps.ValidEmail - inputEmail
11:45:30.844 [Forwarding findElement on session f8efa065e29c5bac5008a3cbf7c2f64f to remote] DEBUG org.asynchttpclient.netty.request.NettyRequestSender - Using pooled Channel '[id: 0x806eebad, L:/127.0.0.1:65219 - R:localhost/127.0.0.1:50078]' for 'POST' to 'http://localhost:50078/session/f8efa065e29c5bac5008a3cbf7c2f64f/element'
11:45:30.845 [Forwarding findElement on session f8efa065e29c5bac5008a3cbf7c2f64f to remote] DEBUG org.asynchttpclient.netty.request.NettyRequestSender - Using open Channel [id: 0x806eebad, L:/127.0.0.1:65219 - R:localhost/127.0.0.1:50078] for POST '/session/f8efa065e29c5bac5008a3cbf7c2f64f/element'
11:45:30.858 [AsyncHttpClient-1-5] DEBUG org.asynchttpclient.netty.handler.HttpHandler - 

Request DefaultHttpRequest(decodeResult: success, version: HTTP/1.1)
POST /session/f8efa065e29c5bac5008a3cbf7c2f64f/element HTTP/1.1
User-Agent: selenium/4.1.2 (java windows)
Content-Length: 110
Content-Type: application/json; charset=utf-8
host: localhost:50078
accept: */*

Response DefaultHttpResponse(decodeResult: success, version: HTTP/1.1)
HTTP/1.1 200 OK
Content-Type: application/json; charset=utf-8
cache-control: no-cache
content-length: 88

11:45:30.858 [AsyncHttpClient-1-5] DEBUG org.asynchttpclient.netty.channel.ChannelManager - Adding key: http://localhost:50078 for channel [id: 0x806eebad, L:/127.0.0.1:65219 - R:localhost/127.0.0.1:50078]
11:45:30.860 [Forwarding clearElement on session f8efa065e29c5bac5008a3cbf7c2f64f to remote] DEBUG org.asynchttpclient.netty.request.NettyRequestSender - Using pooled Channel '[id: 0x806eebad, L:/127.0.0.1:65219 - R:localhost/127.0.0.1:50078]' for 'POST' to 'http://localhost:50078/session/f8efa065e29c5bac5008a3cbf7c2f64f/element/315bef79-17a4-4fbc-90d2-790a140551cf/clear'
11:45:30.860 [Forwarding clearElement on session f8efa065e29c5bac5008a3cbf7c2f64f to remote] DEBUG org.asynchttpclient.netty.request.NettyRequestSender - Using open Channel [id: 0x806eebad, L:/127.0.0.1:65219 - R:localhost/127.0.0.1:50078] for POST '/session/f8efa065e29c5bac5008a3cbf7c2f64f/element/315bef79-17a4-4fbc-90d2-790a140551cf/clear'
11:45:30.897 [AsyncHttpClient-1-5] DEBUG org.asynchttpclient.netty.handler.HttpHandler - 

Request DefaultHttpRequest(decodeResult: success, version: HTTP/1.1)
POST /session/f8efa065e29c5bac5008a3cbf7c2f64f/element/315bef79-17a4-4fbc-90d2-790a140551cf/clear HTTP/1.1
User-Agent: selenium/4.1.2 (java windows)
Content-Length: 50
Content-Type: application/json; charset=utf-8
host: localhost:50078
accept: */*

Response DefaultHttpResponse(decodeResult: success, version: HTTP/1.1)
HTTP/1.1 200 OK
Content-Type: application/json; charset=utf-8
cache-control: no-cache
content-length: 14

11:45:30.897 [AsyncHttpClient-1-5] DEBUG org.asynchttpclient.netty.channel.ChannelManager - Adding key: http://localhost:50078 for channel [id: 0x806eebad, L:/127.0.0.1:65219 - R:localhost/127.0.0.1:50078]
11:45:30.899 [Forwarding sendKeysToElement on session f8efa065e29c5bac5008a3cbf7c2f64f to remote] DEBUG org.asynchttpclient.netty.request.NettyRequestSender - Using pooled Channel '[id: 0x806eebad, L:/127.0.0.1:65219 - R:localhost/127.0.0.1:50078]' for 'POST' to 'http://localhost:50078/session/f8efa065e29c5bac5008a3cbf7c2f64f/element/315bef79-17a4-4fbc-90d2-790a140551cf/value'
11:45:30.900 [Forwarding sendKeysToElement on session f8efa065e29c5bac5008a3cbf7c2f64f to remote] DEBUG org.asynchttpclient.netty.request.NettyRequestSender - Using open Channel [id: 0x806eebad, L:/127.0.0.1:65219 - R:localhost/127.0.0.1:50078] for POST '/session/f8efa065e29c5bac5008a3cbf7c2f64f/element/315bef79-17a4-4fbc-90d2-790a140551cf/value'
11:45:31.028 [AsyncHttpClient-1-5] DEBUG org.asynchttpclient.netty.handler.HttpHandler - 

Request DefaultHttpRequest(decodeResult: success, version: HTTP/1.1)
POST /session/f8efa065e29c5bac5008a3cbf7c2f64f/element/315bef79-17a4-4fbc-90d2-790a140551cf/value HTTP/1.1
User-Agent: selenium/4.1.2 (java windows)
Content-Length: 271
Content-Type: application/json; charset=utf-8
host: localhost:50078
accept: */*

Response DefaultHttpResponse(decodeResult: success, version: HTTP/1.1)
HTTP/1.1 200 OK
Content-Type: application/json; charset=utf-8
cache-control: no-cache
content-length: 14

11:45:31.028 [AsyncHttpClient-1-5] DEBUG org.asynchttpclient.netty.channel.ChannelManager - Adding key: http://localhost:50078 for channel [id: 0x806eebad, L:/127.0.0.1:65219 - R:localhost/127.0.0.1:50078]
11:45:31.034 [Forwarding screenshot on session f8efa065e29c5bac5008a3cbf7c2f64f to remote] DEBUG org.asynchttpclient.netty.request.NettyRequestSender - Using pooled Channel '[id: 0x806eebad, L:/127.0.0.1:65219 - R:localhost/127.0.0.1:50078]' for 'GET' to 'http://localhost:50078/session/f8efa065e29c5bac5008a3cbf7c2f64f/screenshot'
11:45:31.034 [Forwarding screenshot on session f8efa065e29c5bac5008a3cbf7c2f64f to remote] DEBUG org.asynchttpclient.netty.request.NettyRequestSender - Using open Channel [id: 0x806eebad, L:/127.0.0.1:65219 - R:localhost/127.0.0.1:50078] for GET '/session/f8efa065e29c5bac5008a3cbf7c2f64f/screenshot'
11:45:31.210 [AsyncHttpClient-1-5] DEBUG org.asynchttpclient.netty.handler.HttpHandler - 

Request DefaultFullHttpRequest(decodeResult: success, version: HTTP/1.1, content: EmptyByteBufBE)
GET /session/f8efa065e29c5bac5008a3cbf7c2f64f/screenshot HTTP/1.1
User-Agent: selenium/4.1.2 (java windows)
Cache-Control: no-cache
Content-Type: application/json; charset=utf-8
host: localhost:50078
accept: */*

Response DefaultHttpResponse(decodeResult: success, version: HTTP/1.1)
HTTP/1.1 200 OK
Content-Type: application/json; charset=utf-8
cache-control: no-cache
content-length: 38676

11:45:31.211 [AsyncHttpClient-1-5] DEBUG org.asynchttpclient.netty.channel.ChannelManager - Adding key: http://localhost:50078 for channel [id: 0x806eebad, L:/127.0.0.1:65219 - R:localhost/127.0.0.1:50078]
11:45:31.212 [main] DEBUG net.serenitybdd.core.photography.Darkroom - Send negative for processing for target\site\serenity\df03d63ef81e8afb9a482b9dadc49f63ef4cb2fc2522739cce70742a587b18d6.png
11:45:31.213 [main] DEBUG net.thucydides.core.steps.StepInterceptor - STEP DONE: inputEmail
  &amp#27;[32mAnd &amp#27;[0m&amp#27;[32muser input email&amp#27;[0m                             &amp#27;[90m# starter.definitions.RegisterSteps.ValidEmail()&amp#27;[0m
11:45:31.213 [Darkroom Processing Line] DEBUG net.serenitybdd.core.photography.DarkroomProcessingLine - Processing screenshot image in /var/screenshots/screenshot-12485187247689096009
11:45:31.213 [Darkroom Processing Line] DEBUG net.serenitybdd.core.photography.DarkroomProcessingLine - Saving screenshot to target\site\serenity\df03d63ef81e8afb9a482b9dadc49f63ef4cb2fc2522739cce70742a587b18d6.png
11:45:31.224 [main] DEBUG net.thucydides.core.steps.StepInterceptor - STARTING STEP: RegisterSteps.ValidPassword - inputPassword
11:45:31.226 [Forwarding findElement on session f8efa065e29c5bac5008a3cbf7c2f64f to remote] DEBUG org.asynchttpclient.netty.request.NettyRequestSender - Using pooled Channel '[id: 0x806eebad, L:/127.0.0.1:65219 - R:localhost/127.0.0.1:50078]' for 'POST' to 'http://localhost:50078/session/f8efa065e29c5bac5008a3cbf7c2f64f/element'
11:45:31.226 [Forwarding findElement on session f8efa065e29c5bac5008a3cbf7c2f64f to remote] DEBUG org.asynchttpclient.netty.request.NettyRequestSender - Using open Channel [id: 0x806eebad, L:/127.0.0.1:65219 - R:localhost/127.0.0.1:50078] for POST '/session/f8efa065e29c5bac5008a3cbf7c2f64f/element'
11:45:31.242 [AsyncHttpClient-1-5] DEBUG org.asynchttpclient.netty.handler.HttpHandler - 

Request DefaultHttpRequest(decodeResult: success, version: HTTP/1.1)
POST /session/f8efa065e29c5bac5008a3cbf7c2f64f/element HTTP/1.1
User-Agent: selenium/4.1.2 (java windows)
Content-Length: 113
Content-Type: application/json; charset=utf-8
host: localhost:50078
accept: */*

Response DefaultHttpResponse(decodeResult: success, version: HTTP/1.1)
HTTP/1.1 200 OK
Content-Type: application/json; charset=utf-8
cache-control: no-cache
content-length: 88

11:45:31.242 [AsyncHttpClient-1-5] DEBUG org.asynchttpclient.netty.channel.ChannelManager - Adding key: http://localhost:50078 for channel [id: 0x806eebad, L:/127.0.0.1:65219 - R:localhost/127.0.0.1:50078]
11:45:31.243 [Forwarding clearElement on session f8efa065e29c5bac5008a3cbf7c2f64f to remote] DEBUG org.asynchttpclient.netty.request.NettyRequestSender - Using pooled Channel '[id: 0x806eebad, L:/127.0.0.1:65219 - R:localhost/127.0.0.1:50078]' for 'POST' to 'http://localhost:50078/session/f8efa065e29c5bac5008a3cbf7c2f64f/element/1742658b-82b8-45e4-8ea4-7afea29adbc6/clear'
11:45:31.243 [Forwarding clearElement on session f8efa065e29c5bac5008a3cbf7c2f64f to remote] DEBUG org.asynchttpclient.netty.request.NettyRequestSender - Using open Channel [id: 0x806eebad, L:/127.0.0.1:65219 - R:localhost/127.0.0.1:50078] for POST '/session/f8efa065e29c5bac5008a3cbf7c2f64f/element/1742658b-82b8-45e4-8ea4-7afea29adbc6/clear'
11:45:31.281 [AsyncHttpClient-1-5] DEBUG org.asynchttpclient.netty.handler.HttpHandler - 

Request DefaultHttpRequest(decodeResult: success, version: HTTP/1.1)
POST /session/f8efa065e29c5bac5008a3cbf7c2f64f/element/1742658b-82b8-45e4-8ea4-7afea29adbc6/clear HTTP/1.1
User-Agent: selenium/4.1.2 (java windows)
Content-Length: 50
Content-Type: application/json; charset=utf-8
host: localhost:50078
accept: */*

Response DefaultHttpResponse(decodeResult: success, version: HTTP/1.1)
HTTP/1.1 200 OK
Content-Type: application/json; charset=utf-8
cache-control: no-cache
content-length: 14

11:45:31.282 [AsyncHttpClient-1-5] DEBUG org.asynchttpclient.netty.channel.ChannelManager - Adding key: http://localhost:50078 for channel [id: 0x806eebad, L:/127.0.0.1:65219 - R:localhost/127.0.0.1:50078]
11:45:31.284 [Forwarding sendKeysToElement on session f8efa065e29c5bac5008a3cbf7c2f64f to remote] DEBUG org.asynchttpclient.netty.request.NettyRequestSender - Using pooled Channel '[id: 0x806eebad, L:/127.0.0.1:65219 - R:localhost/127.0.0.1:50078]' for 'POST' to 'http://localhost:50078/session/f8efa065e29c5bac5008a3cbf7c2f64f/element/1742658b-82b8-45e4-8ea4-7afea29adbc6/value'
11:45:31.284 [Forwarding sendKeysToElement on session f8efa065e29c5bac5008a3cbf7c2f64f to remote] DEBUG org.asynchttpclient.netty.request.NettyRequestSender - Using open Channel [id: 0x806eebad, L:/127.0.0.1:65219 - R:localhost/127.0.0.1:50078] for POST '/session/f8efa065e29c5bac5008a3cbf7c2f64f/element/1742658b-82b8-45e4-8ea4-7afea29adbc6/value'
11:45:31.311 [AsyncHttpClient-1-1] DEBUG org.asynchttpclient.netty.channel.DefaultChannelPool - Entry count for : http://localhost:65220 : 1
11:45:31.378 [AsyncHttpClient-1-5] DEBUG org.asynchttpclient.netty.handler.HttpHandler - 

Request DefaultHttpRequest(decodeResult: success, version: HTTP/1.1)
POST /session/f8efa065e29c5bac5008a3cbf7c2f64f/element/1742658b-82b8-45e4-8ea4-7afea29adbc6/value HTTP/1.1
User-Agent: selenium/4.1.2 (java windows)
Content-Length: 161
Content-Type: application/json; charset=utf-8
host: localhost:50078
accept: */*

Response DefaultHttpResponse(decodeResult: success, version: HTTP/1.1)
HTTP/1.1 200 OK
Content-Type: application/json; charset=utf-8
cache-control: no-cache
content-length: 14

11:45:31.378 [AsyncHttpClient-1-5] DEBUG org.asynchttpclient.netty.channel.ChannelManager - Adding key: http://localhost:50078 for channel [id: 0x806eebad, L:/127.0.0.1:65219 - R:localhost/127.0.0.1:50078]
11:45:31.383 [Forwarding screenshot on session f8efa065e29c5bac5008a3cbf7c2f64f to remote] DEBUG org.asynchttpclient.netty.request.NettyRequestSender - Using pooled Channel '[id: 0x806eebad, L:/127.0.0.1:65219 - R:localhost/127.0.0.1:50078]' for 'GET' to 'http://localhost:50078/session/f8efa065e29c5bac5008a3cbf7c2f64f/screenshot'
11:45:31.384 [Forwarding screenshot on session f8efa065e29c5bac5008a3cbf7c2f64f to remote] DEBUG org.asynchttpclient.netty.request.NettyRequestSender - Using open Channel [id: 0x806eebad, L:/127.0.0.1:65219 - R:localhost/127.0.0.1:50078] for GET '/session/f8efa065e29c5bac5008a3cbf7c2f64f/screenshot'
11:45:31.562 [AsyncHttpClient-1-5] DEBUG org.asynchttpclient.netty.handler.HttpHandler - 

Request DefaultFullHttpRequest(decodeResult: success, version: HTTP/1.1, content: EmptyByteBufBE)
GET /session/f8efa065e29c5bac5008a3cbf7c2f64f/screenshot HTTP/1.1
User-Agent: selenium/4.1.2 (java windows)
Cache-Control: no-cache
Content-Type: application/json; charset=utf-8
host: localhost:50078
accept: */*

Response DefaultHttpResponse(decodeResult: success, version: HTTP/1.1)
HTTP/1.1 200 OK
Content-Type: application/json; charset=utf-8
cache-control: no-cache
content-length: 39580

11:45:31.562 [AsyncHttpClient-1-5] DEBUG org.asynchttpclient.netty.channel.ChannelManager - Adding key: http://localhost:50078 for channel [id: 0x806eebad, L:/127.0.0.1:65219 - R:localhost/127.0.0.1:50078]
11:45:31.564 [main] DEBUG net.serenitybdd.core.photography.Darkroom - Send negative for processing for target\site\serenity\708508ffb1ac09b0738e4b19950218f1ada8d4836c9a78caec8bc1e6f29453a3.png
11:45:31.564 [main] DEBUG net.thucydides.core.steps.StepInterceptor - STEP DONE: inputPassword
  &amp#27;[32mAnd &amp#27;[0m&amp#27;[32muser input password&amp#27;[0m                          &amp#27;[90m# starter.definitions.RegisterSteps.ValidPassword()&amp#27;[0m
11:45:31.565 [Darkroom Processing Line] DEBUG net.serenitybdd.core.photography.DarkroomProcessingLine - Processing screenshot image in /var/screenshots/screenshot-3022556406127503332
11:45:31.565 [Darkroom Processing Line] DEBUG net.serenitybdd.core.photography.DarkroomProcessingLine - Saving screenshot to target\site\serenity\708508ffb1ac09b0738e4b19950218f1ada8d4836c9a78caec8bc1e6f29453a3.png
11:45:31.577 [main] DEBUG net.thucydides.core.steps.StepInterceptor - STARTING STEP: RegisterSteps.RegisterButton - clickRegisterbutton
11:45:31.585 [Forwarding findElement on session f8efa065e29c5bac5008a3cbf7c2f64f to remote] DEBUG org.asynchttpclient.netty.request.NettyRequestSender - Using pooled Channel '[id: 0x806eebad, L:/127.0.0.1:65219 - R:localhost/127.0.0.1:50078]' for 'POST' to 'http://localhost:50078/session/f8efa065e29c5bac5008a3cbf7c2f64f/element'
11:45:31.585 [Forwarding findElement on session f8efa065e29c5bac5008a3cbf7c2f64f to remote] DEBUG org.asynchttpclient.netty.request.NettyRequestSender - Using open Channel [id: 0x806eebad, L:/127.0.0.1:65219 - R:localhost/127.0.0.1:50078] for POST '/session/f8efa065e29c5bac5008a3cbf7c2f64f/element'
11:45:31.600 [AsyncHttpClient-1-5] DEBUG org.asynchttpclient.netty.handler.HttpHandler - 

Request DefaultHttpRequest(decodeResult: success, version: HTTP/1.1)
POST /session/f8efa065e29c5bac5008a3cbf7c2f64f/element HTTP/1.1
User-Agent: selenium/4.1.2 (java windows)
Content-Length: 102
Content-Type: application/json; charset=utf-8
host: localhost:50078
accept: */*

Response DefaultHttpResponse(decodeResult: success, version: HTTP/1.1)
HTTP/1.1 200 OK
Content-Type: application/json; charset=utf-8
cache-control: no-cache
content-length: 88

11:45:31.600 [AsyncHttpClient-1-5] DEBUG org.asynchttpclient.netty.channel.ChannelManager - Adding key: http://localhost:50078 for channel [id: 0x806eebad, L:/127.0.0.1:65219 - R:localhost/127.0.0.1:50078]
11:45:31.602 [Forwarding getElementTagName on session f8efa065e29c5bac5008a3cbf7c2f64f to remote] DEBUG org.asynchttpclient.netty.request.NettyRequestSender - Using pooled Channel '[id: 0x806eebad, L:/127.0.0.1:65219 - R:localhost/127.0.0.1:50078]' for 'GET' to 'http://localhost:50078/session/f8efa065e29c5bac5008a3cbf7c2f64f/element/987f0252-3c2e-4748-91e8-4236062fb2ff/name'
11:45:31.602 [Forwarding getElementTagName on session f8efa065e29c5bac5008a3cbf7c2f64f to remote] DEBUG org.asynchttpclient.netty.request.NettyRequestSender - Using open Channel [id: 0x806eebad, L:/127.0.0.1:65219 - R:localhost/127.0.0.1:50078] for GET '/session/f8efa065e29c5bac5008a3cbf7c2f64f/element/987f0252-3c2e-4748-91e8-4236062fb2ff/name'
11:45:31.616 [AsyncHttpClient-1-5] DEBUG org.asynchttpclient.netty.handler.HttpHandler - 

Request DefaultFullHttpRequest(decodeResult: success, version: HTTP/1.1, content: EmptyByteBufBE)
GET /session/f8efa065e29c5bac5008a3cbf7c2f64f/element/987f0252-3c2e-4748-91e8-4236062fb2ff/name HTTP/1.1
User-Agent: selenium/4.1.2 (java windows)
Cache-Control: no-cache
Content-Type: application/json; charset=utf-8
host: localhost:50078
accept: */*

Response DefaultHttpResponse(decodeResult: success, version: HTTP/1.1)
HTTP/1.1 200 OK
Content-Type: application/json; charset=utf-8
cache-control: no-cache
content-length: 18

11:45:31.617 [AsyncHttpClient-1-5] DEBUG org.asynchttpclient.netty.channel.ChannelManager - Adding key: http://localhost:50078 for channel [id: 0x806eebad, L:/127.0.0.1:65219 - R:localhost/127.0.0.1:50078]
11:45:31.619 [Forwarding getElementTagName on session f8efa065e29c5bac5008a3cbf7c2f64f to remote] DEBUG org.asynchttpclient.netty.request.NettyRequestSender - Using pooled Channel '[id: 0x806eebad, L:/127.0.0.1:65219 - R:localhost/127.0.0.1:50078]' for 'GET' to 'http://localhost:50078/session/f8efa065e29c5bac5008a3cbf7c2f64f/element/987f0252-3c2e-4748-91e8-4236062fb2ff/name'
11:45:31.619 [Forwarding getElementTagName on session f8efa065e29c5bac5008a3cbf7c2f64f to remote] DEBUG org.asynchttpclient.netty.request.NettyRequestSender - Using open Channel [id: 0x806eebad, L:/127.0.0.1:65219 - R:localhost/127.0.0.1:50078] for GET '/session/f8efa065e29c5bac5008a3cbf7c2f64f/element/987f0252-3c2e-4748-91e8-4236062fb2ff/name'
11:45:31.644 [AsyncHttpClient-1-5] DEBUG org.asynchttpclient.netty.handler.HttpHandler - 

Request DefaultFullHttpRequest(decodeResult: success, version: HTTP/1.1, content: EmptyByteBufBE)
GET /session/f8efa065e29c5bac5008a3cbf7c2f64f/element/987f0252-3c2e-4748-91e8-4236062fb2ff/name HTTP/1.1
User-Agent: selenium/4.1.2 (java windows)
Cache-Control: no-cache
Content-Type: application/json; charset=utf-8
host: localhost:50078
accept: */*

Response DefaultHttpResponse(decodeResult: success, version: HTTP/1.1)
HTTP/1.1 200 OK
Content-Type: application/json; charset=utf-8
cache-control: no-cache
content-length: 18

11:45:31.645 [AsyncHttpClient-1-5] DEBUG org.asynchttpclient.netty.channel.ChannelManager - Adding key: http://localhost:50078 for channel [id: 0x806eebad, L:/127.0.0.1:65219 - R:localhost/127.0.0.1:50078]
11:45:31.647 [Forwarding isElementEnabled on session f8efa065e29c5bac5008a3cbf7c2f64f to remote] DEBUG org.asynchttpclient.netty.request.NettyRequestSender - Using pooled Channel '[id: 0x806eebad, L:/127.0.0.1:65219 - R:localhost/127.0.0.1:50078]' for 'GET' to 'http://localhost:50078/session/f8efa065e29c5bac5008a3cbf7c2f64f/element/987f0252-3c2e-4748-91e8-4236062fb2ff/enabled'
11:45:31.647 [Forwarding isElementEnabled on session f8efa065e29c5bac5008a3cbf7c2f64f to remote] DEBUG org.asynchttpclient.netty.request.NettyRequestSender - Using open Channel [id: 0x806eebad, L:/127.0.0.1:65219 - R:localhost/127.0.0.1:50078] for GET '/session/f8efa065e29c5bac5008a3cbf7c2f64f/element/987f0252-3c2e-4748-91e8-4236062fb2ff/enabled'
11:45:31.667 [AsyncHttpClient-1-5] DEBUG org.asynchttpclient.netty.handler.HttpHandler - 

Request DefaultFullHttpRequest(decodeResult: success, version: HTTP/1.1, content: EmptyByteBufBE)
GET /session/f8efa065e29c5bac5008a3cbf7c2f64f/element/987f0252-3c2e-4748-91e8-4236062fb2ff/enabled HTTP/1.1
User-Agent: selenium/4.1.2 (java windows)
Cache-Control: no-cache
Content-Type: application/json; charset=utf-8
host: localhost:50078
accept: */*

Response DefaultHttpResponse(decodeResult: success, version: HTTP/1.1)
HTTP/1.1 200 OK
Content-Type: application/json; charset=utf-8
cache-control: no-cache
content-length: 14

11:45:31.668 [AsyncHttpClient-1-5] DEBUG org.asynchttpclient.netty.channel.ChannelManager - Adding key: http://localhost:50078 for channel [id: 0x806eebad, L:/127.0.0.1:65219 - R:localhost/127.0.0.1:50078]
11:45:31.670 [Forwarding isElementEnabled on session f8efa065e29c5bac5008a3cbf7c2f64f to remote] DEBUG org.asynchttpclient.netty.request.NettyRequestSender - Using pooled Channel '[id: 0x806eebad, L:/127.0.0.1:65219 - R:localhost/127.0.0.1:50078]' for 'GET' to 'http://localhost:50078/session/f8efa065e29c5bac5008a3cbf7c2f64f/element/987f0252-3c2e-4748-91e8-4236062fb2ff/enabled'
11:45:31.670 [Forwarding isElementEnabled on session f8efa065e29c5bac5008a3cbf7c2f64f to remote] DEBUG org.asynchttpclient.netty.request.NettyRequestSender - Using open Channel [id: 0x806eebad, L:/127.0.0.1:65219 - R:localhost/127.0.0.1:50078] for GET '/session/f8efa065e29c5bac5008a3cbf7c2f64f/element/987f0252-3c2e-4748-91e8-4236062fb2ff/enabled'
11:45:31.697 [AsyncHttpClient-1-5] DEBUG org.asynchttpclient.netty.handler.HttpHandler - 

Request DefaultFullHttpRequest(decodeResult: success, version: HTTP/1.1, content: EmptyByteBufBE)
GET /session/f8efa065e29c5bac5008a3cbf7c2f64f/element/987f0252-3c2e-4748-91e8-4236062fb2ff/enabled HTTP/1.1
User-Agent: selenium/4.1.2 (java windows)
Cache-Control: no-cache
Content-Type: application/json; charset=utf-8
host: localhost:50078
accept: */*

Response DefaultHttpResponse(decodeResult: success, version: HTTP/1.1)
HTTP/1.1 200 OK
Content-Type: application/json; charset=utf-8
cache-control: no-cache
content-length: 14

11:45:31.697 [AsyncHttpClient-1-5] DEBUG org.asynchttpclient.netty.channel.ChannelManager - Adding key: http://localhost:50078 for channel [id: 0x806eebad, L:/127.0.0.1:65219 - R:localhost/127.0.0.1:50078]
11:45:31.699 [Forwarding findElement on session f8efa065e29c5bac5008a3cbf7c2f64f to remote] DEBUG org.asynchttpclient.netty.request.NettyRequestSender - Using pooled Channel '[id: 0x806eebad, L:/127.0.0.1:65219 - R:localhost/127.0.0.1:50078]' for 'POST' to 'http://localhost:50078/session/f8efa065e29c5bac5008a3cbf7c2f64f/element'
11:45:31.699 [Forwarding findElement on session f8efa065e29c5bac5008a3cbf7c2f64f to remote] DEBUG org.asynchttpclient.netty.request.NettyRequestSender - Using open Channel [id: 0x806eebad, L:/127.0.0.1:65219 - R:localhost/127.0.0.1:50078] for POST '/session/f8efa065e29c5bac5008a3cbf7c2f64f/element'
11:45:31.720 [AsyncHttpClient-1-5] DEBUG org.asynchttpclient.netty.handler.HttpHandler - 

Request DefaultHttpRequest(decodeResult: success, version: HTTP/1.1)
POST /session/f8efa065e29c5bac5008a3cbf7c2f64f/element HTTP/1.1
User-Agent: selenium/4.1.2 (java windows)
Content-Length: 102
Content-Type: application/json; charset=utf-8
host: localhost:50078
accept: */*

Response DefaultHttpResponse(decodeResult: success, version: HTTP/1.1)
HTTP/1.1 200 OK
Content-Type: application/json; charset=utf-8
cache-control: no-cache
content-length: 88

11:45:31.720 [AsyncHttpClient-1-5] DEBUG org.asynchttpclient.netty.channel.ChannelManager - Adding key: http://localhost:50078 for channel [id: 0x806eebad, L:/127.0.0.1:65219 - R:localhost/127.0.0.1:50078]
11:45:31.722 [Forwarding clickElement on session f8efa065e29c5bac5008a3cbf7c2f64f to remote] DEBUG org.asynchttpclient.netty.request.NettyRequestSender - Using pooled Channel '[id: 0x806eebad, L:/127.0.0.1:65219 - R:localhost/127.0.0.1:50078]' for 'POST' to 'http://localhost:50078/session/f8efa065e29c5bac5008a3cbf7c2f64f/element/987f0252-3c2e-4748-91e8-4236062fb2ff/click'
11:45:31.722 [Forwarding clickElement on session f8efa065e29c5bac5008a3cbf7c2f64f to remote] DEBUG org.asynchttpclient.netty.request.NettyRequestSender - Using open Channel [id: 0x806eebad, L:/127.0.0.1:65219 - R:localhost/127.0.0.1:50078] for POST '/session/f8efa065e29c5bac5008a3cbf7c2f64f/element/987f0252-3c2e-4748-91e8-4236062fb2ff/click'
11:45:31.793 [AsyncHttpClient-1-5] DEBUG org.asynchttpclient.netty.handler.HttpHandler - 

Request DefaultHttpRequest(decodeResult: success, version: HTTP/1.1)
POST /session/f8efa065e29c5bac5008a3cbf7c2f64f/element/987f0252-3c2e-4748-91e8-4236062fb2ff/click HTTP/1.1
User-Agent: selenium/4.1.2 (java windows)
Content-Length: 50
Content-Type: application/json; charset=utf-8
host: localhost:50078
accept: */*

Response DefaultHttpResponse(decodeResult: success, version: HTTP/1.1)
HTTP/1.1 200 OK
Content-Type: application/json; charset=utf-8
cache-control: no-cache
content-length: 14

11:45:31.793 [AsyncHttpClient-1-5] DEBUG org.asynchttpclient.netty.channel.ChannelManager - Adding key: http://localhost:50078 for channel [id: 0x806eebad, L:/127.0.0.1:65219 - R:localhost/127.0.0.1:50078]
11:45:31.799 [Forwarding screenshot on session f8efa065e29c5bac5008a3cbf7c2f64f to remote] DEBUG org.asynchttpclient.netty.request.NettyRequestSender - Using pooled Channel '[id: 0x806eebad, L:/127.0.0.1:65219 - R:localhost/127.0.0.1:50078]' for 'GET' to 'http://localhost:50078/session/f8efa065e29c5bac5008a3cbf7c2f64f/screenshot'
11:45:31.799 [Forwarding screenshot on session f8efa065e29c5bac5008a3cbf7c2f64f to remote] DEBUG org.asynchttpclient.netty.request.NettyRequestSender - Using open Channel [id: 0x806eebad, L:/127.0.0.1:65219 - R:localhost/127.0.0.1:50078] for GET '/session/f8efa065e29c5bac5008a3cbf7c2f64f/screenshot'
11:45:31.976 [AsyncHttpClient-1-5] DEBUG org.asynchttpclient.netty.handler.HttpHandler - 

Request DefaultFullHttpRequest(decodeResult: success, version: HTTP/1.1, content: EmptyByteBufBE)
GET /session/f8efa065e29c5bac5008a3cbf7c2f64f/screenshot HTTP/1.1
User-Agent: selenium/4.1.2 (java windows)
Cache-Control: no-cache
Content-Type: application/json; charset=utf-8
host: localhost:50078
accept: */*

Response DefaultHttpResponse(decodeResult: success, version: HTTP/1.1)
HTTP/1.1 200 OK
Content-Type: application/json; charset=utf-8
cache-control: no-cache
content-length: 39676

11:45:31.977 [AsyncHttpClient-1-5] DEBUG org.asynchttpclient.netty.channel.ChannelManager - Adding key: http://localhost:50078 for channel [id: 0x806eebad, L:/127.0.0.1:65219 - R:localhost/127.0.0.1:50078]
11:45:31.979 [main] DEBUG net.serenitybdd.core.photography.Darkroom - Send negative for processing for target\site\serenity\c27cab768c0e1ce208351b29d0bdf2407842015683a9e6bd36130a8a47a6aab3.png
11:45:31.979 [main] DEBUG net.thucydides.core.steps.StepInterceptor - STEP DONE: clickRegisterbutton
  &amp#27;[32mAnd &amp#27;[0m&amp#27;[32mclick register button&amp#27;[0m                        &amp#27;[90m# starter.definitions.RegisterSteps.RegisterButton()&amp#27;[0m
11:45:31.979 [Darkroom Processing Line] DEBUG net.serenitybdd.core.photography.DarkroomProcessingLine - Processing screenshot image in /var/screenshots/screenshot-3627031674831781
11:45:31.979 [Darkroom Processing Line] DEBUG net.serenitybdd.core.photography.DarkroomProcessingLine - Saving screenshot to target\site\serenity\c27cab768c0e1ce208351b29d0bdf2407842015683a9e6bd36130a8a47a6aab3.png
11:45:31.991 [main] DEBUG net.thucydides.core.steps.StepInterceptor - STARTING STEP: RegisterSteps.LoginPage - validateonLoginPage
11:45:31.993 [Forwarding findElement on session f8efa065e29c5bac5008a3cbf7c2f64f to remote] DEBUG org.asynchttpclient.netty.request.NettyRequestSender - Using pooled Channel '[id: 0x806eebad, L:/127.0.0.1:65219 - R:localhost/127.0.0.1:50078]' for 'POST' to 'http://localhost:50078/session/f8efa065e29c5bac5008a3cbf7c2f64f/element'
11:45:31.993 [Forwarding findElement on session f8efa065e29c5bac5008a3cbf7c2f64f to remote] DEBUG org.asynchttpclient.netty.request.NettyRequestSender - Using open Channel [id: 0x806eebad, L:/127.0.0.1:65219 - R:localhost/127.0.0.1:50078] for POST '/session/f8efa065e29c5bac5008a3cbf7c2f64f/element'
11:45:32.012 [AsyncHttpClient-1-5] DEBUG org.asynchttpclient.netty.handler.HttpHandler - 

Request DefaultHttpRequest(decodeResult: success, version: HTTP/1.1)
POST /session/f8efa065e29c5bac5008a3cbf7c2f64f/element HTTP/1.1
User-Agent: selenium/4.1.2 (java windows)
Content-Length: 102
Content-Type: application/json; charset=utf-8
host: localhost:50078
accept: */*

Response DefaultHttpResponse(decodeResult: success, version: HTTP/1.1)
HTTP/1.1 200 OK
Content-Type: application/json; charset=utf-8
cache-control: no-cache
content-length: 88

11:45:32.013 [AsyncHttpClient-1-5] DEBUG org.asynchttpclient.netty.channel.ChannelManager - Adding key: http://localhost:50078 for channel [id: 0x806eebad, L:/127.0.0.1:65219 - R:localhost/127.0.0.1:50078]
11:45:32.016 [Forwarding isElementDisplayed on session f8efa065e29c5bac5008a3cbf7c2f64f to remote] DEBUG org.asynchttpclient.netty.request.NettyRequestSender - Using pooled Channel '[id: 0x806eebad, L:/127.0.0.1:65219 - R:localhost/127.0.0.1:50078]' for 'POST' to 'http://localhost:50078/session/f8efa065e29c5bac5008a3cbf7c2f64f/execute/sync'
11:45:32.016 [Forwarding isElementDisplayed on session f8efa065e29c5bac5008a3cbf7c2f64f to remote] DEBUG org.asynchttpclient.netty.request.NettyRequestSender - Using open Channel [id: 0x806eebad, L:/127.0.0.1:65219 - R:localhost/127.0.0.1:50078] for POST '/session/f8efa065e29c5bac5008a3cbf7c2f64f/execute/sync'
11:45:32.040 [AsyncHttpClient-1-5] DEBUG org.asynchttpclient.netty.handler.HttpHandler - 

Request DefaultHttpRequest(decodeResult: success, version: HTTP/1.1)
POST /session/f8efa065e29c5bac5008a3cbf7c2f64f/execute/sync HTTP/1.1
User-Agent: selenium/4.1.2 (java windows)
Content-Length: 48780
Content-Type: application/json; charset=utf-8
host: localhost:50078
accept: */*

Response DefaultHttpResponse(decodeResult: success, version: HTTP/1.1)
HTTP/1.1 200 OK
Content-Type: application/json; charset=utf-8
cache-control: no-cache
content-length: 14

11:45:32.041 [AsyncHttpClient-1-5] DEBUG org.asynchttpclient.netty.channel.ChannelManager - Adding key: http://localhost:50078 for channel [id: 0x806eebad, L:/127.0.0.1:65219 - R:localhost/127.0.0.1:50078]
11:45:32.045 [Forwarding screenshot on session f8efa065e29c5bac5008a3cbf7c2f64f to remote] DEBUG org.asynchttpclient.netty.request.NettyRequestSender - Using pooled Channel '[id: 0x806eebad, L:/127.0.0.1:65219 - R:localhost/127.0.0.1:50078]' for 'GET' to 'http://localhost:50078/session/f8efa065e29c5bac5008a3cbf7c2f64f/screenshot'
11:45:32.046 [Forwarding screenshot on session f8efa065e29c5bac5008a3cbf7c2f64f to remote] DEBUG org.asynchttpclient.netty.request.NettyRequestSender - Using open Channel [id: 0x806eebad, L:/127.0.0.1:65219 - R:localhost/127.0.0.1:50078] for GET '/session/f8efa065e29c5bac5008a3cbf7c2f64f/screenshot'
11:45:32.228 [AsyncHttpClient-1-5] DEBUG org.asynchttpclient.netty.handler.HttpHandler - 

Request DefaultFullHttpRequest(decodeResult: success, version: HTTP/1.1, content: EmptyByteBufBE)
GET /session/f8efa065e29c5bac5008a3cbf7c2f64f/screenshot HTTP/1.1
User-Agent: selenium/4.1.2 (java windows)
Cache-Control: no-cache
Content-Type: application/json; charset=utf-8
host: localhost:50078
accept: */*

Response DefaultHttpResponse(decodeResult: success, version: HTTP/1.1)
HTTP/1.1 200 OK
Content-Type: application/json; charset=utf-8
cache-control: no-cache
content-length: 38900

11:45:32.229 [AsyncHttpClient-1-5] DEBUG org.asynchttpclient.netty.channel.ChannelManager - Adding key: http://localhost:50078 for channel [id: 0x806eebad, L:/127.0.0.1:65219 - R:localhost/127.0.0.1:50078]
11:45:32.230 [main] DEBUG net.serenitybdd.core.photography.Darkroom - Send negative for processing for target\site\serenity\c3e89c24aab92b976430a2ea0bbc13d685d7e6d73d9da6e7cf566353cd09c9dc.png
11:45:32.230 [main] DEBUG net.thucydides.core.steps.StepInterceptor - STEP DONE: validateonLoginPage
  &amp#27;[32mThen &amp#27;[0m&amp#27;[32muser redirected to login page&amp#27;[0m               &amp#27;[90m# starter.definitions.RegisterSteps.LoginPage()&amp#27;[0m
11:45:32.231 [Darkroom Processing Line] DEBUG net.serenitybdd.core.photography.DarkroomProcessingLine - Processing screenshot image in /var/screenshots/screenshot-12022805166565199993
11:45:32.231 [Darkroom Processing Line] DEBUG net.serenitybdd.core.photography.DarkroomProcessingLine - Saving screenshot to target\site\serenity\c3e89c24aab92b976430a2ea0bbc13d685d7e6d73d9da6e7cf566353cd09c9dc.png
11:45:32.235 [main] INFO  - 
  _____   ___   ___   _____     ___     _     ___   ___   ___   ___  
 |_   _| | __| / __| |_   _|   | _ \   /_\   / __| / __| | __| |   \ 
   | |   | _|  \__ \   | |     |  _/  / _ \  \__ \ \__ \ | _|  | |) |
   |_|   |___| |___/   |_|     |_|   /_/ \_\ |___/ |___/ |___| |___/ 

As a user i want registered successfully
----------------------------------------------------------------------
11:45:32.237 [AsyncHttpClient-1-7] DEBUG org.asynchttpclient.netty.handler.WebSocketHandler - Channel Closed: [id: 0xe8868ff0, L:/127.0.0.1:65227 ! R:localhost/127.0.0.1:65220] with attribute NettyResponseFuture{currentRetry=5,
	isDone=1,
	isCancelled=0,
	asyncHandler=org.asynchttpclient.ws.WebSocketUpgradeHandler@63214963,
	nettyRequest=org.asynchttpclient.netty.request.NettyRequest@2623cb63,
	future=java.util.concurrent.CompletableFuture@6cabc0e[Completed normally],
	uri=ws://localhost:65220/devtools/browser/c449a4a4-c5df-41c5-b64a-75a79a251bf7,
	keepAlive=true,
	redirectCount=0,
	timeoutsHolder=null,
	inAuth=0,
	touch=1651376728239}
11:45:32.237 [AsyncHttpClient-1-7] DEBUG org.asynchttpclient.netty.channel.ChannelManager - Closing Channel [id: 0xe8868ff0, L:/127.0.0.1:65227 ! R:localhost/127.0.0.1:65220] 
11:45:32.241 [Driver Command Executor] DEBUG org.asynchttpclient.netty.request.NettyRequestSender - Using pooled Channel '[id: 0x806eebad, L:/127.0.0.1:65219 - R:localhost/127.0.0.1:50078]' for 'DELETE' to 'http://localhost:50078/session/f8efa065e29c5bac5008a3cbf7c2f64f'
11:45:32.242 [Driver Command Executor] DEBUG org.asynchttpclient.netty.request.NettyRequestSender - Using open Channel [id: 0x806eebad, L:/127.0.0.1:65219 - R:localhost/127.0.0.1:50078] for DELETE '/session/f8efa065e29c5bac5008a3cbf7c2f64f'
11:45:32.413 [AsyncHttpClient-1-1] DEBUG org.asynchttpclient.netty.channel.DefaultChannelPool - Entry count for : http://localhost:65220 : 1
11:45:32.483 [AsyncHttpClient-1-6] DEBUG org.asynchttpclient.netty.handler.HttpHandler - Unexpected I/O exception on channel [id: 0x1c17294c, L:/127.0.0.1:65226 - R:localhost/127.0.0.1:65220]
java.net.SocketException: Connection reset
	at java.base/sun.nio.ch.SocketChannelImpl.throwConnectionReset(SocketChannelImpl.java:394)
	at java.base/sun.nio.ch.SocketChannelImpl.read(SocketChannelImpl.java:426)
	at io.netty.buffer.PooledByteBuf.setBytes(PooledByteBuf.java:258)
	at io.netty.buffer.AbstractByteBuf.writeBytes(AbstractByteBuf.java:1132)
	at io.netty.channel.socket.nio.NioSocketChannel.doReadBytes(NioSocketChannel.java:350)
	at io.netty.channel.nio.AbstractNioByteChannel$NioByteUnsafe.read(AbstractNioByteChannel.java:151)
	at io.netty.channel.nio.NioEventLoop.processSelectedKey(NioEventLoop.java:722)
	at io.netty.channel.nio.NioEventLoop.processSelectedKeysOptimized(NioEventLoop.java:658)
	at io.netty.channel.nio.NioEventLoop.processSelectedKeys(NioEventLoop.java:584)
	at io.netty.channel.nio.NioEventLoop.run(NioEventLoop.java:496)
	at io.netty.util.concurrent.SingleThreadEventExecutor$4.run(SingleThreadEventExecutor.java:986)
	at io.netty.util.internal.ThreadExecutorMap$2.run(ThreadExecutorMap.java:74)
	at io.netty.util.concurrent.FastThreadLocalRunnable.run(FastThreadLocalRunnable.java:30)
	at java.base/java.lang.Thread.run(Thread.java:833)
11:45:32.483 [AsyncHttpClient-1-6] DEBUG org.asynchttpclient.netty.channel.ChannelManager - Closing Channel [id: 0x1c17294c, L:/127.0.0.1:65226 - R:localhost/127.0.0.1:65220] 
11:45:32.484 [AsyncHttpClient-1-6] DEBUG org.asynchttpclient.netty.handler.HttpHandler - Channel Closed: [id: 0x1c17294c, L:/127.0.0.1:65226 ! R:localhost/127.0.0.1:65220] with attribute DISCARD
11:45:32.523 [AsyncHttpClient-1-5] DEBUG org.asynchttpclient.netty.handler.HttpHandler - 

Request DefaultFullHttpRequest(decodeResult: success, version: HTTP/1.1, content: EmptyByteBufBE)
DELETE /session/f8efa065e29c5bac5008a3cbf7c2f64f HTTP/1.1
User-Agent: selenium/4.1.2 (java windows)
Content-Type: application/json; charset=utf-8
host: localhost:50078
accept: */*

Response DefaultHttpResponse(decodeResult: success, version: HTTP/1.1)
HTTP/1.1 200 OK
Content-Type: application/json; charset=utf-8
cache-control: no-cache
content-length: 14

11:45:32.523 [AsyncHttpClient-1-5] DEBUG org.asynchttpclient.netty.channel.ChannelManager - Adding key: http://localhost:50078 for channel [id: 0x806eebad, L:/127.0.0.1:65219 - R:localhost/127.0.0.1:50078]
11:45:33.508 [AsyncHttpClient-1-1] DEBUG org.asynchttpclient.netty.channel.DefaultChannelPool - Entry count for : http://localhost:65220 : 1
11:45:33.509 [AsyncHttpClient-1-1] DEBUG org.asynchttpclient.netty.channel.DefaultChannelPool - Entry count for : http://localhost:50078 : 1
11:45:33.509 [AsyncHttpClient-1-1] DEBUG org.asynchttpclient.netty.channel.DefaultChannelPool - Adding Candidate expired Channel [id: 0x1c17294c, L:/127.0.0.1:65226 ! R:localhost/127.0.0.1:65220] isIdleTimeoutExpired=false isRemotelyClosed=true isTtlExpired=false
11:45:33.509 [AsyncHttpClient-1-1] DEBUG org.asynchttpclient.netty.channel.DefaultChannelPool - Closing Idle Channel [id: 0x1c17294c, L:/127.0.0.1:65226 ! R:localhost/127.0.0.1:65220]
11:45:33.509 [AsyncHttpClient-1-1] DEBUG org.asynchttpclient.netty.channel.DefaultChannelPool - Closed 1 connections out of 2 in 0 ms
11:45:33.636 [AsyncHttpClient-1-5] DEBUG org.asynchttpclient.netty.handler.HttpHandler - Unexpected I/O exception on channel [id: 0x806eebad, L:/127.0.0.1:65219 - R:localhost/127.0.0.1:50078]
java.net.SocketException: Connection reset
	at java.base/sun.nio.ch.SocketChannelImpl.throwConnectionReset(SocketChannelImpl.java:394)
	at java.base/sun.nio.ch.SocketChannelImpl.read(SocketChannelImpl.java:426)
	at io.netty.buffer.PooledByteBuf.setBytes(PooledByteBuf.java:258)
	at io.netty.buffer.AbstractByteBuf.writeBytes(AbstractByteBuf.java:1132)
	at io.netty.channel.socket.nio.NioSocketChannel.doReadBytes(NioSocketChannel.java:350)
	at io.netty.channel.nio.AbstractNioByteChannel$NioByteUnsafe.read(AbstractNioByteChannel.java:151)
	at io.netty.channel.nio.NioEventLoop.processSelectedKey(NioEventLoop.java:722)
	at io.netty.channel.nio.NioEventLoop.processSelectedKeysOptimized(NioEventLoop.java:658)
	at io.netty.channel.nio.NioEventLoop.processSelectedKeys(NioEventLoop.java:584)
	at io.netty.channel.nio.NioEventLoop.run(NioEventLoop.java:496)
	at io.netty.util.concurrent.SingleThreadEventExecutor$4.run(SingleThreadEventExecutor.java:986)
	at io.netty.util.internal.ThreadExecutorMap$2.run(ThreadExecutorMap.java:74)
	at io.netty.util.concurrent.FastThreadLocalRunnable.run(FastThreadLocalRunnable.java:30)
	at java.base/java.lang.Thread.run(Thread.java:833)
11:45:33.636 [AsyncHttpClient-1-5] DEBUG org.asynchttpclient.netty.channel.ChannelManager - Closing Channel [id: 0x806eebad, L:/127.0.0.1:65219 - R:localhost/127.0.0.1:50078] 
11:45:33.636 [AsyncHttpClient-1-5] DEBUG org.asynchttpclient.netty.handler.HttpHandler - Channel Closed: [id: 0x806eebad, L:/127.0.0.1:65219 ! R:localhost/127.0.0.1:50078] with attribute DISCARD
]]></system-out>
    <system-err><![CDATA[Starting ChromeDriver 101.0.4951.41 (93c720db8323b3ec10d056025ab95c23a31997c9-refs/branch-heads/4951@{#904}) on port 50078
Only local connections are allowed.
Please see https://chromedriver.chromium.org/security-considerations for suggestions on keeping ChromeDriver safe.
ChromeDriver was started successfully.
May 01, 2022 11:45:28 AM org.openqa.selenium.remote.ProtocolHandshake createSession
INFO: Detected dialect: W3C
May 01, 2022 11:45:28 AM org.openqa.selenium.devtools.CdpVersionFinder findNearestMatch
WARNING: Unable to find an exact match for CDP version 101, so returning the closest version found: 97
May 01, 2022 11:45:28 AM org.openqa.selenium.devtools.CdpVersionFinder findNearestMatch
INFO: Found CDP implementation for version 101 of 97
]]></system-err>
  </testcase>
  <testcase name="" classname="starter.CucumberTestSuite" time="49.157">
    <error type="net.thucydides.core.reports.ReportGenerationFailedError"><![CDATA[net.thucydides.core.reports.ReportGenerationFailedError: Failed to generate configuration report
Caused by: java.util.concurrent.ExecutionException: net.thucydides.core.reports.ReportGenerationFailedError: Failed to generate reports using net.thucydides.core.reports.html.HtmlAcceptanceTestReporter@214279d2
Caused by: net.thucydides.core.reports.ReportGenerationFailedError: Failed to generate reports using net.thucydides.core.reports.html.HtmlAcceptanceTestReporter@214279d2
Caused by: java.lang.RuntimeException: Failed to merge template: Failed to process FreeMarker template
Caused by: net.thucydides.core.reports.templates.TemplateMergeException: Failed to process FreeMarker template
Caused by: freemarker.core._TemplateModelException: 
Java method "net.thucydides.core.model.TestOutcome.hasScreenshots()" threw an exception when invoked on net.thucydides.core.model.TestOutcome object [freemarker.core._DelayedJQuote.toString() failed: java.lang.StackOverflowError]; see cause exception in the Java stack trace.

----
FTL stack trace ("~" means nesting-related):
	- Failed at: #if testOutcome.hasScreenshots()  [in template "freemarker/default.ftl" in macro "step_details" at line 534, column 21]
	- Reached through: @step_details step=step step_number=s...  [in template "freemarker/default.ftl" in macro "write_step" at line 377, column 17]
	- Reached through: @write_step step=nestedStep step_numb...  [in template "freemarker/default.ftl" in macro "write_step" at line 385, column 41]
	- Reached through: @write_step step=nestedStep step_numb...  [in template "freemarker/default.ftl" in macro "write_step" at line 385, column 41]
	- Reached through: @write_step step=nestedStep step_numb...  [in template "freemarker/default.ftl" in macro "write_step" at line 385, column 41]
	- Reached through: @write_step step=nestedStep step_numb...  [in template "freemarker/default.ftl" in macro "write_step" at line 385, column 41]
	- Reached through: @write_step step=nestedStep step_numb...  [in template "freemarker/default.ftl" in macro "write_step" at line 385, column 41]
	- Reached through: @write_step step=nestedStep step_numb...  [in template "freemarker/default.ftl" in macro "write_step" at line 385, column 41]
	- Reached through: @write_step step=nestedStep step_numb...  [in template "freemarker/default.ftl" in macro "write_step" at line 385, column 41]
	... (Had 511 more, hidden for tersenes)
----
Caused by: java.lang.StackOverflowError
]]></error>
    <system-out><![CDATA[11:45:33.731 [main] DEBUG net.thucydides.core.reports.ReportService - Reporting formats: [JSON, HTML]
11:45:33.826 [main] DEBUG net.thucydides.core.reports.ReportService - Reporting formats: [JSON, HTML]
11:45:33.844 [main] DEBUG net.thucydides.core.reports.ReportService - Generating reports for 3 test outcomes using: net.thucydides.core.reports.json.JSONTestOutcomeReporter@6d250b04
11:45:33.848 [pool-2-thread-1] DEBUG net.thucydides.core.reports.ReportService - Processing test outcome As a user, I want to see home page, So that i can buy books:As a user, i able to login successfully
11:45:33.848 [pool-2-thread-3] DEBUG net.thucydides.core.reports.ReportService - Processing test outcome As a user i want to register for my account so that i can go shop:As a user i want registered successfully
11:45:33.848 [pool-2-thread-1] DEBUG net.thucydides.core.reports.ReportService - net.thucydides.core.reports.json.JSONTestOutcomeReporter@6d250b04: Generating report for test outcome: As a user, I want to see home page, So that i can buy books:As a user, i able to login successfully
11:45:33.848 [pool-2-thread-3] DEBUG net.thucydides.core.reports.ReportService - net.thucydides.core.reports.json.JSONTestOutcomeReporter@6d250b04: Generating report for test outcome: As a user i want to register for my account so that i can go shop:As a user i want registered successfully
11:45:33.849 [pool-2-thread-2] DEBUG net.thucydides.core.reports.ReportService - Processing test outcome As user I want to order “pepaya”:order pepaya
11:45:33.849 [pool-2-thread-2] DEBUG net.thucydides.core.reports.ReportService - net.thucydides.core.reports.json.JSONTestOutcomeReporter@6d250b04: Generating report for test outcome: As user I want to order “pepaya”:order pepaya
11:45:33.851 [pool-2-thread-1] DEBUG net.thucydides.core.reports.json.JSONTestOutcomeReporter - Generating JSON report for As a user, i able to login successfully to file D:\alta folder\20_review web UI Testing with serenity\target\site\serenity\b098b2039ab6c984db49b8c2a9dc15fc0d68dc1be9251de45c28b989e43894b5.json (using temp file D:\alta folder\20_review web UI Testing with serenity\target\site\serenity\b098b2039ab6c984db49b8c2a9dc15fc0d68dc1be9251de45c28b989e43894b5.jsonaf0cce06-2e98-4002-919e-8df132c68145)
11:45:33.851 [pool-2-thread-3] DEBUG net.thucydides.core.reports.json.JSONTestOutcomeReporter - Generating JSON report for As a user i want registered successfully to file D:\alta folder\20_review web UI Testing with serenity\target\site\serenity\5beee07194ddef84882ff63c368baf8f8ab7ae23e583ef9c2a45dde7bccfca53.json (using temp file D:\alta folder\20_review web UI Testing with serenity\target\site\serenity\5beee07194ddef84882ff63c368baf8f8ab7ae23e583ef9c2a45dde7bccfca53.json72962ce8-8cb2-4c65-8a4a-155714004d41)
11:45:33.851 [pool-2-thread-2] DEBUG net.thucydides.core.reports.json.JSONTestOutcomeReporter - Generating JSON report for order pepaya to file D:\alta folder\20_review web UI Testing with serenity\target\site\serenity\87e2189d4afb523ea48ac65df8a8e5482dcbcda7c7e5cf88ae7ed1241bf5b0b0.json (using temp file D:\alta folder\20_review web UI Testing with serenity\target\site\serenity\87e2189d4afb523ea48ac65df8a8e5482dcbcda7c7e5cf88ae7ed1241bf5b0b0.json81cd90c7-bd3a-460c-861f-4d10ac502b26)
11:45:33.876 [pool-2-thread-1] DEBUG net.thucydides.core.reports.ReportService - Processing test outcome As a user, I want to see home page, So that i can buy books:As a user, i able to login successfully done
11:45:33.877 [pool-2-thread-3] DEBUG net.thucydides.core.reports.ReportService - Processing test outcome As a user i want to register for my account so that i can go shop:As a user i want registered successfully done
11:45:34.609 [AsyncHttpClient-1-1] DEBUG org.asynchttpclient.netty.channel.DefaultChannelPool - Entry count for : http://localhost:50078 : 1
11:45:34.609 [AsyncHttpClient-1-1] DEBUG org.asynchttpclient.netty.channel.DefaultChannelPool - Adding Candidate expired Channel [id: 0x806eebad, L:/127.0.0.1:65219 ! R:localhost/127.0.0.1:50078] isIdleTimeoutExpired=false isRemotelyClosed=true isTtlExpired=false
11:45:34.609 [AsyncHttpClient-1-1] DEBUG org.asynchttpclient.netty.channel.DefaultChannelPool - Closing Idle Channel [id: 0x806eebad, L:/127.0.0.1:65219 ! R:localhost/127.0.0.1:50078]
11:45:34.609 [AsyncHttpClient-1-1] DEBUG org.asynchttpclient.netty.channel.DefaultChannelPool - Closed 1 connections out of 1 in 0 ms
11:45:34.751 [pool-2-thread-2] DEBUG net.thucydides.core.reports.ReportService - Processing test outcome As user I want to order “pepaya”:order pepaya done
11:45:34.752 [main] DEBUG net.thucydides.core.reports.ReportService - Shutting down executor service
11:45:34.752 [main] DEBUG net.thucydides.core.reports.ReportService - Reports generated in: 908 ms
11:45:34.752 [main] DEBUG net.thucydides.core.reports.ReportService - Generating reports for 3 test outcomes using: net.thucydides.core.reports.html.HtmlAcceptanceTestReporter@214279d2
11:45:34.755 [pool-3-thread-2] DEBUG net.thucydides.core.reports.ReportService - Processing test outcome As user I want to order “pepaya”:order pepaya
11:45:34.755 [pool-3-thread-2] DEBUG net.thucydides.core.reports.ReportService - net.thucydides.core.reports.html.HtmlAcceptanceTestReporter@214279d2: Generating report for test outcome: As user I want to order “pepaya”:order pepaya
11:45:34.755 [pool-3-thread-1] DEBUG net.thucydides.core.reports.ReportService - Processing test outcome As a user, I want to see home page, So that i can buy books:As a user, i able to login successfully
11:45:34.755 [pool-3-thread-1] DEBUG net.thucydides.core.reports.ReportService - net.thucydides.core.reports.html.HtmlAcceptanceTestReporter@214279d2: Generating report for test outcome: As a user, I want to see home page, So that i can buy books:As a user, i able to login successfully
11:45:34.757 [pool-3-thread-3] DEBUG net.thucydides.core.reports.ReportService - Processing test outcome As a user i want to register for my account so that i can go shop:As a user i want registered successfully
11:45:34.757 [pool-3-thread-3] DEBUG net.thucydides.core.reports.ReportService - net.thucydides.core.reports.html.HtmlAcceptanceTestReporter@214279d2: Generating report for test outcome: As a user i want to register for my account so that i can go shop:As a user i want registered successfully
11:45:35.565 [pool-3-thread-1] DEBUG net.thucydides.core.reports.ReportService - Processing test outcome As a user, I want to see home page, So that i can buy books:As a user, i able to login successfully done
11:45:35.707 [pool-3-thread-3] DEBUG net.thucydides.core.reports.ReportService - Processing test outcome As a user i want to register for my account so that i can go shop:As a user i want registered successfully done
11:45:57.704 [pool-3-thread-2] WARN net.thucydides.core.reports.templates.FreemarkerReportTemplate - Report generation failed
freemarker.core._TemplateModelException: Java method "net.thucydides.core.model.TestOutcome.hasScreenshots()" threw an exception when invoked on net.thucydides.core.model.TestOutcome object [freemarker.core._DelayedJQuote.toString() failed: java.lang.StackOverflowError]; see cause exception in the Java stack trace.

----
FTL stack trace ("~" means nesting-related):
	- Failed at: #if testOutcome.hasScreenshots()  [in template "freemarker/default.ftl" in macro "step_details" at line 534, column 21]
	- Reached through: @step_details step=step step_number=s...  [in template "freemarker/default.ftl" in macro "write_step" at line 377, column 17]
	- Reached through: @write_step step=nestedStep step_numb...  [in template "freemarker/default.ftl" in macro "write_step" at line 385, column 41]
	- Reached through: @write_step step=nestedStep step_numb...  [in template "freemarker/default.ftl" in macro "write_step" at line 385, column 41]
	- Reached through: @write_step step=nestedStep step_numb...  [in template "freemarker/default.ftl" in macro "write_step" at line 385, column 41]
	- Reached through: @write_step step=nestedStep step_numb...  [in template "freemarker/default.ftl" in macro "write_step" at line 385, column 41]
	- Reached through: @write_step step=nestedStep step_numb...  [in template "freemarker/default.ftl" in macro "write_step" at line 385, column 41]
	- Reached through: @write_step step=nestedStep step_numb...  [in template "freemarker/default.ftl" in macro "write_step" at line 385, column 41]
	- Reached through: @write_step step=nestedStep step_numb...  [in template "freemarker/default.ftl" in macro "write_step" at line 385, column 41]
	... (Had 511 more, hidden for tersenes)
----
	at freemarker.ext.beans._MethodUtil.newInvocationTemplateModelException(_MethodUtil.java:292)
	at freemarker.ext.beans._MethodUtil.newInvocationTemplateModelException(_MethodUtil.java:255)
	at freemarker.ext.beans.SimpleMethodModel.exec(SimpleMethodModel.java:78)
	at freemarker.core.MethodCall._eval(MethodCall.java:62)
	at freemarker.core.Expression.eval(Expression.java:101)
	at freemarker.core.Expression.evalToBoolean(Expression.java:177)
	at freemarker.core.Expression.evalToBoolean(Expression.java:163)
	at freemarker.core.ConditionalBlock.accept(ConditionalBlock.java:48)
	at freemarker.core.Environment.visit(Environment.java:383)
	at freemarker.core.Environment.invokeMacroOrFunctionCommonPart(Environment.java:889)
	at freemarker.core.Environment.invokeMacro(Environment.java:825)
	at freemarker.core.UnifiedCall.accept(UnifiedCall.java:84)
	at freemarker.core.Environment.visit(Environment.java:383)
	at freemarker.core.Environment.invokeMacroOrFunctionCommonPart(Environment.java:889)
	at freemarker.core.Environment.invokeMacro(Environment.java:825)
	at freemarker.core.UnifiedCall.accept(UnifiedCall.java:84)
	at freemarker.core.Environment.visit(Environment.java:347)
	at freemarker.core.Environment.visit(Environment.java:389)
	at freemarker.core.IteratorBlock$IterationContext.executedNestedContentForCollOrSeqListing(IteratorBlock.java:321)
	at freemarker.core.IteratorBlock$IterationContext.executeNestedContent(IteratorBlock.java:271)
	at freemarker.core.IteratorBlock$IterationContext.accept(IteratorBlock.java:244)
	at freemarker.core.Environment.visitIteratorBlock(Environment.java:657)
	at freemarker.core.IteratorBlock.acceptWithResult(IteratorBlock.java:108)
	at freemarker.core.IteratorBlock.accept(IteratorBlock.java:94)
	at freemarker.core.Environment.visit(Environment.java:347)
	at freemarker.core.Environment.visit(Environment.java:389)
	at freemarker.core.Environment.invokeMacroOrFunctionCommonPart(Environment.java:889)
	at freemarker.core.Environment.invokeMacro(Environment.java:825)
	at freemarker.core.UnifiedCall.accept(UnifiedCall.java:84)
	at freemarker.core.Environment.visit(Environment.java:347)
	at freemarker.core.Environment.visit(Environment.java:389)
	at freemarker.core.IteratorBlock$IterationContext.executedNestedContentForCollOrSeqListing(IteratorBlock.java:321)
	at freemarker.core.IteratorBlock$IterationContext.executeNestedContent(IteratorBlock.java:271)
	at freemarker.core.IteratorBlock$IterationContext.accept(IteratorBlock.java:244)
	at freemarker.core.Environment.visitIteratorBlock(Environment.java:657)
	at freemarker.core.IteratorBlock.acceptWithResult(IteratorBlock.java:108)
	at freemarker.core.IteratorBlock.accept(IteratorBlock.java:94)
	at freemarker.core.Environment.visit(Environment.java:347)
	at freemarker.core.Environment.visit(Environment.java:389)
	at freemarker.core.Environment.invokeMacroOrFunctionCommonPart(Environment.java:889)
	at freemarker.core.Environment.invokeMacro(Environment.java:825)
	at freemarker.core.UnifiedCall.accept(UnifiedCall.java:84)
	at freemarker.core.Environment.visit(Environment.java:347)
	at freemarker.core.Environment.visit(Environment.java:389)
	at freemarker.core.IteratorBlock$IterationContext.executedNestedContentForCollOrSeqListing(IteratorBlock.java:321)
	at freemarker.core.IteratorBlock$IterationContext.executeNestedContent(IteratorBlock.java:271)
	at freemarker.core.IteratorBlock$IterationContext.accept(IteratorBlock.java:244)
	at freemarker.core.Environment.visitIteratorBlock(Environment.java:657)
	at freemarker.core.IteratorBlock.acceptWithResult(IteratorBlock.java:108)
	at freemarker.core.IteratorBlock.accept(IteratorBlock.java:94)
	at freemarker.core.Environment.visit(Environment.java:347)
	at freemarker.core.Environment.visit(Environment.java:389)
	at freemarker.core.Environment.invokeMacroOrFunctionCommonPart(Environment.java:889)
	at freemarker.core.Environment.invokeMacro(Environment.java:825)
	at freemarker.core.UnifiedCall.accept(UnifiedCall.java:84)
	at freemarker.core.Environment.visit(Environment.java:347)
	at freemarker.core.Environment.visit(Environment.java:389)
	at freemarker.core.IteratorBlock$IterationContext.executedNestedContentForCollOrSeqListing(IteratorBlock.java:321)
	at freemarker.core.IteratorBlock$IterationContext.executeNestedContent(IteratorBlock.java:271)
	at freemarker.core.IteratorBlock$IterationContext.accept(IteratorBlock.java:244)
	at freemarker.core.Environment.visitIteratorBlock(Environment.java:657)
	at freemarker.core.IteratorBlock.acceptWithResult(IteratorBlock.java:108)
	at freemarker.core.IteratorBlock.accept(IteratorBlock.java:94)
	at freemarker.core.Environment.visit(Environment.java:347)
	at freemarker.core.Environment.visit(Environment.java:389)
	at freemarker.core.Environment.invokeMacroOrFunctionCommonPart(Environment.java:889)
	at freemarker.core.Environment.invokeMacro(Environment.java:825)
	at freemarker.core.UnifiedCall.accept(UnifiedCall.java:84)
	at freemarker.core.Environment.visit(Environment.java:347)
	at freemarker.core.Environment.visit(Environment.java:389)
	at freemarker.core.IteratorBlock$IterationContext.executedNestedContentForCollOrSeqListing(IteratorBlock.java:321)
	at freemarker.core.IteratorBlock$IterationContext.executeNestedContent(IteratorBlock.java:271)
	at freemarker.core.IteratorBlock$IterationContext.accept(IteratorBlock.java:244)
	at freemarker.core.Environment.visitIteratorBlock(Environment.java:657)
	at freemarker.core.IteratorBlock.acceptWithResult(IteratorBlock.java:108)
	at freemarker.core.IteratorBlock.accept(IteratorBlock.java:94)
	at freemarker.core.Environment.visit(Environment.java:347)
	at freemarker.core.Environment.visit(Environment.java:389)
	at freemarker.core.Environment.invokeMacroOrFunctionCommonPart(Environment.java:889)
	at freemarker.core.Environment.invokeMacro(Environment.java:825)
	at freemarker.core.UnifiedCall.accept(UnifiedCall.java:84)
	at freemarker.core.Environment.visit(Environment.java:347)
	at freemarker.core.Environment.visit(Environment.java:389)
	at freemarker.core.IteratorBlock$IterationContext.executedNestedContentForCollOrSeqListing(IteratorBlock.java:321)
	at freemarker.core.IteratorBlock$IterationContext.executeNestedContent(IteratorBlock.java:271)
	at freemarker.core.IteratorBlock$IterationContext.accept(IteratorBlock.java:244)
	at freemarker.core.Environment.visitIteratorBlock(Environment.java:657)
	at freemarker.core.IteratorBlock.acceptWithResult(IteratorBlock.java:108)
	at freemarker.core.IteratorBlock.accept(IteratorBlock.java:94)
	at freemarker.core.Environment.visit(Environment.java:347)
	at freemarker.core.Environment.visit(Environment.java:389)
	at freemarker.core.Environment.invokeMacroOrFunctionCommonPart(Environment.java:889)
	at freemarker.core.Environment.invokeMacro(Environment.java:825)
	at freemarker.core.UnifiedCall.accept(UnifiedCall.java:84)
	at freemarker.core.Environment.visit(Environment.java:347)
	at freemarker.core.Environment.visit(Environment.java:389)
	at freemarker.core.IteratorBlock$IterationContext.executedNestedContentForCollOrSeqListing(IteratorBlock.java:321)
	at freemarker.core.IteratorBlock$IterationContext.executeNestedContent(IteratorBlock.java:271)
	at freemarker.core.IteratorBlock$IterationContext.accept(IteratorBlock.java:244)
	at freemarker.core.Environment.visitIteratorBlock(Environment.java:657)
	at freemarker.core.IteratorBlock.acceptWithResult(IteratorBlock.java:108)
	at freemarker.core.IteratorBlock.accept(IteratorBlock.java:94)
	at freemarker.core.Environment.visit(Environment.java:347)
	at freemarker.core.Environment.visit(Environment.java:389)
	at freemarker.core.Environment.invokeMacroOrFunctionCommonPart(Environment.java:889)
	at freemarker.core.Environment.invokeMacro(Environment.java:825)
	at freemarker.core.UnifiedCall.accept(UnifiedCall.java:84)
	at freemarker.core.Environment.visit(Environment.java:347)
	at freemarker.core.Environment.visit(Environment.java:389)
	at freemarker.core.IteratorBlock$IterationContext.executedNestedContentForCollOrSeqListing(IteratorBlock.java:321)
	at freemarker.core.IteratorBlock$IterationContext.executeNestedContent(IteratorBlock.java:271)
	at freemarker.core.IteratorBlock$IterationContext.accept(IteratorBlock.java:244)
	at freemarker.core.Environment.visitIteratorBlock(Environment.java:657)
	at freemarker.core.IteratorBlock.acceptWithResult(IteratorBlock.java:108)
	at freemarker.core.IteratorBlock.accept(IteratorBlock.java:94)
	at freemarker.core.Environment.visit(Environment.java:347)
	at freemarker.core.Environment.visit(Environment.java:389)
	at freemarker.core.Environment.invokeMacroOrFunctionCommonPart(Environment.java:889)
	at freemarker.core.Environment.invokeMacro(Environment.java:825)
	at freemarker.core.UnifiedCall.accept(UnifiedCall.java:84)
	at freemarker.core.Environment.visit(Environment.java:347)
	at freemarker.core.Environment.visit(Environment.java:389)
	at freemarker.core.IteratorBlock$IterationContext.executedNestedContentForCollOrSeqListing(IteratorBlock.java:321)
	at freemarker.core.IteratorBlock$IterationContext.executeNestedContent(IteratorBlock.java:271)
	at freemarker.core.IteratorBlock$IterationContext.accept(IteratorBlock.java:244)
	at freemarker.core.Environment.visitIteratorBlock(Environment.java:657)
	at freemarker.core.IteratorBlock.acceptWithResult(IteratorBlock.java:108)
	at freemarker.core.IteratorBlock.accept(IteratorBlock.java:94)
	at freemarker.core.Environment.visit(Environment.java:347)
	at freemarker.core.Environment.visit(Environment.java:389)
	at freemarker.core.Environment.invokeMacroOrFunctionCommonPart(Environment.java:889)
	at freemarker.core.Environment.invokeMacro(Environment.java:825)
	at freemarker.core.UnifiedCall.accept(UnifiedCall.java:84)
	at freemarker.core.Environment.visit(Environment.java:347)
	at freemarker.core.Environment.visit(Environment.java:389)
	at freemarker.core.IteratorBlock$IterationContext.executedNestedContentForCollOrSeqListing(IteratorBlock.java:321)
	at freemarker.core.IteratorBlock$IterationContext.executeNestedContent(IteratorBlock.java:271)
	at freemarker.core.IteratorBlock$IterationContext.accept(IteratorBlock.java:244)
	at freemarker.core.Environment.visitIteratorBlock(Environment.java:657)
	at freemarker.core.IteratorBlock.acceptWithResult(IteratorBlock.java:108)
	at freemarker.core.IteratorBlock.accept(IteratorBlock.java:94)
	at freemarker.core.Environment.visit(Environment.java:347)
	at freemarker.core.Environment.visit(Environment.java:389)
	at freemarker.core.Environment.invokeMacroOrFunctionCommonPart(Environment.java:889)
	at freemarker.core.Environment.invokeMacro(Environment.java:825)
	at freemarker.core.UnifiedCall.accept(UnifiedCall.java:84)
	at freemarker.core.Environment.visit(Environment.java:347)
	at freemarker.core.Environment.visit(Environment.java:389)
	at freemarker.core.IteratorBlock$IterationContext.executedNestedContentForCollOrSeqListing(IteratorBlock.java:321)
	at freemarker.core.IteratorBlock$IterationContext.executeNestedContent(IteratorBlock.java:271)
	at freemarker.core.IteratorBlock$IterationContext.accept(IteratorBlock.java:244)
	at freemarker.core.Environment.visitIteratorBlock(Environment.java:657)
	at freemarker.core.IteratorBlock.acceptWithResult(IteratorBlock.java:108)
	at freemarker.core.IteratorBlock.accept(IteratorBlock.java:94)
	at freemarker.core.Environment.visit(Environment.java:347)
	at freemarker.core.Environment.visit(Environment.java:389)
	at freemarker.core.Environment.invokeMacroOrFunctionCommonPart(Environment.java:889)
	at freemarker.core.Environment.invokeMacro(Environment.java:825)
	at freemarker.core.UnifiedCall.accept(UnifiedCall.java:84)
	at freemarker.core.Environment.visit(Environment.java:347)
	at freemarker.core.Environment.visit(Environment.java:389)
	at freemarker.core.IteratorBlock$IterationContext.executedNestedContentForCollOrSeqListing(IteratorBlock.java:321)
	at freemarker.core.IteratorBlock$IterationContext.executeNestedContent(IteratorBlock.java:271)
	at freemarker.core.IteratorBlock$IterationContext.accept(IteratorBlock.java:244)
	at freemarker.core.Environment.visitIteratorBlock(Environment.java:657)
	at freemarker.core.IteratorBlock.acceptWithResult(IteratorBlock.java:108)
	at freemarker.core.IteratorBlock.accept(IteratorBlock.java:94)
	at freemarker.core.Environment.visit(Environment.java:347)
	at freemarker.core.Environment.visit(Environment.java:389)
	at freemarker.core.Environment.invokeMacroOrFunctionCommonPart(Environment.java:889)
	at freemarker.core.Environment.invokeMacro(Environment.java:825)
	at freemarker.core.UnifiedCall.accept(UnifiedCall.java:84)
	at freemarker.core.Environment.visit(Environment.java:347)
	at freemarker.core.Environment.visit(Environment.java:389)
	at freemarker.core.IteratorBlock$IterationContext.executedNestedContentForCollOrSeqListing(IteratorBlock.java:321)
	at freemarker.core.IteratorBlock$IterationContext.executeNestedContent(IteratorBlock.java:271)
	at freemarker.core.IteratorBlock$IterationContext.accept(IteratorBlock.java:244)
	at freemarker.core.Environment.visitIteratorBlock(Environment.java:657)
	at freemarker.core.IteratorBlock.acceptWithResult(IteratorBlock.java:108)
	at freemarker.core.IteratorBlock.accept(IteratorBlock.java:94)
	at freemarker.core.Environment.visit(Environment.java:347)
	at freemarker.core.Environment.visit(Environment.java:389)
	at freemarker.core.Environment.invokeMacroOrFunctionCommonPart(Environment.java:889)
	at freemarker.core.Environment.invokeMacro(Environment.java:825)
	at freemarker.core.UnifiedCall.accept(UnifiedCall.java:84)
	at freemarker.core.Environment.visit(Environment.java:347)
	at freemarker.core.Environment.visit(Environment.java:389)
	at freemarker.core.IteratorBlock$IterationContext.executedNestedContentForCollOrSeqListing(IteratorBlock.java:321)
	at freemarker.core.IteratorBlock$IterationContext.executeNestedContent(IteratorBlock.java:271)
	at freemarker.core.IteratorBlock$IterationContext.accept(IteratorBlock.java:244)
	at freemarker.core.Environment.visitIteratorBlock(Environment.java:657)
	at freemarker.core.IteratorBlock.acceptWithResult(IteratorBlock.java:108)
	at freemarker.core.IteratorBlock.accept(IteratorBlock.java:94)
	at freemarker.core.Environment.visit(Environment.java:347)
	at freemarker.core.Environment.visit(Environment.java:389)
	at freemarker.core.Environment.invokeMacroOrFunctionCommonPart(Environment.java:889)
	at freemarker.core.Environment.invokeMacro(Environment.java:825)
	at freemarker.core.UnifiedCall.accept(UnifiedCall.java:84)
	at freemarker.core.Environment.visit(Environment.java:347)
	at freemarker.core.Environment.visit(Environment.java:389)
	at freemarker.core.IteratorBlock$IterationContext.executedNestedContentForCollOrSeqListing(IteratorBlock.java:321)
	at freemarker.core.IteratorBlock$IterationContext.executeNestedContent(IteratorBlock.java:271)
	at freemarker.core.IteratorBlock$IterationContext.accept(IteratorBlock.java:244)
	at freemarker.core.Environment.visitIteratorBlock(Environment.java:657)
	at freemarker.core.IteratorBlock.acceptWithResult(IteratorBlock.java:108)
	at freemarker.core.IteratorBlock.accept(IteratorBlock.java:94)
	at freemarker.core.Environment.visit(Environment.java:347)
	at freemarker.core.Environment.visit(Environment.java:389)
	at freemarker.core.Environment.invokeMacroOrFunctionCommonPart(Environment.java:889)
	at freemarker.core.Environment.invokeMacro(Environment.java:825)
	at freemarker.core.UnifiedCall.accept(UnifiedCall.java:84)
	at freemarker.core.Environment.visit(Environment.java:347)
	at freemarker.core.Environment.visit(Environment.java:389)
	at freemarker.core.IteratorBlock$IterationContext.executedNestedContentForCollOrSeqListing(IteratorBlock.java:321)
	at freemarker.core.IteratorBlock$IterationContext.executeNestedContent(IteratorBlock.java:271)
	at freemarker.core.IteratorBlock$IterationContext.accept(IteratorBlock.java:244)
	at freemarker.core.Environment.visitIteratorBlock(Environment.java:657)
	at freemarker.core.IteratorBlock.acceptWithResult(IteratorBlock.java:108)
	at freemarker.core.IteratorBlock.accept(IteratorBlock.java:94)
	at freemarker.core.Environment.visit(Environment.java:347)
	at freemarker.core.Environment.visit(Environment.java:389)
	at freemarker.core.Environment.invokeMacroOrFunctionCommonPart(Environment.java:889)
	at freemarker.core.Environment.invokeMacro(Environment.java:825)
	at freemarker.core.UnifiedCall.accept(UnifiedCall.java:84)
	at freemarker.core.Environment.visit(Environment.java:347)
	at freemarker.core.Environment.visit(Environment.java:389)
	at freemarker.core.IteratorBlock$IterationContext.executedNestedContentForCollOrSeqListing(IteratorBlock.java:321)
	at freemarker.core.IteratorBlock$IterationContext.executeNestedContent(IteratorBlock.java:271)
	at freemarker.core.IteratorBlock$IterationContext.accept(IteratorBlock.java:244)
	at freemarker.core.Environment.visitIteratorBlock(Environment.java:657)
	at freemarker.core.IteratorBlock.acceptWithResult(IteratorBlock.java:108)
	at freemarker.core.IteratorBlock.accept(IteratorBlock.java:94)
	at freemarker.core.Environment.visit(Environment.java:347)
	at freemarker.core.Environment.visit(Environment.java:389)
	at freemarker.core.Environment.invokeMacroOrFunctionCommonPart(Environment.java:889)
	at freemarker.core.Environment.invokeMacro(Environment.java:825)
	at freemarker.core.UnifiedCall.accept(UnifiedCall.java:84)
	at freemarker.core.Environment.visit(Environment.java:347)
	at freemarker.core.Environment.visit(Environment.java:389)
	at freemarker.core.IteratorBlock$IterationContext.executedNestedContentForCollOrSeqListing(IteratorBlock.java:321)
	at freemarker.core.IteratorBlock$IterationContext.executeNestedContent(IteratorBlock.java:271)
	at freemarker.core.IteratorBlock$IterationContext.accept(IteratorBlock.java:244)
	at freemarker.core.Environment.visitIteratorBlock(Environment.java:657)
	at freemarker.core.IteratorBlock.acceptWithResult(IteratorBlock.java:108)
	at freemarker.core.IteratorBlock.accept(IteratorBlock.java:94)
	at freemarker.core.Environment.visit(Environment.java:347)
	at freemarker.core.Environment.visit(Environment.java:389)
	at freemarker.core.Environment.invokeMacroOrFunctionCommonPart(Environment.java:889)
	at freemarker.core.Environment.invokeMacro(Environment.java:825)
	at freemarker.core.UnifiedCall.accept(UnifiedCall.java:84)
	at freemarker.core.Environment.visit(Environment.java:347)
	at freemarker.core.Environment.visit(Environment.java:389)
	at freemarker.core.IteratorBlock$IterationContext.executedNestedContentForCollOrSeqListing(IteratorBlock.java:321)
	at freemarker.core.IteratorBlock$IterationContext.executeNestedContent(IteratorBlock.java:271)
	at freemarker.core.IteratorBlock$IterationContext.accept(IteratorBlock.java:244)
	at freemarker.core.Environment.visitIteratorBlock(Environment.java:657)
	at freemarker.core.IteratorBlock.acceptWithResult(IteratorBlock.java:108)
	at freemarker.core.IteratorBlock.accept(IteratorBlock.java:94)
	at freemarker.core.Environment.visit(Environment.java:347)
	at freemarker.core.Environment.visit(Environment.java:389)
	at freemarker.core.Environment.invokeMacroOrFunctionCommonPart(Environment.java:889)
	at freemarker.core.Environment.invokeMacro(Environment.java:825)
	at freemarker.core.UnifiedCall.accept(UnifiedCall.java:84)
	at freemarker.core.Environment.visit(Environment.java:347)
	at freemarker.core.Environment.visit(Environment.java:389)
	at freemarker.core.IteratorBlock$IterationContext.executedNestedContentForCollOrSeqListing(IteratorBlock.java:321)
	at freemarker.core.IteratorBlock$IterationContext.executeNestedContent(IteratorBlock.java:271)
	at freemarker.core.IteratorBlock$IterationContext.accept(IteratorBlock.java:244)
	at freemarker.core.Environment.visitIteratorBlock(Environment.java:657)
	at freemarker.core.IteratorBlock.acceptWithResult(IteratorBlock.java:108)
	at freemarker.core.IteratorBlock.accept(IteratorBlock.java:94)
	at freemarker.core.Environment.visit(Environment.java:347)
	at freemarker.core.Environment.visit(Environment.java:389)
	at freemarker.core.Environment.invokeMacroOrFunctionCommonPart(Environment.java:889)
	at freemarker.core.Environment.invokeMacro(Environment.java:825)
	at freemarker.core.UnifiedCall.accept(UnifiedCall.java:84)
	at freemarker.core.Environment.visit(Environment.java:347)
	at freemarker.core.Environment.visit(Environment.java:389)
	at freemarker.core.IteratorBlock$IterationContext.executedNestedContentForCollOrSeqListing(IteratorBlock.java:321)
	at freemarker.core.IteratorBlock$IterationContext.executeNestedContent(IteratorBlock.java:271)
	at freemarker.core.IteratorBlock$IterationContext.accept(IteratorBlock.java:244)
	at freemarker.core.Environment.visitIteratorBlock(Environment.java:657)
	at freemarker.core.IteratorBlock.acceptWithResult(IteratorBlock.java:108)
	at freemarker.core.IteratorBlock.accept(IteratorBlock.java:94)
	at freemarker.core.Environment.visit(Environment.java:347)
	at freemarker.core.Environment.visit(Environment.java:389)
	at freemarker.core.Environment.invokeMacroOrFunctionCommonPart(Environment.java:889)
	at freemarker.core.Environment.invokeMacro(Environment.java:825)
	at freemarker.core.UnifiedCall.accept(UnifiedCall.java:84)
	at freemarker.core.Environment.visit(Environment.java:347)
	at freemarker.core.Environment.visit(Environment.java:389)
	at freemarker.core.IteratorBlock$IterationContext.executedNestedContentForCollOrSeqListing(IteratorBlock.java:321)
	at freemarker.core.IteratorBlock$IterationContext.executeNestedContent(IteratorBlock.java:271)
	at freemarker.core.IteratorBlock$IterationContext.accept(IteratorBlock.java:244)
	at freemarker.core.Environment.visitIteratorBlock(Environment.java:657)
	at freemarker.core.IteratorBlock.acceptWithResult(IteratorBlock.java:108)
	at freemarker.core.IteratorBlock.accept(IteratorBlock.java:94)
	at freemarker.core.Environment.visit(Environment.java:347)
	at freemarker.core.Environment.visit(Environment.java:389)
	at freemarker.core.Environment.invokeMacroOrFunctionCommonPart(Environment.java:889)
	at freemarker.core.Environment.invokeMacro(Environment.java:825)
	at freemarker.core.UnifiedCall.accept(UnifiedCall.java:84)
	at freemarker.core.Environment.visit(Environment.java:347)
	at freemarker.core.Environment.visit(Environment.java:389)
	at freemarker.core.IteratorBlock$IterationContext.executedNestedContentForCollOrSeqListing(IteratorBlock.java:321)
	at freemarker.core.IteratorBlock$IterationContext.executeNestedContent(IteratorBlock.java:271)
	at freemarker.core.IteratorBlock$IterationContext.accept(IteratorBlock.java:244)
	at freemarker.core.Environment.visitIteratorBlock(Environment.java:657)
	at freemarker.core.IteratorBlock.acceptWithResult(IteratorBlock.java:108)
	at freemarker.core.IteratorBlock.accept(IteratorBlock.java:94)
	at freemarker.core.Environment.visit(Environment.java:347)
	at freemarker.core.Environment.visit(Environment.java:389)
	at freemarker.core.Environment.invokeMacroOrFunctionCommonPart(Environment.java:889)
	at freemarker.core.Environment.invokeMacro(Environment.java:825)
	at freemarker.core.UnifiedCall.accept(UnifiedCall.java:84)
	at freemarker.core.Environment.visit(Environment.java:347)
	at freemarker.core.Environment.visit(Environment.java:389)
	at freemarker.core.IteratorBlock$IterationContext.executedNestedContentForCollOrSeqListing(IteratorBlock.java:321)
	at freemarker.core.IteratorBlock$IterationContext.executeNestedContent(IteratorBlock.java:271)
	at freemarker.core.IteratorBlock$IterationContext.accept(IteratorBlock.java:244)
	at freemarker.core.Environment.visitIteratorBlock(Environment.java:657)
	at freemarker.core.IteratorBlock.acceptWithResult(IteratorBlock.java:108)
	at freemarker.core.IteratorBlock.accept(IteratorBlock.java:94)
	at freemarker.core.Environment.visit(Environment.java:347)
	at freemarker.core.Environment.visit(Environment.java:389)
	at freemarker.core.Environment.invokeMacroOrFunctionCommonPart(Environment.java:889)
	at freemarker.core.Environment.invokeMacro(Environment.java:825)
	at freemarker.core.UnifiedCall.accept(UnifiedCall.java:84)
	at freemarker.core.Environment.visit(Environment.java:347)
	at freemarker.core.Environment.visit(Environment.java:389)
	at freemarker.core.IteratorBlock$IterationContext.executedNestedContentForCollOrSeqListing(IteratorBlock.java:321)
	at freemarker.core.IteratorBlock$IterationContext.executeNestedContent(IteratorBlock.java:271)
	at freemarker.core.IteratorBlock$IterationContext.accept(IteratorBlock.java:244)
	at freemarker.core.Environment.visitIteratorBlock(Environment.java:657)
	at freemarker.core.IteratorBlock.acceptWithResult(IteratorBlock.java:108)
	at freemarker.core.IteratorBlock.accept(IteratorBlock.java:94)
	at freemarker.core.Environment.visit(Environment.java:347)
	at freemarker.core.Environment.visit(Environment.java:389)
	at freemarker.core.Environment.invokeMacroOrFunctionCommonPart(Environment.java:889)
	at freemarker.core.Environment.invokeMacro(Environment.java:825)
	at freemarker.core.UnifiedCall.accept(UnifiedCall.java:84)
	at freemarker.core.Environment.visit(Environment.java:347)
	at freemarker.core.Environment.visit(Environment.java:389)
	at freemarker.core.IteratorBlock$IterationContext.executedNestedContentForCollOrSeqListing(IteratorBlock.java:321)
	at freemarker.core.IteratorBlock$IterationContext.executeNestedContent(IteratorBlock.java:271)
	at freemarker.core.IteratorBlock$IterationContext.accept(IteratorBlock.java:244)
	at freemarker.core.Environment.visitIteratorBlock(Environment.java:657)
	at freemarker.core.IteratorBlock.acceptWithResult(IteratorBlock.java:108)
	at freemarker.core.IteratorBlock.accept(IteratorBlock.java:94)
	at freemarker.core.Environment.visit(Environment.java:347)
	at freemarker.core.Environment.visit(Environment.java:389)
	at freemarker.core.Environment.invokeMacroOrFunctionCommonPart(Environment.java:889)
	at freemarker.core.Environment.invokeMacro(Environment.java:825)
	at freemarker.core.UnifiedCall.accept(UnifiedCall.java:84)
	at freemarker.core.Environment.visit(Environment.java:347)
	at freemarker.core.Environment.visit(Environment.java:389)
	at freemarker.core.IteratorBlock$IterationContext.executedNestedContentForCollOrSeqListing(IteratorBlock.java:321)
	at freemarker.core.IteratorBlock$IterationContext.executeNestedContent(IteratorBlock.java:271)
	at freemarker.core.IteratorBlock$IterationContext.accept(IteratorBlock.java:244)
	at freemarker.core.Environment.visitIteratorBlock(Environment.java:657)
	at freemarker.core.IteratorBlock.acceptWithResult(IteratorBlock.java:108)
	at freemarker.core.IteratorBlock.accept(IteratorBlock.java:94)
	at freemarker.core.Environment.visit(Environment.java:347)
	at freemarker.core.Environment.visit(Environment.java:389)
	at freemarker.core.Environment.invokeMacroOrFunctionCommonPart(Environment.java:889)
	at freemarker.core.Environment.invokeMacro(Environment.java:825)
	at freemarker.core.UnifiedCall.accept(UnifiedCall.java:84)
	at freemarker.core.Environment.visit(Environment.java:347)
	at freemarker.core.Environment.visit(Environment.java:389)
	at freemarker.core.IteratorBlock$IterationContext.executedNestedContentForCollOrSeqListing(IteratorBlock.java:321)
	at freemarker.core.IteratorBlock$IterationContext.executeNestedContent(IteratorBlock.java:271)
	at freemarker.core.IteratorBlock$IterationContext.accept(IteratorBlock.java:244)
	at freemarker.core.Environment.visitIteratorBlock(Environment.java:657)
	at freemarker.core.IteratorBlock.acceptWithResult(IteratorBlock.java:108)
	at freemarker.core.IteratorBlock.accept(IteratorBlock.java:94)
	at freemarker.core.Environment.visit(Environment.java:347)
	at freemarker.core.Environment.visit(Environment.java:389)
	at freemarker.core.Environment.invokeMacroOrFunctionCommonPart(Environment.java:889)
	at freemarker.core.Environment.invokeMacro(Environment.java:825)
	at freemarker.core.UnifiedCall.accept(UnifiedCall.java:84)
	at freemarker.core.Environment.visit(Environment.java:347)
	at freemarker.core.Environment.visit(Environment.java:389)
	at freemarker.core.IteratorBlock$IterationContext.executedNestedContentForCollOrSeqListing(IteratorBlock.java:321)
	at freemarker.core.IteratorBlock$IterationContext.executeNestedContent(IteratorBlock.java:271)
	at freemarker.core.IteratorBlock$IterationContext.accept(IteratorBlock.java:244)
	at freemarker.core.Environment.visitIteratorBlock(Environment.java:657)
	at freemarker.core.IteratorBlock.acceptWithResult(IteratorBlock.java:108)
	at freemarker.core.IteratorBlock.accept(IteratorBlock.java:94)
	at freemarker.core.Environment.visit(Environment.java:347)
	at freemarker.core.Environment.visit(Environment.java:389)
	at freemarker.core.Environment.invokeMacroOrFunctionCommonPart(Environment.java:889)
	at freemarker.core.Environment.invokeMacro(Environment.java:825)
	at freemarker.core.UnifiedCall.accept(UnifiedCall.java:84)
	at freemarker.core.Environment.visit(Environment.java:347)
	at freemarker.core.Environment.visit(Environment.java:389)
	at freemarker.core.IteratorBlock$IterationContext.executedNestedContentForCollOrSeqListing(IteratorBlock.java:321)
	at freemarker.core.IteratorBlock$IterationContext.executeNestedContent(IteratorBlock.java:271)
	at freemarker.core.IteratorBlock$IterationContext.accept(IteratorBlock.java:244)
	at freemarker.core.Environment.visitIteratorBlock(Environment.java:657)
	at freemarker.core.IteratorBlock.acceptWithResult(IteratorBlock.java:108)
	at freemarker.core.IteratorBlock.accept(IteratorBlock.java:94)
	at freemarker.core.Environment.visit(Environment.java:347)
	at freemarker.core.Environment.visit(Environment.java:389)
	at freemarker.core.Environment.invokeMacroOrFunctionCommonPart(Environment.java:889)
	at freemarker.core.Environment.invokeMacro(Environment.java:825)
	at freemarker.core.UnifiedCall.accept(UnifiedCall.java:84)
	at freemarker.core.Environment.visit(Environment.java:347)
	at freemarker.core.Environment.visit(Environment.java:389)
	at freemarker.core.IteratorBlock$IterationContext.executedNestedContentForCollOrSeqListing(IteratorBlock.java:321)
	at freemarker.core.IteratorBlock$IterationContext.executeNestedContent(IteratorBlock.java:271)
	at freemarker.core.IteratorBlock$IterationContext.accept(IteratorBlock.java:244)
	at freemarker.core.Environment.visitIteratorBlock(Environment.java:657)
	at freemarker.core.IteratorBlock.acceptWithResult(IteratorBlock.java:108)
	at freemarker.core.IteratorBlock.accept(IteratorBlock.java:94)
	at freemarker.core.Environment.visit(Environment.java:347)
	at freemarker.core.Environment.visit(Environment.java:389)
	at freemarker.core.Environment.invokeMacroOrFunctionCommonPart(Environment.java:889)
	at freemarker.core.Environment.invokeMacro(Environment.java:825)
	at freemarker.core.UnifiedCall.accept(UnifiedCall.java:84)
	at freemarker.core.Environment.visit(Environment.java:347)
	at freemarker.core.Environment.visit(Environment.java:389)
	at freemarker.core.IteratorBlock$IterationContext.executedNestedContentForCollOrSeqListing(IteratorBlock.java:321)
	at freemarker.core.IteratorBlock$IterationContext.executeNestedContent(IteratorBlock.java:271)
	at freemarker.core.IteratorBlock$IterationContext.accept(IteratorBlock.java:244)
	at freemarker.core.Environment.visitIteratorBlock(Environment.java:657)
	at freemarker.core.IteratorBlock.acceptWithResult(IteratorBlock.java:108)
	at freemarker.core.IteratorBlock.accept(IteratorBlock.java:94)
	at freemarker.core.Environment.visit(Environment.java:347)
	at freemarker.core.Environment.visit(Environment.java:389)
	at freemarker.core.Environment.invokeMacroOrFunctionCommonPart(Environment.java:889)
	at freemarker.core.Environment.invokeMacro(Environment.java:825)
	at freemarker.core.UnifiedCall.accept(UnifiedCall.java:84)
	at freemarker.core.Environment.visit(Environment.java:347)
	at freemarker.core.Environment.visit(Environment.java:389)
	at freemarker.core.IteratorBlock$IterationContext.executedNestedContentForCollOrSeqListing(IteratorBlock.java:321)
	at freemarker.core.IteratorBlock$IterationContext.executeNestedContent(IteratorBlock.java:271)
	at freemarker.core.IteratorBlock$IterationContext.accept(IteratorBlock.java:244)
	at freemarker.core.Environment.visitIteratorBlock(Environment.java:657)
	at freemarker.core.IteratorBlock.acceptWithResult(IteratorBlock.java:108)
	at freemarker.core.IteratorBlock.accept(IteratorBlock.java:94)
	at freemarker.core.Environment.visit(Environment.java:347)
	at freemarker.core.Environment.visit(Environment.java:389)
	at freemarker.core.Environment.invokeMacroOrFunctionCommonPart(Environment.java:889)
	at freemarker.core.Environment.invokeMacro(Environment.java:825)
	at freemarker.core.UnifiedCall.accept(UnifiedCall.java:84)
	at freemarker.core.Environment.visit(Environment.java:347)
	at freemarker.core.Environment.visit(Environment.java:389)
	at freemarker.core.IteratorBlock$IterationContext.executedNestedContentForCollOrSeqListing(IteratorBlock.java:321)
	at freemarker.core.IteratorBlock$IterationContext.executeNestedContent(IteratorBlock.java:271)
	at freemarker.core.IteratorBlock$IterationContext.accept(IteratorBlock.java:244)
	at freemarker.core.Environment.visitIteratorBlock(Environment.java:657)
	at freemarker.core.IteratorBlock.acceptWithResult(IteratorBlock.java:108)
	at freemarker.core.IteratorBlock.accept(IteratorBlock.java:94)
	at freemarker.core.Environment.visit(Environment.java:347)
	at freemarker.core.Environment.visit(Environment.java:389)
	at freemarker.core.Environment.invokeMacroOrFunctionCommonPart(Environment.java:889)
	at freemarker.core.Environment.invokeMacro(Environment.java:825)
	at freemarker.core.UnifiedCall.accept(UnifiedCall.java:84)
	at freemarker.core.Environment.visit(Environment.java:347)
	at freemarker.core.Environment.visit(Environment.java:389)
	at freemarker.core.IteratorBlock$IterationContext.executedNestedContentForCollOrSeqListing(IteratorBlock.java:321)
	at freemarker.core.IteratorBlock$IterationContext.executeNestedContent(IteratorBlock.java:271)
	at freemarker.core.IteratorBlock$IterationContext.accept(IteratorBlock.java:244)
	at freemarker.core.Environment.visitIteratorBlock(Environment.java:657)
	at freemarker.core.IteratorBlock.acceptWithResult(IteratorBlock.java:108)
	at freemarker.core.IteratorBlock.accept(IteratorBlock.java:94)
	at freemarker.core.Environment.visit(Environment.java:347)
	at freemarker.core.Environment.visit(Environment.java:389)
	at freemarker.core.Environment.invokeMacroOrFunctionCommonPart(Environment.java:889)
	at freemarker.core.Environment.invokeMacro(Environment.java:825)
	at freemarker.core.UnifiedCall.accept(UnifiedCall.java:84)
	at freemarker.core.Environment.visit(Environment.java:347)
	at freemarker.core.Environment.visit(Environment.java:389)
	at freemarker.core.IteratorBlock$IterationContext.executedNestedContentForCollOrSeqListing(IteratorBlock.java:321)
	at freemarker.core.IteratorBlock$IterationContext.executeNestedContent(IteratorBlock.java:271)
	at freemarker.core.IteratorBlock$IterationContext.accept(IteratorBlock.java:244)
	at freemarker.core.Environment.visitIteratorBlock(Environment.java:657)
	at freemarker.core.IteratorBlock.acceptWithResult(IteratorBlock.java:108)
	at freemarker.core.IteratorBlock.accept(IteratorBlock.java:94)
	at freemarker.core.Environment.visit(Environment.java:347)
	at freemarker.core.Environment.visit(Environment.java:389)
	at freemarker.core.Environment.invokeMacroOrFunctionCommonPart(Environment.java:889)
	at freemarker.core.Environment.invokeMacro(Environment.java:825)
	at freemarker.core.UnifiedCall.accept(UnifiedCall.java:84)
	at freemarker.core.Environment.visit(Environment.java:347)
	at freemarker.core.Environment.visit(Environment.java:389)
	at freemarker.core.IteratorBlock$IterationContext.executedNestedContentForCollOrSeqListing(IteratorBlock.java:321)
	at freemarker.core.IteratorBlock$IterationContext.executeNestedContent(IteratorBlock.java:271)
	at freemarker.core.IteratorBlock$IterationContext.accept(IteratorBlock.java:244)
	at freemarker.core.Environment.visitIteratorBlock(Environment.java:657)
	at freemarker.core.IteratorBlock.acceptWithResult(IteratorBlock.java:108)
	at freemarker.core.IteratorBlock.accept(IteratorBlock.java:94)
	at freemarker.core.Environment.visit(Environment.java:347)
	at freemarker.core.Environment.visit(Environment.java:389)
	at freemarker.core.Environment.invokeMacroOrFunctionCommonPart(Environment.java:889)
	at freemarker.core.Environment.invokeMacro(Environment.java:825)
	at freemarker.core.UnifiedCall.accept(UnifiedCall.java:84)
	at freemarker.core.Environment.visit(Environment.java:347)
	at freemarker.core.Environment.visit(Environment.java:389)
	at freemarker.core.IteratorBlock$IterationContext.executedNestedContentForCollOrSeqListing(IteratorBlock.java:321)
	at freemarker.core.IteratorBlock$IterationContext.executeNestedContent(IteratorBlock.java:271)
	at freemarker.core.IteratorBlock$IterationContext.accept(IteratorBlock.java:244)
	at freemarker.core.Environment.visitIteratorBlock(Environment.java:657)
	at freemarker.core.IteratorBlock.acceptWithResult(IteratorBlock.java:108)
	at freemarker.core.IteratorBlock.accept(IteratorBlock.java:94)
	at freemarker.core.Environment.visit(Environment.java:347)
	at freemarker.core.Environment.visit(Environment.java:389)
	at freemarker.core.Environment.invokeMacroOrFunctionCommonPart(Environment.java:889)
	at freemarker.core.Environment.invokeMacro(Environment.java:825)
	at freemarker.core.UnifiedCall.accept(UnifiedCall.java:84)
	at freemarker.core.Environment.visit(Environment.java:347)
	at freemarker.core.Environment.visit(Environment.java:389)
	at freemarker.core.IteratorBlock$IterationContext.executedNestedContentForCollOrSeqListing(IteratorBlock.java:321)
	at freemarker.core.IteratorBlock$IterationContext.executeNestedContent(IteratorBlock.java:271)
	at freemarker.core.IteratorBlock$IterationContext.accept(IteratorBlock.java:244)
	at freemarker.core.Environment.visitIteratorBlock(Environment.java:657)
	at freemarker.core.IteratorBlock.acceptWithResult(IteratorBlock.java:108)
	at freemarker.core.IteratorBlock.accept(IteratorBlock.java:94)
	at freemarker.core.Environment.visit(Environment.java:347)
	at freemarker.core.Environment.visit(Environment.java:389)
	at freemarker.core.Environment.invokeMacroOrFunctionCommonPart(Environment.java:889)
	at freemarker.core.Environment.invokeMacro(Environment.java:825)
	at freemarker.core.UnifiedCall.accept(UnifiedCall.java:84)
	at freemarker.core.Environment.visit(Environment.java:347)
	at freemarker.core.Environment.visit(Environment.java:389)
	at freemarker.core.IteratorBlock$IterationContext.executedNestedContentForCollOrSeqListing(IteratorBlock.java:321)
	at freemarker.core.IteratorBlock$IterationContext.executeNestedContent(IteratorBlock.java:271)
	at freemarker.core.IteratorBlock$IterationContext.accept(IteratorBlock.java:244)
	at freemarker.core.Environment.visitIteratorBlock(Environment.java:657)
	at freemarker.core.IteratorBlock.acceptWithResult(IteratorBlock.java:108)
	at freemarker.core.IteratorBlock.accept(IteratorBlock.java:94)
	at freemarker.core.Environment.visit(Environment.java:347)
	at freemarker.core.Environment.visit(Environment.java:389)
	at freemarker.core.Environment.invokeMacroOrFunctionCommonPart(Environment.java:889)
	at freemarker.core.Environment.invokeMacro(Environment.java:825)
	at freemarker.core.UnifiedCall.accept(UnifiedCall.java:84)
	at freemarker.core.Environment.visit(Environment.java:347)
	at freemarker.core.Environment.visit(Environment.java:389)
	at freemarker.core.IteratorBlock$IterationContext.executedNestedContentForCollOrSeqListing(IteratorBlock.java:321)
	at freemarker.core.IteratorBlock$IterationContext.executeNestedContent(IteratorBlock.java:271)
	at freemarker.core.IteratorBlock$IterationContext.accept(IteratorBlock.java:244)
	at freemarker.core.Environment.visitIteratorBlock(Environment.java:657)
	at freemarker.core.IteratorBlock.acceptWithResult(IteratorBlock.java:108)
	at freemarker.core.IteratorBlock.accept(IteratorBlock.java:94)
	at freemarker.core.Environment.visit(Environment.java:347)
	at freemarker.core.Environment.visit(Environment.java:389)
	at freemarker.core.Environment.invokeMacroOrFunctionCommonPart(Environment.java:889)
	at freemarker.core.Environment.invokeMacro(Environment.java:825)
	at freemarker.core.UnifiedCall.accept(UnifiedCall.java:84)
	at freemarker.core.Environment.visit(Environment.java:347)
	at freemarker.core.Environment.visit(Environment.java:389)
	at freemarker.core.IteratorBlock$IterationContext.executedNestedContentForCollOrSeqListing(IteratorBlock.java:321)
	at freemarker.core.IteratorBlock$IterationContext.executeNestedContent(IteratorBlock.java:271)
	at freemarker.core.IteratorBlock$IterationContext.accept(IteratorBlock.java:244)
	at freemarker.core.Environment.visitIteratorBlock(Environment.java:657)
	at freemarker.core.IteratorBlock.acceptWithResult(IteratorBlock.java:108)
	at freemarker.core.IteratorBlock.accept(IteratorBlock.java:94)
	at freemarker.core.Environment.visit(Environment.java:347)
	at freemarker.core.Environment.visit(Environment.java:389)
	at freemarker.core.Environment.invokeMacroOrFunctionCommonPart(Environment.java:889)
	at freemarker.core.Environment.invokeMacro(Environment.java:825)
	at freemarker.core.UnifiedCall.accept(UnifiedCall.java:84)
	at freemarker.core.Environment.visit(Environment.java:347)
	at freemarker.core.Environment.visit(Environment.java:389)
	at freemarker.core.IteratorBlock$IterationContext.executedNestedContentForCollOrSeqListing(IteratorBlock.java:321)
	at freemarker.core.IteratorBlock$IterationContext.executeNestedContent(IteratorBlock.java:271)
	at freemarker.core.IteratorBlock$IterationContext.accept(IteratorBlock.java:244)
	at freemarker.core.Environment.visitIteratorBlock(Environment.java:657)
	at freemarker.core.IteratorBlock.acceptWithResult(IteratorBlock.java:108)
	at freemarker.core.IteratorBlock.accept(IteratorBlock.java:94)
	at freemarker.core.Environment.visit(Environment.java:347)
	at freemarker.core.Environment.visit(Environment.java:389)
	at freemarker.core.Environment.invokeMacroOrFunctionCommonPart(Environment.java:889)
	at freemarker.core.Environment.invokeMacro(Environment.java:825)
	at freemarker.core.UnifiedCall.accept(UnifiedCall.java:84)
	at freemarker.core.Environment.visit(Environment.java:347)
	at freemarker.core.Environment.visit(Environment.java:389)
	at freemarker.core.IteratorBlock$IterationContext.executedNestedContentForCollOrSeqListing(IteratorBlock.java:321)
	at freemarker.core.IteratorBlock$IterationContext.executeNestedContent(IteratorBlock.java:271)
	at freemarker.core.IteratorBlock$IterationContext.accept(IteratorBlock.java:244)
	at freemarker.core.Environment.visitIteratorBlock(Environment.java:657)
	at freemarker.core.IteratorBlock.acceptWithResult(IteratorBlock.java:108)
	at freemarker.core.IteratorBlock.accept(IteratorBlock.java:94)
	at freemarker.core.Environment.visit(Environment.java:347)
	at freemarker.core.Environment.visit(Environment.java:389)
	at freemarker.core.Environment.invokeMacroOrFunctionCommonPart(Environment.java:889)
	at freemarker.core.Environment.invokeMacro(Environment.java:825)
	at freemarker.core.UnifiedCall.accept(UnifiedCall.java:84)
	at freemarker.core.Environment.visit(Environment.java:347)
	at freemarker.core.Environment.visit(Environment.java:389)
	at freemarker.core.IteratorBlock$IterationContext.executedNestedContentForCollOrSeqListing(IteratorBlock.java:321)
	at freemarker.core.IteratorBlock$IterationContext.executeNestedContent(IteratorBlock.java:271)
	at freemarker.core.IteratorBlock$IterationContext.accept(IteratorBlock.java:244)
	at freemarker.core.Environment.visitIteratorBlock(Environment.java:657)
	at freemarker.core.IteratorBlock.acceptWithResult(IteratorBlock.java:108)
	at freemarker.core.IteratorBlock.accept(IteratorBlock.java:94)
	at freemarker.core.Environment.visit(Environment.java:347)
	at freemarker.core.Environment.visit(Environment.java:389)
	at freemarker.core.Environment.invokeMacroOrFunctionCommonPart(Environment.java:889)
	at freemarker.core.Environment.invokeMacro(Environment.java:825)
	at freemarker.core.UnifiedCall.accept(UnifiedCall.java:84)
	at freemarker.core.Environment.visit(Environment.java:347)
	at freemarker.core.Environment.visit(Environment.java:389)
	at freemarker.core.IteratorBlock$IterationContext.executedNestedContentForCollOrSeqListing(IteratorBlock.java:321)
	at freemarker.core.IteratorBlock$IterationContext.executeNestedContent(IteratorBlock.java:271)
	at freemarker.core.IteratorBlock$IterationContext.accept(IteratorBlock.java:244)
	at freemarker.core.Environment.visitIteratorBlock(Environment.java:657)
	at freemarker.core.IteratorBlock.acceptWithResult(IteratorBlock.java:108)
	at freemarker.core.IteratorBlock.accept(IteratorBlock.java:94)
	at freemarker.core.Environment.visit(Environment.java:347)
	at freemarker.core.Environment.visit(Environment.java:389)
	at freemarker.core.Environment.invokeMacroOrFunctionCommonPart(Environment.java:889)
	at freemarker.core.Environment.invokeMacro(Environment.java:825)
	at freemarker.core.UnifiedCall.accept(UnifiedCall.java:84)
	at freemarker.core.Environment.visit(Environment.java:347)
	at freemarker.core.Environment.visit(Environment.java:389)
	at freemarker.core.IteratorBlock$IterationContext.executedNestedContentForCollOrSeqListing(IteratorBlock.java:321)
	at freemarker.core.IteratorBlock$IterationContext.executeNestedContent(IteratorBlock.java:271)
	at freemarker.core.IteratorBlock$IterationContext.accept(IteratorBlock.java:244)
	at freemarker.core.Environment.visitIteratorBlock(Environment.java:657)
	at freemarker.core.IteratorBlock.acceptWithResult(IteratorBlock.java:108)
	at freemarker.core.IteratorBlock.accept(IteratorBlock.java:94)
	at freemarker.core.Environment.visit(Environment.java:347)
	at freemarker.core.Environment.visit(Environment.java:389)
	at freemarker.core.Environment.invokeMacroOrFunctionCommonPart(Environment.java:889)
	at freemarker.core.Environment.invokeMacro(Environment.java:825)
	at freemarker.core.UnifiedCall.accept(UnifiedCall.java:84)
	at freemarker.core.Environment.visit(Environment.java:347)
	at freemarker.core.Environment.visit(Environment.java:389)
	at freemarker.core.IteratorBlock$IterationContext.executedNestedContentForCollOrSeqListing(IteratorBlock.java:321)
	at freemarker.core.IteratorBlock$IterationContext.executeNestedContent(IteratorBlock.java:271)
	at freemarker.core.IteratorBlock$IterationContext.accept(IteratorBlock.java:244)
	at freemarker.core.Environment.visitIteratorBlock(Environment.java:657)
	at freemarker.core.IteratorBlock.acceptWithResult(IteratorBlock.java:108)
	at freemarker.core.IteratorBlock.accept(IteratorBlock.java:94)
	at freemarker.core.Environment.visit(Environment.java:347)
	at freemarker.core.Environment.visit(Environment.java:389)
	at freemarker.core.Environment.invokeMacroOrFunctionCommonPart(Environment.java:889)
	at freemarker.core.Environment.invokeMacro(Environment.java:825)
	at freemarker.core.UnifiedCall.accept(UnifiedCall.java:84)
	at freemarker.core.Environment.visit(Environment.java:347)
	at freemarker.core.Environment.visit(Environment.java:389)
	at freemarker.core.IteratorBlock$IterationContext.executedNestedContentForCollOrSeqListing(IteratorBlock.java:321)
	at freemarker.core.IteratorBlock$IterationContext.executeNestedContent(IteratorBlock.java:271)
	at freemarker.core.IteratorBlock$IterationContext.accept(IteratorBlock.java:244)
	at freemarker.core.Environment.visitIteratorBlock(Environment.java:657)
	at freemarker.core.IteratorBlock.acceptWithResult(IteratorBlock.java:108)
	at freemarker.core.IteratorBlock.accept(IteratorBlock.java:94)
	at freemarker.core.Environment.visit(Environment.java:347)
	at freemarker.core.Environment.visit(Environment.java:389)
	at freemarker.core.Environment.invokeMacroOrFunctionCommonPart(Environment.java:889)
	at freemarker.core.Environment.invokeMacro(Environment.java:825)
	at freemarker.core.UnifiedCall.accept(UnifiedCall.java:84)
	at freemarker.core.Environment.visit(Environment.java:347)
	at freemarker.core.Environment.visit(Environment.java:389)
	at freemarker.core.IteratorBlock$IterationContext.executedNestedContentForCollOrSeqListing(IteratorBlock.java:321)
	at freemarker.core.IteratorBlock$IterationContext.executeNestedContent(IteratorBlock.java:271)
	at freemarker.core.IteratorBlock$IterationContext.accept(IteratorBlock.java:244)
	at freemarker.core.Environment.visitIteratorBlock(Environment.java:657)
	at freemarker.core.IteratorBlock.acceptWithResult(IteratorBlock.java:108)
	at freemarker.core.IteratorBlock.accept(IteratorBlock.java:94)
	at freemarker.core.Environment.visit(Environment.java:347)
	at freemarker.core.Environment.visit(Environment.java:389)
	at freemarker.core.Environment.invokeMacroOrFunctionCommonPart(Environment.java:889)
	at freemarker.core.Environment.invokeMacro(Environment.java:825)
	at freemarker.core.UnifiedCall.accept(UnifiedCall.java:84)
	at freemarker.core.Environment.visit(Environment.java:347)
	at freemarker.core.Environment.visit(Environment.java:389)
	at freemarker.core.IteratorBlock$IterationContext.executedNestedContentForCollOrSeqListing(IteratorBlock.java:321)
	at freemarker.core.IteratorBlock$IterationContext.executeNestedContent(IteratorBlock.java:271)
	at freemarker.core.IteratorBlock$IterationContext.accept(IteratorBlock.java:244)
	at freemarker.core.Environment.visitIteratorBlock(Environment.java:657)
	at freemarker.core.IteratorBlock.acceptWithResult(IteratorBlock.java:108)
	at freemarker.core.IteratorBlock.accept(IteratorBlock.java:94)
	at freemarker.core.Environment.visit(Environment.java:347)
	at freemarker.core.Environment.visit(Environment.java:389)
	at freemarker.core.Environment.invokeMacroOrFunctionCommonPart(Environment.java:889)
	at freemarker.core.Environment.invokeMacro(Environment.java:825)
	at freemarker.core.UnifiedCall.accept(UnifiedCall.java:84)
	at freemarker.core.Environment.visit(Environment.java:347)
	at freemarker.core.Environment.visit(Environment.java:389)
	at freemarker.core.IteratorBlock$IterationContext.executedNestedContentForCollOrSeqListing(IteratorBlock.java:321)
	at freemarker.core.IteratorBlock$IterationContext.executeNestedContent(IteratorBlock.java:271)
	at freemarker.core.IteratorBlock$IterationContext.accept(IteratorBlock.java:244)
	at freemarker.core.Environment.visitIteratorBlock(Environment.java:657)
	at freemarker.core.IteratorBlock.acceptWithResult(IteratorBlock.java:108)
	at freemarker.core.IteratorBlock.accept(IteratorBlock.java:94)
	at freemarker.core.Environment.visit(Environment.java:347)
	at freemarker.core.Environment.visit(Environment.java:389)
	at freemarker.core.Environment.invokeMacroOrFunctionCommonPart(Environment.java:889)
	at freemarker.core.Environment.invokeMacro(Environment.java:825)
	at freemarker.core.UnifiedCall.accept(UnifiedCall.java:84)
	at freemarker.core.Environment.visit(Environment.java:347)
	at freemarker.core.Environment.visit(Environment.java:389)
	at freemarker.core.IteratorBlock$IterationContext.executedNestedContentForCollOrSeqListing(IteratorBlock.java:321)
	at freemarker.core.IteratorBlock$IterationContext.executeNestedContent(IteratorBlock.java:271)
	at freemarker.core.IteratorBlock$IterationContext.accept(IteratorBlock.java:244)
	at freemarker.core.Environment.visitIteratorBlock(Environment.java:657)
	at freemarker.core.IteratorBlock.acceptWithResult(IteratorBlock.java:108)
	at freemarker.core.IteratorBlock.accept(IteratorBlock.java:94)
	at freemarker.core.Environment.visit(Environment.java:347)
	at freemarker.core.Environment.visit(Environment.java:389)
	at freemarker.core.Environment.invokeMacroOrFunctionCommonPart(Environment.java:889)
	at freemarker.core.Environment.invokeMacro(Environment.java:825)
	at freemarker.core.UnifiedCall.accept(UnifiedCall.java:84)
	at freemarker.core.Environment.visit(Environment.java:347)
	at freemarker.core.Environment.visit(Environment.java:389)
	at freemarker.core.IteratorBlock$IterationContext.executedNestedContentForCollOrSeqListing(IteratorBlock.java:321)
	at freemarker.core.IteratorBlock$IterationContext.executeNestedContent(IteratorBlock.java:271)
	at freemarker.core.IteratorBlock$IterationContext.accept(IteratorBlock.java:244)
	at freemarker.core.Environment.visitIteratorBlock(Environment.java:657)
	at freemarker.core.IteratorBlock.acceptWithResult(IteratorBlock.java:108)
	at freemarker.core.IteratorBlock.accept(IteratorBlock.java:94)
	at freemarker.core.Environment.visit(Environment.java:347)
	at freemarker.core.Environment.visit(Environment.java:389)
	at freemarker.core.Environment.invokeMacroOrFunctionCommonPart(Environment.java:889)
	at freemarker.core.Environment.invokeMacro(Environment.java:825)
	at freemarker.core.UnifiedCall.accept(UnifiedCall.java:84)
	at freemarker.core.Environment.visit(Environment.java:347)
	at freemarker.core.Environment.visit(Environment.java:389)
	at freemarker.core.IteratorBlock$IterationContext.executedNestedContentForCollOrSeqListing(IteratorBlock.java:321)
	at freemarker.core.IteratorBlock$IterationContext.executeNestedContent(IteratorBlock.java:271)
	at freemarker.core.IteratorBlock$IterationContext.accept(IteratorBlock.java:244)
	at freemarker.core.Environment.visitIteratorBlock(Environment.java:657)
	at freemarker.core.IteratorBlock.acceptWithResult(IteratorBlock.java:108)
	at freemarker.core.IteratorBlock.accept(IteratorBlock.java:94)
	at freemarker.core.Environment.visit(Environment.java:347)
	at freemarker.core.Environment.visit(Environment.java:389)
	at freemarker.core.Environment.invokeMacroOrFunctionCommonPart(Environment.java:889)
	at freemarker.core.Environment.invokeMacro(Environment.java:825)
	at freemarker.core.UnifiedCall.accept(UnifiedCall.java:84)
	at freemarker.core.Environment.visit(Environment.java:347)
	at freemarker.core.Environment.visit(Environment.java:389)
	at freemarker.core.IteratorBlock$IterationContext.executedNestedContentForCollOrSeqListing(IteratorBlock.java:321)
	at freemarker.core.IteratorBlock$IterationContext.executeNestedContent(IteratorBlock.java:271)
	at freemarker.core.IteratorBlock$IterationContext.accept(IteratorBlock.java:244)
	at freemarker.core.Environment.visitIteratorBlock(Environment.java:657)
	at freemarker.core.IteratorBlock.acceptWithResult(IteratorBlock.java:108)
	at freemarker.core.IteratorBlock.accept(IteratorBlock.java:94)
	at freemarker.core.Environment.visit(Environment.java:347)
	at freemarker.core.Environment.visit(Environment.java:389)
	at freemarker.core.Environment.invokeMacroOrFunctionCommonPart(Environment.java:889)
	at freemarker.core.Environment.invokeMacro(Environment.java:825)
	at freemarker.core.UnifiedCall.accept(UnifiedCall.java:84)
	at freemarker.core.Environment.visit(Environment.java:347)
	at freemarker.core.Environment.visit(Environment.java:389)
	at freemarker.core.IteratorBlock$IterationContext.executedNestedContentForCollOrSeqListing(IteratorBlock.java:321)
	at freemarker.core.IteratorBlock$IterationContext.executeNestedContent(IteratorBlock.java:271)
	at freemarker.core.IteratorBlock$IterationContext.accept(IteratorBlock.java:244)
	at freemarker.core.Environment.visitIteratorBlock(Environment.java:657)
	at freemarker.core.IteratorBlock.acceptWithResult(IteratorBlock.java:108)
	at freemarker.core.IteratorBlock.accept(IteratorBlock.java:94)
	at freemarker.core.Environment.visit(Environment.java:347)
	at freemarker.core.Environment.visit(Environment.java:389)
	at freemarker.core.Environment.invokeMacroOrFunctionCommonPart(Environment.java:889)
	at freemarker.core.Environment.invokeMacro(Environment.java:825)
	at freemarker.core.UnifiedCall.accept(UnifiedCall.java:84)
	at freemarker.core.Environment.visit(Environment.java:347)
	at freemarker.core.Environment.visit(Environment.java:389)
	at freemarker.core.IteratorBlock$IterationContext.executedNestedContentForCollOrSeqListing(IteratorBlock.java:321)
	at freemarker.core.IteratorBlock$IterationContext.executeNestedContent(IteratorBlock.java:271)
	at freemarker.core.IteratorBlock$IterationContext.accept(IteratorBlock.java:244)
	at freemarker.core.Environment.visitIteratorBlock(Environment.java:657)
	at freemarker.core.IteratorBlock.acceptWithResult(IteratorBlock.java:108)
	at freemarker.core.IteratorBlock.accept(IteratorBlock.java:94)
	at freemarker.core.Environment.visit(Environment.java:347)
	at freemarker.core.Environment.visit(Environment.java:389)
	at freemarker.core.Environment.invokeMacroOrFunctionCommonPart(Environment.java:889)
	at freemarker.core.Environment.invokeMacro(Environment.java:825)
	at freemarker.core.UnifiedCall.accept(UnifiedCall.java:84)
	at freemarker.core.Environment.visit(Environment.java:347)
	at freemarker.core.Environment.visit(Environment.java:389)
	at freemarker.core.IteratorBlock$IterationContext.executedNestedContentForCollOrSeqListing(IteratorBlock.java:321)
	at freemarker.core.IteratorBlock$IterationContext.executeNestedContent(IteratorBlock.java:271)
	at freemarker.core.IteratorBlock$IterationContext.accept(IteratorBlock.java:244)
	at freemarker.core.Environment.visitIteratorBlock(Environment.java:657)
	at freemarker.core.IteratorBlock.acceptWithResult(IteratorBlock.java:108)
	at freemarker.core.IteratorBlock.accept(IteratorBlock.java:94)
	at freemarker.core.Environment.visit(Environment.java:347)
	at freemarker.core.Environment.visit(Environment.java:389)
	at freemarker.core.Environment.invokeMacroOrFunctionCommonPart(Environment.java:889)
	at freemarker.core.Environment.invokeMacro(Environment.java:825)
	at freemarker.core.UnifiedCall.accept(UnifiedCall.java:84)
	at freemarker.core.Environment.visit(Environment.java:347)
	at freemarker.core.Environment.visit(Environment.java:389)
	at freemarker.core.IteratorBlock$IterationContext.executedNestedContentForCollOrSeqListing(IteratorBlock.java:321)
	at freemarker.core.IteratorBlock$IterationContext.executeNestedContent(IteratorBlock.java:271)
	at freemarker.core.IteratorBlock$IterationContext.accept(IteratorBlock.java:244)
	at freemarker.core.Environment.visitIteratorBlock(Environment.java:657)
	at freemarker.core.IteratorBlock.acceptWithResult(IteratorBlock.java:108)
	at freemarker.core.IteratorBlock.accept(IteratorBlock.java:94)
	at freemarker.core.Environment.visit(Environment.java:347)
	at freemarker.core.Environment.visit(Environment.java:389)
	at freemarker.core.Environment.invokeMacroOrFunctionCommonPart(Environment.java:889)
	at freemarker.core.Environment.invokeMacro(Environment.java:825)
	at freemarker.core.UnifiedCall.accept(UnifiedCall.java:84)
	at freemarker.core.Environment.visit(Environment.java:347)
	at freemarker.core.Environment.visit(Environment.java:389)
	at freemarker.core.IteratorBlock$IterationContext.executedNestedContentForCollOrSeqListing(IteratorBlock.java:321)
	at freemarker.core.IteratorBlock$IterationContext.executeNestedContent(IteratorBlock.java:271)
	at freemarker.core.IteratorBlock$IterationContext.accept(IteratorBlock.java:244)
	at freemarker.core.Environment.visitIteratorBlock(Environment.java:657)
	at freemarker.core.IteratorBlock.acceptWithResult(IteratorBlock.java:108)
	at freemarker.core.IteratorBlock.accept(IteratorBlock.java:94)
	at freemarker.core.Environment.visit(Environment.java:347)
	at freemarker.core.Environment.visit(Environment.java:389)
	at freemarker.core.Environment.invokeMacroOrFunctionCommonPart(Environment.java:889)
	at freemarker.core.Environment.invokeMacro(Environment.java:825)
	at freemarker.core.UnifiedCall.accept(UnifiedCall.java:84)
	at freemarker.core.Environment.visit(Environment.java:347)
	at freemarker.core.Environment.visit(Environment.java:389)
	at freemarker.core.IteratorBlock$IterationContext.executedNestedContentForCollOrSeqListing(IteratorBlock.java:321)
	at freemarker.core.IteratorBlock$IterationContext.executeNestedContent(IteratorBlock.java:271)
	at freemarker.core.IteratorBlock$IterationContext.accept(IteratorBlock.java:244)
	at freemarker.core.Environment.visitIteratorBlock(Environment.java:657)
	at freemarker.core.IteratorBlock.acceptWithResult(IteratorBlock.java:108)
	at freemarker.core.IteratorBlock.accept(IteratorBlock.java:94)
	at freemarker.core.Environment.visit(Environment.java:347)
	at freemarker.core.Environment.visit(Environment.java:389)
	at freemarker.core.Environment.invokeMacroOrFunctionCommonPart(Environment.java:889)
	at freemarker.core.Environment.invokeMacro(Environment.java:825)
	at freemarker.core.UnifiedCall.accept(UnifiedCall.java:84)
	at freemarker.core.Environment.visit(Environment.java:347)
	at freemarker.core.Environment.visit(Environment.java:389)
	at freemarker.core.IteratorBlock$IterationContext.executedNestedContentForCollOrSeqListing(IteratorBlock.java:321)
	at freemarker.core.IteratorBlock$IterationContext.executeNestedContent(IteratorBlock.java:271)
	at freemarker.core.IteratorBlock$IterationContext.accept(IteratorBlock.java:244)
	at freemarker.core.Environment.visitIteratorBlock(Environment.java:657)
	at freemarker.core.IteratorBlock.acceptWithResult(IteratorBlock.java:108)
	at freemarker.core.IteratorBlock.accept(IteratorBlock.java:94)
	at freemarker.core.Environment.visit(Environment.java:347)
	at freemarker.core.Environment.visit(Environment.java:389)
	at freemarker.core.Environment.invokeMacroOrFunctionCommonPart(Environment.java:889)
	at freemarker.core.Environment.invokeMacro(Environment.java:825)
	at freemarker.core.UnifiedCall.accept(UnifiedCall.java:84)
	at freemarker.core.Environment.visit(Environment.java:347)
	at freemarker.core.Environment.visit(Environment.java:389)
	at freemarker.core.IteratorBlock$IterationContext.executedNestedContentForCollOrSeqListing(IteratorBlock.java:321)
	at freemarker.core.IteratorBlock$IterationContext.executeNestedContent(IteratorBlock.java:271)
	at freemarker.core.IteratorBlock$IterationContext.accept(IteratorBlock.java:244)
	at freemarker.core.Environment.visitIteratorBlock(Environment.java:657)
	at freemarker.core.IteratorBlock.acceptWithResult(IteratorBlock.java:108)
	at freemarker.core.IteratorBlock.accept(IteratorBlock.java:94)
	at freemarker.core.Environment.visit(Environment.java:347)
	at freemarker.core.Environment.visit(Environment.java:389)
	at freemarker.core.Environment.invokeMacroOrFunctionCommonPart(Environment.java:889)
	at freemarker.core.Environment.invokeMacro(Environment.java:825)
	at freemarker.core.UnifiedCall.accept(UnifiedCall.java:84)
	at freemarker.core.Environment.visit(Environment.java:347)
	at freemarker.core.Environment.visit(Environment.java:389)
	at freemarker.core.IteratorBlock$IterationContext.executedNestedContentForCollOrSeqListing(IteratorBlock.java:321)
	at freemarker.core.IteratorBlock$IterationContext.executeNestedContent(IteratorBlock.java:271)
	at freemarker.core.IteratorBlock$IterationContext.accept(IteratorBlock.java:244)
	at freemarker.core.Environment.visitIteratorBlock(Environment.java:657)
	at freemarker.core.IteratorBlock.acceptWithResult(IteratorBlock.java:108)
	at freemarker.core.IteratorBlock.accept(IteratorBlock.java:94)
	at freemarker.core.Environment.visit(Environment.java:347)
	at freemarker.core.Environment.visit(Environment.java:389)
	at freemarker.core.Environment.invokeMacroOrFunctionCommonPart(Environment.java:889)
	at freemarker.core.Environment.invokeMacro(Environment.java:825)
	at freemarker.core.UnifiedCall.accept(UnifiedCall.java:84)
	at freemarker.core.Environment.visit(Environment.java:347)
	at freemarker.core.Environment.visit(Environment.java:389)
	at freemarker.core.IteratorBlock$IterationContext.executedNestedContentForCollOrSeqListing(IteratorBlock.java:321)
	at freemarker.core.IteratorBlock$IterationContext.executeNestedContent(IteratorBlock.java:271)
	at freemarker.core.IteratorBlock$IterationContext.accept(IteratorBlock.java:244)
	at freemarker.core.Environment.visitIteratorBlock(Environment.java:657)
	at freemarker.core.IteratorBlock.acceptWithResult(IteratorBlock.java:108)
	at freemarker.core.IteratorBlock.accept(IteratorBlock.java:94)
	at freemarker.core.Environment.visit(Environment.java:347)
	at freemarker.core.Environment.visit(Environment.java:389)
	at freemarker.core.Environment.invokeMacroOrFunctionCommonPart(Environment.java:889)
	at freemarker.core.Environment.invokeMacro(Environment.java:825)
	at freemarker.core.UnifiedCall.accept(UnifiedCall.java:84)
	at freemarker.core.Environment.visit(Environment.java:347)
	at freemarker.core.Environment.visit(Environment.java:389)
	at freemarker.core.IteratorBlock$IterationContext.executedNestedContentForCollOrSeqListing(IteratorBlock.java:321)
	at freemarker.core.IteratorBlock$IterationContext.executeNestedContent(IteratorBlock.java:271)
	at freemarker.core.IteratorBlock$IterationContext.accept(IteratorBlock.java:244)
	at freemarker.core.Environment.visitIteratorBlock(Environment.java:657)
	at freemarker.core.IteratorBlock.acceptWithResult(IteratorBlock.java:108)
	at freemarker.core.IteratorBlock.accept(IteratorBlock.java:94)
	at freemarker.core.Environment.visit(Environment.java:347)
	at freemarker.core.Environment.visit(Environment.java:389)
	at freemarker.core.Environment.invokeMacroOrFunctionCommonPart(Environment.java:889)
	at freemarker.core.Environment.invokeMacro(Environment.java:825)
	at freemarker.core.UnifiedCall.accept(UnifiedCall.java:84)
	at freemarker.core.Environment.visit(Environment.java:347)
	at freemarker.core.Environment.visit(Environment.java:389)
	at freemarker.core.IteratorBlock$IterationContext.executedNestedContentForCollOrSeqListing(IteratorBlock.java:321)
	at freemarker.core.IteratorBlock$IterationContext.executeNestedContent(IteratorBlock.java:271)
	at freemarker.core.IteratorBlock$IterationContext.accept(IteratorBlock.java:244)
	at freemarker.core.Environment.visitIteratorBlock(Environment.java:657)
	at freemarker.core.IteratorBlock.acceptWithResult(IteratorBlock.java:108)
	at freemarker.core.IteratorBlock.accept(IteratorBlock.java:94)
	at freemarker.core.Environment.visit(Environment.java:347)
	at freemarker.core.Environment.visit(Environment.java:389)
	at freemarker.core.Environment.invokeMacroOrFunctionCommonPart(Environment.java:889)
	at freemarker.core.Environment.invokeMacro(Environment.java:825)
	at freemarker.core.UnifiedCall.accept(UnifiedCall.java:84)
	at freemarker.core.Environment.visit(Environment.java:347)
	at freemarker.core.Environment.visit(Environment.java:389)
	at freemarker.core.IteratorBlock$IterationContext.executedNestedContentForCollOrSeqListing(IteratorBlock.java:321)
	at freemarker.core.IteratorBlock$IterationContext.executeNestedContent(IteratorBlock.java:271)
	at freemarker.core.IteratorBlock$IterationContext.accept(IteratorBlock.java:244)
	at freemarker.core.Environment.visitIteratorBlock(Environment.java:657)
	at freemarker.core.IteratorBlock.acceptWithResult(IteratorBlock.java:108)
	at freemarker.core.IteratorBlock.accept(IteratorBlock.java:94)
	at freemarker.core.Environment.visit(Environment.java:347)
	at freemarker.core.Environment.visit(Environment.java:389)
	at freemarker.core.Environment.invokeMacroOrFunctionCommonPart(Environment.java:889)
	at freemarker.core.Environment.invokeMacro(Environment.java:825)
	at freemarker.core.UnifiedCall.accept(UnifiedCall.java:84)
	at freemarker.core.Environment.visit(Environment.java:347)
	at freemarker.core.Environment.visit(Environment.java:389)
	at freemarker.core.IteratorBlock$IterationContext.executedNestedContentForCollOrSeqListing(IteratorBlock.java:321)
	at freemarker.core.IteratorBlock$IterationContext.executeNestedContent(IteratorBlock.java:271)
	at freemarker.core.IteratorBlock$IterationContext.accept(IteratorBlock.java:244)
	at freemarker.core.Environment.visitIteratorBlock(Environment.java:657)
	at freemarker.core.IteratorBlock.acceptWithResult(IteratorBlock.java:108)
	at freemarker.core.IteratorBlock.accept(IteratorBlock.java:94)
	at freemarker.core.Environment.visit(Environment.java:347)
	at freemarker.core.Environment.visit(Environment.java:389)
	at freemarker.core.Environment.invokeMacroOrFunctionCommonPart(Environment.java:889)
	at freemarker.core.Environment.invokeMacro(Environment.java:825)
	at freemarker.core.UnifiedCall.accept(UnifiedCall.java:84)
	at freemarker.core.Environment.visit(Environment.java:347)
	at freemarker.core.Environment.visit(Environment.java:389)
	at freemarker.core.IteratorBlock$IterationContext.executedNestedContentForCollOrSeqListing(IteratorBlock.java:321)
	at freemarker.core.IteratorBlock$IterationContext.executeNestedContent(IteratorBlock.java:271)
	at freemarker.core.IteratorBlock$IterationContext.accept(IteratorBlock.java:244)
	at freemarker.core.Environment.visitIteratorBlock(Environment.java:657)
	at freemarker.core.IteratorBlock.acceptWithResult(IteratorBlock.java:108)
	at freemarker.core.IteratorBlock.accept(IteratorBlock.java:94)
	at freemarker.core.Environment.visit(Environment.java:347)
	at freemarker.core.Environment.visit(Environment.java:389)
	at freemarker.core.Environment.invokeMacroOrFunctionCommonPart(Environment.java:889)
	at freemarker.core.Environment.invokeMacro(Environment.java:825)
	at freemarker.core.UnifiedCall.accept(UnifiedCall.java:84)
	at freemarker.core.Environment.visit(Environment.java:347)
	at freemarker.core.Environment.visit(Environment.java:389)
	at freemarker.core.IteratorBlock$IterationContext.executedNestedContentForCollOrSeqListing(IteratorBlock.java:321)
	at freemarker.core.IteratorBlock$IterationContext.executeNestedContent(IteratorBlock.java:271)
	at freemarker.core.IteratorBlock$IterationContext.accept(IteratorBlock.java:244)
	at freemarker.core.Environment.visitIteratorBlock(Environment.java:657)
	at freemarker.core.IteratorBlock.acceptWithResult(IteratorBlock.java:108)
	at freemarker.core.IteratorBlock.accept(IteratorBlock.java:94)
	at freemarker.core.Environment.visit(Environment.java:347)
	at freemarker.core.Environment.visit(Environment.java:389)
	at freemarker.core.Environment.invokeMacroOrFunctionCommonPart(Environment.java:889)
	at freemarker.core.Environment.invokeMacro(Environment.java:825)
	at freemarker.core.UnifiedCall.accept(UnifiedCall.java:84)
	at freemarker.core.Environment.visit(Environment.java:347)
	at freemarker.core.Environment.visit(Environment.java:389)
	at freemarker.core.IteratorBlock$IterationContext.executedNestedContentForCollOrSeqListing(IteratorBlock.java:321)
	at freemarker.core.IteratorBlock$IterationContext.executeNestedContent(IteratorBlock.java:271)
	at freemarker.core.IteratorBlock$IterationContext.accept(IteratorBlock.java:244)
	at freemarker.core.Environment.visitIteratorBlock(Environment.java:657)
	at freemarker.core.IteratorBlock.acceptWithResult(IteratorBlock.java:108)
	at freemarker.core.IteratorBlock.accept(IteratorBlock.java:94)
	at freemarker.core.Environment.visit(Environment.java:347)
	at freemarker.core.Environment.visit(Environment.java:389)
	at freemarker.core.Environment.invokeMacroOrFunctionCommonPart(Environment.java:889)
	at freemarker.core.Environment.invokeMacro(Environment.java:825)
	at freemarker.core.UnifiedCall.accept(UnifiedCall.java:84)
	at freemarker.core.Environment.visit(Environment.java:347)
	at freemarker.core.Environment.visit(Environment.java:389)
	at freemarker.core.IteratorBlock$IterationContext.executedNestedContentForCollOrSeqListing(IteratorBlock.java:321)
	at freemarker.core.IteratorBlock$IterationContext.executeNestedContent(IteratorBlock.java:271)
	at freemarker.core.IteratorBlock$IterationContext.accept(IteratorBlock.java:244)
	at freemarker.core.Environment.visitIteratorBlock(Environment.java:657)
	at freemarker.core.IteratorBlock.acceptWithResult(IteratorBlock.java:108)
	at freemarker.core.IteratorBlock.accept(IteratorBlock.java:94)
	at freemarker.core.Environment.visit(Environment.java:347)
	at freemarker.core.Environment.visit(Environment.java:389)
	at freemarker.core.Environment.invokeMacroOrFunctionCommonPart(Environment.java:889)
	at freemarker.core.Environment.invokeMacro(Environment.java:825)
	at freemarker.core.UnifiedCall.accept(UnifiedCall.java:84)
	at freemarker.core.Environment.visit(Environment.java:347)
	at freemarker.core.Environment.visit(Environment.java:389)
	at freemarker.core.IteratorBlock$IterationContext.executedNestedContentForCollOrSeqListing(IteratorBlock.java:321)
	at freemarker.core.IteratorBlock$IterationContext.executeNestedContent(IteratorBlock.java:271)
	at freemarker.core.IteratorBlock$IterationContext.accept(IteratorBlock.java:244)
	at freemarker.core.Environment.visitIteratorBlock(Environment.java:657)
	at freemarker.core.IteratorBlock.acceptWithResult(IteratorBlock.java:108)
	at freemarker.core.IteratorBlock.accept(IteratorBlock.java:94)
	at freemarker.core.Environment.visit(Environment.java:347)
	at freemarker.core.Environment.visit(Environment.java:389)
	at freemarker.core.Environment.invokeMacroOrFunctionCommonPart(Environment.java:889)
	at freemarker.core.Environment.invokeMacro(Environment.java:825)
	at freemarker.core.UnifiedCall.accept(UnifiedCall.java:84)
	at freemarker.core.Environment.visit(Environment.java:347)
	at freemarker.core.Environment.visit(Environment.java:389)
	at freemarker.core.IteratorBlock$IterationContext.executedNestedContentForCollOrSeqListing(IteratorBlock.java:321)
	at freemarker.core.IteratorBlock$IterationContext.executeNestedContent(IteratorBlock.java:271)
	at freemarker.core.IteratorBlock$IterationContext.accept(IteratorBlock.java:244)
	at freemarker.core.Environment.visitIteratorBlock(Environment.java:657)
	at freemarker.core.IteratorBlock.acceptWithResult(IteratorBlock.java:108)
	at freemarker.core.IteratorBlock.accept(IteratorBlock.java:94)
	at freemarker.core.Environment.visit(Environment.java:347)
	at freemarker.core.Environment.visit(Environment.java:389)
	at freemarker.core.Environment.invokeMacroOrFunctionCommonPart(Environment.java:889)
	at freemarker.core.Environment.invokeMacro(Environment.java:825)
	at freemarker.core.UnifiedCall.accept(UnifiedCall.java:84)
	at freemarker.core.Environment.visit(Environment.java:347)
	at freemarker.core.Environment.visit(Environment.java:389)
	at freemarker.core.IteratorBlock$IterationContext.executedNestedContentForCollOrSeqListing(IteratorBlock.java:321)
	at freemarker.core.IteratorBlock$IterationContext.executeNestedContent(IteratorBlock.java:271)
	at freemarker.core.IteratorBlock$IterationContext.accept(IteratorBlock.java:244)
	at freemarker.core.Environment.visitIteratorBlock(Environment.java:657)
	at freemarker.core.IteratorBlock.acceptWithResult(IteratorBlock.java:108)
	at freemarker.core.IteratorBlock.accept(IteratorBlock.java:94)
	at freemarker.core.Environment.visit(Environment.java:347)
	at freemarker.core.Environment.visit(Environment.java:389)
	at freemarker.core.Environment.invokeMacroOrFunctionCommonPart(Environment.java:889)
	at freemarker.core.Environment.invokeMacro(Environment.java:825)
	at freemarker.core.UnifiedCall.accept(UnifiedCall.java:84)
	at freemarker.core.Environment.visit(Environment.java:347)
	at freemarker.core.Environment.visit(Environment.java:389)
	at freemarker.core.IteratorBlock$IterationContext.executedNestedContentForCollOrSeqListing(IteratorBlock.java:321)
	at freemarker.core.IteratorBlock$IterationContext.executeNestedContent(IteratorBlock.java:271)
	at freemarker.core.IteratorBlock$IterationContext.accept(IteratorBlock.java:244)
	at freemarker.core.Environment.visitIteratorBlock(Environment.java:657)
	at freemarker.core.IteratorBlock.acceptWithResult(IteratorBlock.java:108)
Caused by: java.lang.StackOverflowError: null
	at java.base/java.util.stream.ReduceOps$3ReducingSink.begin(ReduceOps.java:164)
	at java.base/java.util.stream.Sink$ChainedReference.begin(Sink.java:253)
	at java.base/java.util.stream.AbstractPipeline.copyInto(AbstractPipeline.java:508)
	at java.base/java.util.stream.AbstractPipeline.wrapAndCopyInto(AbstractPipeline.java:499)
	at java.base/java.util.stream.ReduceOps$ReduceOp.evaluateSequential(ReduceOps.java:921)
	at java.base/java.util.stream.AbstractPipeline.evaluate(AbstractPipeline.java:234)
	at java.base/java.util.stream.ReferencePipeline.collect(ReferencePipeline.java:682)
	at net.thucydides.core.model.TestStep.getRenderedScreenshots(TestStep.java:294)
	at net.thucydides.core.model.TestStep.lambda$getRenderedScreenshots$8(TestStep.java:297)
	at java.base/java.util.ArrayList.forEach(ArrayList.java:1511)
	at net.thucydides.core.model.TestStep.getRenderedScreenshots(TestStep.java:296)
	at net.thucydides.core.model.TestStep.lambda$getRenderedScreenshots$8(TestStep.java:297)
	at java.base/java.util.ArrayList.forEach(ArrayList.java:1511)
	at net.thucydides.core.model.TestStep.getRenderedScreenshots(TestStep.java:296)
	at net.thucydides.core.model.TestStep.lambda$getRenderedScreenshots$8(TestStep.java:297)
	at java.base/java.util.ArrayList.forEach(ArrayList.java:1511)
	at net.thucydides.core.model.TestStep.getRenderedScreenshots(TestStep.java:296)
	at net.thucydides.core.model.TestStep.lambda$getRenderedScreenshots$8(TestStep.java:297)
	at java.base/java.util.ArrayList.forEach(ArrayList.java:1511)
	at net.thucydides.core.model.TestStep.getRenderedScreenshots(TestStep.java:296)
	at net.thucydides.core.model.TestStep.lambda$getRenderedScreenshots$8(TestStep.java:297)
	at java.base/java.util.ArrayList.forEach(ArrayList.java:1511)
	at net.thucydides.core.model.TestStep.getRenderedScreenshots(TestStep.java:296)
	at net.thucydides.core.model.TestStep.lambda$getRenderedScreenshots$8(TestStep.java:297)
	at java.base/java.util.ArrayList.forEach(ArrayList.java:1511)
	at net.thucydides.core.model.TestStep.getRenderedScreenshots(TestStep.java:296)
	at net.thucydides.core.model.TestStep.lambda$getRenderedScreenshots$8(TestStep.java:297)
	at java.base/java.util.ArrayList.forEach(ArrayList.java:1511)
	at net.thucydides.core.model.TestStep.getRenderedScreenshots(TestStep.java:296)
	at net.thucydides.core.model.TestStep.lambda$getRenderedScreenshots$8(TestStep.java:297)
	at java.base/java.util.ArrayList.forEach(ArrayList.java:1511)
	at net.thucydides.core.model.TestStep.getRenderedScreenshots(TestStep.java:296)
	at net.thucydides.core.model.TestStep.lambda$getRenderedScreenshots$8(TestStep.java:297)
	at java.base/java.util.ArrayList.forEach(ArrayList.java:1511)
	at net.thucydides.core.model.TestStep.getRenderedScreenshots(TestStep.java:296)
	at net.thucydides.core.model.TestStep.lambda$getRenderedScreenshots$8(TestStep.java:297)
	at java.base/java.util.ArrayList.forEach(ArrayList.java:1511)
	at net.thucydides.core.model.TestStep.getRenderedScreenshots(TestStep.java:296)
	at net.thucydides.core.model.TestStep.lambda$getRenderedScreenshots$8(TestStep.java:297)
	at java.base/java.util.ArrayList.forEach(ArrayList.java:1511)
	at net.thucydides.core.model.TestStep.getRenderedScreenshots(TestStep.java:296)
	at net.thucydides.core.model.TestStep.lambda$getRenderedScreenshots$8(TestStep.java:297)
	at java.base/java.util.ArrayList.forEach(ArrayList.java:1511)
	at net.thucydides.core.model.TestStep.getRenderedScreenshots(TestStep.java:296)
	at net.thucydides.core.model.TestStep.lambda$getRenderedScreenshots$8(TestStep.java:297)
	at java.base/java.util.ArrayList.forEach(ArrayList.java:1511)
	at net.thucydides.core.model.TestStep.getRenderedScreenshots(TestStep.java:296)
	at net.thucydides.core.model.TestStep.lambda$getRenderedScreenshots$8(TestStep.java:297)
	at java.base/java.util.ArrayList.forEach(ArrayList.java:1511)
	at net.thucydides.core.model.TestStep.getRenderedScreenshots(TestStep.java:296)
	at net.thucydides.core.model.TestStep.lambda$getRenderedScreenshots$8(TestStep.java:297)
	at java.base/java.util.ArrayList.forEach(ArrayList.java:1511)
	at net.thucydides.core.model.TestStep.getRenderedScreenshots(TestStep.java:296)
	at net.thucydides.core.model.TestStep.lambda$getRenderedScreenshots$8(TestStep.java:297)
	at java.base/java.util.ArrayList.forEach(ArrayList.java:1511)
	at net.thucydides.core.model.TestStep.getRenderedScreenshots(TestStep.java:296)
	at net.thucydides.core.model.TestStep.lambda$getRenderedScreenshots$8(TestStep.java:297)
	at java.base/java.util.ArrayList.forEach(ArrayList.java:1511)
	at net.thucydides.core.model.TestStep.getRenderedScreenshots(TestStep.java:296)
	at net.thucydides.core.model.TestStep.lambda$getRenderedScreenshots$8(TestStep.java:297)
	at java.base/java.util.ArrayList.forEach(ArrayList.java:1511)
	at net.thucydides.core.model.TestStep.getRenderedScreenshots(TestStep.java:296)
	at net.thucydides.core.model.TestStep.lambda$getRenderedScreenshots$8(TestStep.java:297)
	at java.base/java.util.ArrayList.forEach(ArrayList.java:1511)
	at net.thucydides.core.model.TestStep.getRenderedScreenshots(TestStep.java:296)
	at net.thucydides.core.model.TestStep.lambda$getRenderedScreenshots$8(TestStep.java:297)
	at java.base/java.util.ArrayList.forEach(ArrayList.java:1511)
	at net.thucydides.core.model.TestStep.getRenderedScreenshots(TestStep.java:296)
	at net.thucydides.core.model.TestStep.lambda$getRenderedScreenshots$8(TestStep.java:297)
	at java.base/java.util.ArrayList.forEach(ArrayList.java:1511)
	at net.thucydides.core.model.TestStep.getRenderedScreenshots(TestStep.java:296)
	at net.thucydides.core.model.TestStep.lambda$getRenderedScreenshots$8(TestStep.java:297)
	at java.base/java.util.ArrayList.forEach(ArrayList.java:1511)
	at net.thucydides.core.model.TestStep.getRenderedScreenshots(TestStep.java:296)
	at net.thucydides.core.model.TestStep.lambda$getRenderedScreenshots$8(TestStep.java:297)
	at java.base/java.util.ArrayList.forEach(ArrayList.java:1511)
	at net.thucydides.core.model.TestStep.getRenderedScreenshots(TestStep.java:296)
	at net.thucydides.core.model.TestStep.lambda$getRenderedScreenshots$8(TestStep.java:297)
	at java.base/java.util.ArrayList.forEach(ArrayList.java:1511)
	at net.thucydides.core.model.TestStep.getRenderedScreenshots(TestStep.java:296)
	at net.thucydides.core.model.TestStep.lambda$getRenderedScreenshots$8(TestStep.java:297)
	at java.base/java.util.ArrayList.forEach(ArrayList.java:1511)
	at net.thucydides.core.model.TestStep.getRenderedScreenshots(TestStep.java:296)
	at net.thucydides.core.model.TestStep.lambda$getRenderedScreenshots$8(TestStep.java:297)
	at java.base/java.util.ArrayList.forEach(ArrayList.java:1511)
	at net.thucydides.core.model.TestStep.getRenderedScreenshots(TestStep.java:296)
	at net.thucydides.core.model.TestStep.lambda$getRenderedScreenshots$8(TestStep.java:297)
	at java.base/java.util.ArrayList.forEach(ArrayList.java:1511)
	at net.thucydides.core.model.TestStep.getRenderedScreenshots(TestStep.java:296)
	at net.thucydides.core.model.TestStep.lambda$getRenderedScreenshots$8(TestStep.java:297)
	at java.base/java.util.ArrayList.forEach(ArrayList.java:1511)
	at net.thucydides.core.model.TestStep.getRenderedScreenshots(TestStep.java:296)
	at net.thucydides.core.model.TestStep.lambda$getRenderedScreenshots$8(TestStep.java:297)
	at java.base/java.util.ArrayList.forEach(ArrayList.java:1511)
	at net.thucydides.core.model.TestStep.getRenderedScreenshots(TestStep.java:296)
	at net.thucydides.core.model.TestStep.lambda$getRenderedScreenshots$8(TestStep.java:297)
	at java.base/java.util.ArrayList.forEach(ArrayList.java:1511)
	at net.thucydides.core.model.TestStep.getRenderedScreenshots(TestStep.java:296)
	at net.thucydides.core.model.TestStep.lambda$getRenderedScreenshots$8(TestStep.java:297)
	at java.base/java.util.ArrayList.forEach(ArrayList.java:1511)
	at net.thucydides.core.model.TestStep.getRenderedScreenshots(TestStep.java:296)
	at net.thucydides.core.model.TestStep.lambda$getRenderedScreenshots$8(TestStep.java:297)
	at java.base/java.util.ArrayList.forEach(ArrayList.java:1511)
	at net.thucydides.core.model.TestStep.getRenderedScreenshots(TestStep.java:296)
	at net.thucydides.core.model.TestStep.lambda$getRenderedScreenshots$8(TestStep.java:297)
	at java.base/java.util.ArrayList.forEach(ArrayList.java:1511)
	at net.thucydides.core.model.TestStep.getRenderedScreenshots(TestStep.java:296)
	at net.thucydides.core.model.TestStep.lambda$getRenderedScreenshots$8(TestStep.java:297)
	at java.base/java.util.ArrayList.forEach(ArrayList.java:1511)
	at net.thucydides.core.model.TestStep.getRenderedScreenshots(TestStep.java:296)
	at net.thucydides.core.model.TestStep.lambda$getRenderedScreenshots$8(TestStep.java:297)
	at java.base/java.util.ArrayList.forEach(ArrayList.java:1511)
	at net.thucydides.core.model.TestStep.getRenderedScreenshots(TestStep.java:296)
	at net.thucydides.core.model.TestStep.lambda$getRenderedScreenshots$8(TestStep.java:297)
	at java.base/java.util.ArrayList.forEach(ArrayList.java:1511)
	at net.thucydides.core.model.TestStep.getRenderedScreenshots(TestStep.java:296)
	at net.thucydides.core.model.TestStep.lambda$getRenderedScreenshots$8(TestStep.java:297)
	at java.base/java.util.ArrayList.forEach(ArrayList.java:1511)
	at net.thucydides.core.model.TestStep.getRenderedScreenshots(TestStep.java:296)
	at net.thucydides.core.model.TestStep.lambda$getRenderedScreenshots$8(TestStep.java:297)
	at java.base/java.util.ArrayList.forEach(ArrayList.java:1511)
	at net.thucydides.core.model.TestStep.getRenderedScreenshots(TestStep.java:296)
	at net.thucydides.core.model.TestStep.lambda$getRenderedScreenshots$8(TestStep.java:297)
	at java.base/java.util.ArrayList.forEach(ArrayList.java:1511)
	at net.thucydides.core.model.TestStep.getRenderedScreenshots(TestStep.java:296)
	at net.thucydides.core.model.TestStep.lambda$getRenderedScreenshots$8(TestStep.java:297)
	at java.base/java.util.ArrayList.forEach(ArrayList.java:1511)
	at net.thucydides.core.model.TestStep.getRenderedScreenshots(TestStep.java:296)
	at net.thucydides.core.model.TestStep.lambda$getRenderedScreenshots$8(TestStep.java:297)
	at java.base/java.util.ArrayList.forEach(ArrayList.java:1511)
	at net.thucydides.core.model.TestStep.getRenderedScreenshots(TestStep.java:296)
	at net.thucydides.core.model.TestStep.lambda$getRenderedScreenshots$8(TestStep.java:297)
	at java.base/java.util.ArrayList.forEach(ArrayList.java:1511)
	at net.thucydides.core.model.TestStep.getRenderedScreenshots(TestStep.java:296)
	at net.thucydides.core.model.TestStep.lambda$getRenderedScreenshots$8(TestStep.java:297)
	at java.base/java.util.ArrayList.forEach(ArrayList.java:1511)
	at net.thucydides.core.model.TestStep.getRenderedScreenshots(TestStep.java:296)
	at net.thucydides.core.model.TestStep.lambda$getRenderedScreenshots$8(TestStep.java:297)
	at java.base/java.util.ArrayList.forEach(ArrayList.java:1511)
	at net.thucydides.core.model.TestStep.getRenderedScreenshots(TestStep.java:296)
	at net.thucydides.core.model.TestStep.lambda$getRenderedScreenshots$8(TestStep.java:297)
	at java.base/java.util.ArrayList.forEach(ArrayList.java:1511)
	at net.thucydides.core.model.TestStep.getRenderedScreenshots(TestStep.java:296)
	at net.thucydides.core.model.TestStep.lambda$getRenderedScreenshots$8(TestStep.java:297)
	at java.base/java.util.ArrayList.forEach(ArrayList.java:1511)
	at net.thucydides.core.model.TestStep.getRenderedScreenshots(TestStep.java:296)
	at net.thucydides.core.model.TestStep.lambda$getRenderedScreenshots$8(TestStep.java:297)
	at java.base/java.util.ArrayList.forEach(ArrayList.java:1511)
	at net.thucydides.core.model.TestStep.getRenderedScreenshots(TestStep.java:296)
	at net.thucydides.core.model.TestStep.lambda$getRenderedScreenshots$8(TestStep.java:297)
	at java.base/java.util.ArrayList.forEach(ArrayList.java:1511)
	at net.thucydides.core.model.TestStep.getRenderedScreenshots(TestStep.java:296)
	at net.thucydides.core.model.TestStep.lambda$getRenderedScreenshots$8(TestStep.java:297)
	at java.base/java.util.ArrayList.forEach(ArrayList.java:1511)
	at net.thucydides.core.model.TestStep.getRenderedScreenshots(TestStep.java:296)
	at net.thucydides.core.model.TestStep.lambda$getRenderedScreenshots$8(TestStep.java:297)
	at java.base/java.util.ArrayList.forEach(ArrayList.java:1511)
	at net.thucydides.core.model.TestStep.getRenderedScreenshots(TestStep.java:296)
	at net.thucydides.core.model.TestStep.lambda$getRenderedScreenshots$8(TestStep.java:297)
	at java.base/java.util.ArrayList.forEach(ArrayList.java:1511)
	at net.thucydides.core.model.TestStep.getRenderedScreenshots(TestStep.java:296)
	at net.thucydides.core.model.TestStep.lambda$getRenderedScreenshots$8(TestStep.java:297)
	at java.base/java.util.ArrayList.forEach(ArrayList.java:1511)
	at net.thucydides.core.model.TestStep.getRenderedScreenshots(TestStep.java:296)
	at net.thucydides.core.model.TestStep.lambda$getRenderedScreenshots$8(TestStep.java:297)
	at java.base/java.util.ArrayList.forEach(ArrayList.java:1511)
	at net.thucydides.core.model.TestStep.getRenderedScreenshots(TestStep.java:296)
	at net.thucydides.core.model.TestStep.lambda$getRenderedScreenshots$8(TestStep.java:297)
	at java.base/java.util.ArrayList.forEach(ArrayList.java:1511)
	at net.thucydides.core.model.TestStep.getRenderedScreenshots(TestStep.java:296)
	at net.thucydides.core.model.TestStep.lambda$getRenderedScreenshots$8(TestStep.java:297)
	at java.base/java.util.ArrayList.forEach(ArrayList.java:1511)
	at net.thucydides.core.model.TestStep.getRenderedScreenshots(TestStep.java:296)
	at net.thucydides.core.model.TestStep.lambda$getRenderedScreenshots$8(TestStep.java:297)
	at java.base/java.util.ArrayList.forEach(ArrayList.java:1511)
	at net.thucydides.core.model.TestStep.getRenderedScreenshots(TestStep.java:296)
	at net.thucydides.core.model.TestStep.lambda$getRenderedScreenshots$8(TestStep.java:297)
	at java.base/java.util.ArrayList.forEach(ArrayList.java:1511)
	at net.thucydides.core.model.TestStep.getRenderedScreenshots(TestStep.java:296)
	at net.thucydides.core.model.TestStep.lambda$getRenderedScreenshots$8(TestStep.java:297)
	at java.base/java.util.ArrayList.forEach(ArrayList.java:1511)
	at net.thucydides.core.model.TestStep.getRenderedScreenshots(TestStep.java:296)
	at net.thucydides.core.model.TestStep.lambda$getRenderedScreenshots$8(TestStep.java:297)
	at java.base/java.util.ArrayList.forEach(ArrayList.java:1511)
	at net.thucydides.core.model.TestStep.getRenderedScreenshots(TestStep.java:296)
	at net.thucydides.core.model.TestStep.lambda$getRenderedScreenshots$8(TestStep.java:297)
	at java.base/java.util.ArrayList.forEach(ArrayList.java:1511)
	at net.thucydides.core.model.TestStep.getRenderedScreenshots(TestStep.java:296)
	at net.thucydides.core.model.TestStep.lambda$getRenderedScreenshots$8(TestStep.java:297)
	at java.base/java.util.ArrayList.forEach(ArrayList.java:1511)
	at net.thucydides.core.model.TestStep.getRenderedScreenshots(TestStep.java:296)
	at net.thucydides.core.model.TestStep.lambda$getRenderedScreenshots$8(TestStep.java:297)
	at java.base/java.util.ArrayList.forEach(ArrayList.java:1511)
	at net.thucydides.core.model.TestStep.getRenderedScreenshots(TestStep.java:296)
	at net.thucydides.core.model.TestStep.lambda$getRenderedScreenshots$8(TestStep.java:297)
	at java.base/java.util.ArrayList.forEach(ArrayList.java:1511)
	at net.thucydides.core.model.TestStep.getRenderedScreenshots(TestStep.java:296)
	at net.thucydides.core.model.TestStep.lambda$getRenderedScreenshots$8(TestStep.java:297)
	at java.base/java.util.ArrayList.forEach(ArrayList.java:1511)
	at net.thucydides.core.model.TestStep.getRenderedScreenshots(TestStep.java:296)
	at net.thucydides.core.model.TestStep.lambda$getRenderedScreenshots$8(TestStep.java:297)
	at java.base/java.util.ArrayList.forEach(ArrayList.java:1511)
	at net.thucydides.core.model.TestStep.getRenderedScreenshots(TestStep.java:296)
	at net.thucydides.core.model.TestStep.lambda$getRenderedScreenshots$8(TestStep.java:297)
	at java.base/java.util.ArrayList.forEach(ArrayList.java:1511)
	at net.thucydides.core.model.TestStep.getRenderedScreenshots(TestStep.java:296)
	at net.thucydides.core.model.TestStep.lambda$getRenderedScreenshots$8(TestStep.java:297)
	at java.base/java.util.ArrayList.forEach(ArrayList.java:1511)
	at net.thucydides.core.model.TestStep.getRenderedScreenshots(TestStep.java:296)
	at net.thucydides.core.model.TestStep.lambda$getRenderedScreenshots$8(TestStep.java:297)
	at java.base/java.util.ArrayList.forEach(ArrayList.java:1511)
	at net.thucydides.core.model.TestStep.getRenderedScreenshots(TestStep.java:296)
	at net.thucydides.core.model.TestStep.lambda$getRenderedScreenshots$8(TestStep.java:297)
	at java.base/java.util.ArrayList.forEach(ArrayList.java:1511)
	at net.thucydides.core.model.TestStep.getRenderedScreenshots(TestStep.java:296)
	at net.thucydides.core.model.TestStep.lambda$getRenderedScreenshots$8(TestStep.java:297)
	at java.base/java.util.ArrayList.forEach(ArrayList.java:1511)
	at net.thucydides.core.model.TestStep.getRenderedScreenshots(TestStep.java:296)
	at net.thucydides.core.model.TestStep.lambda$getRenderedScreenshots$8(TestStep.java:297)
	at java.base/java.util.ArrayList.forEach(ArrayList.java:1511)
	at net.thucydides.core.model.TestStep.getRenderedScreenshots(TestStep.java:296)
	at net.thucydides.core.model.TestStep.lambda$getRenderedScreenshots$8(TestStep.java:297)
	at java.base/java.util.ArrayList.forEach(ArrayList.java:1511)
	at net.thucydides.core.model.TestStep.getRenderedScreenshots(TestStep.java:296)
	at net.thucydides.core.model.TestStep.lambda$getRenderedScreenshots$8(TestStep.java:297)
	at java.base/java.util.ArrayList.forEach(ArrayList.java:1511)
	at net.thucydides.core.model.TestStep.getRenderedScreenshots(TestStep.java:296)
	at net.thucydides.core.model.TestStep.lambda$getRenderedScreenshots$8(TestStep.java:297)
	at java.base/java.util.ArrayList.forEach(ArrayList.java:1511)
	at net.thucydides.core.model.TestStep.getRenderedScreenshots(TestStep.java:296)
	at net.thucydides.core.model.TestStep.lambda$getRenderedScreenshots$8(TestStep.java:297)
	at java.base/java.util.ArrayList.forEach(ArrayList.java:1511)
	at net.thucydides.core.model.TestStep.getRenderedScreenshots(TestStep.java:296)
	at net.thucydides.core.model.TestStep.lambda$getRenderedScreenshots$8(TestStep.java:297)
	at java.base/java.util.ArrayList.forEach(ArrayList.java:1511)
	at net.thucydides.core.model.TestStep.getRenderedScreenshots(TestStep.java:296)
	at net.thucydides.core.model.TestStep.lambda$getRenderedScreenshots$8(TestStep.java:297)
	at java.base/java.util.ArrayList.forEach(ArrayList.java:1511)
	at net.thucydides.core.model.TestStep.getRenderedScreenshots(TestStep.java:296)
	at net.thucydides.core.model.TestStep.lambda$getRenderedScreenshots$8(TestStep.java:297)
	at java.base/java.util.ArrayList.forEach(ArrayList.java:1511)
	at net.thucydides.core.model.TestStep.getRenderedScreenshots(TestStep.java:296)
	at net.thucydides.core.model.TestStep.lambda$getRenderedScreenshots$8(TestStep.java:297)
	at java.base/java.util.ArrayList.forEach(ArrayList.java:1511)
	at net.thucydides.core.model.TestStep.getRenderedScreenshots(TestStep.java:296)
	at net.thucydides.core.model.TestStep.lambda$getRenderedScreenshots$8(TestStep.java:297)
	at java.base/java.util.ArrayList.forEach(ArrayList.java:1511)
	at net.thucydides.core.model.TestStep.getRenderedScreenshots(TestStep.java:296)
	at net.thucydides.core.model.TestStep.lambda$getRenderedScreenshots$8(TestStep.java:297)
	at java.base/java.util.ArrayList.forEach(ArrayList.java:1511)
	at net.thucydides.core.model.TestStep.getRenderedScreenshots(TestStep.java:296)
	at net.thucydides.core.model.TestStep.lambda$getRenderedScreenshots$8(TestStep.java:297)
	at java.base/java.util.ArrayList.forEach(ArrayList.java:1511)
	at net.thucydides.core.model.TestStep.getRenderedScreenshots(TestStep.java:296)
	at net.thucydides.core.model.TestStep.lambda$getRenderedScreenshots$8(TestStep.java:297)
	at java.base/java.util.ArrayList.forEach(ArrayList.java:1511)
	at net.thucydides.core.model.TestStep.getRenderedScreenshots(TestStep.java:296)
	at net.thucydides.core.model.TestStep.lambda$getRenderedScreenshots$8(TestStep.java:297)
	at java.base/java.util.ArrayList.forEach(ArrayList.java:1511)
	at net.thucydides.core.model.TestStep.getRenderedScreenshots(TestStep.java:296)
	at net.thucydides.core.model.TestStep.lambda$getRenderedScreenshots$8(TestStep.java:297)
	at java.base/java.util.ArrayList.forEach(ArrayList.java:1511)
	at net.thucydides.core.model.TestStep.getRenderedScreenshots(TestStep.java:296)
	at net.thucydides.core.model.TestStep.lambda$getRenderedScreenshots$8(TestStep.java:297)
	at java.base/java.util.ArrayList.forEach(ArrayList.java:1511)
	at net.thucydides.core.model.TestStep.getRenderedScreenshots(TestStep.java:296)
	at net.thucydides.core.model.TestStep.lambda$getRenderedScreenshots$8(TestStep.java:297)
	at java.base/java.util.ArrayList.forEach(ArrayList.java:1511)
	at net.thucydides.core.model.TestStep.getRenderedScreenshots(TestStep.java:296)
	at net.thucydides.core.model.TestStep.lambda$getRenderedScreenshots$8(TestStep.java:297)
	at java.base/java.util.ArrayList.forEach(ArrayList.java:1511)
	at net.thucydides.core.model.TestStep.getRenderedScreenshots(TestStep.java:296)
	at net.thucydides.core.model.TestStep.lambda$getRenderedScreenshots$8(TestStep.java:297)
	at java.base/java.util.ArrayList.forEach(ArrayList.java:1511)
	at net.thucydides.core.model.TestStep.getRenderedScreenshots(TestStep.java:296)
	at net.thucydides.core.model.TestStep.lambda$getRenderedScreenshots$8(TestStep.java:297)
	at java.base/java.util.ArrayList.forEach(ArrayList.java:1511)
	at net.thucydides.core.model.TestStep.getRenderedScreenshots(TestStep.java:296)
	at net.thucydides.core.model.TestStep.lambda$getRenderedScreenshots$8(TestStep.java:297)
	at java.base/java.util.ArrayList.forEach(ArrayList.java:1511)
	at net.thucydides.core.model.TestStep.getRenderedScreenshots(TestStep.java:296)
	at net.thucydides.core.model.TestStep.lambda$getRenderedScreenshots$8(TestStep.java:297)
	at java.base/java.util.ArrayList.forEach(ArrayList.java:1511)
	at net.thucydides.core.model.TestStep.getRenderedScreenshots(TestStep.java:296)
	at net.thucydides.core.model.TestStep.lambda$getRenderedScreenshots$8(TestStep.java:297)
	at java.base/java.util.ArrayList.forEach(ArrayList.java:1511)
	at net.thucydides.core.model.TestStep.getRenderedScreenshots(TestStep.java:296)
	at net.thucydides.core.model.TestStep.lambda$getRenderedScreenshots$8(TestStep.java:297)
	at java.base/java.util.ArrayList.forEach(ArrayList.java:1511)
	at net.thucydides.core.model.TestStep.getRenderedScreenshots(TestStep.java:296)
	at net.thucydides.core.model.TestStep.lambda$getRenderedScreenshots$8(TestStep.java:297)
	at java.base/java.util.ArrayList.forEach(ArrayList.java:1511)
	at net.thucydides.core.model.TestStep.getRenderedScreenshots(TestStep.java:296)
	at net.thucydides.core.model.TestStep.lambda$getRenderedScreenshots$8(TestStep.java:297)
	at java.base/java.util.ArrayList.forEach(ArrayList.java:1511)
	at net.thucydides.core.model.TestStep.getRenderedScreenshots(TestStep.java:296)
	at net.thucydides.core.model.TestStep.lambda$getRenderedScreenshots$8(TestStep.java:297)
	at java.base/java.util.ArrayList.forEach(ArrayList.java:1511)
	at net.thucydides.core.model.TestStep.getRenderedScreenshots(TestStep.java:296)
	at net.thucydides.core.model.TestStep.lambda$getRenderedScreenshots$8(TestStep.java:297)
	at java.base/java.util.ArrayList.forEach(ArrayList.java:1511)
	at net.thucydides.core.model.TestStep.getRenderedScreenshots(TestStep.java:296)
	at net.thucydides.core.model.TestStep.lambda$getRenderedScreenshots$8(TestStep.java:297)
	at java.base/java.util.ArrayList.forEach(ArrayList.java:1511)
	at net.thucydides.core.model.TestStep.getRenderedScreenshots(TestStep.java:296)
	at net.thucydides.core.model.TestStep.lambda$getRenderedScreenshots$8(TestStep.java:297)
	at java.base/java.util.ArrayList.forEach(ArrayList.java:1511)
	at net.thucydides.core.model.TestStep.getRenderedScreenshots(TestStep.java:296)
	at net.thucydides.core.model.TestStep.lambda$getRenderedScreenshots$8(TestStep.java:297)
	at java.base/java.util.ArrayList.forEach(ArrayList.java:1511)
	at net.thucydides.core.model.TestStep.getRenderedScreenshots(TestStep.java:296)
	at net.thucydides.core.model.TestStep.lambda$getRenderedScreenshots$8(TestStep.java:297)
	at java.base/java.util.ArrayList.forEach(ArrayList.java:1511)
	at net.thucydides.core.model.TestStep.getRenderedScreenshots(TestStep.java:296)
	at net.thucydides.core.model.TestStep.lambda$getRenderedScreenshots$8(TestStep.java:297)
	at java.base/java.util.ArrayList.forEach(ArrayList.java:1511)
	at net.thucydides.core.model.TestStep.getRenderedScreenshots(TestStep.java:296)
	at net.thucydides.core.model.TestStep.lambda$getRenderedScreenshots$8(TestStep.java:297)
	at java.base/java.util.ArrayList.forEach(ArrayList.java:1511)
	at net.thucydides.core.model.TestStep.getRenderedScreenshots(TestStep.java:296)
	at net.thucydides.core.model.TestStep.lambda$getRenderedScreenshots$8(TestStep.java:297)
	at java.base/java.util.ArrayList.forEach(ArrayList.java:1511)
	at net.thucydides.core.model.TestStep.getRenderedScreenshots(TestStep.java:296)
	at net.thucydides.core.model.TestStep.lambda$getRenderedScreenshots$8(TestStep.java:297)
	at java.base/java.util.ArrayList.forEach(ArrayList.java:1511)
	at net.thucydides.core.model.TestStep.getRenderedScreenshots(TestStep.java:296)
	at net.thucydides.core.model.TestStep.lambda$getRenderedScreenshots$8(TestStep.java:297)
	at java.base/java.util.ArrayList.forEach(ArrayList.java:1511)
	at net.thucydides.core.model.TestStep.getRenderedScreenshots(TestStep.java:296)
	at net.thucydides.core.model.TestStep.lambda$getRenderedScreenshots$8(TestStep.java:297)
	at java.base/java.util.ArrayList.forEach(ArrayList.java:1511)
	at net.thucydides.core.model.TestStep.getRenderedScreenshots(TestStep.java:296)
	at net.thucydides.core.model.TestStep.lambda$getRenderedScreenshots$8(TestStep.java:297)
	at java.base/java.util.ArrayList.forEach(ArrayList.java:1511)
	at net.thucydides.core.model.TestStep.getRenderedScreenshots(TestStep.java:296)
	at net.thucydides.core.model.TestStep.lambda$getRenderedScreenshots$8(TestStep.java:297)
	at java.base/java.util.ArrayList.forEach(ArrayList.java:1511)
	at net.thucydides.core.model.TestStep.getRenderedScreenshots(TestStep.java:296)
	at net.thucydides.core.model.TestStep.lambda$getRenderedScreenshots$8(TestStep.java:297)
	at java.base/java.util.ArrayList.forEach(ArrayList.java:1511)
	at net.thucydides.core.model.TestStep.getRenderedScreenshots(TestStep.java:296)
	at net.thucydides.core.model.TestStep.lambda$getRenderedScreenshots$8(TestStep.java:297)
	at java.base/java.util.ArrayList.forEach(ArrayList.java:1511)
	at net.thucydides.core.model.TestStep.getRenderedScreenshots(TestStep.java:296)
	at net.thucydides.core.model.TestStep.lambda$getRenderedScreenshots$8(TestStep.java:297)
	at java.base/java.util.ArrayList.forEach(ArrayList.java:1511)
	at net.thucydides.core.model.TestStep.getRenderedScreenshots(TestStep.java:296)
	at net.thucydides.core.model.TestStep.lambda$getRenderedScreenshots$8(TestStep.java:297)
	at java.base/java.util.ArrayList.forEach(ArrayList.java:1511)
	at net.thucydides.core.model.TestStep.getRenderedScreenshots(TestStep.java:296)
	at net.thucydides.core.model.TestStep.lambda$getRenderedScreenshots$8(TestStep.java:297)
	at java.base/java.util.ArrayList.forEach(ArrayList.java:1511)
	at net.thucydides.core.model.TestStep.getRenderedScreenshots(TestStep.java:296)
	at net.thucydides.core.model.TestStep.lambda$getRenderedScreenshots$8(TestStep.java:297)
	at java.base/java.util.ArrayList.forEach(ArrayList.java:1511)
	at net.thucydides.core.model.TestStep.getRenderedScreenshots(TestStep.java:296)
	at net.thucydides.core.model.TestStep.lambda$getRenderedScreenshots$8(TestStep.java:297)
	at java.base/java.util.ArrayList.forEach(ArrayList.java:1511)
	at net.thucydides.core.model.TestStep.getRenderedScreenshots(TestStep.java:296)
	at net.thucydides.core.model.TestStep.lambda$getRenderedScreenshots$8(TestStep.java:297)
	at java.base/java.util.ArrayList.forEach(ArrayList.java:1511)
	at net.thucydides.core.model.TestStep.getRenderedScreenshots(TestStep.java:296)
	at net.thucydides.core.model.TestStep.lambda$getRenderedScreenshots$8(TestStep.java:297)
	at java.base/java.util.ArrayList.forEach(ArrayList.java:1511)
	at net.thucydides.core.model.TestStep.getRenderedScreenshots(TestStep.java:296)
	at net.thucydides.core.model.TestStep.lambda$getRenderedScreenshots$8(TestStep.java:297)
	at java.base/java.util.ArrayList.forEach(ArrayList.java:1511)
	at net.thucydides.core.model.TestStep.getRenderedScreenshots(TestStep.java:296)
	at net.thucydides.core.model.TestStep.lambda$getRenderedScreenshots$8(TestStep.java:297)
	at java.base/java.util.ArrayList.forEach(ArrayList.java:1511)
	at net.thucydides.core.model.TestStep.getRenderedScreenshots(TestStep.java:296)
	at net.thucydides.core.model.TestStep.lambda$getRenderedScreenshots$8(TestStep.java:297)
	at java.base/java.util.ArrayList.forEach(ArrayList.java:1511)
	at net.thucydides.core.model.TestStep.getRenderedScreenshots(TestStep.java:296)
	at net.thucydides.core.model.TestStep.lambda$getRenderedScreenshots$8(TestStep.java:297)
	at java.base/java.util.ArrayList.forEach(ArrayList.java:1511)
	at net.thucydides.core.model.TestStep.getRenderedScreenshots(TestStep.java:296)
	at net.thucydides.core.model.TestStep.lambda$getRenderedScreenshots$8(TestStep.java:297)
	at java.base/java.util.ArrayList.forEach(ArrayList.java:1511)
	at net.thucydides.core.model.TestStep.getRenderedScreenshots(TestStep.java:296)
	at net.thucydides.core.model.TestStep.lambda$getRenderedScreenshots$8(TestStep.java:297)
	at java.base/java.util.ArrayList.forEach(ArrayList.java:1511)
	at net.thucydides.core.model.TestStep.getRenderedScreenshots(TestStep.java:296)
	at net.thucydides.core.model.TestStep.lambda$getRenderedScreenshots$8(TestStep.java:297)
	at java.base/java.util.ArrayList.forEach(ArrayList.java:1511)
	at net.thucydides.core.model.TestStep.getRenderedScreenshots(TestStep.java:296)
	at net.thucydides.core.model.TestStep.lambda$getRenderedScreenshots$8(TestStep.java:297)
	at java.base/java.util.ArrayList.forEach(ArrayList.java:1511)
	at net.thucydides.core.model.TestStep.getRenderedScreenshots(TestStep.java:296)
	at net.thucydides.core.model.TestStep.lambda$getRenderedScreenshots$8(TestStep.java:297)
	at java.base/java.util.ArrayList.forEach(ArrayList.java:1511)
	at net.thucydides.core.model.TestStep.getRenderedScreenshots(TestStep.java:296)
	at net.thucydides.core.model.TestStep.lambda$getRenderedScreenshots$8(TestStep.java:297)
	at java.base/java.util.ArrayList.forEach(ArrayList.java:1511)
	at net.thucydides.core.model.TestStep.getRenderedScreenshots(TestStep.java:296)
	at net.thucydides.core.model.TestStep.lambda$getRenderedScreenshots$8(TestStep.java:297)
	at java.base/java.util.ArrayList.forEach(ArrayList.java:1511)
	at net.thucydides.core.model.TestStep.getRenderedScreenshots(TestStep.java:296)
	at net.thucydides.core.model.TestStep.lambda$getRenderedScreenshots$8(TestStep.java:297)
	at java.base/java.util.ArrayList.forEach(ArrayList.java:1511)
	at net.thucydides.core.model.TestStep.getRenderedScreenshots(TestStep.java:296)
	at net.thucydides.core.model.TestStep.lambda$getRenderedScreenshots$8(TestStep.java:297)
	at java.base/java.util.ArrayList.forEach(ArrayList.java:1511)
	at net.thucydides.core.model.TestStep.getRenderedScreenshots(TestStep.java:296)
	at net.thucydides.core.model.TestStep.lambda$getRenderedScreenshots$8(TestStep.java:297)
	at java.base/java.util.ArrayList.forEach(ArrayList.java:1511)
	at net.thucydides.core.model.TestStep.getRenderedScreenshots(TestStep.java:296)
	at net.thucydides.core.model.TestStep.lambda$getRenderedScreenshots$8(TestStep.java:297)
	at java.base/java.util.ArrayList.forEach(ArrayList.java:1511)
	at net.thucydides.core.model.TestStep.getRenderedScreenshots(TestStep.java:296)
	at net.thucydides.core.model.TestStep.lambda$getRenderedScreenshots$8(TestStep.java:297)
	at java.base/java.util.ArrayList.forEach(ArrayList.java:1511)
	at net.thucydides.core.model.TestStep.getRenderedScreenshots(TestStep.java:296)
	at net.thucydides.core.model.TestStep.lambda$getRenderedScreenshots$8(TestStep.java:297)
	at java.base/java.util.ArrayList.forEach(ArrayList.java:1511)
	at net.thucydides.core.model.TestStep.getRenderedScreenshots(TestStep.java:296)
	at net.thucydides.core.model.TestStep.lambda$getRenderedScreenshots$8(TestStep.java:297)
	at java.base/java.util.ArrayList.forEach(ArrayList.java:1511)
	at net.thucydides.core.model.TestStep.getRenderedScreenshots(TestStep.java:296)
	at net.thucydides.core.model.TestStep.lambda$getRenderedScreenshots$8(TestStep.java:297)
	at java.base/java.util.ArrayList.forEach(ArrayList.java:1511)
	at net.thucydides.core.model.TestStep.getRenderedScreenshots(TestStep.java:296)
	at net.thucydides.core.model.TestStep.lambda$getRenderedScreenshots$8(TestStep.java:297)
	at java.base/java.util.ArrayList.forEach(ArrayList.java:1511)
	at net.thucydides.core.model.TestStep.getRenderedScreenshots(TestStep.java:296)
	at net.thucydides.core.model.TestStep.lambda$getRenderedScreenshots$8(TestStep.java:297)
	at java.base/java.util.ArrayList.forEach(ArrayList.java:1511)
	at net.thucydides.core.model.TestStep.getRenderedScreenshots(TestStep.java:296)
	at net.thucydides.core.model.TestStep.lambda$getRenderedScreenshots$8(TestStep.java:297)
	at java.base/java.util.ArrayList.forEach(ArrayList.java:1511)
	at net.thucydides.core.model.TestStep.getRenderedScreenshots(TestStep.java:296)
	at net.thucydides.core.model.TestStep.lambda$getRenderedScreenshots$8(TestStep.java:297)
	at java.base/java.util.ArrayList.forEach(ArrayList.java:1511)
	at net.thucydides.core.model.TestStep.getRenderedScreenshots(TestStep.java:296)
	at net.thucydides.core.model.TestStep.lambda$getRenderedScreenshots$8(TestStep.java:297)
	at java.base/java.util.ArrayList.forEach(ArrayList.java:1511)
	at net.thucydides.core.model.TestStep.getRenderedScreenshots(TestStep.java:296)
	at net.thucydides.core.model.TestStep.lambda$getRenderedScreenshots$8(TestStep.java:297)
	at java.base/java.util.ArrayList.forEach(ArrayList.java:1511)
	at net.thucydides.core.model.TestStep.getRenderedScreenshots(TestStep.java:296)
	at net.thucydides.core.model.TestStep.lambda$getRenderedScreenshots$8(TestStep.java:297)
	at java.base/java.util.ArrayList.forEach(ArrayList.java:1511)
	at net.thucydides.core.model.TestStep.getRenderedScreenshots(TestStep.java:296)
	at net.thucydides.core.model.TestStep.lambda$getRenderedScreenshots$8(TestStep.java:297)
	at java.base/java.util.ArrayList.forEach(ArrayList.java:1511)
	at net.thucydides.core.model.TestStep.getRenderedScreenshots(TestStep.java:296)
	at net.thucydides.core.model.TestStep.lambda$getRenderedScreenshots$8(TestStep.java:297)
	at java.base/java.util.ArrayList.forEach(ArrayList.java:1511)
	at net.thucydides.core.model.TestStep.getRenderedScreenshots(TestStep.java:296)
	at net.thucydides.core.model.TestStep.lambda$getRenderedScreenshots$8(TestStep.java:297)
	at java.base/java.util.ArrayList.forEach(ArrayList.java:1511)
	at net.thucydides.core.model.TestStep.getRenderedScreenshots(TestStep.java:296)
	at net.thucydides.core.model.TestStep.lambda$getRenderedScreenshots$8(TestStep.java:297)
	at java.base/java.util.ArrayList.forEach(ArrayList.java:1511)
	at net.thucydides.core.model.TestStep.getRenderedScreenshots(TestStep.java:296)
	at net.thucydides.core.model.TestStep.lambda$getRenderedScreenshots$8(TestStep.java:297)
	at java.base/java.util.ArrayList.forEach(ArrayList.java:1511)
	at net.thucydides.core.model.TestStep.getRenderedScreenshots(TestStep.java:296)
	at net.thucydides.core.model.TestStep.lambda$getRenderedScreenshots$8(TestStep.java:297)
	at java.base/java.util.ArrayList.forEach(ArrayList.java:1511)
	at net.thucydides.core.model.TestStep.getRenderedScreenshots(TestStep.java:296)
	at net.thucydides.core.model.TestStep.lambda$getRenderedScreenshots$8(TestStep.java:297)
	at java.base/java.util.ArrayList.forEach(ArrayList.java:1511)
	at net.thucydides.core.model.TestStep.getRenderedScreenshots(TestStep.java:296)
	at net.thucydides.core.model.TestStep.lambda$getRenderedScreenshots$8(TestStep.java:297)
	at java.base/java.util.ArrayList.forEach(ArrayList.java:1511)
	at net.thucydides.core.model.TestStep.getRenderedScreenshots(TestStep.java:296)
	at net.thucydides.core.model.TestStep.lambda$getRenderedScreenshots$8(TestStep.java:297)
	at java.base/java.util.ArrayList.forEach(ArrayList.java:1511)
	at net.thucydides.core.model.TestStep.getRenderedScreenshots(TestStep.java:296)
	at net.thucydides.core.model.TestStep.lambda$getRenderedScreenshots$8(TestStep.java:297)
	at java.base/java.util.ArrayList.forEach(ArrayList.java:1511)
	at net.thucydides.core.model.TestStep.getRenderedScreenshots(TestStep.java:296)
	at net.thucydides.core.model.TestStep.lambda$getRenderedScreenshots$8(TestStep.java:297)
	at java.base/java.util.ArrayList.forEach(ArrayList.java:1511)
	at net.thucydides.core.model.TestStep.getRenderedScreenshots(TestStep.java:296)
	at net.thucydides.core.model.TestStep.lambda$getRenderedScreenshots$8(TestStep.java:297)
	at java.base/java.util.ArrayList.forEach(ArrayList.java:1511)
	at net.thucydides.core.model.TestStep.getRenderedScreenshots(TestStep.java:296)
	at net.thucydides.core.model.TestStep.lambda$getRenderedScreenshots$8(TestStep.java:297)
	at java.base/java.util.ArrayList.forEach(ArrayList.java:1511)
	at net.thucydides.core.model.TestStep.getRenderedScreenshots(TestStep.java:296)
	at net.thucydides.core.model.TestStep.lambda$getRenderedScreenshots$8(TestStep.java:297)
	at java.base/java.util.ArrayList.forEach(ArrayList.java:1511)
	at net.thucydides.core.model.TestStep.getRenderedScreenshots(TestStep.java:296)
	at net.thucydides.core.model.TestStep.lambda$getRenderedScreenshots$8(TestStep.java:297)
	at java.base/java.util.ArrayList.forEach(ArrayList.java:1511)
	at net.thucydides.core.model.TestStep.getRenderedScreenshots(TestStep.java:296)
	at net.thucydides.core.model.TestStep.lambda$getRenderedScreenshots$8(TestStep.java:297)
	at java.base/java.util.ArrayList.forEach(ArrayList.java:1511)
	at net.thucydides.core.model.TestStep.getRenderedScreenshots(TestStep.java:296)
	at net.thucydides.core.model.TestStep.lambda$getRenderedScreenshots$8(TestStep.java:297)
	at java.base/java.util.ArrayList.forEach(ArrayList.java:1511)
	at net.thucydides.core.model.TestStep.getRenderedScreenshots(TestStep.java:296)
	at net.thucydides.core.model.TestStep.lambda$getRenderedScreenshots$8(TestStep.java:297)
	at java.base/java.util.ArrayList.forEach(ArrayList.java:1511)
	at net.thucydides.core.model.TestStep.getRenderedScreenshots(TestStep.java:296)
	at net.thucydides.core.model.TestStep.lambda$getRenderedScreenshots$8(TestStep.java:297)
	at java.base/java.util.ArrayList.forEach(ArrayList.java:1511)
	at net.thucydides.core.model.TestStep.getRenderedScreenshots(TestStep.java:296)
	at net.thucydides.core.model.TestStep.lambda$getRenderedScreenshots$8(TestStep.java:297)
	at java.base/java.util.ArrayList.forEach(ArrayList.java:1511)
	at net.thucydides.core.model.TestStep.getRenderedScreenshots(TestStep.java:296)
	at net.thucydides.core.model.TestStep.lambda$getRenderedScreenshots$8(TestStep.java:297)
	at java.base/java.util.ArrayList.forEach(ArrayList.java:1511)
	at net.thucydides.core.model.TestStep.getRenderedScreenshots(TestStep.java:296)
	at net.thucydides.core.model.TestStep.lambda$getRenderedScreenshots$8(TestStep.java:297)
	at java.base/java.util.ArrayList.forEach(ArrayList.java:1511)
	at net.thucydides.core.model.TestStep.getRenderedScreenshots(TestStep.java:296)
	at net.thucydides.core.model.TestStep.lambda$getRenderedScreenshots$8(TestStep.java:297)
	at java.base/java.util.ArrayList.forEach(ArrayList.java:1511)
	at net.thucydides.core.model.TestStep.getRenderedScreenshots(TestStep.java:296)
	at net.thucydides.core.model.TestStep.lambda$getRenderedScreenshots$8(TestStep.java:297)
	at java.base/java.util.ArrayList.forEach(ArrayList.java:1511)
	at net.thucydides.core.model.TestStep.getRenderedScreenshots(TestStep.java:296)
	at net.thucydides.core.model.TestStep.lambda$getRenderedScreenshots$8(TestStep.java:297)
	at java.base/java.util.ArrayList.forEach(ArrayList.java:1511)
	at net.thucydides.core.model.TestStep.getRenderedScreenshots(TestStep.java:296)
	at net.thucydides.core.model.TestStep.lambda$getRenderedScreenshots$8(TestStep.java:297)
	at java.base/java.util.ArrayList.forEach(ArrayList.java:1511)
	at net.thucydides.core.model.TestStep.getRenderedScreenshots(TestStep.java:296)
	at net.thucydides.core.model.TestStep.lambda$getRenderedScreenshots$8(TestStep.java:297)
	at java.base/java.util.ArrayList.forEach(ArrayList.java:1511)
	at net.thucydides.core.model.TestStep.getRenderedScreenshots(TestStep.java:296)
	at net.thucydides.core.model.TestStep.lambda$getRenderedScreenshots$8(TestStep.java:297)
	at java.base/java.util.ArrayList.forEach(ArrayList.java:1511)
	at net.thucydides.core.model.TestStep.getRenderedScreenshots(TestStep.java:296)
	at net.thucydides.core.model.TestStep.lambda$getRenderedScreenshots$8(TestStep.java:297)
	at java.base/java.util.ArrayList.forEach(ArrayList.java:1511)
	at net.thucydides.core.model.TestStep.getRenderedScreenshots(TestStep.java:296)
	at net.thucydides.core.model.TestStep.lambda$getRenderedScreenshots$8(TestStep.java:297)
	at java.base/java.util.ArrayList.forEach(ArrayList.java:1511)
	at net.thucydides.core.model.TestStep.getRenderedScreenshots(TestStep.java:296)
	at net.thucydides.core.model.TestStep.lambda$getRenderedScreenshots$8(TestStep.java:297)
	at java.base/java.util.ArrayList.forEach(ArrayList.java:1511)
	at net.thucydides.core.model.TestStep.getRenderedScreenshots(TestStep.java:296)
	at net.thucydides.core.model.TestStep.lambda$getRenderedScreenshots$8(TestStep.java:297)
	at java.base/java.util.ArrayList.forEach(ArrayList.java:1511)
	at net.thucydides.core.model.TestStep.getRenderedScreenshots(TestStep.java:296)
	at net.thucydides.core.model.TestStep.lambda$getRenderedScreenshots$8(TestStep.java:297)
	at java.base/java.util.ArrayList.forEach(ArrayList.java:1511)
	at net.thucydides.core.model.TestStep.getRenderedScreenshots(TestStep.java:296)
	at net.thucydides.core.model.TestStep.lambda$getRenderedScreenshots$8(TestStep.java:297)
	at java.base/java.util.ArrayList.forEach(ArrayList.java:1511)
	at net.thucydides.core.model.TestStep.getRenderedScreenshots(TestStep.java:296)
	at net.thucydides.core.model.TestStep.lambda$getRenderedScreenshots$8(TestStep.java:297)
	at java.base/java.util.ArrayList.forEach(ArrayList.java:1511)
	at net.thucydides.core.model.TestStep.getRenderedScreenshots(TestStep.java:296)
	at net.thucydides.core.model.TestStep.lambda$getRenderedScreenshots$8(TestStep.java:297)
	at java.base/java.util.ArrayList.forEach(ArrayList.java:1511)
	at net.thucydides.core.model.TestStep.getRenderedScreenshots(TestStep.java:296)
	at net.thucydides.core.model.TestStep.lambda$getRenderedScreenshots$8(TestStep.java:297)
	at java.base/java.util.ArrayList.forEach(ArrayList.java:1511)
	at net.thucydides.core.model.TestStep.getRenderedScreenshots(TestStep.java:296)
	at net.thucydides.core.model.TestStep.lambda$getRenderedScreenshots$8(TestStep.java:297)
	at java.base/java.util.ArrayList.forEach(ArrayList.java:1511)
	at net.thucydides.core.model.TestStep.getRenderedScreenshots(TestStep.java:296)
	at net.thucydides.core.model.TestStep.lambda$getRenderedScreenshots$8(TestStep.java:297)
	at java.base/java.util.ArrayList.forEach(ArrayList.java:1511)
	at net.thucydides.core.model.TestStep.getRenderedScreenshots(TestStep.java:296)
	at net.thucydides.core.model.TestStep.lambda$getRenderedScreenshots$8(TestStep.java:297)
	at java.base/java.util.ArrayList.forEach(ArrayList.java:1511)
	at net.thucydides.core.model.TestStep.getRenderedScreenshots(TestStep.java:296)
	at net.thucydides.core.model.TestStep.lambda$getRenderedScreenshots$8(TestStep.java:297)
	at java.base/java.util.ArrayList.forEach(ArrayList.java:1511)
	at net.thucydides.core.model.TestStep.getRenderedScreenshots(TestStep.java:296)
	at net.thucydides.core.model.TestStep.lambda$getRenderedScreenshots$8(TestStep.java:297)
	at java.base/java.util.ArrayList.forEach(ArrayList.java:1511)
	at net.thucydides.core.model.TestStep.getRenderedScreenshots(TestStep.java:296)
	at net.thucydides.core.model.TestStep.lambda$getRenderedScreenshots$8(TestStep.java:297)
	at java.base/java.util.ArrayList.forEach(ArrayList.java:1511)
	at net.thucydides.core.model.TestStep.getRenderedScreenshots(TestStep.java:296)
	at net.thucydides.core.model.TestStep.lambda$getRenderedScreenshots$8(TestStep.java:297)
	at java.base/java.util.ArrayList.forEach(ArrayList.java:1511)
	at net.thucydides.core.model.TestStep.getRenderedScreenshots(TestStep.java:296)
	at net.thucydides.core.model.TestStep.lambda$getRenderedScreenshots$8(TestStep.java:297)
	at java.base/java.util.ArrayList.forEach(ArrayList.java:1511)
	at net.thucydides.core.model.TestStep.getRenderedScreenshots(TestStep.java:296)
	at net.thucydides.core.model.TestStep.lambda$getRenderedScreenshots$8(TestStep.java:297)
	at java.base/java.util.ArrayList.forEach(ArrayList.java:1511)
	at net.thucydides.core.model.TestStep.getRenderedScreenshots(TestStep.java:296)
	at net.thucydides.core.model.TestStep.lambda$getRenderedScreenshots$8(TestStep.java:297)
	at java.base/java.util.ArrayList.forEach(ArrayList.java:1511)
	at net.thucydides.core.model.TestStep.getRenderedScreenshots(TestStep.java:296)
	at net.thucydides.core.model.TestStep.lambda$getRenderedScreenshots$8(TestStep.java:297)
	at java.base/java.util.ArrayList.forEach(ArrayList.java:1511)
	at net.thucydides.core.model.TestStep.getRenderedScreenshots(TestStep.java:296)
	at net.thucydides.core.model.TestStep.lambda$getRenderedScreenshots$8(TestStep.java:297)
	at java.base/java.util.ArrayList.forEach(ArrayList.java:1511)
	at net.thucydides.core.model.TestStep.getRenderedScreenshots(TestStep.java:296)
	at net.thucydides.core.model.TestStep.lambda$getRenderedScreenshots$8(TestStep.java:297)
	at java.base/java.util.ArrayList.forEach(ArrayList.java:1511)
	at net.thucydides.core.model.TestStep.getRenderedScreenshots(TestStep.java:296)
	at net.thucydides.core.model.TestStep.lambda$getRenderedScreenshots$8(TestStep.java:297)
	at java.base/java.util.ArrayList.forEach(ArrayList.java:1511)
	at net.thucydides.core.model.TestStep.getRenderedScreenshots(TestStep.java:296)
	at net.thucydides.core.model.TestStep.lambda$getRenderedScreenshots$8(TestStep.java:297)
	at java.base/java.util.ArrayList.forEach(ArrayList.java:1511)
	at net.thucydides.core.model.TestStep.getRenderedScreenshots(TestStep.java:296)
	at net.thucydides.core.model.TestStep.lambda$getRenderedScreenshots$8(TestStep.java:297)
	at java.base/java.util.ArrayList.forEach(ArrayList.java:1511)
	at net.thucydides.core.model.TestStep.getRenderedScreenshots(TestStep.java:296)
	at net.thucydides.core.model.TestStep.lambda$getRenderedScreenshots$8(TestStep.java:297)
	at java.base/java.util.ArrayList.forEach(ArrayList.java:1511)
	at net.thucydides.core.model.TestStep.getRenderedScreenshots(TestStep.java:296)
	at net.thucydides.core.model.TestStep.lambda$getRenderedScreenshots$8(TestStep.java:297)
	at java.base/java.util.ArrayList.forEach(ArrayList.java:1511)
	at net.thucydides.core.model.TestStep.getRenderedScreenshots(TestStep.java:296)
	at net.thucydides.core.model.TestStep.lambda$getRenderedScreenshots$8(TestStep.java:297)
	at java.base/java.util.ArrayList.forEach(ArrayList.java:1511)
	at net.thucydides.core.model.TestStep.getRenderedScreenshots(TestStep.java:296)
	at net.thucydides.core.model.TestStep.lambda$getRenderedScreenshots$8(TestStep.java:297)
	at java.base/java.util.ArrayList.forEach(ArrayList.java:1511)
	at net.thucydides.core.model.TestStep.getRenderedScreenshots(TestStep.java:296)
	at net.thucydides.core.model.TestStep.lambda$getRenderedScreenshots$8(TestStep.java:297)
	at java.base/java.util.ArrayList.forEach(ArrayList.java:1511)
	at net.thucydides.core.model.TestStep.getRenderedScreenshots(TestStep.java:296)
	at net.thucydides.core.model.TestStep.lambda$getRenderedScreenshots$8(TestStep.java:297)
	at java.base/java.util.ArrayList.forEach(ArrayList.java:1511)
	at net.thucydides.core.model.TestStep.getRenderedScreenshots(TestStep.java:296)
	at net.thucydides.core.model.TestStep.lambda$getRenderedScreenshots$8(TestStep.java:297)
	at java.base/java.util.ArrayList.forEach(ArrayList.java:1511)
	at net.thucydides.core.model.TestStep.getRenderedScreenshots(TestStep.java:296)
	at net.thucydides.core.model.TestStep.lambda$getRenderedScreenshots$8(TestStep.java:297)
	at java.base/java.util.ArrayList.forEach(ArrayList.java:1511)
	at net.thucydides.core.model.TestStep.getRenderedScreenshots(TestStep.java:296)
	at net.thucydides.core.model.TestStep.lambda$getRenderedScreenshots$8(TestStep.java:297)
	at java.base/java.util.ArrayList.forEach(ArrayList.java:1511)
	at net.thucydides.core.model.TestStep.getRenderedScreenshots(TestStep.java:296)
	at net.thucydides.core.model.TestStep.lambda$getRenderedScreenshots$8(TestStep.java:297)
	at java.base/java.util.ArrayList.forEach(ArrayList.java:1511)
	at net.thucydides.core.model.TestStep.getRenderedScreenshots(TestStep.java:296)
	at net.thucydides.core.model.TestStep.lambda$getRenderedScreenshots$8(TestStep.java:297)
	at java.base/java.util.ArrayList.forEach(ArrayList.java:1511)
	at net.thucydides.core.model.TestStep.getRenderedScreenshots(TestStep.java:296)
	at net.thucydides.core.model.TestStep.lambda$getRenderedScreenshots$8(TestStep.java:297)
	at java.base/java.util.ArrayList.forEach(ArrayList.java:1511)
	at net.thucydides.core.model.TestStep.getRenderedScreenshots(TestStep.java:296)
	at net.thucydides.core.model.TestStep.lambda$getRenderedScreenshots$8(TestStep.java:297)
	at java.base/java.util.ArrayList.forEach(ArrayList.java:1511)
	at net.thucydides.core.model.TestStep.getRenderedScreenshots(TestStep.java:296)
	at net.thucydides.core.model.TestStep.lambda$getRenderedScreenshots$8(TestStep.java:297)
	at java.base/java.util.ArrayList.forEach(ArrayList.java:1511)
	at net.thucydides.core.model.TestStep.getRenderedScreenshots(TestStep.java:296)
	at net.thucydides.core.model.TestStep.lambda$getRenderedScreenshots$8(TestStep.java:297)
	at java.base/java.util.ArrayList.forEach(ArrayList.java:1511)
	at net.thucydides.core.model.TestStep.getRenderedScreenshots(TestStep.java:296)
	at net.thucydides.core.model.TestStep.lambda$getRenderedScreenshots$8(TestStep.java:297)
	at java.base/java.util.ArrayList.forEach(ArrayList.java:1511)
	at net.thucydides.core.model.TestStep.getRenderedScreenshots(TestStep.java:296)
	at net.thucydides.core.model.TestStep.lambda$getRenderedScreenshots$8(TestStep.java:297)
	at java.base/java.util.ArrayList.forEach(ArrayList.java:1511)
	at net.thucydides.core.model.TestStep.getRenderedScreenshots(TestStep.java:296)
	at net.thucydides.core.model.TestStep.lambda$getRenderedScreenshots$8(TestStep.java:297)
	at java.base/java.util.ArrayList.forEach(ArrayList.java:1511)
	at net.thucydides.core.model.TestStep.getRenderedScreenshots(TestStep.java:296)
	at net.thucydides.core.model.TestStep.lambda$getRenderedScreenshots$8(TestStep.java:297)
	at java.base/java.util.ArrayList.forEach(ArrayList.java:1511)
	at net.thucydides.core.model.TestStep.getRenderedScreenshots(TestStep.java:296)
	at net.thucydides.core.model.TestStep.lambda$getRenderedScreenshots$8(TestStep.java:297)
	at java.base/java.util.ArrayList.forEach(ArrayList.java:1511)
	at net.thucydides.core.model.TestStep.getRenderedScreenshots(TestStep.java:296)
	at net.thucydides.core.model.TestStep.lambda$getRenderedScreenshots$8(TestStep.java:297)
	at java.base/java.util.ArrayList.forEach(ArrayList.java:1511)
	at net.thucydides.core.model.TestStep.getRenderedScreenshots(TestStep.java:296)
	at net.thucydides.core.model.TestStep.lambda$getRenderedScreenshots$8(TestStep.java:297)
	at java.base/java.util.ArrayList.forEach(ArrayList.java:1511)
	at net.thucydides.core.model.TestStep.getRenderedScreenshots(TestStep.java:296)
	at net.thucydides.core.model.TestStep.lambda$getRenderedScreenshots$8(TestStep.java:297)
	at java.base/java.util.ArrayList.forEach(ArrayList.java:1511)
	at net.thucydides.core.model.TestStep.getRenderedScreenshots(TestStep.java:296)
	at net.thucydides.core.model.TestStep.lambda$getRenderedScreenshots$8(TestStep.java:297)
	at java.base/java.util.ArrayList.forEach(ArrayList.java:1511)
	at net.thucydides.core.model.TestStep.getRenderedScreenshots(TestStep.java:296)
	at net.thucydides.core.model.TestStep.lambda$getRenderedScreenshots$8(TestStep.java:297)
	at java.base/java.util.ArrayList.forEach(ArrayList.java:1511)
	at net.thucydides.core.model.TestStep.getRenderedScreenshots(TestStep.java:296)
	at net.thucydides.core.model.TestStep.lambda$getRenderedScreenshots$8(TestStep.java:297)
	at java.base/java.util.ArrayList.forEach(ArrayList.java:1511)
	at net.thucydides.core.model.TestStep.getRenderedScreenshots(TestStep.java:296)
	at net.thucydides.core.model.TestStep.lambda$getRenderedScreenshots$8(TestStep.java:297)
	at java.base/java.util.ArrayList.forEach(ArrayList.java:1511)
	at net.thucydides.core.model.TestStep.getRenderedScreenshots(TestStep.java:296)
	at net.thucydides.core.model.TestStep.lambda$getRenderedScreenshots$8(TestStep.java:297)
	at java.base/java.util.ArrayList.forEach(ArrayList.java:1511)
	at net.thucydides.core.model.TestStep.getRenderedScreenshots(TestStep.java:296)
	at net.thucydides.core.model.TestStep.lambda$getRenderedScreenshots$8(TestStep.java:297)
	at java.base/java.util.ArrayList.forEach(ArrayList.java:1511)
	at net.thucydides.core.model.TestStep.getRenderedScreenshots(TestStep.java:296)
	at net.thucydides.core.model.TestStep.lambda$getRenderedScreenshots$8(TestStep.java:297)
	at java.base/java.util.ArrayList.forEach(ArrayList.java:1511)
	at net.thucydides.core.model.TestStep.getRenderedScreenshots(TestStep.java:296)
	at net.thucydides.core.model.TestStep.lambda$getRenderedScreenshots$8(TestStep.java:297)
	at java.base/java.util.ArrayList.forEach(ArrayList.java:1511)
	at net.thucydides.core.model.TestStep.getRenderedScreenshots(TestStep.java:296)
	at net.thucydides.core.model.TestStep.lambda$getRenderedScreenshots$8(TestStep.java:297)
	at java.base/java.util.ArrayList.forEach(ArrayList.java:1511)
	at net.thucydides.core.model.TestStep.getRenderedScreenshots(TestStep.java:296)
	at net.thucydides.core.model.TestStep.lambda$getRenderedScreenshots$8(TestStep.java:297)
	at java.base/java.util.ArrayList.forEach(ArrayList.java:1511)
	at net.thucydides.core.model.TestStep.getRenderedScreenshots(TestStep.java:296)
	at net.thucydides.core.model.TestStep.lambda$getRenderedScreenshots$8(TestStep.java:297)
	at java.base/java.util.ArrayList.forEach(ArrayList.java:1511)
	at net.thucydides.core.model.TestStep.getRenderedScreenshots(TestStep.java:296)
	at net.thucydides.core.model.TestStep.lambda$getRenderedScreenshots$8(TestStep.java:297)
	at java.base/java.util.ArrayList.forEach(ArrayList.java:1511)
	at net.thucydides.core.model.TestStep.getRenderedScreenshots(TestStep.java:296)
	at net.thucydides.core.model.TestStep.lambda$getRenderedScreenshots$8(TestStep.java:297)
	at java.base/java.util.ArrayList.forEach(ArrayList.java:1511)
	at net.thucydides.core.model.TestStep.getRenderedScreenshots(TestStep.java:296)
	at net.thucydides.core.model.TestStep.lambda$getRenderedScreenshots$8(TestStep.java:297)
	at java.base/java.util.ArrayList.forEach(ArrayList.java:1511)
	at net.thucydides.core.model.TestStep.getRenderedScreenshots(TestStep.java:296)
	at net.thucydides.core.model.TestStep.lambda$getRenderedScreenshots$8(TestStep.java:297)
	at java.base/java.util.ArrayList.forEach(ArrayList.java:1511)
	at net.thucydides.core.model.TestStep.getRenderedScreenshots(TestStep.java:296)
	at net.thucydides.core.model.TestStep.lambda$getRenderedScreenshots$8(TestStep.java:297)
	at java.base/java.util.ArrayList.forEach(ArrayList.java:1511)
	at net.thucydides.core.model.TestStep.getRenderedScreenshots(TestStep.java:296)
	at net.thucydides.core.model.TestStep.lambda$getRenderedScreenshots$8(TestStep.java:297)
	at java.base/java.util.ArrayList.forEach(ArrayList.java:1511)
	at net.thucydides.core.model.TestStep.getRenderedScreenshots(TestStep.java:296)
	at net.thucydides.core.model.TestStep.lambda$getRenderedScreenshots$8(TestStep.java:297)
	at java.base/java.util.ArrayList.forEach(ArrayList.java:1511)
	at net.thucydides.core.model.TestStep.getRenderedScreenshots(TestStep.java:296)
	at net.thucydides.core.model.TestStep.lambda$getRenderedScreenshots$8(TestStep.java:297)
	at java.base/java.util.ArrayList.forEach(ArrayList.java:1511)
	at net.thucydides.core.model.TestStep.getRenderedScreenshots(TestStep.java:296)
	at net.thucydides.core.model.TestStep.lambda$getRenderedScreenshots$8(TestStep.java:297)
	at java.base/java.util.ArrayList.forEach(ArrayList.java:1511)
	at net.thucydides.core.model.TestStep.getRenderedScreenshots(TestStep.java:296)
	at net.thucydides.core.model.TestStep.lambda$getRenderedScreenshots$8(TestStep.java:297)
	at java.base/java.util.ArrayList.forEach(ArrayList.java:1511)
	at net.thucydides.core.model.TestStep.getRenderedScreenshots(TestStep.java:296)
	at net.thucydides.core.model.TestStep.lambda$getRenderedScreenshots$8(TestStep.java:297)
	at java.base/java.util.ArrayList.forEach(ArrayList.java:1511)
	at net.thucydides.core.model.TestStep.getRenderedScreenshots(TestStep.java:296)
	at net.thucydides.core.model.TestStep.lambda$getRenderedScreenshots$8(TestStep.java:297)
	at java.base/java.util.ArrayList.forEach(ArrayList.java:1511)
	at net.thucydides.core.model.TestStep.getRenderedScreenshots(TestStep.java:296)
	at net.thucydides.core.model.TestStep.lambda$getRenderedScreenshots$8(TestStep.java:297)
	at java.base/java.util.ArrayList.forEach(ArrayList.java:1511)
	at net.thucydides.core.model.TestStep.getRenderedScreenshots(TestStep.java:296)
	at net.thucydides.core.model.TestStep.lambda$getRenderedScreenshots$8(TestStep.java:297)
	at java.base/java.util.ArrayList.forEach(ArrayList.java:1511)
	at net.thucydides.core.model.TestStep.getRenderedScreenshots(TestStep.java:296)
	at net.thucydides.core.model.TestStep.lambda$getRenderedScreenshots$8(TestStep.java:297)
	at java.base/java.util.ArrayList.forEach(ArrayList.java:1511)
	at net.thucydides.core.model.TestStep.getRenderedScreenshots(TestStep.java:296)
	at net.thucydides.core.model.TestStep.lambda$getRenderedScreenshots$8(TestStep.java:297)
	at java.base/java.util.ArrayList.forEach(ArrayList.java:1511)
	at net.thucydides.core.model.TestStep.getRenderedScreenshots(TestStep.java:296)
	at net.thucydides.core.model.TestStep.lambda$getRenderedScreenshots$8(TestStep.java:297)
	at java.base/java.util.ArrayList.forEach(ArrayList.java:1511)
	at net.thucydides.core.model.TestStep.getRenderedScreenshots(TestStep.java:296)
	at net.thucydides.core.model.TestStep.lambda$getRenderedScreenshots$8(TestStep.java:297)
	at java.base/java.util.ArrayList.forEach(ArrayList.java:1511)
	at net.thucydides.core.model.TestStep.getRenderedScreenshots(TestStep.java:296)
	at net.thucydides.core.model.TestStep.lambda$getRenderedScreenshots$8(TestStep.java:297)
	at java.base/java.util.ArrayList.forEach(ArrayList.java:1511)
	at net.thucydides.core.model.TestStep.getRenderedScreenshots(TestStep.java:296)
	at net.thucydides.core.model.TestStep.lambda$getRenderedScreenshots$8(TestStep.java:297)
	at java.base/java.util.ArrayList.forEach(ArrayList.java:1511)
	at net.thucydides.core.model.TestStep.getRenderedScreenshots(TestStep.java:296)
	at net.thucydides.core.model.TestStep.lambda$getRenderedScreenshots$8(TestStep.java:297)
	at java.base/java.util.ArrayList.forEach(ArrayList.java:1511)
	at net.thucydides.core.model.TestStep.getRenderedScreenshots(TestStep.java:296)
	at net.thucydides.core.model.TestStep.lambda$getRenderedScreenshots$8(TestStep.java:297)
	at java.base/java.util.ArrayList.forEach(ArrayList.java:1511)
	at net.thucydides.core.model.TestStep.getRenderedScreenshots(TestStep.java:296)
	at net.thucydides.core.model.TestStep.lambda$getRenderedScreenshots$8(TestStep.java:297)
	at java.base/java.util.ArrayList.forEach(ArrayList.java:1511)
	at net.thucydides.core.model.TestStep.getRenderedScreenshots(TestStep.java:296)
	at net.thucydides.core.model.TestStep.lambda$getRenderedScreenshots$8(TestStep.java:297)
	at java.base/java.util.ArrayList.forEach(ArrayList.java:1511)
	at net.thucydides.core.model.TestStep.getRenderedScreenshots(TestStep.java:296)
	at net.thucydides.core.model.TestStep.lambda$getRenderedScreenshots$8(TestStep.java:297)
	at java.base/java.util.ArrayList.forEach(ArrayList.java:1511)
	at net.thucydides.core.model.TestStep.getRenderedScreenshots(TestStep.java:296)
	at net.thucydides.core.model.TestStep.lambda$getRenderedScreenshots$8(TestStep.java:297)
	at java.base/java.util.ArrayList.forEach(ArrayList.java:1511)
	at net.thucydides.core.model.TestStep.getRenderedScreenshots(TestStep.java:296)
	at net.thucydides.core.model.TestStep.lambda$getRenderedScreenshots$8(TestStep.java:297)
	at java.base/java.util.ArrayList.forEach(ArrayList.java:1511)
	at net.thucydides.core.model.TestStep.getRenderedScreenshots(TestStep.java:296)
	at net.thucydides.core.model.TestStep.lambda$getRenderedScreenshots$8(TestStep.java:297)
	at java.base/java.util.ArrayList.forEach(ArrayList.java:1511)
	at net.thucydides.core.model.TestStep.getRenderedScreenshots(TestStep.java:296)
	at net.thucydides.core.model.TestStep.lambda$getRenderedScreenshots$8(TestStep.java:297)
	at java.base/java.util.ArrayList.forEach(ArrayList.java:1511)
	at net.thucydides.core.model.TestStep.getRenderedScreenshots(TestStep.java:296)
	at net.thucydides.core.model.TestStep.lambda$getRenderedScreenshots$8(TestStep.java:297)
	at java.base/java.util.ArrayList.forEach(ArrayList.java:1511)
	at net.thucydides.core.model.TestStep.getRenderedScreenshots(TestStep.java:296)
	at net.thucydides.core.model.TestStep.lambda$getRenderedScreenshots$8(TestStep.java:297)
	at java.base/java.util.ArrayList.forEach(ArrayList.java:1511)
	at net.thucydides.core.model.TestStep.getRenderedScreenshots(TestStep.java:296)
	at net.thucydides.core.model.TestStep.lambda$getRenderedScreenshots$8(TestStep.java:297)
	at java.base/java.util.ArrayList.forEach(ArrayList.java:1511)
	at net.thucydides.core.model.TestStep.getRenderedScreenshots(TestStep.java:296)
	at net.thucydides.core.model.TestStep.lambda$getRenderedScreenshots$8(TestStep.java:297)
	at java.base/java.util.ArrayList.forEach(ArrayList.java:1511)
	at net.thucydides.core.model.TestStep.getRenderedScreenshots(TestStep.java:296)
	at net.thucydides.core.model.TestStep.lambda$getRenderedScreenshots$8(TestStep.java:297)
	at java.base/java.util.ArrayList.forEach(ArrayList.java:1511)
	at net.thucydides.core.model.TestStep.getRenderedScreenshots(TestStep.java:296)
	at net.thucydides.core.model.TestStep.lambda$getRenderedScreenshots$8(TestStep.java:297)
	at java.base/java.util.ArrayList.forEach(ArrayList.java:1511)
	at net.thucydides.core.model.TestStep.getRenderedScreenshots(TestStep.java:296)
	at net.thucydides.core.model.TestStep.lambda$getRenderedScreenshots$8(TestStep.java:297)
	at java.base/java.util.ArrayList.forEach(ArrayList.java:1511)
	at net.thucydides.core.model.TestStep.getRenderedScreenshots(TestStep.java:296)
	at net.thucydides.core.model.TestStep.lambda$getRenderedScreenshots$8(TestStep.java:297)
	at java.base/java.util.ArrayList.forEach(ArrayList.java:1511)
	at net.thucydides.core.model.TestStep.getRenderedScreenshots(TestStep.java:296)
	at net.thucydides.core.model.TestStep.lambda$getRenderedScreenshots$8(TestStep.java:297)
	at java.base/java.util.ArrayList.forEach(ArrayList.java:1511)
	at net.thucydides.core.model.TestStep.getRenderedScreenshots(TestStep.java:296)
	at net.thucydides.core.model.TestStep.lambda$getRenderedScreenshots$8(TestStep.java:297)
	at java.base/java.util.ArrayList.forEach(ArrayList.java:1511)
	at net.thucydides.core.model.TestStep.getRenderedScreenshots(TestStep.java:296)
	at net.thucydides.core.model.TestStep.lambda$getRenderedScreenshots$8(TestStep.java:297)
	at java.base/java.util.ArrayList.forEach(ArrayList.java:1511)
	at net.thucydides.core.model.TestStep.getRenderedScreenshots(TestStep.java:296)
	at net.thucydides.core.model.TestStep.lambda$getRenderedScreenshots$8(TestStep.java:297)
	at java.base/java.util.ArrayList.forEach(ArrayList.java:1511)
	at net.thucydides.core.model.TestStep.getRenderedScreenshots(TestStep.java:296)
	at net.thucydides.core.model.TestStep.lambda$getRenderedScreenshots$8(TestStep.java:297)
	at java.base/java.util.ArrayList.forEach(ArrayList.java:1511)
	at net.thucydides.core.model.TestStep.getRenderedScreenshots(TestStep.java:296)
	at net.thucydides.core.model.TestStep.lambda$getRenderedScreenshots$8(TestStep.java:297)
	at java.base/java.util.ArrayList.forEach(ArrayList.java:1511)
	at net.thucydides.core.model.TestStep.getRenderedScreenshots(TestStep.java:296)
	at net.thucydides.core.model.TestStep.lambda$getRenderedScreenshots$8(TestStep.java:297)
	at java.base/java.util.ArrayList.forEach(ArrayList.java:1511)
	at net.thucydides.core.model.TestStep.getRenderedScreenshots(TestStep.java:296)
	at net.thucydides.core.model.TestStep.lambda$getRenderedScreenshots$8(TestStep.java:297)
	at java.base/java.util.ArrayList.forEach(ArrayList.java:1511)
	at net.thucydides.core.model.TestStep.getRenderedScreenshots(TestStep.java:296)
	at net.thucydides.core.model.TestStep.lambda$getRenderedScreenshots$8(TestStep.java:297)
	at java.base/java.util.ArrayList.forEach(ArrayList.java:1511)
	at net.thucydides.core.model.TestStep.getRenderedScreenshots(TestStep.java:296)
	at net.thucydides.core.model.TestStep.lambda$getRenderedScreenshots$8(TestStep.java:297)
	at java.base/java.util.ArrayList.forEach(ArrayList.java:1511)
	at net.thucydides.core.model.TestStep.getRenderedScreenshots(TestStep.java:296)
	at net.thucydides.core.model.TestStep.lambda$getRenderedScreenshots$8(TestStep.java:297)
	at java.base/java.util.ArrayList.forEach(ArrayList.java:1511)
	at net.thucydides.core.model.TestStep.getRenderedScreenshots(TestStep.java:296)
	at net.thucydides.core.model.TestStep.lambda$getRenderedScreenshots$8(TestStep.java:297)
	at java.base/java.util.ArrayList.forEach(ArrayList.java:1511)
	at net.thucydides.core.model.TestStep.getRenderedScreenshots(TestStep.java:296)
	at net.thucydides.core.model.TestStep.lambda$getRenderedScreenshots$8(TestStep.java:297)
	at java.base/java.util.ArrayList.forEach(ArrayList.java:1511)
	at net.thucydides.core.model.TestStep.getRenderedScreenshots(TestStep.java:296)
	at net.thucydides.core.model.TestStep.lambda$getRenderedScreenshots$8(TestStep.java:297)
	at java.base/java.util.ArrayList.forEach(ArrayList.java:1511)
	at net.thucydides.core.model.TestStep.getRenderedScreenshots(TestStep.java:296)
	at net.thucydides.core.model.TestStep.lambda$getRenderedScreenshots$8(TestStep.java:297)
	at java.base/java.util.ArrayList.forEach(ArrayList.java:1511)
	at net.thucydides.core.model.TestStep.getRenderedScreenshots(TestStep.java:296)
	at net.thucydides.core.model.TestStep.lambda$getRenderedScreenshots$8(TestStep.java:297)
	at java.base/java.util.ArrayList.forEach(ArrayList.java:1511)
	at net.thucydides.core.model.TestStep.getRenderedScreenshots(TestStep.java:296)
	at net.thucydides.core.model.TestStep.lambda$getRenderedScreenshots$8(TestStep.java:297)
	at java.base/java.util.ArrayList.forEach(ArrayList.java:1511)
	at net.thucydides.core.model.TestStep.getRenderedScreenshots(TestStep.java:296)
	at net.thucydides.core.model.TestStep.lambda$getRenderedScreenshots$8(TestStep.java:297)
	at java.base/java.util.ArrayList.forEach(ArrayList.java:1511)
	at net.thucydides.core.model.TestStep.getRenderedScreenshots(TestStep.java:296)
	at net.thucydides.core.model.TestStep.lambda$getRenderedScreenshots$8(TestStep.java:297)
	at java.base/java.util.ArrayList.forEach(ArrayList.java:1511)
	at net.thucydides.core.model.TestStep.getRenderedScreenshots(TestStep.java:296)
	at net.thucydides.core.model.TestStep.lambda$getRenderedScreenshots$8(TestStep.java:297)
	at java.base/java.util.ArrayList.forEach(ArrayList.java:1511)
	at net.thucydides.core.model.TestStep.getRenderedScreenshots(TestStep.java:296)
	at net.thucydides.core.model.TestStep.lambda$getRenderedScreenshots$8(TestStep.java:297)
	at java.base/java.util.ArrayList.forEach(ArrayList.java:1511)
	at net.thucydides.core.model.TestStep.getRenderedScreenshots(TestStep.java:296)
	at net.thucydides.core.model.TestStep.lambda$getRenderedScreenshots$8(TestStep.java:297)
	at java.base/java.util.ArrayList.forEach(ArrayList.java:1511)
	at net.thucydides.core.model.TestStep.getRenderedScreenshots(TestStep.java:296)
	at net.thucydides.core.model.TestStep.lambda$getRenderedScreenshots$8(TestStep.java:297)
	at java.base/java.util.ArrayList.forEach(ArrayList.java:1511)
	at net.thucydides.core.model.TestStep.getRenderedScreenshots(TestStep.java:296)
	at net.thucydides.core.model.TestStep.lambda$getRenderedScreenshots$8(TestStep.java:297)
	at java.base/java.util.ArrayList.forEach(ArrayList.java:1511)
	at net.thucydides.core.model.TestStep.getRenderedScreenshots(TestStep.java:296)
	at net.thucydides.core.model.TestStep.lambda$getRenderedScreenshots$8(TestStep.java:297)
	at java.base/java.util.ArrayList.forEach(ArrayList.java:1511)
	at net.thucydides.core.model.TestStep.getRenderedScreenshots(TestStep.java:296)
	at net.thucydides.core.model.TestStep.lambda$getRenderedScreenshots$8(TestStep.java:297)
	at java.base/java.util.ArrayList.forEach(ArrayList.java:1511)
	at net.thucydides.core.model.TestStep.getRenderedScreenshots(TestStep.java:296)
	at net.thucydides.core.model.TestStep.lambda$getRenderedScreenshots$8(TestStep.java:297)
	at java.base/java.util.ArrayList.forEach(ArrayList.java:1511)
	at net.thucydides.core.model.TestStep.getRenderedScreenshots(TestStep.java:296)
	at net.thucydides.core.model.TestStep.lambda$getRenderedScreenshots$8(TestStep.java:297)
	at java.base/java.util.ArrayList.forEach(ArrayList.java:1511)
	at net.thucydides.core.model.TestStep.getRenderedScreenshots(TestStep.java:296)
	at net.thucydides.core.model.TestStep.lambda$getRenderedScreenshots$8(TestStep.java:297)
	at java.base/java.util.ArrayList.forEach(ArrayList.java:1511)
	at net.thucydides.core.model.TestStep.getRenderedScreenshots(TestStep.java:296)
	at net.thucydides.core.model.TestStep.lambda$getRenderedScreenshots$8(TestStep.java:297)
	at java.base/java.util.ArrayList.forEach(ArrayList.java:1511)
	at net.thucydides.core.model.TestStep.getRenderedScreenshots(TestStep.java:296)
	at net.thucydides.core.model.TestStep.lambda$getRenderedScreenshots$8(TestStep.java:297)
	at java.base/java.util.ArrayList.forEach(ArrayList.java:1511)
	at net.thucydides.core.model.TestStep.getRenderedScreenshots(TestStep.java:296)
	at net.thucydides.core.model.TestStep.lambda$getRenderedScreenshots$8(TestStep.java:297)
	at java.base/java.util.ArrayList.forEach(ArrayList.java:1511)
	at net.thucydides.core.model.TestStep.getRenderedScreenshots(TestStep.java:296)
	at net.thucydides.core.model.TestStep.lambda$getRenderedScreenshots$8(TestStep.java:297)
	at java.base/java.util.ArrayList.forEach(ArrayList.java:1511)
	at net.thucydides.core.model.TestStep.getRenderedScreenshots(TestStep.java:296)
	at net.thucydides.core.model.TestStep.lambda$getRenderedScreenshots$8(TestStep.java:297)
	at java.base/java.util.ArrayList.forEach(ArrayList.java:1511)
	at net.thucydides.core.model.TestStep.getRenderedScreenshots(TestStep.java:296)
	at net.thucydides.core.model.TestStep.lambda$getRenderedScreenshots$8(TestStep.java:297)
	at java.base/java.util.ArrayList.forEach(ArrayList.java:1511)
	at net.thucydides.core.model.TestStep.getRenderedScreenshots(TestStep.java:296)
	at net.thucydides.core.model.TestStep.lambda$getRenderedScreenshots$8(TestStep.java:297)
	at java.base/java.util.ArrayList.forEach(ArrayList.java:1511)
	at net.thucydides.core.model.TestStep.getRenderedScreenshots(TestStep.java:296)
	at net.thucydides.core.model.TestStep.lambda$getRenderedScreenshots$8(TestStep.java:297)
	at java.base/java.util.ArrayList.forEach(ArrayList.java:1511)
	at net.thucydides.core.model.TestStep.getRenderedScreenshots(TestStep.java:296)
	at net.thucydides.core.model.TestStep.lambda$getRenderedScreenshots$8(TestStep.java:297)
	at java.base/java.util.ArrayList.forEach(ArrayList.java:1511)
	at net.thucydides.core.model.TestStep.getRenderedScreenshots(TestStep.java:296)
	at net.thucydides.core.model.TestStep.lambda$getRenderedScreenshots$8(TestStep.java:297)
	at java.base/java.util.ArrayList.forEach(ArrayList.java:1511)
	at net.thucydides.core.model.TestStep.getRenderedScreenshots(TestStep.java:296)
	at net.thucydides.core.model.TestStep.lambda$getRenderedScreenshots$8(TestStep.java:297)
	at java.base/java.util.ArrayList.forEach(ArrayList.java:1511)
	at net.thucydides.core.model.TestStep.getRenderedScreenshots(TestStep.java:296)
	at net.thucydides.core.model.TestStep.lambda$getRenderedScreenshots$8(TestStep.java:297)
	at java.base/java.util.ArrayList.forEach(ArrayList.java:1511)
	at net.thucydides.core.model.TestStep.getRenderedScreenshots(TestStep.java:296)
	at net.thucydides.core.model.TestStep.lambda$getRenderedScreenshots$8(TestStep.java:297)
	at java.base/java.util.ArrayList.forEach(ArrayList.java:1511)
	at net.thucydides.core.model.TestStep.getRenderedScreenshots(TestStep.java:296)
	at net.thucydides.core.model.TestStep.lambda$getRenderedScreenshots$8(TestStep.java:297)
	at java.base/java.util.ArrayList.forEach(ArrayList.java:1511)
	at net.thucydides.core.model.TestStep.getRenderedScreenshots(TestStep.java:296)
	at net.thucydides.core.model.TestStep.lambda$getRenderedScreenshots$8(TestStep.java:297)
	at java.base/java.util.ArrayList.forEach(ArrayList.java:1511)
	at net.thucydides.core.model.TestStep.getRenderedScreenshots(TestStep.java:296)
	at net.thucydides.core.model.TestStep.lambda$getRenderedScreenshots$8(TestStep.java:297)
	at java.base/java.util.ArrayList.forEach(ArrayList.java:1511)
	at net.thucydides.core.model.TestStep.getRenderedScreenshots(TestStep.java:296)
	at net.thucydides.core.model.TestStep.lambda$getRenderedScreenshots$8(TestStep.java:297)
	at java.base/java.util.ArrayList.forEach(ArrayList.java:1511)
	at net.thucydides.core.model.TestStep.getRenderedScreenshots(TestStep.java:296)
	at net.thucydides.core.model.TestStep.lambda$getRenderedScreenshots$8(TestStep.java:297)
	at java.base/java.util.ArrayList.forEach(ArrayList.java:1511)
	at net.thucydides.core.model.TestStep.getRenderedScreenshots(TestStep.java:296)
	at net.thucydides.core.model.TestStep.lambda$getRenderedScreenshots$8(TestStep.java:297)
	at java.base/java.util.ArrayList.forEach(ArrayList.java:1511)
	at net.thucydides.core.model.TestStep.getRenderedScreenshots(TestStep.java:296)
	at net.thucydides.core.model.TestStep.lambda$getRenderedScreenshots$8(TestStep.java:297)
	at java.base/java.util.ArrayList.forEach(ArrayList.java:1511)
	at net.thucydides.core.model.TestStep.getRenderedScreenshots(TestStep.java:296)
	at net.thucydides.core.model.TestStep.lambda$getRenderedScreenshots$8(TestStep.java:297)
	at java.base/java.util.ArrayList.forEach(ArrayList.java:1511)
	at net.thucydides.core.model.TestStep.getRenderedScreenshots(TestStep.java:296)
	at net.thucydides.core.model.TestStep.lambda$getRenderedScreenshots$8(TestStep.java:297)
	at java.base/java.util.ArrayList.forEach(ArrayList.java:1511)
	at net.thucydides.core.model.TestStep.getRenderedScreenshots(TestStep.java:296)
	at net.thucydides.core.model.TestStep.lambda$getRenderedScreenshots$8(TestStep.java:297)
	at java.base/java.util.ArrayList.forEach(ArrayList.java:1511)
	at net.thucydides.core.model.TestStep.getRenderedScreenshots(TestStep.java:296)
	at net.thucydides.core.model.TestStep.lambda$getRenderedScreenshots$8(TestStep.java:297)
	at java.base/java.util.ArrayList.forEach(ArrayList.java:1511)
	at net.thucydides.core.model.TestStep.getRenderedScreenshots(TestStep.java:296)
	at net.thucydides.core.model.TestStep.lambda$getRenderedScreenshots$8(TestStep.java:297)
	at java.base/java.util.ArrayList.forEach(ArrayList.java:1511)
	at net.thucydides.core.model.TestStep.getRenderedScreenshots(TestStep.java:296)
	at net.thucydides.core.model.TestStep.lambda$getRenderedScreenshots$8(TestStep.java:297)
	at java.base/java.util.ArrayList.forEach(ArrayList.java:1511)
	at net.thucydides.core.model.TestStep.getRenderedScreenshots(TestStep.java:296)
	at net.thucydides.core.model.TestStep.lambda$getRenderedScreenshots$8(TestStep.java:297)
	at java.base/java.util.ArrayList.forEach(ArrayList.java:1511)
	at net.thucydides.core.model.TestStep.getRenderedScreenshots(TestStep.java:296)
	at net.thucydides.core.model.TestStep.lambda$getRenderedScreenshots$8(TestStep.java:297)
	at java.base/java.util.ArrayList.forEach(ArrayList.java:1511)
	at net.thucydides.core.model.TestStep.getRenderedScreenshots(TestStep.java:296)
	at net.thucydides.core.model.TestStep.lambda$getRenderedScreenshots$8(TestStep.java:297)
	at java.base/java.util.ArrayList.forEach(ArrayList.java:1511)
	at net.thucydides.core.model.TestStep.getRenderedScreenshots(TestStep.java:296)
	at net.thucydides.core.model.TestStep.lambda$getRenderedScreenshots$8(TestStep.java:297)
	at java.base/java.util.ArrayList.forEach(ArrayList.java:1511)
	at net.thucydides.core.model.TestStep.getRenderedScreenshots(TestStep.java:296)
	at net.thucydides.core.model.TestStep.lambda$getRenderedScreenshots$8(TestStep.java:297)
	at java.base/java.util.ArrayList.forEach(ArrayList.java:1511)
	at net.thucydides.core.model.TestStep.getRenderedScreenshots(TestStep.java:296)
	at net.thucydides.core.model.TestStep.lambda$getRenderedScreenshots$8(TestStep.java:297)
	at java.base/java.util.ArrayList.forEach(ArrayList.java:1511)
	at net.thucydides.core.model.TestStep.getRenderedScreenshots(TestStep.java:296)
	at net.thucydides.core.model.TestStep.lambda$getRenderedScreenshots$8(TestStep.java:297)
	at java.base/java.util.ArrayList.forEach(ArrayList.java:1511)
	at net.thucydides.core.model.TestStep.getRenderedScreenshots(TestStep.java:296)
	at net.thucydides.core.model.TestStep.lambda$getRenderedScreenshots$8(TestStep.java:297)
	at java.base/java.util.ArrayList.forEach(ArrayList.java:1511)
	at net.thucydides.core.model.TestStep.getRenderedScreenshots(TestStep.java:296)
	at net.thucydides.core.model.TestStep.lambda$getRenderedScreenshots$8(TestStep.java:297)
	at java.base/java.util.ArrayList.forEach(ArrayList.java:1511)
	at net.thucydides.core.model.TestStep.getRenderedScreenshots(TestStep.java:296)
	at net.thucydides.core.model.TestStep.lambda$getRenderedScreenshots$8(TestStep.java:297)
	at java.base/java.util.ArrayList.forEach(ArrayList.java:1511)
	at net.thucydides.core.model.TestStep.getRenderedScreenshots(TestStep.java:296)
	at net.thucydides.core.model.TestStep.lambda$getRenderedScreenshots$8(TestStep.java:297)
	at java.base/java.util.ArrayList.forEach(ArrayList.java:1511)
	at net.thucydides.core.model.TestStep.getRenderedScreenshots(TestStep.java:296)
	at net.thucydides.core.model.TestStep.lambda$getRenderedScreenshots$8(TestStep.java:297)
	at java.base/java.util.ArrayList.forEach(ArrayList.java:1511)
	at net.thucydides.core.model.TestStep.getRenderedScreenshots(TestStep.java:296)
	at net.thucydides.core.model.TestStep.lambda$getRenderedScreenshots$8(TestStep.java:297)
	at java.base/java.util.ArrayList.forEach(ArrayList.java:1511)
	at net.thucydides.core.model.TestStep.getRenderedScreenshots(TestStep.java:296)
	at net.thucydides.core.model.TestStep.lambda$getRenderedScreenshots$8(TestStep.java:297)
	at java.base/java.util.ArrayList.forEach(ArrayList.java:1511)
	at net.thucydides.core.model.TestStep.getRenderedScreenshots(TestStep.java:296)
	at net.thucydides.core.model.TestStep.lambda$getRenderedScreenshots$8(TestStep.java:297)
	at java.base/java.util.ArrayList.forEach(ArrayList.java:1511)
11:45:57.715 [pool-3-thread-2] ERROR net.thucydides.core.reports.templates.FreemarkerReportTemplate - Syntax error in report template: Java method "net.thucydides.core.model.TestOutcome.hasScreenshots()" threw an exception when invoked on net.thucydides.core.model.TestOutcome object [freemarker.core._DelayedJQuote.toString() failed: java.lang.StackOverflowError]; see cause exception in the Java stack trace.

----
FTL stack trace ("~" means nesting-related):
	- Failed at: #if testOutcome.hasScreenshots()  [in template "freemarker/default.ftl" in macro "step_details" at line 534, column 21]
	- Reached through: @step_details step=step step_number=s...  [in template "freemarker/default.ftl" in macro "write_step" at line 377, column 17]
	- Reached through: @write_step step=nestedStep step_numb...  [in template "freemarker/default.ftl" in macro "write_step" at line 385, column 41]
	- Reached through: @write_step step=nestedStep step_numb...  [in template "freemarker/default.ftl" in macro "write_step" at line 385, column 41]
	- Reached through: @write_step step=nestedStep step_numb...  [in template "freemarker/default.ftl" in macro "write_step" at line 385, column 41]
	- Reached through: @write_step step=nestedStep step_numb...  [in template "freemarker/default.ftl" in macro "write_step" at line 385, column 41]
	- Reached through: @write_step step=nestedStep step_numb...  [in template "freemarker/default.ftl" in macro "write_step" at line 385, column 41]
	- Reached through: @write_step step=nestedStep step_numb...  [in template "freemarker/default.ftl" in macro "write_step" at line 385, column 41]
	- Reached through: @write_step step=nestedStep step_numb...  [in template "freemarker/default.ftl" in macro "write_step" at line 385, column 41]
	... (Had 511 more, hidden for tersenes)
----
	- Failed at: #if testOutcome.hasScreenshots()  [in template "freemarker/default.ftl" in macro "step_details" at line 534, column 21]
	- Reached through: @step_details step=step step_number=s...  [in template "freemarker/default.ftl" in macro "write_step" at line 377, column 17]
	- Reached through: @write_step step=nestedStep step_numb...  [in template "freemarker/default.ftl" in macro "write_step" at line 385, column 41]
	- Reached through: @write_step step=nestedStep step_numb...  [in template "freemarker/default.ftl" in macro "write_step" at line 385, column 41]
	- Reached through: @write_step step=nestedStep step_numb...  [in template "freemarker/default.ftl" in macro "write_step" at line 385, column 41]
	- Reached through: @write_step step=nestedStep step_numb...  [in template "freemarker/default.ftl" in macro "write_step" at line 385, column 41]
	- Reached through: @write_step step=nestedStep step_numb...  [in template "freemarker/default.ftl" in macro "write_step" at line 385, column 41]
	- Reached through: @write_step step=nestedStep step_numb...  [in template "freemarker/default.ftl" in macro "write_step" at line 385, column 41]
	- Reached through: @write_step step=nestedStep step_numb...  [in template "freemarker/default.ftl" in macro "write_step" at line 385, column 41]
	- Reached through: @write_step step=nestedStep step_numb...  [in template "freemarker/default.ftl" in macro "write_step" at line 385, column 41]
	- Reached through: @write_step step=nestedStep step_numb...  [in template "freemarker/default.ftl" in macro "write_step" at line 385, column 41]
	- Reached through: @write_step step=nestedStep step_numb...  [in template "freemarker/default.ftl" in macro "write_step" at line 385, column 41]
	- Reached through: @write_step step=nestedStep step_numb...  [in template "freemarker/default.ftl" in macro "write_step" at line 385, column 41]
	- Reached through: @write_step step=nestedStep step_numb...  [in template "freemarker/default.ftl" in macro "write_step" at line 385, column 41]
	- Reached through: @write_step step=nestedStep step_numb...  [in template "freemarker/default.ftl" in macro "write_step" at line 385, column 41]
	- Reached through: @write_step step=nestedStep step_numb...  [in template "freemarker/default.ftl" in macro "write_step" at line 385, column 41]
	- Reached through: @write_step step=nestedStep step_numb...  [in template "freemarker/default.ftl" in macro "write_step" at line 385, column 41]
	- Reached through: @write_step step=nestedStep step_numb...  [in template "freemarker/default.ftl" in macro "write_step" at line 385, column 41]
	- Reached through: @write_step step=nestedStep step_numb...  [in template "freemarker/default.ftl" in macro "write_step" at line 385, column 41]
	- Reached through: @write_step step=nestedStep step_numb...  [in template "freemarker/default.ftl" in macro "write_step" at line 385, column 41]
	- Reached through: @write_step step=nestedStep step_numb...  [in template "freemarker/default.ftl" in macro "write_step" at line 385, column 41]
	- Reached through: @write_step step=nestedStep step_numb...  [in template "freemarker/default.ftl" in macro "write_step" at line 385, column 41]
	- Reached through: @write_step step=nestedStep step_numb...  [in template "freemarker/default.ftl" in macro "write_step" at line 385, column 41]
	- Reached through: @write_step step=nestedStep step_numb...  [in template "freemarker/default.ftl" in macro "write_step" at line 385, column 41]
	- Reached through: @write_step step=nestedStep step_numb...  [in template "freemarker/default.ftl" in macro "write_step" at line 385, column 41]
	- Reached through: @write_step step=nestedStep step_numb...  [in template "freemarker/default.ftl" in macro "write_step" at line 385, column 41]
	- Reached through: @write_step step=nestedStep step_numb...  [in template "freemarker/default.ftl" in macro "write_step" at line 385, column 41]
	- Reached through: @write_step step=nestedStep step_numb...  [in template "freemarker/default.ftl" in macro "write_step" at line 385, column 41]
	- Reached through: @write_step step=nestedStep step_numb...  [in template "freemarker/default.ftl" in macro "write_step" at line 385, column 41]
	- Reached through: @write_step step=nestedStep step_numb...  [in template "freemarker/default.ftl" in macro "write_step" at line 385, column 41]
	- Reached through: @write_step step=nestedStep step_numb...  [in template "freemarker/default.ftl" in macro "write_step" at line 385, column 41]
	- Reached through: @write_step step=nestedStep step_numb...  [in template "freemarker/default.ftl" in macro "write_step" at line 385, column 41]
	- Reached through: @write_step step=nestedStep step_numb...  [in template "freemarker/default.ftl" in macro "write_step" at line 385, column 41]
	- Reached through: @write_step step=nestedStep step_numb...  [in template "freemarker/default.ftl" in macro "write_step" at line 385, column 41]
	- Reached through: @write_step step=nestedStep step_numb...  [in template "freemarker/default.ftl" in macro "write_step" at line 385, column 41]
	- Reached through: @write_step step=nestedStep step_numb...  [in template "freemarker/default.ftl" in macro "write_step" at line 385, column 41]
	- Reached through: @write_step step=nestedStep step_numb...  [in template "freemarker/default.ftl" in macro "write_step" at line 385, column 41]
	- Reached through: @write_step step=nestedStep step_numb...  [in template "freemarker/default.ftl" in macro "write_step" at line 385, column 41]
	- Reached through: @write_step step=nestedStep step_numb...  [in template "freemarker/default.ftl" in macro "write_step" at line 385, column 41]
	- Reached through: @write_step step=nestedStep step_numb...  [in template "freemarker/default.ftl" in macro "write_step" at line 385, column 41]
	- Reached through: @write_step step=nestedStep step_numb...  [in template "freemarker/default.ftl" in macro "write_step" at line 385, column 41]
	- Reached through: @write_step step=nestedStep step_numb...  [in template "freemarker/default.ftl" in macro "write_step" at line 385, column 41]
	- Reached through: @write_step step=nestedStep step_numb...  [in template "freemarker/default.ftl" in macro "write_step" at line 385, column 41]
	- Reached through: @write_step step=nestedStep step_numb...  [in template "freemarker/default.ftl" in macro "write_step" at line 385, column 41]
	- Reached through: @write_step step=nestedStep step_numb...  [in template "freemarker/default.ftl" in macro "write_step" at line 385, column 41]
	- Reached through: @write_step step=nestedStep step_numb...  [in template "freemarker/default.ftl" in macro "write_step" at line 385, column 41]
	- Reached through: @write_step step=nestedStep step_numb...  [in template "freemarker/default.ftl" in macro "write_step" at line 385, column 41]
	- Reached through: @write_step step=nestedStep step_numb...  [in template "freemarker/default.ftl" in macro "write_step" at line 385, column 41]
	- Reached through: @write_step step=nestedStep step_numb...  [in template "freemarker/default.ftl" in macro "write_step" at line 385, column 41]
	- Reached through: @write_step step=nestedStep step_numb...  [in template "freemarker/default.ftl" in macro "write_step" at line 385, column 41]
	- Reached through: @write_step step=nestedStep step_numb...  [in template "freemarker/default.ftl" in macro "write_step" at line 385, column 41]
	- Reached through: @write_step step=nestedStep step_numb...  [in template "freemarker/default.ftl" in macro "write_step" at line 385, column 41]
	- Reached through: @write_step step=nestedStep step_numb...  [in template "freemarker/default.ftl" in macro "write_step" at line 385, column 41]
	- Reached through: @write_step step=nestedStep step_numb...  [in template "freemarker/default.ftl" in macro "write_step" at line 385, column 41]
	- Reached through: @write_step step=nestedStep step_numb...  [in template "freemarker/default.ftl" in macro "write_step" at line 385, column 41]
	- Reached through: @write_step step=nestedStep step_numb...  [in template "freemarker/default.ftl" in macro "write_step" at line 385, column 41]
	- Reached through: @write_step step=nestedStep step_numb...  [in template "freemarker/default.ftl" in macro "write_step" at line 385, column 41]
	- Reached through: @write_step step=nestedStep step_numb...  [in template "freemarker/default.ftl" in macro "write_step" at line 385, column 41]
	- Reached through: @write_step step=nestedStep step_numb...  [in template "freemarker/default.ftl" in macro "write_step" at line 385, column 41]
	- Reached through: @write_step step=nestedStep step_numb...  [in template "freemarker/default.ftl" in macro "write_step" at line 385, column 41]
	- Reached through: @write_step step=nestedStep step_numb...  [in template "freemarker/default.ftl" in macro "write_step" at line 385, column 41]
	- Reached through: @write_step step=nestedStep step_numb...  [in template "freemarker/default.ftl" in macro "write_step" at line 385, column 41]
	- Reached through: @write_step step=nestedStep step_numb...  [in template "freemarker/default.ftl" in macro "write_step" at line 385, column 41]
	- Reached through: @write_step step=nestedStep step_numb...  [in template "freemarker/default.ftl" in macro "write_step" at line 385, column 41]
	- Reached through: @write_step step=nestedStep step_numb...  [in template "freemarker/default.ftl" in macro "write_step" at line 385, column 41]
	- Reached through: @write_step step=nestedStep step_numb...  [in template "freemarker/default.ftl" in macro "write_step" at line 385, column 41]
	- Reached through: @write_step step=nestedStep step_numb...  [in template "freemarker/default.ftl" in macro "write_step" at line 385, column 41]
	- Reached through: @write_step step=nestedStep step_numb...  [in template "freemarker/default.ftl" in macro "write_step" at line 385, column 41]
	- Reached through: @write_step step=nestedStep step_numb...  [in template "freemarker/default.ftl" in macro "write_step" at line 385, column 41]
	- Reached through: @write_step step=nestedStep step_numb...  [in template "freemarker/default.ftl" in macro "write_step" at line 385, column 41]
	- Reached through: @write_step step=nestedStep step_numb...  [in template "freemarker/default.ftl" in macro "write_step" at line 385, column 41]
	- Reached through: @write_step step=nestedStep step_numb...  [in template "freemarker/default.ftl" in macro "write_step" at line 385, column 41]
	- Reached through: @write_step step=nestedStep step_numb...  [in template "freemarker/default.ftl" in macro "write_step" at line 385, column 41]
	- Reached through: @write_step step=nestedStep step_numb...  [in template "freemarker/default.ftl" in macro "write_step" at line 385, column 41]
	- Reached through: @write_step step=nestedStep step_numb...  [in template "freemarker/default.ftl" in macro "write_step" at line 385, column 41]
	- Reached through: @write_step step=nestedStep step_numb...  [in template "freemarker/default.ftl" in macro "write_step" at line 385, column 41]
	- Reached through: @write_step step=nestedStep step_numb...  [in template "freemarker/default.ftl" in macro "write_step" at line 385, column 41]
	- Reached through: @write_step step=nestedStep step_numb...  [in template "freemarker/default.ftl" in macro "write_step" at line 385, column 41]
	- Reached through: @write_step step=nestedStep step_numb...  [in template "freemarker/default.ftl" in macro "write_step" at line 385, column 41]
	- Reached through: @write_step step=nestedStep step_numb...  [in template "freemarker/default.ftl" in macro "write_step" at line 385, column 41]
	- Reached through: @write_step step=nestedStep step_numb...  [in template "freemarker/default.ftl" in macro "write_step" at line 385, column 41]
	- Reached through: @write_step step=nestedStep step_numb...  [in template "freemarker/default.ftl" in macro "write_step" at line 385, column 41]
	- Reached through: @write_step step=nestedStep step_numb...  [in template "freemarker/default.ftl" in macro "write_step" at line 385, column 41]
	- Reached through: @write_step step=nestedStep step_numb...  [in template "freemarker/default.ftl" in macro "write_step" at line 385, column 41]
	- Reached through: @write_step step=nestedStep step_numb...  [in template "freemarker/default.ftl" in macro "write_step" at line 385, column 41]
	- Reached through: @write_step step=nestedStep step_numb...  [in template "freemarker/default.ftl" in macro "write_step" at line 385, column 41]
	- Reached through: @write_step step=nestedStep step_numb...  [in template "freemarker/default.ftl" in macro "write_step" at line 385, column 41]
	- Reached through: @write_step step=nestedStep step_numb...  [in template "freemarker/default.ftl" in macro "write_step" at line 385, column 41]
	- Reached through: @write_step step=nestedStep step_numb...  [in template "freemarker/default.ftl" in macro "write_step" at line 385, column 41]
	- Reached through: @write_step step=nestedStep step_numb...  [in template "freemarker/default.ftl" in macro "write_step" at line 385, column 41]
	- Reached through: @write_step step=nestedStep step_numb...  [in template "freemarker/default.ftl" in macro "write_step" at line 385, column 41]
	- Reached through: @write_step step=nestedStep step_numb...  [in template "freemarker/default.ftl" in macro "write_step" at line 385, column 41]
	- Reached through: @write_step step=nestedStep step_numb...  [in template "freemarker/default.ftl" in macro "write_step" at line 385, column 41]
	- Reached through: @write_step step=nestedStep step_numb...  [in template "freemarker/default.ftl" in macro "write_step" at line 385, column 41]
	- Reached through: @write_step step=nestedStep step_numb...  [in template "freemarker/default.ftl" in macro "write_step" at line 385, column 41]
	- Reached through: @write_step step=nestedStep step_numb...  [in template "freemarker/default.ftl" in macro "write_step" at line 385, column 41]
	- Reached through: @write_step step=nestedStep step_numb...  [in template "freemarker/default.ftl" in macro "write_step" at line 385, column 41]
	- Reached through: @write_step step=nestedStep step_numb...  [in template "freemarker/default.ftl" in macro "write_step" at line 385, column 41]
	- Reached through: @write_step step=nestedStep step_numb...  [in template "freemarker/default.ftl" in macro "write_step" at line 385, column 41]
	- Reached through: @write_step step=nestedStep step_numb...  [in template "freemarker/default.ftl" in macro "write_step" at line 385, column 41]
	- Reached through: @write_step step=nestedStep step_numb...  [in template "freemarker/default.ftl" in macro "write_step" at line 385, column 41]
	- Reached through: @write_step step=nestedStep step_numb...  [in template "freemarker/default.ftl" in macro "write_step" at line 385, column 41]
	- Reached through: @write_step step=nestedStep step_numb...  [in template "freemarker/default.ftl" in macro "write_step" at line 385, column 41]
	- Reached through: @write_step step=nestedStep step_numb...  [in template "freemarker/default.ftl" in macro "write_step" at line 385, column 41]
	- Reached through: @write_step step=nestedStep step_numb...  [in template "freemarker/default.ftl" in macro "write_step" at line 385, column 41]
	- Reached through: @write_step step=nestedStep step_numb...  [in template "freemarker/default.ftl" in macro "write_step" at line 385, column 41]
	- Reached through: @write_step step=nestedStep step_numb...  [in template "freemarker/default.ftl" in macro "write_step" at line 385, column 41]
	- Reached through: @write_step step=nestedStep step_numb...  [in template "freemarker/default.ftl" in macro "write_step" at line 385, column 41]
	- Reached through: @write_step step=nestedStep step_numb...  [in template "freemarker/default.ftl" in macro "write_step" at line 385, column 41]
	- Reached through: @write_step step=nestedStep step_numb...  [in template "freemarker/default.ftl" in macro "write_step" at line 385, column 41]
	- Reached through: @write_step step=nestedStep step_numb...  [in template "freemarker/default.ftl" in macro "write_step" at line 385, column 41]
	- Reached through: @write_step step=nestedStep step_numb...  [in template "freemarker/default.ftl" in macro "write_step" at line 385, column 41]
	- Reached through: @write_step step=nestedStep step_numb...  [in template "freemarker/default.ftl" in macro "write_step" at line 385, column 41]
	- Reached through: @write_step step=nestedStep step_numb...  [in template "freemarker/default.ftl" in macro "write_step" at line 385, column 41]
	- Reached through: @write_step step=nestedStep step_numb...  [in template "freemarker/default.ftl" in macro "write_step" at line 385, column 41]
	- Reached through: @write_step step=nestedStep step_numb...  [in template "freemarker/default.ftl" in macro "write_step" at line 385, column 41]
	- Reached through: @write_step step=nestedStep step_numb...  [in template "freemarker/default.ftl" in macro "write_step" at line 385, column 41]
	- Reached through: @write_step step=nestedStep step_numb...  [in template "freemarker/default.ftl" in macro "write_step" at line 385, column 41]
	- Reached through: @write_step step=nestedStep step_numb...  [in template "freemarker/default.ftl" in macro "write_step" at line 385, column 41]
	- Reached through: @write_step step=nestedStep step_numb...  [in template "freemarker/default.ftl" in macro "write_step" at line 385, column 41]
	- Reached through: @write_step step=nestedStep step_numb...  [in template "freemarker/default.ftl" in macro "write_step" at line 385, column 41]
	- Reached through: @write_step step=nestedStep step_numb...  [in template "freemarker/default.ftl" in macro "write_step" at line 385, column 41]
	- Reached through: @write_step step=nestedStep step_numb...  [in template "freemarker/default.ftl" in macro "write_step" at line 385, column 41]
	- Reached through: @write_step step=nestedStep step_numb...  [in template "freemarker/default.ftl" in macro "write_step" at line 385, column 41]
	- Reached through: @write_step step=nestedStep step_numb...  [in template "freemarker/default.ftl" in macro "write_step" at line 385, column 41]
	- Reached through: @write_step step=nestedStep step_numb...  [in template "freemarker/default.ftl" in macro "write_step" at line 385, column 41]
	- Reached through: @write_step step=nestedStep step_numb...  [in template "freemarker/default.ftl" in macro "write_step" at line 385, column 41]
	- Reached through: @write_step step=nestedStep step_numb...  [in template "freemarker/default.ftl" in macro "write_step" at line 385, column 41]
	- Reached through: @write_step step=nestedStep step_numb...  [in template "freemarker/default.ftl" in macro "write_step" at line 385, column 41]
	- Reached through: @write_step step=nestedStep step_numb...  [in template "freemarker/default.ftl" in macro "write_step" at line 385, column 41]
	- Reached through: @write_step step=nestedStep step_numb...  [in template "freemarker/default.ftl" in macro "write_step" at line 385, column 41]
	- Reached through: @write_step step=nestedStep step_numb...  [in template "freemarker/default.ftl" in macro "write_step" at line 385, column 41]
	- Reached through: @write_step step=nestedStep step_numb...  [in template "freemarker/default.ftl" in macro "write_step" at line 385, column 41]
	- Reached through: @write_step step=nestedStep step_numb...  [in template "freemarker/default.ftl" in macro "write_step" at line 385, column 41]
	- Reached through: @write_step step=nestedStep step_numb...  [in template "freemarker/default.ftl" in macro "write_step" at line 385, column 41]
	- Reached through: @write_step step=nestedStep step_numb...  [in template "freemarker/default.ftl" in macro "write_step" at line 385, column 41]
	- Reached through: @write_step step=nestedStep step_numb...  [in template "freemarker/default.ftl" in macro "write_step" at line 385, column 41]
	- Reached through: @write_step step=nestedStep step_numb...  [in template "freemarker/default.ftl" in macro "write_step" at line 385, column 41]
	- Reached through: @write_step step=nestedStep step_numb...  [in template "freemarker/default.ftl" in macro "write_step" at line 385, column 41]
	- Reached through: @write_step step=nestedStep step_numb...  [in template "freemarker/default.ftl" in macro "write_step" at line 385, column 41]
	- Reached through: @write_step step=nestedStep step_numb...  [in template "freemarker/default.ftl" in macro "write_step" at line 385, column 41]
	- Reached through: @write_step step=nestedStep step_numb...  [in template "freemarker/default.ftl" in macro "write_step" at line 385, column 41]
	- Reached through: @write_step step=nestedStep step_numb...  [in template "freemarker/default.ftl" in macro "write_step" at line 385, column 41]
	- Reached through: @write_step step=nestedStep step_numb...  [in template "freemarker/default.ftl" in macro "write_step" at line 385, column 41]
	- Reached through: @write_step step=nestedStep step_numb...  [in template "freemarker/default.ftl" in macro "write_step" at line 385, column 41]
	- Reached through: @write_step step=nestedStep step_numb...  [in template "freemarker/default.ftl" in macro "write_step" at line 385, column 41]
	- Reached through: @write_step step=nestedStep step_numb...  [in template "freemarker/default.ftl" in macro "write_step" at line 385, column 41]
	- Reached through: @write_step step=nestedStep step_numb...  [in template "freemarker/default.ftl" in macro "write_step" at line 385, column 41]
	- Reached through: @write_step step=nestedStep step_numb...  [in template "freemarker/default.ftl" in macro "write_step" at line 385, column 41]
	- Reached through: @write_step step=nestedStep step_numb...  [in template "freemarker/default.ftl" in macro "write_step" at line 385, column 41]
	- Reached through: @write_step step=nestedStep step_numb...  [in template "freemarker/default.ftl" in macro "write_step" at line 385, column 41]
	- Reached through: @write_step step=nestedStep step_numb...  [in template "freemarker/default.ftl" in macro "write_step" at line 385, column 41]
	- Reached through: @write_step step=nestedStep step_numb...  [in template "freemarker/default.ftl" in macro "write_step" at line 385, column 41]
	- Reached through: @write_step step=nestedStep step_numb...  [in template "freemarker/default.ftl" in macro "write_step" at line 385, column 41]
	- Reached through: @write_step step=nestedStep step_numb...  [in template "freemarker/default.ftl" in macro "write_step" at line 385, column 41]
	- Reached through: @write_step step=nestedStep step_numb...  [in template "freemarker/default.ftl" in macro "write_step" at line 385, column 41]
	- Reached through: @write_step step=nestedStep step_numb...  [in template "freemarker/default.ftl" in macro "write_step" at line 385, column 41]
	- Reached through: @write_step step=nestedStep step_numb...  [in template "freemarker/default.ftl" in macro "write_step" at line 385, column 41]
	- Reached through: @write_step step=nestedStep step_numb...  [in template "freemarker/default.ftl" in macro "write_step" at line 385, column 41]
	- Reached through: @write_step step=nestedStep step_numb...  [in template "freemarker/default.ftl" in macro "write_step" at line 385, column 41]
	- Reached through: @write_step step=nestedStep step_numb...  [in template "freemarker/default.ftl" in macro "write_step" at line 385, column 41]
	- Reached through: @write_step step=nestedStep step_numb...  [in template "freemarker/default.ftl" in macro "write_step" at line 385, column 41]
	- Reached through: @write_step step=nestedStep step_numb...  [in template "freemarker/default.ftl" in macro "write_step" at line 385, column 41]
	- Reached through: @write_step step=nestedStep step_numb...  [in template "freemarker/default.ftl" in macro "write_step" at line 385, column 41]
	- Reached through: @write_step step=nestedStep step_numb...  [in template "freemarker/default.ftl" in macro "write_step" at line 385, column 41]
	- Reached through: @write_step step=nestedStep step_numb...  [in template "freemarker/default.ftl" in macro "write_step" at line 385, column 41]
	- Reached through: @write_step step=nestedStep step_numb...  [in template "freemarker/default.ftl" in macro "write_step" at line 385, column 41]
	- Reached through: @write_step step=nestedStep step_numb...  [in template "freemarker/default.ftl" in macro "write_step" at line 385, column 41]
	- Reached through: @write_step step=nestedStep step_numb...  [in template "freemarker/default.ftl" in macro "write_step" at line 385, column 41]
	- Reached through: @write_step step=nestedStep step_numb...  [in template "freemarker/default.ftl" in macro "write_step" at line 385, column 41]
	- Reached through: @write_step step=nestedStep step_numb...  [in template "freemarker/default.ftl" in macro "write_step" at line 385, column 41]
	- Reached through: @write_step step=nestedStep step_numb...  [in template "freemarker/default.ftl" in macro "write_step" at line 385, column 41]
	- Reached through: @write_step step=nestedStep step_numb...  [in template "freemarker/default.ftl" in macro "write_step" at line 385, column 41]
	- Reached through: @write_step step=nestedStep step_numb...  [in template "freemarker/default.ftl" in macro "write_step" at line 385, column 41]
	- Reached through: @write_step step=nestedStep step_numb...  [in template "freemarker/default.ftl" in macro "write_step" at line 385, column 41]
	- Reached through: @write_step step=nestedStep step_numb...  [in template "freemarker/default.ftl" in macro "write_step" at line 385, column 41]
	- Reached through: @write_step step=nestedStep step_numb...  [in template "freemarker/default.ftl" in macro "write_step" at line 385, column 41]
	- Reached through: @write_step step=nestedStep step_numb...  [in template "freemarker/default.ftl" in macro "write_step" at line 385, column 41]
	- Reached through: @write_step step=nestedStep step_numb...  [in template "freemarker/default.ftl" in macro "write_step" at line 385, column 41]
	- Reached through: @write_step step=nestedStep step_numb...  [in template "freemarker/default.ftl" in macro "write_step" at line 385, column 41]
	- Reached through: @write_step step=nestedStep step_numb...  [in template "freemarker/default.ftl" in macro "write_step" at line 385, column 41]
	- Reached through: @write_step step=nestedStep step_numb...  [in template "freemarker/default.ftl" in macro "write_step" at line 385, column 41]
	- Reached through: @write_step step=nestedStep step_numb...  [in template "freemarker/default.ftl" in macro "write_step" at line 385, column 41]
	- Reached through: @write_step step=nestedStep step_numb...  [in template "freemarker/default.ftl" in macro "write_step" at line 385, column 41]
	- Reached through: @write_step step=nestedStep step_numb...  [in template "freemarker/default.ftl" in macro "write_step" at line 385, column 41]
	- Reached through: @write_step step=nestedStep step_numb...  [in template "freemarker/default.ftl" in macro "write_step" at line 385, column 41]
	- Reached through: @write_step step=nestedStep step_numb...  [in template "freemarker/default.ftl" in macro "write_step" at line 385, column 41]
	- Reached through: @write_step step=nestedStep step_numb...  [in template "freemarker/default.ftl" in macro "write_step" at line 385, column 41]
	- Reached through: @write_step step=nestedStep step_numb...  [in template "freemarker/default.ftl" in macro "write_step" at line 385, column 41]
	- Reached through: @write_step step=nestedStep step_numb...  [in template "freemarker/default.ftl" in macro "write_step" at line 385, column 41]
	- Reached through: @write_step step=nestedStep step_numb...  [in template "freemarker/default.ftl" in macro "write_step" at line 385, column 41]
	- Reached through: @write_step step=nestedStep step_numb...  [in template "freemarker/default.ftl" in macro "write_step" at line 385, column 41]
	- Reached through: @write_step step=nestedStep step_numb...  [in template "freemarker/default.ftl" in macro "write_step" at line 385, column 41]
	- Reached through: @write_step step=nestedStep step_numb...  [in template "freemarker/default.ftl" in macro "write_step" at line 385, column 41]
	- Reached through: @write_step step=nestedStep step_numb...  [in template "freemarker/default.ftl" in macro "write_step" at line 385, column 41]
	- Reached through: @write_step step=nestedStep step_numb...  [in template "freemarker/default.ftl" in macro "write_step" at line 385, column 41]
	- Reached through: @write_step step=nestedStep step_numb...  [in template "freemarker/default.ftl" in macro "write_step" at line 385, column 41]
	- Reached through: @write_step step=nestedStep step_numb...  [in template "freemarker/default.ftl" in macro "write_step" at line 385, column 41]
	- Reached through: @write_step step=nestedStep step_numb...  [in template "freemarker/default.ftl" in macro "write_step" at line 385, column 41]
	- Reached through: @write_step step=nestedStep step_numb...  [in template "freemarker/default.ftl" in macro "write_step" at line 385, column 41]
	- Reached through: @write_step step=nestedStep step_numb...  [in template "freemarker/default.ftl" in macro "write_step" at line 385, column 41]
	- Reached through: @write_step step=nestedStep step_numb...  [in template "freemarker/default.ftl" in macro "write_step" at line 385, column 41]
	- Reached through: @write_step step=nestedStep step_numb...  [in template "freemarker/default.ftl" in macro "write_step" at line 385, column 41]
	- Reached through: @write_step step=nestedStep step_numb...  [in template "freemarker/default.ftl" in macro "write_step" at line 385, column 41]
	- Reached through: @write_step step=nestedStep step_numb...  [in template "freemarker/default.ftl" in macro "write_step" at line 385, column 41]
	- Reached through: @write_step step=nestedStep step_numb...  [in template "freemarker/default.ftl" in macro "write_step" at line 385, column 41]
	- Reached through: @write_step step=nestedStep step_numb...  [in template "freemarker/default.ftl" in macro "write_step" at line 385, column 41]
	- Reached through: @write_step step=nestedStep step_numb...  [in template "freemarker/default.ftl" in macro "write_step" at line 385, column 41]
	- Reached through: @write_step step=nestedStep step_numb...  [in template "freemarker/default.ftl" in macro "write_step" at line 385, column 41]
	- Reached through: @write_step step=nestedStep step_numb...  [in template "freemarker/default.ftl" in macro "write_step" at line 385, column 41]
	- Reached through: @write_step step=nestedStep step_numb...  [in template "freemarker/default.ftl" in macro "write_step" at line 385, column 41]
	- Reached through: @write_step step=nestedStep step_numb...  [in template "freemarker/default.ftl" in macro "write_step" at line 385, column 41]
	- Reached through: @write_step step=nestedStep step_numb...  [in template "freemarker/default.ftl" in macro "write_step" at line 385, column 41]
	- Reached through: @write_step step=nestedStep step_numb...  [in template "freemarker/default.ftl" in macro "write_step" at line 385, column 41]
	- Reached through: @write_step step=nestedStep step_numb...  [in template "freemarker/default.ftl" in macro "write_step" at line 385, column 41]
	- Reached through: @write_step step=nestedStep step_numb...  [in template "freemarker/default.ftl" in macro "write_step" at line 385, column 41]
	- Reached through: @write_step step=nestedStep step_numb...  [in template "freemarker/default.ftl" in macro "write_step" at line 385, column 41]
	- Reached through: @write_step step=nestedStep step_numb...  [in template "freemarker/default.ftl" in macro "write_step" at line 385, column 41]
	- Reached through: @write_step step=nestedStep step_numb...  [in template "freemarker/default.ftl" in macro "write_step" at line 385, column 41]
	- Reached through: @write_step step=nestedStep step_numb...  [in template "freemarker/default.ftl" in macro "write_step" at line 385, column 41]
	- Reached through: @write_step step=nestedStep step_numb...  [in template "freemarker/default.ftl" in macro "write_step" at line 385, column 41]
	- Reached through: @write_step step=nestedStep step_numb...  [in template "freemarker/default.ftl" in macro "write_step" at line 385, column 41]
	- Reached through: @write_step step=nestedStep step_numb...  [in template "freemarker/default.ftl" in macro "write_step" at line 385, column 41]
	- Reached through: @write_step step=nestedStep step_numb...  [in template "freemarker/default.ftl" in macro "write_step" at line 385, column 41]
	- Reached through: @write_step step=nestedStep step_numb...  [in template "freemarker/default.ftl" in macro "write_step" at line 385, column 41]
	- Reached through: @write_step step=nestedStep step_numb...  [in template "freemarker/default.ftl" in macro "write_step" at line 385, column 41]
	- Reached through: @write_step step=nestedStep step_numb...  [in template "freemarker/default.ftl" in macro "write_step" at line 385, column 41]
	- Reached through: @write_step step=nestedStep step_numb...  [in template "freemarker/default.ftl" in macro "write_step" at line 385, column 41]
	- Reached through: @write_step step=nestedStep step_numb...  [in template "freemarker/default.ftl" in macro "write_step" at line 385, column 41]
	- Reached through: @write_step step=nestedStep step_numb...  [in template "freemarker/default.ftl" in macro "write_step" at line 385, column 41]
	- Reached through: @write_step step=nestedStep step_numb...  [in template "freemarker/default.ftl" in macro "write_step" at line 385, column 41]
	- Reached through: @write_step step=nestedStep step_numb...  [in template "freemarker/default.ftl" in macro "write_step" at line 385, column 41]
	- Reached through: @write_step step=nestedStep step_numb...  [in template "freemarker/default.ftl" in macro "write_step" at line 385, column 41]
	- Reached through: @write_step step=nestedStep step_numb...  [in template "freemarker/default.ftl" in macro "write_step" at line 385, column 41]
	- Reached through: @write_step step=nestedStep step_numb...  [in template "freemarker/default.ftl" in macro "write_step" at line 385, column 41]
	- Reached through: @write_step step=nestedStep step_numb...  [in template "freemarker/default.ftl" in macro "write_step" at line 385, column 41]
	- Reached through: @write_step step=nestedStep step_numb...  [in template "freemarker/default.ftl" in macro "write_step" at line 385, column 41]
	- Reached through: @write_step step=nestedStep step_numb...  [in template "freemarker/default.ftl" in macro "write_step" at line 385, column 41]
	- Reached through: @write_step step=nestedStep step_numb...  [in template "freemarker/default.ftl" in macro "write_step" at line 385, column 41]
	- Reached through: @write_step step=nestedStep step_numb...  [in template "freemarker/default.ftl" in macro "write_step" at line 385, column 41]
	- Reached through: @write_step step=nestedStep step_numb...  [in template "freemarker/default.ftl" in macro "write_step" at line 385, column 41]
	- Reached through: @write_step step=nestedStep step_numb...  [in template "freemarker/default.ftl" in macro "write_step" at line 385, column 41]
	- Reached through: @write_step step=nestedStep step_numb...  [in template "freemarker/default.ftl" in macro "write_step" at line 385, column 41]
	- Reached through: @write_step step=nestedStep step_numb...  [in template "freemarker/default.ftl" in macro "write_step" at line 385, column 41]
	- Reached through: @write_step step=nestedStep step_numb...  [in template "freemarker/default.ftl" in macro "write_step" at line 385, column 41]
	- Reached through: @write_step step=nestedStep step_numb...  [in template "freemarker/default.ftl" in macro "write_step" at line 385, column 41]
	- Reached through: @write_step step=nestedStep step_numb...  [in template "freemarker/default.ftl" in macro "write_step" at line 385, column 41]
	- Reached through: @write_step step=nestedStep step_numb...  [in template "freemarker/default.ftl" in macro "write_step" at line 385, column 41]
	- Reached through: @write_step step=nestedStep step_numb...  [in template "freemarker/default.ftl" in macro "write_step" at line 385, column 41]
	- Reached through: @write_step step=nestedStep step_numb...  [in template "freemarker/default.ftl" in macro "write_step" at line 385, column 41]
	- Reached through: @write_step step=nestedStep step_numb...  [in template "freemarker/default.ftl" in macro "write_step" at line 385, column 41]
	- Reached through: @write_step step=nestedStep step_numb...  [in template "freemarker/default.ftl" in macro "write_step" at line 385, column 41]
	- Reached through: @write_step step=nestedStep step_numb...  [in template "freemarker/default.ftl" in macro "write_step" at line 385, column 41]
	- Reached through: @write_step step=nestedStep step_numb...  [in template "freemarker/default.ftl" in macro "write_step" at line 385, column 41]
	- Reached through: @write_step step=nestedStep step_numb...  [in template "freemarker/default.ftl" in macro "write_step" at line 385, column 41]
	- Reached through: @write_step step=nestedStep step_numb...  [in template "freemarker/default.ftl" in macro "write_step" at line 385, column 41]
	- Reached through: @write_step step=nestedStep step_numb...  [in template "freemarker/default.ftl" in macro "write_step" at line 385, column 41]
	- Reached through: @write_step step=nestedStep step_numb...  [in template "freemarker/default.ftl" in macro "write_step" at line 385, column 41]
	- Reached through: @write_step step=nestedStep step_numb...  [in template "freemarker/default.ftl" in macro "write_step" at line 385, column 41]
	- Reached through: @write_step step=nestedStep step_numb...  [in template "freemarker/default.ftl" in macro "write_step" at line 385, column 41]
	- Reached through: @write_step step=nestedStep step_numb...  [in template "freemarker/default.ftl" in macro "write_step" at line 385, column 41]
	- Reached through: @write_step step=nestedStep step_numb...  [in template "freemarker/default.ftl" in macro "write_step" at line 385, column 41]
	- Reached through: @write_step step=nestedStep step_numb...  [in template "freemarker/default.ftl" in macro "write_step" at line 385, column 41]
	- Reached through: @write_step step=nestedStep step_numb...  [in template "freemarker/default.ftl" in macro "write_step" at line 385, column 41]
	- Reached through: @write_step step=nestedStep step_numb...  [in template "freemarker/default.ftl" in macro "write_step" at line 385, column 41]
	- Reached through: @write_step step=nestedStep step_numb...  [in template "freemarker/default.ftl" in macro "write_step" at line 385, column 41]
	- Reached through: @write_step step=nestedStep step_numb...  [in template "freemarker/default.ftl" in macro "write_step" at line 385, column 41]
	- Reached through: @write_step step=nestedStep step_numb...  [in template "freemarker/default.ftl" in macro "write_step" at line 385, column 41]
	- Reached through: @write_step step=nestedStep step_numb...  [in template "freemarker/default.ftl" in macro "write_step" at line 385, column 41]
	- Reached through: @write_step step=nestedStep step_numb...  [in template "freemarker/default.ftl" in macro "write_step" at line 385, column 41]
	- Reached through: @write_step step=nestedStep step_numb...  [in template "freemarker/default.ftl" in macro "write_step" at line 385, column 41]
	- Reached through: @write_step step=nestedStep step_numb...  [in template "freemarker/default.ftl" in macro "write_step" at line 385, column 41]
	- Reached through: @write_step step=nestedStep step_numb...  [in template "freemarker/default.ftl" in macro "write_step" at line 385, column 41]
	- Reached through: @write_step step=nestedStep step_numb...  [in template "freemarker/default.ftl" in macro "write_step" at line 385, column 41]
	- Reached through: @write_step step=nestedStep step_numb...  [in template "freemarker/default.ftl" in macro "write_step" at line 385, column 41]
	- Reached through: @write_step step=nestedStep step_numb...  [in template "freemarker/default.ftl" in macro "write_step" at line 385, column 41]
	- Reached through: @write_step step=nestedStep step_numb...  [in template "freemarker/default.ftl" in macro "write_step" at line 385, column 41]
	- Reached through: @write_step step=nestedStep step_numb...  [in template "freemarker/default.ftl" in macro "write_step" at line 385, column 41]
	- Reached through: @write_step step=nestedStep step_numb...  [in template "freemarker/default.ftl" in macro "write_step" at line 385, column 41]
	- Reached through: @write_step step=nestedStep step_numb...  [in template "freemarker/default.ftl" in macro "write_step" at line 385, column 41]
	- Reached through: @write_step step=nestedStep step_numb...  [in template "freemarker/default.ftl" in macro "write_step" at line 385, column 41]
	- Reached through: @write_step step=nestedStep step_numb...  [in template "freemarker/default.ftl" in macro "write_step" at line 385, column 41]
	- Reached through: @write_step step=nestedStep step_numb...  [in template "freemarker/default.ftl" in macro "write_step" at line 385, column 41]
	- Reached through: @write_step step=nestedStep step_numb...  [in template "freemarker/default.ftl" in macro "write_step" at line 385, column 41]
	- Reached through: @write_step step=nestedStep step_numb...  [in template "freemarker/default.ftl" in macro "write_step" at line 385, column 41]
	- Reached through: @write_step step=nestedStep step_numb...  [in template "freemarker/default.ftl" in macro "write_step" at line 385, column 41]
	- Reached through: @write_step step=nestedStep step_numb...  [in template "freemarker/default.ftl" in macro "write_step" at line 385, column 41]
	- Reached through: @write_step step=nestedStep step_numb...  [in template "freemarker/default.ftl" in macro "write_step" at line 385, column 41]
	- Reached through: @write_step step=nestedStep step_numb...  [in template "freemarker/default.ftl" in macro "write_step" at line 385, column 41]
	- Reached through: @write_step step=nestedStep step_numb...  [in template "freemarker/default.ftl" in macro "write_step" at line 385, column 41]
	- Reached through: @write_step step=nestedStep step_numb...  [in template "freemarker/default.ftl" in macro "write_step" at line 385, column 41]
	- Reached through: @write_step step=nestedStep step_numb...  [in template "freemarker/default.ftl" in macro "write_step" at line 385, column 41]
	- Reached through: @write_step step=nestedStep step_numb...  [in template "freemarker/default.ftl" in macro "write_step" at line 385, column 41]
	- Reached through: @write_step step=nestedStep step_numb...  [in template "freemarker/default.ftl" in macro "write_step" at line 385, column 41]
	- Reached through: @write_step step=nestedStep step_numb...  [in template "freemarker/default.ftl" in macro "write_step" at line 385, column 41]
	- Reached through: @write_step step=nestedStep step_numb...  [in template "freemarker/default.ftl" in macro "write_step" at line 385, column 41]
	- Reached through: @write_step step=nestedStep step_numb...  [in template "freemarker/default.ftl" in macro "write_step" at line 385, column 41]
	- Reached through: @write_step step=nestedStep step_numb...  [in template "freemarker/default.ftl" in macro "write_step" at line 385, column 41]
	- Reached through: @write_step step=nestedStep step_numb...  [in template "freemarker/default.ftl" in macro "write_step" at line 385, column 41]
	- Reached through: @write_step step=nestedStep step_numb...  [in template "freemarker/default.ftl" in macro "write_step" at line 385, column 41]
	- Reached through: @write_step step=nestedStep step_numb...  [in template "freemarker/default.ftl" in macro "write_step" at line 385, column 41]
	- Reached through: @write_step step=nestedStep step_numb...  [in template "freemarker/default.ftl" in macro "write_step" at line 385, column 41]
	- Reached through: @write_step step=nestedStep step_numb...  [in template "freemarker/default.ftl" in macro "write_step" at line 385, column 41]
	- Reached through: @write_step step=nestedStep step_numb...  [in template "freemarker/default.ftl" in macro "write_step" at line 385, column 41]
	- Reached through: @write_step step=nestedStep step_numb...  [in template "freemarker/default.ftl" in macro "write_step" at line 385, column 41]
	- Reached through: @write_step step=nestedStep step_numb...  [in template "freemarker/default.ftl" in macro "write_step" at line 385, column 41]
	- Reached through: @write_step step=nestedStep step_numb...  [in template "freemarker/default.ftl" in macro "write_step" at line 385, column 41]
	- Reached through: @write_step step=nestedStep step_numb...  [in template "freemarker/default.ftl" in macro "write_step" at line 385, column 41]
	- Reached through: @write_step step=nestedStep step_numb...  [in template "freemarker/default.ftl" in macro "write_step" at line 385, column 41]
	- Reached through: @write_step step=nestedStep step_numb...  [in template "freemarker/default.ftl" in macro "write_step" at line 385, column 41]
	- Reached through: @write_step step=nestedStep step_numb...  [in template "freemarker/default.ftl" in macro "write_step" at line 385, column 41]
	- Reached through: @write_step step=nestedStep step_numb...  [in template "freemarker/default.ftl" in macro "write_step" at line 385, column 41]
	- Reached through: @write_step step=nestedStep step_numb...  [in template "freemarker/default.ftl" in macro "write_step" at line 385, column 41]
	- Reached through: @write_step step=nestedStep step_numb...  [in template "freemarker/default.ftl" in macro "write_step" at line 385, column 41]
	- Reached through: @write_step step=nestedStep step_numb...  [in template "freemarker/default.ftl" in macro "write_step" at line 385, column 41]
	- Reached through: @write_step step=nestedStep step_numb...  [in template "freemarker/default.ftl" in macro "write_step" at line 385, column 41]
	- Reached through: @write_step step=nestedStep step_numb...  [in template "freemarker/default.ftl" in macro "write_step" at line 385, column 41]
	- Reached through: @write_step step=nestedStep step_numb...  [in template "freemarker/default.ftl" in macro "write_step" at line 385, column 41]
	- Reached through: @write_step step=nestedStep step_numb...  [in template "freemarker/default.ftl" in macro "write_step" at line 385, column 41]
	- Reached through: @write_step step=nestedStep step_numb...  [in template "freemarker/default.ftl" in macro "write_step" at line 385, column 41]
	- Reached through: @write_step step=nestedStep step_numb...  [in template "freemarker/default.ftl" in macro "write_step" at line 385, column 41]
	- Reached through: @write_step step=nestedStep step_numb...  [in template "freemarker/default.ftl" in macro "write_step" at line 385, column 41]
	- Reached through: @write_step step=nestedStep step_numb...  [in template "freemarker/default.ftl" in macro "write_step" at line 385, column 41]
	- Reached through: @write_step step=nestedStep step_numb...  [in template "freemarker/default.ftl" in macro "write_step" at line 385, column 41]
	- Reached through: @write_step step=nestedStep step_numb...  [in template "freemarker/default.ftl" in macro "write_step" at line 385, column 41]
	- Reached through: @write_step step=nestedStep step_numb...  [in template "freemarker/default.ftl" in macro "write_step" at line 385, column 41]
	- Reached through: @write_step step=nestedStep step_numb...  [in template "freemarker/default.ftl" in macro "write_step" at line 385, column 41]
	- Reached through: @write_step step=nestedStep step_numb...  [in template "freemarker/default.ftl" in macro "write_step" at line 385, column 41]
	- Reached through: @write_step step=nestedStep step_numb...  [in template "freemarker/default.ftl" in macro "write_step" at line 385, column 41]
	- Reached through: @write_step step=nestedStep step_numb...  [in template "freemarker/default.ftl" in macro "write_step" at line 385, column 41]
	- Reached through: @write_step step=nestedStep step_numb...  [in template "freemarker/default.ftl" in macro "write_step" at line 385, column 41]
	- Reached through: @write_step step=nestedStep step_numb...  [in template "freemarker/default.ftl" in macro "write_step" at line 385, column 41]
	- Reached through: @write_step step=nestedStep step_numb...  [in template "freemarker/default.ftl" in macro "write_step" at line 385, column 41]
	- Reached through: @write_step step=nestedStep step_numb...  [in template "freemarker/default.ftl" in macro "write_step" at line 385, column 41]
	- Reached through: @write_step step=nestedStep step_numb...  [in template "freemarker/default.ftl" in macro "write_step" at line 385, column 41]
	- Reached through: @write_step step=nestedStep step_numb...  [in template "freemarker/default.ftl" in macro "write_step" at line 385, column 41]
	- Reached through: @write_step step=nestedStep step_numb...  [in template "freemarker/default.ftl" in macro "write_step" at line 385, column 41]
	- Reached through: @write_step step=nestedStep step_numb...  [in template "freemarker/default.ftl" in macro "write_step" at line 385, column 41]
	- Reached through: @write_step step=nestedStep step_numb...  [in template "freemarker/default.ftl" in macro "write_step" at line 385, column 41]
	- Reached through: @write_step step=nestedStep step_numb...  [in template "freemarker/default.ftl" in macro "write_step" at line 385, column 41]
	- Reached through: @write_step step=nestedStep step_numb...  [in template "freemarker/default.ftl" in macro "write_step" at line 385, column 41]
	- Reached through: @write_step step=nestedStep step_numb...  [in template "freemarker/default.ftl" in macro "write_step" at line 385, column 41]
	- Reached through: @write_step step=nestedStep step_numb...  [in template "freemarker/default.ftl" in macro "write_step" at line 385, column 41]
	- Reached through: @write_step step=nestedStep step_numb...  [in template "freemarker/default.ftl" in macro "write_step" at line 385, column 41]
	- Reached through: @write_step step=nestedStep step_numb...  [in template "freemarker/default.ftl" in macro "write_step" at line 385, column 41]
	- Reached through: @write_step step=nestedStep step_numb...  [in template "freemarker/default.ftl" in macro "write_step" at line 385, column 41]
	- Reached through: @write_step step=nestedStep step_numb...  [in template "freemarker/default.ftl" in macro "write_step" at line 385, column 41]
	- Reached through: @write_step step=nestedStep step_numb...  [in template "freemarker/default.ftl" in macro "write_step" at line 385, column 41]
	- Reached through: @write_step step=nestedStep step_numb...  [in template "freemarker/default.ftl" in macro "write_step" at line 385, column 41]
	- Reached through: @write_step step=nestedStep step_numb...  [in template "freemarker/default.ftl" in macro "write_step" at line 385, column 41]
	- Reached through: @write_step step=nestedStep step_numb...  [in template "freemarker/default.ftl" in macro "write_step" at line 385, column 41]
	- Reached through: @write_step step=nestedStep step_numb...  [in template "freemarker/default.ftl" in macro "write_step" at line 385, column 41]
	- Reached through: @write_step step=nestedStep step_numb...  [in template "freemarker/default.ftl" in macro "write_step" at line 385, column 41]
	- Reached through: @write_step step=nestedStep step_numb...  [in template "freemarker/default.ftl" in macro "write_step" at line 385, column 41]
	- Reached through: @write_step step=nestedStep step_numb...  [in template "freemarker/default.ftl" in macro "write_step" at line 385, column 41]
	- Reached through: @write_step step=nestedStep step_numb...  [in template "freemarker/default.ftl" in macro "write_step" at line 385, column 41]
	- Reached through: @write_step step=nestedStep step_numb...  [in template "freemarker/default.ftl" in macro "write_step" at line 385, column 41]
	- Reached through: @write_step step=nestedStep step_numb...  [in template "freemarker/default.ftl" in macro "write_step" at line 385, column 41]
	- Reached through: @write_step step=nestedStep step_numb...  [in template "freemarker/default.ftl" in macro "write_step" at line 385, column 41]
	- Reached through: @write_step step=nestedStep step_numb...  [in template "freemarker/default.ftl" in macro "write_step" at line 385, column 41]
	- Reached through: @write_step step=nestedStep step_numb...  [in template "freemarker/default.ftl" in macro "write_step" at line 385, column 41]
	- Reached through: @write_step step=nestedStep step_numb...  [in template "freemarker/default.ftl" in macro "write_step" at line 385, column 41]
	- Reached through: @write_step step=nestedStep step_numb...  [in template "freemarker/default.ftl" in macro "write_step" at line 385, column 41]
	- Reached through: @write_step step=nestedStep step_numb...  [in template "freemarker/default.ftl" in macro "write_step" at line 385, column 41]
	- Reached through: @write_step step=nestedStep step_numb...  [in template "freemarker/default.ftl" in macro "write_step" at line 385, column 41]
	- Reached through: @write_step step=nestedStep step_numb...  [in template "freemarker/default.ftl" in macro "write_step" at line 385, column 41]
	- Reached through: @write_step step=nestedStep step_numb...  [in template "freemarker/default.ftl" in macro "write_step" at line 385, column 41]
	- Reached through: @write_step step=nestedStep step_numb...  [in template "freemarker/default.ftl" in macro "write_step" at line 385, column 41]
	- Reached through: @write_step step=nestedStep step_numb...  [in template "freemarker/default.ftl" in macro "write_step" at line 385, column 41]
	- Reached through: @write_step step=nestedStep step_numb...  [in template "freemarker/default.ftl" in macro "write_step" at line 385, column 41]
	- Reached through: @write_step step=nestedStep step_numb...  [in template "freemarker/default.ftl" in macro "write_step" at line 385, column 41]
	- Reached through: @write_step step=nestedStep step_numb...  [in template "freemarker/default.ftl" in macro "write_step" at line 385, column 41]
	- Reached through: @write_step step=nestedStep step_numb...  [in template "freemarker/default.ftl" in macro "write_step" at line 385, column 41]
	- Reached through: @write_step step=nestedStep step_numb...  [in template "freemarker/default.ftl" in macro "write_step" at line 385, column 41]
	- Reached through: @write_step step=nestedStep step_numb...  [in template "freemarker/default.ftl" in macro "write_step" at line 385, column 41]
	- Reached through: @write_step step=nestedStep step_numb...  [in template "freemarker/default.ftl" in macro "write_step" at line 385, column 41]
	- Reached through: @write_step step=nestedStep step_numb...  [in template "freemarker/default.ftl" in macro "write_step" at line 385, column 41]
	- Reached through: @write_step step=nestedStep step_numb...  [in template "freemarker/default.ftl" in macro "write_step" at line 385, column 41]
	- Reached through: @write_step step=nestedStep step_numb...  [in template "freemarker/default.ftl" in macro "write_step" at line 385, column 41]
	- Reached through: @write_step step=nestedStep step_numb...  [in template "freemarker/default.ftl" in macro "write_step" at line 385, column 41]
	- Reached through: @write_step step=nestedStep step_numb...  [in template "freemarker/default.ftl" in macro "write_step" at line 385, column 41]
	- Reached through: @write_step step=nestedStep step_numb...  [in template "freemarker/default.ftl" in macro "write_step" at line 385, column 41]
	- Reached through: @write_step step=nestedStep step_numb...  [in template "freemarker/default.ftl" in macro "write_step" at line 385, column 41]
	- Reached through: @write_step step=nestedStep step_numb...  [in template "freemarker/default.ftl" in macro "write_step" at line 385, column 41]
	- Reached through: @write_step step=nestedStep step_numb...  [in template "freemarker/default.ftl" in macro "write_step" at line 385, column 41]
	- Reached through: @write_step step=nestedStep step_numb...  [in template "freemarker/default.ftl" in macro "write_step" at line 385, column 41]
	- Reached through: @write_step step=nestedStep step_numb...  [in template "freemarker/default.ftl" in macro "write_step" at line 385, column 41]
	- Reached through: @write_step step=nestedStep step_numb...  [in template "freemarker/default.ftl" in macro "write_step" at line 385, column 41]
	- Reached through: @write_step step=nestedStep step_numb...  [in template "freemarker/default.ftl" in macro "write_step" at line 385, column 41]
	- Reached through: @write_step step=nestedStep step_numb...  [in template "freemarker/default.ftl" in macro "write_step" at line 385, column 41]
	- Reached through: @write_step step=nestedStep step_numb...  [in template "freemarker/default.ftl" in macro "write_step" at line 385, column 41]
	- Reached through: @write_step step=nestedStep step_numb...  [in template "freemarker/default.ftl" in macro "write_step" at line 385, column 41]
	- Reached through: @write_step step=nestedStep step_numb...  [in template "freemarker/default.ftl" in macro "write_step" at line 385, column 41]
	- Reached through: @write_step step=nestedStep step_numb...  [in template "freemarker/default.ftl" in macro "write_step" at line 385, column 41]
	- Reached through: @write_step step=nestedStep step_numb...  [in template "freemarker/default.ftl" in macro "write_step" at line 385, column 41]
	- Reached through: @write_step step=nestedStep step_numb...  [in template "freemarker/default.ftl" in macro "write_step" at line 385, column 41]
	- Reached through: @write_step step=nestedStep step_numb...  [in template "freemarker/default.ftl" in macro "write_step" at line 385, column 41]
	- Reached through: @write_step step=nestedStep step_numb...  [in template "freemarker/default.ftl" in macro "write_step" at line 385, column 41]
	- Reached through: @write_step step=nestedStep step_numb...  [in template "freemarker/default.ftl" in macro "write_step" at line 385, column 41]
	- Reached through: @write_step step=nestedStep step_numb...  [in template "freemarker/default.ftl" in macro "write_step" at line 385, column 41]
	- Reached through: @write_step step=nestedStep step_numb...  [in template "freemarker/default.ftl" in macro "write_step" at line 385, column 41]
	- Reached through: @write_step step=nestedStep step_numb...  [in template "freemarker/default.ftl" in macro "write_step" at line 385, column 41]
	- Reached through: @write_step step=nestedStep step_numb...  [in template "freemarker/default.ftl" in macro "write_step" at line 385, column 41]
	- Reached through: @write_step step=nestedStep step_numb...  [in template "freemarker/default.ftl" in macro "write_step" at line 385, column 41]
	- Reached through: @write_step step=nestedStep step_numb...  [in template "freemarker/default.ftl" in macro "write_step" at line 385, column 41]
	- Reached through: @write_step step=nestedStep step_numb...  [in template "freemarker/default.ftl" in macro "write_step" at line 385, column 41]
	- Reached through: @write_step step=nestedStep step_numb...  [in template "freemarker/default.ftl" in macro "write_step" at line 385, column 41]
	- Reached through: @write_step step=nestedStep step_numb...  [in template "freemarker/default.ftl" in macro "write_step" at line 385, column 41]
	- Reached through: @write_step step=nestedStep step_numb...  [in template "freemarker/default.ftl" in macro "write_step" at line 385, column 41]
	- Reached through: @write_step step=nestedStep step_numb...  [in template "freemarker/default.ftl" in macro "write_step" at line 385, column 41]
	- Reached through: @write_step step=nestedStep step_numb...  [in template "freemarker/default.ftl" in macro "write_step" at line 385, column 41]
	- Reached through: @write_step step=nestedStep step_numb...  [in template "freemarker/default.ftl" in macro "write_step" at line 385, column 41]
	- Reached through: @write_step step=nestedStep step_numb...  [in template "freemarker/default.ftl" in macro "write_step" at line 385, column 41]
	- Reached through: @write_step step=nestedStep step_numb...  [in template "freemarker/default.ftl" in macro "write_step" at line 385, column 41]
	- Reached through: @write_step step=nestedStep step_numb...  [in template "freemarker/default.ftl" in macro "write_step" at line 385, column 41]
	- Reached through: @write_step step=nestedStep step_numb...  [in template "freemarker/default.ftl" in macro "write_step" at line 385, column 41]
	- Reached through: @write_step step=nestedStep step_numb...  [in template "freemarker/default.ftl" in macro "write_step" at line 385, column 41]
	- Reached through: @write_step step=nestedStep step_numb...  [in template "freemarker/default.ftl" in macro "write_step" at line 385, column 41]
	- Reached through: @write_step step=nestedStep step_numb...  [in template "freemarker/default.ftl" in macro "write_step" at line 385, column 41]
	- Reached through: @write_step step=nestedStep step_numb...  [in template "freemarker/default.ftl" in macro "write_step" at line 385, column 41]
	- Reached through: @write_step step=nestedStep step_numb...  [in template "freemarker/default.ftl" in macro "write_step" at line 385, column 41]
	- Reached through: @write_step step=nestedStep step_numb...  [in template "freemarker/default.ftl" in macro "write_step" at line 385, column 41]
	- Reached through: @write_step step=nestedStep step_numb...  [in template "freemarker/default.ftl" in macro "write_step" at line 385, column 41]
	- Reached through: @write_step step=nestedStep step_numb...  [in template "freemarker/default.ftl" in macro "write_step" at line 385, column 41]
	- Reached through: @write_step step=nestedStep step_numb...  [in template "freemarker/default.ftl" in macro "write_step" at line 385, column 41]
	- Reached through: @write_step step=nestedStep step_numb...  [in template "freemarker/default.ftl" in macro "write_step" at line 385, column 41]
	- Reached through: @write_step step=nestedStep step_numb...  [in template "freemarker/default.ftl" in macro "write_step" at line 385, column 41]
	- Reached through: @write_step step=nestedStep step_numb...  [in template "freemarker/default.ftl" in macro "write_step" at line 385, column 41]
	- Reached through: @write_step step=nestedStep step_numb...  [in template "freemarker/default.ftl" in macro "write_step" at line 385, column 41]
	- Reached through: @write_step step=nestedStep step_numb...  [in template "freemarker/default.ftl" in macro "write_step" at line 385, column 41]
	- Reached through: @write_step step=nestedStep step_numb...  [in template "freemarker/default.ftl" in macro "write_step" at line 385, column 41]
	- Reached through: @write_step step=nestedStep step_numb...  [in template "freemarker/default.ftl" in macro "write_step" at line 385, column 41]
	- Reached through: @write_step step=nestedStep step_numb...  [in template "freemarker/default.ftl" in macro "write_step" at line 385, column 41]
	- Reached through: @write_step step=nestedStep step_numb...  [in template "freemarker/default.ftl" in macro "write_step" at line 385, column 41]
	- Reached through: @write_step step=nestedStep step_numb...  [in template "freemarker/default.ftl" in macro "write_step" at line 385, column 41]
	- Reached through: @write_step step=nestedStep step_numb...  [in template "freemarker/default.ftl" in macro "write_step" at line 385, column 41]
	- Reached through: @write_step step=nestedStep step_numb...  [in template "freemarker/default.ftl" in macro "write_step" at line 385, column 41]
	- Reached through: @write_step step=nestedStep step_numb...  [in template "freemarker/default.ftl" in macro "write_step" at line 385, column 41]
	- Reached through: @write_step step=nestedStep step_numb...  [in template "freemarker/default.ftl" in macro "write_step" at line 385, column 41]
	- Reached through: @write_step step=nestedStep step_numb...  [in template "freemarker/default.ftl" in macro "write_step" at line 385, column 41]
	- Reached through: @write_step step=nestedStep step_numb...  [in template "freemarker/default.ftl" in macro "write_step" at line 385, column 41]
	- Reached through: @write_step step=nestedStep step_numb...  [in template "freemarker/default.ftl" in macro "write_step" at line 385, column 41]
	- Reached through: @write_step step=nestedStep step_numb...  [in template "freemarker/default.ftl" in macro "write_step" at line 385, column 41]
	- Reached through: @write_step step=nestedStep step_numb...  [in template "freemarker/default.ftl" in macro "write_step" at line 385, column 41]
	- Reached through: @write_step step=nestedStep step_numb...  [in template "freemarker/default.ftl" in macro "write_step" at line 385, column 41]
	- Reached through: @write_step step=nestedStep step_numb...  [in template "freemarker/default.ftl" in macro "write_step" at line 385, column 41]
	- Reached through: @write_step step=nestedStep step_numb...  [in template "freemarker/default.ftl" in macro "write_step" at line 385, column 41]
	- Reached through: @write_step step=nestedStep step_numb...  [in template "freemarker/default.ftl" in macro "write_step" at line 385, column 41]
	- Reached through: @write_step step=nestedStep step_numb...  [in template "freemarker/default.ftl" in macro "write_step" at line 385, column 41]
	- Reached through: @write_step step=nestedStep step_numb...  [in template "freemarker/default.ftl" in macro "write_step" at line 385, column 41]
	- Reached through: @write_step step=nestedStep step_numb...  [in template "freemarker/default.ftl" in macro "write_step" at line 385, column 41]
	- Reached through: @write_step step=nestedStep step_numb...  [in template "freemarker/default.ftl" in macro "write_step" at line 385, column 41]
	- Reached through: @write_step step=nestedStep step_numb...  [in template "freemarker/default.ftl" in macro "write_step" at line 385, column 41]
	- Reached through: @write_step step=nestedStep step_numb...  [in template "freemarker/default.ftl" in macro "write_step" at line 385, column 41]
	- Reached through: @write_step step=nestedStep step_numb...  [in template "freemarker/default.ftl" in macro "write_step" at line 385, column 41]
	- Reached through: @write_step step=nestedStep step_numb...  [in template "freemarker/default.ftl" in macro "write_step" at line 385, column 41]
	- Reached through: @write_step step=nestedStep step_numb...  [in template "freemarker/default.ftl" in macro "write_step" at line 385, column 41]
	- Reached through: @write_step step=nestedStep step_numb...  [in template "freemarker/default.ftl" in macro "write_step" at line 385, column 41]
	- Reached through: @write_step step=nestedStep step_numb...  [in template "freemarker/default.ftl" in macro "write_step" at line 385, column 41]
	- Reached through: @write_step step=nestedStep step_numb...  [in template "freemarker/default.ftl" in macro "write_step" at line 385, column 41]
	- Reached through: @write_step step=nestedStep step_numb...  [in template "freemarker/default.ftl" in macro "write_step" at line 385, column 41]
	- Reached through: @write_step step=nestedStep step_numb...  [in template "freemarker/default.ftl" in macro "write_step" at line 385, column 41]
	- Reached through: @write_step step=nestedStep step_numb...  [in template "freemarker/default.ftl" in macro "write_step" at line 385, column 41]
	- Reached through: @write_step step=nestedStep step_numb...  [in template "freemarker/default.ftl" in macro "write_step" at line 385, column 41]
	- Reached through: @write_step step=nestedStep step_numb...  [in template "freemarker/default.ftl" in macro "write_step" at line 385, column 41]
	- Reached through: @write_step step=nestedStep step_numb...  [in template "freemarker/default.ftl" in macro "write_step" at line 385, column 41]
	- Reached through: @write_step step=nestedStep step_numb...  [in template "freemarker/default.ftl" in macro "write_step" at line 385, column 41]
	- Reached through: @write_step step=nestedStep step_numb...  [in template "freemarker/default.ftl" in macro "write_step" at line 385, column 41]
	- Reached through: @write_step step=nestedStep step_numb...  [in template "freemarker/default.ftl" in macro "write_step" at line 385, column 41]
	- Reached through: @write_step step=nestedStep step_numb...  [in template "freemarker/default.ftl" in macro "write_step" at line 385, column 41]
	- Reached through: @write_step step=nestedStep step_numb...  [in template "freemarker/default.ftl" in macro "write_step" at line 385, column 41]
	- Reached through: @write_step step=nestedStep step_numb...  [in template "freemarker/default.ftl" in macro "write_step" at line 385, column 41]
	- Reached through: @write_step step=nestedStep step_numb...  [in template "freemarker/default.ftl" in macro "write_step" at line 385, column 41]
	- Reached through: @write_step step=nestedStep step_numb...  [in template "freemarker/default.ftl" in macro "write_step" at line 385, column 41]
	- Reached through: @write_step step=nestedStep step_numb...  [in template "freemarker/default.ftl" in macro "write_step" at line 385, column 41]
	- Reached through: @write_step step=nestedStep step_numb...  [in template "freemarker/default.ftl" in macro "write_step" at line 385, column 41]
	- Reached through: @write_step step=nestedStep step_numb...  [in template "freemarker/default.ftl" in macro "write_step" at line 385, column 41]
	- Reached through: @write_step step=nestedStep step_numb...  [in template "freemarker/default.ftl" in macro "write_step" at line 385, column 41]
	- Reached through: @write_step step=nestedStep step_numb...  [in template "freemarker/default.ftl" in macro "write_step" at line 385, column 41]
	- Reached through: @write_step step=nestedStep step_numb...  [in template "freemarker/default.ftl" in macro "write_step" at line 385, column 41]
	- Reached through: @write_step step=nestedStep step_numb...  [in template "freemarker/default.ftl" in macro "write_step" at line 385, column 41]
	- Reached through: @write_step step=nestedStep step_numb...  [in template "freemarker/default.ftl" in macro "write_step" at line 385, column 41]
	- Reached through: @write_step step=nestedStep step_numb...  [in template "freemarker/default.ftl" in macro "write_step" at line 385, column 41]
	- Reached through: @write_step step=nestedStep step_numb...  [in template "freemarker/default.ftl" in macro "write_step" at line 385, column 41]
	- Reached through: @write_step step=nestedStep step_numb...  [in template "freemarker/default.ftl" in macro "write_step" at line 385, column 41]
	- Reached through: @write_step step=nestedStep step_numb...  [in template "freemarker/default.ftl" in macro "write_step" at line 385, column 41]
	- Reached through: @write_step step=nestedStep step_numb...  [in template "freemarker/default.ftl" in macro "write_step" at line 385, column 41]
	- Reached through: @write_step step=nestedStep step_numb...  [in template "freemarker/default.ftl" in macro "write_step" at line 385, column 41]
	- Reached through: @write_step step=nestedStep step_numb...  [in template "freemarker/default.ftl" in macro "write_step" at line 385, column 41]
	- Reached through: @write_step step=nestedStep step_numb...  [in template "freemarker/default.ftl" in macro "write_step" at line 385, column 41]
	- Reached through: @write_step step=nestedStep step_numb...  [in template "freemarker/default.ftl" in macro "write_step" at line 385, column 41]
	- Reached through: @write_step step=nestedStep step_numb...  [in template "freemarker/default.ftl" in macro "write_step" at line 385, column 41]
	- Reached through: @write_step step=nestedStep step_numb...  [in template "freemarker/default.ftl" in macro "write_step" at line 385, column 41]
	- Reached through: @write_step step=nestedStep step_numb...  [in template "freemarker/default.ftl" in macro "write_step" at line 385, column 41]
	- Reached through: @write_step step=nestedStep step_numb...  [in template "freemarker/default.ftl" in macro "write_step" at line 385, column 41]
	- Reached through: @write_step step=nestedStep step_numb...  [in template "freemarker/default.ftl" in macro "write_step" at line 385, column 41]
	- Reached through: @write_step step=nestedStep step_numb...  [in template "freemarker/default.ftl" in macro "write_step" at line 385, column 41]
	- Reached through: @write_step step=nestedStep step_numb...  [in template "freemarker/default.ftl" in macro "write_step" at line 385, column 41]
	- Reached through: @write_step step=nestedStep step_numb...  [in template "freemarker/default.ftl" in macro "write_step" at line 385, column 41]
	- Reached through: @write_step step=nestedStep step_numb...  [in template "freemarker/default.ftl" in macro "write_step" at line 385, column 41]
	- Reached through: @write_step step=nestedStep step_numb...  [in template "freemarker/default.ftl" in macro "write_step" at line 385, column 41]
	- Reached through: @write_step step=nestedStep step_numb...  [in template "freemarker/default.ftl" in macro "write_step" at line 385, column 41]
	- Reached through: @write_step step=nestedStep step_numb...  [in template "freemarker/default.ftl" in macro "write_step" at line 385, column 41]
	- Reached through: @write_step step=nestedStep step_numb...  [in template "freemarker/default.ftl" in macro "write_step" at line 385, column 41]
	- Reached through: @write_step step=nestedStep step_numb...  [in template "freemarker/default.ftl" in macro "write_step" at line 385, column 41]
	- Reached through: @write_step step=nestedStep step_numb...  [in template "freemarker/default.ftl" in macro "write_step" at line 385, column 41]
	- Reached through: @write_step step=nestedStep step_numb...  [in template "freemarker/default.ftl" in macro "write_step" at line 385, column 41]
	- Reached through: @write_step step=nestedStep step_numb...  [in template "freemarker/default.ftl" in macro "write_step" at line 385, column 41]
	- Reached through: @write_step step=nestedStep step_numb...  [in template "freemarker/default.ftl" in macro "write_step" at line 385, column 41]
	- Reached through: @write_step step=nestedStep step_numb...  [in template "freemarker/default.ftl" in macro "write_step" at line 385, column 41]
	- Reached through: @write_step step=nestedStep step_numb...  [in template "freemarker/default.ftl" in macro "write_step" at line 385, column 41]
	- Reached through: @write_step step=nestedStep step_numb...  [in template "freemarker/default.ftl" in macro "write_step" at line 385, column 41]
	- Reached through: @write_step step=nestedStep step_numb...  [in template "freemarker/default.ftl" in macro "write_step" at line 385, column 41]
	- Reached through: @write_step step=nestedStep step_numb...  [in template "freemarker/default.ftl" in macro "write_step" at line 385, column 41]
	- Reached through: @write_step step=nestedStep step_numb...  [in template "freemarker/default.ftl" in macro "write_step" at line 385, column 41]
	- Reached through: @write_step step=nestedStep step_numb...  [in template "freemarker/default.ftl" in macro "write_step" at line 385, column 41]
	- Reached through: @write_step step=nestedStep step_numb...  [in template "freemarker/default.ftl" in macro "write_step" at line 385, column 41]
	- Reached through: @write_step step=nestedStep step_numb...  [in template "freemarker/default.ftl" in macro "write_step" at line 385, column 41]
	- Reached through: @write_step step=nestedStep step_numb...  [in template "freemarker/default.ftl" in macro "write_step" at line 385, column 41]
	- Reached through: @write_step step=step step_number=ste...  [in template "freemarker/default.ftl" at line 597, column 17]

11:45:57.718 [main] DEBUG net.thucydides.core.reports.ReportService - Shutting down executor service
]]></system-out>
    <system-err><![CDATA[May 01, 2022 11:45:57 AM freemarker.log._JULLoggerFactory$JULLogger error
SEVERE: Error executing FreeMarker template
FreeMarker template error:
Java method "net.thucydides.core.model.TestOutcome.hasScreenshots()" threw an exception when invoked on net.thucydides.core.model.TestOutcome object [freemarker.core._DelayedJQuote.toString() failed: java.lang.StackOverflowError]; see cause exception in the Java stack trace.

----
FTL stack trace ("~" means nesting-related):
	- Failed at: #if testOutcome.hasScreenshots()  [in template "freemarker/default.ftl" in macro "step_details" at line 534, column 21]
	- Reached through: @step_details step=step step_number=s...  [in template "freemarker/default.ftl" in macro "write_step" at line 377, column 17]
	- Reached through: @write_step step=nestedStep step_numb...  [in template "freemarker/default.ftl" in macro "write_step" at line 385, column 41]
	- Reached through: @write_step step=nestedStep step_numb...  [in template "freemarker/default.ftl" in macro "write_step" at line 385, column 41]
	- Reached through: @write_step step=nestedStep step_numb...  [in template "freemarker/default.ftl" in macro "write_step" at line 385, column 41]
	- Reached through: @write_step step=nestedStep step_numb...  [in template "freemarker/default.ftl" in macro "write_step" at line 385, column 41]
	- Reached through: @write_step step=nestedStep step_numb...  [in template "freemarker/default.ftl" in macro "write_step" at line 385, column 41]
	- Reached through: @write_step step=nestedStep step_numb...  [in template "freemarker/default.ftl" in macro "write_step" at line 385, column 41]
	- Reached through: @write_step step=nestedStep step_numb...  [in template "freemarker/default.ftl" in macro "write_step" at line 385, column 41]
	- Reached through: @write_step step=nestedStep step_numb...  [in template "freemarker/default.ftl" in macro "write_step" at line 385, column 41]
	- Reached through: @write_step step=nestedStep step_numb...  [in template "freemarker/default.ftl" in macro "write_step" at line 385, column 41]
	- Reached through: @write_step step=nestedStep step_numb...  [in template "freemarker/default.ftl" in macro "write_step" at line 385, column 41]
	- Reached through: @write_step step=nestedStep step_numb...  [in template "freemarker/default.ftl" in macro "write_step" at line 385, column 41]
	- Reached through: @write_step step=nestedStep step_numb...  [in template "freemarker/default.ftl" in macro "write_step" at line 385, column 41]
	- Reached through: @write_step step=nestedStep step_numb...  [in template "freemarker/default.ftl" in macro "write_step" at line 385, column 41]
	- Reached through: @write_step step=nestedStep step_numb...  [in template "freemarker/default.ftl" in macro "write_step" at line 385, column 41]
	- Reached through: @write_step step=nestedStep step_numb...  [in template "freemarker/default.ftl" in macro "write_step" at line 385, column 41]
	- Reached through: @write_step step=nestedStep step_numb...  [in template "freemarker/default.ftl" in macro "write_step" at line 385, column 41]
	- Reached through: @write_step step=nestedStep step_numb...  [in template "freemarker/default.ftl" in macro "write_step" at line 385, column 41]
	- Reached through: @write_step step=nestedStep step_numb...  [in template "freemarker/default.ftl" in macro "write_step" at line 385, column 41]
	- Reached through: @write_step step=nestedStep step_numb...  [in template "freemarker/default.ftl" in macro "write_step" at line 385, column 41]
	- Reached through: @write_step step=nestedStep step_numb...  [in template "freemarker/default.ftl" in macro "write_step" at line 385, column 41]
	- Reached through: @write_step step=nestedStep step_numb...  [in template "freemarker/default.ftl" in macro "write_step" at line 385, column 41]
	- Reached through: @write_step step=nestedStep step_numb...  [in template "freemarker/default.ftl" in macro "write_step" at line 385, column 41]
	- Reached through: @write_step step=nestedStep step_numb...  [in template "freemarker/default.ftl" in macro "write_step" at line 385, column 41]
	- Reached through: @write_step step=nestedStep step_numb...  [in template "freemarker/default.ftl" in macro "write_step" at line 385, column 41]
	- Reached through: @write_step step=nestedStep step_numb...  [in template "freemarker/default.ftl" in macro "write_step" at line 385, column 41]
	- Reached through: @write_step step=nestedStep step_numb...  [in template "freemarker/default.ftl" in macro "write_step" at line 385, column 41]
	- Reached through: @write_step step=nestedStep step_numb...  [in template "freemarker/default.ftl" in macro "write_step" at line 385, column 41]
	- Reached through: @write_step step=nestedStep step_numb...  [in template "freemarker/default.ftl" in macro "write_step" at line 385, column 41]
	- Reached through: @write_step step=nestedStep step_numb...  [in template "freemarker/default.ftl" in macro "write_step" at line 385, column 41]
	- Reached through: @write_step step=nestedStep step_numb...  [in template "freemarker/default.ftl" in macro "write_step" at line 385, column 41]
	- Reached through: @write_step step=nestedStep step_numb...  [in template "freemarker/default.ftl" in macro "write_step" at line 385, column 41]
	- Reached through: @write_step step=nestedStep step_numb...  [in template "freemarker/default.ftl" in macro "write_step" at line 385, column 41]
	- Reached through: @write_step step=nestedStep step_numb...  [in template "freemarker/default.ftl" in macro "write_step" at line 385, column 41]
	- Reached through: @write_step step=nestedStep step_numb...  [in template "freemarker/default.ftl" in macro "write_step" at line 385, column 41]
	- Reached through: @write_step step=nestedStep step_numb...  [in template "freemarker/default.ftl" in macro "write_step" at line 385, column 41]
	- Reached through: @write_step step=nestedStep step_numb...  [in template "freemarker/default.ftl" in macro "write_step" at line 385, column 41]
	- Reached through: @write_step step=nestedStep step_numb...  [in template "freemarker/default.ftl" in macro "write_step" at line 385, column 41]
	- Reached through: @write_step step=nestedStep step_numb...  [in template "freemarker/default.ftl" in macro "write_step" at line 385, column 41]
	- Reached through: @write_step step=nestedStep step_numb...  [in template "freemarker/default.ftl" in macro "write_step" at line 385, column 41]
	- Reached through: @write_step step=nestedStep step_numb...  [in template "freemarker/default.ftl" in macro "write_step" at line 385, column 41]
	- Reached through: @write_step step=nestedStep step_numb...  [in template "freemarker/default.ftl" in macro "write_step" at line 385, column 41]
	- Reached through: @write_step step=nestedStep step_numb...  [in template "freemarker/default.ftl" in macro "write_step" at line 385, column 41]
	- Reached through: @write_step step=nestedStep step_numb...  [in template "freemarker/default.ftl" in macro "write_step" at line 385, column 41]
	- Reached through: @write_step step=nestedStep step_numb...  [in template "freemarker/default.ftl" in macro "write_step" at line 385, column 41]
	- Reached through: @write_step step=nestedStep step_numb...  [in template "freemarker/default.ftl" in macro "write_step" at line 385, column 41]
	- Reached through: @write_step step=nestedStep step_numb...  [in template "freemarker/default.ftl" in macro "write_step" at line 385, column 41]
	- Reached through: @write_step step=nestedStep step_numb...  [in template "freemarker/default.ftl" in macro "write_step" at line 385, column 41]
	- Reached through: @write_step step=nestedStep step_numb...  [in template "freemarker/default.ftl" in macro "write_step" at line 385, column 41]
	- Reached through: @write_step step=nestedStep step_numb...  [in template "freemarker/default.ftl" in macro "write_step" at line 385, column 41]
	- Reached through: @write_step step=nestedStep step_numb...  [in template "freemarker/default.ftl" in macro "write_step" at line 385, column 41]
	- Reached through: @write_step step=nestedStep step_numb...  [in template "freemarker/default.ftl" in macro "write_step" at line 385, column 41]
	- Reached through: @write_step step=nestedStep step_numb...  [in template "freemarker/default.ftl" in macro "write_step" at line 385, column 41]
	- Reached through: @write_step step=nestedStep step_numb...  [in template "freemarker/default.ftl" in macro "write_step" at line 385, column 41]
	- Reached through: @write_step step=nestedStep step_numb...  [in template "freemarker/default.ftl" in macro "write_step" at line 385, column 41]
	- Reached through: @write_step step=nestedStep step_numb...  [in template "freemarker/default.ftl" in macro "write_step" at line 385, column 41]
	- Reached through: @write_step step=nestedStep step_numb...  [in template "freemarker/default.ftl" in macro "write_step" at line 385, column 41]
	- Reached through: @write_step step=nestedStep step_numb...  [in template "freemarker/default.ftl" in macro "write_step" at line 385, column 41]
	- Reached through: @write_step step=nestedStep step_numb...  [in template "freemarker/default.ftl" in macro "write_step" at line 385, column 41]
	- Reached through: @write_step step=nestedStep step_numb...  [in template "freemarker/default.ftl" in macro "write_step" at line 385, column 41]
	- Reached through: @write_step step=nestedStep step_numb...  [in template "freemarker/default.ftl" in macro "write_step" at line 385, column 41]
	- Reached through: @write_step step=nestedStep step_numb...  [in template "freemarker/default.ftl" in macro "write_step" at line 385, column 41]
	- Reached through: @write_step step=nestedStep step_numb...  [in template "freemarker/default.ftl" in macro "write_step" at line 385, column 41]
	- Reached through: @write_step step=nestedStep step_numb...  [in template "freemarker/default.ftl" in macro "write_step" at line 385, column 41]
	- Reached through: @write_step step=nestedStep step_numb...  [in template "freemarker/default.ftl" in macro "write_step" at line 385, column 41]
	- Reached through: @write_step step=nestedStep step_numb...  [in template "freemarker/default.ftl" in macro "write_step" at line 385, column 41]
	- Reached through: @write_step step=nestedStep step_numb...  [in template "freemarker/default.ftl" in macro "write_step" at line 385, column 41]
	- Reached through: @write_step step=nestedStep step_numb...  [in template "freemarker/default.ftl" in macro "write_step" at line 385, column 41]
	- Reached through: @write_step step=nestedStep step_numb...  [in template "freemarker/default.ftl" in macro "write_step" at line 385, column 41]
	- Reached through: @write_step step=nestedStep step_numb...  [in template "freemarker/default.ftl" in macro "write_step" at line 385, column 41]
	- Reached through: @write_step step=nestedStep step_numb...  [in template "freemarker/default.ftl" in macro "write_step" at line 385, column 41]
	- Reached through: @write_step step=nestedStep step_numb...  [in template "freemarker/default.ftl" in macro "write_step" at line 385, column 41]
	- Reached through: @write_step step=nestedStep step_numb...  [in template "freemarker/default.ftl" in macro "write_step" at line 385, column 41]
	- Reached through: @write_step step=nestedStep step_numb...  [in template "freemarker/default.ftl" in macro "write_step" at line 385, column 41]
	- Reached through: @write_step step=nestedStep step_numb...  [in template "freemarker/default.ftl" in macro "write_step" at line 385, column 41]
	- Reached through: @write_step step=nestedStep step_numb...  [in template "freemarker/default.ftl" in macro "write_step" at line 385, column 41]
	- Reached through: @write_step step=nestedStep step_numb...  [in template "freemarker/default.ftl" in macro "write_step" at line 385, column 41]
	- Reached through: @write_step step=nestedStep step_numb...  [in template "freemarker/default.ftl" in macro "write_step" at line 385, column 41]
	- Reached through: @write_step step=nestedStep step_numb...  [in template "freemarker/default.ftl" in macro "write_step" at line 385, column 41]
	- Reached through: @write_step step=nestedStep step_numb...  [in template "freemarker/default.ftl" in macro "write_step" at line 385, column 41]
	- Reached through: @write_step step=nestedStep step_numb...  [in template "freemarker/default.ftl" in macro "write_step" at line 385, column 41]
	- Reached through: @write_step step=nestedStep step_numb...  [in template "freemarker/default.ftl" in macro "write_step" at line 385, column 41]
	- Reached through: @write_step step=nestedStep step_numb...  [in template "freemarker/default.ftl" in macro "write_step" at line 385, column 41]
	- Reached through: @write_step step=nestedStep step_numb...  [in template "freemarker/default.ftl" in macro "write_step" at line 385, column 41]
	- Reached through: @write_step step=nestedStep step_numb...  [in template "freemarker/default.ftl" in macro "write_step" at line 385, column 41]
	- Reached through: @write_step step=nestedStep step_numb...  [in template "freemarker/default.ftl" in macro "write_step" at line 385, column 41]
	- Reached through: @write_step step=nestedStep step_numb...  [in template "freemarker/default.ftl" in macro "write_step" at line 385, column 41]
	- Reached through: @write_step step=nestedStep step_numb...  [in template "freemarker/default.ftl" in macro "write_step" at line 385, column 41]
	- Reached through: @write_step step=nestedStep step_numb...  [in template "freemarker/default.ftl" in macro "write_step" at line 385, column 41]
	- Reached through: @write_step step=nestedStep step_numb...  [in template "freemarker/default.ftl" in macro "write_step" at line 385, column 41]
	- Reached through: @write_step step=nestedStep step_numb...  [in template "freemarker/default.ftl" in macro "write_step" at line 385, column 41]
	- Reached through: @write_step step=nestedStep step_numb...  [in template "freemarker/default.ftl" in macro "write_step" at line 385, column 41]
	- Reached through: @write_step step=nestedStep step_numb...  [in template "freemarker/default.ftl" in macro "write_step" at line 385, column 41]
	- Reached through: @write_step step=nestedStep step_numb...  [in template "freemarker/default.ftl" in macro "write_step" at line 385, column 41]
	- Reached through: @write_step step=nestedStep step_numb...  [in template "freemarker/default.ftl" in macro "write_step" at line 385, column 41]
	- Reached through: @write_step step=nestedStep step_numb...  [in template "freemarker/default.ftl" in macro "write_step" at line 385, column 41]
	- Reached through: @write_step step=nestedStep step_numb...  [in template "freemarker/default.ftl" in macro "write_step" at line 385, column 41]
	- Reached through: @write_step step=nestedStep step_numb...  [in template "freemarker/default.ftl" in macro "write_step" at line 385, column 41]
	- Reached through: @write_step step=nestedStep step_numb...  [in template "freemarker/default.ftl" in macro "write_step" at line 385, column 41]
	- Reached through: @write_step step=nestedStep step_numb...  [in template "freemarker/default.ftl" in macro "write_step" at line 385, column 41]
	- Reached through: @write_step step=nestedStep step_numb...  [in template "freemarker/default.ftl" in macro "write_step" at line 385, column 41]
	- Reached through: @write_step step=nestedStep step_numb...  [in template "freemarker/default.ftl" in macro "write_step" at line 385, column 41]
	- Reached through: @write_step step=nestedStep step_numb...  [in template "freemarker/default.ftl" in macro "write_step" at line 385, column 41]
	- Reached through: @write_step step=nestedStep step_numb...  [in template "freemarker/default.ftl" in macro "write_step" at line 385, column 41]
	- Reached through: @write_step step=nestedStep step_numb...  [in template "freemarker/default.ftl" in macro "write_step" at line 385, column 41]
	- Reached through: @write_step step=nestedStep step_numb...  [in template "freemarker/default.ftl" in macro "write_step" at line 385, column 41]
	- Reached through: @write_step step=nestedStep step_numb...  [in template "freemarker/default.ftl" in macro "write_step" at line 385, column 41]
	- Reached through: @write_step step=nestedStep step_numb...  [in template "freemarker/default.ftl" in macro "write_step" at line 385, column 41]
	- Reached through: @write_step step=nestedStep step_numb...  [in template "freemarker/default.ftl" in macro "write_step" at line 385, column 41]
	- Reached through: @write_step step=nestedStep step_numb...  [in template "freemarker/default.ftl" in macro "write_step" at line 385, column 41]
	- Reached through: @write_step step=nestedStep step_numb...  [in template "freemarker/default.ftl" in macro "write_step" at line 385, column 41]
	- Reached through: @write_step step=nestedStep step_numb...  [in template "freemarker/default.ftl" in macro "write_step" at line 385, column 41]
	- Reached through: @write_step step=nestedStep step_numb...  [in template "freemarker/default.ftl" in macro "write_step" at line 385, column 41]
	- Reached through: @write_step step=nestedStep step_numb...  [in template "freemarker/default.ftl" in macro "write_step" at line 385, column 41]
	- Reached through: @write_step step=nestedStep step_numb...  [in template "freemarker/default.ftl" in macro "write_step" at line 385, column 41]
	- Reached through: @write_step step=nestedStep step_numb...  [in template "freemarker/default.ftl" in macro "write_step" at line 385, column 41]
	- Reached through: @write_step step=nestedStep step_numb...  [in template "freemarker/default.ftl" in macro "write_step" at line 385, column 41]
	- Reached through: @write_step step=nestedStep step_numb...  [in template "freemarker/default.ftl" in macro "write_step" at line 385, column 41]
	- Reached through: @write_step step=nestedStep step_numb...  [in template "freemarker/default.ftl" in macro "write_step" at line 385, column 41]
	- Reached through: @write_step step=nestedStep step_numb...  [in template "freemarker/default.ftl" in macro "write_step" at line 385, column 41]
	- Reached through: @write_step step=nestedStep step_numb...  [in template "freemarker/default.ftl" in macro "write_step" at line 385, column 41]
	- Reached through: @write_step step=nestedStep step_numb...  [in template "freemarker/default.ftl" in macro "write_step" at line 385, column 41]
	- Reached through: @write_step step=nestedStep step_numb...  [in template "freemarker/default.ftl" in macro "write_step" at line 385, column 41]
	- Reached through: @write_step step=nestedStep step_numb...  [in template "freemarker/default.ftl" in macro "write_step" at line 385, column 41]
	- Reached through: @write_step step=nestedStep step_numb...  [in template "freemarker/default.ftl" in macro "write_step" at line 385, column 41]
	- Reached through: @write_step step=nestedStep step_numb...  [in template "freemarker/default.ftl" in macro "write_step" at line 385, column 41]
	- Reached through: @write_step step=nestedStep step_numb...  [in template "freemarker/default.ftl" in macro "write_step" at line 385, column 41]
	- Reached through: @write_step step=nestedStep step_numb...  [in template "freemarker/default.ftl" in macro "write_step" at line 385, column 41]
	- Reached through: @write_step step=nestedStep step_numb...  [in template "freemarker/default.ftl" in macro "write_step" at line 385, column 41]
	- Reached through: @write_step step=nestedStep step_numb...  [in template "freemarker/default.ftl" in macro "write_step" at line 385, column 41]
	- Reached through: @write_step step=nestedStep step_numb...  [in template "freemarker/default.ftl" in macro "write_step" at line 385, column 41]
	- Reached through: @write_step step=nestedStep step_numb...  [in template "freemarker/default.ftl" in macro "write_step" at line 385, column 41]
	- Reached through: @write_step step=nestedStep step_numb...  [in template "freemarker/default.ftl" in macro "write_step" at line 385, column 41]
	- Reached through: @write_step step=nestedStep step_numb...  [in template "freemarker/default.ftl" in macro "write_step" at line 385, column 41]
	- Reached through: @write_step step=nestedStep step_numb...  [in template "freemarker/default.ftl" in macro "write_step" at line 385, column 41]
	- Reached through: @write_step step=nestedStep step_numb...  [in template "freemarker/default.ftl" in macro "write_step" at line 385, column 41]
	- Reached through: @write_step step=nestedStep step_numb...  [in template "freemarker/default.ftl" in macro "write_step" at line 385, column 41]
	- Reached through: @write_step step=nestedStep step_numb...  [in template "freemarker/default.ftl" in macro "write_step" at line 385, column 41]
	- Reached through: @write_step step=nestedStep step_numb...  [in template "freemarker/default.ftl" in macro "write_step" at line 385, column 41]
	- Reached through: @write_step step=nestedStep step_numb...  [in template "freemarker/default.ftl" in macro "write_step" at line 385, column 41]
	- Reached through: @write_step step=nestedStep step_numb...  [in template "freemarker/default.ftl" in macro "write_step" at line 385, column 41]
	- Reached through: @write_step step=nestedStep step_numb...  [in template "freemarker/default.ftl" in macro "write_step" at line 385, column 41]
	- Reached through: @write_step step=nestedStep step_numb...  [in template "freemarker/default.ftl" in macro "write_step" at line 385, column 41]
	- Reached through: @write_step step=nestedStep step_numb...  [in template "freemarker/default.ftl" in macro "write_step" at line 385, column 41]
	- Reached through: @write_step step=nestedStep step_numb...  [in template "freemarker/default.ftl" in macro "write_step" at line 385, column 41]
	- Reached through: @write_step step=nestedStep step_numb...  [in template "freemarker/default.ftl" in macro "write_step" at line 385, column 41]
	- Reached through: @write_step step=nestedStep step_numb...  [in template "freemarker/default.ftl" in macro "write_step" at line 385, column 41]
	- Reached through: @write_step step=nestedStep step_numb...  [in template "freemarker/default.ftl" in macro "write_step" at line 385, column 41]
	- Reached through: @write_step step=nestedStep step_numb...  [in template "freemarker/default.ftl" in macro "write_step" at line 385, column 41]
	- Reached through: @write_step step=nestedStep step_numb...  [in template "freemarker/default.ftl" in macro "write_step" at line 385, column 41]
	- Reached through: @write_step step=nestedStep step_numb...  [in template "freemarker/default.ftl" in macro "write_step" at line 385, column 41]
	- Reached through: @write_step step=nestedStep step_numb...  [in template "freemarker/default.ftl" in macro "write_step" at line 385, column 41]
	- Reached through: @write_step step=nestedStep step_numb...  [in template "freemarker/default.ftl" in macro "write_step" at line 385, column 41]
	- Reached through: @write_step step=nestedStep step_numb...  [in template "freemarker/default.ftl" in macro "write_step" at line 385, column 41]
	- Reached through: @write_step step=nestedStep step_numb...  [in template "freemarker/default.ftl" in macro "write_step" at line 385, column 41]
	- Reached through: @write_step step=nestedStep step_numb...  [in template "freemarker/default.ftl" in macro "write_step" at line 385, column 41]
	- Reached through: @write_step step=nestedStep step_numb...  [in template "freemarker/default.ftl" in macro "write_step" at line 385, column 41]
	- Reached through: @write_step step=nestedStep step_numb...  [in template "freemarker/default.ftl" in macro "write_step" at line 385, column 41]
	- Reached through: @write_step step=nestedStep step_numb...  [in template "freemarker/default.ftl" in macro "write_step" at line 385, column 41]
	- Reached through: @write_step step=nestedStep step_numb...  [in template "freemarker/default.ftl" in macro "write_step" at line 385, column 41]
	- Reached through: @write_step step=nestedStep step_numb...  [in template "freemarker/default.ftl" in macro "write_step" at line 385, column 41]
	- Reached through: @write_step step=nestedStep step_numb...  [in template "freemarker/default.ftl" in macro "write_step" at line 385, column 41]
	- Reached through: @write_step step=nestedStep step_numb...  [in template "freemarker/default.ftl" in macro "write_step" at line 385, column 41]
	- Reached through: @write_step step=nestedStep step_numb...  [in template "freemarker/default.ftl" in macro "write_step" at line 385, column 41]
	- Reached through: @write_step step=nestedStep step_numb...  [in template "freemarker/default.ftl" in macro "write_step" at line 385, column 41]
	- Reached through: @write_step step=nestedStep step_numb...  [in template "freemarker/default.ftl" in macro "write_step" at line 385, column 41]
	- Reached through: @write_step step=nestedStep step_numb...  [in template "freemarker/default.ftl" in macro "write_step" at line 385, column 41]
	- Reached through: @write_step step=nestedStep step_numb...  [in template "freemarker/default.ftl" in macro "write_step" at line 385, column 41]
	- Reached through: @write_step step=nestedStep step_numb...  [in template "freemarker/default.ftl" in macro "write_step" at line 385, column 41]
	- Reached through: @write_step step=nestedStep step_numb...  [in template "freemarker/default.ftl" in macro "write_step" at line 385, column 41]
	- Reached through: @write_step step=nestedStep step_numb...  [in template "freemarker/default.ftl" in macro "write_step" at line 385, column 41]
	- Reached through: @write_step step=nestedStep step_numb...  [in template "freemarker/default.ftl" in macro "write_step" at line 385, column 41]
	- Reached through: @write_step step=nestedStep step_numb...  [in template "freemarker/default.ftl" in macro "write_step" at line 385, column 41]
	- Reached through: @write_step step=nestedStep step_numb...  [in template "freemarker/default.ftl" in macro "write_step" at line 385, column 41]
	- Reached through: @write_step step=nestedStep step_numb...  [in template "freemarker/default.ftl" in macro "write_step" at line 385, column 41]
	- Reached through: @write_step step=nestedStep step_numb...  [in template "freemarker/default.ftl" in macro "write_step" at line 385, column 41]
	- Reached through: @write_step step=nestedStep step_numb...  [in template "freemarker/default.ftl" in macro "write_step" at line 385, column 41]
	- Reached through: @write_step step=nestedStep step_numb...  [in template "freemarker/default.ftl" in macro "write_step" at line 385, column 41]
	- Reached through: @write_step step=nestedStep step_numb...  [in template "freemarker/default.ftl" in macro "write_step" at line 385, column 41]
	- Reached through: @write_step step=nestedStep step_numb...  [in template "freemarker/default.ftl" in macro "write_step" at line 385, column 41]
	- Reached through: @write_step step=nestedStep step_numb...  [in template "freemarker/default.ftl" in macro "write_step" at line 385, column 41]
	- Reached through: @write_step step=nestedStep step_numb...  [in template "freemarker/default.ftl" in macro "write_step" at line 385, column 41]
	- Reached through: @write_step step=nestedStep step_numb...  [in template "freemarker/default.ftl" in macro "write_step" at line 385, column 41]
	- Reached through: @write_step step=nestedStep step_numb...  [in template "freemarker/default.ftl" in macro "write_step" at line 385, column 41]
	- Reached through: @write_step step=nestedStep step_numb...  [in template "freemarker/default.ftl" in macro "write_step" at line 385, column 41]
	- Reached through: @write_step step=nestedStep step_numb...  [in template "freemarker/default.ftl" in macro "write_step" at line 385, column 41]
	- Reached through: @write_step step=nestedStep step_numb...  [in template "freemarker/default.ftl" in macro "write_step" at line 385, column 41]
	- Reached through: @write_step step=nestedStep step_numb...  [in template "freemarker/default.ftl" in macro "write_step" at line 385, column 41]
	- Reached through: @write_step step=nestedStep step_numb...  [in template "freemarker/default.ftl" in macro "write_step" at line 385, column 41]
	- Reached through: @write_step step=nestedStep step_numb...  [in template "freemarker/default.ftl" in macro "write_step" at line 385, column 41]
	- Reached through: @write_step step=nestedStep step_numb...  [in template "freemarker/default.ftl" in macro "write_step" at line 385, column 41]
	- Reached through: @write_step step=nestedStep step_numb...  [in template "freemarker/default.ftl" in macro "write_step" at line 385, column 41]
	- Reached through: @write_step step=nestedStep step_numb...  [in template "freemarker/default.ftl" in macro "write_step" at line 385, column 41]
	- Reached through: @write_step step=nestedStep step_numb...  [in template "freemarker/default.ftl" in macro "write_step" at line 385, column 41]
	- Reached through: @write_step step=nestedStep step_numb...  [in template "freemarker/default.ftl" in macro "write_step" at line 385, column 41]
	- Reached through: @write_step step=nestedStep step_numb...  [in template "freemarker/default.ftl" in macro "write_step" at line 385, column 41]
	- Reached through: @write_step step=nestedStep step_numb...  [in template "freemarker/default.ftl" in macro "write_step" at line 385, column 41]
	- Reached through: @write_step step=nestedStep step_numb...  [in template "freemarker/default.ftl" in macro "write_step" at line 385, column 41]
	- Reached through: @write_step step=nestedStep step_numb...  [in template "freemarker/default.ftl" in macro "write_step" at line 385, column 41]
	- Reached through: @write_step step=nestedStep step_numb...  [in template "freemarker/default.ftl" in macro "write_step" at line 385, column 41]
	- Reached through: @write_step step=nestedStep step_numb...  [in template "freemarker/default.ftl" in macro "write_step" at line 385, column 41]
	- Reached through: @write_step step=nestedStep step_numb...  [in template "freemarker/default.ftl" in macro "write_step" at line 385, column 41]
	- Reached through: @write_step step=nestedStep step_numb...  [in template "freemarker/default.ftl" in macro "write_step" at line 385, column 41]
	- Reached through: @write_step step=nestedStep step_numb...  [in template "freemarker/default.ftl" in macro "write_step" at line 385, column 41]
	- Reached through: @write_step step=nestedStep step_numb...  [in template "freemarker/default.ftl" in macro "write_step" at line 385, column 41]
	- Reached through: @write_step step=nestedStep step_numb...  [in template "freemarker/default.ftl" in macro "write_step" at line 385, column 41]
	- Reached through: @write_step step=nestedStep step_numb...  [in template "freemarker/default.ftl" in macro "write_step" at line 385, column 41]
	- Reached through: @write_step step=nestedStep step_numb...  [in template "freemarker/default.ftl" in macro "write_step" at line 385, column 41]
	- Reached through: @write_step step=nestedStep step_numb...  [in template "freemarker/default.ftl" in macro "write_step" at line 385, column 41]
	- Reached through: @write_step step=nestedStep step_numb...  [in template "freemarker/default.ftl" in macro "write_step" at line 385, column 41]
	- Reached through: @write_step step=nestedStep step_numb...  [in template "freemarker/default.ftl" in macro "write_step" at line 385, column 41]
	- Reached through: @write_step step=nestedStep step_numb...  [in template "freemarker/default.ftl" in macro "write_step" at line 385, column 41]
	- Reached through: @write_step step=nestedStep step_numb...  [in template "freemarker/default.ftl" in macro "write_step" at line 385, column 41]
	- Reached through: @write_step step=nestedStep step_numb...  [in template "freemarker/default.ftl" in macro "write_step" at line 385, column 41]
	- Reached through: @write_step step=nestedStep step_numb...  [in template "freemarker/default.ftl" in macro "write_step" at line 385, column 41]
	- Reached through: @write_step step=nestedStep step_numb...  [in template "freemarker/default.ftl" in macro "write_step" at line 385, column 41]
	- Reached through: @write_step step=nestedStep step_numb...  [in template "freemarker/default.ftl" in macro "write_step" at line 385, column 41]
	- Reached through: @write_step step=nestedStep step_numb...  [in template "freemarker/default.ftl" in macro "write_step" at line 385, column 41]
	- Reached through: @write_step step=nestedStep step_numb...  [in template "freemarker/default.ftl" in macro "write_step" at line 385, column 41]
	- Reached through: @write_step step=nestedStep step_numb...  [in template "freemarker/default.ftl" in macro "write_step" at line 385, column 41]
	- Reached through: @write_step step=nestedStep step_numb...  [in template "freemarker/default.ftl" in macro "write_step" at line 385, column 41]
	- Reached through: @write_step step=nestedStep step_numb...  [in template "freemarker/default.ftl" in macro "write_step" at line 385, column 41]
	- Reached through: @write_step step=nestedStep step_numb...  [in template "freemarker/default.ftl" in macro "write_step" at line 385, column 41]
	- Reached through: @write_step step=nestedStep step_numb...  [in template "freemarker/default.ftl" in macro "write_step" at line 385, column 41]
	- Reached through: @write_step step=nestedStep step_numb...  [in template "freemarker/default.ftl" in macro "write_step" at line 385, column 41]
	- Reached through: @write_step step=nestedStep step_numb...  [in template "freemarker/default.ftl" in macro "write_step" at line 385, column 41]
	- Reached through: @write_step step=nestedStep step_numb...  [in template "freemarker/default.ftl" in macro "write_step" at line 385, column 41]
	- Reached through: @write_step step=nestedStep step_numb...  [in template "freemarker/default.ftl" in macro "write_step" at line 385, column 41]
	- Reached through: @write_step step=nestedStep step_numb...  [in template "freemarker/default.ftl" in macro "write_step" at line 385, column 41]
	- Reached through: @write_step step=nestedStep step_numb...  [in template "freemarker/default.ftl" in macro "write_step" at line 385, column 41]
	- Reached through: @write_step step=nestedStep step_numb...  [in template "freemarker/default.ftl" in macro "write_step" at line 385, column 41]
	- Reached through: @write_step step=nestedStep step_numb...  [in template "freemarker/default.ftl" in macro "write_step" at line 385, column 41]
	- Reached through: @write_step step=nestedStep step_numb...  [in template "freemarker/default.ftl" in macro "write_step" at line 385, column 41]
	- Reached through: @write_step step=nestedStep step_numb...  [in template "freemarker/default.ftl" in macro "write_step" at line 385, column 41]
	- Reached through: @write_step step=nestedStep step_numb...  [in template "freemarker/default.ftl" in macro "write_step" at line 385, column 41]
	- Reached through: @write_step step=nestedStep step_numb...  [in template "freemarker/default.ftl" in macro "write_step" at line 385, column 41]
	- Reached through: @write_step step=nestedStep step_numb...  [in template "freemarker/default.ftl" in macro "write_step" at line 385, column 41]
	- Reached through: @write_step step=nestedStep step_numb...  [in template "freemarker/default.ftl" in macro "write_step" at line 385, column 41]
	- Reached through: @write_step step=nestedStep step_numb...  [in template "freemarker/default.ftl" in macro "write_step" at line 385, column 41]
	- Reached through: @write_step step=nestedStep step_numb...  [in template "freemarker/default.ftl" in macro "write_step" at line 385, column 41]
	- Reached through: @write_step step=nestedStep step_numb...  [in template "freemarker/default.ftl" in macro "write_step" at line 385, column 41]
	- Reached through: @write_step step=nestedStep step_numb...  [in template "freemarker/default.ftl" in macro "write_step" at line 385, column 41]
	- Reached through: @write_step step=nestedStep step_numb...  [in template "freemarker/default.ftl" in macro "write_step" at line 385, column 41]
	- Reached through: @write_step step=nestedStep step_numb...  [in template "freemarker/default.ftl" in macro "write_step" at line 385, column 41]
	- Reached through: @write_step step=nestedStep step_numb...  [in template "freemarker/default.ftl" in macro "write_step" at line 385, column 41]
	- Reached through: @write_step step=nestedStep step_numb...  [in template "freemarker/default.ftl" in macro "write_step" at line 385, column 41]
	- Reached through: @write_step step=nestedStep step_numb...  [in template "freemarker/default.ftl" in macro "write_step" at line 385, column 41]
	- Reached through: @write_step step=nestedStep step_numb...  [in template "freemarker/default.ftl" in macro "write_step" at line 385, column 41]
	- Reached through: @write_step step=nestedStep step_numb...  [in template "freemarker/default.ftl" in macro "write_step" at line 385, column 41]
	- Reached through: @write_step step=nestedStep step_numb...  [in template "freemarker/default.ftl" in macro "write_step" at line 385, column 41]
	- Reached through: @write_step step=nestedStep step_numb...  [in template "freemarker/default.ftl" in macro "write_step" at line 385, column 41]
	- Reached through: @write_step step=nestedStep step_numb...  [in template "freemarker/default.ftl" in macro "write_step" at line 385, column 41]
	- Reached through: @write_step step=nestedStep step_numb...  [in template "freemarker/default.ftl" in macro "write_step" at line 385, column 41]
	- Reached through: @write_step step=nestedStep step_numb...  [in template "freemarker/default.ftl" in macro "write_step" at line 385, column 41]
	- Reached through: @write_step step=nestedStep step_numb...  [in template "freemarker/default.ftl" in macro "write_step" at line 385, column 41]
	- Reached through: @write_step step=nestedStep step_numb...  [in template "freemarker/default.ftl" in macro "write_step" at line 385, column 41]
	- Reached through: @write_step step=nestedStep step_numb...  [in template "freemarker/default.ftl" in macro "write_step" at line 385, column 41]
	- Reached through: @write_step step=nestedStep step_numb...  [in template "freemarker/default.ftl" in macro "write_step" at line 385, column 41]
	- Reached through: @write_step step=nestedStep step_numb...  [in template "freemarker/default.ftl" in macro "write_step" at line 385, column 41]
	- Reached through: @write_step step=nestedStep step_numb...  [in template "freemarker/default.ftl" in macro "write_step" at line 385, column 41]
	- Reached through: @write_step step=nestedStep step_numb...  [in template "freemarker/default.ftl" in macro "write_step" at line 385, column 41]
	- Reached through: @write_step step=nestedStep step_numb...  [in template "freemarker/default.ftl" in macro "write_step" at line 385, column 41]
	- Reached through: @write_step step=nestedStep step_numb...  [in template "freemarker/default.ftl" in macro "write_step" at line 385, column 41]
	- Reached through: @write_step step=nestedStep step_numb...  [in template "freemarker/default.ftl" in macro "write_step" at line 385, column 41]
	- Reached through: @write_step step=nestedStep step_numb...  [in template "freemarker/default.ftl" in macro "write_step" at line 385, column 41]
	- Reached through: @write_step step=nestedStep step_numb...  [in template "freemarker/default.ftl" in macro "write_step" at line 385, column 41]
	- Reached through: @write_step step=nestedStep step_numb...  [in template "freemarker/default.ftl" in macro "write_step" at line 385, column 41]
	- Reached through: @write_step step=nestedStep step_numb...  [in template "freemarker/default.ftl" in macro "write_step" at line 385, column 41]
	- Reached through: @write_step step=nestedStep step_numb...  [in template "freemarker/default.ftl" in macro "write_step" at line 385, column 41]
	- Reached through: @write_step step=nestedStep step_numb...  [in template "freemarker/default.ftl" in macro "write_step" at line 385, column 41]
	- Reached through: @write_step step=nestedStep step_numb...  [in template "freemarker/default.ftl" in macro "write_step" at line 385, column 41]
	- Reached through: @write_step step=nestedStep step_numb...  [in template "freemarker/default.ftl" in macro "write_step" at line 385, column 41]
	- Reached through: @write_step step=nestedStep step_numb...  [in template "freemarker/default.ftl" in macro "write_step" at line 385, column 41]
	- Reached through: @write_step step=nestedStep step_numb...  [in template "freemarker/default.ftl" in macro "write_step" at line 385, column 41]
	- Reached through: @write_step step=nestedStep step_numb...  [in template "freemarker/default.ftl" in macro "write_step" at line 385, column 41]
	- Reached through: @write_step step=nestedStep step_numb...  [in template "freemarker/default.ftl" in macro "write_step" at line 385, column 41]
	- Reached through: @write_step step=nestedStep step_numb...  [in template "freemarker/default.ftl" in macro "write_step" at line 385, column 41]
	- Reached through: @write_step step=nestedStep step_numb...  [in template "freemarker/default.ftl" in macro "write_step" at line 385, column 41]
	- Reached through: @write_step step=nestedStep step_numb...  [in template "freemarker/default.ftl" in macro "write_step" at line 385, column 41]
	- Reached through: @write_step step=nestedStep step_numb...  [in template "freemarker/default.ftl" in macro "write_step" at line 385, column 41]
	- Reached through: @write_step step=nestedStep step_numb...  [in template "freemarker/default.ftl" in macro "write_step" at line 385, column 41]
	- Reached through: @write_step step=nestedStep step_numb...  [in template "freemarker/default.ftl" in macro "write_step" at line 385, column 41]
	- Reached through: @write_step step=nestedStep step_numb...  [in template "freemarker/default.ftl" in macro "write_step" at line 385, column 41]
	- Reached through: @write_step step=nestedStep step_numb...  [in template "freemarker/default.ftl" in macro "write_step" at line 385, column 41]
	- Reached through: @write_step step=nestedStep step_numb...  [in template "freemarker/default.ftl" in macro "write_step" at line 385, column 41]
	- Reached through: @write_step step=nestedStep step_numb...  [in template "freemarker/default.ftl" in macro "write_step" at line 385, column 41]
	- Reached through: @write_step step=nestedStep step_numb...  [in template "freemarker/default.ftl" in macro "write_step" at line 385, column 41]
	- Reached through: @write_step step=nestedStep step_numb...  [in template "freemarker/default.ftl" in macro "write_step" at line 385, column 41]
	- Reached through: @write_step step=nestedStep step_numb...  [in template "freemarker/default.ftl" in macro "write_step" at line 385, column 41]
	- Reached through: @write_step step=nestedStep step_numb...  [in template "freemarker/default.ftl" in macro "write_step" at line 385, column 41]
	- Reached through: @write_step step=nestedStep step_numb...  [in template "freemarker/default.ftl" in macro "write_step" at line 385, column 41]
	- Reached through: @write_step step=nestedStep step_numb...  [in template "freemarker/default.ftl" in macro "write_step" at line 385, column 41]
	- Reached through: @write_step step=nestedStep step_numb...  [in template "freemarker/default.ftl" in macro "write_step" at line 385, column 41]
	- Reached through: @write_step step=nestedStep step_numb...  [in template "freemarker/default.ftl" in macro "write_step" at line 385, column 41]
	- Reached through: @write_step step=nestedStep step_numb...  [in template "freemarker/default.ftl" in macro "write_step" at line 385, column 41]
	- Reached through: @write_step step=nestedStep step_numb...  [in template "freemarker/default.ftl" in macro "write_step" at line 385, column 41]
	- Reached through: @write_step step=nestedStep step_numb...  [in template "freemarker/default.ftl" in macro "write_step" at line 385, column 41]
	- Reached through: @write_step step=nestedStep step_numb...  [in template "freemarker/default.ftl" in macro "write_step" at line 385, column 41]
	- Reached through: @write_step step=nestedStep step_numb...  [in template "freemarker/default.ftl" in macro "write_step" at line 385, column 41]
	- Reached through: @write_step step=nestedStep step_numb...  [in template "freemarker/default.ftl" in macro "write_step" at line 385, column 41]
	- Reached through: @write_step step=nestedStep step_numb...  [in template "freemarker/default.ftl" in macro "write_step" at line 385, column 41]
	- Reached through: @write_step step=nestedStep step_numb...  [in template "freemarker/default.ftl" in macro "write_step" at line 385, column 41]
	- Reached through: @write_step step=nestedStep step_numb...  [in template "freemarker/default.ftl" in macro "write_step" at line 385, column 41]
	- Reached through: @write_step step=nestedStep step_numb...  [in template "freemarker/default.ftl" in macro "write_step" at line 385, column 41]
	- Reached through: @write_step step=nestedStep step_numb...  [in template "freemarker/default.ftl" in macro "write_step" at line 385, column 41]
	- Reached through: @write_step step=nestedStep step_numb...  [in template "freemarker/default.ftl" in macro "write_step" at line 385, column 41]
	- Reached through: @write_step step=nestedStep step_numb...  [in template "freemarker/default.ftl" in macro "write_step" at line 385, column 41]
	- Reached through: @write_step step=nestedStep step_numb...  [in template "freemarker/default.ftl" in macro "write_step" at line 385, column 41]
	- Reached through: @write_step step=nestedStep step_numb...  [in template "freemarker/default.ftl" in macro "write_step" at line 385, column 41]
	- Reached through: @write_step step=nestedStep step_numb...  [in template "freemarker/default.ftl" in macro "write_step" at line 385, column 41]
	- Reached through: @write_step step=nestedStep step_numb...  [in template "freemarker/default.ftl" in macro "write_step" at line 385, column 41]
	- Reached through: @write_step step=nestedStep step_numb...  [in template "freemarker/default.ftl" in macro "write_step" at line 385, column 41]
	- Reached through: @write_step step=nestedStep step_numb...  [in template "freemarker/default.ftl" in macro "write_step" at line 385, column 41]
	- Reached through: @write_step step=nestedStep step_numb...  [in template "freemarker/default.ftl" in macro "write_step" at line 385, column 41]
	- Reached through: @write_step step=nestedStep step_numb...  [in template "freemarker/default.ftl" in macro "write_step" at line 385, column 41]
	- Reached through: @write_step step=nestedStep step_numb...  [in template "freemarker/default.ftl" in macro "write_step" at line 385, column 41]
	- Reached through: @write_step step=nestedStep step_numb...  [in template "freemarker/default.ftl" in macro "write_step" at line 385, column 41]
	- Reached through: @write_step step=nestedStep step_numb...  [in template "freemarker/default.ftl" in macro "write_step" at line 385, column 41]
	- Reached through: @write_step step=nestedStep step_numb...  [in template "freemarker/default.ftl" in macro "write_step" at line 385, column 41]
	- Reached through: @write_step step=nestedStep step_numb...  [in template "freemarker/default.ftl" in macro "write_step" at line 385, column 41]
	- Reached through: @write_step step=nestedStep step_numb...  [in template "freemarker/default.ftl" in macro "write_step" at line 385, column 41]
	- Reached through: @write_step step=nestedStep step_numb...  [in template "freemarker/default.ftl" in macro "write_step" at line 385, column 41]
	- Reached through: @write_step step=nestedStep step_numb...  [in template "freemarker/default.ftl" in macro "write_step" at line 385, column 41]
	- Reached through: @write_step step=nestedStep step_numb...  [in template "freemarker/default.ftl" in macro "write_step" at line 385, column 41]
	- Reached through: @write_step step=nestedStep step_numb...  [in template "freemarker/default.ftl" in macro "write_step" at line 385, column 41]
	- Reached through: @write_step step=nestedStep step_numb...  [in template "freemarker/default.ftl" in macro "write_step" at line 385, column 41]
	- Reached through: @write_step step=nestedStep step_numb...  [in template "freemarker/default.ftl" in macro "write_step" at line 385, column 41]
	- Reached through: @write_step step=nestedStep step_numb...  [in template "freemarker/default.ftl" in macro "write_step" at line 385, column 41]
	- Reached through: @write_step step=nestedStep step_numb...  [in template "freemarker/default.ftl" in macro "write_step" at line 385, column 41]
	- Reached through: @write_step step=nestedStep step_numb...  [in template "freemarker/default.ftl" in macro "write_step" at line 385, column 41]
	- Reached through: @write_step step=nestedStep step_numb...  [in template "freemarker/default.ftl" in macro "write_step" at line 385, column 41]
	- Reached through: @write_step step=nestedStep step_numb...  [in template "freemarker/default.ftl" in macro "write_step" at line 385, column 41]
	- Reached through: @write_step step=nestedStep step_numb...  [in template "freemarker/default.ftl" in macro "write_step" at line 385, column 41]
	- Reached through: @write_step step=nestedStep step_numb...  [in template "freemarker/default.ftl" in macro "write_step" at line 385, column 41]
	- Reached through: @write_step step=nestedStep step_numb...  [in template "freemarker/default.ftl" in macro "write_step" at line 385, column 41]
	- Reached through: @write_step step=nestedStep step_numb...  [in template "freemarker/default.ftl" in macro "write_step" at line 385, column 41]
	- Reached through: @write_step step=nestedStep step_numb...  [in template "freemarker/default.ftl" in macro "write_step" at line 385, column 41]
	- Reached through: @write_step step=nestedStep step_numb...  [in template "freemarker/default.ftl" in macro "write_step" at line 385, column 41]
	- Reached through: @write_step step=nestedStep step_numb...  [in template "freemarker/default.ftl" in macro "write_step" at line 385, column 41]
	- Reached through: @write_step step=nestedStep step_numb...  [in template "freemarker/default.ftl" in macro "write_step" at line 385, column 41]
	- Reached through: @write_step step=nestedStep step_numb...  [in template "freemarker/default.ftl" in macro "write_step" at line 385, column 41]
	- Reached through: @write_step step=nestedStep step_numb...  [in template "freemarker/default.ftl" in macro "write_step" at line 385, column 41]
	- Reached through: @write_step step=nestedStep step_numb...  [in template "freemarker/default.ftl" in macro "write_step" at line 385, column 41]
	- Reached through: @write_step step=nestedStep step_numb...  [in template "freemarker/default.ftl" in macro "write_step" at line 385, column 41]
	- Reached through: @write_step step=nestedStep step_numb...  [in template "freemarker/default.ftl" in macro "write_step" at line 385, column 41]
	- Reached through: @write_step step=nestedStep step_numb...  [in template "freemarker/default.ftl" in macro "write_step" at line 385, column 41]
	- Reached through: @write_step step=nestedStep step_numb...  [in template "freemarker/default.ftl" in macro "write_step" at line 385, column 41]
	- Reached through: @write_step step=nestedStep step_numb...  [in template "freemarker/default.ftl" in macro "write_step" at line 385, column 41]
	- Reached through: @write_step step=nestedStep step_numb...  [in template "freemarker/default.ftl" in macro "write_step" at line 385, column 41]
	- Reached through: @write_step step=nestedStep step_numb...  [in template "freemarker/default.ftl" in macro "write_step" at line 385, column 41]
	- Reached through: @write_step step=nestedStep step_numb...  [in template "freemarker/default.ftl" in macro "write_step" at line 385, column 41]
	- Reached through: @write_step step=nestedStep step_numb...  [in template "freemarker/default.ftl" in macro "write_step" at line 385, column 41]
	- Reached through: @write_step step=nestedStep step_numb...  [in template "freemarker/default.ftl" in macro "write_step" at line 385, column 41]
	- Reached through: @write_step step=nestedStep step_numb...  [in template "freemarker/default.ftl" in macro "write_step" at line 385, column 41]
	- Reached through: @write_step step=nestedStep step_numb...  [in template "freemarker/default.ftl" in macro "write_step" at line 385, column 41]
	- Reached through: @write_step step=nestedStep step_numb...  [in template "freemarker/default.ftl" in macro "write_step" at line 385, column 41]
	- Reached through: @write_step step=nestedStep step_numb...  [in template "freemarker/default.ftl" in macro "write_step" at line 385, column 41]
	- Reached through: @write_step step=nestedStep step_numb...  [in template "freemarker/default.ftl" in macro "write_step" at line 385, column 41]
	- Reached through: @write_step step=nestedStep step_numb...  [in template "freemarker/default.ftl" in macro "write_step" at line 385, column 41]
	- Reached through: @write_step step=nestedStep step_numb...  [in template "freemarker/default.ftl" in macro "write_step" at line 385, column 41]
	- Reached through: @write_step step=nestedStep step_numb...  [in template "freemarker/default.ftl" in macro "write_step" at line 385, column 41]
	- Reached through: @write_step step=nestedStep step_numb...  [in template "freemarker/default.ftl" in macro "write_step" at line 385, column 41]
	- Reached through: @write_step step=nestedStep step_numb...  [in template "freemarker/default.ftl" in macro "write_step" at line 385, column 41]
	- Reached through: @write_step step=nestedStep step_numb...  [in template "freemarker/default.ftl" in macro "write_step" at line 385, column 41]
	- Reached through: @write_step step=nestedStep step_numb...  [in template "freemarker/default.ftl" in macro "write_step" at line 385, column 41]
	- Reached through: @write_step step=nestedStep step_numb...  [in template "freemarker/default.ftl" in macro "write_step" at line 385, column 41]
	- Reached through: @write_step step=nestedStep step_numb...  [in template "freemarker/default.ftl" in macro "write_step" at line 385, column 41]
	- Reached through: @write_step step=nestedStep step_numb...  [in template "freemarker/default.ftl" in macro "write_step" at line 385, column 41]
	- Reached through: @write_step step=nestedStep step_numb...  [in template "freemarker/default.ftl" in macro "write_step" at line 385, column 41]
	- Reached through: @write_step step=nestedStep step_numb...  [in template "freemarker/default.ftl" in macro "write_step" at line 385, column 41]
	- Reached through: @write_step step=nestedStep step_numb...  [in template "freemarker/default.ftl" in macro "write_step" at line 385, column 41]
	- Reached through: @write_step step=nestedStep step_numb...  [in template "freemarker/default.ftl" in macro "write_step" at line 385, column 41]
	- Reached through: @write_step step=nestedStep step_numb...  [in template "freemarker/default.ftl" in macro "write_step" at line 385, column 41]
	- Reached through: @write_step step=nestedStep step_numb...  [in template "freemarker/default.ftl" in macro "write_step" at line 385, column 41]
	- Reached through: @write_step step=nestedStep step_numb...  [in template "freemarker/default.ftl" in macro "write_step" at line 385, column 41]
	- Reached through: @write_step step=nestedStep step_numb...  [in template "freemarker/default.ftl" in macro "write_step" at line 385, column 41]
	- Reached through: @write_step step=nestedStep step_numb...  [in template "freemarker/default.ftl" in macro "write_step" at line 385, column 41]
	- Reached through: @write_step step=nestedStep step_numb...  [in template "freemarker/default.ftl" in macro "write_step" at line 385, column 41]
	- Reached through: @write_step step=nestedStep step_numb...  [in template "freemarker/default.ftl" in macro "write_step" at line 385, column 41]
	- Reached through: @write_step step=nestedStep step_numb...  [in template "freemarker/default.ftl" in macro "write_step" at line 385, column 41]
	- Reached through: @write_step step=nestedStep step_numb...  [in template "freemarker/default.ftl" in macro "write_step" at line 385, column 41]
	- Reached through: @write_step step=nestedStep step_numb...  [in template "freemarker/default.ftl" in macro "write_step" at line 385, column 41]
	- Reached through: @write_step step=nestedStep step_numb...  [in template "freemarker/default.ftl" in macro "write_step" at line 385, column 41]
	- Reached through: @write_step step=nestedStep step_numb...  [in template "freemarker/default.ftl" in macro "write_step" at line 385, column 41]
	- Reached through: @write_step step=nestedStep step_numb...  [in template "freemarker/default.ftl" in macro "write_step" at line 385, column 41]
	- Reached through: @write_step step=nestedStep step_numb...  [in template "freemarker/default.ftl" in macro "write_step" at line 385, column 41]
	- Reached through: @write_step step=nestedStep step_numb...  [in template "freemarker/default.ftl" in macro "write_step" at line 385, column 41]
	- Reached through: @write_step step=nestedStep step_numb...  [in template "freemarker/default.ftl" in macro "write_step" at line 385, column 41]
	- Reached through: @write_step step=nestedStep step_numb...  [in template "freemarker/default.ftl" in macro "write_step" at line 385, column 41]
	- Reached through: @write_step step=nestedStep step_numb...  [in template "freemarker/default.ftl" in macro "write_step" at line 385, column 41]
	- Reached through: @write_step step=nestedStep step_numb...  [in template "freemarker/default.ftl" in macro "write_step" at line 385, column 41]
	- Reached through: @write_step step=nestedStep step_numb...  [in template "freemarker/default.ftl" in macro "write_step" at line 385, column 41]
	- Reached through: @write_step step=nestedStep step_numb...  [in template "freemarker/default.ftl" in macro "write_step" at line 385, column 41]
	- Reached through: @write_step step=nestedStep step_numb...  [in template "freemarker/default.ftl" in macro "write_step" at line 385, column 41]
	- Reached through: @write_step step=nestedStep step_numb...  [in template "freemarker/default.ftl" in macro "write_step" at line 385, column 41]
	- Reached through: @write_step step=nestedStep step_numb...  [in template "freemarker/default.ftl" in macro "write_step" at line 385, column 41]
	- Reached through: @write_step step=nestedStep step_numb...  [in template "freemarker/default.ftl" in macro "write_step" at line 385, column 41]
	- Reached through: @write_step step=nestedStep step_numb...  [in template "freemarker/default.ftl" in macro "write_step" at line 385, column 41]
	- Reached through: @write_step step=nestedStep step_numb...  [in template "freemarker/default.ftl" in macro "write_step" at line 385, column 41]
	- Reached through: @write_step step=nestedStep step_numb...  [in template "freemarker/default.ftl" in macro "write_step" at line 385, column 41]
	- Reached through: @write_step step=nestedStep step_numb...  [in template "freemarker/default.ftl" in macro "write_step" at line 385, column 41]
	- Reached through: @write_step step=nestedStep step_numb...  [in template "freemarker/default.ftl" in macro "write_step" at line 385, column 41]
	- Reached through: @write_step step=nestedStep step_numb...  [in template "freemarker/default.ftl" in macro "write_step" at line 385, column 41]
	- Reached through: @write_step step=nestedStep step_numb...  [in template "freemarker/default.ftl" in macro "write_step" at line 385, column 41]
	- Reached through: @write_step step=nestedStep step_numb...  [in template "freemarker/default.ftl" in macro "write_step" at line 385, column 41]
	- Reached through: @write_step step=nestedStep step_numb...  [in template "freemarker/default.ftl" in macro "write_step" at line 385, column 41]
	- Reached through: @write_step step=nestedStep step_numb...  [in template "freemarker/default.ftl" in macro "write_step" at line 385, column 41]
	- Reached through: @write_step step=nestedStep step_numb...  [in template "freemarker/default.ftl" in macro "write_step" at line 385, column 41]
	- Reached through: @write_step step=nestedStep step_numb...  [in template "freemarker/default.ftl" in macro "write_step" at line 385, column 41]
	- Reached through: @write_step step=nestedStep step_numb...  [in template "freemarker/default.ftl" in macro "write_step" at line 385, column 41]
	- Reached through: @write_step step=nestedStep step_numb...  [in template "freemarker/default.ftl" in macro "write_step" at line 385, column 41]
	- Reached through: @write_step step=nestedStep step_numb...  [in template "freemarker/default.ftl" in macro "write_step" at line 385, column 41]
	- Reached through: @write_step step=nestedStep step_numb...  [in template "freemarker/default.ftl" in macro "write_step" at line 385, column 41]
	- Reached through: @write_step step=nestedStep step_numb...  [in template "freemarker/default.ftl" in macro "write_step" at line 385, column 41]
	- Reached through: @write_step step=nestedStep step_numb...  [in template "freemarker/default.ftl" in macro "write_step" at line 385, column 41]
	- Reached through: @write_step step=nestedStep step_numb...  [in template "freemarker/default.ftl" in macro "write_step" at line 385, column 41]
	- Reached through: @write_step step=nestedStep step_numb...  [in template "freemarker/default.ftl" in macro "write_step" at line 385, column 41]
	- Reached through: @write_step step=nestedStep step_numb...  [in template "freemarker/default.ftl" in macro "write_step" at line 385, column 41]
	- Reached through: @write_step step=nestedStep step_numb...  [in template "freemarker/default.ftl" in macro "write_step" at line 385, column 41]
	- Reached through: @write_step step=nestedStep step_numb...  [in template "freemarker/default.ftl" in macro "write_step" at line 385, column 41]
	- Reached through: @write_step step=nestedStep step_numb...  [in template "freemarker/default.ftl" in macro "write_step" at line 385, column 41]
	- Reached through: @write_step step=nestedStep step_numb...  [in template "freemarker/default.ftl" in macro "write_step" at line 385, column 41]
	- Reached through: @write_step step=nestedStep step_numb...  [in template "freemarker/default.ftl" in macro "write_step" at line 385, column 41]
	- Reached through: @write_step step=nestedStep step_numb...  [in template "freemarker/default.ftl" in macro "write_step" at line 385, column 41]
	- Reached through: @write_step step=nestedStep step_numb...  [in template "freemarker/default.ftl" in macro "write_step" at line 385, column 41]
	- Reached through: @write_step step=nestedStep step_numb...  [in template "freemarker/default.ftl" in macro "write_step" at line 385, column 41]
	- Reached through: @write_step step=nestedStep step_numb...  [in template "freemarker/default.ftl" in macro "write_step" at line 385, column 41]
	- Reached through: @write_step step=nestedStep step_numb...  [in template "freemarker/default.ftl" in macro "write_step" at line 385, column 41]
	- Reached through: @write_step step=nestedStep step_numb...  [in template "freemarker/default.ftl" in macro "write_step" at line 385, column 41]
	- Reached through: @write_step step=nestedStep step_numb...  [in template "freemarker/default.ftl" in macro "write_step" at line 385, column 41]
	- Reached through: @write_step step=nestedStep step_numb...  [in template "freemarker/default.ftl" in macro "write_step" at line 385, column 41]
	- Reached through: @write_step step=nestedStep step_numb...  [in template "freemarker/default.ftl" in macro "write_step" at line 385, column 41]
	- Reached through: @write_step step=nestedStep step_numb...  [in template "freemarker/default.ftl" in macro "write_step" at line 385, column 41]
	- Reached through: @write_step step=nestedStep step_numb...  [in template "freemarker/default.ftl" in macro "write_step" at line 385, column 41]
	- Reached through: @write_step step=nestedStep step_numb...  [in template "freemarker/default.ftl" in macro "write_step" at line 385, column 41]
	- Reached through: @write_step step=nestedStep step_numb...  [in template "freemarker/default.ftl" in macro "write_step" at line 385, column 41]
	- Reached through: @write_step step=nestedStep step_numb...  [in template "freemarker/default.ftl" in macro "write_step" at line 385, column 41]
	- Reached through: @write_step step=nestedStep step_numb...  [in template "freemarker/default.ftl" in macro "write_step" at line 385, column 41]
	- Reached through: @write_step step=nestedStep step_numb...  [in template "freemarker/default.ftl" in macro "write_step" at line 385, column 41]
	- Reached through: @write_step step=nestedStep step_numb...  [in template "freemarker/default.ftl" in macro "write_step" at line 385, column 41]
	- Reached through: @write_step step=nestedStep step_numb...  [in template "freemarker/default.ftl" in macro "write_step" at line 385, column 41]
	- Reached through: @write_step step=nestedStep step_numb...  [in template "freemarker/default.ftl" in macro "write_step" at line 385, column 41]
	- Reached through: @write_step step=nestedStep step_numb...  [in template "freemarker/default.ftl" in macro "write_step" at line 385, column 41]
	- Reached through: @write_step step=nestedStep step_numb...  [in template "freemarker/default.ftl" in macro "write_step" at line 385, column 41]
	- Reached through: @write_step step=nestedStep step_numb...  [in template "freemarker/default.ftl" in macro "write_step" at line 385, column 41]
	- Reached through: @write_step step=nestedStep step_numb...  [in template "freemarker/default.ftl" in macro "write_step" at line 385, column 41]
	- Reached through: @write_step step=nestedStep step_numb...  [in template "freemarker/default.ftl" in macro "write_step" at line 385, column 41]
	- Reached through: @write_step step=nestedStep step_numb...  [in template "freemarker/default.ftl" in macro "write_step" at line 385, column 41]
	- Reached through: @write_step step=nestedStep step_numb...  [in template "freemarker/default.ftl" in macro "write_step" at line 385, column 41]
	- Reached through: @write_step step=nestedStep step_numb...  [in template "freemarker/default.ftl" in macro "write_step" at line 385, column 41]
	- Reached through: @write_step step=nestedStep step_numb...  [in template "freemarker/default.ftl" in macro "write_step" at line 385, column 41]
	- Reached through: @write_step step=nestedStep step_numb...  [in template "freemarker/default.ftl" in macro "write_step" at line 385, column 41]
	- Reached through: @write_step step=nestedStep step_numb...  [in template "freemarker/default.ftl" in macro "write_step" at line 385, column 41]
	- Reached through: @write_step step=nestedStep step_numb...  [in template "freemarker/default.ftl" in macro "write_step" at line 385, column 41]
	- Reached through: @write_step step=nestedStep step_numb...  [in template "freemarker/default.ftl" in macro "write_step" at line 385, column 41]
	- Reached through: @write_step step=nestedStep step_numb...  [in template "freemarker/default.ftl" in macro "write_step" at line 385, column 41]
	- Reached through: @write_step step=nestedStep step_numb...  [in template "freemarker/default.ftl" in macro "write_step" at line 385, column 41]
	- Reached through: @write_step step=nestedStep step_numb...  [in template "freemarker/default.ftl" in macro "write_step" at line 385, column 41]
	- Reached through: @write_step step=nestedStep step_numb...  [in template "freemarker/default.ftl" in macro "write_step" at line 385, column 41]
	- Reached through: @write_step step=nestedStep step_numb...  [in template "freemarker/default.ftl" in macro "write_step" at line 385, column 41]
	- Reached through: @write_step step=nestedStep step_numb...  [in template "freemarker/default.ftl" in macro "write_step" at line 385, column 41]
	- Reached through: @write_step step=nestedStep step_numb...  [in template "freemarker/default.ftl" in macro "write_step" at line 385, column 41]
	- Reached through: @write_step step=nestedStep step_numb...  [in template "freemarker/default.ftl" in macro "write_step" at line 385, column 41]
	- Reached through: @write_step step=nestedStep step_numb...  [in template "freemarker/default.ftl" in macro "write_step" at line 385, column 41]
	- Reached through: @write_step step=nestedStep step_numb...  [in template "freemarker/default.ftl" in macro "write_step" at line 385, column 41]
	- Reached through: @write_step step=nestedStep step_numb...  [in template "freemarker/default.ftl" in macro "write_step" at line 385, column 41]
	- Reached through: @write_step step=nestedStep step_numb...  [in template "freemarker/default.ftl" in macro "write_step" at line 385, column 41]
	- Reached through: @write_step step=nestedStep step_numb...  [in template "freemarker/default.ftl" in macro "write_step" at line 385, column 41]
	- Reached through: @write_step step=nestedStep step_numb...  [in template "freemarker/default.ftl" in macro "write_step" at line 385, column 41]
	- Reached through: @write_step step=nestedStep step_numb...  [in template "freemarker/default.ftl" in macro "write_step" at line 385, column 41]
	- Reached through: @write_step step=nestedStep step_numb...  [in template "freemarker/default.ftl" in macro "write_step" at line 385, column 41]
	- Reached through: @write_step step=nestedStep step_numb...  [in template "freemarker/default.ftl" in macro "write_step" at line 385, column 41]
	- Reached through: @write_step step=nestedStep step_numb...  [in template "freemarker/default.ftl" in macro "write_step" at line 385, column 41]
	- Reached through: @write_step step=nestedStep step_numb...  [in template "freemarker/default.ftl" in macro "write_step" at line 385, column 41]
	- Reached through: @write_step step=nestedStep step_numb...  [in template "freemarker/default.ftl" in macro "write_step" at line 385, column 41]
	- Reached through: @write_step step=nestedStep step_numb...  [in template "freemarker/default.ftl" in macro "write_step" at line 385, column 41]
	- Reached through: @write_step step=nestedStep step_numb...  [in template "freemarker/default.ftl" in macro "write_step" at line 385, column 41]
	- Reached through: @write_step step=nestedStep step_numb...  [in template "freemarker/default.ftl" in macro "write_step" at line 385, column 41]
	- Reached through: @write_step step=nestedStep step_numb...  [in template "freemarker/default.ftl" in macro "write_step" at line 385, column 41]
	- Reached through: @write_step step=nestedStep step_numb...  [in template "freemarker/default.ftl" in macro "write_step" at line 385, column 41]
	- Reached through: @write_step step=nestedStep step_numb...  [in template "freemarker/default.ftl" in macro "write_step" at line 385, column 41]
	- Reached through: @write_step step=nestedStep step_numb...  [in template "freemarker/default.ftl" in macro "write_step" at line 385, column 41]
	- Reached through: @write_step step=nestedStep step_numb...  [in template "freemarker/default.ftl" in macro "write_step" at line 385, column 41]
	- Reached through: @write_step step=nestedStep step_numb...  [in template "freemarker/default.ftl" in macro "write_step" at line 385, column 41]
	- Reached through: @write_step step=nestedStep step_numb...  [in template "freemarker/default.ftl" in macro "write_step" at line 385, column 41]
	- Reached through: @write_step step=nestedStep step_numb...  [in template "freemarker/default.ftl" in macro "write_step" at line 385, column 41]
	- Reached through: @write_step step=nestedStep step_numb...  [in template "freemarker/default.ftl" in macro "write_step" at line 385, column 41]
	- Reached through: @write_step step=nestedStep step_numb...  [in template "freemarker/default.ftl" in macro "write_step" at line 385, column 41]
	- Reached through: @write_step step=nestedStep step_numb...  [in template "freemarker/default.ftl" in macro "write_step" at line 385, column 41]
	- Reached through: @write_step step=nestedStep step_numb...  [in template "freemarker/default.ftl" in macro "write_step" at line 385, column 41]
	- Reached through: @write_step step=nestedStep step_numb...  [in template "freemarker/default.ftl" in macro "write_step" at line 385, column 41]
	- Reached through: @write_step step=nestedStep step_numb...  [in template "freemarker/default.ftl" in macro "write_step" at line 385, column 41]
	- Reached through: @write_step step=nestedStep step_numb...  [in template "freemarker/default.ftl" in macro "write_step" at line 385, column 41]
	- Reached through: @write_step step=nestedStep step_numb...  [in template "freemarker/default.ftl" in macro "write_step" at line 385, column 41]
	- Reached through: @write_step step=nestedStep step_numb...  [in template "freemarker/default.ftl" in macro "write_step" at line 385, column 41]
	- Reached through: @write_step step=nestedStep step_numb...  [in template "freemarker/default.ftl" in macro "write_step" at line 385, column 41]
	- Reached through: @write_step step=nestedStep step_numb...  [in template "freemarker/default.ftl" in macro "write_step" at line 385, column 41]
	- Reached through: @write_step step=nestedStep step_numb...  [in template "freemarker/default.ftl" in macro "write_step" at line 385, column 41]
	- Reached through: @write_step step=nestedStep step_numb...  [in template "freemarker/default.ftl" in macro "write_step" at line 385, column 41]
	- Reached through: @write_step step=nestedStep step_numb...  [in template "freemarker/default.ftl" in macro "write_step" at line 385, column 41]
	- Reached through: @write_step step=nestedStep step_numb...  [in template "freemarker/default.ftl" in macro "write_step" at line 385, column 41]
	- Reached through: @write_step step=nestedStep step_numb...  [in template "freemarker/default.ftl" in macro "write_step" at line 385, column 41]
	- Reached through: @write_step step=nestedStep step_numb...  [in template "freemarker/default.ftl" in macro "write_step" at line 385, column 41]
	- Reached through: @write_step step=nestedStep step_numb...  [in template "freemarker/default.ftl" in macro "write_step" at line 385, column 41]
	- Reached through: @write_step step=nestedStep step_numb...  [in template "freemarker/default.ftl" in macro "write_step" at line 385, column 41]
	- Reached through: @write_step step=nestedStep step_numb...  [in template "freemarker/default.ftl" in macro "write_step" at line 385, column 41]
	- Reached through: @write_step step=nestedStep step_numb...  [in template "freemarker/default.ftl" in macro "write_step" at line 385, column 41]
	- Reached through: @write_step step=nestedStep step_numb...  [in template "freemarker/default.ftl" in macro "write_step" at line 385, column 41]
	- Reached through: @write_step step=nestedStep step_numb...  [in template "freemarker/default.ftl" in macro "write_step" at line 385, column 41]
	- Reached through: @write_step step=nestedStep step_numb...  [in template "freemarker/default.ftl" in macro "write_step" at line 385, column 41]
	- Reached through: @write_step step=nestedStep step_numb...  [in template "freemarker/default.ftl" in macro "write_step" at line 385, column 41]
	- Reached through: @write_step step=nestedStep step_numb...  [in template "freemarker/default.ftl" in macro "write_step" at line 385, column 41]
	- Reached through: @write_step step=nestedStep step_numb...  [in template "freemarker/default.ftl" in macro "write_step" at line 385, column 41]
	- Reached through: @write_step step=nestedStep step_numb...  [in template "freemarker/default.ftl" in macro "write_step" at line 385, column 41]
	- Reached through: @write_step step=nestedStep step_numb...  [in template "freemarker/default.ftl" in macro "write_step" at line 385, column 41]
	- Reached through: @write_step step=nestedStep step_numb...  [in template "freemarker/default.ftl" in macro "write_step" at line 385, column 41]
	- Reached through: @write_step step=nestedStep step_numb...  [in template "freemarker/default.ftl" in macro "write_step" at line 385, column 41]
	- Reached through: @write_step step=nestedStep step_numb...  [in template "freemarker/default.ftl" in macro "write_step" at line 385, column 41]
	- Reached through: @write_step step=step step_number=ste...  [in template "freemarker/default.ftl" at line 597, column 17]
----

Java stack trace (for programmers):
----
freemarker.core._TemplateModelException: [... Exception message was already printed; see it above ...]
	at freemarker.ext.beans._MethodUtil.newInvocationTemplateModelException(_MethodUtil.java:292)
	at freemarker.ext.beans._MethodUtil.newInvocationTemplateModelException(_MethodUtil.java:255)
	at freemarker.ext.beans.SimpleMethodModel.exec(SimpleMethodModel.java:78)
	at freemarker.core.MethodCall._eval(MethodCall.java:62)
	at freemarker.core.Expression.eval(Expression.java:101)
	at freemarker.core.Expression.evalToBoolean(Expression.java:177)
	at freemarker.core.Expression.evalToBoolean(Expression.java:163)
	at freemarker.core.ConditionalBlock.accept(ConditionalBlock.java:48)
	at freemarker.core.Environment.visit(Environment.java:383)
	at freemarker.core.Environment.invokeMacroOrFunctionCommonPart(Environment.java:889)
	at freemarker.core.Environment.invokeMacro(Environment.java:825)
	at freemarker.core.UnifiedCall.accept(UnifiedCall.java:84)
	at freemarker.core.Environment.visit(Environment.java:383)
	at freemarker.core.Environment.invokeMacroOrFunctionCommonPart(Environment.java:889)
	at freemarker.core.Environment.invokeMacro(Environment.java:825)
	at freemarker.core.UnifiedCall.accept(UnifiedCall.java:84)
	at freemarker.core.Environment.visit(Environment.java:347)
	at freemarker.core.Environment.visit(Environment.java:389)
	at freemarker.core.IteratorBlock$IterationContext.executedNestedContentForCollOrSeqListing(IteratorBlock.java:321)
	at freemarker.core.IteratorBlock$IterationContext.executeNestedContent(IteratorBlock.java:271)
	at freemarker.core.IteratorBlock$IterationContext.accept(IteratorBlock.java:244)
	at freemarker.core.Environment.visitIteratorBlock(Environment.java:657)
	at freemarker.core.IteratorBlock.acceptWithResult(IteratorBlock.java:108)
	at freemarker.core.IteratorBlock.accept(IteratorBlock.java:94)
	at freemarker.core.Environment.visit(Environment.java:347)
	at freemarker.core.Environment.visit(Environment.java:389)
	at freemarker.core.Environment.invokeMacroOrFunctionCommonPart(Environment.java:889)
	at freemarker.core.Environment.invokeMacro(Environment.java:825)
	at freemarker.core.UnifiedCall.accept(UnifiedCall.java:84)
	at freemarker.core.Environment.visit(Environment.java:347)
	at freemarker.core.Environment.visit(Environment.java:389)
	at freemarker.core.IteratorBlock$IterationContext.executedNestedContentForCollOrSeqListing(IteratorBlock.java:321)
	at freemarker.core.IteratorBlock$IterationContext.executeNestedContent(IteratorBlock.java:271)
	at freemarker.core.IteratorBlock$IterationContext.accept(IteratorBlock.java:244)
	at freemarker.core.Environment.visitIteratorBlock(Environment.java:657)
	at freemarker.core.IteratorBlock.acceptWithResult(IteratorBlock.java:108)
	at freemarker.core.IteratorBlock.accept(IteratorBlock.java:94)
	at freemarker.core.Environment.visit(Environment.java:347)
	at freemarker.core.Environment.visit(Environment.java:389)
	at freemarker.core.Environment.invokeMacroOrFunctionCommonPart(Environment.java:889)
	at freemarker.core.Environment.invokeMacro(Environment.java:825)
	at freemarker.core.UnifiedCall.accept(UnifiedCall.java:84)
	at freemarker.core.Environment.visit(Environment.java:347)
	at freemarker.core.Environment.visit(Environment.java:389)
	at freemarker.core.IteratorBlock$IterationContext.executedNestedContentForCollOrSeqListing(IteratorBlock.java:321)
	at freemarker.core.IteratorBlock$IterationContext.executeNestedContent(IteratorBlock.java:271)
	at freemarker.core.IteratorBlock$IterationContext.accept(IteratorBlock.java:244)
	at freemarker.core.Environment.visitIteratorBlock(Environment.java:657)
	at freemarker.core.IteratorBlock.acceptWithResult(IteratorBlock.java:108)
	at freemarker.core.IteratorBlock.accept(IteratorBlock.java:94)
	at freemarker.core.Environment.visit(Environment.java:347)
	at freemarker.core.Environment.visit(Environment.java:389)
	at freemarker.core.Environment.invokeMacroOrFunctionCommonPart(Environment.java:889)
	at freemarker.core.Environment.invokeMacro(Environment.java:825)
	at freemarker.core.UnifiedCall.accept(UnifiedCall.java:84)
	at freemarker.core.Environment.visit(Environment.java:347)
	at freemarker.core.Environment.visit(Environment.java:389)
	at freemarker.core.IteratorBlock$IterationContext.executedNestedContentForCollOrSeqListing(IteratorBlock.java:321)
	at freemarker.core.IteratorBlock$IterationContext.executeNestedContent(IteratorBlock.java:271)
	at freemarker.core.IteratorBlock$IterationContext.accept(IteratorBlock.java:244)
	at freemarker.core.Environment.visitIteratorBlock(Environment.java:657)
	at freemarker.core.IteratorBlock.acceptWithResult(IteratorBlock.java:108)
	at freemarker.core.IteratorBlock.accept(IteratorBlock.java:94)
	at freemarker.core.Environment.visit(Environment.java:347)
	at freemarker.core.Environment.visit(Environment.java:389)
	at freemarker.core.Environment.invokeMacroOrFunctionCommonPart(Environment.java:889)
	at freemarker.core.Environment.invokeMacro(Environment.java:825)
	at freemarker.core.UnifiedCall.accept(UnifiedCall.java:84)
	at freemarker.core.Environment.visit(Environment.java:347)
	at freemarker.core.Environment.visit(Environment.java:389)
	at freemarker.core.IteratorBlock$IterationContext.executedNestedContentForCollOrSeqListing(IteratorBlock.java:321)
	at freemarker.core.IteratorBlock$IterationContext.executeNestedContent(IteratorBlock.java:271)
	at freemarker.core.IteratorBlock$IterationContext.accept(IteratorBlock.java:244)
	at freemarker.core.Environment.visitIteratorBlock(Environment.java:657)
	at freemarker.core.IteratorBlock.acceptWithResult(IteratorBlock.java:108)
	at freemarker.core.IteratorBlock.accept(IteratorBlock.java:94)
	at freemarker.core.Environment.visit(Environment.java:347)
	at freemarker.core.Environment.visit(Environment.java:389)
	at freemarker.core.Environment.invokeMacroOrFunctionCommonPart(Environment.java:889)
	at freemarker.core.Environment.invokeMacro(Environment.java:825)
	at freemarker.core.UnifiedCall.accept(UnifiedCall.java:84)
	at freemarker.core.Environment.visit(Environment.java:347)
	at freemarker.core.Environment.visit(Environment.java:389)
	at freemarker.core.IteratorBlock$IterationContext.executedNestedContentForCollOrSeqListing(IteratorBlock.java:321)
	at freemarker.core.IteratorBlock$IterationContext.executeNestedContent(IteratorBlock.java:271)
	at freemarker.core.IteratorBlock$IterationContext.accept(IteratorBlock.java:244)
	at freemarker.core.Environment.visitIteratorBlock(Environment.java:657)
	at freemarker.core.IteratorBlock.acceptWithResult(IteratorBlock.java:108)
	at freemarker.core.IteratorBlock.accept(IteratorBlock.java:94)
	at freemarker.core.Environment.visit(Environment.java:347)
	at freemarker.core.Environment.visit(Environment.java:389)
	at freemarker.core.Environment.invokeMacroOrFunctionCommonPart(Environment.java:889)
	at freemarker.core.Environment.invokeMacro(Environment.java:825)
	at freemarker.core.UnifiedCall.accept(UnifiedCall.java:84)
	at freemarker.core.Environment.visit(Environment.java:347)
	at freemarker.core.Environment.visit(Environment.java:389)
	at freemarker.core.IteratorBlock$IterationContext.executedNestedContentForCollOrSeqListing(IteratorBlock.java:321)
	at freemarker.core.IteratorBlock$IterationContext.executeNestedContent(IteratorBlock.java:271)
	at freemarker.core.IteratorBlock$IterationContext.accept(IteratorBlock.java:244)
	at freemarker.core.Environment.visitIteratorBlock(Environment.java:657)
	at freemarker.core.IteratorBlock.acceptWithResult(IteratorBlock.java:108)
	at freemarker.core.IteratorBlock.accept(IteratorBlock.java:94)
	at freemarker.core.Environment.visit(Environment.java:347)
	at freemarker.core.Environment.visit(Environment.java:389)
	at freemarker.core.Environment.invokeMacroOrFunctionCommonPart(Environment.java:889)
	at freemarker.core.Environment.invokeMacro(Environment.java:825)
	at freemarker.core.UnifiedCall.accept(UnifiedCall.java:84)
	at freemarker.core.Environment.visit(Environment.java:347)
	at freemarker.core.Environment.visit(Environment.java:389)
	at freemarker.core.IteratorBlock$IterationContext.executedNestedContentForCollOrSeqListing(IteratorBlock.java:321)
	at freemarker.core.IteratorBlock$IterationContext.executeNestedContent(IteratorBlock.java:271)
	at freemarker.core.IteratorBlock$IterationContext.accept(IteratorBlock.java:244)
	at freemarker.core.Environment.visitIteratorBlock(Environment.java:657)
	at freemarker.core.IteratorBlock.acceptWithResult(IteratorBlock.java:108)
	at freemarker.core.IteratorBlock.accept(IteratorBlock.java:94)
	at freemarker.core.Environment.visit(Environment.java:347)
	at freemarker.core.Environment.visit(Environment.java:389)
	at freemarker.core.Environment.invokeMacroOrFunctionCommonPart(Environment.java:889)
	at freemarker.core.Environment.invokeMacro(Environment.java:825)
	at freemarker.core.UnifiedCall.accept(UnifiedCall.java:84)
	at freemarker.core.Environment.visit(Environment.java:347)
	at freemarker.core.Environment.visit(Environment.java:389)
	at freemarker.core.IteratorBlock$IterationContext.executedNestedContentForCollOrSeqListing(IteratorBlock.java:321)
	at freemarker.core.IteratorBlock$IterationContext.executeNestedContent(IteratorBlock.java:271)
	at freemarker.core.IteratorBlock$IterationContext.accept(IteratorBlock.java:244)
	at freemarker.core.Environment.visitIteratorBlock(Environment.java:657)
	at freemarker.core.IteratorBlock.acceptWithResult(IteratorBlock.java:108)
	at freemarker.core.IteratorBlock.accept(IteratorBlock.java:94)
	at freemarker.core.Environment.visit(Environment.java:347)
	at freemarker.core.Environment.visit(Environment.java:389)
	at freemarker.core.Environment.invokeMacroOrFunctionCommonPart(Environment.java:889)
	at freemarker.core.Environment.invokeMacro(Environment.java:825)
	at freemarker.core.UnifiedCall.accept(UnifiedCall.java:84)
	at freemarker.core.Environment.visit(Environment.java:347)
	at freemarker.core.Environment.visit(Environment.java:389)
	at freemarker.core.IteratorBlock$IterationContext.executedNestedContentForCollOrSeqListing(IteratorBlock.java:321)
	at freemarker.core.IteratorBlock$IterationContext.executeNestedContent(IteratorBlock.java:271)
	at freemarker.core.IteratorBlock$IterationContext.accept(IteratorBlock.java:244)
	at freemarker.core.Environment.visitIteratorBlock(Environment.java:657)
	at freemarker.core.IteratorBlock.acceptWithResult(IteratorBlock.java:108)
	at freemarker.core.IteratorBlock.accept(IteratorBlock.java:94)
	at freemarker.core.Environment.visit(Environment.java:347)
	at freemarker.core.Environment.visit(Environment.java:389)
	at freemarker.core.Environment.invokeMacroOrFunctionCommonPart(Environment.java:889)
	at freemarker.core.Environment.invokeMacro(Environment.java:825)
	at freemarker.core.UnifiedCall.accept(UnifiedCall.java:84)
	at freemarker.core.Environment.visit(Environment.java:347)
	at freemarker.core.Environment.visit(Environment.java:389)
	at freemarker.core.IteratorBlock$IterationContext.executedNestedContentForCollOrSeqListing(IteratorBlock.java:321)
	at freemarker.core.IteratorBlock$IterationContext.executeNestedContent(IteratorBlock.java:271)
	at freemarker.core.IteratorBlock$IterationContext.accept(IteratorBlock.java:244)
	at freemarker.core.Environment.visitIteratorBlock(Environment.java:657)
	at freemarker.core.IteratorBlock.acceptWithResult(IteratorBlock.java:108)
	at freemarker.core.IteratorBlock.accept(IteratorBlock.java:94)
	at freemarker.core.Environment.visit(Environment.java:347)
	at freemarker.core.Environment.visit(Environment.java:389)
	at freemarker.core.Environment.invokeMacroOrFunctionCommonPart(Environment.java:889)
	at freemarker.core.Environment.invokeMacro(Environment.java:825)
	at freemarker.core.UnifiedCall.accept(UnifiedCall.java:84)
	at freemarker.core.Environment.visit(Environment.java:347)
	at freemarker.core.Environment.visit(Environment.java:389)
	at freemarker.core.IteratorBlock$IterationContext.executedNestedContentForCollOrSeqListing(IteratorBlock.java:321)
	at freemarker.core.IteratorBlock$IterationContext.executeNestedContent(IteratorBlock.java:271)
	at freemarker.core.IteratorBlock$IterationContext.accept(IteratorBlock.java:244)
	at freemarker.core.Environment.visitIteratorBlock(Environment.java:657)
	at freemarker.core.IteratorBlock.acceptWithResult(IteratorBlock.java:108)
	at freemarker.core.IteratorBlock.accept(IteratorBlock.java:94)
	at freemarker.core.Environment.visit(Environment.java:347)
	at freemarker.core.Environment.visit(Environment.java:389)
	at freemarker.core.Environment.invokeMacroOrFunctionCommonPart(Environment.java:889)
	at freemarker.core.Environment.invokeMacro(Environment.java:825)
	at freemarker.core.UnifiedCall.accept(UnifiedCall.java:84)
	at freemarker.core.Environment.visit(Environment.java:347)
	at freemarker.core.Environment.visit(Environment.java:389)
	at freemarker.core.IteratorBlock$IterationContext.executedNestedContentForCollOrSeqListing(IteratorBlock.java:321)
	at freemarker.core.IteratorBlock$IterationContext.executeNestedContent(IteratorBlock.java:271)
	at freemarker.core.IteratorBlock$IterationContext.accept(IteratorBlock.java:244)
	at freemarker.core.Environment.visitIteratorBlock(Environment.java:657)
	at freemarker.core.IteratorBlock.acceptWithResult(IteratorBlock.java:108)
	at freemarker.core.IteratorBlock.accept(IteratorBlock.java:94)
	at freemarker.core.Environment.visit(Environment.java:347)
	at freemarker.core.Environment.visit(Environment.java:389)
	at freemarker.core.Environment.invokeMacroOrFunctionCommonPart(Environment.java:889)
	at freemarker.core.Environment.invokeMacro(Environment.java:825)
	at freemarker.core.UnifiedCall.accept(UnifiedCall.java:84)
	at freemarker.core.Environment.visit(Environment.java:347)
	at freemarker.core.Environment.visit(Environment.java:389)
	at freemarker.core.IteratorBlock$IterationContext.executedNestedContentForCollOrSeqListing(IteratorBlock.java:321)
	at freemarker.core.IteratorBlock$IterationContext.executeNestedContent(IteratorBlock.java:271)
	at freemarker.core.IteratorBlock$IterationContext.accept(IteratorBlock.java:244)
	at freemarker.core.Environment.visitIteratorBlock(Environment.java:657)
	at freemarker.core.IteratorBlock.acceptWithResult(IteratorBlock.java:108)
	at freemarker.core.IteratorBlock.accept(IteratorBlock.java:94)
	at freemarker.core.Environment.visit(Environment.java:347)
	at freemarker.core.Environment.visit(Environment.java:389)
	at freemarker.core.Environment.invokeMacroOrFunctionCommonPart(Environment.java:889)
	at freemarker.core.Environment.invokeMacro(Environment.java:825)
	at freemarker.core.UnifiedCall.accept(UnifiedCall.java:84)
	at freemarker.core.Environment.visit(Environment.java:347)
	at freemarker.core.Environment.visit(Environment.java:389)
	at freemarker.core.IteratorBlock$IterationContext.executedNestedContentForCollOrSeqListing(IteratorBlock.java:321)
	at freemarker.core.IteratorBlock$IterationContext.executeNestedContent(IteratorBlock.java:271)
	at freemarker.core.IteratorBlock$IterationContext.accept(IteratorBlock.java:244)
	at freemarker.core.Environment.visitIteratorBlock(Environment.java:657)
	at freemarker.core.IteratorBlock.acceptWithResult(IteratorBlock.java:108)
	at freemarker.core.IteratorBlock.accept(IteratorBlock.java:94)
	at freemarker.core.Environment.visit(Environment.java:347)
	at freemarker.core.Environment.visit(Environment.java:389)
	at freemarker.core.Environment.invokeMacroOrFunctionCommonPart(Environment.java:889)
	at freemarker.core.Environment.invokeMacro(Environment.java:825)
	at freemarker.core.UnifiedCall.accept(UnifiedCall.java:84)
	at freemarker.core.Environment.visit(Environment.java:347)
	at freemarker.core.Environment.visit(Environment.java:389)
	at freemarker.core.IteratorBlock$IterationContext.executedNestedContentForCollOrSeqListing(IteratorBlock.java:321)
	at freemarker.core.IteratorBlock$IterationContext.executeNestedContent(IteratorBlock.java:271)
	at freemarker.core.IteratorBlock$IterationContext.accept(IteratorBlock.java:244)
	at freemarker.core.Environment.visitIteratorBlock(Environment.java:657)
	at freemarker.core.IteratorBlock.acceptWithResult(IteratorBlock.java:108)
	at freemarker.core.IteratorBlock.accept(IteratorBlock.java:94)
	at freemarker.core.Environment.visit(Environment.java:347)
	at freemarker.core.Environment.visit(Environment.java:389)
	at freemarker.core.Environment.invokeMacroOrFunctionCommonPart(Environment.java:889)
	at freemarker.core.Environment.invokeMacro(Environment.java:825)
	at freemarker.core.UnifiedCall.accept(UnifiedCall.java:84)
	at freemarker.core.Environment.visit(Environment.java:347)
	at freemarker.core.Environment.visit(Environment.java:389)
	at freemarker.core.IteratorBlock$IterationContext.executedNestedContentForCollOrSeqListing(IteratorBlock.java:321)
	at freemarker.core.IteratorBlock$IterationContext.executeNestedContent(IteratorBlock.java:271)
	at freemarker.core.IteratorBlock$IterationContext.accept(IteratorBlock.java:244)
	at freemarker.core.Environment.visitIteratorBlock(Environment.java:657)
	at freemarker.core.IteratorBlock.acceptWithResult(IteratorBlock.java:108)
	at freemarker.core.IteratorBlock.accept(IteratorBlock.java:94)
	at freemarker.core.Environment.visit(Environment.java:347)
	at freemarker.core.Environment.visit(Environment.java:389)
	at freemarker.core.Environment.invokeMacroOrFunctionCommonPart(Environment.java:889)
	at freemarker.core.Environment.invokeMacro(Environment.java:825)
	at freemarker.core.UnifiedCall.accept(UnifiedCall.java:84)
	at freemarker.core.Environment.visit(Environment.java:347)
	at freemarker.core.Environment.visit(Environment.java:389)
	at freemarker.core.IteratorBlock$IterationContext.executedNestedContentForCollOrSeqListing(IteratorBlock.java:321)
	at freemarker.core.IteratorBlock$IterationContext.executeNestedContent(IteratorBlock.java:271)
	at freemarker.core.IteratorBlock$IterationContext.accept(IteratorBlock.java:244)
	at freemarker.core.Environment.visitIteratorBlock(Environment.java:657)
	at freemarker.core.IteratorBlock.acceptWithResult(IteratorBlock.java:108)
	at freemarker.core.IteratorBlock.accept(IteratorBlock.java:94)
	at freemarker.core.Environment.visit(Environment.java:347)
	at freemarker.core.Environment.visit(Environment.java:389)
	at freemarker.core.Environment.invokeMacroOrFunctionCommonPart(Environment.java:889)
	at freemarker.core.Environment.invokeMacro(Environment.java:825)
	at freemarker.core.UnifiedCall.accept(UnifiedCall.java:84)
	at freemarker.core.Environment.visit(Environment.java:347)
	at freemarker.core.Environment.visit(Environment.java:389)
	at freemarker.core.IteratorBlock$IterationContext.executedNestedContentForCollOrSeqListing(IteratorBlock.java:321)
	at freemarker.core.IteratorBlock$IterationContext.executeNestedContent(IteratorBlock.java:271)
	at freemarker.core.IteratorBlock$IterationContext.accept(IteratorBlock.java:244)
	at freemarker.core.Environment.visitIteratorBlock(Environment.java:657)
	at freemarker.core.IteratorBlock.acceptWithResult(IteratorBlock.java:108)
	at freemarker.core.IteratorBlock.accept(IteratorBlock.java:94)
	at freemarker.core.Environment.visit(Environment.java:347)
	at freemarker.core.Environment.visit(Environment.java:389)
	at freemarker.core.Environment.invokeMacroOrFunctionCommonPart(Environment.java:889)
	at freemarker.core.Environment.invokeMacro(Environment.java:825)
	at freemarker.core.UnifiedCall.accept(UnifiedCall.java:84)
	at freemarker.core.Environment.visit(Environment.java:347)
	at freemarker.core.Environment.visit(Environment.java:389)
	at freemarker.core.IteratorBlock$IterationContext.executedNestedContentForCollOrSeqListing(IteratorBlock.java:321)
	at freemarker.core.IteratorBlock$IterationContext.executeNestedContent(IteratorBlock.java:271)
	at freemarker.core.IteratorBlock$IterationContext.accept(IteratorBlock.java:244)
	at freemarker.core.Environment.visitIteratorBlock(Environment.java:657)
	at freemarker.core.IteratorBlock.acceptWithResult(IteratorBlock.java:108)
	at freemarker.core.IteratorBlock.accept(IteratorBlock.java:94)
	at freemarker.core.Environment.visit(Environment.java:347)
	at freemarker.core.Environment.visit(Environment.java:389)
	at freemarker.core.Environment.invokeMacroOrFunctionCommonPart(Environment.java:889)
	at freemarker.core.Environment.invokeMacro(Environment.java:825)
	at freemarker.core.UnifiedCall.accept(UnifiedCall.java:84)
	at freemarker.core.Environment.visit(Environment.java:347)
	at freemarker.core.Environment.visit(Environment.java:389)
	at freemarker.core.IteratorBlock$IterationContext.executedNestedContentForCollOrSeqListing(IteratorBlock.java:321)
	at freemarker.core.IteratorBlock$IterationContext.executeNestedContent(IteratorBlock.java:271)
	at freemarker.core.IteratorBlock$IterationContext.accept(IteratorBlock.java:244)
	at freemarker.core.Environment.visitIteratorBlock(Environment.java:657)
	at freemarker.core.IteratorBlock.acceptWithResult(IteratorBlock.java:108)
	at freemarker.core.IteratorBlock.accept(IteratorBlock.java:94)
	at freemarker.core.Environment.visit(Environment.java:347)
	at freemarker.core.Environment.visit(Environment.java:389)
	at freemarker.core.Environment.invokeMacroOrFunctionCommonPart(Environment.java:889)
	at freemarker.core.Environment.invokeMacro(Environment.java:825)
	at freemarker.core.UnifiedCall.accept(UnifiedCall.java:84)
	at freemarker.core.Environment.visit(Environment.java:347)
	at freemarker.core.Environment.visit(Environment.java:389)
	at freemarker.core.IteratorBlock$IterationContext.executedNestedContentForCollOrSeqListing(IteratorBlock.java:321)
	at freemarker.core.IteratorBlock$IterationContext.executeNestedContent(IteratorBlock.java:271)
	at freemarker.core.IteratorBlock$IterationContext.accept(IteratorBlock.java:244)
	at freemarker.core.Environment.visitIteratorBlock(Environment.java:657)
	at freemarker.core.IteratorBlock.acceptWithResult(IteratorBlock.java:108)
	at freemarker.core.IteratorBlock.accept(IteratorBlock.java:94)
	at freemarker.core.Environment.visit(Environment.java:347)
	at freemarker.core.Environment.visit(Environment.java:389)
	at freemarker.core.Environment.invokeMacroOrFunctionCommonPart(Environment.java:889)
	at freemarker.core.Environment.invokeMacro(Environment.java:825)
	at freemarker.core.UnifiedCall.accept(UnifiedCall.java:84)
	at freemarker.core.Environment.visit(Environment.java:347)
	at freemarker.core.Environment.visit(Environment.java:389)
	at freemarker.core.IteratorBlock$IterationContext.executedNestedContentForCollOrSeqListing(IteratorBlock.java:321)
	at freemarker.core.IteratorBlock$IterationContext.executeNestedContent(IteratorBlock.java:271)
	at freemarker.core.IteratorBlock$IterationContext.accept(IteratorBlock.java:244)
	at freemarker.core.Environment.visitIteratorBlock(Environment.java:657)
	at freemarker.core.IteratorBlock.acceptWithResult(IteratorBlock.java:108)
	at freemarker.core.IteratorBlock.accept(IteratorBlock.java:94)
	at freemarker.core.Environment.visit(Environment.java:347)
	at freemarker.core.Environment.visit(Environment.java:389)
	at freemarker.core.Environment.invokeMacroOrFunctionCommonPart(Environment.java:889)
	at freemarker.core.Environment.invokeMacro(Environment.java:825)
	at freemarker.core.UnifiedCall.accept(UnifiedCall.java:84)
	at freemarker.core.Environment.visit(Environment.java:347)
	at freemarker.core.Environment.visit(Environment.java:389)
	at freemarker.core.IteratorBlock$IterationContext.executedNestedContentForCollOrSeqListing(IteratorBlock.java:321)
	at freemarker.core.IteratorBlock$IterationContext.executeNestedContent(IteratorBlock.java:271)
	at freemarker.core.IteratorBlock$IterationContext.accept(IteratorBlock.java:244)
	at freemarker.core.Environment.visitIteratorBlock(Environment.java:657)
	at freemarker.core.IteratorBlock.acceptWithResult(IteratorBlock.java:108)
	at freemarker.core.IteratorBlock.accept(IteratorBlock.java:94)
	at freemarker.core.Environment.visit(Environment.java:347)
	at freemarker.core.Environment.visit(Environment.java:389)
	at freemarker.core.Environment.invokeMacroOrFunctionCommonPart(Environment.java:889)
	at freemarker.core.Environment.invokeMacro(Environment.java:825)
	at freemarker.core.UnifiedCall.accept(UnifiedCall.java:84)
	at freemarker.core.Environment.visit(Environment.java:347)
	at freemarker.core.Environment.visit(Environment.java:389)
	at freemarker.core.IteratorBlock$IterationContext.executedNestedContentForCollOrSeqListing(IteratorBlock.java:321)
	at freemarker.core.IteratorBlock$IterationContext.executeNestedContent(IteratorBlock.java:271)
	at freemarker.core.IteratorBlock$IterationContext.accept(IteratorBlock.java:244)
	at freemarker.core.Environment.visitIteratorBlock(Environment.java:657)
	at freemarker.core.IteratorBlock.acceptWithResult(IteratorBlock.java:108)
	at freemarker.core.IteratorBlock.accept(IteratorBlock.java:94)
	at freemarker.core.Environment.visit(Environment.java:347)
	at freemarker.core.Environment.visit(Environment.java:389)
	at freemarker.core.Environment.invokeMacroOrFunctionCommonPart(Environment.java:889)
	at freemarker.core.Environment.invokeMacro(Environment.java:825)
	at freemarker.core.UnifiedCall.accept(UnifiedCall.java:84)
	at freemarker.core.Environment.visit(Environment.java:347)
	at freemarker.core.Environment.visit(Environment.java:389)
	at freemarker.core.IteratorBlock$IterationContext.executedNestedContentForCollOrSeqListing(IteratorBlock.java:321)
	at freemarker.core.IteratorBlock$IterationContext.executeNestedContent(IteratorBlock.java:271)
	at freemarker.core.IteratorBlock$IterationContext.accept(IteratorBlock.java:244)
	at freemarker.core.Environment.visitIteratorBlock(Environment.java:657)
	at freemarker.core.IteratorBlock.acceptWithResult(IteratorBlock.java:108)
	at freemarker.core.IteratorBlock.accept(IteratorBlock.java:94)
	at freemarker.core.Environment.visit(Environment.java:347)
	at freemarker.core.Environment.visit(Environment.java:389)
	at freemarker.core.Environment.invokeMacroOrFunctionCommonPart(Environment.java:889)
	at freemarker.core.Environment.invokeMacro(Environment.java:825)
	at freemarker.core.UnifiedCall.accept(UnifiedCall.java:84)
	at freemarker.core.Environment.visit(Environment.java:347)
	at freemarker.core.Environment.visit(Environment.java:389)
	at freemarker.core.IteratorBlock$IterationContext.executedNestedContentForCollOrSeqListing(IteratorBlock.java:321)
	at freemarker.core.IteratorBlock$IterationContext.executeNestedContent(IteratorBlock.java:271)
	at freemarker.core.IteratorBlock$IterationContext.accept(IteratorBlock.java:244)
	at freemarker.core.Environment.visitIteratorBlock(Environment.java:657)
	at freemarker.core.IteratorBlock.acceptWithResult(IteratorBlock.java:108)
	at freemarker.core.IteratorBlock.accept(IteratorBlock.java:94)
	at freemarker.core.Environment.visit(Environment.java:347)
	at freemarker.core.Environment.visit(Environment.java:389)
	at freemarker.core.Environment.invokeMacroOrFunctionCommonPart(Environment.java:889)
	at freemarker.core.Environment.invokeMacro(Environment.java:825)
	at freemarker.core.UnifiedCall.accept(UnifiedCall.java:84)
	at freemarker.core.Environment.visit(Environment.java:347)
	at freemarker.core.Environment.visit(Environment.java:389)
	at freemarker.core.IteratorBlock$IterationContext.executedNestedContentForCollOrSeqListing(IteratorBlock.java:321)
	at freemarker.core.IteratorBlock$IterationContext.executeNestedContent(IteratorBlock.java:271)
	at freemarker.core.IteratorBlock$IterationContext.accept(IteratorBlock.java:244)
	at freemarker.core.Environment.visitIteratorBlock(Environment.java:657)
	at freemarker.core.IteratorBlock.acceptWithResult(IteratorBlock.java:108)
	at freemarker.core.IteratorBlock.accept(IteratorBlock.java:94)
	at freemarker.core.Environment.visit(Environment.java:347)
	at freemarker.core.Environment.visit(Environment.java:389)
	at freemarker.core.Environment.invokeMacroOrFunctionCommonPart(Environment.java:889)
	at freemarker.core.Environment.invokeMacro(Environment.java:825)
	at freemarker.core.UnifiedCall.accept(UnifiedCall.java:84)
	at freemarker.core.Environment.visit(Environment.java:347)
	at freemarker.core.Environment.visit(Environment.java:389)
	at freemarker.core.IteratorBlock$IterationContext.executedNestedContentForCollOrSeqListing(IteratorBlock.java:321)
	at freemarker.core.IteratorBlock$IterationContext.executeNestedContent(IteratorBlock.java:271)
	at freemarker.core.IteratorBlock$IterationContext.accept(IteratorBlock.java:244)
	at freemarker.core.Environment.visitIteratorBlock(Environment.java:657)
	at freemarker.core.IteratorBlock.acceptWithResult(IteratorBlock.java:108)
	at freemarker.core.IteratorBlock.accept(IteratorBlock.java:94)
	at freemarker.core.Environment.visit(Environment.java:347)
	at freemarker.core.Environment.visit(Environment.java:389)
	at freemarker.core.Environment.invokeMacroOrFunctionCommonPart(Environment.java:889)
	at freemarker.core.Environment.invokeMacro(Environment.java:825)
	at freemarker.core.UnifiedCall.accept(UnifiedCall.java:84)
	at freemarker.core.Environment.visit(Environment.java:347)
	at freemarker.core.Environment.visit(Environment.java:389)
	at freemarker.core.IteratorBlock$IterationContext.executedNestedContentForCollOrSeqListing(IteratorBlock.java:321)
	at freemarker.core.IteratorBlock$IterationContext.executeNestedContent(IteratorBlock.java:271)
	at freemarker.core.IteratorBlock$IterationContext.accept(IteratorBlock.java:244)
	at freemarker.core.Environment.visitIteratorBlock(Environment.java:657)
	at freemarker.core.IteratorBlock.acceptWithResult(IteratorBlock.java:108)
	at freemarker.core.IteratorBlock.accept(IteratorBlock.java:94)
	at freemarker.core.Environment.visit(Environment.java:347)
	at freemarker.core.Environment.visit(Environment.java:389)
	at freemarker.core.Environment.invokeMacroOrFunctionCommonPart(Environment.java:889)
	at freemarker.core.Environment.invokeMacro(Environment.java:825)
	at freemarker.core.UnifiedCall.accept(UnifiedCall.java:84)
	at freemarker.core.Environment.visit(Environment.java:347)
	at freemarker.core.Environment.visit(Environment.java:389)
	at freemarker.core.IteratorBlock$IterationContext.executedNestedContentForCollOrSeqListing(IteratorBlock.java:321)
	at freemarker.core.IteratorBlock$IterationContext.executeNestedContent(IteratorBlock.java:271)
	at freemarker.core.IteratorBlock$IterationContext.accept(IteratorBlock.java:244)
	at freemarker.core.Environment.visitIteratorBlock(Environment.java:657)
	at freemarker.core.IteratorBlock.acceptWithResult(IteratorBlock.java:108)
	at freemarker.core.IteratorBlock.accept(IteratorBlock.java:94)
	at freemarker.core.Environment.visit(Environment.java:347)
	at freemarker.core.Environment.visit(Environment.java:389)
	at freemarker.core.Environment.invokeMacroOrFunctionCommonPart(Environment.java:889)
	at freemarker.core.Environment.invokeMacro(Environment.java:825)
	at freemarker.core.UnifiedCall.accept(UnifiedCall.java:84)
	at freemarker.core.Environment.visit(Environment.java:347)
	at freemarker.core.Environment.visit(Environment.java:389)
	at freemarker.core.IteratorBlock$IterationContext.executedNestedContentForCollOrSeqListing(IteratorBlock.java:321)
	at freemarker.core.IteratorBlock$IterationContext.executeNestedContent(IteratorBlock.java:271)
	at freemarker.core.IteratorBlock$IterationContext.accept(IteratorBlock.java:244)
	at freemarker.core.Environment.visitIteratorBlock(Environment.java:657)
	at freemarker.core.IteratorBlock.acceptWithResult(IteratorBlock.java:108)
	at freemarker.core.IteratorBlock.accept(IteratorBlock.java:94)
	at freemarker.core.Environment.visit(Environment.java:347)
	at freemarker.core.Environment.visit(Environment.java:389)
	at freemarker.core.Environment.invokeMacroOrFunctionCommonPart(Environment.java:889)
	at freemarker.core.Environment.invokeMacro(Environment.java:825)
	at freemarker.core.UnifiedCall.accept(UnifiedCall.java:84)
	at freemarker.core.Environment.visit(Environment.java:347)
	at freemarker.core.Environment.visit(Environment.java:389)
	at freemarker.core.IteratorBlock$IterationContext.executedNestedContentForCollOrSeqListing(IteratorBlock.java:321)
	at freemarker.core.IteratorBlock$IterationContext.executeNestedContent(IteratorBlock.java:271)
	at freemarker.core.IteratorBlock$IterationContext.accept(IteratorBlock.java:244)
	at freemarker.core.Environment.visitIteratorBlock(Environment.java:657)
	at freemarker.core.IteratorBlock.acceptWithResult(IteratorBlock.java:108)
	at freemarker.core.IteratorBlock.accept(IteratorBlock.java:94)
	at freemarker.core.Environment.visit(Environment.java:347)
	at freemarker.core.Environment.visit(Environment.java:389)
	at freemarker.core.Environment.invokeMacroOrFunctionCommonPart(Environment.java:889)
	at freemarker.core.Environment.invokeMacro(Environment.java:825)
	at freemarker.core.UnifiedCall.accept(UnifiedCall.java:84)
	at freemarker.core.Environment.visit(Environment.java:347)
	at freemarker.core.Environment.visit(Environment.java:389)
	at freemarker.core.IteratorBlock$IterationContext.executedNestedContentForCollOrSeqListing(IteratorBlock.java:321)
	at freemarker.core.IteratorBlock$IterationContext.executeNestedContent(IteratorBlock.java:271)
	at freemarker.core.IteratorBlock$IterationContext.accept(IteratorBlock.java:244)
	at freemarker.core.Environment.visitIteratorBlock(Environment.java:657)
	at freemarker.core.IteratorBlock.acceptWithResult(IteratorBlock.java:108)
	at freemarker.core.IteratorBlock.accept(IteratorBlock.java:94)
	at freemarker.core.Environment.visit(Environment.java:347)
	at freemarker.core.Environment.visit(Environment.java:389)
	at freemarker.core.Environment.invokeMacroOrFunctionCommonPart(Environment.java:889)
	at freemarker.core.Environment.invokeMacro(Environment.java:825)
	at freemarker.core.UnifiedCall.accept(UnifiedCall.java:84)
	at freemarker.core.Environment.visit(Environment.java:347)
	at freemarker.core.Environment.visit(Environment.java:389)
	at freemarker.core.IteratorBlock$IterationContext.executedNestedContentForCollOrSeqListing(IteratorBlock.java:321)
	at freemarker.core.IteratorBlock$IterationContext.executeNestedContent(IteratorBlock.java:271)
	at freemarker.core.IteratorBlock$IterationContext.accept(IteratorBlock.java:244)
	at freemarker.core.Environment.visitIteratorBlock(Environment.java:657)
	at freemarker.core.IteratorBlock.acceptWithResult(IteratorBlock.java:108)
	at freemarker.core.IteratorBlock.accept(IteratorBlock.java:94)
	at freemarker.core.Environment.visit(Environment.java:347)
	at freemarker.core.Environment.visit(Environment.java:389)
	at freemarker.core.Environment.invokeMacroOrFunctionCommonPart(Environment.java:889)
	at freemarker.core.Environment.invokeMacro(Environment.java:825)
	at freemarker.core.UnifiedCall.accept(UnifiedCall.java:84)
	at freemarker.core.Environment.visit(Environment.java:347)
	at freemarker.core.Environment.visit(Environment.java:389)
	at freemarker.core.IteratorBlock$IterationContext.executedNestedContentForCollOrSeqListing(IteratorBlock.java:321)
	at freemarker.core.IteratorBlock$IterationContext.executeNestedContent(IteratorBlock.java:271)
	at freemarker.core.IteratorBlock$IterationContext.accept(IteratorBlock.java:244)
	at freemarker.core.Environment.visitIteratorBlock(Environment.java:657)
	at freemarker.core.IteratorBlock.acceptWithResult(IteratorBlock.java:108)
	at freemarker.core.IteratorBlock.accept(IteratorBlock.java:94)
	at freemarker.core.Environment.visit(Environment.java:347)
	at freemarker.core.Environment.visit(Environment.java:389)
	at freemarker.core.Environment.invokeMacroOrFunctionCommonPart(Environment.java:889)
	at freemarker.core.Environment.invokeMacro(Environment.java:825)
	at freemarker.core.UnifiedCall.accept(UnifiedCall.java:84)
	at freemarker.core.Environment.visit(Environment.java:347)
	at freemarker.core.Environment.visit(Environment.java:389)
	at freemarker.core.IteratorBlock$IterationContext.executedNestedContentForCollOrSeqListing(IteratorBlock.java:321)
	at freemarker.core.IteratorBlock$IterationContext.executeNestedContent(IteratorBlock.java:271)
	at freemarker.core.IteratorBlock$IterationContext.accept(IteratorBlock.java:244)
	at freemarker.core.Environment.visitIteratorBlock(Environment.java:657)
	at freemarker.core.IteratorBlock.acceptWithResult(IteratorBlock.java:108)
	at freemarker.core.IteratorBlock.accept(IteratorBlock.java:94)
	at freemarker.core.Environment.visit(Environment.java:347)
	at freemarker.core.Environment.visit(Environment.java:389)
	at freemarker.core.Environment.invokeMacroOrFunctionCommonPart(Environment.java:889)
	at freemarker.core.Environment.invokeMacro(Environment.java:825)
	at freemarker.core.UnifiedCall.accept(UnifiedCall.java:84)
	at freemarker.core.Environment.visit(Environment.java:347)
	at freemarker.core.Environment.visit(Environment.java:389)
	at freemarker.core.IteratorBlock$IterationContext.executedNestedContentForCollOrSeqListing(IteratorBlock.java:321)
	at freemarker.core.IteratorBlock$IterationContext.executeNestedContent(IteratorBlock.java:271)
	at freemarker.core.IteratorBlock$IterationContext.accept(IteratorBlock.java:244)
	at freemarker.core.Environment.visitIteratorBlock(Environment.java:657)
	at freemarker.core.IteratorBlock.acceptWithResult(IteratorBlock.java:108)
	at freemarker.core.IteratorBlock.accept(IteratorBlock.java:94)
	at freemarker.core.Environment.visit(Environment.java:347)
	at freemarker.core.Environment.visit(Environment.java:389)
	at freemarker.core.Environment.invokeMacroOrFunctionCommonPart(Environment.java:889)
	at freemarker.core.Environment.invokeMacro(Environment.java:825)
	at freemarker.core.UnifiedCall.accept(UnifiedCall.java:84)
	at freemarker.core.Environment.visit(Environment.java:347)
	at freemarker.core.Environment.visit(Environment.java:389)
	at freemarker.core.IteratorBlock$IterationContext.executedNestedContentForCollOrSeqListing(IteratorBlock.java:321)
	at freemarker.core.IteratorBlock$IterationContext.executeNestedContent(IteratorBlock.java:271)
	at freemarker.core.IteratorBlock$IterationContext.accept(IteratorBlock.java:244)
	at freemarker.core.Environment.visitIteratorBlock(Environment.java:657)
	at freemarker.core.IteratorBlock.acceptWithResult(IteratorBlock.java:108)
	at freemarker.core.IteratorBlock.accept(IteratorBlock.java:94)
	at freemarker.core.Environment.visit(Environment.java:347)
	at freemarker.core.Environment.visit(Environment.java:389)
	at freemarker.core.Environment.invokeMacroOrFunctionCommonPart(Environment.java:889)
	at freemarker.core.Environment.invokeMacro(Environment.java:825)
	at freemarker.core.UnifiedCall.accept(UnifiedCall.java:84)
	at freemarker.core.Environment.visit(Environment.java:347)
	at freemarker.core.Environment.visit(Environment.java:389)
	at freemarker.core.IteratorBlock$IterationContext.executedNestedContentForCollOrSeqListing(IteratorBlock.java:321)
	at freemarker.core.IteratorBlock$IterationContext.executeNestedContent(IteratorBlock.java:271)
	at freemarker.core.IteratorBlock$IterationContext.accept(IteratorBlock.java:244)
	at freemarker.core.Environment.visitIteratorBlock(Environment.java:657)
	at freemarker.core.IteratorBlock.acceptWithResult(IteratorBlock.java:108)
	at freemarker.core.IteratorBlock.accept(IteratorBlock.java:94)
	at freemarker.core.Environment.visit(Environment.java:347)
	at freemarker.core.Environment.visit(Environment.java:389)
	at freemarker.core.Environment.invokeMacroOrFunctionCommonPart(Environment.java:889)
	at freemarker.core.Environment.invokeMacro(Environment.java:825)
	at freemarker.core.UnifiedCall.accept(UnifiedCall.java:84)
	at freemarker.core.Environment.visit(Environment.java:347)
	at freemarker.core.Environment.visit(Environment.java:389)
	at freemarker.core.IteratorBlock$IterationContext.executedNestedContentForCollOrSeqListing(IteratorBlock.java:321)
	at freemarker.core.IteratorBlock$IterationContext.executeNestedContent(IteratorBlock.java:271)
	at freemarker.core.IteratorBlock$IterationContext.accept(IteratorBlock.java:244)
	at freemarker.core.Environment.visitIteratorBlock(Environment.java:657)
	at freemarker.core.IteratorBlock.acceptWithResult(IteratorBlock.java:108)
	at freemarker.core.IteratorBlock.accept(IteratorBlock.java:94)
	at freemarker.core.Environment.visit(Environment.java:347)
	at freemarker.core.Environment.visit(Environment.java:389)
	at freemarker.core.Environment.invokeMacroOrFunctionCommonPart(Environment.java:889)
	at freemarker.core.Environment.invokeMacro(Environment.java:825)
	at freemarker.core.UnifiedCall.accept(UnifiedCall.java:84)
	at freemarker.core.Environment.visit(Environment.java:347)
	at freemarker.core.Environment.visit(Environment.java:389)
	at freemarker.core.IteratorBlock$IterationContext.executedNestedContentForCollOrSeqListing(IteratorBlock.java:321)
	at freemarker.core.IteratorBlock$IterationContext.executeNestedContent(IteratorBlock.java:271)
	at freemarker.core.IteratorBlock$IterationContext.accept(IteratorBlock.java:244)
	at freemarker.core.Environment.visitIteratorBlock(Environment.java:657)
	at freemarker.core.IteratorBlock.acceptWithResult(IteratorBlock.java:108)
	at freemarker.core.IteratorBlock.accept(IteratorBlock.java:94)
	at freemarker.core.Environment.visit(Environment.java:347)
	at freemarker.core.Environment.visit(Environment.java:389)
	at freemarker.core.Environment.invokeMacroOrFunctionCommonPart(Environment.java:889)
	at freemarker.core.Environment.invokeMacro(Environment.java:825)
	at freemarker.core.UnifiedCall.accept(UnifiedCall.java:84)
	at freemarker.core.Environment.visit(Environment.java:347)
	at freemarker.core.Environment.visit(Environment.java:389)
	at freemarker.core.IteratorBlock$IterationContext.executedNestedContentForCollOrSeqListing(IteratorBlock.java:321)
	at freemarker.core.IteratorBlock$IterationContext.executeNestedContent(IteratorBlock.java:271)
	at freemarker.core.IteratorBlock$IterationContext.accept(IteratorBlock.java:244)
	at freemarker.core.Environment.visitIteratorBlock(Environment.java:657)
	at freemarker.core.IteratorBlock.acceptWithResult(IteratorBlock.java:108)
	at freemarker.core.IteratorBlock.accept(IteratorBlock.java:94)
	at freemarker.core.Environment.visit(Environment.java:347)
	at freemarker.core.Environment.visit(Environment.java:389)
	at freemarker.core.Environment.invokeMacroOrFunctionCommonPart(Environment.java:889)
	at freemarker.core.Environment.invokeMacro(Environment.java:825)
	at freemarker.core.UnifiedCall.accept(UnifiedCall.java:84)
	at freemarker.core.Environment.visit(Environment.java:347)
	at freemarker.core.Environment.visit(Environment.java:389)
	at freemarker.core.IteratorBlock$IterationContext.executedNestedContentForCollOrSeqListing(IteratorBlock.java:321)
	at freemarker.core.IteratorBlock$IterationContext.executeNestedContent(IteratorBlock.java:271)
	at freemarker.core.IteratorBlock$IterationContext.accept(IteratorBlock.java:244)
	at freemarker.core.Environment.visitIteratorBlock(Environment.java:657)
	at freemarker.core.IteratorBlock.acceptWithResult(IteratorBlock.java:108)
	at freemarker.core.IteratorBlock.accept(IteratorBlock.java:94)
	at freemarker.core.Environment.visit(Environment.java:347)
	at freemarker.core.Environment.visit(Environment.java:389)
	at freemarker.core.Environment.invokeMacroOrFunctionCommonPart(Environment.java:889)
	at freemarker.core.Environment.invokeMacro(Environment.java:825)
	at freemarker.core.UnifiedCall.accept(UnifiedCall.java:84)
	at freemarker.core.Environment.visit(Environment.java:347)
	at freemarker.core.Environment.visit(Environment.java:389)
	at freemarker.core.IteratorBlock$IterationContext.executedNestedContentForCollOrSeqListing(IteratorBlock.java:321)
	at freemarker.core.IteratorBlock$IterationContext.executeNestedContent(IteratorBlock.java:271)
	at freemarker.core.IteratorBlock$IterationContext.accept(IteratorBlock.java:244)
	at freemarker.core.Environment.visitIteratorBlock(Environment.java:657)
	at freemarker.core.IteratorBlock.acceptWithResult(IteratorBlock.java:108)
	at freemarker.core.IteratorBlock.accept(IteratorBlock.java:94)
	at freemarker.core.Environment.visit(Environment.java:347)
	at freemarker.core.Environment.visit(Environment.java:389)
	at freemarker.core.Environment.invokeMacroOrFunctionCommonPart(Environment.java:889)
	at freemarker.core.Environment.invokeMacro(Environment.java:825)
	at freemarker.core.UnifiedCall.accept(UnifiedCall.java:84)
	at freemarker.core.Environment.visit(Environment.java:347)
	at freemarker.core.Environment.visit(Environment.java:389)
	at freemarker.core.IteratorBlock$IterationContext.executedNestedContentForCollOrSeqListing(IteratorBlock.java:321)
	at freemarker.core.IteratorBlock$IterationContext.executeNestedContent(IteratorBlock.java:271)
	at freemarker.core.IteratorBlock$IterationContext.accept(IteratorBlock.java:244)
	at freemarker.core.Environment.visitIteratorBlock(Environment.java:657)
	at freemarker.core.IteratorBlock.acceptWithResult(IteratorBlock.java:108)
	at freemarker.core.IteratorBlock.accept(IteratorBlock.java:94)
	at freemarker.core.Environment.visit(Environment.java:347)
	at freemarker.core.Environment.visit(Environment.java:389)
	at freemarker.core.Environment.invokeMacroOrFunctionCommonPart(Environment.java:889)
	at freemarker.core.Environment.invokeMacro(Environment.java:825)
	at freemarker.core.UnifiedCall.accept(UnifiedCall.java:84)
	at freemarker.core.Environment.visit(Environment.java:347)
	at freemarker.core.Environment.visit(Environment.java:389)
	at freemarker.core.IteratorBlock$IterationContext.executedNestedContentForCollOrSeqListing(IteratorBlock.java:321)
	at freemarker.core.IteratorBlock$IterationContext.executeNestedContent(IteratorBlock.java:271)
	at freemarker.core.IteratorBlock$IterationContext.accept(IteratorBlock.java:244)
	at freemarker.core.Environment.visitIteratorBlock(Environment.java:657)
	at freemarker.core.IteratorBlock.acceptWithResult(IteratorBlock.java:108)
	at freemarker.core.IteratorBlock.accept(IteratorBlock.java:94)
	at freemarker.core.Environment.visit(Environment.java:347)
	at freemarker.core.Environment.visit(Environment.java:389)
	at freemarker.core.Environment.invokeMacroOrFunctionCommonPart(Environment.java:889)
	at freemarker.core.Environment.invokeMacro(Environment.java:825)
	at freemarker.core.UnifiedCall.accept(UnifiedCall.java:84)
	at freemarker.core.Environment.visit(Environment.java:347)
	at freemarker.core.Environment.visit(Environment.java:389)
	at freemarker.core.IteratorBlock$IterationContext.executedNestedContentForCollOrSeqListing(IteratorBlock.java:321)
	at freemarker.core.IteratorBlock$IterationContext.executeNestedContent(IteratorBlock.java:271)
	at freemarker.core.IteratorBlock$IterationContext.accept(IteratorBlock.java:244)
	at freemarker.core.Environment.visitIteratorBlock(Environment.java:657)
	at freemarker.core.IteratorBlock.acceptWithResult(IteratorBlock.java:108)
	at freemarker.core.IteratorBlock.accept(IteratorBlock.java:94)
	at freemarker.core.Environment.visit(Environment.java:347)
	at freemarker.core.Environment.visit(Environment.java:389)
	at freemarker.core.Environment.invokeMacroOrFunctionCommonPart(Environment.java:889)
	at freemarker.core.Environment.invokeMacro(Environment.java:825)
	at freemarker.core.UnifiedCall.accept(UnifiedCall.java:84)
	at freemarker.core.Environment.visit(Environment.java:347)
	at freemarker.core.Environment.visit(Environment.java:389)
	at freemarker.core.IteratorBlock$IterationContext.executedNestedContentForCollOrSeqListing(IteratorBlock.java:321)
	at freemarker.core.IteratorBlock$IterationContext.executeNestedContent(IteratorBlock.java:271)
	at freemarker.core.IteratorBlock$IterationContext.accept(IteratorBlock.java:244)
	at freemarker.core.Environment.visitIteratorBlock(Environment.java:657)
	at freemarker.core.IteratorBlock.acceptWithResult(IteratorBlock.java:108)
	at freemarker.core.IteratorBlock.accept(IteratorBlock.java:94)
	at freemarker.core.Environment.visit(Environment.java:347)
	at freemarker.core.Environment.visit(Environment.java:389)
	at freemarker.core.Environment.invokeMacroOrFunctionCommonPart(Environment.java:889)
	at freemarker.core.Environment.invokeMacro(Environment.java:825)
	at freemarker.core.UnifiedCall.accept(UnifiedCall.java:84)
	at freemarker.core.Environment.visit(Environment.java:347)
	at freemarker.core.Environment.visit(Environment.java:389)
	at freemarker.core.IteratorBlock$IterationContext.executedNestedContentForCollOrSeqListing(IteratorBlock.java:321)
	at freemarker.core.IteratorBlock$IterationContext.executeNestedContent(IteratorBlock.java:271)
	at freemarker.core.IteratorBlock$IterationContext.accept(IteratorBlock.java:244)
	at freemarker.core.Environment.visitIteratorBlock(Environment.java:657)
	at freemarker.core.IteratorBlock.acceptWithResult(IteratorBlock.java:108)
	at freemarker.core.IteratorBlock.accept(IteratorBlock.java:94)
	at freemarker.core.Environment.visit(Environment.java:347)
	at freemarker.core.Environment.visit(Environment.java:389)
	at freemarker.core.Environment.invokeMacroOrFunctionCommonPart(Environment.java:889)
	at freemarker.core.Environment.invokeMacro(Environment.java:825)
	at freemarker.core.UnifiedCall.accept(UnifiedCall.java:84)
	at freemarker.core.Environment.visit(Environment.java:347)
	at freemarker.core.Environment.visit(Environment.java:389)
	at freemarker.core.IteratorBlock$IterationContext.executedNestedContentForCollOrSeqListing(IteratorBlock.java:321)
	at freemarker.core.IteratorBlock$IterationContext.executeNestedContent(IteratorBlock.java:271)
	at freemarker.core.IteratorBlock$IterationContext.accept(IteratorBlock.java:244)
	at freemarker.core.Environment.visitIteratorBlock(Environment.java:657)
	at freemarker.core.IteratorBlock.acceptWithResult(IteratorBlock.java:108)
	at freemarker.core.IteratorBlock.accept(IteratorBlock.java:94)
	at freemarker.core.Environment.visit(Environment.java:347)
	at freemarker.core.Environment.visit(Environment.java:389)
	at freemarker.core.Environment.invokeMacroOrFunctionCommonPart(Environment.java:889)
	at freemarker.core.Environment.invokeMacro(Environment.java:825)
	at freemarker.core.UnifiedCall.accept(UnifiedCall.java:84)
	at freemarker.core.Environment.visit(Environment.java:347)
	at freemarker.core.Environment.visit(Environment.java:389)
	at freemarker.core.IteratorBlock$IterationContext.executedNestedContentForCollOrSeqListing(IteratorBlock.java:321)
	at freemarker.core.IteratorBlock$IterationContext.executeNestedContent(IteratorBlock.java:271)
	at freemarker.core.IteratorBlock$IterationContext.accept(IteratorBlock.java:244)
	at freemarker.core.Environment.visitIteratorBlock(Environment.java:657)
	at freemarker.core.IteratorBlock.acceptWithResult(IteratorBlock.java:108)
	at freemarker.core.IteratorBlock.accept(IteratorBlock.java:94)
	at freemarker.core.Environment.visit(Environment.java:347)
	at freemarker.core.Environment.visit(Environment.java:389)
	at freemarker.core.Environment.invokeMacroOrFunctionCommonPart(Environment.java:889)
	at freemarker.core.Environment.invokeMacro(Environment.java:825)
	at freemarker.core.UnifiedCall.accept(UnifiedCall.java:84)
	at freemarker.core.Environment.visit(Environment.java:347)
	at freemarker.core.Environment.visit(Environment.java:389)
	at freemarker.core.IteratorBlock$IterationContext.executedNestedContentForCollOrSeqListing(IteratorBlock.java:321)
	at freemarker.core.IteratorBlock$IterationContext.executeNestedContent(IteratorBlock.java:271)
	at freemarker.core.IteratorBlock$IterationContext.accept(IteratorBlock.java:244)
	at freemarker.core.Environment.visitIteratorBlock(Environment.java:657)
	at freemarker.core.IteratorBlock.acceptWithResult(IteratorBlock.java:108)
	at freemarker.core.IteratorBlock.accept(IteratorBlock.java:94)
	at freemarker.core.Environment.visit(Environment.java:347)
	at freemarker.core.Environment.visit(Environment.java:389)
	at freemarker.core.Environment.invokeMacroOrFunctionCommonPart(Environment.java:889)
	at freemarker.core.Environment.invokeMacro(Environment.java:825)
	at freemarker.core.UnifiedCall.accept(UnifiedCall.java:84)
	at freemarker.core.Environment.visit(Environment.java:347)
	at freemarker.core.Environment.visit(Environment.java:389)
	at freemarker.core.IteratorBlock$IterationContext.executedNestedContentForCollOrSeqListing(IteratorBlock.java:321)
	at freemarker.core.IteratorBlock$IterationContext.executeNestedContent(IteratorBlock.java:271)
	at freemarker.core.IteratorBlock$IterationContext.accept(IteratorBlock.java:244)
	at freemarker.core.Environment.visitIteratorBlock(Environment.java:657)
	at freemarker.core.IteratorBlock.acceptWithResult(IteratorBlock.java:108)
	at freemarker.core.IteratorBlock.accept(IteratorBlock.java:94)
	at freemarker.core.Environment.visit(Environment.java:347)
	at freemarker.core.Environment.visit(Environment.java:389)
	at freemarker.core.Environment.invokeMacroOrFunctionCommonPart(Environment.java:889)
	at freemarker.core.Environment.invokeMacro(Environment.java:825)
	at freemarker.core.UnifiedCall.accept(UnifiedCall.java:84)
	at freemarker.core.Environment.visit(Environment.java:347)
	at freemarker.core.Environment.visit(Environment.java:389)
	at freemarker.core.IteratorBlock$IterationContext.executedNestedContentForCollOrSeqListing(IteratorBlock.java:321)
	at freemarker.core.IteratorBlock$IterationContext.executeNestedContent(IteratorBlock.java:271)
	at freemarker.core.IteratorBlock$IterationContext.accept(IteratorBlock.java:244)
	at freemarker.core.Environment.visitIteratorBlock(Environment.java:657)
	at freemarker.core.IteratorBlock.acceptWithResult(IteratorBlock.java:108)
	at freemarker.core.IteratorBlock.accept(IteratorBlock.java:94)
	at freemarker.core.Environment.visit(Environment.java:347)
	at freemarker.core.Environment.visit(Environment.java:389)
	at freemarker.core.Environment.invokeMacroOrFunctionCommonPart(Environment.java:889)
	at freemarker.core.Environment.invokeMacro(Environment.java:825)
	at freemarker.core.UnifiedCall.accept(UnifiedCall.java:84)
	at freemarker.core.Environment.visit(Environment.java:347)
	at freemarker.core.Environment.visit(Environment.java:389)
	at freemarker.core.IteratorBlock$IterationContext.executedNestedContentForCollOrSeqListing(IteratorBlock.java:321)
	at freemarker.core.IteratorBlock$IterationContext.executeNestedContent(IteratorBlock.java:271)
	at freemarker.core.IteratorBlock$IterationContext.accept(IteratorBlock.java:244)
	at freemarker.core.Environment.visitIteratorBlock(Environment.java:657)
	at freemarker.core.IteratorBlock.acceptWithResult(IteratorBlock.java:108)
	at freemarker.core.IteratorBlock.accept(IteratorBlock.java:94)
	at freemarker.core.Environment.visit(Environment.java:347)
	at freemarker.core.Environment.visit(Environment.java:389)
	at freemarker.core.Environment.invokeMacroOrFunctionCommonPart(Environment.java:889)
	at freemarker.core.Environment.invokeMacro(Environment.java:825)
	at freemarker.core.UnifiedCall.accept(UnifiedCall.java:84)
	at freemarker.core.Environment.visit(Environment.java:347)
	at freemarker.core.Environment.visit(Environment.java:389)
	at freemarker.core.IteratorBlock$IterationContext.executedNestedContentForCollOrSeqListing(IteratorBlock.java:321)
	at freemarker.core.IteratorBlock$IterationContext.executeNestedContent(IteratorBlock.java:271)
	at freemarker.core.IteratorBlock$IterationContext.accept(IteratorBlock.java:244)
	at freemarker.core.Environment.visitIteratorBlock(Environment.java:657)
	at freemarker.core.IteratorBlock.acceptWithResult(IteratorBlock.java:108)
	at freemarker.core.IteratorBlock.accept(IteratorBlock.java:94)
	at freemarker.core.Environment.visit(Environment.java:347)
	at freemarker.core.Environment.visit(Environment.java:389)
	at freemarker.core.Environment.invokeMacroOrFunctionCommonPart(Environment.java:889)
	at freemarker.core.Environment.invokeMacro(Environment.java:825)
	at freemarker.core.UnifiedCall.accept(UnifiedCall.java:84)
	at freemarker.core.Environment.visit(Environment.java:347)
	at freemarker.core.Environment.visit(Environment.java:389)
	at freemarker.core.IteratorBlock$IterationContext.executedNestedContentForCollOrSeqListing(IteratorBlock.java:321)
	at freemarker.core.IteratorBlock$IterationContext.executeNestedContent(IteratorBlock.java:271)
	at freemarker.core.IteratorBlock$IterationContext.accept(IteratorBlock.java:244)
	at freemarker.core.Environment.visitIteratorBlock(Environment.java:657)
	at freemarker.core.IteratorBlock.acceptWithResult(IteratorBlock.java:108)
	at freemarker.core.IteratorBlock.accept(IteratorBlock.java:94)
	at freemarker.core.Environment.visit(Environment.java:347)
	at freemarker.core.Environment.visit(Environment.java:389)
	at freemarker.core.Environment.invokeMacroOrFunctionCommonPart(Environment.java:889)
	at freemarker.core.Environment.invokeMacro(Environment.java:825)
	at freemarker.core.UnifiedCall.accept(UnifiedCall.java:84)
	at freemarker.core.Environment.visit(Environment.java:347)
	at freemarker.core.Environment.visit(Environment.java:389)
	at freemarker.core.IteratorBlock$IterationContext.executedNestedContentForCollOrSeqListing(IteratorBlock.java:321)
	at freemarker.core.IteratorBlock$IterationContext.executeNestedContent(IteratorBlock.java:271)
	at freemarker.core.IteratorBlock$IterationContext.accept(IteratorBlock.java:244)
	at freemarker.core.Environment.visitIteratorBlock(Environment.java:657)
	at freemarker.core.IteratorBlock.acceptWithResult(IteratorBlock.java:108)
	at freemarker.core.IteratorBlock.accept(IteratorBlock.java:94)
	at freemarker.core.Environment.visit(Environment.java:347)
	at freemarker.core.Environment.visit(Environment.java:389)
	at freemarker.core.Environment.invokeMacroOrFunctionCommonPart(Environment.java:889)
	at freemarker.core.Environment.invokeMacro(Environment.java:825)
	at freemarker.core.UnifiedCall.accept(UnifiedCall.java:84)
	at freemarker.core.Environment.visit(Environment.java:347)
	at freemarker.core.Environment.visit(Environment.java:389)
	at freemarker.core.IteratorBlock$IterationContext.executedNestedContentForCollOrSeqListing(IteratorBlock.java:321)
	at freemarker.core.IteratorBlock$IterationContext.executeNestedContent(IteratorBlock.java:271)
	at freemarker.core.IteratorBlock$IterationContext.accept(IteratorBlock.java:244)
	at freemarker.core.Environment.visitIteratorBlock(Environment.java:657)
	at freemarker.core.IteratorBlock.acceptWithResult(IteratorBlock.java:108)
	at freemarker.core.IteratorBlock.accept(IteratorBlock.java:94)
	at freemarker.core.Environment.visit(Environment.java:347)
	at freemarker.core.Environment.visit(Environment.java:389)
	at freemarker.core.Environment.invokeMacroOrFunctionCommonPart(Environment.java:889)
	at freemarker.core.Environment.invokeMacro(Environment.java:825)
	at freemarker.core.UnifiedCall.accept(UnifiedCall.java:84)
	at freemarker.core.Environment.visit(Environment.java:347)
	at freemarker.core.Environment.visit(Environment.java:389)
	at freemarker.core.IteratorBlock$IterationContext.executedNestedContentForCollOrSeqListing(IteratorBlock.java:321)
	at freemarker.core.IteratorBlock$IterationContext.executeNestedContent(IteratorBlock.java:271)
	at freemarker.core.IteratorBlock$IterationContext.accept(IteratorBlock.java:244)
	at freemarker.core.Environment.visitIteratorBlock(Environment.java:657)
	at freemarker.core.IteratorBlock.acceptWithResult(IteratorBlock.java:108)
	at freemarker.core.IteratorBlock.accept(IteratorBlock.java:94)
	at freemarker.core.Environment.visit(Environment.java:347)
	at freemarker.core.Environment.visit(Environment.java:389)
	at freemarker.core.Environment.invokeMacroOrFunctionCommonPart(Environment.java:889)
	at freemarker.core.Environment.invokeMacro(Environment.java:825)
	at freemarker.core.UnifiedCall.accept(UnifiedCall.java:84)
	at freemarker.core.Environment.visit(Environment.java:347)
	at freemarker.core.Environment.visit(Environment.java:389)
	at freemarker.core.IteratorBlock$IterationContext.executedNestedContentForCollOrSeqListing(IteratorBlock.java:321)
	at freemarker.core.IteratorBlock$IterationContext.executeNestedContent(IteratorBlock.java:271)
	at freemarker.core.IteratorBlock$IterationContext.accept(IteratorBlock.java:244)
	at freemarker.core.Environment.visitIteratorBlock(Environment.java:657)
	at freemarker.core.IteratorBlock.acceptWithResult(IteratorBlock.java:108)
	at freemarker.core.IteratorBlock.accept(IteratorBlock.java:94)
	at freemarker.core.Environment.visit(Environment.java:347)
	at freemarker.core.Environment.visit(Environment.java:389)
	at freemarker.core.Environment.invokeMacroOrFunctionCommonPart(Environment.java:889)
	at freemarker.core.Environment.invokeMacro(Environment.java:825)
	at freemarker.core.UnifiedCall.accept(UnifiedCall.java:84)
	at freemarker.core.Environment.visit(Environment.java:347)
	at freemarker.core.Environment.visit(Environment.java:389)
	at freemarker.core.IteratorBlock$IterationContext.executedNestedContentForCollOrSeqListing(IteratorBlock.java:321)
	at freemarker.core.IteratorBlock$IterationContext.executeNestedContent(IteratorBlock.java:271)
	at freemarker.core.IteratorBlock$IterationContext.accept(IteratorBlock.java:244)
	at freemarker.core.Environment.visitIteratorBlock(Environment.java:657)
	at freemarker.core.IteratorBlock.acceptWithResult(IteratorBlock.java:108)
	at freemarker.core.IteratorBlock.accept(IteratorBlock.java:94)
	at freemarker.core.Environment.visit(Environment.java:347)
	at freemarker.core.Environment.visit(Environment.java:389)
	at freemarker.core.Environment.invokeMacroOrFunctionCommonPart(Environment.java:889)
	at freemarker.core.Environment.invokeMacro(Environment.java:825)
	at freemarker.core.UnifiedCall.accept(UnifiedCall.java:84)
	at freemarker.core.Environment.visit(Environment.java:347)
	at freemarker.core.Environment.visit(Environment.java:389)
	at freemarker.core.IteratorBlock$IterationContext.executedNestedContentForCollOrSeqListing(IteratorBlock.java:321)
	at freemarker.core.IteratorBlock$IterationContext.executeNestedContent(IteratorBlock.java:271)
	at freemarker.core.IteratorBlock$IterationContext.accept(IteratorBlock.java:244)
	at freemarker.core.Environment.visitIteratorBlock(Environment.java:657)
	at freemarker.core.IteratorBlock.acceptWithResult(IteratorBlock.java:108)
	at freemarker.core.IteratorBlock.accept(IteratorBlock.java:94)
	at freemarker.core.Environment.visit(Environment.java:347)
	at freemarker.core.Environment.visit(Environment.java:389)
	at freemarker.core.Environment.invokeMacroOrFunctionCommonPart(Environment.java:889)
	at freemarker.core.Environment.invokeMacro(Environment.java:825)
	at freemarker.core.UnifiedCall.accept(UnifiedCall.java:84)
	at freemarker.core.Environment.visit(Environment.java:347)
	at freemarker.core.Environment.visit(Environment.java:389)
	at freemarker.core.IteratorBlock$IterationContext.executedNestedContentForCollOrSeqListing(IteratorBlock.java:321)
	at freemarker.core.IteratorBlock$IterationContext.executeNestedContent(IteratorBlock.java:271)
	at freemarker.core.IteratorBlock$IterationContext.accept(IteratorBlock.java:244)
	at freemarker.core.Environment.visitIteratorBlock(Environment.java:657)
	at freemarker.core.IteratorBlock.acceptWithResult(IteratorBlock.java:108)
	at freemarker.core.IteratorBlock.accept(IteratorBlock.java:94)
	at freemarker.core.Environment.visit(Environment.java:347)
	at freemarker.core.Environment.visit(Environment.java:389)
	at freemarker.core.Environment.invokeMacroOrFunctionCommonPart(Environment.java:889)
	at freemarker.core.Environment.invokeMacro(Environment.java:825)
	at freemarker.core.UnifiedCall.accept(UnifiedCall.java:84)
	at freemarker.core.Environment.visit(Environment.java:347)
	at freemarker.core.Environment.visit(Environment.java:389)
	at freemarker.core.IteratorBlock$IterationContext.executedNestedContentForCollOrSeqListing(IteratorBlock.java:321)
	at freemarker.core.IteratorBlock$IterationContext.executeNestedContent(IteratorBlock.java:271)
	at freemarker.core.IteratorBlock$IterationContext.accept(IteratorBlock.java:244)
	at freemarker.core.Environment.visitIteratorBlock(Environment.java:657)
	at freemarker.core.IteratorBlock.acceptWithResult(IteratorBlock.java:108)
	at freemarker.core.IteratorBlock.accept(IteratorBlock.java:94)
	at freemarker.core.Environment.visit(Environment.java:347)
	at freemarker.core.Environment.visit(Environment.java:389)
	at freemarker.core.Environment.invokeMacroOrFunctionCommonPart(Environment.java:889)
	at freemarker.core.Environment.invokeMacro(Environment.java:825)
	at freemarker.core.UnifiedCall.accept(UnifiedCall.java:84)
	at freemarker.core.Environment.visit(Environment.java:347)
	at freemarker.core.Environment.visit(Environment.java:389)
	at freemarker.core.IteratorBlock$IterationContext.executedNestedContentForCollOrSeqListing(IteratorBlock.java:321)
	at freemarker.core.IteratorBlock$IterationContext.executeNestedContent(IteratorBlock.java:271)
	at freemarker.core.IteratorBlock$IterationContext.accept(IteratorBlock.java:244)
	at freemarker.core.Environment.visitIteratorBlock(Environment.java:657)
	at freemarker.core.IteratorBlock.acceptWithResult(IteratorBlock.java:108)
	at freemarker.core.IteratorBlock.accept(IteratorBlock.java:94)
	at freemarker.core.Environment.visit(Environment.java:347)
	at freemarker.core.Environment.visit(Environment.java:389)
	at freemarker.core.Environment.invokeMacroOrFunctionCommonPart(Environment.java:889)
	at freemarker.core.Environment.invokeMacro(Environment.java:825)
	at freemarker.core.UnifiedCall.accept(UnifiedCall.java:84)
	at freemarker.core.Environment.visit(Environment.java:347)
	at freemarker.core.Environment.visit(Environment.java:389)
	at freemarker.core.IteratorBlock$IterationContext.executedNestedContentForCollOrSeqListing(IteratorBlock.java:321)
	at freemarker.core.IteratorBlock$IterationContext.executeNestedContent(IteratorBlock.java:271)
	at freemarker.core.IteratorBlock$IterationContext.accept(IteratorBlock.java:244)
	at freemarker.core.Environment.visitIteratorBlock(Environment.java:657)
	at freemarker.core.IteratorBlock.acceptWithResult(IteratorBlock.java:108)
	at freemarker.core.IteratorBlock.accept(IteratorBlock.java:94)
	at freemarker.core.Environment.visit(Environment.java:347)
	at freemarker.core.Environment.visit(Environment.java:389)
	at freemarker.core.Environment.invokeMacroOrFunctionCommonPart(Environment.java:889)
	at freemarker.core.Environment.invokeMacro(Environment.java:825)
	at freemarker.core.UnifiedCall.accept(UnifiedCall.java:84)
	at freemarker.core.Environment.visit(Environment.java:347)
	at freemarker.core.Environment.visit(Environment.java:389)
	at freemarker.core.IteratorBlock$IterationContext.executedNestedContentForCollOrSeqListing(IteratorBlock.java:321)
	at freemarker.core.IteratorBlock$IterationContext.executeNestedContent(IteratorBlock.java:271)
	at freemarker.core.IteratorBlock$IterationContext.accept(IteratorBlock.java:244)
	at freemarker.core.Environment.visitIteratorBlock(Environment.java:657)
	at freemarker.core.IteratorBlock.acceptWithResult(IteratorBlock.java:108)
	at freemarker.core.IteratorBlock.accept(IteratorBlock.java:94)
	at freemarker.core.Environment.visit(Environment.java:347)
	at freemarker.core.Environment.visit(Environment.java:389)
	at freemarker.core.Environment.invokeMacroOrFunctionCommonPart(Environment.java:889)
	at freemarker.core.Environment.invokeMacro(Environment.java:825)
	at freemarker.core.UnifiedCall.accept(UnifiedCall.java:84)
	at freemarker.core.Environment.visit(Environment.java:347)
	at freemarker.core.Environment.visit(Environment.java:389)
	at freemarker.core.IteratorBlock$IterationContext.executedNestedContentForCollOrSeqListing(IteratorBlock.java:321)
	at freemarker.core.IteratorBlock$IterationContext.executeNestedContent(IteratorBlock.java:271)
	at freemarker.core.IteratorBlock$IterationContext.accept(IteratorBlock.java:244)
	at freemarker.core.Environment.visitIteratorBlock(Environment.java:657)
	at freemarker.core.IteratorBlock.acceptWithResult(IteratorBlock.java:108)
	at freemarker.core.IteratorBlock.accept(IteratorBlock.java:94)
	at freemarker.core.Environment.visit(Environment.java:347)
	at freemarker.core.Environment.visit(Environment.java:389)
	at freemarker.core.Environment.invokeMacroOrFunctionCommonPart(Environment.java:889)
	at freemarker.core.Environment.invokeMacro(Environment.java:825)
	at freemarker.core.UnifiedCall.accept(UnifiedCall.java:84)
	at freemarker.core.Environment.visit(Environment.java:347)
	at freemarker.core.Environment.visit(Environment.java:389)
	at freemarker.core.IteratorBlock$IterationContext.executedNestedContentForCollOrSeqListing(IteratorBlock.java:321)
	at freemarker.core.IteratorBlock$IterationContext.executeNestedContent(IteratorBlock.java:271)
	at freemarker.core.IteratorBlock$IterationContext.accept(IteratorBlock.java:244)
	at freemarker.core.Environment.visitIteratorBlock(Environment.java:657)
	at freemarker.core.IteratorBlock.acceptWithResult(IteratorBlock.java:108)
	at freemarker.core.IteratorBlock.accept(IteratorBlock.java:94)
	at freemarker.core.Environment.visit(Environment.java:347)
	at freemarker.core.Environment.visit(Environment.java:389)
	at freemarker.core.Environment.invokeMacroOrFunctionCommonPart(Environment.java:889)
	at freemarker.core.Environment.invokeMacro(Environment.java:825)
	at freemarker.core.UnifiedCall.accept(UnifiedCall.java:84)
	at freemarker.core.Environment.visit(Environment.java:347)
	at freemarker.core.Environment.visit(Environment.java:389)
	at freemarker.core.IteratorBlock$IterationContext.executedNestedContentForCollOrSeqListing(IteratorBlock.java:321)
	at freemarker.core.IteratorBlock$IterationContext.executeNestedContent(IteratorBlock.java:271)
	at freemarker.core.IteratorBlock$IterationContext.accept(IteratorBlock.java:244)
	at freemarker.core.Environment.visitIteratorBlock(Environment.java:657)
	at freemarker.core.IteratorBlock.acceptWithResult(IteratorBlock.java:108)
	at freemarker.core.IteratorBlock.accept(IteratorBlock.java:94)
	at freemarker.core.Environment.visit(Environment.java:347)
	at freemarker.core.Environment.visit(Environment.java:389)
	at freemarker.core.Environment.invokeMacroOrFunctionCommonPart(Environment.java:889)
	at freemarker.core.Environment.invokeMacro(Environment.java:825)
	at freemarker.core.UnifiedCall.accept(UnifiedCall.java:84)
	at freemarker.core.Environment.visit(Environment.java:347)
	at freemarker.core.Environment.visit(Environment.java:389)
	at freemarker.core.IteratorBlock$IterationContext.executedNestedContentForCollOrSeqListing(IteratorBlock.java:321)
	at freemarker.core.IteratorBlock$IterationContext.executeNestedContent(IteratorBlock.java:271)
	at freemarker.core.IteratorBlock$IterationContext.accept(IteratorBlock.java:244)
	at freemarker.core.Environment.visitIteratorBlock(Environment.java:657)
	at freemarker.core.IteratorBlock.acceptWithResult(IteratorBlock.java:108)
	at freemarker.core.IteratorBlock.accept(IteratorBlock.java:94)
	at freemarker.core.Environment.visit(Environment.java:347)
	at freemarker.core.Environment.visit(Environment.java:389)
	at freemarker.core.Environment.invokeMacroOrFunctionCommonPart(Environment.java:889)
	at freemarker.core.Environment.invokeMacro(Environment.java:825)
	at freemarker.core.UnifiedCall.accept(UnifiedCall.java:84)
	at freemarker.core.Environment.visit(Environment.java:347)
	at freemarker.core.Environment.visit(Environment.java:389)
	at freemarker.core.IteratorBlock$IterationContext.executedNestedContentForCollOrSeqListing(IteratorBlock.java:321)
	at freemarker.core.IteratorBlock$IterationContext.executeNestedContent(IteratorBlock.java:271)
	at freemarker.core.IteratorBlock$IterationContext.accept(IteratorBlock.java:244)
	at freemarker.core.Environment.visitIteratorBlock(Environment.java:657)
	at freemarker.core.IteratorBlock.acceptWithResult(IteratorBlock.java:108)
	at freemarker.core.IteratorBlock.accept(IteratorBlock.java:94)
	at freemarker.core.Environment.visit(Environment.java:347)
	at freemarker.core.Environment.visit(Environment.java:389)
	at freemarker.core.Environment.invokeMacroOrFunctionCommonPart(Environment.java:889)
	at freemarker.core.Environment.invokeMacro(Environment.java:825)
	at freemarker.core.UnifiedCall.accept(UnifiedCall.java:84)
	at freemarker.core.Environment.visit(Environment.java:347)
	at freemarker.core.Environment.visit(Environment.java:389)
	at freemarker.core.IteratorBlock$IterationContext.executedNestedContentForCollOrSeqListing(IteratorBlock.java:321)
	at freemarker.core.IteratorBlock$IterationContext.executeNestedContent(IteratorBlock.java:271)
	at freemarker.core.IteratorBlock$IterationContext.accept(IteratorBlock.java:244)
	at freemarker.core.Environment.visitIteratorBlock(Environment.java:657)
	at freemarker.core.IteratorBlock.acceptWithResult(IteratorBlock.java:108)
	at freemarker.core.IteratorBlock.accept(IteratorBlock.java:94)
	at freemarker.core.Environment.visit(Environment.java:347)
	at freemarker.core.Environment.visit(Environment.java:389)
	at freemarker.core.Environment.invokeMacroOrFunctionCommonPart(Environment.java:889)
	at freemarker.core.Environment.invokeMacro(Environment.java:825)
	at freemarker.core.UnifiedCall.accept(UnifiedCall.java:84)
	at freemarker.core.Environment.visit(Environment.java:347)
	at freemarker.core.Environment.visit(Environment.java:389)
	at freemarker.core.IteratorBlock$IterationContext.executedNestedContentForCollOrSeqListing(IteratorBlock.java:321)
	at freemarker.core.IteratorBlock$IterationContext.executeNestedContent(IteratorBlock.java:271)
	at freemarker.core.IteratorBlock$IterationContext.accept(IteratorBlock.java:244)
	at freemarker.core.Environment.visitIteratorBlock(Environment.java:657)
	at freemarker.core.IteratorBlock.acceptWithResult(IteratorBlock.java:108)
	at freemarker.core.IteratorBlock.accept(IteratorBlock.java:94)
	at freemarker.core.Environment.visit(Environment.java:347)
	at freemarker.core.Environment.visit(Environment.java:389)
	at freemarker.core.Environment.invokeMacroOrFunctionCommonPart(Environment.java:889)
	at freemarker.core.Environment.invokeMacro(Environment.java:825)
	at freemarker.core.UnifiedCall.accept(UnifiedCall.java:84)
	at freemarker.core.Environment.visit(Environment.java:347)
	at freemarker.core.Environment.visit(Environment.java:389)
	at freemarker.core.IteratorBlock$IterationContext.executedNestedContentForCollOrSeqListing(IteratorBlock.java:321)
	at freemarker.core.IteratorBlock$IterationContext.executeNestedContent(IteratorBlock.java:271)
	at freemarker.core.IteratorBlock$IterationContext.accept(IteratorBlock.java:244)
	at freemarker.core.Environment.visitIteratorBlock(Environment.java:657)
	at freemarker.core.IteratorBlock.acceptWithResult(IteratorBlock.java:108)
	at freemarker.core.IteratorBlock.accept(IteratorBlock.java:94)
	at freemarker.core.Environment.visit(Environment.java:347)
	at freemarker.core.Environment.visit(Environment.java:389)
	at freemarker.core.Environment.invokeMacroOrFunctionCommonPart(Environment.java:889)
	at freemarker.core.Environment.invokeMacro(Environment.java:825)
	at freemarker.core.UnifiedCall.accept(UnifiedCall.java:84)
	at freemarker.core.Environment.visit(Environment.java:347)
	at freemarker.core.Environment.visit(Environment.java:389)
	at freemarker.core.IteratorBlock$IterationContext.executedNestedContentForCollOrSeqListing(IteratorBlock.java:321)
	at freemarker.core.IteratorBlock$IterationContext.executeNestedContent(IteratorBlock.java:271)
	at freemarker.core.IteratorBlock$IterationContext.accept(IteratorBlock.java:244)
	at freemarker.core.Environment.visitIteratorBlock(Environment.java:657)
	at freemarker.core.IteratorBlock.acceptWithResult(IteratorBlock.java:108)
Caused by: java.lang.StackOverflowError
	at java.base/java.util.stream.ReduceOps$3ReducingSink.begin(ReduceOps.java:164)
	at java.base/java.util.stream.Sink$ChainedReference.begin(Sink.java:253)
	at java.base/java.util.stream.AbstractPipeline.copyInto(AbstractPipeline.java:508)
	at java.base/java.util.stream.AbstractPipeline.wrapAndCopyInto(AbstractPipeline.java:499)
	at java.base/java.util.stream.ReduceOps$ReduceOp.evaluateSequential(ReduceOps.java:921)
	at java.base/java.util.stream.AbstractPipeline.evaluate(AbstractPipeline.java:234)
	at java.base/java.util.stream.ReferencePipeline.collect(ReferencePipeline.java:682)
	at net.thucydides.core.model.TestStep.getRenderedScreenshots(TestStep.java:294)
	at net.thucydides.core.model.TestStep.lambda$getRenderedScreenshots$8(TestStep.java:297)
	at java.base/java.util.ArrayList.forEach(ArrayList.java:1511)
	at net.thucydides.core.model.TestStep.getRenderedScreenshots(TestStep.java:296)
	at net.thucydides.core.model.TestStep.lambda$getRenderedScreenshots$8(TestStep.java:297)
	at java.base/java.util.ArrayList.forEach(ArrayList.java:1511)
	at net.thucydides.core.model.TestStep.getRenderedScreenshots(TestStep.java:296)
	at net.thucydides.core.model.TestStep.lambda$getRenderedScreenshots$8(TestStep.java:297)
	at java.base/java.util.ArrayList.forEach(ArrayList.java:1511)
	at net.thucydides.core.model.TestStep.getRenderedScreenshots(TestStep.java:296)
	at net.thucydides.core.model.TestStep.lambda$getRenderedScreenshots$8(TestStep.java:297)
	at java.base/java.util.ArrayList.forEach(ArrayList.java:1511)
	at net.thucydides.core.model.TestStep.getRenderedScreenshots(TestStep.java:296)
	at net.thucydides.core.model.TestStep.lambda$getRenderedScreenshots$8(TestStep.java:297)
	at java.base/java.util.ArrayList.forEach(ArrayList.java:1511)
	at net.thucydides.core.model.TestStep.getRenderedScreenshots(TestStep.java:296)
	at net.thucydides.core.model.TestStep.lambda$getRenderedScreenshots$8(TestStep.java:297)
	at java.base/java.util.ArrayList.forEach(ArrayList.java:1511)
	at net.thucydides.core.model.TestStep.getRenderedScreenshots(TestStep.java:296)
	at net.thucydides.core.model.TestStep.lambda$getRenderedScreenshots$8(TestStep.java:297)
	at java.base/java.util.ArrayList.forEach(ArrayList.java:1511)
	at net.thucydides.core.model.TestStep.getRenderedScreenshots(TestStep.java:296)
	at net.thucydides.core.model.TestStep.lambda$getRenderedScreenshots$8(TestStep.java:297)
	at java.base/java.util.ArrayList.forEach(ArrayList.java:1511)
	at net.thucydides.core.model.TestStep.getRenderedScreenshots(TestStep.java:296)
	at net.thucydides.core.model.TestStep.lambda$getRenderedScreenshots$8(TestStep.java:297)
	at java.base/java.util.ArrayList.forEach(ArrayList.java:1511)
	at net.thucydides.core.model.TestStep.getRenderedScreenshots(TestStep.java:296)
	at net.thucydides.core.model.TestStep.lambda$getRenderedScreenshots$8(TestStep.java:297)
	at java.base/java.util.ArrayList.forEach(ArrayList.java:1511)
	at net.thucydides.core.model.TestStep.getRenderedScreenshots(TestStep.java:296)
	at net.thucydides.core.model.TestStep.lambda$getRenderedScreenshots$8(TestStep.java:297)
	at java.base/java.util.ArrayList.forEach(ArrayList.java:1511)
	at net.thucydides.core.model.TestStep.getRenderedScreenshots(TestStep.java:296)
	at net.thucydides.core.model.TestStep.lambda$getRenderedScreenshots$8(TestStep.java:297)
	at java.base/java.util.ArrayList.forEach(ArrayList.java:1511)
	at net.thucydides.core.model.TestStep.getRenderedScreenshots(TestStep.java:296)
	at net.thucydides.core.model.TestStep.lambda$getRenderedScreenshots$8(TestStep.java:297)
	at java.base/java.util.ArrayList.forEach(ArrayList.java:1511)
	at net.thucydides.core.model.TestStep.getRenderedScreenshots(TestStep.java:296)
	at net.thucydides.core.model.TestStep.lambda$getRenderedScreenshots$8(TestStep.java:297)
	at java.base/java.util.ArrayList.forEach(ArrayList.java:1511)
	at net.thucydides.core.model.TestStep.getRenderedScreenshots(TestStep.java:296)
	at net.thucydides.core.model.TestStep.lambda$getRenderedScreenshots$8(TestStep.java:297)
	at java.base/java.util.ArrayList.forEach(ArrayList.java:1511)
	at net.thucydides.core.model.TestStep.getRenderedScreenshots(TestStep.java:296)
	at net.thucydides.core.model.TestStep.lambda$getRenderedScreenshots$8(TestStep.java:297)
	at java.base/java.util.ArrayList.forEach(ArrayList.java:1511)
	at net.thucydides.core.model.TestStep.getRenderedScreenshots(TestStep.java:296)
	at net.thucydides.core.model.TestStep.lambda$getRenderedScreenshots$8(TestStep.java:297)
	at java.base/java.util.ArrayList.forEach(ArrayList.java:1511)
	at net.thucydides.core.model.TestStep.getRenderedScreenshots(TestStep.java:296)
	at net.thucydides.core.model.TestStep.lambda$getRenderedScreenshots$8(TestStep.java:297)
	at java.base/java.util.ArrayList.forEach(ArrayList.java:1511)
	at net.thucydides.core.model.TestStep.getRenderedScreenshots(TestStep.java:296)
	at net.thucydides.core.model.TestStep.lambda$getRenderedScreenshots$8(TestStep.java:297)
	at java.base/java.util.ArrayList.forEach(ArrayList.java:1511)
	at net.thucydides.core.model.TestStep.getRenderedScreenshots(TestStep.java:296)
	at net.thucydides.core.model.TestStep.lambda$getRenderedScreenshots$8(TestStep.java:297)
	at java.base/java.util.ArrayList.forEach(ArrayList.java:1511)
	at net.thucydides.core.model.TestStep.getRenderedScreenshots(TestStep.java:296)
	at net.thucydides.core.model.TestStep.lambda$getRenderedScreenshots$8(TestStep.java:297)
	at java.base/java.util.ArrayList.forEach(ArrayList.java:1511)
	at net.thucydides.core.model.TestStep.getRenderedScreenshots(TestStep.java:296)
	at net.thucydides.core.model.TestStep.lambda$getRenderedScreenshots$8(TestStep.java:297)
	at java.base/java.util.ArrayList.forEach(ArrayList.java:1511)
	at net.thucydides.core.model.TestStep.getRenderedScreenshots(TestStep.java:296)
	at net.thucydides.core.model.TestStep.lambda$getRenderedScreenshots$8(TestStep.java:297)
	at java.base/java.util.ArrayList.forEach(ArrayList.java:1511)
	at net.thucydides.core.model.TestStep.getRenderedScreenshots(TestStep.java:296)
	at net.thucydides.core.model.TestStep.lambda$getRenderedScreenshots$8(TestStep.java:297)
	at java.base/java.util.ArrayList.forEach(ArrayList.java:1511)
	at net.thucydides.core.model.TestStep.getRenderedScreenshots(TestStep.java:296)
	at net.thucydides.core.model.TestStep.lambda$getRenderedScreenshots$8(TestStep.java:297)
	at java.base/java.util.ArrayList.forEach(ArrayList.java:1511)
	at net.thucydides.core.model.TestStep.getRenderedScreenshots(TestStep.java:296)
	at net.thucydides.core.model.TestStep.lambda$getRenderedScreenshots$8(TestStep.java:297)
	at java.base/java.util.ArrayList.forEach(ArrayList.java:1511)
	at net.thucydides.core.model.TestStep.getRenderedScreenshots(TestStep.java:296)
	at net.thucydides.core.model.TestStep.lambda$getRenderedScreenshots$8(TestStep.java:297)
	at java.base/java.util.ArrayList.forEach(ArrayList.java:1511)
	at net.thucydides.core.model.TestStep.getRenderedScreenshots(TestStep.java:296)
	at net.thucydides.core.model.TestStep.lambda$getRenderedScreenshots$8(TestStep.java:297)
	at java.base/java.util.ArrayList.forEach(ArrayList.java:1511)
	at net.thucydides.core.model.TestStep.getRenderedScreenshots(TestStep.java:296)
	at net.thucydides.core.model.TestStep.lambda$getRenderedScreenshots$8(TestStep.java:297)
	at java.base/java.util.ArrayList.forEach(ArrayList.java:1511)
	at net.thucydides.core.model.TestStep.getRenderedScreenshots(TestStep.java:296)
	at net.thucydides.core.model.TestStep.lambda$getRenderedScreenshots$8(TestStep.java:297)
	at java.base/java.util.ArrayList.forEach(ArrayList.java:1511)
	at net.thucydides.core.model.TestStep.getRenderedScreenshots(TestStep.java:296)
	at net.thucydides.core.model.TestStep.lambda$getRenderedScreenshots$8(TestStep.java:297)
	at java.base/java.util.ArrayList.forEach(ArrayList.java:1511)
	at net.thucydides.core.model.TestStep.getRenderedScreenshots(TestStep.java:296)
	at net.thucydides.core.model.TestStep.lambda$getRenderedScreenshots$8(TestStep.java:297)
	at java.base/java.util.ArrayList.forEach(ArrayList.java:1511)
	at net.thucydides.core.model.TestStep.getRenderedScreenshots(TestStep.java:296)
	at net.thucydides.core.model.TestStep.lambda$getRenderedScreenshots$8(TestStep.java:297)
	at java.base/java.util.ArrayList.forEach(ArrayList.java:1511)
	at net.thucydides.core.model.TestStep.getRenderedScreenshots(TestStep.java:296)
	at net.thucydides.core.model.TestStep.lambda$getRenderedScreenshots$8(TestStep.java:297)
	at java.base/java.util.ArrayList.forEach(ArrayList.java:1511)
	at net.thucydides.core.model.TestStep.getRenderedScreenshots(TestStep.java:296)
	at net.thucydides.core.model.TestStep.lambda$getRenderedScreenshots$8(TestStep.java:297)
	at java.base/java.util.ArrayList.forEach(ArrayList.java:1511)
	at net.thucydides.core.model.TestStep.getRenderedScreenshots(TestStep.java:296)
	at net.thucydides.core.model.TestStep.lambda$getRenderedScreenshots$8(TestStep.java:297)
	at java.base/java.util.ArrayList.forEach(ArrayList.java:1511)
	at net.thucydides.core.model.TestStep.getRenderedScreenshots(TestStep.java:296)
	at net.thucydides.core.model.TestStep.lambda$getRenderedScreenshots$8(TestStep.java:297)
	at java.base/java.util.ArrayList.forEach(ArrayList.java:1511)
	at net.thucydides.core.model.TestStep.getRenderedScreenshots(TestStep.java:296)
	at net.thucydides.core.model.TestStep.lambda$getRenderedScreenshots$8(TestStep.java:297)
	at java.base/java.util.ArrayList.forEach(ArrayList.java:1511)
	at net.thucydides.core.model.TestStep.getRenderedScreenshots(TestStep.java:296)
	at net.thucydides.core.model.TestStep.lambda$getRenderedScreenshots$8(TestStep.java:297)
	at java.base/java.util.ArrayList.forEach(ArrayList.java:1511)
	at net.thucydides.core.model.TestStep.getRenderedScreenshots(TestStep.java:296)
	at net.thucydides.core.model.TestStep.lambda$getRenderedScreenshots$8(TestStep.java:297)
	at java.base/java.util.ArrayList.forEach(ArrayList.java:1511)
	at net.thucydides.core.model.TestStep.getRenderedScreenshots(TestStep.java:296)
	at net.thucydides.core.model.TestStep.lambda$getRenderedScreenshots$8(TestStep.java:297)
	at java.base/java.util.ArrayList.forEach(ArrayList.java:1511)
	at net.thucydides.core.model.TestStep.getRenderedScreenshots(TestStep.java:296)
	at net.thucydides.core.model.TestStep.lambda$getRenderedScreenshots$8(TestStep.java:297)
	at java.base/java.util.ArrayList.forEach(ArrayList.java:1511)
	at net.thucydides.core.model.TestStep.getRenderedScreenshots(TestStep.java:296)
	at net.thucydides.core.model.TestStep.lambda$getRenderedScreenshots$8(TestStep.java:297)
	at java.base/java.util.ArrayList.forEach(ArrayList.java:1511)
	at net.thucydides.core.model.TestStep.getRenderedScreenshots(TestStep.java:296)
	at net.thucydides.core.model.TestStep.lambda$getRenderedScreenshots$8(TestStep.java:297)
	at java.base/java.util.ArrayList.forEach(ArrayList.java:1511)
	at net.thucydides.core.model.TestStep.getRenderedScreenshots(TestStep.java:296)
	at net.thucydides.core.model.TestStep.lambda$getRenderedScreenshots$8(TestStep.java:297)
	at java.base/java.util.ArrayList.forEach(ArrayList.java:1511)
	at net.thucydides.core.model.TestStep.getRenderedScreenshots(TestStep.java:296)
	at net.thucydides.core.model.TestStep.lambda$getRenderedScreenshots$8(TestStep.java:297)
	at java.base/java.util.ArrayList.forEach(ArrayList.java:1511)
	at net.thucydides.core.model.TestStep.getRenderedScreenshots(TestStep.java:296)
	at net.thucydides.core.model.TestStep.lambda$getRenderedScreenshots$8(TestStep.java:297)
	at java.base/java.util.ArrayList.forEach(ArrayList.java:1511)
	at net.thucydides.core.model.TestStep.getRenderedScreenshots(TestStep.java:296)
	at net.thucydides.core.model.TestStep.lambda$getRenderedScreenshots$8(TestStep.java:297)
	at java.base/java.util.ArrayList.forEach(ArrayList.java:1511)
	at net.thucydides.core.model.TestStep.getRenderedScreenshots(TestStep.java:296)
	at net.thucydides.core.model.TestStep.lambda$getRenderedScreenshots$8(TestStep.java:297)
	at java.base/java.util.ArrayList.forEach(ArrayList.java:1511)
	at net.thucydides.core.model.TestStep.getRenderedScreenshots(TestStep.java:296)
	at net.thucydides.core.model.TestStep.lambda$getRenderedScreenshots$8(TestStep.java:297)
	at java.base/java.util.ArrayList.forEach(ArrayList.java:1511)
	at net.thucydides.core.model.TestStep.getRenderedScreenshots(TestStep.java:296)
	at net.thucydides.core.model.TestStep.lambda$getRenderedScreenshots$8(TestStep.java:297)
	at java.base/java.util.ArrayList.forEach(ArrayList.java:1511)
	at net.thucydides.core.model.TestStep.getRenderedScreenshots(TestStep.java:296)
	at net.thucydides.core.model.TestStep.lambda$getRenderedScreenshots$8(TestStep.java:297)
	at java.base/java.util.ArrayList.forEach(ArrayList.java:1511)
	at net.thucydides.core.model.TestStep.getRenderedScreenshots(TestStep.java:296)
	at net.thucydides.core.model.TestStep.lambda$getRenderedScreenshots$8(TestStep.java:297)
	at java.base/java.util.ArrayList.forEach(ArrayList.java:1511)
	at net.thucydides.core.model.TestStep.getRenderedScreenshots(TestStep.java:296)
	at net.thucydides.core.model.TestStep.lambda$getRenderedScreenshots$8(TestStep.java:297)
	at java.base/java.util.ArrayList.forEach(ArrayList.java:1511)
	at net.thucydides.core.model.TestStep.getRenderedScreenshots(TestStep.java:296)
	at net.thucydides.core.model.TestStep.lambda$getRenderedScreenshots$8(TestStep.java:297)
	at java.base/java.util.ArrayList.forEach(ArrayList.java:1511)
	at net.thucydides.core.model.TestStep.getRenderedScreenshots(TestStep.java:296)
	at net.thucydides.core.model.TestStep.lambda$getRenderedScreenshots$8(TestStep.java:297)
	at java.base/java.util.ArrayList.forEach(ArrayList.java:1511)
	at net.thucydides.core.model.TestStep.getRenderedScreenshots(TestStep.java:296)
	at net.thucydides.core.model.TestStep.lambda$getRenderedScreenshots$8(TestStep.java:297)
	at java.base/java.util.ArrayList.forEach(ArrayList.java:1511)
	at net.thucydides.core.model.TestStep.getRenderedScreenshots(TestStep.java:296)
	at net.thucydides.core.model.TestStep.lambda$getRenderedScreenshots$8(TestStep.java:297)
	at java.base/java.util.ArrayList.forEach(ArrayList.java:1511)
	at net.thucydides.core.model.TestStep.getRenderedScreenshots(TestStep.java:296)
	at net.thucydides.core.model.TestStep.lambda$getRenderedScreenshots$8(TestStep.java:297)
	at java.base/java.util.ArrayList.forEach(ArrayList.java:1511)
	at net.thucydides.core.model.TestStep.getRenderedScreenshots(TestStep.java:296)
	at net.thucydides.core.model.TestStep.lambda$getRenderedScreenshots$8(TestStep.java:297)
	at java.base/java.util.ArrayList.forEach(ArrayList.java:1511)
	at net.thucydides.core.model.TestStep.getRenderedScreenshots(TestStep.java:296)
	at net.thucydides.core.model.TestStep.lambda$getRenderedScreenshots$8(TestStep.java:297)
	at java.base/java.util.ArrayList.forEach(ArrayList.java:1511)
	at net.thucydides.core.model.TestStep.getRenderedScreenshots(TestStep.java:296)
	at net.thucydides.core.model.TestStep.lambda$getRenderedScreenshots$8(TestStep.java:297)
	at java.base/java.util.ArrayList.forEach(ArrayList.java:1511)
	at net.thucydides.core.model.TestStep.getRenderedScreenshots(TestStep.java:296)
	at net.thucydides.core.model.TestStep.lambda$getRenderedScreenshots$8(TestStep.java:297)
	at java.base/java.util.ArrayList.forEach(ArrayList.java:1511)
	at net.thucydides.core.model.TestStep.getRenderedScreenshots(TestStep.java:296)
	at net.thucydides.core.model.TestStep.lambda$getRenderedScreenshots$8(TestStep.java:297)
	at java.base/java.util.ArrayList.forEach(ArrayList.java:1511)
	at net.thucydides.core.model.TestStep.getRenderedScreenshots(TestStep.java:296)
	at net.thucydides.core.model.TestStep.lambda$getRenderedScreenshots$8(TestStep.java:297)
	at java.base/java.util.ArrayList.forEach(ArrayList.java:1511)
	at net.thucydides.core.model.TestStep.getRenderedScreenshots(TestStep.java:296)
	at net.thucydides.core.model.TestStep.lambda$getRenderedScreenshots$8(TestStep.java:297)
	at java.base/java.util.ArrayList.forEach(ArrayList.java:1511)
	at net.thucydides.core.model.TestStep.getRenderedScreenshots(TestStep.java:296)
	at net.thucydides.core.model.TestStep.lambda$getRenderedScreenshots$8(TestStep.java:297)
	at java.base/java.util.ArrayList.forEach(ArrayList.java:1511)
	at net.thucydides.core.model.TestStep.getRenderedScreenshots(TestStep.java:296)
	at net.thucydides.core.model.TestStep.lambda$getRenderedScreenshots$8(TestStep.java:297)
	at java.base/java.util.ArrayList.forEach(ArrayList.java:1511)
	at net.thucydides.core.model.TestStep.getRenderedScreenshots(TestStep.java:296)
	at net.thucydides.core.model.TestStep.lambda$getRenderedScreenshots$8(TestStep.java:297)
	at java.base/java.util.ArrayList.forEach(ArrayList.java:1511)
	at net.thucydides.core.model.TestStep.getRenderedScreenshots(TestStep.java:296)
	at net.thucydides.core.model.TestStep.lambda$getRenderedScreenshots$8(TestStep.java:297)
	at java.base/java.util.ArrayList.forEach(ArrayList.java:1511)
	at net.thucydides.core.model.TestStep.getRenderedScreenshots(TestStep.java:296)
	at net.thucydides.core.model.TestStep.lambda$getRenderedScreenshots$8(TestStep.java:297)
	at java.base/java.util.ArrayList.forEach(ArrayList.java:1511)
	at net.thucydides.core.model.TestStep.getRenderedScreenshots(TestStep.java:296)
	at net.thucydides.core.model.TestStep.lambda$getRenderedScreenshots$8(TestStep.java:297)
	at java.base/java.util.ArrayList.forEach(ArrayList.java:1511)
	at net.thucydides.core.model.TestStep.getRenderedScreenshots(TestStep.java:296)
	at net.thucydides.core.model.TestStep.lambda$getRenderedScreenshots$8(TestStep.java:297)
	at java.base/java.util.ArrayList.forEach(ArrayList.java:1511)
	at net.thucydides.core.model.TestStep.getRenderedScreenshots(TestStep.java:296)
	at net.thucydides.core.model.TestStep.lambda$getRenderedScreenshots$8(TestStep.java:297)
	at java.base/java.util.ArrayList.forEach(ArrayList.java:1511)
	at net.thucydides.core.model.TestStep.getRenderedScreenshots(TestStep.java:296)
	at net.thucydides.core.model.TestStep.lambda$getRenderedScreenshots$8(TestStep.java:297)
	at java.base/java.util.ArrayList.forEach(ArrayList.java:1511)
	at net.thucydides.core.model.TestStep.getRenderedScreenshots(TestStep.java:296)
	at net.thucydides.core.model.TestStep.lambda$getRenderedScreenshots$8(TestStep.java:297)
	at java.base/java.util.ArrayList.forEach(ArrayList.java:1511)
	at net.thucydides.core.model.TestStep.getRenderedScreenshots(TestStep.java:296)
	at net.thucydides.core.model.TestStep.lambda$getRenderedScreenshots$8(TestStep.java:297)
	at java.base/java.util.ArrayList.forEach(ArrayList.java:1511)
	at net.thucydides.core.model.TestStep.getRenderedScreenshots(TestStep.java:296)
	at net.thucydides.core.model.TestStep.lambda$getRenderedScreenshots$8(TestStep.java:297)
	at java.base/java.util.ArrayList.forEach(ArrayList.java:1511)
	at net.thucydides.core.model.TestStep.getRenderedScreenshots(TestStep.java:296)
	at net.thucydides.core.model.TestStep.lambda$getRenderedScreenshots$8(TestStep.java:297)
	at java.base/java.util.ArrayList.forEach(ArrayList.java:1511)
	at net.thucydides.core.model.TestStep.getRenderedScreenshots(TestStep.java:296)
	at net.thucydides.core.model.TestStep.lambda$getRenderedScreenshots$8(TestStep.java:297)
	at java.base/java.util.ArrayList.forEach(ArrayList.java:1511)
	at net.thucydides.core.model.TestStep.getRenderedScreenshots(TestStep.java:296)
	at net.thucydides.core.model.TestStep.lambda$getRenderedScreenshots$8(TestStep.java:297)
	at java.base/java.util.ArrayList.forEach(ArrayList.java:1511)
	at net.thucydides.core.model.TestStep.getRenderedScreenshots(TestStep.java:296)
	at net.thucydides.core.model.TestStep.lambda$getRenderedScreenshots$8(TestStep.java:297)
	at java.base/java.util.ArrayList.forEach(ArrayList.java:1511)
	at net.thucydides.core.model.TestStep.getRenderedScreenshots(TestStep.java:296)
	at net.thucydides.core.model.TestStep.lambda$getRenderedScreenshots$8(TestStep.java:297)
	at java.base/java.util.ArrayList.forEach(ArrayList.java:1511)
	at net.thucydides.core.model.TestStep.getRenderedScreenshots(TestStep.java:296)
	at net.thucydides.core.model.TestStep.lambda$getRenderedScreenshots$8(TestStep.java:297)
	at java.base/java.util.ArrayList.forEach(ArrayList.java:1511)
	at net.thucydides.core.model.TestStep.getRenderedScreenshots(TestStep.java:296)
	at net.thucydides.core.model.TestStep.lambda$getRenderedScreenshots$8(TestStep.java:297)
	at java.base/java.util.ArrayList.forEach(ArrayList.java:1511)
	at net.thucydides.core.model.TestStep.getRenderedScreenshots(TestStep.java:296)
	at net.thucydides.core.model.TestStep.lambda$getRenderedScreenshots$8(TestStep.java:297)
	at java.base/java.util.ArrayList.forEach(ArrayList.java:1511)
	at net.thucydides.core.model.TestStep.getRenderedScreenshots(TestStep.java:296)
	at net.thucydides.core.model.TestStep.lambda$getRenderedScreenshots$8(TestStep.java:297)
	at java.base/java.util.ArrayList.forEach(ArrayList.java:1511)
	at net.thucydides.core.model.TestStep.getRenderedScreenshots(TestStep.java:296)
	at net.thucydides.core.model.TestStep.lambda$getRenderedScreenshots$8(TestStep.java:297)
	at java.base/java.util.ArrayList.forEach(ArrayList.java:1511)
	at net.thucydides.core.model.TestStep.getRenderedScreenshots(TestStep.java:296)
	at net.thucydides.core.model.TestStep.lambda$getRenderedScreenshots$8(TestStep.java:297)
	at java.base/java.util.ArrayList.forEach(ArrayList.java:1511)
	at net.thucydides.core.model.TestStep.getRenderedScreenshots(TestStep.java:296)
	at net.thucydides.core.model.TestStep.lambda$getRenderedScreenshots$8(TestStep.java:297)
	at java.base/java.util.ArrayList.forEach(ArrayList.java:1511)
	at net.thucydides.core.model.TestStep.getRenderedScreenshots(TestStep.java:296)
	at net.thucydides.core.model.TestStep.lambda$getRenderedScreenshots$8(TestStep.java:297)
	at java.base/java.util.ArrayList.forEach(ArrayList.java:1511)
	at net.thucydides.core.model.TestStep.getRenderedScreenshots(TestStep.java:296)
	at net.thucydides.core.model.TestStep.lambda$getRenderedScreenshots$8(TestStep.java:297)
	at java.base/java.util.ArrayList.forEach(ArrayList.java:1511)
	at net.thucydides.core.model.TestStep.getRenderedScreenshots(TestStep.java:296)
	at net.thucydides.core.model.TestStep.lambda$getRenderedScreenshots$8(TestStep.java:297)
	at java.base/java.util.ArrayList.forEach(ArrayList.java:1511)
	at net.thucydides.core.model.TestStep.getRenderedScreenshots(TestStep.java:296)
	at net.thucydides.core.model.TestStep.lambda$getRenderedScreenshots$8(TestStep.java:297)
	at java.base/java.util.ArrayList.forEach(ArrayList.java:1511)
	at net.thucydides.core.model.TestStep.getRenderedScreenshots(TestStep.java:296)
	at net.thucydides.core.model.TestStep.lambda$getRenderedScreenshots$8(TestStep.java:297)
	at java.base/java.util.ArrayList.forEach(ArrayList.java:1511)
	at net.thucydides.core.model.TestStep.getRenderedScreenshots(TestStep.java:296)
	at net.thucydides.core.model.TestStep.lambda$getRenderedScreenshots$8(TestStep.java:297)
	at java.base/java.util.ArrayList.forEach(ArrayList.java:1511)
	at net.thucydides.core.model.TestStep.getRenderedScreenshots(TestStep.java:296)
	at net.thucydides.core.model.TestStep.lambda$getRenderedScreenshots$8(TestStep.java:297)
	at java.base/java.util.ArrayList.forEach(ArrayList.java:1511)
	at net.thucydides.core.model.TestStep.getRenderedScreenshots(TestStep.java:296)
	at net.thucydides.core.model.TestStep.lambda$getRenderedScreenshots$8(TestStep.java:297)
	at java.base/java.util.ArrayList.forEach(ArrayList.java:1511)
	at net.thucydides.core.model.TestStep.getRenderedScreenshots(TestStep.java:296)
	at net.thucydides.core.model.TestStep.lambda$getRenderedScreenshots$8(TestStep.java:297)
	at java.base/java.util.ArrayList.forEach(ArrayList.java:1511)
	at net.thucydides.core.model.TestStep.getRenderedScreenshots(TestStep.java:296)
	at net.thucydides.core.model.TestStep.lambda$getRenderedScreenshots$8(TestStep.java:297)
	at java.base/java.util.ArrayList.forEach(ArrayList.java:1511)
	at net.thucydides.core.model.TestStep.getRenderedScreenshots(TestStep.java:296)
	at net.thucydides.core.model.TestStep.lambda$getRenderedScreenshots$8(TestStep.java:297)
	at java.base/java.util.ArrayList.forEach(ArrayList.java:1511)
	at net.thucydides.core.model.TestStep.getRenderedScreenshots(TestStep.java:296)
	at net.thucydides.core.model.TestStep.lambda$getRenderedScreenshots$8(TestStep.java:297)
	at java.base/java.util.ArrayList.forEach(ArrayList.java:1511)
	at net.thucydides.core.model.TestStep.getRenderedScreenshots(TestStep.java:296)
	at net.thucydides.core.model.TestStep.lambda$getRenderedScreenshots$8(TestStep.java:297)
	at java.base/java.util.ArrayList.forEach(ArrayList.java:1511)
	at net.thucydides.core.model.TestStep.getRenderedScreenshots(TestStep.java:296)
	at net.thucydides.core.model.TestStep.lambda$getRenderedScreenshots$8(TestStep.java:297)
	at java.base/java.util.ArrayList.forEach(ArrayList.java:1511)
	at net.thucydides.core.model.TestStep.getRenderedScreenshots(TestStep.java:296)
	at net.thucydides.core.model.TestStep.lambda$getRenderedScreenshots$8(TestStep.java:297)
	at java.base/java.util.ArrayList.forEach(ArrayList.java:1511)
	at net.thucydides.core.model.TestStep.getRenderedScreenshots(TestStep.java:296)
	at net.thucydides.core.model.TestStep.lambda$getRenderedScreenshots$8(TestStep.java:297)
	at java.base/java.util.ArrayList.forEach(ArrayList.java:1511)
	at net.thucydides.core.model.TestStep.getRenderedScreenshots(TestStep.java:296)
	at net.thucydides.core.model.TestStep.lambda$getRenderedScreenshots$8(TestStep.java:297)
	at java.base/java.util.ArrayList.forEach(ArrayList.java:1511)
	at net.thucydides.core.model.TestStep.getRenderedScreenshots(TestStep.java:296)
	at net.thucydides.core.model.TestStep.lambda$getRenderedScreenshots$8(TestStep.java:297)
	at java.base/java.util.ArrayList.forEach(ArrayList.java:1511)
	at net.thucydides.core.model.TestStep.getRenderedScreenshots(TestStep.java:296)
	at net.thucydides.core.model.TestStep.lambda$getRenderedScreenshots$8(TestStep.java:297)
	at java.base/java.util.ArrayList.forEach(ArrayList.java:1511)
	at net.thucydides.core.model.TestStep.getRenderedScreenshots(TestStep.java:296)
	at net.thucydides.core.model.TestStep.lambda$getRenderedScreenshots$8(TestStep.java:297)
	at java.base/java.util.ArrayList.forEach(ArrayList.java:1511)
	at net.thucydides.core.model.TestStep.getRenderedScreenshots(TestStep.java:296)
	at net.thucydides.core.model.TestStep.lambda$getRenderedScreenshots$8(TestStep.java:297)
	at java.base/java.util.ArrayList.forEach(ArrayList.java:1511)
	at net.thucydides.core.model.TestStep.getRenderedScreenshots(TestStep.java:296)
	at net.thucydides.core.model.TestStep.lambda$getRenderedScreenshots$8(TestStep.java:297)
	at java.base/java.util.ArrayList.forEach(ArrayList.java:1511)
	at net.thucydides.core.model.TestStep.getRenderedScreenshots(TestStep.java:296)
	at net.thucydides.core.model.TestStep.lambda$getRenderedScreenshots$8(TestStep.java:297)
	at java.base/java.util.ArrayList.forEach(ArrayList.java:1511)
	at net.thucydides.core.model.TestStep.getRenderedScreenshots(TestStep.java:296)
	at net.thucydides.core.model.TestStep.lambda$getRenderedScreenshots$8(TestStep.java:297)
	at java.base/java.util.ArrayList.forEach(ArrayList.java:1511)
	at net.thucydides.core.model.TestStep.getRenderedScreenshots(TestStep.java:296)
	at net.thucydides.core.model.TestStep.lambda$getRenderedScreenshots$8(TestStep.java:297)
	at java.base/java.util.ArrayList.forEach(ArrayList.java:1511)
	at net.thucydides.core.model.TestStep.getRenderedScreenshots(TestStep.java:296)
	at net.thucydides.core.model.TestStep.lambda$getRenderedScreenshots$8(TestStep.java:297)
	at java.base/java.util.ArrayList.forEach(ArrayList.java:1511)
	at net.thucydides.core.model.TestStep.getRenderedScreenshots(TestStep.java:296)
	at net.thucydides.core.model.TestStep.lambda$getRenderedScreenshots$8(TestStep.java:297)
	at java.base/java.util.ArrayList.forEach(ArrayList.java:1511)
	at net.thucydides.core.model.TestStep.getRenderedScreenshots(TestStep.java:296)
	at net.thucydides.core.model.TestStep.lambda$getRenderedScreenshots$8(TestStep.java:297)
	at java.base/java.util.ArrayList.forEach(ArrayList.java:1511)
	at net.thucydides.core.model.TestStep.getRenderedScreenshots(TestStep.java:296)
	at net.thucydides.core.model.TestStep.lambda$getRenderedScreenshots$8(TestStep.java:297)
	at java.base/java.util.ArrayList.forEach(ArrayList.java:1511)
	at net.thucydides.core.model.TestStep.getRenderedScreenshots(TestStep.java:296)
	at net.thucydides.core.model.TestStep.lambda$getRenderedScreenshots$8(TestStep.java:297)
	at java.base/java.util.ArrayList.forEach(ArrayList.java:1511)
	at net.thucydides.core.model.TestStep.getRenderedScreenshots(TestStep.java:296)
	at net.thucydides.core.model.TestStep.lambda$getRenderedScreenshots$8(TestStep.java:297)
	at java.base/java.util.ArrayList.forEach(ArrayList.java:1511)
	at net.thucydides.core.model.TestStep.getRenderedScreenshots(TestStep.java:296)
	at net.thucydides.core.model.TestStep.lambda$getRenderedScreenshots$8(TestStep.java:297)
	at java.base/java.util.ArrayList.forEach(ArrayList.java:1511)
	at net.thucydides.core.model.TestStep.getRenderedScreenshots(TestStep.java:296)
	at net.thucydides.core.model.TestStep.lambda$getRenderedScreenshots$8(TestStep.java:297)
	at java.base/java.util.ArrayList.forEach(ArrayList.java:1511)
	at net.thucydides.core.model.TestStep.getRenderedScreenshots(TestStep.java:296)
	at net.thucydides.core.model.TestStep.lambda$getRenderedScreenshots$8(TestStep.java:297)
	at java.base/java.util.ArrayList.forEach(ArrayList.java:1511)
	at net.thucydides.core.model.TestStep.getRenderedScreenshots(TestStep.java:296)
	at net.thucydides.core.model.TestStep.lambda$getRenderedScreenshots$8(TestStep.java:297)
	at java.base/java.util.ArrayList.forEach(ArrayList.java:1511)
	at net.thucydides.core.model.TestStep.getRenderedScreenshots(TestStep.java:296)
	at net.thucydides.core.model.TestStep.lambda$getRenderedScreenshots$8(TestStep.java:297)
	at java.base/java.util.ArrayList.forEach(ArrayList.java:1511)
	at net.thucydides.core.model.TestStep.getRenderedScreenshots(TestStep.java:296)
	at net.thucydides.core.model.TestStep.lambda$getRenderedScreenshots$8(TestStep.java:297)
	at java.base/java.util.ArrayList.forEach(ArrayList.java:1511)
	at net.thucydides.core.model.TestStep.getRenderedScreenshots(TestStep.java:296)
	at net.thucydides.core.model.TestStep.lambda$getRenderedScreenshots$8(TestStep.java:297)
	at java.base/java.util.ArrayList.forEach(ArrayList.java:1511)
	at net.thucydides.core.model.TestStep.getRenderedScreenshots(TestStep.java:296)
	at net.thucydides.core.model.TestStep.lambda$getRenderedScreenshots$8(TestStep.java:297)
	at java.base/java.util.ArrayList.forEach(ArrayList.java:1511)
	at net.thucydides.core.model.TestStep.getRenderedScreenshots(TestStep.java:296)
	at net.thucydides.core.model.TestStep.lambda$getRenderedScreenshots$8(TestStep.java:297)
	at java.base/java.util.ArrayList.forEach(ArrayList.java:1511)
	at net.thucydides.core.model.TestStep.getRenderedScreenshots(TestStep.java:296)
	at net.thucydides.core.model.TestStep.lambda$getRenderedScreenshots$8(TestStep.java:297)
	at java.base/java.util.ArrayList.forEach(ArrayList.java:1511)
	at net.thucydides.core.model.TestStep.getRenderedScreenshots(TestStep.java:296)
	at net.thucydides.core.model.TestStep.lambda$getRenderedScreenshots$8(TestStep.java:297)
	at java.base/java.util.ArrayList.forEach(ArrayList.java:1511)
	at net.thucydides.core.model.TestStep.getRenderedScreenshots(TestStep.java:296)
	at net.thucydides.core.model.TestStep.lambda$getRenderedScreenshots$8(TestStep.java:297)
	at java.base/java.util.ArrayList.forEach(ArrayList.java:1511)
	at net.thucydides.core.model.TestStep.getRenderedScreenshots(TestStep.java:296)
	at net.thucydides.core.model.TestStep.lambda$getRenderedScreenshots$8(TestStep.java:297)
	at java.base/java.util.ArrayList.forEach(ArrayList.java:1511)
	at net.thucydides.core.model.TestStep.getRenderedScreenshots(TestStep.java:296)
	at net.thucydides.core.model.TestStep.lambda$getRenderedScreenshots$8(TestStep.java:297)
	at java.base/java.util.ArrayList.forEach(ArrayList.java:1511)
	at net.thucydides.core.model.TestStep.getRenderedScreenshots(TestStep.java:296)
	at net.thucydides.core.model.TestStep.lambda$getRenderedScreenshots$8(TestStep.java:297)
	at java.base/java.util.ArrayList.forEach(ArrayList.java:1511)
	at net.thucydides.core.model.TestStep.getRenderedScreenshots(TestStep.java:296)
	at net.thucydides.core.model.TestStep.lambda$getRenderedScreenshots$8(TestStep.java:297)
	at java.base/java.util.ArrayList.forEach(ArrayList.java:1511)
	at net.thucydides.core.model.TestStep.getRenderedScreenshots(TestStep.java:296)
	at net.thucydides.core.model.TestStep.lambda$getRenderedScreenshots$8(TestStep.java:297)
	at java.base/java.util.ArrayList.forEach(ArrayList.java:1511)
	at net.thucydides.core.model.TestStep.getRenderedScreenshots(TestStep.java:296)
	at net.thucydides.core.model.TestStep.lambda$getRenderedScreenshots$8(TestStep.java:297)
	at java.base/java.util.ArrayList.forEach(ArrayList.java:1511)
	at net.thucydides.core.model.TestStep.getRenderedScreenshots(TestStep.java:296)
	at net.thucydides.core.model.TestStep.lambda$getRenderedScreenshots$8(TestStep.java:297)
	at java.base/java.util.ArrayList.forEach(ArrayList.java:1511)
	at net.thucydides.core.model.TestStep.getRenderedScreenshots(TestStep.java:296)
	at net.thucydides.core.model.TestStep.lambda$getRenderedScreenshots$8(TestStep.java:297)
	at java.base/java.util.ArrayList.forEach(ArrayList.java:1511)
	at net.thucydides.core.model.TestStep.getRenderedScreenshots(TestStep.java:296)
	at net.thucydides.core.model.TestStep.lambda$getRenderedScreenshots$8(TestStep.java:297)
	at java.base/java.util.ArrayList.forEach(ArrayList.java:1511)
	at net.thucydides.core.model.TestStep.getRenderedScreenshots(TestStep.java:296)
	at net.thucydides.core.model.TestStep.lambda$getRenderedScreenshots$8(TestStep.java:297)
	at java.base/java.util.ArrayList.forEach(ArrayList.java:1511)
	at net.thucydides.core.model.TestStep.getRenderedScreenshots(TestStep.java:296)
	at net.thucydides.core.model.TestStep.lambda$getRenderedScreenshots$8(TestStep.java:297)
	at java.base/java.util.ArrayList.forEach(ArrayList.java:1511)
	at net.thucydides.core.model.TestStep.getRenderedScreenshots(TestStep.java:296)
	at net.thucydides.core.model.TestStep.lambda$getRenderedScreenshots$8(TestStep.java:297)
	at java.base/java.util.ArrayList.forEach(ArrayList.java:1511)
	at net.thucydides.core.model.TestStep.getRenderedScreenshots(TestStep.java:296)
	at net.thucydides.core.model.TestStep.lambda$getRenderedScreenshots$8(TestStep.java:297)
	at java.base/java.util.ArrayList.forEach(ArrayList.java:1511)
	at net.thucydides.core.model.TestStep.getRenderedScreenshots(TestStep.java:296)
	at net.thucydides.core.model.TestStep.lambda$getRenderedScreenshots$8(TestStep.java:297)
	at java.base/java.util.ArrayList.forEach(ArrayList.java:1511)
	at net.thucydides.core.model.TestStep.getRenderedScreenshots(TestStep.java:296)
	at net.thucydides.core.model.TestStep.lambda$getRenderedScreenshots$8(TestStep.java:297)
	at java.base/java.util.ArrayList.forEach(ArrayList.java:1511)
	at net.thucydides.core.model.TestStep.getRenderedScreenshots(TestStep.java:296)
	at net.thucydides.core.model.TestStep.lambda$getRenderedScreenshots$8(TestStep.java:297)
	at java.base/java.util.ArrayList.forEach(ArrayList.java:1511)
	at net.thucydides.core.model.TestStep.getRenderedScreenshots(TestStep.java:296)
	at net.thucydides.core.model.TestStep.lambda$getRenderedScreenshots$8(TestStep.java:297)
	at java.base/java.util.ArrayList.forEach(ArrayList.java:1511)
	at net.thucydides.core.model.TestStep.getRenderedScreenshots(TestStep.java:296)
	at net.thucydides.core.model.TestStep.lambda$getRenderedScreenshots$8(TestStep.java:297)
	at java.base/java.util.ArrayList.forEach(ArrayList.java:1511)
	at net.thucydides.core.model.TestStep.getRenderedScreenshots(TestStep.java:296)
	at net.thucydides.core.model.TestStep.lambda$getRenderedScreenshots$8(TestStep.java:297)
	at java.base/java.util.ArrayList.forEach(ArrayList.java:1511)
	at net.thucydides.core.model.TestStep.getRenderedScreenshots(TestStep.java:296)
	at net.thucydides.core.model.TestStep.lambda$getRenderedScreenshots$8(TestStep.java:297)
	at java.base/java.util.ArrayList.forEach(ArrayList.java:1511)
	at net.thucydides.core.model.TestStep.getRenderedScreenshots(TestStep.java:296)
	at net.thucydides.core.model.TestStep.lambda$getRenderedScreenshots$8(TestStep.java:297)
	at java.base/java.util.ArrayList.forEach(ArrayList.java:1511)
	at net.thucydides.core.model.TestStep.getRenderedScreenshots(TestStep.java:296)
	at net.thucydides.core.model.TestStep.lambda$getRenderedScreenshots$8(TestStep.java:297)
	at java.base/java.util.ArrayList.forEach(ArrayList.java:1511)
	at net.thucydides.core.model.TestStep.getRenderedScreenshots(TestStep.java:296)
	at net.thucydides.core.model.TestStep.lambda$getRenderedScreenshots$8(TestStep.java:297)
	at java.base/java.util.ArrayList.forEach(ArrayList.java:1511)
	at net.thucydides.core.model.TestStep.getRenderedScreenshots(TestStep.java:296)
	at net.thucydides.core.model.TestStep.lambda$getRenderedScreenshots$8(TestStep.java:297)
	at java.base/java.util.ArrayList.forEach(ArrayList.java:1511)
	at net.thucydides.core.model.TestStep.getRenderedScreenshots(TestStep.java:296)
	at net.thucydides.core.model.TestStep.lambda$getRenderedScreenshots$8(TestStep.java:297)
	at java.base/java.util.ArrayList.forEach(ArrayList.java:1511)
	at net.thucydides.core.model.TestStep.getRenderedScreenshots(TestStep.java:296)
	at net.thucydides.core.model.TestStep.lambda$getRenderedScreenshots$8(TestStep.java:297)
	at java.base/java.util.ArrayList.forEach(ArrayList.java:1511)
	at net.thucydides.core.model.TestStep.getRenderedScreenshots(TestStep.java:296)
	at net.thucydides.core.model.TestStep.lambda$getRenderedScreenshots$8(TestStep.java:297)
	at java.base/java.util.ArrayList.forEach(ArrayList.java:1511)
	at net.thucydides.core.model.TestStep.getRenderedScreenshots(TestStep.java:296)
	at net.thucydides.core.model.TestStep.lambda$getRenderedScreenshots$8(TestStep.java:297)
	at java.base/java.util.ArrayList.forEach(ArrayList.java:1511)
	at net.thucydides.core.model.TestStep.getRenderedScreenshots(TestStep.java:296)
	at net.thucydides.core.model.TestStep.lambda$getRenderedScreenshots$8(TestStep.java:297)
	at java.base/java.util.ArrayList.forEach(ArrayList.java:1511)
	at net.thucydides.core.model.TestStep.getRenderedScreenshots(TestStep.java:296)
	at net.thucydides.core.model.TestStep.lambda$getRenderedScreenshots$8(TestStep.java:297)
	at java.base/java.util.ArrayList.forEach(ArrayList.java:1511)
	at net.thucydides.core.model.TestStep.getRenderedScreenshots(TestStep.java:296)
	at net.thucydides.core.model.TestStep.lambda$getRenderedScreenshots$8(TestStep.java:297)
	at java.base/java.util.ArrayList.forEach(ArrayList.java:1511)
	at net.thucydides.core.model.TestStep.getRenderedScreenshots(TestStep.java:296)
	at net.thucydides.core.model.TestStep.lambda$getRenderedScreenshots$8(TestStep.java:297)
	at java.base/java.util.ArrayList.forEach(ArrayList.java:1511)
	at net.thucydides.core.model.TestStep.getRenderedScreenshots(TestStep.java:296)
	at net.thucydides.core.model.TestStep.lambda$getRenderedScreenshots$8(TestStep.java:297)
	at java.base/java.util.ArrayList.forEach(ArrayList.java:1511)
	at net.thucydides.core.model.TestStep.getRenderedScreenshots(TestStep.java:296)
	at net.thucydides.core.model.TestStep.lambda$getRenderedScreenshots$8(TestStep.java:297)
	at java.base/java.util.ArrayList.forEach(ArrayList.java:1511)
	at net.thucydides.core.model.TestStep.getRenderedScreenshots(TestStep.java:296)
	at net.thucydides.core.model.TestStep.lambda$getRenderedScreenshots$8(TestStep.java:297)
	at java.base/java.util.ArrayList.forEach(ArrayList.java:1511)
	at net.thucydides.core.model.TestStep.getRenderedScreenshots(TestStep.java:296)
	at net.thucydides.core.model.TestStep.lambda$getRenderedScreenshots$8(TestStep.java:297)
	at java.base/java.util.ArrayList.forEach(ArrayList.java:1511)
	at net.thucydides.core.model.TestStep.getRenderedScreenshots(TestStep.java:296)
	at net.thucydides.core.model.TestStep.lambda$getRenderedScreenshots$8(TestStep.java:297)
	at java.base/java.util.ArrayList.forEach(ArrayList.java:1511)
	at net.thucydides.core.model.TestStep.getRenderedScreenshots(TestStep.java:296)
	at net.thucydides.core.model.TestStep.lambda$getRenderedScreenshots$8(TestStep.java:297)
	at java.base/java.util.ArrayList.forEach(ArrayList.java:1511)
	at net.thucydides.core.model.TestStep.getRenderedScreenshots(TestStep.java:296)
	at net.thucydides.core.model.TestStep.lambda$getRenderedScreenshots$8(TestStep.java:297)
	at java.base/java.util.ArrayList.forEach(ArrayList.java:1511)
	at net.thucydides.core.model.TestStep.getRenderedScreenshots(TestStep.java:296)
	at net.thucydides.core.model.TestStep.lambda$getRenderedScreenshots$8(TestStep.java:297)
	at java.base/java.util.ArrayList.forEach(ArrayList.java:1511)
	at net.thucydides.core.model.TestStep.getRenderedScreenshots(TestStep.java:296)
	at net.thucydides.core.model.TestStep.lambda$getRenderedScreenshots$8(TestStep.java:297)
	at java.base/java.util.ArrayList.forEach(ArrayList.java:1511)
	at net.thucydides.core.model.TestStep.getRenderedScreenshots(TestStep.java:296)
	at net.thucydides.core.model.TestStep.lambda$getRenderedScreenshots$8(TestStep.java:297)
	at java.base/java.util.ArrayList.forEach(ArrayList.java:1511)
	at net.thucydides.core.model.TestStep.getRenderedScreenshots(TestStep.java:296)
	at net.thucydides.core.model.TestStep.lambda$getRenderedScreenshots$8(TestStep.java:297)
	at java.base/java.util.ArrayList.forEach(ArrayList.java:1511)
	at net.thucydides.core.model.TestStep.getRenderedScreenshots(TestStep.java:296)
	at net.thucydides.core.model.TestStep.lambda$getRenderedScreenshots$8(TestStep.java:297)
	at java.base/java.util.ArrayList.forEach(ArrayList.java:1511)
	at net.thucydides.core.model.TestStep.getRenderedScreenshots(TestStep.java:296)
	at net.thucydides.core.model.TestStep.lambda$getRenderedScreenshots$8(TestStep.java:297)
	at java.base/java.util.ArrayList.forEach(ArrayList.java:1511)
	at net.thucydides.core.model.TestStep.getRenderedScreenshots(TestStep.java:296)
	at net.thucydides.core.model.TestStep.lambda$getRenderedScreenshots$8(TestStep.java:297)
	at java.base/java.util.ArrayList.forEach(ArrayList.java:1511)
	at net.thucydides.core.model.TestStep.getRenderedScreenshots(TestStep.java:296)
	at net.thucydides.core.model.TestStep.lambda$getRenderedScreenshots$8(TestStep.java:297)
	at java.base/java.util.ArrayList.forEach(ArrayList.java:1511)
	at net.thucydides.core.model.TestStep.getRenderedScreenshots(TestStep.java:296)
	at net.thucydides.core.model.TestStep.lambda$getRenderedScreenshots$8(TestStep.java:297)
	at java.base/java.util.ArrayList.forEach(ArrayList.java:1511)
	at net.thucydides.core.model.TestStep.getRenderedScreenshots(TestStep.java:296)
	at net.thucydides.core.model.TestStep.lambda$getRenderedScreenshots$8(TestStep.java:297)
	at java.base/java.util.ArrayList.forEach(ArrayList.java:1511)
	at net.thucydides.core.model.TestStep.getRenderedScreenshots(TestStep.java:296)
	at net.thucydides.core.model.TestStep.lambda$getRenderedScreenshots$8(TestStep.java:297)
	at java.base/java.util.ArrayList.forEach(ArrayList.java:1511)
	at net.thucydides.core.model.TestStep.getRenderedScreenshots(TestStep.java:296)
	at net.thucydides.core.model.TestStep.lambda$getRenderedScreenshots$8(TestStep.java:297)
	at java.base/java.util.ArrayList.forEach(ArrayList.java:1511)
	at net.thucydides.core.model.TestStep.getRenderedScreenshots(TestStep.java:296)
	at net.thucydides.core.model.TestStep.lambda$getRenderedScreenshots$8(TestStep.java:297)
	at java.base/java.util.ArrayList.forEach(ArrayList.java:1511)
	at net.thucydides.core.model.TestStep.getRenderedScreenshots(TestStep.java:296)
	at net.thucydides.core.model.TestStep.lambda$getRenderedScreenshots$8(TestStep.java:297)
	at java.base/java.util.ArrayList.forEach(ArrayList.java:1511)
	at net.thucydides.core.model.TestStep.getRenderedScreenshots(TestStep.java:296)
	at net.thucydides.core.model.TestStep.lambda$getRenderedScreenshots$8(TestStep.java:297)
	at java.base/java.util.ArrayList.forEach(ArrayList.java:1511)
	at net.thucydides.core.model.TestStep.getRenderedScreenshots(TestStep.java:296)
	at net.thucydides.core.model.TestStep.lambda$getRenderedScreenshots$8(TestStep.java:297)
	at java.base/java.util.ArrayList.forEach(ArrayList.java:1511)
	at net.thucydides.core.model.TestStep.getRenderedScreenshots(TestStep.java:296)
	at net.thucydides.core.model.TestStep.lambda$getRenderedScreenshots$8(TestStep.java:297)
	at java.base/java.util.ArrayList.forEach(ArrayList.java:1511)
	at net.thucydides.core.model.TestStep.getRenderedScreenshots(TestStep.java:296)
	at net.thucydides.core.model.TestStep.lambda$getRenderedScreenshots$8(TestStep.java:297)
	at java.base/java.util.ArrayList.forEach(ArrayList.java:1511)
	at net.thucydides.core.model.TestStep.getRenderedScreenshots(TestStep.java:296)
	at net.thucydides.core.model.TestStep.lambda$getRenderedScreenshots$8(TestStep.java:297)
	at java.base/java.util.ArrayList.forEach(ArrayList.java:1511)
	at net.thucydides.core.model.TestStep.getRenderedScreenshots(TestStep.java:296)
	at net.thucydides.core.model.TestStep.lambda$getRenderedScreenshots$8(TestStep.java:297)
	at java.base/java.util.ArrayList.forEach(ArrayList.java:1511)
	at net.thucydides.core.model.TestStep.getRenderedScreenshots(TestStep.java:296)
	at net.thucydides.core.model.TestStep.lambda$getRenderedScreenshots$8(TestStep.java:297)
	at java.base/java.util.ArrayList.forEach(ArrayList.java:1511)
	at net.thucydides.core.model.TestStep.getRenderedScreenshots(TestStep.java:296)
	at net.thucydides.core.model.TestStep.lambda$getRenderedScreenshots$8(TestStep.java:297)
	at java.base/java.util.ArrayList.forEach(ArrayList.java:1511)
	at net.thucydides.core.model.TestStep.getRenderedScreenshots(TestStep.java:296)
	at net.thucydides.core.model.TestStep.lambda$getRenderedScreenshots$8(TestStep.java:297)
	at java.base/java.util.ArrayList.forEach(ArrayList.java:1511)
	at net.thucydides.core.model.TestStep.getRenderedScreenshots(TestStep.java:296)
	at net.thucydides.core.model.TestStep.lambda$getRenderedScreenshots$8(TestStep.java:297)
	at java.base/java.util.ArrayList.forEach(ArrayList.java:1511)
	at net.thucydides.core.model.TestStep.getRenderedScreenshots(TestStep.java:296)
	at net.thucydides.core.model.TestStep.lambda$getRenderedScreenshots$8(TestStep.java:297)
	at java.base/java.util.ArrayList.forEach(ArrayList.java:1511)
	at net.thucydides.core.model.TestStep.getRenderedScreenshots(TestStep.java:296)
	at net.thucydides.core.model.TestStep.lambda$getRenderedScreenshots$8(TestStep.java:297)
	at java.base/java.util.ArrayList.forEach(ArrayList.java:1511)
	at net.thucydides.core.model.TestStep.getRenderedScreenshots(TestStep.java:296)
	at net.thucydides.core.model.TestStep.lambda$getRenderedScreenshots$8(TestStep.java:297)
	at java.base/java.util.ArrayList.forEach(ArrayList.java:1511)
	at net.thucydides.core.model.TestStep.getRenderedScreenshots(TestStep.java:296)
	at net.thucydides.core.model.TestStep.lambda$getRenderedScreenshots$8(TestStep.java:297)
	at java.base/java.util.ArrayList.forEach(ArrayList.java:1511)
	at net.thucydides.core.model.TestStep.getRenderedScreenshots(TestStep.java:296)
	at net.thucydides.core.model.TestStep.lambda$getRenderedScreenshots$8(TestStep.java:297)
	at java.base/java.util.ArrayList.forEach(ArrayList.java:1511)
	at net.thucydides.core.model.TestStep.getRenderedScreenshots(TestStep.java:296)
	at net.thucydides.core.model.TestStep.lambda$getRenderedScreenshots$8(TestStep.java:297)
	at java.base/java.util.ArrayList.forEach(ArrayList.java:1511)
	at net.thucydides.core.model.TestStep.getRenderedScreenshots(TestStep.java:296)
	at net.thucydides.core.model.TestStep.lambda$getRenderedScreenshots$8(TestStep.java:297)
	at java.base/java.util.ArrayList.forEach(ArrayList.java:1511)
	at net.thucydides.core.model.TestStep.getRenderedScreenshots(TestStep.java:296)
	at net.thucydides.core.model.TestStep.lambda$getRenderedScreenshots$8(TestStep.java:297)
	at java.base/java.util.ArrayList.forEach(ArrayList.java:1511)
	at net.thucydides.core.model.TestStep.getRenderedScreenshots(TestStep.java:296)
	at net.thucydides.core.model.TestStep.lambda$getRenderedScreenshots$8(TestStep.java:297)
	at java.base/java.util.ArrayList.forEach(ArrayList.java:1511)
	at net.thucydides.core.model.TestStep.getRenderedScreenshots(TestStep.java:296)
	at net.thucydides.core.model.TestStep.lambda$getRenderedScreenshots$8(TestStep.java:297)
	at java.base/java.util.ArrayList.forEach(ArrayList.java:1511)
	at net.thucydides.core.model.TestStep.getRenderedScreenshots(TestStep.java:296)
	at net.thucydides.core.model.TestStep.lambda$getRenderedScreenshots$8(TestStep.java:297)
	at java.base/java.util.ArrayList.forEach(ArrayList.java:1511)
	at net.thucydides.core.model.TestStep.getRenderedScreenshots(TestStep.java:296)
	at net.thucydides.core.model.TestStep.lambda$getRenderedScreenshots$8(TestStep.java:297)
	at java.base/java.util.ArrayList.forEach(ArrayList.java:1511)
	at net.thucydides.core.model.TestStep.getRenderedScreenshots(TestStep.java:296)
	at net.thucydides.core.model.TestStep.lambda$getRenderedScreenshots$8(TestStep.java:297)
	at java.base/java.util.ArrayList.forEach(ArrayList.java:1511)
	at net.thucydides.core.model.TestStep.getRenderedScreenshots(TestStep.java:296)
	at net.thucydides.core.model.TestStep.lambda$getRenderedScreenshots$8(TestStep.java:297)
	at java.base/java.util.ArrayList.forEach(ArrayList.java:1511)
	at net.thucydides.core.model.TestStep.getRenderedScreenshots(TestStep.java:296)
	at net.thucydides.core.model.TestStep.lambda$getRenderedScreenshots$8(TestStep.java:297)
	at java.base/java.util.ArrayList.forEach(ArrayList.java:1511)
	at net.thucydides.core.model.TestStep.getRenderedScreenshots(TestStep.java:296)
	at net.thucydides.core.model.TestStep.lambda$getRenderedScreenshots$8(TestStep.java:297)
	at java.base/java.util.ArrayList.forEach(ArrayList.java:1511)
	at net.thucydides.core.model.TestStep.getRenderedScreenshots(TestStep.java:296)
	at net.thucydides.core.model.TestStep.lambda$getRenderedScreenshots$8(TestStep.java:297)
	at java.base/java.util.ArrayList.forEach(ArrayList.java:1511)
	at net.thucydides.core.model.TestStep.getRenderedScreenshots(TestStep.java:296)
	at net.thucydides.core.model.TestStep.lambda$getRenderedScreenshots$8(TestStep.java:297)
	at java.base/java.util.ArrayList.forEach(ArrayList.java:1511)
	at net.thucydides.core.model.TestStep.getRenderedScreenshots(TestStep.java:296)
	at net.thucydides.core.model.TestStep.lambda$getRenderedScreenshots$8(TestStep.java:297)
	at java.base/java.util.ArrayList.forEach(ArrayList.java:1511)
	at net.thucydides.core.model.TestStep.getRenderedScreenshots(TestStep.java:296)
	at net.thucydides.core.model.TestStep.lambda$getRenderedScreenshots$8(TestStep.java:297)
	at java.base/java.util.ArrayList.forEach(ArrayList.java:1511)
	at net.thucydides.core.model.TestStep.getRenderedScreenshots(TestStep.java:296)
	at net.thucydides.core.model.TestStep.lambda$getRenderedScreenshots$8(TestStep.java:297)
	at java.base/java.util.ArrayList.forEach(ArrayList.java:1511)
	at net.thucydides.core.model.TestStep.getRenderedScreenshots(TestStep.java:296)
	at net.thucydides.core.model.TestStep.lambda$getRenderedScreenshots$8(TestStep.java:297)
	at java.base/java.util.ArrayList.forEach(ArrayList.java:1511)
	at net.thucydides.core.model.TestStep.getRenderedScreenshots(TestStep.java:296)
	at net.thucydides.core.model.TestStep.lambda$getRenderedScreenshots$8(TestStep.java:297)
	at java.base/java.util.ArrayList.forEach(ArrayList.java:1511)
	at net.thucydides.core.model.TestStep.getRenderedScreenshots(TestStep.java:296)
	at net.thucydides.core.model.TestStep.lambda$getRenderedScreenshots$8(TestStep.java:297)
	at java.base/java.util.ArrayList.forEach(ArrayList.java:1511)
	at net.thucydides.core.model.TestStep.getRenderedScreenshots(TestStep.java:296)
	at net.thucydides.core.model.TestStep.lambda$getRenderedScreenshots$8(TestStep.java:297)
	at java.base/java.util.ArrayList.forEach(ArrayList.java:1511)
	at net.thucydides.core.model.TestStep.getRenderedScreenshots(TestStep.java:296)
	at net.thucydides.core.model.TestStep.lambda$getRenderedScreenshots$8(TestStep.java:297)
	at java.base/java.util.ArrayList.forEach(ArrayList.java:1511)
	at net.thucydides.core.model.TestStep.getRenderedScreenshots(TestStep.java:296)
	at net.thucydides.core.model.TestStep.lambda$getRenderedScreenshots$8(TestStep.java:297)
	at java.base/java.util.ArrayList.forEach(ArrayList.java:1511)
	at net.thucydides.core.model.TestStep.getRenderedScreenshots(TestStep.java:296)
	at net.thucydides.core.model.TestStep.lambda$getRenderedScreenshots$8(TestStep.java:297)
	at java.base/java.util.ArrayList.forEach(ArrayList.java:1511)
	at net.thucydides.core.model.TestStep.getRenderedScreenshots(TestStep.java:296)
	at net.thucydides.core.model.TestStep.lambda$getRenderedScreenshots$8(TestStep.java:297)
	at java.base/java.util.ArrayList.forEach(ArrayList.java:1511)
	at net.thucydides.core.model.TestStep.getRenderedScreenshots(TestStep.java:296)
	at net.thucydides.core.model.TestStep.lambda$getRenderedScreenshots$8(TestStep.java:297)
	at java.base/java.util.ArrayList.forEach(ArrayList.java:1511)
	at net.thucydides.core.model.TestStep.getRenderedScreenshots(TestStep.java:296)
	at net.thucydides.core.model.TestStep.lambda$getRenderedScreenshots$8(TestStep.java:297)
	at java.base/java.util.ArrayList.forEach(ArrayList.java:1511)
	at net.thucydides.core.model.TestStep.getRenderedScreenshots(TestStep.java:296)
	at net.thucydides.core.model.TestStep.lambda$getRenderedScreenshots$8(TestStep.java:297)
	at java.base/java.util.ArrayList.forEach(ArrayList.java:1511)
	at net.thucydides.core.model.TestStep.getRenderedScreenshots(TestStep.java:296)
	at net.thucydides.core.model.TestStep.lambda$getRenderedScreenshots$8(TestStep.java:297)
	at java.base/java.util.ArrayList.forEach(ArrayList.java:1511)
	at net.thucydides.core.model.TestStep.getRenderedScreenshots(TestStep.java:296)
	at net.thucydides.core.model.TestStep.lambda$getRenderedScreenshots$8(TestStep.java:297)
	at java.base/java.util.ArrayList.forEach(ArrayList.java:1511)
	at net.thucydides.core.model.TestStep.getRenderedScreenshots(TestStep.java:296)
	at net.thucydides.core.model.TestStep.lambda$getRenderedScreenshots$8(TestStep.java:297)
	at java.base/java.util.ArrayList.forEach(ArrayList.java:1511)
	at net.thucydides.core.model.TestStep.getRenderedScreenshots(TestStep.java:296)
	at net.thucydides.core.model.TestStep.lambda$getRenderedScreenshots$8(TestStep.java:297)
	at java.base/java.util.ArrayList.forEach(ArrayList.java:1511)
	at net.thucydides.core.model.TestStep.getRenderedScreenshots(TestStep.java:296)
	at net.thucydides.core.model.TestStep.lambda$getRenderedScreenshots$8(TestStep.java:297)
	at java.base/java.util.ArrayList.forEach(ArrayList.java:1511)
	at net.thucydides.core.model.TestStep.getRenderedScreenshots(TestStep.java:296)
	at net.thucydides.core.model.TestStep.lambda$getRenderedScreenshots$8(TestStep.java:297)
	at java.base/java.util.ArrayList.forEach(ArrayList.java:1511)
	at net.thucydides.core.model.TestStep.getRenderedScreenshots(TestStep.java:296)
	at net.thucydides.core.model.TestStep.lambda$getRenderedScreenshots$8(TestStep.java:297)
	at java.base/java.util.ArrayList.forEach(ArrayList.java:1511)
	at net.thucydides.core.model.TestStep.getRenderedScreenshots(TestStep.java:296)
	at net.thucydides.core.model.TestStep.lambda$getRenderedScreenshots$8(TestStep.java:297)
	at java.base/java.util.ArrayList.forEach(ArrayList.java:1511)
	at net.thucydides.core.model.TestStep.getRenderedScreenshots(TestStep.java:296)
	at net.thucydides.core.model.TestStep.lambda$getRenderedScreenshots$8(TestStep.java:297)
	at java.base/java.util.ArrayList.forEach(ArrayList.java:1511)
	at net.thucydides.core.model.TestStep.getRenderedScreenshots(TestStep.java:296)
	at net.thucydides.core.model.TestStep.lambda$getRenderedScreenshots$8(TestStep.java:297)
	at java.base/java.util.ArrayList.forEach(ArrayList.java:1511)
	at net.thucydides.core.model.TestStep.getRenderedScreenshots(TestStep.java:296)
	at net.thucydides.core.model.TestStep.lambda$getRenderedScreenshots$8(TestStep.java:297)
	at java.base/java.util.ArrayList.forEach(ArrayList.java:1511)
	at net.thucydides.core.model.TestStep.getRenderedScreenshots(TestStep.java:296)
	at net.thucydides.core.model.TestStep.lambda$getRenderedScreenshots$8(TestStep.java:297)
	at java.base/java.util.ArrayList.forEach(ArrayList.java:1511)
	at net.thucydides.core.model.TestStep.getRenderedScreenshots(TestStep.java:296)
	at net.thucydides.core.model.TestStep.lambda$getRenderedScreenshots$8(TestStep.java:297)
	at java.base/java.util.ArrayList.forEach(ArrayList.java:1511)
	at net.thucydides.core.model.TestStep.getRenderedScreenshots(TestStep.java:296)
	at net.thucydides.core.model.TestStep.lambda$getRenderedScreenshots$8(TestStep.java:297)
	at java.base/java.util.ArrayList.forEach(ArrayList.java:1511)
	at net.thucydides.core.model.TestStep.getRenderedScreenshots(TestStep.java:296)
	at net.thucydides.core.model.TestStep.lambda$getRenderedScreenshots$8(TestStep.java:297)
	at java.base/java.util.ArrayList.forEach(ArrayList.java:1511)
	at net.thucydides.core.model.TestStep.getRenderedScreenshots(TestStep.java:296)
	at net.thucydides.core.model.TestStep.lambda$getRenderedScreenshots$8(TestStep.java:297)
	at java.base/java.util.ArrayList.forEach(ArrayList.java:1511)
	at net.thucydides.core.model.TestStep.getRenderedScreenshots(TestStep.java:296)
	at net.thucydides.core.model.TestStep.lambda$getRenderedScreenshots$8(TestStep.java:297)
	at java.base/java.util.ArrayList.forEach(ArrayList.java:1511)
	at net.thucydides.core.model.TestStep.getRenderedScreenshots(TestStep.java:296)
	at net.thucydides.core.model.TestStep.lambda$getRenderedScreenshots$8(TestStep.java:297)
	at java.base/java.util.ArrayList.forEach(ArrayList.java:1511)
	at net.thucydides.core.model.TestStep.getRenderedScreenshots(TestStep.java:296)
	at net.thucydides.core.model.TestStep.lambda$getRenderedScreenshots$8(TestStep.java:297)
	at java.base/java.util.ArrayList.forEach(ArrayList.java:1511)
	at net.thucydides.core.model.TestStep.getRenderedScreenshots(TestStep.java:296)
	at net.thucydides.core.model.TestStep.lambda$getRenderedScreenshots$8(TestStep.java:297)
	at java.base/java.util.ArrayList.forEach(ArrayList.java:1511)
	at net.thucydides.core.model.TestStep.getRenderedScreenshots(TestStep.java:296)
	at net.thucydides.core.model.TestStep.lambda$getRenderedScreenshots$8(TestStep.java:297)
	at java.base/java.util.ArrayList.forEach(ArrayList.java:1511)
	at net.thucydides.core.model.TestStep.getRenderedScreenshots(TestStep.java:296)
	at net.thucydides.core.model.TestStep.lambda$getRenderedScreenshots$8(TestStep.java:297)
	at java.base/java.util.ArrayList.forEach(ArrayList.java:1511)
	at net.thucydides.core.model.TestStep.getRenderedScreenshots(TestStep.java:296)
	at net.thucydides.core.model.TestStep.lambda$getRenderedScreenshots$8(TestStep.java:297)
	at java.base/java.util.ArrayList.forEach(ArrayList.java:1511)
	at net.thucydides.core.model.TestStep.getRenderedScreenshots(TestStep.java:296)
	at net.thucydides.core.model.TestStep.lambda$getRenderedScreenshots$8(TestStep.java:297)
	at java.base/java.util.ArrayList.forEach(ArrayList.java:1511)
	at net.thucydides.core.model.TestStep.getRenderedScreenshots(TestStep.java:296)
	at net.thucydides.core.model.TestStep.lambda$getRenderedScreenshots$8(TestStep.java:297)
	at java.base/java.util.ArrayList.forEach(ArrayList.java:1511)
	at net.thucydides.core.model.TestStep.getRenderedScreenshots(TestStep.java:296)
	at net.thucydides.core.model.TestStep.lambda$getRenderedScreenshots$8(TestStep.java:297)
	at java.base/java.util.ArrayList.forEach(ArrayList.java:1511)
	at net.thucydides.core.model.TestStep.getRenderedScreenshots(TestStep.java:296)
	at net.thucydides.core.model.TestStep.lambda$getRenderedScreenshots$8(TestStep.java:297)
	at java.base/java.util.ArrayList.forEach(ArrayList.java:1511)
	at net.thucydides.core.model.TestStep.getRenderedScreenshots(TestStep.java:296)
	at net.thucydides.core.model.TestStep.lambda$getRenderedScreenshots$8(TestStep.java:297)
	at java.base/java.util.ArrayList.forEach(ArrayList.java:1511)
	at net.thucydides.core.model.TestStep.getRenderedScreenshots(TestStep.java:296)
	at net.thucydides.core.model.TestStep.lambda$getRenderedScreenshots$8(TestStep.java:297)
	at java.base/java.util.ArrayList.forEach(ArrayList.java:1511)
	at net.thucydides.core.model.TestStep.getRenderedScreenshots(TestStep.java:296)
	at net.thucydides.core.model.TestStep.lambda$getRenderedScreenshots$8(TestStep.java:297)
	at java.base/java.util.ArrayList.forEach(ArrayList.java:1511)
	at net.thucydides.core.model.TestStep.getRenderedScreenshots(TestStep.java:296)
	at net.thucydides.core.model.TestStep.lambda$getRenderedScreenshots$8(TestStep.java:297)
	at java.base/java.util.ArrayList.forEach(ArrayList.java:1511)
	at net.thucydides.core.model.TestStep.getRenderedScreenshots(TestStep.java:296)
	at net.thucydides.core.model.TestStep.lambda$getRenderedScreenshots$8(TestStep.java:297)
	at java.base/java.util.ArrayList.forEach(ArrayList.java:1511)
	at net.thucydides.core.model.TestStep.getRenderedScreenshots(TestStep.java:296)
	at net.thucydides.core.model.TestStep.lambda$getRenderedScreenshots$8(TestStep.java:297)
	at java.base/java.util.ArrayList.forEach(ArrayList.java:1511)
	at net.thucydides.core.model.TestStep.getRenderedScreenshots(TestStep.java:296)
	at net.thucydides.core.model.TestStep.lambda$getRenderedScreenshots$8(TestStep.java:297)
	at java.base/java.util.ArrayList.forEach(ArrayList.java:1511)
	at net.thucydides.core.model.TestStep.getRenderedScreenshots(TestStep.java:296)
	at net.thucydides.core.model.TestStep.lambda$getRenderedScreenshots$8(TestStep.java:297)
	at java.base/java.util.ArrayList.forEach(ArrayList.java:1511)
	at net.thucydides.core.model.TestStep.getRenderedScreenshots(TestStep.java:296)
	at net.thucydides.core.model.TestStep.lambda$getRenderedScreenshots$8(TestStep.java:297)
	at java.base/java.util.ArrayList.forEach(ArrayList.java:1511)
	at net.thucydides.core.model.TestStep.getRenderedScreenshots(TestStep.java:296)
	at net.thucydides.core.model.TestStep.lambda$getRenderedScreenshots$8(TestStep.java:297)
	at java.base/java.util.ArrayList.forEach(ArrayList.java:1511)
	at net.thucydides.core.model.TestStep.getRenderedScreenshots(TestStep.java:296)
	at net.thucydides.core.model.TestStep.lambda$getRenderedScreenshots$8(TestStep.java:297)
	at java.base/java.util.ArrayList.forEach(ArrayList.java:1511)
	at net.thucydides.core.model.TestStep.getRenderedScreenshots(TestStep.java:296)
	at net.thucydides.core.model.TestStep.lambda$getRenderedScreenshots$8(TestStep.java:297)
	at java.base/java.util.ArrayList.forEach(ArrayList.java:1511)
	at net.thucydides.core.model.TestStep.getRenderedScreenshots(TestStep.java:296)
	at net.thucydides.core.model.TestStep.lambda$getRenderedScreenshots$8(TestStep.java:297)
	at java.base/java.util.ArrayList.forEach(ArrayList.java:1511)
	at net.thucydides.core.model.TestStep.getRenderedScreenshots(TestStep.java:296)
	at net.thucydides.core.model.TestStep.lambda$getRenderedScreenshots$8(TestStep.java:297)
	at java.base/java.util.ArrayList.forEach(ArrayList.java:1511)
	at net.thucydides.core.model.TestStep.getRenderedScreenshots(TestStep.java:296)
	at net.thucydides.core.model.TestStep.lambda$getRenderedScreenshots$8(TestStep.java:297)
	at java.base/java.util.ArrayList.forEach(ArrayList.java:1511)
	at net.thucydides.core.model.TestStep.getRenderedScreenshots(TestStep.java:296)
	at net.thucydides.core.model.TestStep.lambda$getRenderedScreenshots$8(TestStep.java:297)
	at java.base/java.util.ArrayList.forEach(ArrayList.java:1511)
	at net.thucydides.core.model.TestStep.getRenderedScreenshots(TestStep.java:296)
	at net.thucydides.core.model.TestStep.lambda$getRenderedScreenshots$8(TestStep.java:297)
	at java.base/java.util.ArrayList.forEach(ArrayList.java:1511)
	at net.thucydides.core.model.TestStep.getRenderedScreenshots(TestStep.java:296)
	at net.thucydides.core.model.TestStep.lambda$getRenderedScreenshots$8(TestStep.java:297)
	at java.base/java.util.ArrayList.forEach(ArrayList.java:1511)
	at net.thucydides.core.model.TestStep.getRenderedScreenshots(TestStep.java:296)
	at net.thucydides.core.model.TestStep.lambda$getRenderedScreenshots$8(TestStep.java:297)
	at java.base/java.util.ArrayList.forEach(ArrayList.java:1511)
	at net.thucydides.core.model.TestStep.getRenderedScreenshots(TestStep.java:296)
	at net.thucydides.core.model.TestStep.lambda$getRenderedScreenshots$8(TestStep.java:297)
	at java.base/java.util.ArrayList.forEach(ArrayList.java:1511)
	at net.thucydides.core.model.TestStep.getRenderedScreenshots(TestStep.java:296)
	at net.thucydides.core.model.TestStep.lambda$getRenderedScreenshots$8(TestStep.java:297)
	at java.base/java.util.ArrayList.forEach(ArrayList.java:1511)
	at net.thucydides.core.model.TestStep.getRenderedScreenshots(TestStep.java:296)
	at net.thucydides.core.model.TestStep.lambda$getRenderedScreenshots$8(TestStep.java:297)
	at java.base/java.util.ArrayList.forEach(ArrayList.java:1511)
	at net.thucydides.core.model.TestStep.getRenderedScreenshots(TestStep.java:296)
	at net.thucydides.core.model.TestStep.lambda$getRenderedScreenshots$8(TestStep.java:297)
	at java.base/java.util.ArrayList.forEach(ArrayList.java:1511)
	at net.thucydides.core.model.TestStep.getRenderedScreenshots(TestStep.java:296)
	at net.thucydides.core.model.TestStep.lambda$getRenderedScreenshots$8(TestStep.java:297)
	at java.base/java.util.ArrayList.forEach(ArrayList.java:1511)
	at net.thucydides.core.model.TestStep.getRenderedScreenshots(TestStep.java:296)
	at net.thucydides.core.model.TestStep.lambda$getRenderedScreenshots$8(TestStep.java:297)
	at java.base/java.util.ArrayList.forEach(ArrayList.java:1511)
	at net.thucydides.core.model.TestStep.getRenderedScreenshots(TestStep.java:296)
	at net.thucydides.core.model.TestStep.lambda$getRenderedScreenshots$8(TestStep.java:297)
	at java.base/java.util.ArrayList.forEach(ArrayList.java:1511)
	at net.thucydides.core.model.TestStep.getRenderedScreenshots(TestStep.java:296)
	at net.thucydides.core.model.TestStep.lambda$getRenderedScreenshots$8(TestStep.java:297)
	at java.base/java.util.ArrayList.forEach(ArrayList.java:1511)
	at net.thucydides.core.model.TestStep.getRenderedScreenshots(TestStep.java:296)
	at net.thucydides.core.model.TestStep.lambda$getRenderedScreenshots$8(TestStep.java:297)
	at java.base/java.util.ArrayList.forEach(ArrayList.java:1511)
	at net.thucydides.core.model.TestStep.getRenderedScreenshots(TestStep.java:296)
	at net.thucydides.core.model.TestStep.lambda$getRenderedScreenshots$8(TestStep.java:297)
	at java.base/java.util.ArrayList.forEach(ArrayList.java:1511)
	at net.thucydides.core.model.TestStep.getRenderedScreenshots(TestStep.java:296)
	at net.thucydides.core.model.TestStep.lambda$getRenderedScreenshots$8(TestStep.java:297)
	at java.base/java.util.ArrayList.forEach(ArrayList.java:1511)
	at net.thucydides.core.model.TestStep.getRenderedScreenshots(TestStep.java:296)
	at net.thucydides.core.model.TestStep.lambda$getRenderedScreenshots$8(TestStep.java:297)
	at java.base/java.util.ArrayList.forEach(ArrayList.java:1511)
	at net.thucydides.core.model.TestStep.getRenderedScreenshots(TestStep.java:296)
	at net.thucydides.core.model.TestStep.lambda$getRenderedScreenshots$8(TestStep.java:297)
	at java.base/java.util.ArrayList.forEach(ArrayList.java:1511)
	at net.thucydides.core.model.TestStep.getRenderedScreenshots(TestStep.java:296)
	at net.thucydides.core.model.TestStep.lambda$getRenderedScreenshots$8(TestStep.java:297)
	at java.base/java.util.ArrayList.forEach(ArrayList.java:1511)
	at net.thucydides.core.model.TestStep.getRenderedScreenshots(TestStep.java:296)
	at net.thucydides.core.model.TestStep.lambda$getRenderedScreenshots$8(TestStep.java:297)
	at java.base/java.util.ArrayList.forEach(ArrayList.java:1511)
	at net.thucydides.core.model.TestStep.getRenderedScreenshots(TestStep.java:296)
	at net.thucydides.core.model.TestStep.lambda$getRenderedScreenshots$8(TestStep.java:297)
	at java.base/java.util.ArrayList.forEach(ArrayList.java:1511)
	at net.thucydides.core.model.TestStep.getRenderedScreenshots(TestStep.java:296)
	at net.thucydides.core.model.TestStep.lambda$getRenderedScreenshots$8(TestStep.java:297)
	at java.base/java.util.ArrayList.forEach(ArrayList.java:1511)
	at net.thucydides.core.model.TestStep.getRenderedScreenshots(TestStep.java:296)
	at net.thucydides.core.model.TestStep.lambda$getRenderedScreenshots$8(TestStep.java:297)
	at java.base/java.util.ArrayList.forEach(ArrayList.java:1511)
	at net.thucydides.core.model.TestStep.getRenderedScreenshots(TestStep.java:296)
	at net.thucydides.core.model.TestStep.lambda$getRenderedScreenshots$8(TestStep.java:297)
	at java.base/java.util.ArrayList.forEach(ArrayList.java:1511)
	at net.thucydides.core.model.TestStep.getRenderedScreenshots(TestStep.java:296)
	at net.thucydides.core.model.TestStep.lambda$getRenderedScreenshots$8(TestStep.java:297)
	at java.base/java.util.ArrayList.forEach(ArrayList.java:1511)
	at net.thucydides.core.model.TestStep.getRenderedScreenshots(TestStep.java:296)
	at net.thucydides.core.model.TestStep.lambda$getRenderedScreenshots$8(TestStep.java:297)
	at java.base/java.util.ArrayList.forEach(ArrayList.java:1511)
	at net.thucydides.core.model.TestStep.getRenderedScreenshots(TestStep.java:296)
	at net.thucydides.core.model.TestStep.lambda$getRenderedScreenshots$8(TestStep.java:297)
	at java.base/java.util.ArrayList.forEach(ArrayList.java:1511)
	at net.thucydides.core.model.TestStep.getRenderedScreenshots(TestStep.java:296)
	at net.thucydides.core.model.TestStep.lambda$getRenderedScreenshots$8(TestStep.java:297)
	at java.base/java.util.ArrayList.forEach(ArrayList.java:1511)
	at net.thucydides.core.model.TestStep.getRenderedScreenshots(TestStep.java:296)
	at net.thucydides.core.model.TestStep.lambda$getRenderedScreenshots$8(TestStep.java:297)
	at java.base/java.util.ArrayList.forEach(ArrayList.java:1511)
	at net.thucydides.core.model.TestStep.getRenderedScreenshots(TestStep.java:296)
	at net.thucydides.core.model.TestStep.lambda$getRenderedScreenshots$8(TestStep.java:297)
	at java.base/java.util.ArrayList.forEach(ArrayList.java:1511)
	at net.thucydides.core.model.TestStep.getRenderedScreenshots(TestStep.java:296)
	at net.thucydides.core.model.TestStep.lambda$getRenderedScreenshots$8(TestStep.java:297)
	at java.base/java.util.ArrayList.forEach(ArrayList.java:1511)
	at net.thucydides.core.model.TestStep.getRenderedScreenshots(TestStep.java:296)
	at net.thucydides.core.model.TestStep.lambda$getRenderedScreenshots$8(TestStep.java:297)
	at java.base/java.util.ArrayList.forEach(ArrayList.java:1511)
	at net.thucydides.core.model.TestStep.getRenderedScreenshots(TestStep.java:296)
	at net.thucydides.core.model.TestStep.lambda$getRenderedScreenshots$8(TestStep.java:297)
	at java.base/java.util.ArrayList.forEach(ArrayList.java:1511)
	at net.thucydides.core.model.TestStep.getRenderedScreenshots(TestStep.java:296)
	at net.thucydides.core.model.TestStep.lambda$getRenderedScreenshots$8(TestStep.java:297)
	at java.base/java.util.ArrayList.forEach(ArrayList.java:1511)
	at net.thucydides.core.model.TestStep.getRenderedScreenshots(TestStep.java:296)
	at net.thucydides.core.model.TestStep.lambda$getRenderedScreenshots$8(TestStep.java:297)
	at java.base/java.util.ArrayList.forEach(ArrayList.java:1511)
	at net.thucydides.core.model.TestStep.getRenderedScreenshots(TestStep.java:296)
	at net.thucydides.core.model.TestStep.lambda$getRenderedScreenshots$8(TestStep.java:297)
	at java.base/java.util.ArrayList.forEach(ArrayList.java:1511)
	at net.thucydides.core.model.TestStep.getRenderedScreenshots(TestStep.java:296)
	at net.thucydides.core.model.TestStep.lambda$getRenderedScreenshots$8(TestStep.java:297)
	at java.base/java.util.ArrayList.forEach(ArrayList.java:1511)
	at net.thucydides.core.model.TestStep.getRenderedScreenshots(TestStep.java:296)
	at net.thucydides.core.model.TestStep.lambda$getRenderedScreenshots$8(TestStep.java:297)
	at java.base/java.util.ArrayList.forEach(ArrayList.java:1511)
	at net.thucydides.core.model.TestStep.getRenderedScreenshots(TestStep.java:296)
	at net.thucydides.core.model.TestStep.lambda$getRenderedScreenshots$8(TestStep.java:297)
	at java.base/java.util.ArrayList.forEach(ArrayList.java:1511)
	at net.thucydides.core.model.TestStep.getRenderedScreenshots(TestStep.java:296)
	at net.thucydides.core.model.TestStep.lambda$getRenderedScreenshots$8(TestStep.java:297)
	at java.base/java.util.ArrayList.forEach(ArrayList.java:1511)
	at net.thucydides.core.model.TestStep.getRenderedScreenshots(TestStep.java:296)
	at net.thucydides.core.model.TestStep.lambda$getRenderedScreenshots$8(TestStep.java:297)
	at java.base/java.util.ArrayList.forEach(ArrayList.java:1511)
	at net.thucydides.core.model.TestStep.getRenderedScreenshots(TestStep.java:296)
	at net.thucydides.core.model.TestStep.lambda$getRenderedScreenshots$8(TestStep.java:297)
	at java.base/java.util.ArrayList.forEach(ArrayList.java:1511)
	at net.thucydides.core.model.TestStep.getRenderedScreenshots(TestStep.java:296)
	at net.thucydides.core.model.TestStep.lambda$getRenderedScreenshots$8(TestStep.java:297)
	at java.base/java.util.ArrayList.forEach(ArrayList.java:1511)
	at net.thucydides.core.model.TestStep.getRenderedScreenshots(TestStep.java:296)
	at net.thucydides.core.model.TestStep.lambda$getRenderedScreenshots$8(TestStep.java:297)
	at java.base/java.util.ArrayList.forEach(ArrayList.java:1511)
	at net.thucydides.core.model.TestStep.getRenderedScreenshots(TestStep.java:296)
	at net.thucydides.core.model.TestStep.lambda$getRenderedScreenshots$8(TestStep.java:297)
	at java.base/java.util.ArrayList.forEach(ArrayList.java:1511)
	at net.thucydides.core.model.TestStep.getRenderedScreenshots(TestStep.java:296)
	at net.thucydides.core.model.TestStep.lambda$getRenderedScreenshots$8(TestStep.java:297)
	at java.base/java.util.ArrayList.forEach(ArrayList.java:1511)
	at net.thucydides.core.model.TestStep.getRenderedScreenshots(TestStep.java:296)
	at net.thucydides.core.model.TestStep.lambda$getRenderedScreenshots$8(TestStep.java:297)
	at java.base/java.util.ArrayList.forEach(ArrayList.java:1511)
	at net.thucydides.core.model.TestStep.getRenderedScreenshots(TestStep.java:296)
	at net.thucydides.core.model.TestStep.lambda$getRenderedScreenshots$8(TestStep.java:297)
	at java.base/java.util.ArrayList.forEach(ArrayList.java:1511)
	at net.thucydides.core.model.TestStep.getRenderedScreenshots(TestStep.java:296)
	at net.thucydides.core.model.TestStep.lambda$getRenderedScreenshots$8(TestStep.java:297)
	at java.base/java.util.ArrayList.forEach(ArrayList.java:1511)
	at net.thucydides.core.model.TestStep.getRenderedScreenshots(TestStep.java:296)
	at net.thucydides.core.model.TestStep.lambda$getRenderedScreenshots$8(TestStep.java:297)
	at java.base/java.util.ArrayList.forEach(ArrayList.java:1511)
	at net.thucydides.core.model.TestStep.getRenderedScreenshots(TestStep.java:296)
	at net.thucydides.core.model.TestStep.lambda$getRenderedScreenshots$8(TestStep.java:297)
	at java.base/java.util.ArrayList.forEach(ArrayList.java:1511)
	at net.thucydides.core.model.TestStep.getRenderedScreenshots(TestStep.java:296)
	at net.thucydides.core.model.TestStep.lambda$getRenderedScreenshots$8(TestStep.java:297)
	at java.base/java.util.ArrayList.forEach(ArrayList.java:1511)
	at net.thucydides.core.model.TestStep.getRenderedScreenshots(TestStep.java:296)
	at net.thucydides.core.model.TestStep.lambda$getRenderedScreenshots$8(TestStep.java:297)
	at java.base/java.util.ArrayList.forEach(ArrayList.java:1511)
	at net.thucydides.core.model.TestStep.getRenderedScreenshots(TestStep.java:296)
	at net.thucydides.core.model.TestStep.lambda$getRenderedScreenshots$8(TestStep.java:297)
	at java.base/java.util.ArrayList.forEach(ArrayList.java:1511)
	at net.thucydides.core.model.TestStep.getRenderedScreenshots(TestStep.java:296)
	at net.thucydides.core.model.TestStep.lambda$getRenderedScreenshots$8(TestStep.java:297)
	at java.base/java.util.ArrayList.forEach(ArrayList.java:1511)
	at net.thucydides.core.model.TestStep.getRenderedScreenshots(TestStep.java:296)
	at net.thucydides.core.model.TestStep.lambda$getRenderedScreenshots$8(TestStep.java:297)
	at java.base/java.util.ArrayList.forEach(ArrayList.java:1511)
	at net.thucydides.core.model.TestStep.getRenderedScreenshots(TestStep.java:296)
	at net.thucydides.core.model.TestStep.lambda$getRenderedScreenshots$8(TestStep.java:297)
	at java.base/java.util.ArrayList.forEach(ArrayList.java:1511)
	at net.thucydides.core.model.TestStep.getRenderedScreenshots(TestStep.java:296)
	at net.thucydides.core.model.TestStep.lambda$getRenderedScreenshots$8(TestStep.java:297)
	at java.base/java.util.ArrayList.forEach(ArrayList.java:1511)
	at net.thucydides.core.model.TestStep.getRenderedScreenshots(TestStep.java:296)
	at net.thucydides.core.model.TestStep.lambda$getRenderedScreenshots$8(TestStep.java:297)
	at java.base/java.util.ArrayList.forEach(ArrayList.java:1511)
	at net.thucydides.core.model.TestStep.getRenderedScreenshots(TestStep.java:296)
	at net.thucydides.core.model.TestStep.lambda$getRenderedScreenshots$8(TestStep.java:297)
	at java.base/java.util.ArrayList.forEach(ArrayList.java:1511)
	at net.thucydides.core.model.TestStep.getRenderedScreenshots(TestStep.java:296)
	at net.thucydides.core.model.TestStep.lambda$getRenderedScreenshots$8(TestStep.java:297)
	at java.base/java.util.ArrayList.forEach(ArrayList.java:1511)
	at net.thucydides.core.model.TestStep.getRenderedScreenshots(TestStep.java:296)
	at net.thucydides.core.model.TestStep.lambda$getRenderedScreenshots$8(TestStep.java:297)
	at java.base/java.util.ArrayList.forEach(ArrayList.java:1511)
	at net.thucydides.core.model.TestStep.getRenderedScreenshots(TestStep.java:296)
	at net.thucydides.core.model.TestStep.lambda$getRenderedScreenshots$8(TestStep.java:297)
	at java.base/java.util.ArrayList.forEach(ArrayList.java:1511)
	at net.thucydides.core.model.TestStep.getRenderedScreenshots(TestStep.java:296)
	at net.thucydides.core.model.TestStep.lambda$getRenderedScreenshots$8(TestStep.java:297)
	at java.base/java.util.ArrayList.forEach(ArrayList.java:1511)
	at net.thucydides.core.model.TestStep.getRenderedScreenshots(TestStep.java:296)
	at net.thucydides.core.model.TestStep.lambda$getRenderedScreenshots$8(TestStep.java:297)
	at java.base/java.util.ArrayList.forEach(ArrayList.java:1511)
	at net.thucydides.core.model.TestStep.getRenderedScreenshots(TestStep.java:296)
	at net.thucydides.core.model.TestStep.lambda$getRenderedScreenshots$8(TestStep.java:297)
	at java.base/java.util.ArrayList.forEach(ArrayList.java:1511)
	at net.thucydides.core.model.TestStep.getRenderedScreenshots(TestStep.java:296)
	at net.thucydides.core.model.TestStep.lambda$getRenderedScreenshots$8(TestStep.java:297)
	at java.base/java.util.ArrayList.forEach(ArrayList.java:1511)
	at net.thucydides.core.model.TestStep.getRenderedScreenshots(TestStep.java:296)
	at net.thucydides.core.model.TestStep.lambda$getRenderedScreenshots$8(TestStep.java:297)
	at java.base/java.util.ArrayList.forEach(ArrayList.java:1511)
	at net.thucydides.core.model.TestStep.getRenderedScreenshots(TestStep.java:296)
	at net.thucydides.core.model.TestStep.lambda$getRenderedScreenshots$8(TestStep.java:297)
	at java.base/java.util.ArrayList.forEach(ArrayList.java:1511)
	at net.thucydides.core.model.TestStep.getRenderedScreenshots(TestStep.java:296)
	at net.thucydides.core.model.TestStep.lambda$getRenderedScreenshots$8(TestStep.java:297)
	at java.base/java.util.ArrayList.forEach(ArrayList.java:1511)

]]></system-err>
  </testcase>
</testsuite>