<?xml version="1.0" encoding="UTF-8"?>
<testsuite xmlns:xsi="http://www.w3.org/2001/XMLSchema-instance" xsi:noNamespaceSchemaLocation="https://maven.apache.org/surefire/maven-failsafe-plugin/xsd/failsafe-test-report-3.0.xsd" version="3.0" name="starter.CucumberTestSuite" time="31.918" tests="5" errors="0" skipped="0" failures="0">
  <properties>
    <property name="java.specification.version" value="17"/>
    <property name="webdriver.chrome.driver" value="C:\Users\Rev\.cache\selenium\chromedriver\win32\101.0.4951.41\chromedriver.exe"/>
    <property name="sun.cpu.isalist" value="amd64"/>
    <property name="sun.jnu.encoding" value="Cp1252"/>
    <property name="java.class.path" value="D:\alta folder\final project\web testing\target\test-classes;C:\Users\Rev\.m2\repository\net\serenity-bdd\serenity-core\3.2.1\serenity-core-3.2.1.jar;C:\Users\Rev\.m2\repository\net\serenity-bdd\serenity-model\3.2.1\serenity-model-3.2.1.jar;C:\Users\Rev\.m2\repository\org\apache\commons\commons-text\1.9\commons-text-1.9.jar;C:\Users\Rev\.m2\repository\commons-net\commons-net\3.8.0\commons-net-3.8.0.jar;C:\Users\Rev\.m2\repository\com\google\guava\guava\31.1-jre\guava-31.1-jre.jar;C:\Users\Rev\.m2\repository\com\google\guava\failureaccess\1.0.1\failureaccess-1.0.1.jar;C:\Users\Rev\.m2\repository\com\google\guava\listenablefuture\9999.0-empty-to-avoid-conflict-with-guava\listenablefuture-9999.0-empty-to-avoid-conflict-with-guava.jar;C:\Users\Rev\.m2\repository\com\google\code\findbugs\jsr305\3.0.2\jsr305-3.0.2.jar;C:\Users\Rev\.m2\repository\org\checkerframework\checker-qual\3.12.0\checker-qual-3.12.0.jar;C:\Users\Rev\.m2\repository\com\google\errorprone\error_prone_annotations\2.11.0\error_prone_annotations-2.11.0.jar;C:\Users\Rev\.m2\repository\com\google\j2objc\j2objc-annotations\1.3\j2objc-annotations-1.3.jar;C:\Users\Rev\.m2\repository\com\google\inject\guice\5.1.0\guice-5.1.0.jar;C:\Users\Rev\.m2\repository\javax\inject\javax.inject\1\javax.inject-1.jar;C:\Users\Rev\.m2\repository\aopalliance\aopalliance\1.0\aopalliance-1.0.jar;C:\Users\Rev\.m2\repository\org\jsoup\jsoup\1.14.3\jsoup-1.14.3.jar;C:\Users\Rev\.m2\repository\com\thoughtworks\xstream\xstream\1.4.19\xstream-1.4.19.jar;C:\Users\Rev\.m2\repository\io\github\x-stream\mxparser\1.2.2\mxparser-1.2.2.jar;C:\Users\Rev\.m2\repository\xmlpull\xmlpull\1.1.3.1\xmlpull-1.1.3.1.jar;C:\Users\Rev\.m2\repository\io\cucumber\cucumber-java\7.2.3\cucumber-java-7.2.3.jar;C:\Users\Rev\.m2\repository\com\typesafe\config\1.4.2\config-1.4.2.jar;C:\Users\Rev\.m2\repository\org\imgscalr\imgscalr-lib\4.2\imgscalr-lib-4.2.jar;C:\Users\Rev\.m2\repository\org\awaitility\awaitility\4.2.0\awaitility-4.2.0.jar;C:\Users\Rev\.m2\repository\org\freemarker\freemarker\2.3.31\freemarker-2.3.31.jar;C:\Users\Rev\.m2\repository\io\github\classgraph\classgraph\4.8.138\classgraph-4.8.138.jar;C:\Users\Rev\.m2\repository\net\sourceforge\jexcelapi\jxl\2.6.12\jxl-2.6.12.jar;C:\Users\Rev\.m2\repository\net\bytebuddy\byte-buddy\1.12.8\byte-buddy-1.12.8.jar;C:\Users\Rev\.m2\repository\net\bytebuddy\byte-buddy-agent\1.12.8\byte-buddy-agent-1.12.8.jar;C:\Users\Rev\.m2\repository\org\objenesis\objenesis\3.1\objenesis-3.1.jar;C:\Users\Rev\.m2\repository\net\serenity-bdd\serenity-reports\3.2.1\serenity-reports-3.2.1.jar;C:\Users\Rev\.m2\repository\net\serenity-bdd\serenity-stats\3.2.1\serenity-stats-3.2.1.jar;C:\Users\Rev\.m2\repository\net\serenity-bdd\serenity-reports-configuration\3.2.1\serenity-reports-configuration-3.2.1.jar;C:\Users\Rev\.m2\repository\com\vladsch\flexmark\flexmark-all\0.34.30\flexmark-all-0.34.30.jar;C:\Users\Rev\.m2\repository\com\vladsch\flexmark\flexmark\0.34.30\flexmark-0.34.30.jar;C:\Users\Rev\.m2\repository\com\vladsch\flexmark\flexmark-ext-abbreviation\0.34.30\flexmark-ext-abbreviation-0.34.30.jar;C:\Users\Rev\.m2\repository\com\vladsch\flexmark\flexmark-ext-admonition\0.34.30\flexmark-ext-admonition-0.34.30.jar;C:\Users\Rev\.m2\repository\com\vladsch\flexmark\flexmark-ext-anchorlink\0.34.30\flexmark-ext-anchorlink-0.34.30.jar;C:\Users\Rev\.m2\repository\com\vladsch\flexmark\flexmark-ext-aside\0.34.30\flexmark-ext-aside-0.34.30.jar;C:\Users\Rev\.m2\repository\com\vladsch\flexmark\flexmark-ext-attributes\0.34.30\flexmark-ext-attributes-0.34.30.jar;C:\Users\Rev\.m2\repository\com\vladsch\flexmark\flexmark-ext-autolink\0.34.30\flexmark-ext-autolink-0.34.30.jar;C:\Users\Rev\.m2\repository\org\nibor\autolink\autolink\0.6.0\autolink-0.6.0.jar;C:\Users\Rev\.m2\repository\com\vladsch\flexmark\flexmark-ext-definition\0.34.30\flexmark-ext-definition-0.34.30.jar;C:\Users\Rev\.m2\repository\com\vladsch\flexmark\flexmark-ext-emoji\0.34.30\flexmark-ext-emoji-0.34.30.jar;C:\Users\Rev\.m2\repository\com\vladsch\flexmark\flexmark-ext-enumerated-reference\0.34.30\flexmark-ext-enumerated-reference-0.34.30.jar;C:\Users\Rev\.m2\repository\com\vladsch\flexmark\flexmark-ext-escaped-character\0.34.30\flexmark-ext-escaped-character-0.34.30.jar;C:\Users\Rev\.m2\repository\com\vladsch\flexmark\flexmark-ext-footnotes\0.34.30\flexmark-ext-footnotes-0.34.30.jar;C:\Users\Rev\.m2\repository\com\vladsch\flexmark\flexmark-ext-gfm-issues\0.34.30\flexmark-ext-gfm-issues-0.34.30.jar;C:\Users\Rev\.m2\repository\com\vladsch\flexmark\flexmark-ext-gfm-strikethrough\0.34.30\flexmark-ext-gfm-strikethrough-0.34.30.jar;C:\Users\Rev\.m2\repository\com\vladsch\flexmark\flexmark-ext-gfm-tables\0.34.30\flexmark-ext-gfm-tables-0.34.30.jar;C:\Users\Rev\.m2\repository\com\vladsch\flexmark\flexmark-ext-gfm-tasklist\0.34.30\flexmark-ext-gfm-tasklist-0.34.30.jar;C:\Users\Rev\.m2\repository\com\vladsch\flexmark\flexmark-ext-gfm-users\0.34.30\flexmark-ext-gfm-users-0.34.30.jar;C:\Users\Rev\.m2\repository\com\vladsch\flexmark\flexmark-ext-gitlab\0.34.30\flexmark-ext-gitlab-0.34.30.jar;C:\Users\Rev\.m2\repository\com\vladsch\flexmark\flexmark-ext-jekyll-front-matter\0.34.30\flexmark-ext-jekyll-front-matter-0.34.30.jar;C:\Users\Rev\.m2\repository\com\vladsch\flexmark\flexmark-ext-jekyll-tag\0.34.30\flexmark-ext-jekyll-tag-0.34.30.jar;C:\Users\Rev\.m2\repository\com\vladsch\flexmark\flexmark-ext-media-tags\0.34.30\flexmark-ext-media-tags-0.34.30.jar;C:\Users\Rev\.m2\repository\com\vladsch\flexmark\flexmark-test-util\0.34.30\flexmark-test-util-0.34.30.jar;C:\Users\Rev\.m2\repository\com\vladsch\flexmark\flexmark-ext-ins\0.34.30\flexmark-ext-ins-0.34.30.jar;C:\Users\Rev\.m2\repository\com\vladsch\flexmark\flexmark-ext-xwiki-macros\0.34.30\flexmark-ext-xwiki-macros-0.34.30.jar;C:\Users\Rev\.m2\repository\com\vladsch\flexmark\flexmark-ext-superscript\0.34.30\flexmark-ext-superscript-0.34.30.jar;C:\Users\Rev\.m2\repository\com\vladsch\flexmark\flexmark-ext-tables\0.34.30\flexmark-ext-tables-0.34.30.jar;C:\Users\Rev\.m2\repository\com\vladsch\flexmark\flexmark-ext-toc\0.34.30\flexmark-ext-toc-0.34.30.jar;C:\Users\Rev\.m2\repository\com\vladsch\flexmark\flexmark-ext-typographic\0.34.30\flexmark-ext-typographic-0.34.30.jar;C:\Users\Rev\.m2\repository\com\vladsch\flexmark\flexmark-ext-wikilink\0.34.30\flexmark-ext-wikilink-0.34.30.jar;C:\Users\Rev\.m2\repository\com\vladsch\flexmark\flexmark-ext-yaml-front-matter\0.34.30\flexmark-ext-yaml-front-matter-0.34.30.jar;C:\Users\Rev\.m2\repository\com\vladsch\flexmark\flexmark-ext-youtube-embedded\0.34.30\flexmark-ext-youtube-embedded-0.34.30.jar;C:\Users\Rev\.m2\repository\com\vladsch\flexmark\flexmark-formatter\0.34.30\flexmark-formatter-0.34.30.jar;C:\Users\Rev\.m2\repository\com\vladsch\flexmark\flexmark-html-parser\0.34.30\flexmark-html-parser-0.34.30.jar;C:\Users\Rev\.m2\repository\com\vladsch\flexmark\flexmark-jira-converter\0.34.30\flexmark-jira-converter-0.34.30.jar;C:\Users\Rev\.m2\repository\com\vladsch\flexmark\flexmark-pdf-converter\0.34.30\flexmark-pdf-converter-0.34.30.jar;C:\Users\Rev\.m2\repository\com\openhtmltopdf\openhtmltopdf-core\0.0.1-RC13\openhtmltopdf-core-0.0.1-RC13.jar;C:\Users\Rev\.m2\repository\com\openhtmltopdf\openhtmltopdf-pdfbox\0.0.1-RC13\openhtmltopdf-pdfbox-0.0.1-RC13.jar;C:\Users\Rev\.m2\repository\org\apache\pdfbox\pdfbox\2.0.8\pdfbox-2.0.8.jar;C:\Users\Rev\.m2\repository\org\apache\pdfbox\fontbox\2.0.8\fontbox-2.0.8.jar;C:\Users\Rev\.m2\repository\commons-logging\commons-logging\1.2\commons-logging-1.2.jar;C:\Users\Rev\.m2\repository\org\apache\pdfbox\xmpbox\2.0.8\xmpbox-2.0.8.jar;C:\Users\Rev\.m2\repository\de\rototor\pdfbox\graphics2d\0.12\graphics2d-0.12.jar;C:\Users\Rev\.m2\repository\com\openhtmltopdf\openhtmltopdf-rtl-support\0.0.1-RC13\openhtmltopdf-rtl-support-0.0.1-RC13.jar;C:\Users\Rev\.m2\repository\com\ibm\icu\icu4j\59.1\icu4j-59.1.jar;C:\Users\Rev\.m2\repository\com\openhtmltopdf\openhtmltopdf-jsoup-dom-converter\0.0.1-RC13\openhtmltopdf-jsoup-dom-converter-0.0.1-RC13.jar;C:\Users\Rev\.m2\repository\com\vladsch\flexmark\flexmark-profile-pegdown\0.34.30\flexmark-profile-pegdown-0.34.30.jar;C:\Users\Rev\.m2\repository\com\vladsch\flexmark\flexmark-util\0.34.30\flexmark-util-0.34.30.jar;C:\Users\Rev\.m2\repository\com\vladsch\flexmark\flexmark-youtrack-converter\0.34.30\flexmark-youtrack-converter-0.34.30.jar;C:\Users\Rev\.m2\repository\es\nitaur\markdown\txtmark\0.16\txtmark-0.16.jar;C:\Users\Rev\.m2\repository\net\serenity-bdd\serenity-report-resources\3.2.1\serenity-report-resources-3.2.1.jar;C:\Users\Rev\.m2\repository\com\google\code\gson\gson\2.9.0\gson-2.9.0.jar;C:\Users\Rev\.m2\repository\com\fasterxml\jackson\core\jackson-core\2.13.2\jackson-core-2.13.2.jar;C:\Users\Rev\.m2\repository\com\fasterxml\jackson\core\jackson-databind\2.13.2\jackson-databind-2.13.2.jar;C:\Users\Rev\.m2\repository\com\fasterxml\jackson\core\jackson-annotations\2.13.2\jackson-annotations-2.13.2.jar;C:\Users\Rev\.m2\repository\commons-codec\commons-codec\1.15\commons-codec-1.15.jar;C:\Users\Rev\.m2\repository\commons-io\commons-io\2.11.0\commons-io-2.11.0.jar;C:\Users\Rev\.m2\repository\org\seleniumhq\selenium\selenium-java\4.1.2\selenium-java-4.1.2.jar;C:\Users\Rev\.m2\repository\org\seleniumhq\selenium\selenium-devtools-v85\4.1.2\selenium-devtools-v85-4.1.2.jar;C:\Users\Rev\.m2\repository\org\seleniumhq\selenium\selenium-devtools-v95\4.1.2\selenium-devtools-v95-4.1.2.jar;C:\Users\Rev\.m2\repository\org\seleniumhq\selenium\selenium-devtools-v96\4.1.2\selenium-devtools-v96-4.1.2.jar;C:\Users\Rev\.m2\repository\org\seleniumhq\selenium\selenium-devtools-v97\4.1.2\selenium-devtools-v97-4.1.2.jar;C:\Users\Rev\.m2\repository\org\seleniumhq\selenium\selenium-firefox-xpi-driver\4.1.2\selenium-firefox-xpi-driver-4.1.2.jar;C:\Users\Rev\.m2\repository\org\seleniumhq\selenium\selenium-opera-driver\4.1.2\selenium-opera-driver-4.1.2.jar;C:\Users\Rev\.m2\repository\org\seleniumhq\selenium\selenium-remote-driver\4.1.2\selenium-remote-driver-4.1.2.jar;C:\Users\Rev\.m2\repository\com\beust\jcommander\1.82\jcommander-1.82.jar;C:\Users\Rev\.m2\repository\io\netty\netty-buffer\4.1.73.Final\netty-buffer-4.1.73.Final.jar;C:\Users\Rev\.m2\repository\io\netty\netty-codec-http\4.1.73.Final\netty-codec-http-4.1.73.Final.jar;C:\Users\Rev\.m2\repository\io\netty\netty-codec\4.1.73.Final\netty-codec-4.1.73.Final.jar;C:\Users\Rev\.m2\repository\io\netty\netty-handler\4.1.73.Final\netty-handler-4.1.73.Final.jar;C:\Users\Rev\.m2\repository\io\netty\netty-tcnative-classes\2.0.46.Final\netty-tcnative-classes-2.0.46.Final.jar;C:\Users\Rev\.m2\repository\io\netty\netty-common\4.1.73.Final\netty-common-4.1.73.Final.jar;C:\Users\Rev\.m2\repository\io\netty\netty-transport-classes-epoll\4.1.73.Final\netty-transport-classes-epoll-4.1.73.Final.jar;C:\Users\Rev\.m2\repository\io\netty\netty-transport-classes-kqueue\4.1.73.Final\netty-transport-classes-kqueue-4.1.73.Final.jar;C:\Users\Rev\.m2\repository\io\netty\netty-transport-native-epoll\4.1.73.Final\netty-transport-native-epoll-4.1.73.Final.jar;C:\Users\Rev\.m2\repository\io\netty\netty-transport-native-kqueue\4.1.73.Final\netty-transport-native-kqueue-4.1.73.Final.jar;C:\Users\Rev\.m2\repository\io\netty\netty-transport-native-unix-common\4.1.73.Final\netty-transport-native-unix-common-4.1.73.Final.jar;C:\Users\Rev\.m2\repository\io\netty\netty-transport\4.1.73.Final\netty-transport-4.1.73.Final.jar;C:\Users\Rev\.m2\repository\io\netty\netty-resolver\4.1.73.Final\netty-resolver-4.1.73.Final.jar;C:\Users\Rev\.m2\repository\io\opentelemetry\opentelemetry-api\1.10.1\opentelemetry-api-1.10.1.jar;C:\Users\Rev\.m2\repository\io\opentelemetry\opentelemetry-context\1.10.1\opentelemetry-context-1.10.1.jar;C:\Users\Rev\.m2\repository\io\opentelemetry\opentelemetry-exporter-logging\1.10.1\opentelemetry-exporter-logging-1.10.1.jar;C:\Users\Rev\.m2\repository\io\opentelemetry\opentelemetry-sdk-metrics\1.10.1-alpha\opentelemetry-sdk-metrics-1.10.1-alpha.jar;C:\Users\Rev\.m2\repository\io\opentelemetry\opentelemetry-sdk-logs\1.10.1-alpha\opentelemetry-sdk-logs-1.10.1-alpha.jar;C:\Users\Rev\.m2\repository\io\opentelemetry\opentelemetry-sdk-common\1.10.1\opentelemetry-sdk-common-1.10.1.jar;C:\Users\Rev\.m2\repository\io\opentelemetry\opentelemetry-sdk-extension-autoconfigure-spi\1.10.1\opentelemetry-sdk-extension-autoconfigure-spi-1.10.1.jar;C:\Users\Rev\.m2\repository\io\opentelemetry\opentelemetry-sdk-extension-autoconfigure\1.10.1-alpha\opentelemetry-sdk-extension-autoconfigure-1.10.1-alpha.jar;C:\Users\Rev\.m2\repository\io\opentelemetry\opentelemetry-sdk-trace\1.10.1\opentelemetry-sdk-trace-1.10.1.jar;C:\Users\Rev\.m2\repository\io\opentelemetry\opentelemetry-sdk\1.10.1\opentelemetry-sdk-1.10.1.jar;C:\Users\Rev\.m2\repository\io\opentelemetry\opentelemetry-semconv\1.10.1-alpha\opentelemetry-semconv-1.10.1-alpha.jar;C:\Users\Rev\.m2\repository\io\ous\jtoml\2.0.0\jtoml-2.0.0.jar;C:\Users\Rev\.m2\repository\org\apache\commons\commons-exec\1.3\commons-exec-1.3.jar;C:\Users\Rev\.m2\repository\org\asynchttpclient\async-http-client\2.12.3\async-http-client-2.12.3.jar;C:\Users\Rev\.m2\repository\org\asynchttpclient\async-http-client-netty-utils\2.12.3\async-http-client-netty-utils-2.12.3.jar;C:\Users\Rev\.m2\repository\io\netty\netty-codec-socks\4.1.60.Final\netty-codec-socks-4.1.60.Final.jar;C:\Users\Rev\.m2\repository\io\netty\netty-handler-proxy\4.1.60.Final\netty-handler-proxy-4.1.60.Final.jar;C:\Users\Rev\.m2\repository\io\netty\netty-transport-native-epoll\4.1.60.Final\netty-transport-native-epoll-4.1.60.Final-linux-x86_64.jar;C:\Users\Rev\.m2\repository\io\netty\netty-transport-native-kqueue\4.1.60.Final\netty-transport-native-kqueue-4.1.60.Final-osx-x86_64.jar;C:\Users\Rev\.m2\repository\org\reactivestreams\reactive-streams\1.0.3\reactive-streams-1.0.3.jar;C:\Users\Rev\.m2\repository\com\typesafe\netty\netty-reactive-streams\2.0.4\netty-reactive-streams-2.0.4.jar;C:\Users\Rev\.m2\repository\org\seleniumhq\selenium\selenium-http\4.1.2\selenium-http-4.1.2.jar;C:\Users\Rev\.m2\repository\net\jodah\failsafe\2.4.4\failsafe-2.4.4.jar;C:\Users\Rev\.m2\repository\org\seleniumhq\selenium\selenium-safari-driver\4.1.2\selenium-safari-driver-4.1.2.jar;C:\Users\Rev\.m2\repository\org\seleniumhq\selenium\selenium-api\4.1.2\selenium-api-4.1.2.jar;C:\Users\Rev\.m2\repository\org\seleniumhq\selenium\selenium-support\4.1.2\selenium-support-4.1.2.jar;C:\Users\Rev\.m2\repository\com\google\auto\service\auto-service-annotations\1.0.1\auto-service-annotations-1.0.1.jar;C:\Users\Rev\.m2\repository\com\google\auto\service\auto-service\1.0.1\auto-service-1.0.1.jar;C:\Users\Rev\.m2\repository\com\google\auto\auto-common\1.2\auto-common-1.2.jar;C:\Users\Rev\.m2\repository\org\seleniumhq\selenium\selenium-json\4.1.2\selenium-json-4.1.2.jar;C:\Users\Rev\.m2\repository\org\seleniumhq\selenium\selenium-chrome-driver\4.1.2\selenium-chrome-driver-4.1.2.jar;C:\Users\Rev\.m2\repository\org\seleniumhq\selenium\selenium-chromium-driver\4.1.2\selenium-chromium-driver-4.1.2.jar;C:\Users\Rev\.m2\repository\org\seleniumhq\selenium\selenium-firefox-driver\4.1.2\selenium-firefox-driver-4.1.2.jar;C:\Users\Rev\.m2\repository\org\seleniumhq\selenium\selenium-edge-driver\4.1.2\selenium-edge-driver-4.1.2.jar;C:\Users\Rev\.m2\repository\org\seleniumhq\selenium\selenium-ie-driver\4.1.2\selenium-ie-driver-4.1.2.jar;C:\Users\Rev\.m2\repository\org\projectlombok\lombok\1.18.20\lombok-1.18.20.jar;C:\Users\Rev\.m2\repository\io\appium\java-client\8.0.0\java-client-8.0.0.jar;C:\Users\Rev\.m2\repository\commons-validator\commons-validator\1.7\commons-validator-1.7.jar;C:\Users\Rev\.m2\repository\commons-digester\commons-digester\2.1\commons-digester-2.1.jar;C:\Users\Rev\.m2\repository\org\aspectj\aspectjweaver\1.9.8\aspectjweaver-1.9.8.jar;C:\Users\Rev\.m2\repository\org\codehaus\groovy\groovy\3.0.10\groovy-3.0.10.jar;C:\Users\Rev\.m2\repository\net\sf\opencsv\opencsv\2.0\opencsv-2.0.jar;C:\Users\Rev\.m2\repository\commons-beanutils\commons-beanutils\1.9.4\commons-beanutils-1.9.4.jar;C:\Users\Rev\.m2\repository\org\apache\commons\commons-lang3\3.12.0\commons-lang3-3.12.0.jar;C:\Users\Rev\.m2\repository\commons-collections\commons-collections\3.2.2\commons-collections-3.2.2.jar;C:\Users\Rev\.m2\repository\org\fluentlenium\fluentlenium-core\0.10.2\fluentlenium-core-0.10.2.jar;C:\Users\Rev\.m2\repository\io\github\bonigarcia\webdrivermanager\5.1.0\webdrivermanager-5.1.0.jar;C:\Users\Rev\.m2\repository\com\github\docker-java\docker-java\3.2.13\docker-java-3.2.13.jar;C:\Users\Rev\.m2\repository\com\github\docker-java\docker-java-core\3.2.13\docker-java-core-3.2.13.jar;C:\Users\Rev\.m2\repository\com\github\docker-java\docker-java-api\3.2.13\docker-java-api-3.2.13.jar;C:\Users\Rev\.m2\repository\org\apache\commons\commons-compress\1.21\commons-compress-1.21.jar;C:\Users\Rev\.m2\repository\org\bouncycastle\bcpkix-jdk15on\1.64\bcpkix-jdk15on-1.64.jar;C:\Users\Rev\.m2\repository\org\bouncycastle\bcprov-jdk15on\1.64\bcprov-jdk15on-1.64.jar;C:\Users\Rev\.m2\repository\org\slf4j\jcl-over-slf4j\1.7.30\jcl-over-slf4j-1.7.30.jar;C:\Users\Rev\.m2\repository\com\github\docker-java\docker-java-transport-httpclient5\3.2.13\docker-java-transport-httpclient5-3.2.13.jar;C:\Users\Rev\.m2\repository\com\github\docker-java\docker-java-transport\3.2.13\docker-java-transport-3.2.13.jar;C:\Users\Rev\.m2\repository\org\apache\httpcomponents\client5\httpclient5\5.0.3\httpclient5-5.0.3.jar;C:\Users\Rev\.m2\repository\org\apache\httpcomponents\core5\httpcore5\5.0.2\httpcore5-5.0.2.jar;C:\Users\Rev\.m2\repository\net\java\dev\jna\jna\5.8.0\jna-5.8.0.jar;C:\Users\Rev\.m2\repository\org\brotli\dec\0.1.2\dec-0.1.2.jar;C:\Users\Rev\.m2\repository\com\jhlabs\filters\2.0.235\filters-2.0.235.jar;C:\Users\Rev\.m2\repository\com\paulhammant\ngwebdriver\1.1.6\ngwebdriver-1.1.6.jar;C:\Users\Rev\.m2\repository\joda-time\joda-time\2.8.2\joda-time-2.8.2.jar;C:\Users\Rev\.m2\repository\org\hamcrest\hamcrest\2.2\hamcrest-2.2.jar;C:\Users\Rev\.m2\repository\com\google\jimfs\jimfs\1.2\jimfs-1.2.jar;C:\Users\Rev\.m2\repository\org\mockito\mockito-core\3.3.3\mockito-core-3.3.3.jar;C:\Users\Rev\.m2\repository\javax\xml\bind\jaxb-api\2.3.1\jaxb-api-2.3.1.jar;C:\Users\Rev\.m2\repository\javax\activation\javax.activation-api\1.2.0\javax.activation-api-1.2.0.jar;C:\Users\Rev\.m2\repository\com\sun\xml\bind\jaxb-core\2.3.0.1\jaxb-core-2.3.0.1.jar;C:\Users\Rev\.m2\repository\com\sun\xml\bind\jaxb-impl\2.3.3\jaxb-impl-2.3.3.jar;C:\Users\Rev\.m2\repository\jakarta\xml\bind\jakarta.xml.bind-api\2.3.3\jakarta.xml.bind-api-2.3.3.jar;C:\Users\Rev\.m2\repository\com\sun\activation\jakarta.activation\1.2.2\jakarta.activation-1.2.2.jar;C:\Users\Rev\.m2\repository\javax\activation\activation\1.1.1\activation-1.1.1.jar;C:\Users\Rev\.m2\repository\net\serenity-bdd\serenity-cucumber\3.2.1\serenity-cucumber-3.2.1.jar;C:\Users\Rev\.m2\repository\io\cucumber\cucumber-core\7.2.3\cucumber-core-7.2.3.jar;C:\Users\Rev\.m2\repository\io\cucumber\cucumber-gherkin\7.2.3\cucumber-gherkin-7.2.3.jar;C:\Users\Rev\.m2\repository\io\cucumber\cucumber-gherkin-messages\7.2.3\cucumber-gherkin-messages-7.2.3.jar;C:\Users\Rev\.m2\repository\io\cucumber\messages\17.1.1\messages-17.1.1.jar;C:\Users\Rev\.m2\repository\io\cucumber\tag-expressions\4.1.0\tag-expressions-4.1.0.jar;C:\Users\Rev\.m2\repository\io\cucumber\cucumber-expressions\15.0.1\cucumber-expressions-15.0.1.jar;C:\Users\Rev\.m2\repository\io\cucumber\datatable\7.2.3\datatable-7.2.3.jar;C:\Users\Rev\.m2\repository\io\cucumber\cucumber-plugin\7.2.3\cucumber-plugin-7.2.3.jar;C:\Users\Rev\.m2\repository\io\cucumber\docstring\7.2.3\docstring-7.2.3.jar;C:\Users\Rev\.m2\repository\io\cucumber\html-formatter\17.0.0\html-formatter-17.0.0.jar;C:\Users\Rev\.m2\repository\io\cucumber\ci-environment\8.1.0\ci-environment-8.1.0.jar;C:\Users\Rev\.m2\repository\io\cucumber\cucumber-junit\7.2.3\cucumber-junit-7.2.3.jar;C:\Users\Rev\.m2\repository\org\apache\commons\commons-csv\1.5\commons-csv-1.5.jar;C:\Users\Rev\.m2\repository\net\serenity-bdd\serenity-screenplay\3.2.1\serenity-screenplay-3.2.1.jar;C:\Users\Rev\.m2\repository\net\serenity-bdd\serenity-screenplay-webdriver\3.2.1\serenity-screenplay-webdriver-3.2.1.jar;C:\Users\Rev\.m2\repository\net\serenity-bdd\serenity-ensure\3.2.1\serenity-ensure-3.2.1.jar;C:\Users\Rev\.m2\repository\net\serenity-bdd\serenity-junit\3.2.1\serenity-junit-3.2.1.jar;C:\Users\Rev\.m2\repository\org\jetbrains\kotlin\kotlin-stdlib\1.6.0\kotlin-stdlib-1.6.0.jar;C:\Users\Rev\.m2\repository\org\jetbrains\annotations\13.0\annotations-13.0.jar;C:\Users\Rev\.m2\repository\org\jetbrains\kotlin\kotlin-stdlib-common\1.6.0\kotlin-stdlib-common-1.6.0.jar;C:\Users\Rev\.m2\repository\org\junit\platform\junit-platform-launcher\1.8.1\junit-platform-launcher-1.8.1.jar;C:\Users\Rev\.m2\repository\org\junit\platform\junit-platform-engine\1.8.1\junit-platform-engine-1.8.1.jar;C:\Users\Rev\.m2\repository\org\opentest4j\opentest4j\1.2.0\opentest4j-1.2.0.jar;C:\Users\Rev\.m2\repository\org\junit\platform\junit-platform-commons\1.8.1\junit-platform-commons-1.8.1.jar;C:\Users\Rev\.m2\repository\org\apiguardian\apiguardian-api\1.1.2\apiguardian-api-1.1.2.jar;C:\Users\Rev\.m2\repository\org\junit\jupiter\junit-jupiter-engine\5.8.2\junit-jupiter-engine-5.8.2.jar;C:\Users\Rev\.m2\repository\org\junit\jupiter\junit-jupiter-api\5.8.2\junit-jupiter-api-5.8.2.jar;C:\Users\Rev\.m2\repository\org\junit\vintage\junit-vintage-engine\5.8.2\junit-vintage-engine-5.8.2.jar;C:\Users\Rev\.m2\repository\junit\junit\4.13.2\junit-4.13.2.jar;C:\Users\Rev\.m2\repository\org\hamcrest\hamcrest-core\1.3\hamcrest-core-1.3.jar;C:\Users\Rev\.m2\repository\ch\qos\logback\logback-classic\1.2.10\logback-classic-1.2.10.jar;C:\Users\Rev\.m2\repository\ch\qos\logback\logback-core\1.2.10\logback-core-1.2.10.jar;C:\Users\Rev\.m2\repository\org\slf4j\slf4j-api\1.7.32\slf4j-api-1.7.32.jar;C:\Users\Rev\.m2\repository\org\assertj\assertj-core\3.6.2\assertj-core-3.6.2.jar;"/>
    <property name="java.vm.vendor" value="Oracle Corporation"/>
    <property name="sun.arch.data.model" value="64"/>
    <property name="user.variant" value=""/>
    <property name="java.vendor.url" value="https://java.oracle.com/"/>
    <property name="user.timezone" value="Asia/Makassar"/>
    <property name="log4j2.formatMsgNoLookups" value="true"/>
    <property name="os.name" value="Windows 10"/>
    <property name="java.vm.specification.version" value="17"/>
    <property name="sun.java.launcher" value="SUN_STANDARD"/>
    <property name="user.country" value="GB"/>
    <property name="sun.boot.library.path" value="C:\Program Files\Java\jdk-17.0.2\bin"/>
    <property name="sun.java.command" value="org.apache.maven.surefire.booter.ForkedBooter C:\Users\Rev\AppData\Local\Temp\surefire380477393649115607 2022-05-17T20-35-09_401-jvmRun1 surefire16305535786237506498tmp surefire_012698508922733001496tmp"/>
    <property name="jdk.debug" value="release"/>
    <property name="surefire.test.class.path" value="D:\alta folder\final project\web testing\target\test-classes;C:\Users\Rev\.m2\repository\net\serenity-bdd\serenity-core\3.2.1\serenity-core-3.2.1.jar;C:\Users\Rev\.m2\repository\net\serenity-bdd\serenity-model\3.2.1\serenity-model-3.2.1.jar;C:\Users\Rev\.m2\repository\org\apache\commons\commons-text\1.9\commons-text-1.9.jar;C:\Users\Rev\.m2\repository\commons-net\commons-net\3.8.0\commons-net-3.8.0.jar;C:\Users\Rev\.m2\repository\com\google\guava\guava\31.1-jre\guava-31.1-jre.jar;C:\Users\Rev\.m2\repository\com\google\guava\failureaccess\1.0.1\failureaccess-1.0.1.jar;C:\Users\Rev\.m2\repository\com\google\guava\listenablefuture\9999.0-empty-to-avoid-conflict-with-guava\listenablefuture-9999.0-empty-to-avoid-conflict-with-guava.jar;C:\Users\Rev\.m2\repository\com\google\code\findbugs\jsr305\3.0.2\jsr305-3.0.2.jar;C:\Users\Rev\.m2\repository\org\checkerframework\checker-qual\3.12.0\checker-qual-3.12.0.jar;C:\Users\Rev\.m2\repository\com\google\errorprone\error_prone_annotations\2.11.0\error_prone_annotations-2.11.0.jar;C:\Users\Rev\.m2\repository\com\google\j2objc\j2objc-annotations\1.3\j2objc-annotations-1.3.jar;C:\Users\Rev\.m2\repository\com\google\inject\guice\5.1.0\guice-5.1.0.jar;C:\Users\Rev\.m2\repository\javax\inject\javax.inject\1\javax.inject-1.jar;C:\Users\Rev\.m2\repository\aopalliance\aopalliance\1.0\aopalliance-1.0.jar;C:\Users\Rev\.m2\repository\org\jsoup\jsoup\1.14.3\jsoup-1.14.3.jar;C:\Users\Rev\.m2\repository\com\thoughtworks\xstream\xstream\1.4.19\xstream-1.4.19.jar;C:\Users\Rev\.m2\repository\io\github\x-stream\mxparser\1.2.2\mxparser-1.2.2.jar;C:\Users\Rev\.m2\repository\xmlpull\xmlpull\1.1.3.1\xmlpull-1.1.3.1.jar;C:\Users\Rev\.m2\repository\io\cucumber\cucumber-java\7.2.3\cucumber-java-7.2.3.jar;C:\Users\Rev\.m2\repository\com\typesafe\config\1.4.2\config-1.4.2.jar;C:\Users\Rev\.m2\repository\org\imgscalr\imgscalr-lib\4.2\imgscalr-lib-4.2.jar;C:\Users\Rev\.m2\repository\org\awaitility\awaitility\4.2.0\awaitility-4.2.0.jar;C:\Users\Rev\.m2\repository\org\freemarker\freemarker\2.3.31\freemarker-2.3.31.jar;C:\Users\Rev\.m2\repository\io\github\classgraph\classgraph\4.8.138\classgraph-4.8.138.jar;C:\Users\Rev\.m2\repository\net\sourceforge\jexcelapi\jxl\2.6.12\jxl-2.6.12.jar;C:\Users\Rev\.m2\repository\net\bytebuddy\byte-buddy\1.12.8\byte-buddy-1.12.8.jar;C:\Users\Rev\.m2\repository\net\bytebuddy\byte-buddy-agent\1.12.8\byte-buddy-agent-1.12.8.jar;C:\Users\Rev\.m2\repository\org\objenesis\objenesis\3.1\objenesis-3.1.jar;C:\Users\Rev\.m2\repository\net\serenity-bdd\serenity-reports\3.2.1\serenity-reports-3.2.1.jar;C:\Users\Rev\.m2\repository\net\serenity-bdd\serenity-stats\3.2.1\serenity-stats-3.2.1.jar;C:\Users\Rev\.m2\repository\net\serenity-bdd\serenity-reports-configuration\3.2.1\serenity-reports-configuration-3.2.1.jar;C:\Users\Rev\.m2\repository\com\vladsch\flexmark\flexmark-all\0.34.30\flexmark-all-0.34.30.jar;C:\Users\Rev\.m2\repository\com\vladsch\flexmark\flexmark\0.34.30\flexmark-0.34.30.jar;C:\Users\Rev\.m2\repository\com\vladsch\flexmark\flexmark-ext-abbreviation\0.34.30\flexmark-ext-abbreviation-0.34.30.jar;C:\Users\Rev\.m2\repository\com\vladsch\flexmark\flexmark-ext-admonition\0.34.30\flexmark-ext-admonition-0.34.30.jar;C:\Users\Rev\.m2\repository\com\vladsch\flexmark\flexmark-ext-anchorlink\0.34.30\flexmark-ext-anchorlink-0.34.30.jar;C:\Users\Rev\.m2\repository\com\vladsch\flexmark\flexmark-ext-aside\0.34.30\flexmark-ext-aside-0.34.30.jar;C:\Users\Rev\.m2\repository\com\vladsch\flexmark\flexmark-ext-attributes\0.34.30\flexmark-ext-attributes-0.34.30.jar;C:\Users\Rev\.m2\repository\com\vladsch\flexmark\flexmark-ext-autolink\0.34.30\flexmark-ext-autolink-0.34.30.jar;C:\Users\Rev\.m2\repository\org\nibor\autolink\autolink\0.6.0\autolink-0.6.0.jar;C:\Users\Rev\.m2\repository\com\vladsch\flexmark\flexmark-ext-definition\0.34.30\flexmark-ext-definition-0.34.30.jar;C:\Users\Rev\.m2\repository\com\vladsch\flexmark\flexmark-ext-emoji\0.34.30\flexmark-ext-emoji-0.34.30.jar;C:\Users\Rev\.m2\repository\com\vladsch\flexmark\flexmark-ext-enumerated-reference\0.34.30\flexmark-ext-enumerated-reference-0.34.30.jar;C:\Users\Rev\.m2\repository\com\vladsch\flexmark\flexmark-ext-escaped-character\0.34.30\flexmark-ext-escaped-character-0.34.30.jar;C:\Users\Rev\.m2\repository\com\vladsch\flexmark\flexmark-ext-footnotes\0.34.30\flexmark-ext-footnotes-0.34.30.jar;C:\Users\Rev\.m2\repository\com\vladsch\flexmark\flexmark-ext-gfm-issues\0.34.30\flexmark-ext-gfm-issues-0.34.30.jar;C:\Users\Rev\.m2\repository\com\vladsch\flexmark\flexmark-ext-gfm-strikethrough\0.34.30\flexmark-ext-gfm-strikethrough-0.34.30.jar;C:\Users\Rev\.m2\repository\com\vladsch\flexmark\flexmark-ext-gfm-tables\0.34.30\flexmark-ext-gfm-tables-0.34.30.jar;C:\Users\Rev\.m2\repository\com\vladsch\flexmark\flexmark-ext-gfm-tasklist\0.34.30\flexmark-ext-gfm-tasklist-0.34.30.jar;C:\Users\Rev\.m2\repository\com\vladsch\flexmark\flexmark-ext-gfm-users\0.34.30\flexmark-ext-gfm-users-0.34.30.jar;C:\Users\Rev\.m2\repository\com\vladsch\flexmark\flexmark-ext-gitlab\0.34.30\flexmark-ext-gitlab-0.34.30.jar;C:\Users\Rev\.m2\repository\com\vladsch\flexmark\flexmark-ext-jekyll-front-matter\0.34.30\flexmark-ext-jekyll-front-matter-0.34.30.jar;C:\Users\Rev\.m2\repository\com\vladsch\flexmark\flexmark-ext-jekyll-tag\0.34.30\flexmark-ext-jekyll-tag-0.34.30.jar;C:\Users\Rev\.m2\repository\com\vladsch\flexmark\flexmark-ext-media-tags\0.34.30\flexmark-ext-media-tags-0.34.30.jar;C:\Users\Rev\.m2\repository\com\vladsch\flexmark\flexmark-test-util\0.34.30\flexmark-test-util-0.34.30.jar;C:\Users\Rev\.m2\repository\com\vladsch\flexmark\flexmark-ext-ins\0.34.30\flexmark-ext-ins-0.34.30.jar;C:\Users\Rev\.m2\repository\com\vladsch\flexmark\flexmark-ext-xwiki-macros\0.34.30\flexmark-ext-xwiki-macros-0.34.30.jar;C:\Users\Rev\.m2\repository\com\vladsch\flexmark\flexmark-ext-superscript\0.34.30\flexmark-ext-superscript-0.34.30.jar;C:\Users\Rev\.m2\repository\com\vladsch\flexmark\flexmark-ext-tables\0.34.30\flexmark-ext-tables-0.34.30.jar;C:\Users\Rev\.m2\repository\com\vladsch\flexmark\flexmark-ext-toc\0.34.30\flexmark-ext-toc-0.34.30.jar;C:\Users\Rev\.m2\repository\com\vladsch\flexmark\flexmark-ext-typographic\0.34.30\flexmark-ext-typographic-0.34.30.jar;C:\Users\Rev\.m2\repository\com\vladsch\flexmark\flexmark-ext-wikilink\0.34.30\flexmark-ext-wikilink-0.34.30.jar;C:\Users\Rev\.m2\repository\com\vladsch\flexmark\flexmark-ext-yaml-front-matter\0.34.30\flexmark-ext-yaml-front-matter-0.34.30.jar;C:\Users\Rev\.m2\repository\com\vladsch\flexmark\flexmark-ext-youtube-embedded\0.34.30\flexmark-ext-youtube-embedded-0.34.30.jar;C:\Users\Rev\.m2\repository\com\vladsch\flexmark\flexmark-formatter\0.34.30\flexmark-formatter-0.34.30.jar;C:\Users\Rev\.m2\repository\com\vladsch\flexmark\flexmark-html-parser\0.34.30\flexmark-html-parser-0.34.30.jar;C:\Users\Rev\.m2\repository\com\vladsch\flexmark\flexmark-jira-converter\0.34.30\flexmark-jira-converter-0.34.30.jar;C:\Users\Rev\.m2\repository\com\vladsch\flexmark\flexmark-pdf-converter\0.34.30\flexmark-pdf-converter-0.34.30.jar;C:\Users\Rev\.m2\repository\com\openhtmltopdf\openhtmltopdf-core\0.0.1-RC13\openhtmltopdf-core-0.0.1-RC13.jar;C:\Users\Rev\.m2\repository\com\openhtmltopdf\openhtmltopdf-pdfbox\0.0.1-RC13\openhtmltopdf-pdfbox-0.0.1-RC13.jar;C:\Users\Rev\.m2\repository\org\apache\pdfbox\pdfbox\2.0.8\pdfbox-2.0.8.jar;C:\Users\Rev\.m2\repository\org\apache\pdfbox\fontbox\2.0.8\fontbox-2.0.8.jar;C:\Users\Rev\.m2\repository\commons-logging\commons-logging\1.2\commons-logging-1.2.jar;C:\Users\Rev\.m2\repository\org\apache\pdfbox\xmpbox\2.0.8\xmpbox-2.0.8.jar;C:\Users\Rev\.m2\repository\de\rototor\pdfbox\graphics2d\0.12\graphics2d-0.12.jar;C:\Users\Rev\.m2\repository\com\openhtmltopdf\openhtmltopdf-rtl-support\0.0.1-RC13\openhtmltopdf-rtl-support-0.0.1-RC13.jar;C:\Users\Rev\.m2\repository\com\ibm\icu\icu4j\59.1\icu4j-59.1.jar;C:\Users\Rev\.m2\repository\com\openhtmltopdf\openhtmltopdf-jsoup-dom-converter\0.0.1-RC13\openhtmltopdf-jsoup-dom-converter-0.0.1-RC13.jar;C:\Users\Rev\.m2\repository\com\vladsch\flexmark\flexmark-profile-pegdown\0.34.30\flexmark-profile-pegdown-0.34.30.jar;C:\Users\Rev\.m2\repository\com\vladsch\flexmark\flexmark-util\0.34.30\flexmark-util-0.34.30.jar;C:\Users\Rev\.m2\repository\com\vladsch\flexmark\flexmark-youtrack-converter\0.34.30\flexmark-youtrack-converter-0.34.30.jar;C:\Users\Rev\.m2\repository\es\nitaur\markdown\txtmark\0.16\txtmark-0.16.jar;C:\Users\Rev\.m2\repository\net\serenity-bdd\serenity-report-resources\3.2.1\serenity-report-resources-3.2.1.jar;C:\Users\Rev\.m2\repository\com\google\code\gson\gson\2.9.0\gson-2.9.0.jar;C:\Users\Rev\.m2\repository\com\fasterxml\jackson\core\jackson-core\2.13.2\jackson-core-2.13.2.jar;C:\Users\Rev\.m2\repository\com\fasterxml\jackson\core\jackson-databind\2.13.2\jackson-databind-2.13.2.jar;C:\Users\Rev\.m2\repository\com\fasterxml\jackson\core\jackson-annotations\2.13.2\jackson-annotations-2.13.2.jar;C:\Users\Rev\.m2\repository\commons-codec\commons-codec\1.15\commons-codec-1.15.jar;C:\Users\Rev\.m2\repository\commons-io\commons-io\2.11.0\commons-io-2.11.0.jar;C:\Users\Rev\.m2\repository\org\seleniumhq\selenium\selenium-java\4.1.2\selenium-java-4.1.2.jar;C:\Users\Rev\.m2\repository\org\seleniumhq\selenium\selenium-devtools-v85\4.1.2\selenium-devtools-v85-4.1.2.jar;C:\Users\Rev\.m2\repository\org\seleniumhq\selenium\selenium-devtools-v95\4.1.2\selenium-devtools-v95-4.1.2.jar;C:\Users\Rev\.m2\repository\org\seleniumhq\selenium\selenium-devtools-v96\4.1.2\selenium-devtools-v96-4.1.2.jar;C:\Users\Rev\.m2\repository\org\seleniumhq\selenium\selenium-devtools-v97\4.1.2\selenium-devtools-v97-4.1.2.jar;C:\Users\Rev\.m2\repository\org\seleniumhq\selenium\selenium-firefox-xpi-driver\4.1.2\selenium-firefox-xpi-driver-4.1.2.jar;C:\Users\Rev\.m2\repository\org\seleniumhq\selenium\selenium-opera-driver\4.1.2\selenium-opera-driver-4.1.2.jar;C:\Users\Rev\.m2\repository\org\seleniumhq\selenium\selenium-remote-driver\4.1.2\selenium-remote-driver-4.1.2.jar;C:\Users\Rev\.m2\repository\com\beust\jcommander\1.82\jcommander-1.82.jar;C:\Users\Rev\.m2\repository\io\netty\netty-buffer\4.1.73.Final\netty-buffer-4.1.73.Final.jar;C:\Users\Rev\.m2\repository\io\netty\netty-codec-http\4.1.73.Final\netty-codec-http-4.1.73.Final.jar;C:\Users\Rev\.m2\repository\io\netty\netty-codec\4.1.73.Final\netty-codec-4.1.73.Final.jar;C:\Users\Rev\.m2\repository\io\netty\netty-handler\4.1.73.Final\netty-handler-4.1.73.Final.jar;C:\Users\Rev\.m2\repository\io\netty\netty-tcnative-classes\2.0.46.Final\netty-tcnative-classes-2.0.46.Final.jar;C:\Users\Rev\.m2\repository\io\netty\netty-common\4.1.73.Final\netty-common-4.1.73.Final.jar;C:\Users\Rev\.m2\repository\io\netty\netty-transport-classes-epoll\4.1.73.Final\netty-transport-classes-epoll-4.1.73.Final.jar;C:\Users\Rev\.m2\repository\io\netty\netty-transport-classes-kqueue\4.1.73.Final\netty-transport-classes-kqueue-4.1.73.Final.jar;C:\Users\Rev\.m2\repository\io\netty\netty-transport-native-epoll\4.1.73.Final\netty-transport-native-epoll-4.1.73.Final.jar;C:\Users\Rev\.m2\repository\io\netty\netty-transport-native-kqueue\4.1.73.Final\netty-transport-native-kqueue-4.1.73.Final.jar;C:\Users\Rev\.m2\repository\io\netty\netty-transport-native-unix-common\4.1.73.Final\netty-transport-native-unix-common-4.1.73.Final.jar;C:\Users\Rev\.m2\repository\io\netty\netty-transport\4.1.73.Final\netty-transport-4.1.73.Final.jar;C:\Users\Rev\.m2\repository\io\netty\netty-resolver\4.1.73.Final\netty-resolver-4.1.73.Final.jar;C:\Users\Rev\.m2\repository\io\opentelemetry\opentelemetry-api\1.10.1\opentelemetry-api-1.10.1.jar;C:\Users\Rev\.m2\repository\io\opentelemetry\opentelemetry-context\1.10.1\opentelemetry-context-1.10.1.jar;C:\Users\Rev\.m2\repository\io\opentelemetry\opentelemetry-exporter-logging\1.10.1\opentelemetry-exporter-logging-1.10.1.jar;C:\Users\Rev\.m2\repository\io\opentelemetry\opentelemetry-sdk-metrics\1.10.1-alpha\opentelemetry-sdk-metrics-1.10.1-alpha.jar;C:\Users\Rev\.m2\repository\io\opentelemetry\opentelemetry-sdk-logs\1.10.1-alpha\opentelemetry-sdk-logs-1.10.1-alpha.jar;C:\Users\Rev\.m2\repository\io\opentelemetry\opentelemetry-sdk-common\1.10.1\opentelemetry-sdk-common-1.10.1.jar;C:\Users\Rev\.m2\repository\io\opentelemetry\opentelemetry-sdk-extension-autoconfigure-spi\1.10.1\opentelemetry-sdk-extension-autoconfigure-spi-1.10.1.jar;C:\Users\Rev\.m2\repository\io\opentelemetry\opentelemetry-sdk-extension-autoconfigure\1.10.1-alpha\opentelemetry-sdk-extension-autoconfigure-1.10.1-alpha.jar;C:\Users\Rev\.m2\repository\io\opentelemetry\opentelemetry-sdk-trace\1.10.1\opentelemetry-sdk-trace-1.10.1.jar;C:\Users\Rev\.m2\repository\io\opentelemetry\opentelemetry-sdk\1.10.1\opentelemetry-sdk-1.10.1.jar;C:\Users\Rev\.m2\repository\io\opentelemetry\opentelemetry-semconv\1.10.1-alpha\opentelemetry-semconv-1.10.1-alpha.jar;C:\Users\Rev\.m2\repository\io\ous\jtoml\2.0.0\jtoml-2.0.0.jar;C:\Users\Rev\.m2\repository\org\apache\commons\commons-exec\1.3\commons-exec-1.3.jar;C:\Users\Rev\.m2\repository\org\asynchttpclient\async-http-client\2.12.3\async-http-client-2.12.3.jar;C:\Users\Rev\.m2\repository\org\asynchttpclient\async-http-client-netty-utils\2.12.3\async-http-client-netty-utils-2.12.3.jar;C:\Users\Rev\.m2\repository\io\netty\netty-codec-socks\4.1.60.Final\netty-codec-socks-4.1.60.Final.jar;C:\Users\Rev\.m2\repository\io\netty\netty-handler-proxy\4.1.60.Final\netty-handler-proxy-4.1.60.Final.jar;C:\Users\Rev\.m2\repository\io\netty\netty-transport-native-epoll\4.1.60.Final\netty-transport-native-epoll-4.1.60.Final-linux-x86_64.jar;C:\Users\Rev\.m2\repository\io\netty\netty-transport-native-kqueue\4.1.60.Final\netty-transport-native-kqueue-4.1.60.Final-osx-x86_64.jar;C:\Users\Rev\.m2\repository\org\reactivestreams\reactive-streams\1.0.3\reactive-streams-1.0.3.jar;C:\Users\Rev\.m2\repository\com\typesafe\netty\netty-reactive-streams\2.0.4\netty-reactive-streams-2.0.4.jar;C:\Users\Rev\.m2\repository\org\seleniumhq\selenium\selenium-http\4.1.2\selenium-http-4.1.2.jar;C:\Users\Rev\.m2\repository\net\jodah\failsafe\2.4.4\failsafe-2.4.4.jar;C:\Users\Rev\.m2\repository\org\seleniumhq\selenium\selenium-safari-driver\4.1.2\selenium-safari-driver-4.1.2.jar;C:\Users\Rev\.m2\repository\org\seleniumhq\selenium\selenium-api\4.1.2\selenium-api-4.1.2.jar;C:\Users\Rev\.m2\repository\org\seleniumhq\selenium\selenium-support\4.1.2\selenium-support-4.1.2.jar;C:\Users\Rev\.m2\repository\com\google\auto\service\auto-service-annotations\1.0.1\auto-service-annotations-1.0.1.jar;C:\Users\Rev\.m2\repository\com\google\auto\service\auto-service\1.0.1\auto-service-1.0.1.jar;C:\Users\Rev\.m2\repository\com\google\auto\auto-common\1.2\auto-common-1.2.jar;C:\Users\Rev\.m2\repository\org\seleniumhq\selenium\selenium-json\4.1.2\selenium-json-4.1.2.jar;C:\Users\Rev\.m2\repository\org\seleniumhq\selenium\selenium-chrome-driver\4.1.2\selenium-chrome-driver-4.1.2.jar;C:\Users\Rev\.m2\repository\org\seleniumhq\selenium\selenium-chromium-driver\4.1.2\selenium-chromium-driver-4.1.2.jar;C:\Users\Rev\.m2\repository\org\seleniumhq\selenium\selenium-firefox-driver\4.1.2\selenium-firefox-driver-4.1.2.jar;C:\Users\Rev\.m2\repository\org\seleniumhq\selenium\selenium-edge-driver\4.1.2\selenium-edge-driver-4.1.2.jar;C:\Users\Rev\.m2\repository\org\seleniumhq\selenium\selenium-ie-driver\4.1.2\selenium-ie-driver-4.1.2.jar;C:\Users\Rev\.m2\repository\org\projectlombok\lombok\1.18.20\lombok-1.18.20.jar;C:\Users\Rev\.m2\repository\io\appium\java-client\8.0.0\java-client-8.0.0.jar;C:\Users\Rev\.m2\repository\commons-validator\commons-validator\1.7\commons-validator-1.7.jar;C:\Users\Rev\.m2\repository\commons-digester\commons-digester\2.1\commons-digester-2.1.jar;C:\Users\Rev\.m2\repository\org\aspectj\aspectjweaver\1.9.8\aspectjweaver-1.9.8.jar;C:\Users\Rev\.m2\repository\org\codehaus\groovy\groovy\3.0.10\groovy-3.0.10.jar;C:\Users\Rev\.m2\repository\net\sf\opencsv\opencsv\2.0\opencsv-2.0.jar;C:\Users\Rev\.m2\repository\commons-beanutils\commons-beanutils\1.9.4\commons-beanutils-1.9.4.jar;C:\Users\Rev\.m2\repository\org\apache\commons\commons-lang3\3.12.0\commons-lang3-3.12.0.jar;C:\Users\Rev\.m2\repository\commons-collections\commons-collections\3.2.2\commons-collections-3.2.2.jar;C:\Users\Rev\.m2\repository\org\fluentlenium\fluentlenium-core\0.10.2\fluentlenium-core-0.10.2.jar;C:\Users\Rev\.m2\repository\io\github\bonigarcia\webdrivermanager\5.1.0\webdrivermanager-5.1.0.jar;C:\Users\Rev\.m2\repository\com\github\docker-java\docker-java\3.2.13\docker-java-3.2.13.jar;C:\Users\Rev\.m2\repository\com\github\docker-java\docker-java-core\3.2.13\docker-java-core-3.2.13.jar;C:\Users\Rev\.m2\repository\com\github\docker-java\docker-java-api\3.2.13\docker-java-api-3.2.13.jar;C:\Users\Rev\.m2\repository\org\apache\commons\commons-compress\1.21\commons-compress-1.21.jar;C:\Users\Rev\.m2\repository\org\bouncycastle\bcpkix-jdk15on\1.64\bcpkix-jdk15on-1.64.jar;C:\Users\Rev\.m2\repository\org\bouncycastle\bcprov-jdk15on\1.64\bcprov-jdk15on-1.64.jar;C:\Users\Rev\.m2\repository\org\slf4j\jcl-over-slf4j\1.7.30\jcl-over-slf4j-1.7.30.jar;C:\Users\Rev\.m2\repository\com\github\docker-java\docker-java-transport-httpclient5\3.2.13\docker-java-transport-httpclient5-3.2.13.jar;C:\Users\Rev\.m2\repository\com\github\docker-java\docker-java-transport\3.2.13\docker-java-transport-3.2.13.jar;C:\Users\Rev\.m2\repository\org\apache\httpcomponents\client5\httpclient5\5.0.3\httpclient5-5.0.3.jar;C:\Users\Rev\.m2\repository\org\apache\httpcomponents\core5\httpcore5\5.0.2\httpcore5-5.0.2.jar;C:\Users\Rev\.m2\repository\net\java\dev\jna\jna\5.8.0\jna-5.8.0.jar;C:\Users\Rev\.m2\repository\org\brotli\dec\0.1.2\dec-0.1.2.jar;C:\Users\Rev\.m2\repository\com\jhlabs\filters\2.0.235\filters-2.0.235.jar;C:\Users\Rev\.m2\repository\com\paulhammant\ngwebdriver\1.1.6\ngwebdriver-1.1.6.jar;C:\Users\Rev\.m2\repository\joda-time\joda-time\2.8.2\joda-time-2.8.2.jar;C:\Users\Rev\.m2\repository\org\hamcrest\hamcrest\2.2\hamcrest-2.2.jar;C:\Users\Rev\.m2\repository\com\google\jimfs\jimfs\1.2\jimfs-1.2.jar;C:\Users\Rev\.m2\repository\org\mockito\mockito-core\3.3.3\mockito-core-3.3.3.jar;C:\Users\Rev\.m2\repository\javax\xml\bind\jaxb-api\2.3.1\jaxb-api-2.3.1.jar;C:\Users\Rev\.m2\repository\javax\activation\javax.activation-api\1.2.0\javax.activation-api-1.2.0.jar;C:\Users\Rev\.m2\repository\com\sun\xml\bind\jaxb-core\2.3.0.1\jaxb-core-2.3.0.1.jar;C:\Users\Rev\.m2\repository\com\sun\xml\bind\jaxb-impl\2.3.3\jaxb-impl-2.3.3.jar;C:\Users\Rev\.m2\repository\jakarta\xml\bind\jakarta.xml.bind-api\2.3.3\jakarta.xml.bind-api-2.3.3.jar;C:\Users\Rev\.m2\repository\com\sun\activation\jakarta.activation\1.2.2\jakarta.activation-1.2.2.jar;C:\Users\Rev\.m2\repository\javax\activation\activation\1.1.1\activation-1.1.1.jar;C:\Users\Rev\.m2\repository\net\serenity-bdd\serenity-cucumber\3.2.1\serenity-cucumber-3.2.1.jar;C:\Users\Rev\.m2\repository\io\cucumber\cucumber-core\7.2.3\cucumber-core-7.2.3.jar;C:\Users\Rev\.m2\repository\io\cucumber\cucumber-gherkin\7.2.3\cucumber-gherkin-7.2.3.jar;C:\Users\Rev\.m2\repository\io\cucumber\cucumber-gherkin-messages\7.2.3\cucumber-gherkin-messages-7.2.3.jar;C:\Users\Rev\.m2\repository\io\cucumber\messages\17.1.1\messages-17.1.1.jar;C:\Users\Rev\.m2\repository\io\cucumber\tag-expressions\4.1.0\tag-expressions-4.1.0.jar;C:\Users\Rev\.m2\repository\io\cucumber\cucumber-expressions\15.0.1\cucumber-expressions-15.0.1.jar;C:\Users\Rev\.m2\repository\io\cucumber\datatable\7.2.3\datatable-7.2.3.jar;C:\Users\Rev\.m2\repository\io\cucumber\cucumber-plugin\7.2.3\cucumber-plugin-7.2.3.jar;C:\Users\Rev\.m2\repository\io\cucumber\docstring\7.2.3\docstring-7.2.3.jar;C:\Users\Rev\.m2\repository\io\cucumber\html-formatter\17.0.0\html-formatter-17.0.0.jar;C:\Users\Rev\.m2\repository\io\cucumber\ci-environment\8.1.0\ci-environment-8.1.0.jar;C:\Users\Rev\.m2\repository\io\cucumber\cucumber-junit\7.2.3\cucumber-junit-7.2.3.jar;C:\Users\Rev\.m2\repository\org\apache\commons\commons-csv\1.5\commons-csv-1.5.jar;C:\Users\Rev\.m2\repository\net\serenity-bdd\serenity-screenplay\3.2.1\serenity-screenplay-3.2.1.jar;C:\Users\Rev\.m2\repository\net\serenity-bdd\serenity-screenplay-webdriver\3.2.1\serenity-screenplay-webdriver-3.2.1.jar;C:\Users\Rev\.m2\repository\net\serenity-bdd\serenity-ensure\3.2.1\serenity-ensure-3.2.1.jar;C:\Users\Rev\.m2\repository\net\serenity-bdd\serenity-junit\3.2.1\serenity-junit-3.2.1.jar;C:\Users\Rev\.m2\repository\org\jetbrains\kotlin\kotlin-stdlib\1.6.0\kotlin-stdlib-1.6.0.jar;C:\Users\Rev\.m2\repository\org\jetbrains\annotations\13.0\annotations-13.0.jar;C:\Users\Rev\.m2\repository\org\jetbrains\kotlin\kotlin-stdlib-common\1.6.0\kotlin-stdlib-common-1.6.0.jar;C:\Users\Rev\.m2\repository\org\junit\platform\junit-platform-launcher\1.8.1\junit-platform-launcher-1.8.1.jar;C:\Users\Rev\.m2\repository\org\junit\platform\junit-platform-engine\1.8.1\junit-platform-engine-1.8.1.jar;C:\Users\Rev\.m2\repository\org\opentest4j\opentest4j\1.2.0\opentest4j-1.2.0.jar;C:\Users\Rev\.m2\repository\org\junit\platform\junit-platform-commons\1.8.1\junit-platform-commons-1.8.1.jar;C:\Users\Rev\.m2\repository\org\apiguardian\apiguardian-api\1.1.2\apiguardian-api-1.1.2.jar;C:\Users\Rev\.m2\repository\org\junit\jupiter\junit-jupiter-engine\5.8.2\junit-jupiter-engine-5.8.2.jar;C:\Users\Rev\.m2\repository\org\junit\jupiter\junit-jupiter-api\5.8.2\junit-jupiter-api-5.8.2.jar;C:\Users\Rev\.m2\repository\org\junit\vintage\junit-vintage-engine\5.8.2\junit-vintage-engine-5.8.2.jar;C:\Users\Rev\.m2\repository\junit\junit\4.13.2\junit-4.13.2.jar;C:\Users\Rev\.m2\repository\org\hamcrest\hamcrest-core\1.3\hamcrest-core-1.3.jar;C:\Users\Rev\.m2\repository\ch\qos\logback\logback-classic\1.2.10\logback-classic-1.2.10.jar;C:\Users\Rev\.m2\repository\ch\qos\logback\logback-core\1.2.10\logback-core-1.2.10.jar;C:\Users\Rev\.m2\repository\org\slf4j\slf4j-api\1.7.32\slf4j-api-1.7.32.jar;C:\Users\Rev\.m2\repository\org\assertj\assertj-core\3.6.2\assertj-core-3.6.2.jar;"/>
    <property name="sun.cpu.endian" value="little"/>
    <property name="user.home" value="C:\Users\Rev"/>
    <property name="user.language" value="en"/>
    <property name="java.specification.vendor" value="Oracle Corporation"/>
    <property name="jdk.module.path" value="D:\alta folder\final project\web testing\target\example-1.0-SNAPSHOT.jar"/>
    <property name="java.version.date" value="2022-01-18"/>
    <property name="java.home" value="C:\Program Files\Java\jdk-17.0.2"/>
    <property name="file.separator" value="\"/>
    <property name="basedir" value="D:\alta folder\final project\web testing"/>
    <property name="java.vm.compressedOopsMode" value="Zero based"/>
    <property name="line.separator" value="&#10;"/>
    <property name="java.vm.specification.vendor" value="Oracle Corporation"/>
    <property name="java.specification.name" value="Java Platform API Specification"/>
    <property name="surefire.real.class.path" value="C:\Users\Rev\.m2\repository\org\apache\maven\surefire\surefire-booter\3.0.0-M5\surefire-booter-3.0.0-M5.jar;C:\Users\Rev\.m2\repository\org\apache\maven\surefire\surefire-api\3.0.0-M5\surefire-api-3.0.0-M5.jar;C:\Users\Rev\.m2\repository\org\apache\maven\surefire\surefire-logger-api\3.0.0-M5\surefire-logger-api-3.0.0-M5.jar;C:\Users\Rev\.m2\repository\org\apache\maven\surefire\surefire-shared-utils\3.0.0-M4\surefire-shared-utils-3.0.0-M4.jar;C:\Users\Rev\.m2\repository\org\apache\maven\surefire\surefire-extensions-spi\3.0.0-M5\surefire-extensions-spi-3.0.0-M5.jar;D:\alta folder\final project\web testing\target\test-classes;C:\Users\Rev\.m2\repository\net\serenity-bdd\serenity-core\3.2.1\serenity-core-3.2.1.jar;C:\Users\Rev\.m2\repository\net\serenity-bdd\serenity-model\3.2.1\serenity-model-3.2.1.jar;C:\Users\Rev\.m2\repository\org\apache\commons\commons-text\1.9\commons-text-1.9.jar;C:\Users\Rev\.m2\repository\commons-net\commons-net\3.8.0\commons-net-3.8.0.jar;C:\Users\Rev\.m2\repository\com\google\guava\guava\31.1-jre\guava-31.1-jre.jar;C:\Users\Rev\.m2\repository\com\google\guava\failureaccess\1.0.1\failureaccess-1.0.1.jar;C:\Users\Rev\.m2\repository\com\google\guava\listenablefuture\9999.0-empty-to-avoid-conflict-with-guava\listenablefuture-9999.0-empty-to-avoid-conflict-with-guava.jar;C:\Users\Rev\.m2\repository\com\google\code\findbugs\jsr305\3.0.2\jsr305-3.0.2.jar;C:\Users\Rev\.m2\repository\org\checkerframework\checker-qual\3.12.0\checker-qual-3.12.0.jar;C:\Users\Rev\.m2\repository\com\google\errorprone\error_prone_annotations\2.11.0\error_prone_annotations-2.11.0.jar;C:\Users\Rev\.m2\repository\com\google\j2objc\j2objc-annotations\1.3\j2objc-annotations-1.3.jar;C:\Users\Rev\.m2\repository\com\google\inject\guice\5.1.0\guice-5.1.0.jar;C:\Users\Rev\.m2\repository\javax\inject\javax.inject\1\javax.inject-1.jar;C:\Users\Rev\.m2\repository\aopalliance\aopalliance\1.0\aopalliance-1.0.jar;C:\Users\Rev\.m2\repository\org\jsoup\jsoup\1.14.3\jsoup-1.14.3.jar;C:\Users\Rev\.m2\repository\com\thoughtworks\xstream\xstream\1.4.19\xstream-1.4.19.jar;C:\Users\Rev\.m2\repository\io\github\x-stream\mxparser\1.2.2\mxparser-1.2.2.jar;C:\Users\Rev\.m2\repository\xmlpull\xmlpull\1.1.3.1\xmlpull-1.1.3.1.jar;C:\Users\Rev\.m2\repository\io\cucumber\cucumber-java\7.2.3\cucumber-java-7.2.3.jar;C:\Users\Rev\.m2\repository\com\typesafe\config\1.4.2\config-1.4.2.jar;C:\Users\Rev\.m2\repository\org\imgscalr\imgscalr-lib\4.2\imgscalr-lib-4.2.jar;C:\Users\Rev\.m2\repository\org\awaitility\awaitility\4.2.0\awaitility-4.2.0.jar;C:\Users\Rev\.m2\repository\org\freemarker\freemarker\2.3.31\freemarker-2.3.31.jar;C:\Users\Rev\.m2\repository\io\github\classgraph\classgraph\4.8.138\classgraph-4.8.138.jar;C:\Users\Rev\.m2\repository\net\sourceforge\jexcelapi\jxl\2.6.12\jxl-2.6.12.jar;C:\Users\Rev\.m2\repository\net\bytebuddy\byte-buddy\1.12.8\byte-buddy-1.12.8.jar;C:\Users\Rev\.m2\repository\net\bytebuddy\byte-buddy-agent\1.12.8\byte-buddy-agent-1.12.8.jar;C:\Users\Rev\.m2\repository\org\objenesis\objenesis\3.1\objenesis-3.1.jar;C:\Users\Rev\.m2\repository\net\serenity-bdd\serenity-reports\3.2.1\serenity-reports-3.2.1.jar;C:\Users\Rev\.m2\repository\net\serenity-bdd\serenity-stats\3.2.1\serenity-stats-3.2.1.jar;C:\Users\Rev\.m2\repository\net\serenity-bdd\serenity-reports-configuration\3.2.1\serenity-reports-configuration-3.2.1.jar;C:\Users\Rev\.m2\repository\com\vladsch\flexmark\flexmark-all\0.34.30\flexmark-all-0.34.30.jar;C:\Users\Rev\.m2\repository\com\vladsch\flexmark\flexmark\0.34.30\flexmark-0.34.30.jar;C:\Users\Rev\.m2\repository\com\vladsch\flexmark\flexmark-ext-abbreviation\0.34.30\flexmark-ext-abbreviation-0.34.30.jar;C:\Users\Rev\.m2\repository\com\vladsch\flexmark\flexmark-ext-admonition\0.34.30\flexmark-ext-admonition-0.34.30.jar;C:\Users\Rev\.m2\repository\com\vladsch\flexmark\flexmark-ext-anchorlink\0.34.30\flexmark-ext-anchorlink-0.34.30.jar;C:\Users\Rev\.m2\repository\com\vladsch\flexmark\flexmark-ext-aside\0.34.30\flexmark-ext-aside-0.34.30.jar;C:\Users\Rev\.m2\repository\com\vladsch\flexmark\flexmark-ext-attributes\0.34.30\flexmark-ext-attributes-0.34.30.jar;C:\Users\Rev\.m2\repository\com\vladsch\flexmark\flexmark-ext-autolink\0.34.30\flexmark-ext-autolink-0.34.30.jar;C:\Users\Rev\.m2\repository\org\nibor\autolink\autolink\0.6.0\autolink-0.6.0.jar;C:\Users\Rev\.m2\repository\com\vladsch\flexmark\flexmark-ext-definition\0.34.30\flexmark-ext-definition-0.34.30.jar;C:\Users\Rev\.m2\repository\com\vladsch\flexmark\flexmark-ext-emoji\0.34.30\flexmark-ext-emoji-0.34.30.jar;C:\Users\Rev\.m2\repository\com\vladsch\flexmark\flexmark-ext-enumerated-reference\0.34.30\flexmark-ext-enumerated-reference-0.34.30.jar;C:\Users\Rev\.m2\repository\com\vladsch\flexmark\flexmark-ext-escaped-character\0.34.30\flexmark-ext-escaped-character-0.34.30.jar;C:\Users\Rev\.m2\repository\com\vladsch\flexmark\flexmark-ext-footnotes\0.34.30\flexmark-ext-footnotes-0.34.30.jar;C:\Users\Rev\.m2\repository\com\vladsch\flexmark\flexmark-ext-gfm-issues\0.34.30\flexmark-ext-gfm-issues-0.34.30.jar;C:\Users\Rev\.m2\repository\com\vladsch\flexmark\flexmark-ext-gfm-strikethrough\0.34.30\flexmark-ext-gfm-strikethrough-0.34.30.jar;C:\Users\Rev\.m2\repository\com\vladsch\flexmark\flexmark-ext-gfm-tables\0.34.30\flexmark-ext-gfm-tables-0.34.30.jar;C:\Users\Rev\.m2\repository\com\vladsch\flexmark\flexmark-ext-gfm-tasklist\0.34.30\flexmark-ext-gfm-tasklist-0.34.30.jar;C:\Users\Rev\.m2\repository\com\vladsch\flexmark\flexmark-ext-gfm-users\0.34.30\flexmark-ext-gfm-users-0.34.30.jar;C:\Users\Rev\.m2\repository\com\vladsch\flexmark\flexmark-ext-gitlab\0.34.30\flexmark-ext-gitlab-0.34.30.jar;C:\Users\Rev\.m2\repository\com\vladsch\flexmark\flexmark-ext-jekyll-front-matter\0.34.30\flexmark-ext-jekyll-front-matter-0.34.30.jar;C:\Users\Rev\.m2\repository\com\vladsch\flexmark\flexmark-ext-jekyll-tag\0.34.30\flexmark-ext-jekyll-tag-0.34.30.jar;C:\Users\Rev\.m2\repository\com\vladsch\flexmark\flexmark-ext-media-tags\0.34.30\flexmark-ext-media-tags-0.34.30.jar;C:\Users\Rev\.m2\repository\com\vladsch\flexmark\flexmark-test-util\0.34.30\flexmark-test-util-0.34.30.jar;C:\Users\Rev\.m2\repository\com\vladsch\flexmark\flexmark-ext-ins\0.34.30\flexmark-ext-ins-0.34.30.jar;C:\Users\Rev\.m2\repository\com\vladsch\flexmark\flexmark-ext-xwiki-macros\0.34.30\flexmark-ext-xwiki-macros-0.34.30.jar;C:\Users\Rev\.m2\repository\com\vladsch\flexmark\flexmark-ext-superscript\0.34.30\flexmark-ext-superscript-0.34.30.jar;C:\Users\Rev\.m2\repository\com\vladsch\flexmark\flexmark-ext-tables\0.34.30\flexmark-ext-tables-0.34.30.jar;C:\Users\Rev\.m2\repository\com\vladsch\flexmark\flexmark-ext-toc\0.34.30\flexmark-ext-toc-0.34.30.jar;C:\Users\Rev\.m2\repository\com\vladsch\flexmark\flexmark-ext-typographic\0.34.30\flexmark-ext-typographic-0.34.30.jar;C:\Users\Rev\.m2\repository\com\vladsch\flexmark\flexmark-ext-wikilink\0.34.30\flexmark-ext-wikilink-0.34.30.jar;C:\Users\Rev\.m2\repository\com\vladsch\flexmark\flexmark-ext-yaml-front-matter\0.34.30\flexmark-ext-yaml-front-matter-0.34.30.jar;C:\Users\Rev\.m2\repository\com\vladsch\flexmark\flexmark-ext-youtube-embedded\0.34.30\flexmark-ext-youtube-embedded-0.34.30.jar;C:\Users\Rev\.m2\repository\com\vladsch\flexmark\flexmark-formatter\0.34.30\flexmark-formatter-0.34.30.jar;C:\Users\Rev\.m2\repository\com\vladsch\flexmark\flexmark-html-parser\0.34.30\flexmark-html-parser-0.34.30.jar;C:\Users\Rev\.m2\repository\com\vladsch\flexmark\flexmark-jira-converter\0.34.30\flexmark-jira-converter-0.34.30.jar;C:\Users\Rev\.m2\repository\com\vladsch\flexmark\flexmark-pdf-converter\0.34.30\flexmark-pdf-converter-0.34.30.jar;C:\Users\Rev\.m2\repository\com\openhtmltopdf\openhtmltopdf-core\0.0.1-RC13\openhtmltopdf-core-0.0.1-RC13.jar;C:\Users\Rev\.m2\repository\com\openhtmltopdf\openhtmltopdf-pdfbox\0.0.1-RC13\openhtmltopdf-pdfbox-0.0.1-RC13.jar;C:\Users\Rev\.m2\repository\org\apache\pdfbox\pdfbox\2.0.8\pdfbox-2.0.8.jar;C:\Users\Rev\.m2\repository\org\apache\pdfbox\fontbox\2.0.8\fontbox-2.0.8.jar;C:\Users\Rev\.m2\repository\commons-logging\commons-logging\1.2\commons-logging-1.2.jar;C:\Users\Rev\.m2\repository\org\apache\pdfbox\xmpbox\2.0.8\xmpbox-2.0.8.jar;C:\Users\Rev\.m2\repository\de\rototor\pdfbox\graphics2d\0.12\graphics2d-0.12.jar;C:\Users\Rev\.m2\repository\com\openhtmltopdf\openhtmltopdf-rtl-support\0.0.1-RC13\openhtmltopdf-rtl-support-0.0.1-RC13.jar;C:\Users\Rev\.m2\repository\com\ibm\icu\icu4j\59.1\icu4j-59.1.jar;C:\Users\Rev\.m2\repository\com\openhtmltopdf\openhtmltopdf-jsoup-dom-converter\0.0.1-RC13\openhtmltopdf-jsoup-dom-converter-0.0.1-RC13.jar;C:\Users\Rev\.m2\repository\com\vladsch\flexmark\flexmark-profile-pegdown\0.34.30\flexmark-profile-pegdown-0.34.30.jar;C:\Users\Rev\.m2\repository\com\vladsch\flexmark\flexmark-util\0.34.30\flexmark-util-0.34.30.jar;C:\Users\Rev\.m2\repository\com\vladsch\flexmark\flexmark-youtrack-converter\0.34.30\flexmark-youtrack-converter-0.34.30.jar;C:\Users\Rev\.m2\repository\es\nitaur\markdown\txtmark\0.16\txtmark-0.16.jar;C:\Users\Rev\.m2\repository\net\serenity-bdd\serenity-report-resources\3.2.1\serenity-report-resources-3.2.1.jar;C:\Users\Rev\.m2\repository\com\google\code\gson\gson\2.9.0\gson-2.9.0.jar;C:\Users\Rev\.m2\repository\com\fasterxml\jackson\core\jackson-core\2.13.2\jackson-core-2.13.2.jar;C:\Users\Rev\.m2\repository\com\fasterxml\jackson\core\jackson-databind\2.13.2\jackson-databind-2.13.2.jar;C:\Users\Rev\.m2\repository\com\fasterxml\jackson\core\jackson-annotations\2.13.2\jackson-annotations-2.13.2.jar;C:\Users\Rev\.m2\repository\commons-codec\commons-codec\1.15\commons-codec-1.15.jar;C:\Users\Rev\.m2\repository\commons-io\commons-io\2.11.0\commons-io-2.11.0.jar;C:\Users\Rev\.m2\repository\org\seleniumhq\selenium\selenium-java\4.1.2\selenium-java-4.1.2.jar;C:\Users\Rev\.m2\repository\org\seleniumhq\selenium\selenium-devtools-v85\4.1.2\selenium-devtools-v85-4.1.2.jar;C:\Users\Rev\.m2\repository\org\seleniumhq\selenium\selenium-devtools-v95\4.1.2\selenium-devtools-v95-4.1.2.jar;C:\Users\Rev\.m2\repository\org\seleniumhq\selenium\selenium-devtools-v96\4.1.2\selenium-devtools-v96-4.1.2.jar;C:\Users\Rev\.m2\repository\org\seleniumhq\selenium\selenium-devtools-v97\4.1.2\selenium-devtools-v97-4.1.2.jar;C:\Users\Rev\.m2\repository\org\seleniumhq\selenium\selenium-firefox-xpi-driver\4.1.2\selenium-firefox-xpi-driver-4.1.2.jar;C:\Users\Rev\.m2\repository\org\seleniumhq\selenium\selenium-opera-driver\4.1.2\selenium-opera-driver-4.1.2.jar;C:\Users\Rev\.m2\repository\org\seleniumhq\selenium\selenium-remote-driver\4.1.2\selenium-remote-driver-4.1.2.jar;C:\Users\Rev\.m2\repository\com\beust\jcommander\1.82\jcommander-1.82.jar;C:\Users\Rev\.m2\repository\io\netty\netty-buffer\4.1.73.Final\netty-buffer-4.1.73.Final.jar;C:\Users\Rev\.m2\repository\io\netty\netty-codec-http\4.1.73.Final\netty-codec-http-4.1.73.Final.jar;C:\Users\Rev\.m2\repository\io\netty\netty-codec\4.1.73.Final\netty-codec-4.1.73.Final.jar;C:\Users\Rev\.m2\repository\io\netty\netty-handler\4.1.73.Final\netty-handler-4.1.73.Final.jar;C:\Users\Rev\.m2\repository\io\netty\netty-tcnative-classes\2.0.46.Final\netty-tcnative-classes-2.0.46.Final.jar;C:\Users\Rev\.m2\repository\io\netty\netty-common\4.1.73.Final\netty-common-4.1.73.Final.jar;C:\Users\Rev\.m2\repository\io\netty\netty-transport-classes-epoll\4.1.73.Final\netty-transport-classes-epoll-4.1.73.Final.jar;C:\Users\Rev\.m2\repository\io\netty\netty-transport-classes-kqueue\4.1.73.Final\netty-transport-classes-kqueue-4.1.73.Final.jar;C:\Users\Rev\.m2\repository\io\netty\netty-transport-native-epoll\4.1.73.Final\netty-transport-native-epoll-4.1.73.Final.jar;C:\Users\Rev\.m2\repository\io\netty\netty-transport-native-kqueue\4.1.73.Final\netty-transport-native-kqueue-4.1.73.Final.jar;C:\Users\Rev\.m2\repository\io\netty\netty-transport-native-unix-common\4.1.73.Final\netty-transport-native-unix-common-4.1.73.Final.jar;C:\Users\Rev\.m2\repository\io\netty\netty-transport\4.1.73.Final\netty-transport-4.1.73.Final.jar;C:\Users\Rev\.m2\repository\io\netty\netty-resolver\4.1.73.Final\netty-resolver-4.1.73.Final.jar;C:\Users\Rev\.m2\repository\io\opentelemetry\opentelemetry-api\1.10.1\opentelemetry-api-1.10.1.jar;C:\Users\Rev\.m2\repository\io\opentelemetry\opentelemetry-context\1.10.1\opentelemetry-context-1.10.1.jar;C:\Users\Rev\.m2\repository\io\opentelemetry\opentelemetry-exporter-logging\1.10.1\opentelemetry-exporter-logging-1.10.1.jar;C:\Users\Rev\.m2\repository\io\opentelemetry\opentelemetry-sdk-metrics\1.10.1-alpha\opentelemetry-sdk-metrics-1.10.1-alpha.jar;C:\Users\Rev\.m2\repository\io\opentelemetry\opentelemetry-sdk-logs\1.10.1-alpha\opentelemetry-sdk-logs-1.10.1-alpha.jar;C:\Users\Rev\.m2\repository\io\opentelemetry\opentelemetry-sdk-common\1.10.1\opentelemetry-sdk-common-1.10.1.jar;C:\Users\Rev\.m2\repository\io\opentelemetry\opentelemetry-sdk-extension-autoconfigure-spi\1.10.1\opentelemetry-sdk-extension-autoconfigure-spi-1.10.1.jar;C:\Users\Rev\.m2\repository\io\opentelemetry\opentelemetry-sdk-extension-autoconfigure\1.10.1-alpha\opentelemetry-sdk-extension-autoconfigure-1.10.1-alpha.jar;C:\Users\Rev\.m2\repository\io\opentelemetry\opentelemetry-sdk-trace\1.10.1\opentelemetry-sdk-trace-1.10.1.jar;C:\Users\Rev\.m2\repository\io\opentelemetry\opentelemetry-sdk\1.10.1\opentelemetry-sdk-1.10.1.jar;C:\Users\Rev\.m2\repository\io\opentelemetry\opentelemetry-semconv\1.10.1-alpha\opentelemetry-semconv-1.10.1-alpha.jar;C:\Users\Rev\.m2\repository\io\ous\jtoml\2.0.0\jtoml-2.0.0.jar;C:\Users\Rev\.m2\repository\org\apache\commons\commons-exec\1.3\commons-exec-1.3.jar;C:\Users\Rev\.m2\repository\org\asynchttpclient\async-http-client\2.12.3\async-http-client-2.12.3.jar;C:\Users\Rev\.m2\repository\org\asynchttpclient\async-http-client-netty-utils\2.12.3\async-http-client-netty-utils-2.12.3.jar;C:\Users\Rev\.m2\repository\io\netty\netty-codec-socks\4.1.60.Final\netty-codec-socks-4.1.60.Final.jar;C:\Users\Rev\.m2\repository\io\netty\netty-handler-proxy\4.1.60.Final\netty-handler-proxy-4.1.60.Final.jar;C:\Users\Rev\.m2\repository\io\netty\netty-transport-native-epoll\4.1.60.Final\netty-transport-native-epoll-4.1.60.Final-linux-x86_64.jar;C:\Users\Rev\.m2\repository\io\netty\netty-transport-native-kqueue\4.1.60.Final\netty-transport-native-kqueue-4.1.60.Final-osx-x86_64.jar;C:\Users\Rev\.m2\repository\org\reactivestreams\reactive-streams\1.0.3\reactive-streams-1.0.3.jar;C:\Users\Rev\.m2\repository\com\typesafe\netty\netty-reactive-streams\2.0.4\netty-reactive-streams-2.0.4.jar;C:\Users\Rev\.m2\repository\org\seleniumhq\selenium\selenium-http\4.1.2\selenium-http-4.1.2.jar;C:\Users\Rev\.m2\repository\net\jodah\failsafe\2.4.4\failsafe-2.4.4.jar;C:\Users\Rev\.m2\repository\org\seleniumhq\selenium\selenium-safari-driver\4.1.2\selenium-safari-driver-4.1.2.jar;C:\Users\Rev\.m2\repository\org\seleniumhq\selenium\selenium-api\4.1.2\selenium-api-4.1.2.jar;C:\Users\Rev\.m2\repository\org\seleniumhq\selenium\selenium-support\4.1.2\selenium-support-4.1.2.jar;C:\Users\Rev\.m2\repository\com\google\auto\service\auto-service-annotations\1.0.1\auto-service-annotations-1.0.1.jar;C:\Users\Rev\.m2\repository\com\google\auto\service\auto-service\1.0.1\auto-service-1.0.1.jar;C:\Users\Rev\.m2\repository\com\google\auto\auto-common\1.2\auto-common-1.2.jar;C:\Users\Rev\.m2\repository\org\seleniumhq\selenium\selenium-json\4.1.2\selenium-json-4.1.2.jar;C:\Users\Rev\.m2\repository\org\seleniumhq\selenium\selenium-chrome-driver\4.1.2\selenium-chrome-driver-4.1.2.jar;C:\Users\Rev\.m2\repository\org\seleniumhq\selenium\selenium-chromium-driver\4.1.2\selenium-chromium-driver-4.1.2.jar;C:\Users\Rev\.m2\repository\org\seleniumhq\selenium\selenium-firefox-driver\4.1.2\selenium-firefox-driver-4.1.2.jar;C:\Users\Rev\.m2\repository\org\seleniumhq\selenium\selenium-edge-driver\4.1.2\selenium-edge-driver-4.1.2.jar;C:\Users\Rev\.m2\repository\org\seleniumhq\selenium\selenium-ie-driver\4.1.2\selenium-ie-driver-4.1.2.jar;C:\Users\Rev\.m2\repository\org\projectlombok\lombok\1.18.20\lombok-1.18.20.jar;C:\Users\Rev\.m2\repository\io\appium\java-client\8.0.0\java-client-8.0.0.jar;C:\Users\Rev\.m2\repository\commons-validator\commons-validator\1.7\commons-validator-1.7.jar;C:\Users\Rev\.m2\repository\commons-digester\commons-digester\2.1\commons-digester-2.1.jar;C:\Users\Rev\.m2\repository\org\aspectj\aspectjweaver\1.9.8\aspectjweaver-1.9.8.jar;C:\Users\Rev\.m2\repository\org\codehaus\groovy\groovy\3.0.10\groovy-3.0.10.jar;C:\Users\Rev\.m2\repository\net\sf\opencsv\opencsv\2.0\opencsv-2.0.jar;C:\Users\Rev\.m2\repository\commons-beanutils\commons-beanutils\1.9.4\commons-beanutils-1.9.4.jar;C:\Users\Rev\.m2\repository\org\apache\commons\commons-lang3\3.12.0\commons-lang3-3.12.0.jar;C:\Users\Rev\.m2\repository\commons-collections\commons-collections\3.2.2\commons-collections-3.2.2.jar;C:\Users\Rev\.m2\repository\org\fluentlenium\fluentlenium-core\0.10.2\fluentlenium-core-0.10.2.jar;C:\Users\Rev\.m2\repository\io\github\bonigarcia\webdrivermanager\5.1.0\webdrivermanager-5.1.0.jar;C:\Users\Rev\.m2\repository\com\github\docker-java\docker-java\3.2.13\docker-java-3.2.13.jar;C:\Users\Rev\.m2\repository\com\github\docker-java\docker-java-core\3.2.13\docker-java-core-3.2.13.jar;C:\Users\Rev\.m2\repository\com\github\docker-java\docker-java-api\3.2.13\docker-java-api-3.2.13.jar;C:\Users\Rev\.m2\repository\org\apache\commons\commons-compress\1.21\commons-compress-1.21.jar;C:\Users\Rev\.m2\repository\org\bouncycastle\bcpkix-jdk15on\1.64\bcpkix-jdk15on-1.64.jar;C:\Users\Rev\.m2\repository\org\bouncycastle\bcprov-jdk15on\1.64\bcprov-jdk15on-1.64.jar;C:\Users\Rev\.m2\repository\org\slf4j\jcl-over-slf4j\1.7.30\jcl-over-slf4j-1.7.30.jar;C:\Users\Rev\.m2\repository\com\github\docker-java\docker-java-transport-httpclient5\3.2.13\docker-java-transport-httpclient5-3.2.13.jar;C:\Users\Rev\.m2\repository\com\github\docker-java\docker-java-transport\3.2.13\docker-java-transport-3.2.13.jar;C:\Users\Rev\.m2\repository\org\apache\httpcomponents\client5\httpclient5\5.0.3\httpclient5-5.0.3.jar;C:\Users\Rev\.m2\repository\org\apache\httpcomponents\core5\httpcore5\5.0.2\httpcore5-5.0.2.jar;C:\Users\Rev\.m2\repository\net\java\dev\jna\jna\5.8.0\jna-5.8.0.jar;C:\Users\Rev\.m2\repository\org\brotli\dec\0.1.2\dec-0.1.2.jar;C:\Users\Rev\.m2\repository\com\jhlabs\filters\2.0.235\filters-2.0.235.jar;C:\Users\Rev\.m2\repository\com\paulhammant\ngwebdriver\1.1.6\ngwebdriver-1.1.6.jar;C:\Users\Rev\.m2\repository\joda-time\joda-time\2.8.2\joda-time-2.8.2.jar;C:\Users\Rev\.m2\repository\org\hamcrest\hamcrest\2.2\hamcrest-2.2.jar;C:\Users\Rev\.m2\repository\com\google\jimfs\jimfs\1.2\jimfs-1.2.jar;C:\Users\Rev\.m2\repository\org\mockito\mockito-core\3.3.3\mockito-core-3.3.3.jar;C:\Users\Rev\.m2\repository\javax\xml\bind\jaxb-api\2.3.1\jaxb-api-2.3.1.jar;C:\Users\Rev\.m2\repository\javax\activation\javax.activation-api\1.2.0\javax.activation-api-1.2.0.jar;C:\Users\Rev\.m2\repository\com\sun\xml\bind\jaxb-core\2.3.0.1\jaxb-core-2.3.0.1.jar;C:\Users\Rev\.m2\repository\com\sun\xml\bind\jaxb-impl\2.3.3\jaxb-impl-2.3.3.jar;C:\Users\Rev\.m2\repository\jakarta\xml\bind\jakarta.xml.bind-api\2.3.3\jakarta.xml.bind-api-2.3.3.jar;C:\Users\Rev\.m2\repository\com\sun\activation\jakarta.activation\1.2.2\jakarta.activation-1.2.2.jar;C:\Users\Rev\.m2\repository\javax\activation\activation\1.1.1\activation-1.1.1.jar;C:\Users\Rev\.m2\repository\net\serenity-bdd\serenity-cucumber\3.2.1\serenity-cucumber-3.2.1.jar;C:\Users\Rev\.m2\repository\io\cucumber\cucumber-core\7.2.3\cucumber-core-7.2.3.jar;C:\Users\Rev\.m2\repository\io\cucumber\cucumber-gherkin\7.2.3\cucumber-gherkin-7.2.3.jar;C:\Users\Rev\.m2\repository\io\cucumber\cucumber-gherkin-messages\7.2.3\cucumber-gherkin-messages-7.2.3.jar;C:\Users\Rev\.m2\repository\io\cucumber\messages\17.1.1\messages-17.1.1.jar;C:\Users\Rev\.m2\repository\io\cucumber\tag-expressions\4.1.0\tag-expressions-4.1.0.jar;C:\Users\Rev\.m2\repository\io\cucumber\cucumber-expressions\15.0.1\cucumber-expressions-15.0.1.jar;C:\Users\Rev\.m2\repository\io\cucumber\datatable\7.2.3\datatable-7.2.3.jar;C:\Users\Rev\.m2\repository\io\cucumber\cucumber-plugin\7.2.3\cucumber-plugin-7.2.3.jar;C:\Users\Rev\.m2\repository\io\cucumber\docstring\7.2.3\docstring-7.2.3.jar;C:\Users\Rev\.m2\repository\io\cucumber\html-formatter\17.0.0\html-formatter-17.0.0.jar;C:\Users\Rev\.m2\repository\io\cucumber\ci-environment\8.1.0\ci-environment-8.1.0.jar;C:\Users\Rev\.m2\repository\io\cucumber\cucumber-junit\7.2.3\cucumber-junit-7.2.3.jar;C:\Users\Rev\.m2\repository\org\apache\commons\commons-csv\1.5\commons-csv-1.5.jar;C:\Users\Rev\.m2\repository\net\serenity-bdd\serenity-screenplay\3.2.1\serenity-screenplay-3.2.1.jar;C:\Users\Rev\.m2\repository\net\serenity-bdd\serenity-screenplay-webdriver\3.2.1\serenity-screenplay-webdriver-3.2.1.jar;C:\Users\Rev\.m2\repository\net\serenity-bdd\serenity-ensure\3.2.1\serenity-ensure-3.2.1.jar;C:\Users\Rev\.m2\repository\net\serenity-bdd\serenity-junit\3.2.1\serenity-junit-3.2.1.jar;C:\Users\Rev\.m2\repository\org\jetbrains\kotlin\kotlin-stdlib\1.6.0\kotlin-stdlib-1.6.0.jar;C:\Users\Rev\.m2\repository\org\jetbrains\annotations\13.0\annotations-13.0.jar;C:\Users\Rev\.m2\repository\org\jetbrains\kotlin\kotlin-stdlib-common\1.6.0\kotlin-stdlib-common-1.6.0.jar;C:\Users\Rev\.m2\repository\org\junit\platform\junit-platform-launcher\1.8.1\junit-platform-launcher-1.8.1.jar;C:\Users\Rev\.m2\repository\org\junit\platform\junit-platform-engine\1.8.1\junit-platform-engine-1.8.1.jar;C:\Users\Rev\.m2\repository\org\opentest4j\opentest4j\1.2.0\opentest4j-1.2.0.jar;C:\Users\Rev\.m2\repository\org\junit\platform\junit-platform-commons\1.8.1\junit-platform-commons-1.8.1.jar;C:\Users\Rev\.m2\repository\org\apiguardian\apiguardian-api\1.1.2\apiguardian-api-1.1.2.jar;C:\Users\Rev\.m2\repository\org\junit\jupiter\junit-jupiter-engine\5.8.2\junit-jupiter-engine-5.8.2.jar;C:\Users\Rev\.m2\repository\org\junit\jupiter\junit-jupiter-api\5.8.2\junit-jupiter-api-5.8.2.jar;C:\Users\Rev\.m2\repository\org\junit\vintage\junit-vintage-engine\5.8.2\junit-vintage-engine-5.8.2.jar;C:\Users\Rev\.m2\repository\junit\junit\4.13.2\junit-4.13.2.jar;C:\Users\Rev\.m2\repository\org\hamcrest\hamcrest-core\1.3\hamcrest-core-1.3.jar;C:\Users\Rev\.m2\repository\ch\qos\logback\logback-classic\1.2.10\logback-classic-1.2.10.jar;C:\Users\Rev\.m2\repository\ch\qos\logback\logback-core\1.2.10\logback-core-1.2.10.jar;C:\Users\Rev\.m2\repository\org\slf4j\slf4j-api\1.7.32\slf4j-api-1.7.32.jar;C:\Users\Rev\.m2\repository\org\assertj\assertj-core\3.6.2\assertj-core-3.6.2.jar;C:\Users\Rev\.m2\repository\org\apache\maven\surefire\surefire-junit-platform\3.0.0-M5\surefire-junit-platform-3.0.0-M5.jar;C:\Users\Rev\.m2\repository\org\apache\maven\surefire\common-java5\3.0.0-M5\common-java5-3.0.0-M5.jar"/>
    <property name="user.script" value=""/>
    <property name="java.protocol.handler.pkgs" value="com.google.common"/>
    <property name="sun.management.compiler" value="HotSpot 64-Bit Tiered Compilers"/>
    <property name="java.runtime.version" value="17.0.2+8-LTS-86"/>
    <property name="user.name" value="Rev"/>
    <property name="path.separator" value=";"/>
    <property name="os.version" value="10.0"/>
    <property name="java.runtime.name" value="Java(TM) SE Runtime Environment"/>
    <property name="file.encoding" value="Cp1252"/>
    <property name="webdriver.base.url" value=""/>
    <property name="java.vm.name" value="Java HotSpot(TM) 64-Bit Server VM"/>
    <property name="localRepository" value="C:\Users\Rev\.m2\repository"/>
    <property name="java.vendor.url.bug" value="https://bugreport.java.com/bugreport/"/>
    <property name="java.io.tmpdir" value="C:\Users\Rev\AppData\Local\Temp\"/>
    <property name="java.version" value="17.0.2"/>
    <property name="user.dir" value="D:\alta folder\final project\web testing"/>
    <property name="os.arch" value="amd64"/>
    <property name="java.vm.specification.name" value="Java Virtual Machine Specification"/>
    <property name="sun.os.patch.level" value=""/>
    <property name="native.encoding" value="Cp1252"/>
    <property name="java.library.path" value="C:\Program Files\Java\jdk-17.0.2\bin;C:\Windows\Sun\Java\bin;C:\Windows\system32;C:\Windows;C:\Program Files\Common Files\Oracle\Java\javapath;C:\Windows\system32;C:\Windows;C:\Windows\System32\Wbem;C:\Windows\System32\WindowsPowerShell\v1.0\;C:\Windows\System32\OpenSSH\;C:\Program Files (x86)\dotnet\;C:\Program Files\NVIDIA Corporation\NVIDIA NvDLISR;C:\Program Files\MATLAB\R2017a\runtime\win64;C:\Program Files\MATLAB\R2017a\bin;C:\Program Files (x86)\NVIDIA Corporation\PhysX\Common;C:\Program Files\Git\cmd;C:\Program Files\apache-maven-3.8.5\bin;C:\Program Files\nodejs\;C:\Users\Rev\AppData\Local\Android\Sdk\platform-tools;C:\Program Files\Microsoft SQL Server\110\Tools\Binn\;C:\Users\Rev\AppData\Local\Microsoft\WindowsApps;;C:\IntelliJ IDEA Community Edition 2021.3.2\bin;;C:\Users\Rev\AppData\Roaming\npm;."/>
    <property name="java.vm.info" value="mixed mode"/>
    <property name="java.vendor" value="Oracle Corporation"/>
    <property name="java.vm.version" value="17.0.2+8-LTS-86"/>
    <property name="sun.io.unicode.encoding" value="UnicodeLittle"/>
    <property name="java.class.version" value="61.0"/>
  </properties>
  <testcase name="user see detail or rating tensi darah elektrik" classname="user can see detail or rating tensi darah elektrik" time="9.215">
    <system-out><![CDATA[20:35:12.168 [main] INFO io.cucumber.core.plugin.SerenityReporter - Running feature from file:///D:/alta%20folder/final%20project/web%20testing/src/test/resources/features/Detail.feature
20:35:12.342 [main] INFO  - 

-------------------------------------------------------------------------------------
     _______. _______ .______       _______ .__   __.  __  .___________.____    ____ 
    /       ||   ____||   _  \     |   ____||  \ |  | |  | |           |\   \  /   / 
   |   (----`|  |__   |  |_)  |    |  |__   |   \|  | |  | `---|  |----` \   \/   /  
    \   \    |   __|  |      /     |   __|  |  . `  | |  |     |  |       \_    _/   
.----)   |   |  |____ |  |\  \----.|  |____ |  |\   | |  |     |  |         |  |     
|_______/    |_______|| _| `._____||_______||__| \__| |__|     |__|         |__|    
                                                                                     
 News and tutorials at http://www.serenity-bdd.info                                  
 Documentation at https://wakaleo.gitbooks.io/the-serenity-book/content/             
 Join the Serenity Community on Gitter: https://gitter.im/serenity-bdd/serenity-core 
 Serenity BDD Support and Training at http://serenity-bdd.info/#/trainingandsupport  
-------------------------------------------------------------------------------------

20:35:12.344 [main] DEBUG net.thucydides.core.steps.StepEventBus - Test suite started for story net.thucydides.core.model.Story@4cd0f758
20:35:12.346 [main] INFO  - Test Suite Started: user can see detail or rating tensi darah elektrik
20:35:12.362 [main] INFO io.cucumber.core.plugin.SerenityReporter - Running feature from file:///D:/alta%20folder/final%20project/web%20testing/src/test/resources/features/Login.feature
20:35:12.366 [main] DEBUG net.thucydides.core.steps.StepEventBus - Test suite started for story net.thucydides.core.model.Story@1b3af7fc
20:35:12.367 [main] INFO  - Test Suite Started: As a user, I want to see home page, So that i can buy books
20:35:12.367 [main] INFO io.cucumber.core.plugin.SerenityReporter - Running feature from file:///D:/alta%20folder/final%20project/web%20testing/src/test/resources/features/Order.feature
20:35:12.370 [main] DEBUG net.thucydides.core.steps.StepEventBus - Test suite started for story net.thucydides.core.model.Story@3c90562e
20:35:12.370 [main] INFO  - Test Suite Started: As user I want to order “tensi darah elektrik”
20:35:12.371 [main] INFO io.cucumber.core.plugin.SerenityReporter - Running feature from file:///D:/alta%20folder/final%20project/web%20testing/src/test/resources/features/Register.feature
20:35:12.374 [main] DEBUG net.thucydides.core.steps.StepEventBus - Test suite started for story net.thucydides.core.model.Story@506a188d
20:35:12.374 [main] INFO  - Test Suite Started: As a user i want to register for my account so that i can go shop
20:35:12.374 [main] INFO io.cucumber.core.plugin.SerenityReporter - Running feature from file:///D:/alta%20folder/final%20project/web%20testing/src/test/resources/features/SelectCategory.feature
20:35:12.377 [main] DEBUG net.thucydides.core.steps.StepEventBus - Test suite started for story net.thucydides.core.model.Story@64a97f89
20:35:12.377 [main] INFO  - Test Suite Started: as a user choose the desired category such as the health category
20:35:12.378 [main] INFO io.cucumber.core.plugin.SerenityReporter - Running feature from file:///D:/alta%20folder/final%20project/web%20testing/src/test/resources/features/Detail.feature
20:35:12.379 [main] DEBUG net.thucydides.core.steps.StepEventBus - Test suite started for story net.thucydides.core.model.Story@4cd0f758
20:35:12.380 [main] INFO  - Test Suite Started: user can see detail or rating tensi darah elektrik

Scenario: user see detail or rating tensi darah elektrik &amp#27;[90m# src/test/resources/features/Detail.feature:3&amp#27;[0m
20:35:12.447 [main] INFO io.cucumber.core.plugin.SerenityReporter - Running feature from file:///D:/alta%20folder/final%20project/web%20testing/src/test/resources/features/Detail.feature
20:35:12.532 [main] INFO  - 
  _____   ___   ___   _____     ___   _____     _     ___   _____   ___   ___  
 |_   _| | __| / __| |_   _|   / __| |_   _|   /_\   | _ \ |_   _| | __| |   \ 
   | |   | _|  \__ \   | |     \__ \   | |    / _ \  |   /   | |   | _|  | |) |
   |_|   |___| |___/   |_|     |___/   |_|   /_/ \_\ |_|_\   |_|   |___| |___/ 

user see detail or rating tensi darah elektrik(user-can-see-detail-or-rating-tensi-darah-elektrik;user-see-detail-or-rating-tensi-darah-elektrik)
--------------------------------------------------------------------------------
20:35:13.017 [main] DEBUG net.thucydides.core.steps.StepInterceptor - STARTING STEP: DetailSteps.useronhomepage - openPage
20:35:13.046 [main] INFO net.serenitybdd.core.webdriver.driverproviders.ChromeDriverProvider - Using automatically driver download
20:35:13.591 [main] DEBUG io.github.bonigarcia.wdm.cache.ResolutionCache - Resolution chrome=101 in cache (valid until 20:49:03 17/05/2022 WITA)
20:35:13.595 [main] DEBUG io.github.bonigarcia.wdm.cache.ResolutionCache - Resolution chrome101=101.0.4951.41 in cache (valid until 14:03:56 18/05/2022 WITA)
20:35:13.597 [main] INFO io.github.bonigarcia.wdm.WebDriverManager - Using chromedriver 101.0.4951.41 (resolved driver for Chrome 101)
20:35:13.614 [main] DEBUG io.github.bonigarcia.wdm.WebDriverManager - Driver chromedriver 101.0.4951.41 found in cache
20:35:13.615 [main] INFO io.github.bonigarcia.wdm.WebDriverManager - Exporting webdriver.chrome.driver as C:\Users\Rev\.cache\selenium\chromedriver\win32\101.0.4951.41\chromedriver.exe
20:35:14.131 [main] DEBUG net.thucydides.core.reflection.ClassFinder - Could not load class .starter.CucumberTestSuite
20:35:14.131 [main] DEBUG net.thucydides.core.reflection.ClassFinder - Could not load class .starter.definitions.DetailSteps
20:35:14.131 [main] DEBUG net.thucydides.core.reflection.ClassFinder - Could not load class .starter.definitions.LoginSteps
20:35:14.131 [main] DEBUG net.thucydides.core.reflection.ClassFinder - Could not load class .starter.definitions.OrderSteps
20:35:14.131 [main] DEBUG net.thucydides.core.reflection.ClassFinder - Could not load class .starter.definitions.RegisterSteps
20:35:14.131 [main] DEBUG net.thucydides.core.reflection.ClassFinder - Could not load class .starter.definitions.SelectCategorySteps
20:35:14.131 [main] DEBUG net.thucydides.core.reflection.ClassFinder - Could not load class .starter.pages.DetailPage
20:35:14.131 [main] DEBUG net.thucydides.core.reflection.ClassFinder - Could not load class .starter.pages.HomePage
20:35:14.131 [main] DEBUG net.thucydides.core.reflection.ClassFinder - Could not load class .starter.pages.LoginPage
20:35:14.132 [main] DEBUG net.thucydides.core.reflection.ClassFinder - Could not load class .starter.pages.OrderPage
20:35:14.132 [main] DEBUG net.thucydides.core.reflection.ClassFinder - Could not load class .starter.pages.RegisterPage
20:35:14.132 [main] DEBUG net.thucydides.core.reflection.ClassFinder - Could not load class .starter.pages.SelectCategoryPage
20:35:14.132 [main] DEBUG net.thucydides.core.reflection.ClassFinder - Could not load class META-INF.versions.9.com.sun.istack.logging.StackHelper
20:35:14.133 [main] DEBUG net.thucydides.core.reflection.ClassFinder - Could not load class META-INF.versions.9.com.sun.xml.bind.v2.runtime.reflect.opt.AccessorInjector
20:35:14.133 [main] DEBUG net.thucydides.core.reflection.ClassFinder - Could not load class META-INF.versions.9.com.sun.xml.bind.v2.runtime.reflect.opt.Injector
20:35:14.133 [main] DEBUG net.thucydides.core.reflection.ClassFinder - Could not load class META-INF.versions.9.com.sun.xml.bind.v2.runtime.reflect.opt.OptimizedAccessorFactory
20:35:14.133 [main] DEBUG net.thucydides.core.reflection.ClassFinder - Could not load class META-INF.versions.9.com.sun.xml.bind.v2.runtime.reflect.opt.OptimizedTransducedAccessorFactory
20:35:14.134 [main] DEBUG net.thucydides.core.reflection.ClassFinder - Could not load class META-INF.versions.9.io.opentelemetry.sdk.internal.CurrentJavaVersionSpecific
20:35:14.134 [main] DEBUG net.thucydides.core.reflection.ClassFinder - Could not load class META-INF.versions.9.io.opentelemetry.sdk.internal.Java9VersionSpecific
20:35:14.134 [main] DEBUG net.thucydides.core.reflection.ClassFinder - Could not load class META-INF.versions.9.javax.xml.bind.ModuleUtil
20:35:14.135 [main] DEBUG net.thucydides.core.reflection.ClassFinder - Could not load class META-INF.versions.9.module-info
20:35:14.135 [main] DEBUG net.thucydides.core.reflection.ClassFinder - Could not load class META-INF.versions.9.org.junit.platform.commons.util.ModuleUtils
20:35:14.395 [main] DEBUG net.thucydides.core.reflection.ClassFinder - Could not load class com.google.gson.internal.
20:35:14.526 [main] DEBUG net.thucydides.core.reflection.ClassFinder - Could not load class com.sun.xml.bind.v2.runtime.output.FastInfosetStreamWriterOutput
20:35:14.864 [main] DEBUG net.thucydides.core.reflection.ClassFinder - Could not load class module-info
20:35:17.065 [main] DEBUG io.netty.util.internal.logging.InternalLoggerFactory - Using SLF4J as the default logging framework
20:35:17.067 [main] DEBUG io.netty.util.ResourceLeakDetector - -Dio.netty.leakDetection.level: simple
20:35:17.067 [main] DEBUG io.netty.util.ResourceLeakDetector - -Dio.netty.leakDetection.targetRecords: 4
20:35:17.070 [main] DEBUG io.netty.util.ResourceLeakDetectorFactory - Loaded default ResourceLeakDetector: io.netty.util.ResourceLeakDetector@5513982
20:35:17.087 [main] DEBUG io.netty.util.internal.PlatformDependent0 - -Dio.netty.noUnsafe: false
20:35:17.087 [main] DEBUG io.netty.util.internal.PlatformDependent0 - Java version: 17
20:35:17.088 [main] DEBUG io.netty.util.internal.PlatformDependent0 - sun.misc.Unsafe.theUnsafe: available
20:35:17.089 [main] DEBUG io.netty.util.internal.PlatformDependent0 - sun.misc.Unsafe.copyMemory: available
20:35:17.089 [main] DEBUG io.netty.util.internal.PlatformDependent0 - java.nio.Buffer.address: available
20:35:17.090 [main] DEBUG io.netty.util.internal.PlatformDependent0 - direct buffer constructor: unavailable: Reflective setAccessible(true) disabled
20:35:17.090 [main] DEBUG io.netty.util.internal.PlatformDependent0 - java.nio.Bits.unaligned: available, true
20:35:17.091 [main] DEBUG io.netty.util.internal.PlatformDependent0 - jdk.internal.misc.Unsafe.allocateUninitializedArray(int): unavailable: class io.netty.util.internal.PlatformDependent0$6 cannot access class jdk.internal.misc.Unsafe (in module java.base) because module java.base does not export jdk.internal.misc to unnamed module @e7edb54
20:35:17.093 [main] DEBUG io.netty.util.internal.PlatformDependent0 - java.nio.DirectByteBuffer.<init>(long, int): unavailable
20:35:17.093 [main] DEBUG io.netty.util.internal.PlatformDependent - sun.misc.Unsafe: available
20:35:17.095 [main] DEBUG io.netty.util.internal.PlatformDependent - maxDirectMemory: 4276092928 bytes (maybe)
20:35:17.095 [main] DEBUG io.netty.util.internal.PlatformDependent - -Dio.netty.tmpdir: C:\Users\Rev\AppData\Local\Temp (java.io.tmpdir)
20:35:17.095 [main] DEBUG io.netty.util.internal.PlatformDependent - -Dio.netty.bitMode: 64 (sun.arch.data.model)
20:35:17.095 [main] DEBUG io.netty.util.internal.PlatformDependent - Platform: Windows
20:35:17.096 [main] DEBUG io.netty.util.internal.PlatformDependent - -Dio.netty.maxDirectMemory: -1 bytes
20:35:17.096 [main] DEBUG io.netty.util.internal.PlatformDependent - -Dio.netty.uninitializedArrayAllocationThreshold: -1
20:35:17.097 [main] DEBUG io.netty.util.internal.CleanerJava9 - java.nio.ByteBuffer.cleaner(): available
20:35:17.097 [main] DEBUG io.netty.util.internal.PlatformDependent - -Dio.netty.noPreferDirect: false
20:35:17.104 [main] DEBUG io.netty.util.internal.PlatformDependent - org.jctools-core.MpscChunkedArrayQueue: available
20:35:17.121 [main] DEBUG io.netty.util.internal.InternalThreadLocalMap - -Dio.netty.threadLocalMap.stringBuilder.initialSize: 1024
20:35:17.121 [main] DEBUG io.netty.util.internal.InternalThreadLocalMap - -Dio.netty.threadLocalMap.stringBuilder.maxSize: 4096
20:35:17.169 [main] DEBUG io.netty.handler.ssl.JdkSslContext - Default protocols (JDK): [TLSv1.3, TLSv1.2] 
20:35:17.169 [main] DEBUG io.netty.handler.ssl.JdkSslContext - Default cipher suites (JDK): [TLS_ECDHE_ECDSA_WITH_AES_256_GCM_SHA384, TLS_ECDHE_ECDSA_WITH_AES_128_GCM_SHA256, TLS_ECDHE_RSA_WITH_AES_128_GCM_SHA256, TLS_ECDHE_RSA_WITH_AES_256_GCM_SHA384, TLS_ECDHE_RSA_WITH_AES_128_CBC_SHA, TLS_ECDHE_RSA_WITH_AES_256_CBC_SHA, TLS_RSA_WITH_AES_128_GCM_SHA256, TLS_RSA_WITH_AES_128_CBC_SHA, TLS_RSA_WITH_AES_256_CBC_SHA, TLS_AES_128_GCM_SHA256, TLS_AES_256_GCM_SHA384]
20:35:17.198 [main] DEBUG io.netty.channel.MultithreadEventLoopGroup - -Dio.netty.eventLoopThreads: 24
20:35:17.212 [main] DEBUG io.netty.channel.nio.NioEventLoop - -Dio.netty.noKeySetOptimization: false
20:35:17.212 [main] DEBUG io.netty.channel.nio.NioEventLoop - -Dio.netty.selectorAutoRebuildThreshold: 512
20:35:17.271 [main] DEBUG io.netty.buffer.PooledByteBufAllocator - -Dio.netty.allocator.numHeapArenas: 24
20:35:17.271 [main] DEBUG io.netty.buffer.PooledByteBufAllocator - -Dio.netty.allocator.numDirectArenas: 24
20:35:17.271 [main] DEBUG io.netty.buffer.PooledByteBufAllocator - -Dio.netty.allocator.pageSize: 8192
20:35:17.271 [main] DEBUG io.netty.buffer.PooledByteBufAllocator - -Dio.netty.allocator.maxOrder: 11
20:35:17.271 [main] DEBUG io.netty.buffer.PooledByteBufAllocator - -Dio.netty.allocator.chunkSize: 16777216
20:35:17.271 [main] DEBUG io.netty.buffer.PooledByteBufAllocator - -Dio.netty.allocator.smallCacheSize: 256
20:35:17.271 [main] DEBUG io.netty.buffer.PooledByteBufAllocator - -Dio.netty.allocator.normalCacheSize: 64
20:35:17.271 [main] DEBUG io.netty.buffer.PooledByteBufAllocator - -Dio.netty.allocator.maxCachedBufferCapacity: 32768
20:35:17.271 [main] DEBUG io.netty.buffer.PooledByteBufAllocator - -Dio.netty.allocator.cacheTrimInterval: 8192
20:35:17.271 [main] DEBUG io.netty.buffer.PooledByteBufAllocator - -Dio.netty.allocator.cacheTrimIntervalMillis: 0
20:35:17.271 [main] DEBUG io.netty.buffer.PooledByteBufAllocator - -Dio.netty.allocator.useCacheForAllThreads: true
20:35:17.271 [main] DEBUG io.netty.buffer.PooledByteBufAllocator - -Dio.netty.allocator.maxCachedByteBuffersPerChunk: 1023
20:35:17.279 [main] DEBUG io.netty.buffer.ByteBufUtil - -Dio.netty.allocator.type: pooled
20:35:17.279 [main] DEBUG io.netty.buffer.ByteBufUtil - -Dio.netty.threadLocalDirectBufferSize: 0
20:35:17.280 [main] DEBUG io.netty.buffer.ByteBufUtil - -Dio.netty.maxThreadLocalCharBufferSize: 16384
20:35:17.442 [main] DEBUG net.serenitybdd.core.webdriver.driverproviders.ProvideNewDriver - Instantiating driver
20:35:17.442 [main] DEBUG net.serenitybdd.core.webdriver.driverproviders.ProvideNewDriver - Driver capabilities: Capabilities {acceptInsecureCerts: false, base.url: https://qa.alta.id, browserName: chrome, chrome.driver: webdriver/chromedriver.exe, driver: chrome, goog:chromeOptions: {args: [], extensions: []}}
20:35:17.770 [Forwarding newSession on session null to remote] DEBUG io.netty.channel.DefaultChannelId - -Dio.netty.processId: 22056 (auto-detected)
20:35:17.772 [Forwarding newSession on session null to remote] DEBUG io.netty.util.NetUtil - -Djava.net.preferIPv4Stack: false
20:35:17.772 [Forwarding newSession on session null to remote] DEBUG io.netty.util.NetUtil - -Djava.net.preferIPv6Addresses: false
20:35:17.775 [Forwarding newSession on session null to remote] DEBUG io.netty.util.NetUtilInitializations - Loopback interface: lo (Software Loopback Interface 1, 127.0.0.1)
20:35:17.776 [Forwarding newSession on session null to remote] DEBUG io.netty.util.NetUtil - Failed to get SOMAXCONN from sysctl and file \proc\sys\net\core\somaxconn. Default: 200
20:35:17.780 [Forwarding newSession on session null to remote] DEBUG io.netty.channel.DefaultChannelId - -Dio.netty.machineId: a8:a1:59:ff:fe:85:ba:89 (auto-detected)
20:35:17.822 [AsyncHttpClient-1-2] DEBUG io.netty.buffer.AbstractByteBuf - -Dio.netty.buffer.checkAccessible: true
20:35:17.822 [AsyncHttpClient-1-2] DEBUG io.netty.buffer.AbstractByteBuf - -Dio.netty.buffer.checkBounds: true
20:35:17.822 [AsyncHttpClient-1-2] DEBUG io.netty.util.ResourceLeakDetectorFactory - Loaded default ResourceLeakDetector: io.netty.util.ResourceLeakDetector@651c71ad
20:35:17.830 [AsyncHttpClient-1-2] DEBUG org.asynchttpclient.netty.channel.NettyConnectListener - Using new Channel '[id: 0x6057f2c7, L:/127.0.0.1:51827 - R:localhost/127.0.0.1:59838]' for 'POST' to '/session'
20:35:17.846 [AsyncHttpClient-1-2] DEBUG io.netty.util.Recycler - -Dio.netty.recycler.maxCapacityPerThread: 4096
20:35:17.846 [AsyncHttpClient-1-2] DEBUG io.netty.util.Recycler - -Dio.netty.recycler.ratio: 8
20:35:17.846 [AsyncHttpClient-1-2] DEBUG io.netty.util.Recycler - -Dio.netty.recycler.chunkSize: 32
20:35:17.846 [AsyncHttpClient-1-2] DEBUG io.netty.util.Recycler - -Dio.netty.recycler.blocking: false
20:35:18.481 [AsyncHttpClient-1-2] DEBUG io.netty.handler.codec.compression.Brotli - brotli4j not in the classpath; Brotli support will be unavailable.
20:35:18.481 [AsyncHttpClient-1-2] DEBUG org.asynchttpclient.netty.handler.HttpHandler - 

Request DefaultHttpRequest(decodeResult: success, version: HTTP/1.1)
POST /session HTTP/1.1
User-Agent: selenium/4.1.2 (java windows)
Content-Length: 565
Content-Type: application/json; charset=utf-8
host: localhost:59838
accept: */*

Response DefaultHttpResponse(decodeResult: success, version: HTTP/1.1)
HTTP/1.1 200 OK
Content-Type: application/json; charset=utf-8
cache-control: no-cache
content-length: 788

20:35:18.489 [AsyncHttpClient-1-2] DEBUG org.asynchttpclient.netty.channel.ChannelManager - Adding key: http://localhost:59838 for channel [id: 0x6057f2c7, L:/127.0.0.1:51827 - R:localhost/127.0.0.1:59838]
20:35:18.544 [AsyncHttpClient-1-3] DEBUG org.asynchttpclient.netty.channel.NettyConnectListener - Using new Channel '[id: 0x8e8c84f9, L:/127.0.0.1:51834 - R:localhost/127.0.0.1:51828]' for 'GET' to '/json/version'
20:35:18.551 [AsyncHttpClient-1-3] DEBUG org.asynchttpclient.netty.handler.HttpHandler - 

Request DefaultFullHttpRequest(decodeResult: success, version: HTTP/1.1, content: EmptyByteBufBE)
GET /json/version HTTP/1.1
User-Agent: selenium/4.1.2 (java windows)
host: localhost:51828
accept: */*

Response DefaultHttpResponse(decodeResult: success, version: HTTP/1.1)
HTTP/1.1 200 OK
Content-Type: application/json; charset=UTF-8
content-length: 427

20:35:18.551 [AsyncHttpClient-1-3] DEBUG org.asynchttpclient.netty.channel.ChannelManager - Adding key: http://localhost:51828 for channel [id: 0x8e8c84f9, L:/127.0.0.1:51834 - R:localhost/127.0.0.1:51828]
20:35:18.556 [main] DEBUG io.netty.util.internal.ThreadLocalRandom - -Dio.netty.initialSeedUniquifier: 0xd51d92f0afbfad11
20:35:18.558 [AsyncHttpClient-1-4] DEBUG org.asynchttpclient.netty.channel.NettyConnectListener - Using new Channel '[id: 0x78c2f1d8, L:/127.0.0.1:51835 - R:localhost/127.0.0.1:51828]' for 'GET' to '/devtools/browser/4f6a2f93-90b1-4c58-a32f-8f45fc51ee21'
20:35:18.565 [AsyncHttpClient-1-4] DEBUG org.asynchttpclient.netty.handler.WebSocketHandler - 

Request DefaultFullHttpRequest(decodeResult: success, version: HTTP/1.1, content: EmptyByteBufBE)
GET /devtools/browser/4f6a2f93-90b1-4c58-a32f-8f45fc51ee21 HTTP/1.1
upgrade: websocket
connection: upgrade
sec-websocket-key: 1qnNnv04zInQGbBOs0ksyA==
sec-websocket-version: 13
origin: http://localhost:51828
host: localhost:51828
accept: */*
user-agent: AHC/2.1

Response DefaultHttpResponse(decodeResult: success, version: HTTP/1.1)
HTTP/1.1 101 WebSocket Protocol Handshake
Upgrade: WebSocket
Connection: Upgrade
Sec-WebSocket-Accept: obiucNdLmZcEadvlw3M9//4JnZo=

20:35:19.048 [main] DEBUG net.thucydides.core.reflection.ClassFinder - Could not load class .starter.CucumberTestSuite
20:35:19.048 [main] DEBUG net.thucydides.core.reflection.ClassFinder - Could not load class .starter.definitions.DetailSteps
20:35:19.048 [main] DEBUG net.thucydides.core.reflection.ClassFinder - Could not load class .starter.definitions.LoginSteps
20:35:19.048 [main] DEBUG net.thucydides.core.reflection.ClassFinder - Could not load class .starter.definitions.OrderSteps
20:35:19.048 [main] DEBUG net.thucydides.core.reflection.ClassFinder - Could not load class .starter.definitions.RegisterSteps
20:35:19.048 [main] DEBUG net.thucydides.core.reflection.ClassFinder - Could not load class .starter.definitions.SelectCategorySteps
20:35:19.048 [main] DEBUG net.thucydides.core.reflection.ClassFinder - Could not load class .starter.pages.DetailPage
20:35:19.048 [main] DEBUG net.thucydides.core.reflection.ClassFinder - Could not load class .starter.pages.HomePage
20:35:19.048 [main] DEBUG net.thucydides.core.reflection.ClassFinder - Could not load class .starter.pages.LoginPage
20:35:19.048 [main] DEBUG net.thucydides.core.reflection.ClassFinder - Could not load class .starter.pages.OrderPage
20:35:19.048 [main] DEBUG net.thucydides.core.reflection.ClassFinder - Could not load class .starter.pages.RegisterPage
20:35:19.048 [main] DEBUG net.thucydides.core.reflection.ClassFinder - Could not load class .starter.pages.SelectCategoryPage
20:35:19.049 [main] DEBUG net.thucydides.core.reflection.ClassFinder - Could not load class META-INF.versions.9.com.sun.istack.logging.StackHelper
20:35:19.049 [main] DEBUG net.thucydides.core.reflection.ClassFinder - Could not load class META-INF.versions.9.com.sun.xml.bind.v2.runtime.reflect.opt.AccessorInjector
20:35:19.049 [main] DEBUG net.thucydides.core.reflection.ClassFinder - Could not load class META-INF.versions.9.com.sun.xml.bind.v2.runtime.reflect.opt.Injector
20:35:19.049 [main] DEBUG net.thucydides.core.reflection.ClassFinder - Could not load class META-INF.versions.9.com.sun.xml.bind.v2.runtime.reflect.opt.OptimizedAccessorFactory
20:35:19.049 [main] DEBUG net.thucydides.core.reflection.ClassFinder - Could not load class META-INF.versions.9.com.sun.xml.bind.v2.runtime.reflect.opt.OptimizedTransducedAccessorFactory
20:35:19.050 [main] DEBUG net.thucydides.core.reflection.ClassFinder - Could not load class META-INF.versions.9.io.opentelemetry.sdk.internal.CurrentJavaVersionSpecific
20:35:19.050 [main] DEBUG net.thucydides.core.reflection.ClassFinder - Could not load class META-INF.versions.9.io.opentelemetry.sdk.internal.Java9VersionSpecific
20:35:19.050 [main] DEBUG net.thucydides.core.reflection.ClassFinder - Could not load class META-INF.versions.9.javax.xml.bind.ModuleUtil
20:35:19.050 [main] DEBUG net.thucydides.core.reflection.ClassFinder - Could not load class META-INF.versions.9.module-info
20:35:19.051 [main] DEBUG net.thucydides.core.reflection.ClassFinder - Could not load class META-INF.versions.9.org.junit.platform.commons.util.ModuleUtils
20:35:19.054 [main] DEBUG net.thucydides.core.reflection.ClassFinder - Could not load class com.google.gson.internal.
20:35:19.055 [main] DEBUG net.thucydides.core.reflection.ClassFinder - Could not load class com.sun.xml.bind.v2.runtime.output.FastInfosetStreamWriterOutput
20:35:19.058 [main] DEBUG net.thucydides.core.reflection.ClassFinder - Could not load class module-info
20:35:19.098 [Forwarding get on session 73c4de89fcb9a991b48a91a26ad87e89 to remote] DEBUG org.asynchttpclient.netty.request.NettyRequestSender - Using pooled Channel '[id: 0x6057f2c7, L:/127.0.0.1:51827 - R:localhost/127.0.0.1:59838]' for 'POST' to 'http://localhost:59838/session/73c4de89fcb9a991b48a91a26ad87e89/url'
20:35:19.098 [Forwarding get on session 73c4de89fcb9a991b48a91a26ad87e89 to remote] DEBUG org.asynchttpclient.netty.request.NettyRequestSender - Using open Channel [id: 0x6057f2c7, L:/127.0.0.1:51827 - R:localhost/127.0.0.1:59838] for POST '/session/73c4de89fcb9a991b48a91a26ad87e89/url'
20:35:19.314 [AsyncHttpClient-1-1] DEBUG org.asynchttpclient.netty.channel.DefaultChannelPool - Entry count for : http://localhost:51828 : 1
20:35:19.685 [AsyncHttpClient-1-2] DEBUG org.asynchttpclient.netty.handler.HttpHandler - 

Request DefaultHttpRequest(decodeResult: success, version: HTTP/1.1)
POST /session/73c4de89fcb9a991b48a91a26ad87e89/url HTTP/1.1
User-Agent: selenium/4.1.2 (java windows)
Content-Length: 43
Content-Type: application/json; charset=utf-8
host: localhost:59838
accept: */*

Response DefaultHttpResponse(decodeResult: success, version: HTTP/1.1)
HTTP/1.1 200 OK
Content-Type: application/json; charset=utf-8
cache-control: no-cache
content-length: 14

20:35:19.686 [AsyncHttpClient-1-2] DEBUG org.asynchttpclient.netty.channel.ChannelManager - Adding key: http://localhost:59838 for channel [id: 0x6057f2c7, L:/127.0.0.1:51827 - R:localhost/127.0.0.1:59838]
20:35:19.692 [Forwarding setTimeout on session 73c4de89fcb9a991b48a91a26ad87e89 to remote] DEBUG org.asynchttpclient.netty.request.NettyRequestSender - Using pooled Channel '[id: 0x6057f2c7, L:/127.0.0.1:51827 - R:localhost/127.0.0.1:59838]' for 'POST' to 'http://localhost:59838/session/73c4de89fcb9a991b48a91a26ad87e89/timeouts'
20:35:19.692 [Forwarding setTimeout on session 73c4de89fcb9a991b48a91a26ad87e89 to remote] DEBUG org.asynchttpclient.netty.request.NettyRequestSender - Using open Channel [id: 0x6057f2c7, L:/127.0.0.1:51827 - R:localhost/127.0.0.1:59838] for POST '/session/73c4de89fcb9a991b48a91a26ad87e89/timeouts'
20:35:19.693 [AsyncHttpClient-1-2] DEBUG org.asynchttpclient.netty.handler.HttpHandler - 

Request DefaultHttpRequest(decodeResult: success, version: HTTP/1.1)
POST /session/73c4de89fcb9a991b48a91a26ad87e89/timeouts HTTP/1.1
User-Agent: selenium/4.1.2 (java windows)
Content-Length: 22
Content-Type: application/json; charset=utf-8
host: localhost:59838
accept: */*

Response DefaultHttpResponse(decodeResult: success, version: HTTP/1.1)
HTTP/1.1 200 OK
Content-Type: application/json; charset=utf-8
cache-control: no-cache
content-length: 14

20:35:19.693 [AsyncHttpClient-1-2] DEBUG org.asynchttpclient.netty.channel.ChannelManager - Adding key: http://localhost:59838 for channel [id: 0x6057f2c7, L:/127.0.0.1:51827 - R:localhost/127.0.0.1:59838]
20:35:19.698 [Forwarding getCurrentUrl on session 73c4de89fcb9a991b48a91a26ad87e89 to remote] DEBUG org.asynchttpclient.netty.request.NettyRequestSender - Using pooled Channel '[id: 0x6057f2c7, L:/127.0.0.1:51827 - R:localhost/127.0.0.1:59838]' for 'GET' to 'http://localhost:59838/session/73c4de89fcb9a991b48a91a26ad87e89/url'
20:35:19.698 [Forwarding getCurrentUrl on session 73c4de89fcb9a991b48a91a26ad87e89 to remote] DEBUG org.asynchttpclient.netty.request.NettyRequestSender - Using open Channel [id: 0x6057f2c7, L:/127.0.0.1:51827 - R:localhost/127.0.0.1:59838] for GET '/session/73c4de89fcb9a991b48a91a26ad87e89/url'
20:35:19.701 [AsyncHttpClient-1-2] DEBUG org.asynchttpclient.netty.handler.HttpHandler - 

Request DefaultFullHttpRequest(decodeResult: success, version: HTTP/1.1, content: EmptyByteBufBE)
GET /session/73c4de89fcb9a991b48a91a26ad87e89/url HTTP/1.1
User-Agent: selenium/4.1.2 (java windows)
Cache-Control: no-cache
Content-Type: application/json; charset=utf-8
host: localhost:59838
accept: */*

Response DefaultHttpResponse(decodeResult: success, version: HTTP/1.1)
HTTP/1.1 200 OK
Content-Type: application/json; charset=utf-8
cache-control: no-cache
content-length: 31

20:35:19.702 [AsyncHttpClient-1-2] DEBUG org.asynchttpclient.netty.channel.ChannelManager - Adding key: http://localhost:59838 for channel [id: 0x6057f2c7, L:/127.0.0.1:51827 - R:localhost/127.0.0.1:59838]
20:35:19.705 [Forwarding getCurrentUrl on session 73c4de89fcb9a991b48a91a26ad87e89 to remote] DEBUG org.asynchttpclient.netty.request.NettyRequestSender - Using pooled Channel '[id: 0x6057f2c7, L:/127.0.0.1:51827 - R:localhost/127.0.0.1:59838]' for 'GET' to 'http://localhost:59838/session/73c4de89fcb9a991b48a91a26ad87e89/url'
20:35:19.705 [Forwarding getCurrentUrl on session 73c4de89fcb9a991b48a91a26ad87e89 to remote] DEBUG org.asynchttpclient.netty.request.NettyRequestSender - Using open Channel [id: 0x6057f2c7, L:/127.0.0.1:51827 - R:localhost/127.0.0.1:59838] for GET '/session/73c4de89fcb9a991b48a91a26ad87e89/url'
20:35:19.708 [AsyncHttpClient-1-2] DEBUG org.asynchttpclient.netty.handler.HttpHandler - 

Request DefaultFullHttpRequest(decodeResult: success, version: HTTP/1.1, content: EmptyByteBufBE)
GET /session/73c4de89fcb9a991b48a91a26ad87e89/url HTTP/1.1
User-Agent: selenium/4.1.2 (java windows)
Cache-Control: no-cache
Content-Type: application/json; charset=utf-8
host: localhost:59838
accept: */*

Response DefaultHttpResponse(decodeResult: success, version: HTTP/1.1)
HTTP/1.1 200 OK
Content-Type: application/json; charset=utf-8
cache-control: no-cache
content-length: 31

20:35:19.708 [AsyncHttpClient-1-2] DEBUG org.asynchttpclient.netty.channel.ChannelManager - Adding key: http://localhost:59838 for channel [id: 0x6057f2c7, L:/127.0.0.1:51827 - R:localhost/127.0.0.1:59838]
20:35:19.725 [main] DEBUG net.serenitybdd.core.photography.Darkroom - Opening darkroom
20:35:19.725 [Darkroom Processing Line] DEBUG net.serenitybdd.core.photography.DarkroomProcessingLine - Darkroom processing line starting up
20:35:19.726 [Forwarding screenshot on session 73c4de89fcb9a991b48a91a26ad87e89 to remote] DEBUG org.asynchttpclient.netty.request.NettyRequestSender - Using pooled Channel '[id: 0x6057f2c7, L:/127.0.0.1:51827 - R:localhost/127.0.0.1:59838]' for 'GET' to 'http://localhost:59838/session/73c4de89fcb9a991b48a91a26ad87e89/screenshot'
20:35:19.726 [Forwarding screenshot on session 73c4de89fcb9a991b48a91a26ad87e89 to remote] DEBUG org.asynchttpclient.netty.request.NettyRequestSender - Using open Channel [id: 0x6057f2c7, L:/127.0.0.1:51827 - R:localhost/127.0.0.1:59838] for GET '/session/73c4de89fcb9a991b48a91a26ad87e89/screenshot'
20:35:19.988 [AsyncHttpClient-1-2] DEBUG org.asynchttpclient.netty.handler.HttpHandler - 

Request DefaultFullHttpRequest(decodeResult: success, version: HTTP/1.1, content: EmptyByteBufBE)
GET /session/73c4de89fcb9a991b48a91a26ad87e89/screenshot HTTP/1.1
User-Agent: selenium/4.1.2 (java windows)
Cache-Control: no-cache
Content-Type: application/json; charset=utf-8
host: localhost:59838
accept: */*

Response DefaultHttpResponse(decodeResult: success, version: HTTP/1.1)
HTTP/1.1 200 OK
Content-Type: application/json; charset=utf-8
cache-control: no-cache
content-length: 33636

20:35:19.989 [AsyncHttpClient-1-2] DEBUG org.asynchttpclient.netty.channel.ChannelManager - Adding key: http://localhost:59838 for channel [id: 0x6057f2c7, L:/127.0.0.1:51827 - R:localhost/127.0.0.1:59838]
20:35:20.032 [main] DEBUG net.serenitybdd.core.photography.Darkroom - Send negative for processing for target\site\serenity\74f3a17ad67d6539a72ba279813884189cc1e51c27064d1a18c41346b8a2aa27.png
20:35:20.032 [Darkroom Processing Line] DEBUG net.serenitybdd.core.photography.DarkroomProcessingLine - Processing screenshot image in /var/screenshots/screenshot-16437524019378858052
20:35:20.033 [Darkroom Processing Line] DEBUG net.serenitybdd.core.photography.DarkroomProcessingLine - Saving screenshot to target\site\serenity\74f3a17ad67d6539a72ba279813884189cc1e51c27064d1a18c41346b8a2aa27.png
20:35:20.036 [main] DEBUG net.thucydides.core.steps.StepInterceptor - STEP DONE: openPage
20:35:20.044 [main] DEBUG net.thucydides.core.steps.StepInterceptor - STARTING STEP: DetailSteps.useronhomepage - homepage
20:35:20.047 [Forwarding findElement on session 73c4de89fcb9a991b48a91a26ad87e89 to remote] DEBUG org.asynchttpclient.netty.request.NettyRequestSender - Using pooled Channel '[id: 0x6057f2c7, L:/127.0.0.1:51827 - R:localhost/127.0.0.1:59838]' for 'POST' to 'http://localhost:59838/session/73c4de89fcb9a991b48a91a26ad87e89/element'
20:35:20.047 [Forwarding findElement on session 73c4de89fcb9a991b48a91a26ad87e89 to remote] DEBUG org.asynchttpclient.netty.request.NettyRequestSender - Using open Channel [id: 0x6057f2c7, L:/127.0.0.1:51827 - R:localhost/127.0.0.1:59838] for POST '/session/73c4de89fcb9a991b48a91a26ad87e89/element'
20:35:20.057 [AsyncHttpClient-1-2] DEBUG org.asynchttpclient.netty.handler.HttpHandler - 

Request DefaultHttpRequest(decodeResult: success, version: HTTP/1.1)
POST /session/73c4de89fcb9a991b48a91a26ad87e89/element HTTP/1.1
User-Agent: selenium/4.1.2 (java windows)
Content-Length: 85
Content-Type: application/json; charset=utf-8
host: localhost:59838
accept: */*

Response DefaultHttpResponse(decodeResult: success, version: HTTP/1.1)
HTTP/1.1 200 OK
Content-Type: application/json; charset=utf-8
cache-control: no-cache
content-length: 88

20:35:20.057 [AsyncHttpClient-1-2] DEBUG org.asynchttpclient.netty.channel.ChannelManager - Adding key: http://localhost:59838 for channel [id: 0x6057f2c7, L:/127.0.0.1:51827 - R:localhost/127.0.0.1:59838]
20:35:20.063 [Forwarding isElementDisplayed on session 73c4de89fcb9a991b48a91a26ad87e89 to remote] DEBUG org.asynchttpclient.netty.request.NettyRequestSender - Using pooled Channel '[id: 0x6057f2c7, L:/127.0.0.1:51827 - R:localhost/127.0.0.1:59838]' for 'POST' to 'http://localhost:59838/session/73c4de89fcb9a991b48a91a26ad87e89/execute/sync'
20:35:20.063 [Forwarding isElementDisplayed on session 73c4de89fcb9a991b48a91a26ad87e89 to remote] DEBUG org.asynchttpclient.netty.request.NettyRequestSender - Using open Channel [id: 0x6057f2c7, L:/127.0.0.1:51827 - R:localhost/127.0.0.1:59838] for POST '/session/73c4de89fcb9a991b48a91a26ad87e89/execute/sync'
20:35:20.409 [AsyncHttpClient-1-1] DEBUG org.asynchttpclient.netty.channel.DefaultChannelPool - Entry count for : http://localhost:51828 : 1
20:35:20.803 [AsyncHttpClient-1-2] DEBUG org.asynchttpclient.netty.handler.HttpHandler - 

Request DefaultHttpRequest(decodeResult: success, version: HTTP/1.1)
POST /session/73c4de89fcb9a991b48a91a26ad87e89/execute/sync HTTP/1.1
User-Agent: selenium/4.1.2 (java windows)
Content-Length: 48780
Content-Type: application/json; charset=utf-8
host: localhost:59838
accept: */*

Response DefaultHttpResponse(decodeResult: success, version: HTTP/1.1)
HTTP/1.1 200 OK
Content-Type: application/json; charset=utf-8
cache-control: no-cache
content-length: 14

20:35:20.803 [AsyncHttpClient-1-2] DEBUG org.asynchttpclient.netty.channel.ChannelManager - Adding key: http://localhost:59838 for channel [id: 0x6057f2c7, L:/127.0.0.1:51827 - R:localhost/127.0.0.1:59838]
20:35:20.808 [Forwarding screenshot on session 73c4de89fcb9a991b48a91a26ad87e89 to remote] DEBUG org.asynchttpclient.netty.request.NettyRequestSender - Using pooled Channel '[id: 0x6057f2c7, L:/127.0.0.1:51827 - R:localhost/127.0.0.1:59838]' for 'GET' to 'http://localhost:59838/session/73c4de89fcb9a991b48a91a26ad87e89/screenshot'
20:35:20.808 [Forwarding screenshot on session 73c4de89fcb9a991b48a91a26ad87e89 to remote] DEBUG org.asynchttpclient.netty.request.NettyRequestSender - Using open Channel [id: 0x6057f2c7, L:/127.0.0.1:51827 - R:localhost/127.0.0.1:59838] for GET '/session/73c4de89fcb9a991b48a91a26ad87e89/screenshot'
20:35:20.933 [AsyncHttpClient-1-2] DEBUG org.asynchttpclient.netty.handler.HttpHandler - 

Request DefaultFullHttpRequest(decodeResult: success, version: HTTP/1.1, content: EmptyByteBufBE)
GET /session/73c4de89fcb9a991b48a91a26ad87e89/screenshot HTTP/1.1
User-Agent: selenium/4.1.2 (java windows)
Cache-Control: no-cache
Content-Type: application/json; charset=utf-8
host: localhost:59838
accept: */*

Response DefaultHttpResponse(decodeResult: success, version: HTTP/1.1)
HTTP/1.1 200 OK
Content-Type: application/json; charset=utf-8
cache-control: no-cache
content-length: 64160

20:35:20.934 [AsyncHttpClient-1-2] DEBUG org.asynchttpclient.netty.channel.ChannelManager - Adding key: http://localhost:59838 for channel [id: 0x6057f2c7, L:/127.0.0.1:51827 - R:localhost/127.0.0.1:59838]
20:35:20.936 [main] DEBUG net.serenitybdd.core.photography.Darkroom - Send negative for processing for target\site\serenity\264c455de0ed568766371108e48f0b72c9ec3fd88167b4c5196c23be15ae5176.png
20:35:20.936 [main] DEBUG net.thucydides.core.steps.StepInterceptor - STEP DONE: homepage
20:35:20.937 [Darkroom Processing Line] DEBUG net.serenitybdd.core.photography.DarkroomProcessingLine - Processing screenshot image in /var/screenshots/screenshot-6356097681907962938
20:35:20.937 [Darkroom Processing Line] DEBUG net.serenitybdd.core.photography.DarkroomProcessingLine - Saving screenshot to target\site\serenity\264c455de0ed568766371108e48f0b72c9ec3fd88167b4c5196c23be15ae5176.png
  &amp#27;[32mGiven &amp#27;[0m&amp#27;[32mUser on home page&amp#27;[0m                                &amp#27;[90m# starter.definitions.DetailSteps.useronhomepage()&amp#27;[0m
20:35:20.954 [main] DEBUG net.thucydides.core.steps.StepInterceptor - STARTING STEP: DetailSteps.userclickdetailtensidarahelektrik - validateclickdetailtensidarahlistrik
20:35:20.958 [Forwarding findElement on session 73c4de89fcb9a991b48a91a26ad87e89 to remote] DEBUG org.asynchttpclient.netty.request.NettyRequestSender - Using pooled Channel '[id: 0x6057f2c7, L:/127.0.0.1:51827 - R:localhost/127.0.0.1:59838]' for 'POST' to 'http://localhost:59838/session/73c4de89fcb9a991b48a91a26ad87e89/element'
20:35:20.958 [Forwarding findElement on session 73c4de89fcb9a991b48a91a26ad87e89 to remote] DEBUG org.asynchttpclient.netty.request.NettyRequestSender - Using open Channel [id: 0x6057f2c7, L:/127.0.0.1:51827 - R:localhost/127.0.0.1:59838] for POST '/session/73c4de89fcb9a991b48a91a26ad87e89/element'
20:35:20.970 [AsyncHttpClient-1-2] DEBUG org.asynchttpclient.netty.handler.HttpHandler - 

Request DefaultHttpRequest(decodeResult: success, version: HTTP/1.1)
POST /session/73c4de89fcb9a991b48a91a26ad87e89/element HTTP/1.1
User-Agent: selenium/4.1.2 (java windows)
Content-Length: 96
Content-Type: application/json; charset=utf-8
host: localhost:59838
accept: */*

Response DefaultHttpResponse(decodeResult: success, version: HTTP/1.1)
HTTP/1.1 200 OK
Content-Type: application/json; charset=utf-8
cache-control: no-cache
content-length: 88

20:35:20.971 [AsyncHttpClient-1-2] DEBUG org.asynchttpclient.netty.channel.ChannelManager - Adding key: http://localhost:59838 for channel [id: 0x6057f2c7, L:/127.0.0.1:51827 - R:localhost/127.0.0.1:59838]
20:35:20.972 [Forwarding getElementTagName on session 73c4de89fcb9a991b48a91a26ad87e89 to remote] DEBUG org.asynchttpclient.netty.request.NettyRequestSender - Using pooled Channel '[id: 0x6057f2c7, L:/127.0.0.1:51827 - R:localhost/127.0.0.1:59838]' for 'GET' to 'http://localhost:59838/session/73c4de89fcb9a991b48a91a26ad87e89/element/37bad964-62c1-46bf-b570-529e14748c77/name'
20:35:20.972 [Forwarding getElementTagName on session 73c4de89fcb9a991b48a91a26ad87e89 to remote] DEBUG org.asynchttpclient.netty.request.NettyRequestSender - Using open Channel [id: 0x6057f2c7, L:/127.0.0.1:51827 - R:localhost/127.0.0.1:59838] for GET '/session/73c4de89fcb9a991b48a91a26ad87e89/element/37bad964-62c1-46bf-b570-529e14748c77/name'
20:35:20.977 [AsyncHttpClient-1-2] DEBUG org.asynchttpclient.netty.handler.HttpHandler - 

Request DefaultFullHttpRequest(decodeResult: success, version: HTTP/1.1, content: EmptyByteBufBE)
GET /session/73c4de89fcb9a991b48a91a26ad87e89/element/37bad964-62c1-46bf-b570-529e14748c77/name HTTP/1.1
User-Agent: selenium/4.1.2 (java windows)
Cache-Control: no-cache
Content-Type: application/json; charset=utf-8
host: localhost:59838
accept: */*

Response DefaultHttpResponse(decodeResult: success, version: HTTP/1.1)
HTTP/1.1 200 OK
Content-Type: application/json; charset=utf-8
cache-control: no-cache
content-length: 18

20:35:20.977 [AsyncHttpClient-1-2] DEBUG org.asynchttpclient.netty.channel.ChannelManager - Adding key: http://localhost:59838 for channel [id: 0x6057f2c7, L:/127.0.0.1:51827 - R:localhost/127.0.0.1:59838]
20:35:20.979 [Forwarding getElementTagName on session 73c4de89fcb9a991b48a91a26ad87e89 to remote] DEBUG org.asynchttpclient.netty.request.NettyRequestSender - Using pooled Channel '[id: 0x6057f2c7, L:/127.0.0.1:51827 - R:localhost/127.0.0.1:59838]' for 'GET' to 'http://localhost:59838/session/73c4de89fcb9a991b48a91a26ad87e89/element/37bad964-62c1-46bf-b570-529e14748c77/name'
20:35:20.979 [Forwarding getElementTagName on session 73c4de89fcb9a991b48a91a26ad87e89 to remote] DEBUG org.asynchttpclient.netty.request.NettyRequestSender - Using open Channel [id: 0x6057f2c7, L:/127.0.0.1:51827 - R:localhost/127.0.0.1:59838] for GET '/session/73c4de89fcb9a991b48a91a26ad87e89/element/37bad964-62c1-46bf-b570-529e14748c77/name'
20:35:20.982 [AsyncHttpClient-1-2] DEBUG org.asynchttpclient.netty.handler.HttpHandler - 

Request DefaultFullHttpRequest(decodeResult: success, version: HTTP/1.1, content: EmptyByteBufBE)
GET /session/73c4de89fcb9a991b48a91a26ad87e89/element/37bad964-62c1-46bf-b570-529e14748c77/name HTTP/1.1
User-Agent: selenium/4.1.2 (java windows)
Cache-Control: no-cache
Content-Type: application/json; charset=utf-8
host: localhost:59838
accept: */*

Response DefaultHttpResponse(decodeResult: success, version: HTTP/1.1)
HTTP/1.1 200 OK
Content-Type: application/json; charset=utf-8
cache-control: no-cache
content-length: 18

20:35:20.982 [AsyncHttpClient-1-2] DEBUG org.asynchttpclient.netty.channel.ChannelManager - Adding key: http://localhost:59838 for channel [id: 0x6057f2c7, L:/127.0.0.1:51827 - R:localhost/127.0.0.1:59838]
20:35:20.986 [Forwarding isElementEnabled on session 73c4de89fcb9a991b48a91a26ad87e89 to remote] DEBUG org.asynchttpclient.netty.request.NettyRequestSender - Using pooled Channel '[id: 0x6057f2c7, L:/127.0.0.1:51827 - R:localhost/127.0.0.1:59838]' for 'GET' to 'http://localhost:59838/session/73c4de89fcb9a991b48a91a26ad87e89/element/37bad964-62c1-46bf-b570-529e14748c77/enabled'
20:35:20.986 [Forwarding isElementEnabled on session 73c4de89fcb9a991b48a91a26ad87e89 to remote] DEBUG org.asynchttpclient.netty.request.NettyRequestSender - Using open Channel [id: 0x6057f2c7, L:/127.0.0.1:51827 - R:localhost/127.0.0.1:59838] for GET '/session/73c4de89fcb9a991b48a91a26ad87e89/element/37bad964-62c1-46bf-b570-529e14748c77/enabled'
20:35:20.993 [AsyncHttpClient-1-2] DEBUG org.asynchttpclient.netty.handler.HttpHandler - 

Request DefaultFullHttpRequest(decodeResult: success, version: HTTP/1.1, content: EmptyByteBufBE)
GET /session/73c4de89fcb9a991b48a91a26ad87e89/element/37bad964-62c1-46bf-b570-529e14748c77/enabled HTTP/1.1
User-Agent: selenium/4.1.2 (java windows)
Cache-Control: no-cache
Content-Type: application/json; charset=utf-8
host: localhost:59838
accept: */*

Response DefaultHttpResponse(decodeResult: success, version: HTTP/1.1)
HTTP/1.1 200 OK
Content-Type: application/json; charset=utf-8
cache-control: no-cache
content-length: 14

20:35:20.993 [AsyncHttpClient-1-2] DEBUG org.asynchttpclient.netty.channel.ChannelManager - Adding key: http://localhost:59838 for channel [id: 0x6057f2c7, L:/127.0.0.1:51827 - R:localhost/127.0.0.1:59838]
20:35:20.995 [Forwarding isElementEnabled on session 73c4de89fcb9a991b48a91a26ad87e89 to remote] DEBUG org.asynchttpclient.netty.request.NettyRequestSender - Using pooled Channel '[id: 0x6057f2c7, L:/127.0.0.1:51827 - R:localhost/127.0.0.1:59838]' for 'GET' to 'http://localhost:59838/session/73c4de89fcb9a991b48a91a26ad87e89/element/37bad964-62c1-46bf-b570-529e14748c77/enabled'
20:35:20.995 [Forwarding isElementEnabled on session 73c4de89fcb9a991b48a91a26ad87e89 to remote] DEBUG org.asynchttpclient.netty.request.NettyRequestSender - Using open Channel [id: 0x6057f2c7, L:/127.0.0.1:51827 - R:localhost/127.0.0.1:59838] for GET '/session/73c4de89fcb9a991b48a91a26ad87e89/element/37bad964-62c1-46bf-b570-529e14748c77/enabled'
20:35:21.001 [AsyncHttpClient-1-2] DEBUG org.asynchttpclient.netty.handler.HttpHandler - 

Request DefaultFullHttpRequest(decodeResult: success, version: HTTP/1.1, content: EmptyByteBufBE)
GET /session/73c4de89fcb9a991b48a91a26ad87e89/element/37bad964-62c1-46bf-b570-529e14748c77/enabled HTTP/1.1
User-Agent: selenium/4.1.2 (java windows)
Cache-Control: no-cache
Content-Type: application/json; charset=utf-8
host: localhost:59838
accept: */*

Response DefaultHttpResponse(decodeResult: success, version: HTTP/1.1)
HTTP/1.1 200 OK
Content-Type: application/json; charset=utf-8
cache-control: no-cache
content-length: 14

20:35:21.002 [AsyncHttpClient-1-2] DEBUG org.asynchttpclient.netty.channel.ChannelManager - Adding key: http://localhost:59838 for channel [id: 0x6057f2c7, L:/127.0.0.1:51827 - R:localhost/127.0.0.1:59838]
20:35:21.004 [Forwarding findElement on session 73c4de89fcb9a991b48a91a26ad87e89 to remote] DEBUG org.asynchttpclient.netty.request.NettyRequestSender - Using pooled Channel '[id: 0x6057f2c7, L:/127.0.0.1:51827 - R:localhost/127.0.0.1:59838]' for 'POST' to 'http://localhost:59838/session/73c4de89fcb9a991b48a91a26ad87e89/element'
20:35:21.004 [Forwarding findElement on session 73c4de89fcb9a991b48a91a26ad87e89 to remote] DEBUG org.asynchttpclient.netty.request.NettyRequestSender - Using open Channel [id: 0x6057f2c7, L:/127.0.0.1:51827 - R:localhost/127.0.0.1:59838] for POST '/session/73c4de89fcb9a991b48a91a26ad87e89/element'
20:35:21.012 [AsyncHttpClient-1-2] DEBUG org.asynchttpclient.netty.handler.HttpHandler - 

Request DefaultHttpRequest(decodeResult: success, version: HTTP/1.1)
POST /session/73c4de89fcb9a991b48a91a26ad87e89/element HTTP/1.1
User-Agent: selenium/4.1.2 (java windows)
Content-Length: 96
Content-Type: application/json; charset=utf-8
host: localhost:59838
accept: */*

Response DefaultHttpResponse(decodeResult: success, version: HTTP/1.1)
HTTP/1.1 200 OK
Content-Type: application/json; charset=utf-8
cache-control: no-cache
content-length: 88

20:35:21.012 [AsyncHttpClient-1-2] DEBUG org.asynchttpclient.netty.channel.ChannelManager - Adding key: http://localhost:59838 for channel [id: 0x6057f2c7, L:/127.0.0.1:51827 - R:localhost/127.0.0.1:59838]
20:35:21.014 [Forwarding clickElement on session 73c4de89fcb9a991b48a91a26ad87e89 to remote] DEBUG org.asynchttpclient.netty.request.NettyRequestSender - Using pooled Channel '[id: 0x6057f2c7, L:/127.0.0.1:51827 - R:localhost/127.0.0.1:59838]' for 'POST' to 'http://localhost:59838/session/73c4de89fcb9a991b48a91a26ad87e89/element/37bad964-62c1-46bf-b570-529e14748c77/click'
20:35:21.014 [Forwarding clickElement on session 73c4de89fcb9a991b48a91a26ad87e89 to remote] DEBUG org.asynchttpclient.netty.request.NettyRequestSender - Using open Channel [id: 0x6057f2c7, L:/127.0.0.1:51827 - R:localhost/127.0.0.1:59838] for POST '/session/73c4de89fcb9a991b48a91a26ad87e89/element/37bad964-62c1-46bf-b570-529e14748c77/click'
20:35:21.062 [AsyncHttpClient-1-2] DEBUG org.asynchttpclient.netty.handler.HttpHandler - 

Request DefaultHttpRequest(decodeResult: success, version: HTTP/1.1)
POST /session/73c4de89fcb9a991b48a91a26ad87e89/element/37bad964-62c1-46bf-b570-529e14748c77/click HTTP/1.1
User-Agent: selenium/4.1.2 (java windows)
Content-Length: 50
Content-Type: application/json; charset=utf-8
host: localhost:59838
accept: */*

Response DefaultHttpResponse(decodeResult: success, version: HTTP/1.1)
HTTP/1.1 200 OK
Content-Type: application/json; charset=utf-8
cache-control: no-cache
content-length: 14

20:35:21.062 [AsyncHttpClient-1-2] DEBUG org.asynchttpclient.netty.channel.ChannelManager - Adding key: http://localhost:59838 for channel [id: 0x6057f2c7, L:/127.0.0.1:51827 - R:localhost/127.0.0.1:59838]
20:35:21.068 [Forwarding screenshot on session 73c4de89fcb9a991b48a91a26ad87e89 to remote] DEBUG org.asynchttpclient.netty.request.NettyRequestSender - Using pooled Channel '[id: 0x6057f2c7, L:/127.0.0.1:51827 - R:localhost/127.0.0.1:59838]' for 'GET' to 'http://localhost:59838/session/73c4de89fcb9a991b48a91a26ad87e89/screenshot'
20:35:21.068 [Forwarding screenshot on session 73c4de89fcb9a991b48a91a26ad87e89 to remote] DEBUG org.asynchttpclient.netty.request.NettyRequestSender - Using open Channel [id: 0x6057f2c7, L:/127.0.0.1:51827 - R:localhost/127.0.0.1:59838] for GET '/session/73c4de89fcb9a991b48a91a26ad87e89/screenshot'
20:35:21.363 [AsyncHttpClient-1-2] DEBUG org.asynchttpclient.netty.handler.HttpHandler - 

Request DefaultFullHttpRequest(decodeResult: success, version: HTTP/1.1, content: EmptyByteBufBE)
GET /session/73c4de89fcb9a991b48a91a26ad87e89/screenshot HTTP/1.1
User-Agent: selenium/4.1.2 (java windows)
Cache-Control: no-cache
Content-Type: application/json; charset=utf-8
host: localhost:59838
accept: */*

Response DefaultHttpResponse(decodeResult: success, version: HTTP/1.1)
HTTP/1.1 200 OK
Content-Type: application/json; charset=utf-8
cache-control: no-cache
content-length: 30228

20:35:21.363 [AsyncHttpClient-1-2] DEBUG org.asynchttpclient.netty.channel.ChannelManager - Adding key: http://localhost:59838 for channel [id: 0x6057f2c7, L:/127.0.0.1:51827 - R:localhost/127.0.0.1:59838]
20:35:21.366 [main] DEBUG net.serenitybdd.core.photography.Darkroom - Send negative for processing for target\site\serenity\b205d8b9ee88b7d4869bf8d9a8dd1ceed82718e2d095c9c1fa41fa566372f516.png
20:35:21.367 [main] DEBUG net.thucydides.core.steps.StepInterceptor - STEP DONE: validateclickdetailtensidarahlistrik
  &amp#27;[32mWhen &amp#27;[0m&amp#27;[32mUser click detail tensi darah elektrik&amp#27;[0m            &amp#27;[90m# starter.definitions.DetailSteps.userclickdetailtensidarahelektrik()&amp#27;[0m
20:35:21.367 [Darkroom Processing Line] DEBUG net.serenitybdd.core.photography.DarkroomProcessingLine - Processing screenshot image in /var/screenshots/screenshot-1116843458152362271
20:35:21.367 [Darkroom Processing Line] DEBUG net.serenitybdd.core.photography.DarkroomProcessingLine - Saving screenshot to target\site\serenity\b205d8b9ee88b7d4869bf8d9a8dd1ceed82718e2d095c9c1fa41fa566372f516.png
  &amp#27;[32mAnd &amp#27;[0m&amp#27;[32muser can see detail and rating of product&amp#27;[0m          &amp#27;[90m# starter.definitions.DetailSteps.usercanseedetailandratingofproduct()&amp#27;[0m
  &amp#27;[32mThen &amp#27;[0m&amp#27;[32muser sucsess see detail and rating of product&amp#27;[0m     &amp#27;[90m# starter.definitions.DetailSteps.usersucsessseedetailandratingofproduct()&amp#27;[0m
20:35:21.400 [main] INFO  - 
  _____   ___   ___   _____     ___     _     ___   ___   ___   ___  
 |_   _| | __| / __| |_   _|   | _ \   /_\   / __| / __| | __| |   \ 
   | |   | _|  \__ \   | |     |  _/  / _ \  \__ \ \__ \ | _|  | |) |
   |_|   |___| |___/   |_|     |_|   /_/ \_\ |___/ |___/ |___| |___/ 

user see detail or rating tensi darah elektrik
----------------------------------------------------------------------
20:35:21.482 [Driver Command Executor] DEBUG org.asynchttpclient.netty.request.NettyRequestSender - Using pooled Channel '[id: 0x6057f2c7, L:/127.0.0.1:51827 - R:localhost/127.0.0.1:59838]' for 'DELETE' to 'http://localhost:59838/session/73c4de89fcb9a991b48a91a26ad87e89'
20:35:21.483 [Driver Command Executor] DEBUG org.asynchttpclient.netty.request.NettyRequestSender - Using open Channel [id: 0x6057f2c7, L:/127.0.0.1:51827 - R:localhost/127.0.0.1:59838] for DELETE '/session/73c4de89fcb9a991b48a91a26ad87e89'
20:35:21.484 [AsyncHttpClient-1-4] DEBUG org.asynchttpclient.netty.handler.WebSocketHandler - Channel Closed: [id: 0x78c2f1d8, L:/127.0.0.1:51835 ! R:localhost/127.0.0.1:51828] with attribute NettyResponseFuture{currentRetry=5,
	isDone=1,
	isCancelled=0,
	asyncHandler=org.asynchttpclient.ws.WebSocketUpgradeHandler@b9e253,
	nettyRequest=org.asynchttpclient.netty.request.NettyRequest@3be917df,
	future=java.util.concurrent.CompletableFuture@2ff9e500[Completed normally],
	uri=ws://localhost:51828/devtools/browser/4f6a2f93-90b1-4c58-a32f-8f45fc51ee21,
	keepAlive=true,
	redirectCount=0,
	timeoutsHolder=null,
	inAuth=0,
	touch=1652790918574}
20:35:21.484 [AsyncHttpClient-1-4] DEBUG org.asynchttpclient.netty.channel.ChannelManager - Closing Channel [id: 0x78c2f1d8, L:/127.0.0.1:51835 ! R:localhost/127.0.0.1:51828] 
20:35:21.502 [AsyncHttpClient-1-3] DEBUG org.asynchttpclient.netty.handler.HttpHandler - Unexpected I/O exception on channel [id: 0x8e8c84f9, L:/127.0.0.1:51834 - R:localhost/127.0.0.1:51828]
java.net.SocketException: Connection reset
	at java.base/sun.nio.ch.SocketChannelImpl.throwConnectionReset(SocketChannelImpl.java:394)
	at java.base/sun.nio.ch.SocketChannelImpl.read(SocketChannelImpl.java:426)
	at io.netty.buffer.PooledByteBuf.setBytes(PooledByteBuf.java:258)
	at io.netty.buffer.AbstractByteBuf.writeBytes(AbstractByteBuf.java:1132)
	at io.netty.channel.socket.nio.NioSocketChannel.doReadBytes(NioSocketChannel.java:350)
	at io.netty.channel.nio.AbstractNioByteChannel$NioByteUnsafe.read(AbstractNioByteChannel.java:151)
	at io.netty.channel.nio.NioEventLoop.processSelectedKey(NioEventLoop.java:722)
	at io.netty.channel.nio.NioEventLoop.processSelectedKeysOptimized(NioEventLoop.java:658)
	at io.netty.channel.nio.NioEventLoop.processSelectedKeys(NioEventLoop.java:584)
	at io.netty.channel.nio.NioEventLoop.run(NioEventLoop.java:496)
	at io.netty.util.concurrent.SingleThreadEventExecutor$4.run(SingleThreadEventExecutor.java:986)
	at io.netty.util.internal.ThreadExecutorMap$2.run(ThreadExecutorMap.java:74)
	at io.netty.util.concurrent.FastThreadLocalRunnable.run(FastThreadLocalRunnable.java:30)
	at java.base/java.lang.Thread.run(Thread.java:833)
20:35:21.503 [AsyncHttpClient-1-3] DEBUG org.asynchttpclient.netty.channel.ChannelManager - Closing Channel [id: 0x8e8c84f9, L:/127.0.0.1:51834 - R:localhost/127.0.0.1:51828] 
20:35:21.504 [AsyncHttpClient-1-3] DEBUG org.asynchttpclient.netty.handler.HttpHandler - Channel Closed: [id: 0x8e8c84f9, L:/127.0.0.1:51834 ! R:localhost/127.0.0.1:51828] with attribute DISCARD
20:35:21.510 [AsyncHttpClient-1-1] DEBUG org.asynchttpclient.netty.channel.DefaultChannelPool - Entry count for : http://localhost:51828 : 1
20:35:21.510 [AsyncHttpClient-1-1] DEBUG org.asynchttpclient.netty.channel.DefaultChannelPool - Adding Candidate expired Channel [id: 0x8e8c84f9, L:/127.0.0.1:51834 ! R:localhost/127.0.0.1:51828] isIdleTimeoutExpired=false isRemotelyClosed=true isTtlExpired=false
20:35:21.510 [AsyncHttpClient-1-1] DEBUG org.asynchttpclient.netty.channel.DefaultChannelPool - Closing Idle Channel [id: 0x8e8c84f9, L:/127.0.0.1:51834 ! R:localhost/127.0.0.1:51828]
20:35:21.510 [AsyncHttpClient-1-1] DEBUG org.asynchttpclient.netty.channel.DefaultChannelPool - Closed 1 connections out of 1 in 0 ms
20:35:21.511 [AsyncHttpClient-1-2] DEBUG org.asynchttpclient.netty.handler.HttpHandler - 

Request DefaultFullHttpRequest(decodeResult: success, version: HTTP/1.1, content: EmptyByteBufBE)
DELETE /session/73c4de89fcb9a991b48a91a26ad87e89 HTTP/1.1
User-Agent: selenium/4.1.2 (java windows)
Content-Type: application/json; charset=utf-8
host: localhost:59838
accept: */*

Response DefaultHttpResponse(decodeResult: success, version: HTTP/1.1)
HTTP/1.1 200 OK
Content-Type: application/json; charset=utf-8
cache-control: no-cache
content-length: 14

20:35:21.511 [AsyncHttpClient-1-2] DEBUG org.asynchttpclient.netty.channel.ChannelManager - Adding key: http://localhost:59838 for channel [id: 0x6057f2c7, L:/127.0.0.1:51827 - R:localhost/127.0.0.1:59838]
20:35:21.565 [AsyncHttpClient-1-2] DEBUG org.asynchttpclient.netty.handler.HttpHandler - Channel Closed: [id: 0x6057f2c7, L:/127.0.0.1:51827 ! R:localhost/127.0.0.1:59838] with attribute DISCARD
]]></system-out>
    <system-err><![CDATA[Starting ChromeDriver 101.0.4951.41 (93c720db8323b3ec10d056025ab95c23a31997c9-refs/branch-heads/4951@{#904}) on port 59838
Only local connections are allowed.
Please see https://chromedriver.chromium.org/security-considerations for suggestions on keeping ChromeDriver safe.
ChromeDriver was started successfully.
May 17, 2022 8:35:18 PM org.openqa.selenium.remote.ProtocolHandshake createSession
INFO: Detected dialect: W3C
May 17, 2022 8:35:18 PM org.openqa.selenium.devtools.CdpVersionFinder findNearestMatch
WARNING: Unable to find an exact match for CDP version 101, so returning the closest version found: 97
May 17, 2022 8:35:18 PM org.openqa.selenium.devtools.CdpVersionFinder findNearestMatch
INFO: Found CDP implementation for version 101 of 97
]]></system-err>
  </testcase>
  <testcase name="As a user, i able to login successfully" classname="As a user, I want to see home page, So that i can buy books" time="4.53">
    <system-out><![CDATA[20:35:21.599 [main] INFO io.cucumber.core.plugin.SerenityReporter - Running feature from file:///D:/alta%20folder/final%20project/web%20testing/src/test/resources/features/Login.feature
20:35:21.601 [main] DEBUG net.thucydides.core.steps.StepEventBus - Test suite started for story net.thucydides.core.model.Story@1b3af7fc
20:35:21.601 [main] INFO  - Test Suite Started: As a user, I want to see home page, So that i can buy books

Scenario: As a user, i able to login successfully &amp#27;[90m# src/test/resources/features/Login.feature:4&amp#27;[0m
20:35:21.609 [main] INFO io.cucumber.core.plugin.SerenityReporter - Running feature from file:///D:/alta%20folder/final%20project/web%20testing/src/test/resources/features/Login.feature
20:35:21.611 [main] INFO  - 
  _____   ___   ___   _____     ___   _____     _     ___   _____   ___   ___  
 |_   _| | __| / __| |_   _|   / __| |_   _|   /_\   | _ \ |_   _| | __| |   \ 
   | |   | _|  \__ \   | |     \__ \   | |    / _ \  |   /   | |   | _|  | |) |
   |_|   |___| |___/   |_|     |___/   |_|   /_/ \_\ |_|_\   |_|   |___| |___/ 

As a user, i able to login successfully(as-a-user--i-want-to-see-home-page--so-that-i-can-buy-books;as-a-user--i-able-to-login-successfully)
--------------------------------------------------------------------------------
20:35:21.745 [main] DEBUG net.thucydides.core.steps.StepInterceptor - STARTING STEP: LoginSteps.ontheLoginPage - openPage
20:35:21.746 [main] INFO net.serenitybdd.core.webdriver.driverproviders.ChromeDriverProvider - Using automatically driver download
20:35:21.822 [main] DEBUG io.github.bonigarcia.wdm.cache.ResolutionCache - Resolution chrome=101 in cache (valid until 20:49:03 17/05/2022 WITA)
20:35:21.825 [main] DEBUG io.github.bonigarcia.wdm.cache.ResolutionCache - Resolution chrome101=101.0.4951.41 in cache (valid until 14:03:56 18/05/2022 WITA)
20:35:21.827 [main] INFO io.github.bonigarcia.wdm.WebDriverManager - Using chromedriver 101.0.4951.41 (resolved driver for Chrome 101)
20:35:21.836 [main] DEBUG io.github.bonigarcia.wdm.WebDriverManager - Driver chromedriver 101.0.4951.41 found in cache
20:35:21.837 [main] INFO io.github.bonigarcia.wdm.WebDriverManager - Exporting webdriver.chrome.driver as C:\Users\Rev\.cache\selenium\chromedriver\win32\101.0.4951.41\chromedriver.exe
20:35:21.914 [main] DEBUG net.serenitybdd.core.webdriver.driverproviders.ProvideNewDriver - Instantiating driver
20:35:21.914 [main] DEBUG net.serenitybdd.core.webdriver.driverproviders.ProvideNewDriver - Driver capabilities: Capabilities {acceptInsecureCerts: false, base.url: https://qa.alta.id, browserName: chrome, chrome.driver: webdriver/chromedriver.exe, driver: chrome, goog:chromeOptions: {args: [], extensions: []}}
20:35:22.117 [AsyncHttpClient-1-5] DEBUG org.asynchttpclient.netty.channel.NettyConnectListener - Using new Channel '[id: 0x51d84c2b, L:/127.0.0.1:51856 - R:localhost/127.0.0.1:60719]' for 'POST' to '/session'
20:35:22.610 [AsyncHttpClient-1-1] DEBUG org.asynchttpclient.netty.channel.DefaultChannelPool - Entry count for : http://localhost:59838 : 1
20:35:22.610 [AsyncHttpClient-1-1] DEBUG org.asynchttpclient.netty.channel.DefaultChannelPool - Adding Candidate expired Channel [id: 0x6057f2c7, L:/127.0.0.1:51827 ! R:localhost/127.0.0.1:59838] isIdleTimeoutExpired=false isRemotelyClosed=true isTtlExpired=false
20:35:22.610 [AsyncHttpClient-1-1] DEBUG org.asynchttpclient.netty.channel.DefaultChannelPool - Closing Idle Channel [id: 0x6057f2c7, L:/127.0.0.1:51827 ! R:localhost/127.0.0.1:59838]
20:35:22.610 [AsyncHttpClient-1-1] DEBUG org.asynchttpclient.netty.channel.DefaultChannelPool - Closed 1 connections out of 1 in 0 ms
20:35:22.674 [AsyncHttpClient-1-5] DEBUG org.asynchttpclient.netty.handler.HttpHandler - 

Request DefaultHttpRequest(decodeResult: success, version: HTTP/1.1)
POST /session HTTP/1.1
User-Agent: selenium/4.1.2 (java windows)
Content-Length: 565
Content-Type: application/json; charset=utf-8
host: localhost:60719
accept: */*

Response DefaultHttpResponse(decodeResult: success, version: HTTP/1.1)
HTTP/1.1 200 OK
Content-Type: application/json; charset=utf-8
cache-control: no-cache
content-length: 788

20:35:22.674 [AsyncHttpClient-1-5] DEBUG org.asynchttpclient.netty.channel.ChannelManager - Adding key: http://localhost:60719 for channel [id: 0x51d84c2b, L:/127.0.0.1:51856 - R:localhost/127.0.0.1:60719]
20:35:22.679 [AsyncHttpClient-1-6] DEBUG org.asynchttpclient.netty.channel.NettyConnectListener - Using new Channel '[id: 0xe622e538, L:/127.0.0.1:51863 - R:localhost/127.0.0.1:51857]' for 'GET' to '/json/version'
20:35:22.684 [AsyncHttpClient-1-6] DEBUG org.asynchttpclient.netty.handler.HttpHandler - 

Request DefaultFullHttpRequest(decodeResult: success, version: HTTP/1.1, content: EmptyByteBufBE)
GET /json/version HTTP/1.1
User-Agent: selenium/4.1.2 (java windows)
host: localhost:51857
accept: */*

Response DefaultHttpResponse(decodeResult: success, version: HTTP/1.1)
HTTP/1.1 200 OK
Content-Type: application/json; charset=UTF-8
content-length: 427

20:35:22.684 [AsyncHttpClient-1-6] DEBUG org.asynchttpclient.netty.channel.ChannelManager - Adding key: http://localhost:51857 for channel [id: 0xe622e538, L:/127.0.0.1:51863 - R:localhost/127.0.0.1:51857]
20:35:22.687 [AsyncHttpClient-1-7] DEBUG org.asynchttpclient.netty.channel.NettyConnectListener - Using new Channel '[id: 0x17270573, L:/127.0.0.1:51864 - R:localhost/127.0.0.1:51857]' for 'GET' to '/devtools/browser/a8697312-fd1f-47dd-8111-f302a1487962'
20:35:22.691 [AsyncHttpClient-1-7] DEBUG org.asynchttpclient.netty.handler.WebSocketHandler - 

Request DefaultFullHttpRequest(decodeResult: success, version: HTTP/1.1, content: EmptyByteBufBE)
GET /devtools/browser/a8697312-fd1f-47dd-8111-f302a1487962 HTTP/1.1
upgrade: websocket
connection: upgrade
sec-websocket-key: xQHzjfPGh8vcB1GKz9nZVA==
sec-websocket-version: 13
origin: http://localhost:51857
host: localhost:51857
accept: */*
user-agent: AHC/2.1

Response DefaultHttpResponse(decodeResult: success, version: HTTP/1.1)
HTTP/1.1 101 WebSocket Protocol Handshake
Upgrade: WebSocket
Connection: Upgrade
Sec-WebSocket-Accept: Byo5S6wF+xJJ7sLz06EjyN10Dbk=

20:35:22.695 [Forwarding get on session 77bfb41712094774c633532f3320c609 to remote] DEBUG org.asynchttpclient.netty.request.NettyRequestSender - Using pooled Channel '[id: 0x51d84c2b, L:/127.0.0.1:51856 - R:localhost/127.0.0.1:60719]' for 'POST' to 'http://localhost:60719/session/77bfb41712094774c633532f3320c609/url'
20:35:22.695 [Forwarding get on session 77bfb41712094774c633532f3320c609 to remote] DEBUG org.asynchttpclient.netty.request.NettyRequestSender - Using open Channel [id: 0x51d84c2b, L:/127.0.0.1:51856 - R:localhost/127.0.0.1:60719] for POST '/session/77bfb41712094774c633532f3320c609/url'
20:35:23.121 [AsyncHttpClient-1-5] DEBUG org.asynchttpclient.netty.handler.HttpHandler - 

Request DefaultHttpRequest(decodeResult: success, version: HTTP/1.1)
POST /session/77bfb41712094774c633532f3320c609/url HTTP/1.1
User-Agent: selenium/4.1.2 (java windows)
Content-Length: 43
Content-Type: application/json; charset=utf-8
host: localhost:60719
accept: */*

Response DefaultHttpResponse(decodeResult: success, version: HTTP/1.1)
HTTP/1.1 200 OK
Content-Type: application/json; charset=utf-8
cache-control: no-cache
content-length: 14

20:35:23.122 [AsyncHttpClient-1-5] DEBUG org.asynchttpclient.netty.channel.ChannelManager - Adding key: http://localhost:60719 for channel [id: 0x51d84c2b, L:/127.0.0.1:51856 - R:localhost/127.0.0.1:60719]
20:35:23.123 [Forwarding setTimeout on session 77bfb41712094774c633532f3320c609 to remote] DEBUG org.asynchttpclient.netty.request.NettyRequestSender - Using pooled Channel '[id: 0x51d84c2b, L:/127.0.0.1:51856 - R:localhost/127.0.0.1:60719]' for 'POST' to 'http://localhost:60719/session/77bfb41712094774c633532f3320c609/timeouts'
20:35:23.123 [Forwarding setTimeout on session 77bfb41712094774c633532f3320c609 to remote] DEBUG org.asynchttpclient.netty.request.NettyRequestSender - Using open Channel [id: 0x51d84c2b, L:/127.0.0.1:51856 - R:localhost/127.0.0.1:60719] for POST '/session/77bfb41712094774c633532f3320c609/timeouts'
20:35:23.124 [AsyncHttpClient-1-5] DEBUG org.asynchttpclient.netty.handler.HttpHandler - 

Request DefaultHttpRequest(decodeResult: success, version: HTTP/1.1)
POST /session/77bfb41712094774c633532f3320c609/timeouts HTTP/1.1
User-Agent: selenium/4.1.2 (java windows)
Content-Length: 22
Content-Type: application/json; charset=utf-8
host: localhost:60719
accept: */*

Response DefaultHttpResponse(decodeResult: success, version: HTTP/1.1)
HTTP/1.1 200 OK
Content-Type: application/json; charset=utf-8
cache-control: no-cache
content-length: 14

20:35:23.125 [AsyncHttpClient-1-5] DEBUG org.asynchttpclient.netty.channel.ChannelManager - Adding key: http://localhost:60719 for channel [id: 0x51d84c2b, L:/127.0.0.1:51856 - R:localhost/127.0.0.1:60719]
20:35:23.127 [Forwarding getCurrentUrl on session 77bfb41712094774c633532f3320c609 to remote] DEBUG org.asynchttpclient.netty.request.NettyRequestSender - Using pooled Channel '[id: 0x51d84c2b, L:/127.0.0.1:51856 - R:localhost/127.0.0.1:60719]' for 'GET' to 'http://localhost:60719/session/77bfb41712094774c633532f3320c609/url'
20:35:23.127 [Forwarding getCurrentUrl on session 77bfb41712094774c633532f3320c609 to remote] DEBUG org.asynchttpclient.netty.request.NettyRequestSender - Using open Channel [id: 0x51d84c2b, L:/127.0.0.1:51856 - R:localhost/127.0.0.1:60719] for GET '/session/77bfb41712094774c633532f3320c609/url'
20:35:23.130 [AsyncHttpClient-1-5] DEBUG org.asynchttpclient.netty.handler.HttpHandler - 

Request DefaultFullHttpRequest(decodeResult: success, version: HTTP/1.1, content: EmptyByteBufBE)
GET /session/77bfb41712094774c633532f3320c609/url HTTP/1.1
User-Agent: selenium/4.1.2 (java windows)
Cache-Control: no-cache
Content-Type: application/json; charset=utf-8
host: localhost:60719
accept: */*

Response DefaultHttpResponse(decodeResult: success, version: HTTP/1.1)
HTTP/1.1 200 OK
Content-Type: application/json; charset=utf-8
cache-control: no-cache
content-length: 31

20:35:23.131 [AsyncHttpClient-1-5] DEBUG org.asynchttpclient.netty.channel.ChannelManager - Adding key: http://localhost:60719 for channel [id: 0x51d84c2b, L:/127.0.0.1:51856 - R:localhost/127.0.0.1:60719]
20:35:23.134 [Forwarding getCurrentUrl on session 77bfb41712094774c633532f3320c609 to remote] DEBUG org.asynchttpclient.netty.request.NettyRequestSender - Using pooled Channel '[id: 0x51d84c2b, L:/127.0.0.1:51856 - R:localhost/127.0.0.1:60719]' for 'GET' to 'http://localhost:60719/session/77bfb41712094774c633532f3320c609/url'
20:35:23.134 [Forwarding getCurrentUrl on session 77bfb41712094774c633532f3320c609 to remote] DEBUG org.asynchttpclient.netty.request.NettyRequestSender - Using open Channel [id: 0x51d84c2b, L:/127.0.0.1:51856 - R:localhost/127.0.0.1:60719] for GET '/session/77bfb41712094774c633532f3320c609/url'
20:35:23.136 [AsyncHttpClient-1-5] DEBUG org.asynchttpclient.netty.handler.HttpHandler - 

Request DefaultFullHttpRequest(decodeResult: success, version: HTTP/1.1, content: EmptyByteBufBE)
GET /session/77bfb41712094774c633532f3320c609/url HTTP/1.1
User-Agent: selenium/4.1.2 (java windows)
Cache-Control: no-cache
Content-Type: application/json; charset=utf-8
host: localhost:60719
accept: */*

Response DefaultHttpResponse(decodeResult: success, version: HTTP/1.1)
HTTP/1.1 200 OK
Content-Type: application/json; charset=utf-8
cache-control: no-cache
content-length: 31

20:35:23.136 [AsyncHttpClient-1-5] DEBUG org.asynchttpclient.netty.channel.ChannelManager - Adding key: http://localhost:60719 for channel [id: 0x51d84c2b, L:/127.0.0.1:51856 - R:localhost/127.0.0.1:60719]
20:35:23.140 [main] DEBUG net.serenitybdd.core.photography.Darkroom - Opening darkroom
20:35:23.140 [Darkroom Processing Line] DEBUG net.serenitybdd.core.photography.DarkroomProcessingLine - Darkroom processing line starting up
20:35:23.140 [Forwarding screenshot on session 77bfb41712094774c633532f3320c609 to remote] DEBUG org.asynchttpclient.netty.request.NettyRequestSender - Using pooled Channel '[id: 0x51d84c2b, L:/127.0.0.1:51856 - R:localhost/127.0.0.1:60719]' for 'GET' to 'http://localhost:60719/session/77bfb41712094774c633532f3320c609/screenshot'
20:35:23.140 [Forwarding screenshot on session 77bfb41712094774c633532f3320c609 to remote] DEBUG org.asynchttpclient.netty.request.NettyRequestSender - Using open Channel [id: 0x51d84c2b, L:/127.0.0.1:51856 - R:localhost/127.0.0.1:60719] for GET '/session/77bfb41712094774c633532f3320c609/screenshot'
20:35:23.709 [AsyncHttpClient-1-1] DEBUG org.asynchttpclient.netty.channel.DefaultChannelPool - Entry count for : http://localhost:51857 : 1
20:35:24.229 [AsyncHttpClient-1-5] DEBUG org.asynchttpclient.netty.handler.HttpHandler - 

Request DefaultFullHttpRequest(decodeResult: success, version: HTTP/1.1, content: EmptyByteBufBE)
GET /session/77bfb41712094774c633532f3320c609/screenshot HTTP/1.1
User-Agent: selenium/4.1.2 (java windows)
Cache-Control: no-cache
Content-Type: application/json; charset=utf-8
host: localhost:60719
accept: */*

Response DefaultHttpResponse(decodeResult: success, version: HTTP/1.1)
HTTP/1.1 200 OK
Content-Type: application/json; charset=utf-8
cache-control: no-cache
content-length: 37316

20:35:24.230 [AsyncHttpClient-1-5] DEBUG org.asynchttpclient.netty.channel.ChannelManager - Adding key: http://localhost:60719 for channel [id: 0x51d84c2b, L:/127.0.0.1:51856 - R:localhost/127.0.0.1:60719]
20:35:24.232 [main] DEBUG net.serenitybdd.core.photography.Darkroom - Send negative for processing for target\site\serenity\e78777edbf97945aa9dc931c9c61554def04483d33b3a1474142c428b1dc73ca.png
20:35:24.232 [main] DEBUG net.thucydides.core.steps.StepInterceptor - STEP DONE: openPage
20:35:24.232 [Darkroom Processing Line] DEBUG net.serenitybdd.core.photography.DarkroomProcessingLine - Processing screenshot image in /var/screenshots/screenshot-8815770433342128120
20:35:24.232 [Darkroom Processing Line] DEBUG net.serenitybdd.core.photography.DarkroomProcessingLine - Saving screenshot to target\site\serenity\e78777edbf97945aa9dc931c9c61554def04483d33b3a1474142c428b1dc73ca.png
20:35:24.237 [main] DEBUG net.thucydides.core.steps.StepInterceptor - STARTING STEP: LoginSteps.ontheLoginPage - clickLoginIcon
20:35:24.239 [Forwarding findElement on session 77bfb41712094774c633532f3320c609 to remote] DEBUG org.asynchttpclient.netty.request.NettyRequestSender - Using pooled Channel '[id: 0x51d84c2b, L:/127.0.0.1:51856 - R:localhost/127.0.0.1:60719]' for 'POST' to 'http://localhost:60719/session/77bfb41712094774c633532f3320c609/element'
20:35:24.240 [Forwarding findElement on session 77bfb41712094774c633532f3320c609 to remote] DEBUG org.asynchttpclient.netty.request.NettyRequestSender - Using open Channel [id: 0x51d84c2b, L:/127.0.0.1:51856 - R:localhost/127.0.0.1:60719] for POST '/session/77bfb41712094774c633532f3320c609/element'
20:35:24.251 [AsyncHttpClient-1-5] DEBUG org.asynchttpclient.netty.handler.HttpHandler - 

Request DefaultHttpRequest(decodeResult: success, version: HTTP/1.1)
POST /session/77bfb41712094774c633532f3320c609/element HTTP/1.1
User-Agent: selenium/4.1.2 (java windows)
Content-Length: 139
Content-Type: application/json; charset=utf-8
host: localhost:60719
accept: */*

Response DefaultHttpResponse(decodeResult: success, version: HTTP/1.1)
HTTP/1.1 200 OK
Content-Type: application/json; charset=utf-8
cache-control: no-cache
content-length: 88

20:35:24.252 [AsyncHttpClient-1-5] DEBUG org.asynchttpclient.netty.channel.ChannelManager - Adding key: http://localhost:60719 for channel [id: 0x51d84c2b, L:/127.0.0.1:51856 - R:localhost/127.0.0.1:60719]
20:35:24.254 [Forwarding getElementTagName on session 77bfb41712094774c633532f3320c609 to remote] DEBUG org.asynchttpclient.netty.request.NettyRequestSender - Using pooled Channel '[id: 0x51d84c2b, L:/127.0.0.1:51856 - R:localhost/127.0.0.1:60719]' for 'GET' to 'http://localhost:60719/session/77bfb41712094774c633532f3320c609/element/9c399e10-06a0-46cd-a913-cd886a0c5534/name'
20:35:24.254 [Forwarding getElementTagName on session 77bfb41712094774c633532f3320c609 to remote] DEBUG org.asynchttpclient.netty.request.NettyRequestSender - Using open Channel [id: 0x51d84c2b, L:/127.0.0.1:51856 - R:localhost/127.0.0.1:60719] for GET '/session/77bfb41712094774c633532f3320c609/element/9c399e10-06a0-46cd-a913-cd886a0c5534/name'
20:35:24.258 [AsyncHttpClient-1-5] DEBUG org.asynchttpclient.netty.handler.HttpHandler - 

Request DefaultFullHttpRequest(decodeResult: success, version: HTTP/1.1, content: EmptyByteBufBE)
GET /session/77bfb41712094774c633532f3320c609/element/9c399e10-06a0-46cd-a913-cd886a0c5534/name HTTP/1.1
User-Agent: selenium/4.1.2 (java windows)
Cache-Control: no-cache
Content-Type: application/json; charset=utf-8
host: localhost:60719
accept: */*

Response DefaultHttpResponse(decodeResult: success, version: HTTP/1.1)
HTTP/1.1 200 OK
Content-Type: application/json; charset=utf-8
cache-control: no-cache
content-length: 18

20:35:24.258 [AsyncHttpClient-1-5] DEBUG org.asynchttpclient.netty.channel.ChannelManager - Adding key: http://localhost:60719 for channel [id: 0x51d84c2b, L:/127.0.0.1:51856 - R:localhost/127.0.0.1:60719]
20:35:24.260 [Forwarding getElementTagName on session 77bfb41712094774c633532f3320c609 to remote] DEBUG org.asynchttpclient.netty.request.NettyRequestSender - Using pooled Channel '[id: 0x51d84c2b, L:/127.0.0.1:51856 - R:localhost/127.0.0.1:60719]' for 'GET' to 'http://localhost:60719/session/77bfb41712094774c633532f3320c609/element/9c399e10-06a0-46cd-a913-cd886a0c5534/name'
20:35:24.260 [Forwarding getElementTagName on session 77bfb41712094774c633532f3320c609 to remote] DEBUG org.asynchttpclient.netty.request.NettyRequestSender - Using open Channel [id: 0x51d84c2b, L:/127.0.0.1:51856 - R:localhost/127.0.0.1:60719] for GET '/session/77bfb41712094774c633532f3320c609/element/9c399e10-06a0-46cd-a913-cd886a0c5534/name'
20:35:24.262 [AsyncHttpClient-1-5] DEBUG org.asynchttpclient.netty.handler.HttpHandler - 

Request DefaultFullHttpRequest(decodeResult: success, version: HTTP/1.1, content: EmptyByteBufBE)
GET /session/77bfb41712094774c633532f3320c609/element/9c399e10-06a0-46cd-a913-cd886a0c5534/name HTTP/1.1
User-Agent: selenium/4.1.2 (java windows)
Cache-Control: no-cache
Content-Type: application/json; charset=utf-8
host: localhost:60719
accept: */*

Response DefaultHttpResponse(decodeResult: success, version: HTTP/1.1)
HTTP/1.1 200 OK
Content-Type: application/json; charset=utf-8
cache-control: no-cache
content-length: 18

20:35:24.262 [AsyncHttpClient-1-5] DEBUG org.asynchttpclient.netty.channel.ChannelManager - Adding key: http://localhost:60719 for channel [id: 0x51d84c2b, L:/127.0.0.1:51856 - R:localhost/127.0.0.1:60719]
20:35:24.263 [Forwarding isElementEnabled on session 77bfb41712094774c633532f3320c609 to remote] DEBUG org.asynchttpclient.netty.request.NettyRequestSender - Using pooled Channel '[id: 0x51d84c2b, L:/127.0.0.1:51856 - R:localhost/127.0.0.1:60719]' for 'GET' to 'http://localhost:60719/session/77bfb41712094774c633532f3320c609/element/9c399e10-06a0-46cd-a913-cd886a0c5534/enabled'
20:35:24.264 [Forwarding isElementEnabled on session 77bfb41712094774c633532f3320c609 to remote] DEBUG org.asynchttpclient.netty.request.NettyRequestSender - Using open Channel [id: 0x51d84c2b, L:/127.0.0.1:51856 - R:localhost/127.0.0.1:60719] for GET '/session/77bfb41712094774c633532f3320c609/element/9c399e10-06a0-46cd-a913-cd886a0c5534/enabled'
20:35:24.268 [AsyncHttpClient-1-5] DEBUG org.asynchttpclient.netty.handler.HttpHandler - 

Request DefaultFullHttpRequest(decodeResult: success, version: HTTP/1.1, content: EmptyByteBufBE)
GET /session/77bfb41712094774c633532f3320c609/element/9c399e10-06a0-46cd-a913-cd886a0c5534/enabled HTTP/1.1
User-Agent: selenium/4.1.2 (java windows)
Cache-Control: no-cache
Content-Type: application/json; charset=utf-8
host: localhost:60719
accept: */*

Response DefaultHttpResponse(decodeResult: success, version: HTTP/1.1)
HTTP/1.1 200 OK
Content-Type: application/json; charset=utf-8
cache-control: no-cache
content-length: 14

20:35:24.268 [AsyncHttpClient-1-5] DEBUG org.asynchttpclient.netty.channel.ChannelManager - Adding key: http://localhost:60719 for channel [id: 0x51d84c2b, L:/127.0.0.1:51856 - R:localhost/127.0.0.1:60719]
20:35:24.270 [Forwarding isElementEnabled on session 77bfb41712094774c633532f3320c609 to remote] DEBUG org.asynchttpclient.netty.request.NettyRequestSender - Using pooled Channel '[id: 0x51d84c2b, L:/127.0.0.1:51856 - R:localhost/127.0.0.1:60719]' for 'GET' to 'http://localhost:60719/session/77bfb41712094774c633532f3320c609/element/9c399e10-06a0-46cd-a913-cd886a0c5534/enabled'
20:35:24.270 [Forwarding isElementEnabled on session 77bfb41712094774c633532f3320c609 to remote] DEBUG org.asynchttpclient.netty.request.NettyRequestSender - Using open Channel [id: 0x51d84c2b, L:/127.0.0.1:51856 - R:localhost/127.0.0.1:60719] for GET '/session/77bfb41712094774c633532f3320c609/element/9c399e10-06a0-46cd-a913-cd886a0c5534/enabled'
20:35:24.273 [AsyncHttpClient-1-5] DEBUG org.asynchttpclient.netty.handler.HttpHandler - 

Request DefaultFullHttpRequest(decodeResult: success, version: HTTP/1.1, content: EmptyByteBufBE)
GET /session/77bfb41712094774c633532f3320c609/element/9c399e10-06a0-46cd-a913-cd886a0c5534/enabled HTTP/1.1
User-Agent: selenium/4.1.2 (java windows)
Cache-Control: no-cache
Content-Type: application/json; charset=utf-8
host: localhost:60719
accept: */*

Response DefaultHttpResponse(decodeResult: success, version: HTTP/1.1)
HTTP/1.1 200 OK
Content-Type: application/json; charset=utf-8
cache-control: no-cache
content-length: 14

20:35:24.273 [AsyncHttpClient-1-5] DEBUG org.asynchttpclient.netty.channel.ChannelManager - Adding key: http://localhost:60719 for channel [id: 0x51d84c2b, L:/127.0.0.1:51856 - R:localhost/127.0.0.1:60719]
20:35:24.275 [Forwarding findElement on session 77bfb41712094774c633532f3320c609 to remote] DEBUG org.asynchttpclient.netty.request.NettyRequestSender - Using pooled Channel '[id: 0x51d84c2b, L:/127.0.0.1:51856 - R:localhost/127.0.0.1:60719]' for 'POST' to 'http://localhost:60719/session/77bfb41712094774c633532f3320c609/element'
20:35:24.275 [Forwarding findElement on session 77bfb41712094774c633532f3320c609 to remote] DEBUG org.asynchttpclient.netty.request.NettyRequestSender - Using open Channel [id: 0x51d84c2b, L:/127.0.0.1:51856 - R:localhost/127.0.0.1:60719] for POST '/session/77bfb41712094774c633532f3320c609/element'
20:35:24.281 [AsyncHttpClient-1-5] DEBUG org.asynchttpclient.netty.handler.HttpHandler - 

Request DefaultHttpRequest(decodeResult: success, version: HTTP/1.1)
POST /session/77bfb41712094774c633532f3320c609/element HTTP/1.1
User-Agent: selenium/4.1.2 (java windows)
Content-Length: 139
Content-Type: application/json; charset=utf-8
host: localhost:60719
accept: */*

Response DefaultHttpResponse(decodeResult: success, version: HTTP/1.1)
HTTP/1.1 200 OK
Content-Type: application/json; charset=utf-8
cache-control: no-cache
content-length: 88

20:35:24.281 [AsyncHttpClient-1-5] DEBUG org.asynchttpclient.netty.channel.ChannelManager - Adding key: http://localhost:60719 for channel [id: 0x51d84c2b, L:/127.0.0.1:51856 - R:localhost/127.0.0.1:60719]
20:35:24.283 [Forwarding clickElement on session 77bfb41712094774c633532f3320c609 to remote] DEBUG org.asynchttpclient.netty.request.NettyRequestSender - Using pooled Channel '[id: 0x51d84c2b, L:/127.0.0.1:51856 - R:localhost/127.0.0.1:60719]' for 'POST' to 'http://localhost:60719/session/77bfb41712094774c633532f3320c609/element/9c399e10-06a0-46cd-a913-cd886a0c5534/click'
20:35:24.283 [Forwarding clickElement on session 77bfb41712094774c633532f3320c609 to remote] DEBUG org.asynchttpclient.netty.request.NettyRequestSender - Using open Channel [id: 0x51d84c2b, L:/127.0.0.1:51856 - R:localhost/127.0.0.1:60719] for POST '/session/77bfb41712094774c633532f3320c609/element/9c399e10-06a0-46cd-a913-cd886a0c5534/click'
20:35:24.309 [AsyncHttpClient-1-5] DEBUG org.asynchttpclient.netty.handler.HttpHandler - 

Request DefaultHttpRequest(decodeResult: success, version: HTTP/1.1)
POST /session/77bfb41712094774c633532f3320c609/element/9c399e10-06a0-46cd-a913-cd886a0c5534/click HTTP/1.1
User-Agent: selenium/4.1.2 (java windows)
Content-Length: 50
Content-Type: application/json; charset=utf-8
host: localhost:60719
accept: */*

Response DefaultHttpResponse(decodeResult: success, version: HTTP/1.1)
HTTP/1.1 200 OK
Content-Type: application/json; charset=utf-8
cache-control: no-cache
content-length: 14

20:35:24.309 [AsyncHttpClient-1-5] DEBUG org.asynchttpclient.netty.channel.ChannelManager - Adding key: http://localhost:60719 for channel [id: 0x51d84c2b, L:/127.0.0.1:51856 - R:localhost/127.0.0.1:60719]
20:35:24.314 [Forwarding screenshot on session 77bfb41712094774c633532f3320c609 to remote] DEBUG org.asynchttpclient.netty.request.NettyRequestSender - Using pooled Channel '[id: 0x51d84c2b, L:/127.0.0.1:51856 - R:localhost/127.0.0.1:60719]' for 'GET' to 'http://localhost:60719/session/77bfb41712094774c633532f3320c609/screenshot'
20:35:24.314 [Forwarding screenshot on session 77bfb41712094774c633532f3320c609 to remote] DEBUG org.asynchttpclient.netty.request.NettyRequestSender - Using open Channel [id: 0x51d84c2b, L:/127.0.0.1:51856 - R:localhost/127.0.0.1:60719] for GET '/session/77bfb41712094774c633532f3320c609/screenshot'
20:35:24.609 [AsyncHttpClient-1-5] DEBUG org.asynchttpclient.netty.handler.HttpHandler - 

Request DefaultFullHttpRequest(decodeResult: success, version: HTTP/1.1, content: EmptyByteBufBE)
GET /session/77bfb41712094774c633532f3320c609/screenshot HTTP/1.1
User-Agent: selenium/4.1.2 (java windows)
Cache-Control: no-cache
Content-Type: application/json; charset=utf-8
host: localhost:60719
accept: */*

Response DefaultHttpResponse(decodeResult: success, version: HTTP/1.1)
HTTP/1.1 200 OK
Content-Type: application/json; charset=utf-8
cache-control: no-cache
content-length: 27208

20:35:24.610 [AsyncHttpClient-1-5] DEBUG org.asynchttpclient.netty.channel.ChannelManager - Adding key: http://localhost:60719 for channel [id: 0x51d84c2b, L:/127.0.0.1:51856 - R:localhost/127.0.0.1:60719]
20:35:24.611 [main] DEBUG net.serenitybdd.core.photography.Darkroom - Send negative for processing for target\site\serenity\4a4eeb7c80c97caad8025b3d09a5ac80643026744bd7b821d9033de4d00e3ed6.png
20:35:24.612 [main] DEBUG net.thucydides.core.steps.StepInterceptor - STEP DONE: clickLoginIcon
20:35:24.612 [Darkroom Processing Line] DEBUG net.serenitybdd.core.photography.DarkroomProcessingLine - Processing screenshot image in /var/screenshots/screenshot-12612697453927259237
20:35:24.612 [Darkroom Processing Line] DEBUG net.serenitybdd.core.photography.DarkroomProcessingLine - Saving screenshot to target\site\serenity\4a4eeb7c80c97caad8025b3d09a5ac80643026744bd7b821d9033de4d00e3ed6.png
20:35:24.616 [main] DEBUG net.thucydides.core.steps.StepInterceptor - STARTING STEP: LoginSteps.ontheLoginPage - validateonLoginPage
20:35:24.617 [Forwarding findElement on session 77bfb41712094774c633532f3320c609 to remote] DEBUG org.asynchttpclient.netty.request.NettyRequestSender - Using pooled Channel '[id: 0x51d84c2b, L:/127.0.0.1:51856 - R:localhost/127.0.0.1:60719]' for 'POST' to 'http://localhost:60719/session/77bfb41712094774c633532f3320c609/element'
20:35:24.618 [Forwarding findElement on session 77bfb41712094774c633532f3320c609 to remote] DEBUG org.asynchttpclient.netty.request.NettyRequestSender - Using open Channel [id: 0x51d84c2b, L:/127.0.0.1:51856 - R:localhost/127.0.0.1:60719] for POST '/session/77bfb41712094774c633532f3320c609/element'
20:35:24.625 [AsyncHttpClient-1-5] DEBUG org.asynchttpclient.netty.handler.HttpHandler - 

Request DefaultHttpRequest(decodeResult: success, version: HTTP/1.1)
POST /session/77bfb41712094774c633532f3320c609/element HTTP/1.1
User-Agent: selenium/4.1.2 (java windows)
Content-Length: 99
Content-Type: application/json; charset=utf-8
host: localhost:60719
accept: */*

Response DefaultHttpResponse(decodeResult: success, version: HTTP/1.1)
HTTP/1.1 200 OK
Content-Type: application/json; charset=utf-8
cache-control: no-cache
content-length: 88

20:35:24.625 [AsyncHttpClient-1-5] DEBUG org.asynchttpclient.netty.channel.ChannelManager - Adding key: http://localhost:60719 for channel [id: 0x51d84c2b, L:/127.0.0.1:51856 - R:localhost/127.0.0.1:60719]
20:35:24.629 [Forwarding isElementDisplayed on session 77bfb41712094774c633532f3320c609 to remote] DEBUG org.asynchttpclient.netty.request.NettyRequestSender - Using pooled Channel '[id: 0x51d84c2b, L:/127.0.0.1:51856 - R:localhost/127.0.0.1:60719]' for 'POST' to 'http://localhost:60719/session/77bfb41712094774c633532f3320c609/execute/sync'
20:35:24.629 [Forwarding isElementDisplayed on session 77bfb41712094774c633532f3320c609 to remote] DEBUG org.asynchttpclient.netty.request.NettyRequestSender - Using open Channel [id: 0x51d84c2b, L:/127.0.0.1:51856 - R:localhost/127.0.0.1:60719] for POST '/session/77bfb41712094774c633532f3320c609/execute/sync'
20:35:24.638 [AsyncHttpClient-1-5] DEBUG org.asynchttpclient.netty.handler.HttpHandler - 

Request DefaultHttpRequest(decodeResult: success, version: HTTP/1.1)
POST /session/77bfb41712094774c633532f3320c609/execute/sync HTTP/1.1
User-Agent: selenium/4.1.2 (java windows)
Content-Length: 48780
Content-Type: application/json; charset=utf-8
host: localhost:60719
accept: */*

Response DefaultHttpResponse(decodeResult: success, version: HTTP/1.1)
HTTP/1.1 200 OK
Content-Type: application/json; charset=utf-8
cache-control: no-cache
content-length: 14

20:35:24.638 [AsyncHttpClient-1-5] DEBUG org.asynchttpclient.netty.channel.ChannelManager - Adding key: http://localhost:60719 for channel [id: 0x51d84c2b, L:/127.0.0.1:51856 - R:localhost/127.0.0.1:60719]
20:35:24.643 [main] DEBUG net.thucydides.core.steps.StepInterceptor - STEP DONE: validateonLoginPage
  &amp#27;[32mGiven &amp#27;[0m&amp#27;[32muser on login page&amp#27;[0m                        &amp#27;[90m# starter.definitions.LoginSteps.ontheLoginPage()&amp#27;[0m
20:35:24.658 [main] DEBUG net.thucydides.core.steps.StepInterceptor - STARTING STEP: LoginSteps.ValidEmail - inputEmail
20:35:24.661 [Forwarding findElement on session 77bfb41712094774c633532f3320c609 to remote] DEBUG org.asynchttpclient.netty.request.NettyRequestSender - Using pooled Channel '[id: 0x51d84c2b, L:/127.0.0.1:51856 - R:localhost/127.0.0.1:60719]' for 'POST' to 'http://localhost:60719/session/77bfb41712094774c633532f3320c609/element'
20:35:24.661 [Forwarding findElement on session 77bfb41712094774c633532f3320c609 to remote] DEBUG org.asynchttpclient.netty.request.NettyRequestSender - Using open Channel [id: 0x51d84c2b, L:/127.0.0.1:51856 - R:localhost/127.0.0.1:60719] for POST '/session/77bfb41712094774c633532f3320c609/element'
20:35:24.670 [AsyncHttpClient-1-5] DEBUG org.asynchttpclient.netty.handler.HttpHandler - 

Request DefaultHttpRequest(decodeResult: success, version: HTTP/1.1)
POST /session/77bfb41712094774c633532f3320c609/element HTTP/1.1
User-Agent: selenium/4.1.2 (java windows)
Content-Length: 110
Content-Type: application/json; charset=utf-8
host: localhost:60719
accept: */*

Response DefaultHttpResponse(decodeResult: success, version: HTTP/1.1)
HTTP/1.1 200 OK
Content-Type: application/json; charset=utf-8
cache-control: no-cache
content-length: 88

20:35:24.670 [AsyncHttpClient-1-5] DEBUG org.asynchttpclient.netty.channel.ChannelManager - Adding key: http://localhost:60719 for channel [id: 0x51d84c2b, L:/127.0.0.1:51856 - R:localhost/127.0.0.1:60719]
20:35:24.672 [Forwarding clearElement on session 77bfb41712094774c633532f3320c609 to remote] DEBUG org.asynchttpclient.netty.request.NettyRequestSender - Using pooled Channel '[id: 0x51d84c2b, L:/127.0.0.1:51856 - R:localhost/127.0.0.1:60719]' for 'POST' to 'http://localhost:60719/session/77bfb41712094774c633532f3320c609/element/ce77304c-fea8-49ef-a203-cbc39782e963/clear'
20:35:24.672 [Forwarding clearElement on session 77bfb41712094774c633532f3320c609 to remote] DEBUG org.asynchttpclient.netty.request.NettyRequestSender - Using open Channel [id: 0x51d84c2b, L:/127.0.0.1:51856 - R:localhost/127.0.0.1:60719] for POST '/session/77bfb41712094774c633532f3320c609/element/ce77304c-fea8-49ef-a203-cbc39782e963/clear'
20:35:24.697 [AsyncHttpClient-1-5] DEBUG org.asynchttpclient.netty.handler.HttpHandler - 

Request DefaultHttpRequest(decodeResult: success, version: HTTP/1.1)
POST /session/77bfb41712094774c633532f3320c609/element/ce77304c-fea8-49ef-a203-cbc39782e963/clear HTTP/1.1
User-Agent: selenium/4.1.2 (java windows)
Content-Length: 50
Content-Type: application/json; charset=utf-8
host: localhost:60719
accept: */*

Response DefaultHttpResponse(decodeResult: success, version: HTTP/1.1)
HTTP/1.1 200 OK
Content-Type: application/json; charset=utf-8
cache-control: no-cache
content-length: 14

20:35:24.697 [AsyncHttpClient-1-5] DEBUG org.asynchttpclient.netty.channel.ChannelManager - Adding key: http://localhost:60719 for channel [id: 0x51d84c2b, L:/127.0.0.1:51856 - R:localhost/127.0.0.1:60719]
20:35:24.700 [Forwarding sendKeysToElement on session 77bfb41712094774c633532f3320c609 to remote] DEBUG org.asynchttpclient.netty.request.NettyRequestSender - Using pooled Channel '[id: 0x51d84c2b, L:/127.0.0.1:51856 - R:localhost/127.0.0.1:60719]' for 'POST' to 'http://localhost:60719/session/77bfb41712094774c633532f3320c609/element/ce77304c-fea8-49ef-a203-cbc39782e963/value'
20:35:24.700 [Forwarding sendKeysToElement on session 77bfb41712094774c633532f3320c609 to remote] DEBUG org.asynchttpclient.netty.request.NettyRequestSender - Using open Channel [id: 0x51d84c2b, L:/127.0.0.1:51856 - R:localhost/127.0.0.1:60719] for POST '/session/77bfb41712094774c633532f3320c609/element/ce77304c-fea8-49ef-a203-cbc39782e963/value'
20:35:24.769 [AsyncHttpClient-1-5] DEBUG org.asynchttpclient.netty.handler.HttpHandler - 

Request DefaultHttpRequest(decodeResult: success, version: HTTP/1.1)
POST /session/77bfb41712094774c633532f3320c609/element/ce77304c-fea8-49ef-a203-cbc39782e963/value HTTP/1.1
User-Agent: selenium/4.1.2 (java windows)
Content-Length: 241
Content-Type: application/json; charset=utf-8
host: localhost:60719
accept: */*

Response DefaultHttpResponse(decodeResult: success, version: HTTP/1.1)
HTTP/1.1 200 OK
Content-Type: application/json; charset=utf-8
cache-control: no-cache
content-length: 14

20:35:24.770 [AsyncHttpClient-1-5] DEBUG org.asynchttpclient.netty.channel.ChannelManager - Adding key: http://localhost:60719 for channel [id: 0x51d84c2b, L:/127.0.0.1:51856 - R:localhost/127.0.0.1:60719]
20:35:24.776 [Forwarding screenshot on session 77bfb41712094774c633532f3320c609 to remote] DEBUG org.asynchttpclient.netty.request.NettyRequestSender - Using pooled Channel '[id: 0x51d84c2b, L:/127.0.0.1:51856 - R:localhost/127.0.0.1:60719]' for 'GET' to 'http://localhost:60719/session/77bfb41712094774c633532f3320c609/screenshot'
20:35:24.777 [Forwarding screenshot on session 77bfb41712094774c633532f3320c609 to remote] DEBUG org.asynchttpclient.netty.request.NettyRequestSender - Using open Channel [id: 0x51d84c2b, L:/127.0.0.1:51856 - R:localhost/127.0.0.1:60719] for GET '/session/77bfb41712094774c633532f3320c609/screenshot'
20:35:24.811 [AsyncHttpClient-1-1] DEBUG org.asynchttpclient.netty.channel.DefaultChannelPool - Entry count for : http://localhost:51857 : 1
20:35:24.979 [AsyncHttpClient-1-5] DEBUG org.asynchttpclient.netty.handler.HttpHandler - 

Request DefaultFullHttpRequest(decodeResult: success, version: HTTP/1.1, content: EmptyByteBufBE)
GET /session/77bfb41712094774c633532f3320c609/screenshot HTTP/1.1
User-Agent: selenium/4.1.2 (java windows)
Cache-Control: no-cache
Content-Type: application/json; charset=utf-8
host: localhost:60719
accept: */*

Response DefaultHttpResponse(decodeResult: success, version: HTTP/1.1)
HTTP/1.1 200 OK
Content-Type: application/json; charset=utf-8
cache-control: no-cache
content-length: 30040

20:35:24.979 [AsyncHttpClient-1-5] DEBUG org.asynchttpclient.netty.channel.ChannelManager - Adding key: http://localhost:60719 for channel [id: 0x51d84c2b, L:/127.0.0.1:51856 - R:localhost/127.0.0.1:60719]
20:35:24.981 [main] DEBUG net.serenitybdd.core.photography.Darkroom - Send negative for processing for target\site\serenity\b28d18914291205ac09e6a357a978ce4fbf87163d4d7b229ff9b932cc4b1ce13.png
20:35:24.981 [main] DEBUG net.thucydides.core.steps.StepInterceptor - STEP DONE: inputEmail
  &amp#27;[32mWhen &amp#27;[0m&amp#27;[32muser input valid email&amp#27;[0m                     &amp#27;[90m# starter.definitions.LoginSteps.ValidEmail()&amp#27;[0m
20:35:24.981 [Darkroom Processing Line] DEBUG net.serenitybdd.core.photography.DarkroomProcessingLine - Processing screenshot image in /var/screenshots/screenshot-15035745976038476961
20:35:24.981 [Darkroom Processing Line] DEBUG net.serenitybdd.core.photography.DarkroomProcessingLine - Saving screenshot to target\site\serenity\b28d18914291205ac09e6a357a978ce4fbf87163d4d7b229ff9b932cc4b1ce13.png
20:35:24.992 [main] DEBUG net.thucydides.core.steps.StepInterceptor - STARTING STEP: LoginSteps.ValidPassword - inputPassword
20:35:24.994 [Forwarding findElement on session 77bfb41712094774c633532f3320c609 to remote] DEBUG org.asynchttpclient.netty.request.NettyRequestSender - Using pooled Channel '[id: 0x51d84c2b, L:/127.0.0.1:51856 - R:localhost/127.0.0.1:60719]' for 'POST' to 'http://localhost:60719/session/77bfb41712094774c633532f3320c609/element'
20:35:24.994 [Forwarding findElement on session 77bfb41712094774c633532f3320c609 to remote] DEBUG org.asynchttpclient.netty.request.NettyRequestSender - Using open Channel [id: 0x51d84c2b, L:/127.0.0.1:51856 - R:localhost/127.0.0.1:60719] for POST '/session/77bfb41712094774c633532f3320c609/element'
20:35:25.004 [AsyncHttpClient-1-5] DEBUG org.asynchttpclient.netty.handler.HttpHandler - 

Request DefaultHttpRequest(decodeResult: success, version: HTTP/1.1)
POST /session/77bfb41712094774c633532f3320c609/element HTTP/1.1
User-Agent: selenium/4.1.2 (java windows)
Content-Length: 113
Content-Type: application/json; charset=utf-8
host: localhost:60719
accept: */*

Response DefaultHttpResponse(decodeResult: success, version: HTTP/1.1)
HTTP/1.1 200 OK
Content-Type: application/json; charset=utf-8
cache-control: no-cache
content-length: 88

20:35:25.004 [AsyncHttpClient-1-5] DEBUG org.asynchttpclient.netty.channel.ChannelManager - Adding key: http://localhost:60719 for channel [id: 0x51d84c2b, L:/127.0.0.1:51856 - R:localhost/127.0.0.1:60719]
20:35:25.005 [Forwarding clearElement on session 77bfb41712094774c633532f3320c609 to remote] DEBUG org.asynchttpclient.netty.request.NettyRequestSender - Using pooled Channel '[id: 0x51d84c2b, L:/127.0.0.1:51856 - R:localhost/127.0.0.1:60719]' for 'POST' to 'http://localhost:60719/session/77bfb41712094774c633532f3320c609/element/5ca06d2c-8a2c-4670-be0f-7e46e5cce054/clear'
20:35:25.005 [Forwarding clearElement on session 77bfb41712094774c633532f3320c609 to remote] DEBUG org.asynchttpclient.netty.request.NettyRequestSender - Using open Channel [id: 0x51d84c2b, L:/127.0.0.1:51856 - R:localhost/127.0.0.1:60719] for POST '/session/77bfb41712094774c633532f3320c609/element/5ca06d2c-8a2c-4670-be0f-7e46e5cce054/clear'
20:35:25.025 [AsyncHttpClient-1-5] DEBUG org.asynchttpclient.netty.handler.HttpHandler - 

Request DefaultHttpRequest(decodeResult: success, version: HTTP/1.1)
POST /session/77bfb41712094774c633532f3320c609/element/5ca06d2c-8a2c-4670-be0f-7e46e5cce054/clear HTTP/1.1
User-Agent: selenium/4.1.2 (java windows)
Content-Length: 50
Content-Type: application/json; charset=utf-8
host: localhost:60719
accept: */*

Response DefaultHttpResponse(decodeResult: success, version: HTTP/1.1)
HTTP/1.1 200 OK
Content-Type: application/json; charset=utf-8
cache-control: no-cache
content-length: 14

20:35:25.025 [AsyncHttpClient-1-5] DEBUG org.asynchttpclient.netty.channel.ChannelManager - Adding key: http://localhost:60719 for channel [id: 0x51d84c2b, L:/127.0.0.1:51856 - R:localhost/127.0.0.1:60719]
20:35:25.027 [Forwarding sendKeysToElement on session 77bfb41712094774c633532f3320c609 to remote] DEBUG org.asynchttpclient.netty.request.NettyRequestSender - Using pooled Channel '[id: 0x51d84c2b, L:/127.0.0.1:51856 - R:localhost/127.0.0.1:60719]' for 'POST' to 'http://localhost:60719/session/77bfb41712094774c633532f3320c609/element/5ca06d2c-8a2c-4670-be0f-7e46e5cce054/value'
20:35:25.027 [Forwarding sendKeysToElement on session 77bfb41712094774c633532f3320c609 to remote] DEBUG org.asynchttpclient.netty.request.NettyRequestSender - Using open Channel [id: 0x51d84c2b, L:/127.0.0.1:51856 - R:localhost/127.0.0.1:60719] for POST '/session/77bfb41712094774c633532f3320c609/element/5ca06d2c-8a2c-4670-be0f-7e46e5cce054/value'
20:35:25.061 [AsyncHttpClient-1-5] DEBUG org.asynchttpclient.netty.handler.HttpHandler - 

Request DefaultHttpRequest(decodeResult: success, version: HTTP/1.1)
POST /session/77bfb41712094774c633532f3320c609/element/5ca06d2c-8a2c-4670-be0f-7e46e5cce054/value HTTP/1.1
User-Agent: selenium/4.1.2 (java windows)
Content-Length: 121
Content-Type: application/json; charset=utf-8
host: localhost:60719
accept: */*

Response DefaultHttpResponse(decodeResult: success, version: HTTP/1.1)
HTTP/1.1 200 OK
Content-Type: application/json; charset=utf-8
cache-control: no-cache
content-length: 14

20:35:25.061 [AsyncHttpClient-1-5] DEBUG org.asynchttpclient.netty.channel.ChannelManager - Adding key: http://localhost:60719 for channel [id: 0x51d84c2b, L:/127.0.0.1:51856 - R:localhost/127.0.0.1:60719]
20:35:25.065 [Forwarding screenshot on session 77bfb41712094774c633532f3320c609 to remote] DEBUG org.asynchttpclient.netty.request.NettyRequestSender - Using pooled Channel '[id: 0x51d84c2b, L:/127.0.0.1:51856 - R:localhost/127.0.0.1:60719]' for 'GET' to 'http://localhost:60719/session/77bfb41712094774c633532f3320c609/screenshot'
20:35:25.066 [Forwarding screenshot on session 77bfb41712094774c633532f3320c609 to remote] DEBUG org.asynchttpclient.netty.request.NettyRequestSender - Using open Channel [id: 0x51d84c2b, L:/127.0.0.1:51856 - R:localhost/127.0.0.1:60719] for GET '/session/77bfb41712094774c633532f3320c609/screenshot'
20:35:25.245 [AsyncHttpClient-1-5] DEBUG org.asynchttpclient.netty.handler.HttpHandler - 

Request DefaultFullHttpRequest(decodeResult: success, version: HTTP/1.1, content: EmptyByteBufBE)
GET /session/77bfb41712094774c633532f3320c609/screenshot HTTP/1.1
User-Agent: selenium/4.1.2 (java windows)
Cache-Control: no-cache
Content-Type: application/json; charset=utf-8
host: localhost:60719
accept: */*

Response DefaultHttpResponse(decodeResult: success, version: HTTP/1.1)
HTTP/1.1 200 OK
Content-Type: application/json; charset=utf-8
cache-control: no-cache
content-length: 29784

20:35:25.246 [AsyncHttpClient-1-5] DEBUG org.asynchttpclient.netty.channel.ChannelManager - Adding key: http://localhost:60719 for channel [id: 0x51d84c2b, L:/127.0.0.1:51856 - R:localhost/127.0.0.1:60719]
20:35:25.249 [main] DEBUG net.serenitybdd.core.photography.Darkroom - Send negative for processing for target\site\serenity\fcf0f686a76626938f0fd5a99b173a53cf5b0a247af1ad7df5a10e9cde3c94bc.png
20:35:25.249 [main] DEBUG net.thucydides.core.steps.StepInterceptor - STEP DONE: inputPassword
  &amp#27;[32mAnd &amp#27;[0m&amp#27;[32muser input valid password&amp#27;[0m                   &amp#27;[90m# starter.definitions.LoginSteps.ValidPassword()&amp#27;[0m
20:35:25.249 [Darkroom Processing Line] DEBUG net.serenitybdd.core.photography.DarkroomProcessingLine - Processing screenshot image in /var/screenshots/screenshot-13108298691455437152
20:35:25.249 [Darkroom Processing Line] DEBUG net.serenitybdd.core.photography.DarkroomProcessingLine - Saving screenshot to target\site\serenity\fcf0f686a76626938f0fd5a99b173a53cf5b0a247af1ad7df5a10e9cde3c94bc.png
20:35:25.259 [main] DEBUG net.thucydides.core.steps.StepInterceptor - STARTING STEP: LoginSteps.LoginButton - clickloginButton
20:35:25.262 [Forwarding findElement on session 77bfb41712094774c633532f3320c609 to remote] DEBUG org.asynchttpclient.netty.request.NettyRequestSender - Using pooled Channel '[id: 0x51d84c2b, L:/127.0.0.1:51856 - R:localhost/127.0.0.1:60719]' for 'POST' to 'http://localhost:60719/session/77bfb41712094774c633532f3320c609/element'
20:35:25.262 [Forwarding findElement on session 77bfb41712094774c633532f3320c609 to remote] DEBUG org.asynchttpclient.netty.request.NettyRequestSender - Using open Channel [id: 0x51d84c2b, L:/127.0.0.1:51856 - R:localhost/127.0.0.1:60719] for POST '/session/77bfb41712094774c633532f3320c609/element'
20:35:25.266 [AsyncHttpClient-1-5] DEBUG org.asynchttpclient.netty.handler.HttpHandler - 

Request DefaultHttpRequest(decodeResult: success, version: HTTP/1.1)
POST /session/77bfb41712094774c633532f3320c609/element HTTP/1.1
User-Agent: selenium/4.1.2 (java windows)
Content-Length: 99
Content-Type: application/json; charset=utf-8
host: localhost:60719
accept: */*

Response DefaultHttpResponse(decodeResult: success, version: HTTP/1.1)
HTTP/1.1 200 OK
Content-Type: application/json; charset=utf-8
cache-control: no-cache
content-length: 88

20:35:25.266 [AsyncHttpClient-1-5] DEBUG org.asynchttpclient.netty.channel.ChannelManager - Adding key: http://localhost:60719 for channel [id: 0x51d84c2b, L:/127.0.0.1:51856 - R:localhost/127.0.0.1:60719]
20:35:25.268 [Forwarding getElementTagName on session 77bfb41712094774c633532f3320c609 to remote] DEBUG org.asynchttpclient.netty.request.NettyRequestSender - Using pooled Channel '[id: 0x51d84c2b, L:/127.0.0.1:51856 - R:localhost/127.0.0.1:60719]' for 'GET' to 'http://localhost:60719/session/77bfb41712094774c633532f3320c609/element/070e6f5a-10b1-4452-845d-7fcdd7139410/name'
20:35:25.268 [Forwarding getElementTagName on session 77bfb41712094774c633532f3320c609 to remote] DEBUG org.asynchttpclient.netty.request.NettyRequestSender - Using open Channel [id: 0x51d84c2b, L:/127.0.0.1:51856 - R:localhost/127.0.0.1:60719] for GET '/session/77bfb41712094774c633532f3320c609/element/070e6f5a-10b1-4452-845d-7fcdd7139410/name'
20:35:25.271 [AsyncHttpClient-1-5] DEBUG org.asynchttpclient.netty.handler.HttpHandler - 

Request DefaultFullHttpRequest(decodeResult: success, version: HTTP/1.1, content: EmptyByteBufBE)
GET /session/77bfb41712094774c633532f3320c609/element/070e6f5a-10b1-4452-845d-7fcdd7139410/name HTTP/1.1
User-Agent: selenium/4.1.2 (java windows)
Cache-Control: no-cache
Content-Type: application/json; charset=utf-8
host: localhost:60719
accept: */*

Response DefaultHttpResponse(decodeResult: success, version: HTTP/1.1)
HTTP/1.1 200 OK
Content-Type: application/json; charset=utf-8
cache-control: no-cache
content-length: 18

20:35:25.271 [AsyncHttpClient-1-5] DEBUG org.asynchttpclient.netty.channel.ChannelManager - Adding key: http://localhost:60719 for channel [id: 0x51d84c2b, L:/127.0.0.1:51856 - R:localhost/127.0.0.1:60719]
20:35:25.272 [Forwarding getElementTagName on session 77bfb41712094774c633532f3320c609 to remote] DEBUG org.asynchttpclient.netty.request.NettyRequestSender - Using pooled Channel '[id: 0x51d84c2b, L:/127.0.0.1:51856 - R:localhost/127.0.0.1:60719]' for 'GET' to 'http://localhost:60719/session/77bfb41712094774c633532f3320c609/element/070e6f5a-10b1-4452-845d-7fcdd7139410/name'
20:35:25.272 [Forwarding getElementTagName on session 77bfb41712094774c633532f3320c609 to remote] DEBUG org.asynchttpclient.netty.request.NettyRequestSender - Using open Channel [id: 0x51d84c2b, L:/127.0.0.1:51856 - R:localhost/127.0.0.1:60719] for GET '/session/77bfb41712094774c633532f3320c609/element/070e6f5a-10b1-4452-845d-7fcdd7139410/name'
20:35:25.274 [AsyncHttpClient-1-5] DEBUG org.asynchttpclient.netty.handler.HttpHandler - 

Request DefaultFullHttpRequest(decodeResult: success, version: HTTP/1.1, content: EmptyByteBufBE)
GET /session/77bfb41712094774c633532f3320c609/element/070e6f5a-10b1-4452-845d-7fcdd7139410/name HTTP/1.1
User-Agent: selenium/4.1.2 (java windows)
Cache-Control: no-cache
Content-Type: application/json; charset=utf-8
host: localhost:60719
accept: */*

Response DefaultHttpResponse(decodeResult: success, version: HTTP/1.1)
HTTP/1.1 200 OK
Content-Type: application/json; charset=utf-8
cache-control: no-cache
content-length: 18

20:35:25.274 [AsyncHttpClient-1-5] DEBUG org.asynchttpclient.netty.channel.ChannelManager - Adding key: http://localhost:60719 for channel [id: 0x51d84c2b, L:/127.0.0.1:51856 - R:localhost/127.0.0.1:60719]
20:35:25.276 [Forwarding isElementEnabled on session 77bfb41712094774c633532f3320c609 to remote] DEBUG org.asynchttpclient.netty.request.NettyRequestSender - Using pooled Channel '[id: 0x51d84c2b, L:/127.0.0.1:51856 - R:localhost/127.0.0.1:60719]' for 'GET' to 'http://localhost:60719/session/77bfb41712094774c633532f3320c609/element/070e6f5a-10b1-4452-845d-7fcdd7139410/enabled'
20:35:25.276 [Forwarding isElementEnabled on session 77bfb41712094774c633532f3320c609 to remote] DEBUG org.asynchttpclient.netty.request.NettyRequestSender - Using open Channel [id: 0x51d84c2b, L:/127.0.0.1:51856 - R:localhost/127.0.0.1:60719] for GET '/session/77bfb41712094774c633532f3320c609/element/070e6f5a-10b1-4452-845d-7fcdd7139410/enabled'
20:35:25.282 [AsyncHttpClient-1-5] DEBUG org.asynchttpclient.netty.handler.HttpHandler - 

Request DefaultFullHttpRequest(decodeResult: success, version: HTTP/1.1, content: EmptyByteBufBE)
GET /session/77bfb41712094774c633532f3320c609/element/070e6f5a-10b1-4452-845d-7fcdd7139410/enabled HTTP/1.1
User-Agent: selenium/4.1.2 (java windows)
Cache-Control: no-cache
Content-Type: application/json; charset=utf-8
host: localhost:60719
accept: */*

Response DefaultHttpResponse(decodeResult: success, version: HTTP/1.1)
HTTP/1.1 200 OK
Content-Type: application/json; charset=utf-8
cache-control: no-cache
content-length: 14

20:35:25.282 [AsyncHttpClient-1-5] DEBUG org.asynchttpclient.netty.channel.ChannelManager - Adding key: http://localhost:60719 for channel [id: 0x51d84c2b, L:/127.0.0.1:51856 - R:localhost/127.0.0.1:60719]
20:35:25.284 [Forwarding isElementEnabled on session 77bfb41712094774c633532f3320c609 to remote] DEBUG org.asynchttpclient.netty.request.NettyRequestSender - Using pooled Channel '[id: 0x51d84c2b, L:/127.0.0.1:51856 - R:localhost/127.0.0.1:60719]' for 'GET' to 'http://localhost:60719/session/77bfb41712094774c633532f3320c609/element/070e6f5a-10b1-4452-845d-7fcdd7139410/enabled'
20:35:25.284 [Forwarding isElementEnabled on session 77bfb41712094774c633532f3320c609 to remote] DEBUG org.asynchttpclient.netty.request.NettyRequestSender - Using open Channel [id: 0x51d84c2b, L:/127.0.0.1:51856 - R:localhost/127.0.0.1:60719] for GET '/session/77bfb41712094774c633532f3320c609/element/070e6f5a-10b1-4452-845d-7fcdd7139410/enabled'
20:35:25.288 [AsyncHttpClient-1-5] DEBUG org.asynchttpclient.netty.handler.HttpHandler - 

Request DefaultFullHttpRequest(decodeResult: success, version: HTTP/1.1, content: EmptyByteBufBE)
GET /session/77bfb41712094774c633532f3320c609/element/070e6f5a-10b1-4452-845d-7fcdd7139410/enabled HTTP/1.1
User-Agent: selenium/4.1.2 (java windows)
Cache-Control: no-cache
Content-Type: application/json; charset=utf-8
host: localhost:60719
accept: */*

Response DefaultHttpResponse(decodeResult: success, version: HTTP/1.1)
HTTP/1.1 200 OK
Content-Type: application/json; charset=utf-8
cache-control: no-cache
content-length: 14

20:35:25.289 [AsyncHttpClient-1-5] DEBUG org.asynchttpclient.netty.channel.ChannelManager - Adding key: http://localhost:60719 for channel [id: 0x51d84c2b, L:/127.0.0.1:51856 - R:localhost/127.0.0.1:60719]
20:35:25.292 [Forwarding findElement on session 77bfb41712094774c633532f3320c609 to remote] DEBUG org.asynchttpclient.netty.request.NettyRequestSender - Using pooled Channel '[id: 0x51d84c2b, L:/127.0.0.1:51856 - R:localhost/127.0.0.1:60719]' for 'POST' to 'http://localhost:60719/session/77bfb41712094774c633532f3320c609/element'
20:35:25.292 [Forwarding findElement on session 77bfb41712094774c633532f3320c609 to remote] DEBUG org.asynchttpclient.netty.request.NettyRequestSender - Using open Channel [id: 0x51d84c2b, L:/127.0.0.1:51856 - R:localhost/127.0.0.1:60719] for POST '/session/77bfb41712094774c633532f3320c609/element'
20:35:25.297 [AsyncHttpClient-1-5] DEBUG org.asynchttpclient.netty.handler.HttpHandler - 

Request DefaultHttpRequest(decodeResult: success, version: HTTP/1.1)
POST /session/77bfb41712094774c633532f3320c609/element HTTP/1.1
User-Agent: selenium/4.1.2 (java windows)
Content-Length: 99
Content-Type: application/json; charset=utf-8
host: localhost:60719
accept: */*

Response DefaultHttpResponse(decodeResult: success, version: HTTP/1.1)
HTTP/1.1 200 OK
Content-Type: application/json; charset=utf-8
cache-control: no-cache
content-length: 88

20:35:25.297 [AsyncHttpClient-1-5] DEBUG org.asynchttpclient.netty.channel.ChannelManager - Adding key: http://localhost:60719 for channel [id: 0x51d84c2b, L:/127.0.0.1:51856 - R:localhost/127.0.0.1:60719]
20:35:25.298 [Forwarding clickElement on session 77bfb41712094774c633532f3320c609 to remote] DEBUG org.asynchttpclient.netty.request.NettyRequestSender - Using pooled Channel '[id: 0x51d84c2b, L:/127.0.0.1:51856 - R:localhost/127.0.0.1:60719]' for 'POST' to 'http://localhost:60719/session/77bfb41712094774c633532f3320c609/element/070e6f5a-10b1-4452-845d-7fcdd7139410/click'
20:35:25.298 [Forwarding clickElement on session 77bfb41712094774c633532f3320c609 to remote] DEBUG org.asynchttpclient.netty.request.NettyRequestSender - Using open Channel [id: 0x51d84c2b, L:/127.0.0.1:51856 - R:localhost/127.0.0.1:60719] for POST '/session/77bfb41712094774c633532f3320c609/element/070e6f5a-10b1-4452-845d-7fcdd7139410/click'
20:35:25.323 [AsyncHttpClient-1-5] DEBUG org.asynchttpclient.netty.handler.HttpHandler - 

Request DefaultHttpRequest(decodeResult: success, version: HTTP/1.1)
POST /session/77bfb41712094774c633532f3320c609/element/070e6f5a-10b1-4452-845d-7fcdd7139410/click HTTP/1.1
User-Agent: selenium/4.1.2 (java windows)
Content-Length: 50
Content-Type: application/json; charset=utf-8
host: localhost:60719
accept: */*

Response DefaultHttpResponse(decodeResult: success, version: HTTP/1.1)
HTTP/1.1 200 OK
Content-Type: application/json; charset=utf-8
cache-control: no-cache
content-length: 14

20:35:25.324 [AsyncHttpClient-1-5] DEBUG org.asynchttpclient.netty.channel.ChannelManager - Adding key: http://localhost:60719 for channel [id: 0x51d84c2b, L:/127.0.0.1:51856 - R:localhost/127.0.0.1:60719]
20:35:25.332 [Forwarding screenshot on session 77bfb41712094774c633532f3320c609 to remote] DEBUG org.asynchttpclient.netty.request.NettyRequestSender - Using pooled Channel '[id: 0x51d84c2b, L:/127.0.0.1:51856 - R:localhost/127.0.0.1:60719]' for 'GET' to 'http://localhost:60719/session/77bfb41712094774c633532f3320c609/screenshot'
20:35:25.333 [Forwarding screenshot on session 77bfb41712094774c633532f3320c609 to remote] DEBUG org.asynchttpclient.netty.request.NettyRequestSender - Using open Channel [id: 0x51d84c2b, L:/127.0.0.1:51856 - R:localhost/127.0.0.1:60719] for GET '/session/77bfb41712094774c633532f3320c609/screenshot'
20:35:25.911 [AsyncHttpClient-1-1] DEBUG org.asynchttpclient.netty.channel.DefaultChannelPool - Entry count for : http://localhost:51857 : 1
20:35:26.001 [AsyncHttpClient-1-5] DEBUG org.asynchttpclient.netty.handler.HttpHandler - 

Request DefaultFullHttpRequest(decodeResult: success, version: HTTP/1.1, content: EmptyByteBufBE)
GET /session/77bfb41712094774c633532f3320c609/screenshot HTTP/1.1
User-Agent: selenium/4.1.2 (java windows)
Cache-Control: no-cache
Content-Type: application/json; charset=utf-8
host: localhost:60719
accept: */*

Response DefaultHttpResponse(decodeResult: success, version: HTTP/1.1)
HTTP/1.1 200 OK
Content-Type: application/json; charset=utf-8
cache-control: no-cache
content-length: 23856

20:35:26.001 [AsyncHttpClient-1-5] DEBUG org.asynchttpclient.netty.channel.ChannelManager - Adding key: http://localhost:60719 for channel [id: 0x51d84c2b, L:/127.0.0.1:51856 - R:localhost/127.0.0.1:60719]
20:35:26.003 [main] DEBUG net.serenitybdd.core.photography.Darkroom - Send negative for processing for target\site\serenity\a5359eb86fb5bcd30ad733a4dcc0dc17d2d5f48de9dda25a025388ad830e967c.png
20:35:26.003 [main] DEBUG net.thucydides.core.steps.StepInterceptor - STEP DONE: clickloginButton
  &amp#27;[32mAnd &amp#27;[0m&amp#27;[32mclick login button&amp#27;[0m                          &amp#27;[90m# starter.definitions.LoginSteps.LoginButton()&amp#27;[0m
20:35:26.003 [Darkroom Processing Line] DEBUG net.serenitybdd.core.photography.DarkroomProcessingLine - Processing screenshot image in /var/screenshots/screenshot-1975885714700802218
20:35:26.003 [Darkroom Processing Line] DEBUG net.serenitybdd.core.photography.DarkroomProcessingLine - Saving screenshot to target\site\serenity\a5359eb86fb5bcd30ad733a4dcc0dc17d2d5f48de9dda25a025388ad830e967c.png
  &amp#27;[32mThen &amp#27;[0m&amp#27;[32mI am on the home pages&amp#27;[0m                     &amp#27;[90m# starter.definitions.LoginSteps.iAmOnTheHomePages()&amp#27;[0m
20:35:26.015 [main] INFO  - 
  _____   ___   ___   _____     ___     _     ___   ___   ___   ___  
 |_   _| | __| / __| |_   _|   | _ \   /_\   / __| / __| | __| |   \ 
   | |   | _|  \__ \   | |     |  _/  / _ \  \__ \ \__ \ | _|  | |) |
   |_|   |___| |___/   |_|     |_|   /_/ \_\ |___/ |___/ |___| |___/ 

As a user, i able to login successfully
----------------------------------------------------------------------
20:35:26.016 [AsyncHttpClient-1-7] DEBUG org.asynchttpclient.netty.handler.WebSocketHandler - Channel Closed: [id: 0x17270573, L:/127.0.0.1:51864 ! R:localhost/127.0.0.1:51857] with attribute NettyResponseFuture{currentRetry=5,
	isDone=1,
	isCancelled=0,
	asyncHandler=org.asynchttpclient.ws.WebSocketUpgradeHandler@6c12760c,
	nettyRequest=org.asynchttpclient.netty.request.NettyRequest@2910f5ea,
	future=java.util.concurrent.CompletableFuture@1fa70c49[Completed normally],
	uri=ws://localhost:51857/devtools/browser/a8697312-fd1f-47dd-8111-f302a1487962,
	keepAlive=true,
	redirectCount=0,
	timeoutsHolder=null,
	inAuth=0,
	touch=1652790922692}
20:35:26.016 [AsyncHttpClient-1-7] DEBUG org.asynchttpclient.netty.channel.ChannelManager - Closing Channel [id: 0x17270573, L:/127.0.0.1:51864 ! R:localhost/127.0.0.1:51857] 
20:35:26.016 [Driver Command Executor] DEBUG org.asynchttpclient.netty.request.NettyRequestSender - Using pooled Channel '[id: 0x51d84c2b, L:/127.0.0.1:51856 - R:localhost/127.0.0.1:60719]' for 'DELETE' to 'http://localhost:60719/session/77bfb41712094774c633532f3320c609'
20:35:26.016 [Driver Command Executor] DEBUG org.asynchttpclient.netty.request.NettyRequestSender - Using open Channel [id: 0x51d84c2b, L:/127.0.0.1:51856 - R:localhost/127.0.0.1:60719] for DELETE '/session/77bfb41712094774c633532f3320c609'
20:35:26.033 [AsyncHttpClient-1-6] DEBUG org.asynchttpclient.netty.handler.HttpHandler - Unexpected I/O exception on channel [id: 0xe622e538, L:/127.0.0.1:51863 - R:localhost/127.0.0.1:51857]
java.net.SocketException: Connection reset
	at java.base/sun.nio.ch.SocketChannelImpl.throwConnectionReset(SocketChannelImpl.java:394)
	at java.base/sun.nio.ch.SocketChannelImpl.read(SocketChannelImpl.java:426)
	at io.netty.buffer.PooledByteBuf.setBytes(PooledByteBuf.java:258)
	at io.netty.buffer.AbstractByteBuf.writeBytes(AbstractByteBuf.java:1132)
	at io.netty.channel.socket.nio.NioSocketChannel.doReadBytes(NioSocketChannel.java:350)
	at io.netty.channel.nio.AbstractNioByteChannel$NioByteUnsafe.read(AbstractNioByteChannel.java:151)
	at io.netty.channel.nio.NioEventLoop.processSelectedKey(NioEventLoop.java:722)
	at io.netty.channel.nio.NioEventLoop.processSelectedKeysOptimized(NioEventLoop.java:658)
	at io.netty.channel.nio.NioEventLoop.processSelectedKeys(NioEventLoop.java:584)
	at io.netty.channel.nio.NioEventLoop.run(NioEventLoop.java:496)
	at io.netty.util.concurrent.SingleThreadEventExecutor$4.run(SingleThreadEventExecutor.java:986)
	at io.netty.util.internal.ThreadExecutorMap$2.run(ThreadExecutorMap.java:74)
	at io.netty.util.concurrent.FastThreadLocalRunnable.run(FastThreadLocalRunnable.java:30)
	at java.base/java.lang.Thread.run(Thread.java:833)
20:35:26.033 [AsyncHttpClient-1-6] DEBUG org.asynchttpclient.netty.channel.ChannelManager - Closing Channel [id: 0xe622e538, L:/127.0.0.1:51863 - R:localhost/127.0.0.1:51857] 
20:35:26.033 [AsyncHttpClient-1-6] DEBUG org.asynchttpclient.netty.handler.HttpHandler - Channel Closed: [id: 0xe622e538, L:/127.0.0.1:51863 ! R:localhost/127.0.0.1:51857] with attribute DISCARD
20:35:26.043 [AsyncHttpClient-1-5] DEBUG org.asynchttpclient.netty.handler.HttpHandler - 

Request DefaultFullHttpRequest(decodeResult: success, version: HTTP/1.1, content: EmptyByteBufBE)
DELETE /session/77bfb41712094774c633532f3320c609 HTTP/1.1
User-Agent: selenium/4.1.2 (java windows)
Content-Type: application/json; charset=utf-8
host: localhost:60719
accept: */*

Response DefaultHttpResponse(decodeResult: success, version: HTTP/1.1)
HTTP/1.1 200 OK
Content-Type: application/json; charset=utf-8
cache-control: no-cache
content-length: 14

20:35:26.044 [AsyncHttpClient-1-5] DEBUG org.asynchttpclient.netty.channel.ChannelManager - Adding key: http://localhost:60719 for channel [id: 0x51d84c2b, L:/127.0.0.1:51856 - R:localhost/127.0.0.1:60719]
20:35:26.115 [AsyncHttpClient-1-5] DEBUG org.asynchttpclient.netty.handler.HttpHandler - Channel Closed: [id: 0x51d84c2b, L:/127.0.0.1:51856 ! R:localhost/127.0.0.1:60719] with attribute DISCARD
]]></system-out>
    <system-err><![CDATA[Starting ChromeDriver 101.0.4951.41 (93c720db8323b3ec10d056025ab95c23a31997c9-refs/branch-heads/4951@{#904}) on port 60719
Only local connections are allowed.
Please see https://chromedriver.chromium.org/security-considerations for suggestions on keeping ChromeDriver safe.
ChromeDriver was started successfully.
May 17, 2022 8:35:22 PM org.openqa.selenium.remote.ProtocolHandshake createSession
INFO: Detected dialect: W3C
May 17, 2022 8:35:22 PM org.openqa.selenium.devtools.CdpVersionFinder findNearestMatch
WARNING: Unable to find an exact match for CDP version 101, so returning the closest version found: 97
May 17, 2022 8:35:22 PM org.openqa.selenium.devtools.CdpVersionFinder findNearestMatch
INFO: Found CDP implementation for version 101 of 97
]]></system-err>
  </testcase>
  <testcase name="order tensi darah elektrik" classname="As user I want to order “tensi darah elektrik”" time="3.891">
    <system-out><![CDATA[20:35:26.134 [main] INFO io.cucumber.core.plugin.SerenityReporter - Running feature from file:///D:/alta%20folder/final%20project/web%20testing/src/test/resources/features/Order.feature
20:35:26.136 [main] DEBUG net.thucydides.core.steps.StepEventBus - Test suite started for story net.thucydides.core.model.Story@3c90562e
20:35:26.136 [main] INFO  - Test Suite Started: As user I want to order “tensi darah elektrik”

Scenario: order tensi darah elektrik             &amp#27;[90m# src/test/resources/features/Order.feature:3&amp#27;[0m
20:35:26.142 [main] INFO io.cucumber.core.plugin.SerenityReporter - Running feature from file:///D:/alta%20folder/final%20project/web%20testing/src/test/resources/features/Order.feature
20:35:26.143 [main] INFO  - 
  _____   ___   ___   _____     ___   _____     _     ___   _____   ___   ___  
 |_   _| | __| / __| |_   _|   / __| |_   _|   /_\   | _ \ |_   _| | __| |   \ 
   | |   | _|  \__ \   | |     \__ \   | |    / _ \  |   /   | |   | _|  | |) |
   |_|   |___| |___/   |_|     |___/   |_|   /_/ \_\ |_|_\   |_|   |___| |___/ 

order tensi darah elektrik(as-user-i-want-to-order-“tensi-darah-elektrik”;order-tensi-darah-elektrik)
--------------------------------------------------------------------------------
20:35:26.209 [main] DEBUG net.thucydides.core.steps.StepInterceptor - STARTING STEP: OrderSteps.useronhomepage - openPage
20:35:26.210 [main] INFO net.serenitybdd.core.webdriver.driverproviders.ChromeDriverProvider - Using automatically driver download
20:35:26.294 [main] DEBUG io.github.bonigarcia.wdm.cache.ResolutionCache - Resolution chrome=101 in cache (valid until 20:49:03 17/05/2022 WITA)
20:35:26.296 [main] DEBUG io.github.bonigarcia.wdm.cache.ResolutionCache - Resolution chrome101=101.0.4951.41 in cache (valid until 14:03:56 18/05/2022 WITA)
20:35:26.297 [main] INFO io.github.bonigarcia.wdm.WebDriverManager - Using chromedriver 101.0.4951.41 (resolved driver for Chrome 101)
20:35:26.304 [main] DEBUG io.github.bonigarcia.wdm.WebDriverManager - Driver chromedriver 101.0.4951.41 found in cache
20:35:26.305 [main] INFO io.github.bonigarcia.wdm.WebDriverManager - Exporting webdriver.chrome.driver as C:\Users\Rev\.cache\selenium\chromedriver\win32\101.0.4951.41\chromedriver.exe
20:35:26.386 [main] DEBUG net.serenitybdd.core.webdriver.driverproviders.ProvideNewDriver - Instantiating driver
20:35:26.386 [main] DEBUG net.serenitybdd.core.webdriver.driverproviders.ProvideNewDriver - Driver capabilities: Capabilities {acceptInsecureCerts: false, base.url: https://qa.alta.id, browserName: chrome, chrome.driver: webdriver/chromedriver.exe, driver: chrome, goog:chromeOptions: {args: [], extensions: []}}
20:35:26.584 [AsyncHttpClient-1-8] DEBUG org.asynchttpclient.netty.channel.NettyConnectListener - Using new Channel '[id: 0xa0ea9702, L:/127.0.0.1:51895 - R:localhost/127.0.0.1:57402]' for 'POST' to '/session'
20:35:27.011 [AsyncHttpClient-1-1] DEBUG org.asynchttpclient.netty.channel.DefaultChannelPool - Entry count for : http://localhost:60719 : 1
20:35:27.011 [AsyncHttpClient-1-1] DEBUG org.asynchttpclient.netty.channel.DefaultChannelPool - Entry count for : http://localhost:51857 : 1
20:35:27.011 [AsyncHttpClient-1-1] DEBUG org.asynchttpclient.netty.channel.DefaultChannelPool - Adding Candidate expired Channel [id: 0x51d84c2b, L:/127.0.0.1:51856 ! R:localhost/127.0.0.1:60719] isIdleTimeoutExpired=false isRemotelyClosed=true isTtlExpired=false
20:35:27.011 [AsyncHttpClient-1-1] DEBUG org.asynchttpclient.netty.channel.DefaultChannelPool - Closing Idle Channel [id: 0x51d84c2b, L:/127.0.0.1:51856 ! R:localhost/127.0.0.1:60719]
20:35:27.011 [AsyncHttpClient-1-1] DEBUG org.asynchttpclient.netty.channel.DefaultChannelPool - Adding Candidate expired Channel [id: 0xe622e538, L:/127.0.0.1:51863 ! R:localhost/127.0.0.1:51857] isIdleTimeoutExpired=false isRemotelyClosed=true isTtlExpired=false
20:35:27.011 [AsyncHttpClient-1-1] DEBUG org.asynchttpclient.netty.channel.DefaultChannelPool - Closing Idle Channel [id: 0xe622e538, L:/127.0.0.1:51863 ! R:localhost/127.0.0.1:51857]
20:35:27.011 [AsyncHttpClient-1-1] DEBUG org.asynchttpclient.netty.channel.DefaultChannelPool - Closed 2 connections out of 2 in 0 ms
20:35:27.138 [AsyncHttpClient-1-8] DEBUG org.asynchttpclient.netty.handler.HttpHandler - 

Request DefaultHttpRequest(decodeResult: success, version: HTTP/1.1)
POST /session HTTP/1.1
User-Agent: selenium/4.1.2 (java windows)
Content-Length: 565
Content-Type: application/json; charset=utf-8
host: localhost:57402
accept: */*

Response DefaultHttpResponse(decodeResult: success, version: HTTP/1.1)
HTTP/1.1 200 OK
Content-Type: application/json; charset=utf-8
cache-control: no-cache
content-length: 787

20:35:27.138 [AsyncHttpClient-1-8] DEBUG org.asynchttpclient.netty.channel.ChannelManager - Adding key: http://localhost:57402 for channel [id: 0xa0ea9702, L:/127.0.0.1:51895 - R:localhost/127.0.0.1:57402]
20:35:27.142 [AsyncHttpClient-1-9] DEBUG org.asynchttpclient.netty.channel.NettyConnectListener - Using new Channel '[id: 0xbd350fdc, L:/127.0.0.1:51903 - R:localhost/127.0.0.1:51896]' for 'GET' to '/json/version'
20:35:27.146 [AsyncHttpClient-1-9] DEBUG org.asynchttpclient.netty.handler.HttpHandler - 

Request DefaultFullHttpRequest(decodeResult: success, version: HTTP/1.1, content: EmptyByteBufBE)
GET /json/version HTTP/1.1
User-Agent: selenium/4.1.2 (java windows)
host: localhost:51896
accept: */*

Response DefaultHttpResponse(decodeResult: success, version: HTTP/1.1)
HTTP/1.1 200 OK
Content-Type: application/json; charset=UTF-8
content-length: 427

20:35:27.146 [AsyncHttpClient-1-9] DEBUG org.asynchttpclient.netty.channel.ChannelManager - Adding key: http://localhost:51896 for channel [id: 0xbd350fdc, L:/127.0.0.1:51903 - R:localhost/127.0.0.1:51896]
20:35:27.148 [AsyncHttpClient-1-10] DEBUG org.asynchttpclient.netty.channel.NettyConnectListener - Using new Channel '[id: 0x77c14ddb, L:/127.0.0.1:51905 - R:localhost/127.0.0.1:51896]' for 'GET' to '/devtools/browser/488811c1-ea25-4fff-82c7-2b7943693373'
20:35:27.151 [AsyncHttpClient-1-10] DEBUG org.asynchttpclient.netty.handler.WebSocketHandler - 

Request DefaultFullHttpRequest(decodeResult: success, version: HTTP/1.1, content: EmptyByteBufBE)
GET /devtools/browser/488811c1-ea25-4fff-82c7-2b7943693373 HTTP/1.1
upgrade: websocket
connection: upgrade
sec-websocket-key: c48t5Tt+jMOIi9HHuPNXNA==
sec-websocket-version: 13
origin: http://localhost:51896
host: localhost:51896
accept: */*
user-agent: AHC/2.1

Response DefaultHttpResponse(decodeResult: success, version: HTTP/1.1)
HTTP/1.1 101 WebSocket Protocol Handshake
Upgrade: WebSocket
Connection: Upgrade
Sec-WebSocket-Accept: 0/dtNpSG9uN/jLmef3/B+lIdxmc=

20:35:27.154 [Forwarding get on session 05cc2a1fa7206fdd379ddb87320564a9 to remote] DEBUG org.asynchttpclient.netty.request.NettyRequestSender - Using pooled Channel '[id: 0xa0ea9702, L:/127.0.0.1:51895 - R:localhost/127.0.0.1:57402]' for 'POST' to 'http://localhost:57402/session/05cc2a1fa7206fdd379ddb87320564a9/url'
20:35:27.154 [Forwarding get on session 05cc2a1fa7206fdd379ddb87320564a9 to remote] DEBUG org.asynchttpclient.netty.request.NettyRequestSender - Using open Channel [id: 0xa0ea9702, L:/127.0.0.1:51895 - R:localhost/127.0.0.1:57402] for POST '/session/05cc2a1fa7206fdd379ddb87320564a9/url'
20:35:27.742 [AsyncHttpClient-1-8] DEBUG org.asynchttpclient.netty.handler.HttpHandler - 

Request DefaultHttpRequest(decodeResult: success, version: HTTP/1.1)
POST /session/05cc2a1fa7206fdd379ddb87320564a9/url HTTP/1.1
User-Agent: selenium/4.1.2 (java windows)
Content-Length: 43
Content-Type: application/json; charset=utf-8
host: localhost:57402
accept: */*

Response DefaultHttpResponse(decodeResult: success, version: HTTP/1.1)
HTTP/1.1 200 OK
Content-Type: application/json; charset=utf-8
cache-control: no-cache
content-length: 14

20:35:27.742 [AsyncHttpClient-1-8] DEBUG org.asynchttpclient.netty.channel.ChannelManager - Adding key: http://localhost:57402 for channel [id: 0xa0ea9702, L:/127.0.0.1:51895 - R:localhost/127.0.0.1:57402]
20:35:27.744 [Forwarding setTimeout on session 05cc2a1fa7206fdd379ddb87320564a9 to remote] DEBUG org.asynchttpclient.netty.request.NettyRequestSender - Using pooled Channel '[id: 0xa0ea9702, L:/127.0.0.1:51895 - R:localhost/127.0.0.1:57402]' for 'POST' to 'http://localhost:57402/session/05cc2a1fa7206fdd379ddb87320564a9/timeouts'
20:35:27.744 [Forwarding setTimeout on session 05cc2a1fa7206fdd379ddb87320564a9 to remote] DEBUG org.asynchttpclient.netty.request.NettyRequestSender - Using open Channel [id: 0xa0ea9702, L:/127.0.0.1:51895 - R:localhost/127.0.0.1:57402] for POST '/session/05cc2a1fa7206fdd379ddb87320564a9/timeouts'
20:35:27.744 [AsyncHttpClient-1-8] DEBUG org.asynchttpclient.netty.handler.HttpHandler - 

Request DefaultHttpRequest(decodeResult: success, version: HTTP/1.1)
POST /session/05cc2a1fa7206fdd379ddb87320564a9/timeouts HTTP/1.1
User-Agent: selenium/4.1.2 (java windows)
Content-Length: 22
Content-Type: application/json; charset=utf-8
host: localhost:57402
accept: */*

Response DefaultHttpResponse(decodeResult: success, version: HTTP/1.1)
HTTP/1.1 200 OK
Content-Type: application/json; charset=utf-8
cache-control: no-cache
content-length: 14

20:35:27.745 [AsyncHttpClient-1-8] DEBUG org.asynchttpclient.netty.channel.ChannelManager - Adding key: http://localhost:57402 for channel [id: 0xa0ea9702, L:/127.0.0.1:51895 - R:localhost/127.0.0.1:57402]
20:35:27.747 [Forwarding getCurrentUrl on session 05cc2a1fa7206fdd379ddb87320564a9 to remote] DEBUG org.asynchttpclient.netty.request.NettyRequestSender - Using pooled Channel '[id: 0xa0ea9702, L:/127.0.0.1:51895 - R:localhost/127.0.0.1:57402]' for 'GET' to 'http://localhost:57402/session/05cc2a1fa7206fdd379ddb87320564a9/url'
20:35:27.747 [Forwarding getCurrentUrl on session 05cc2a1fa7206fdd379ddb87320564a9 to remote] DEBUG org.asynchttpclient.netty.request.NettyRequestSender - Using open Channel [id: 0xa0ea9702, L:/127.0.0.1:51895 - R:localhost/127.0.0.1:57402] for GET '/session/05cc2a1fa7206fdd379ddb87320564a9/url'
20:35:27.749 [AsyncHttpClient-1-8] DEBUG org.asynchttpclient.netty.handler.HttpHandler - 

Request DefaultFullHttpRequest(decodeResult: success, version: HTTP/1.1, content: EmptyByteBufBE)
GET /session/05cc2a1fa7206fdd379ddb87320564a9/url HTTP/1.1
User-Agent: selenium/4.1.2 (java windows)
Cache-Control: no-cache
Content-Type: application/json; charset=utf-8
host: localhost:57402
accept: */*

Response DefaultHttpResponse(decodeResult: success, version: HTTP/1.1)
HTTP/1.1 200 OK
Content-Type: application/json; charset=utf-8
cache-control: no-cache
content-length: 31

20:35:27.750 [AsyncHttpClient-1-8] DEBUG org.asynchttpclient.netty.channel.ChannelManager - Adding key: http://localhost:57402 for channel [id: 0xa0ea9702, L:/127.0.0.1:51895 - R:localhost/127.0.0.1:57402]
20:35:27.752 [Forwarding getCurrentUrl on session 05cc2a1fa7206fdd379ddb87320564a9 to remote] DEBUG org.asynchttpclient.netty.request.NettyRequestSender - Using pooled Channel '[id: 0xa0ea9702, L:/127.0.0.1:51895 - R:localhost/127.0.0.1:57402]' for 'GET' to 'http://localhost:57402/session/05cc2a1fa7206fdd379ddb87320564a9/url'
20:35:27.752 [Forwarding getCurrentUrl on session 05cc2a1fa7206fdd379ddb87320564a9 to remote] DEBUG org.asynchttpclient.netty.request.NettyRequestSender - Using open Channel [id: 0xa0ea9702, L:/127.0.0.1:51895 - R:localhost/127.0.0.1:57402] for GET '/session/05cc2a1fa7206fdd379ddb87320564a9/url'
20:35:27.754 [AsyncHttpClient-1-8] DEBUG org.asynchttpclient.netty.handler.HttpHandler - 

Request DefaultFullHttpRequest(decodeResult: success, version: HTTP/1.1, content: EmptyByteBufBE)
GET /session/05cc2a1fa7206fdd379ddb87320564a9/url HTTP/1.1
User-Agent: selenium/4.1.2 (java windows)
Cache-Control: no-cache
Content-Type: application/json; charset=utf-8
host: localhost:57402
accept: */*

Response DefaultHttpResponse(decodeResult: success, version: HTTP/1.1)
HTTP/1.1 200 OK
Content-Type: application/json; charset=utf-8
cache-control: no-cache
content-length: 31

20:35:27.754 [AsyncHttpClient-1-8] DEBUG org.asynchttpclient.netty.channel.ChannelManager - Adding key: http://localhost:57402 for channel [id: 0xa0ea9702, L:/127.0.0.1:51895 - R:localhost/127.0.0.1:57402]
20:35:27.758 [main] DEBUG net.serenitybdd.core.photography.Darkroom - Opening darkroom
20:35:27.759 [Darkroom Processing Line] DEBUG net.serenitybdd.core.photography.DarkroomProcessingLine - Darkroom processing line starting up
20:35:27.759 [Forwarding screenshot on session 05cc2a1fa7206fdd379ddb87320564a9 to remote] DEBUG org.asynchttpclient.netty.request.NettyRequestSender - Using pooled Channel '[id: 0xa0ea9702, L:/127.0.0.1:51895 - R:localhost/127.0.0.1:57402]' for 'GET' to 'http://localhost:57402/session/05cc2a1fa7206fdd379ddb87320564a9/screenshot'
20:35:27.759 [Forwarding screenshot on session 05cc2a1fa7206fdd379ddb87320564a9 to remote] DEBUG org.asynchttpclient.netty.request.NettyRequestSender - Using open Channel [id: 0xa0ea9702, L:/127.0.0.1:51895 - R:localhost/127.0.0.1:57402] for GET '/session/05cc2a1fa7206fdd379ddb87320564a9/screenshot'
20:35:28.109 [AsyncHttpClient-1-1] DEBUG org.asynchttpclient.netty.channel.DefaultChannelPool - Entry count for : http://localhost:51896 : 1
20:35:28.867 [AsyncHttpClient-1-8] DEBUG org.asynchttpclient.netty.handler.HttpHandler - 

Request DefaultFullHttpRequest(decodeResult: success, version: HTTP/1.1, content: EmptyByteBufBE)
GET /session/05cc2a1fa7206fdd379ddb87320564a9/screenshot HTTP/1.1
User-Agent: selenium/4.1.2 (java windows)
Cache-Control: no-cache
Content-Type: application/json; charset=utf-8
host: localhost:57402
accept: */*

Response DefaultHttpResponse(decodeResult: success, version: HTTP/1.1)
HTTP/1.1 200 OK
Content-Type: application/json; charset=utf-8
cache-control: no-cache
content-length: 36732

20:35:28.868 [AsyncHttpClient-1-8] DEBUG org.asynchttpclient.netty.channel.ChannelManager - Adding key: http://localhost:57402 for channel [id: 0xa0ea9702, L:/127.0.0.1:51895 - R:localhost/127.0.0.1:57402]
20:35:28.870 [main] DEBUG net.serenitybdd.core.photography.Darkroom - Send negative for processing for target\site\serenity\c8b4460407e1d17c753974ec69dcd6a40b4e8d49d74d72b3ac3e10d0a3e6df3d.png
20:35:28.870 [main] DEBUG net.thucydides.core.steps.StepInterceptor - STEP DONE: openPage
20:35:28.871 [Darkroom Processing Line] DEBUG net.serenitybdd.core.photography.DarkroomProcessingLine - Processing screenshot image in /var/screenshots/screenshot-14334112090634350338
20:35:28.872 [Darkroom Processing Line] DEBUG net.serenitybdd.core.photography.DarkroomProcessingLine - Saving screenshot to target\site\serenity\c8b4460407e1d17c753974ec69dcd6a40b4e8d49d74d72b3ac3e10d0a3e6df3d.png
20:35:28.875 [main] DEBUG net.thucydides.core.steps.StepInterceptor - STARTING STEP: OrderSteps.useronhomepage - homepage
20:35:28.876 [Forwarding findElement on session 05cc2a1fa7206fdd379ddb87320564a9 to remote] DEBUG org.asynchttpclient.netty.request.NettyRequestSender - Using pooled Channel '[id: 0xa0ea9702, L:/127.0.0.1:51895 - R:localhost/127.0.0.1:57402]' for 'POST' to 'http://localhost:57402/session/05cc2a1fa7206fdd379ddb87320564a9/element'
20:35:28.876 [Forwarding findElement on session 05cc2a1fa7206fdd379ddb87320564a9 to remote] DEBUG org.asynchttpclient.netty.request.NettyRequestSender - Using open Channel [id: 0xa0ea9702, L:/127.0.0.1:51895 - R:localhost/127.0.0.1:57402] for POST '/session/05cc2a1fa7206fdd379ddb87320564a9/element'
20:35:28.896 [AsyncHttpClient-1-8] DEBUG org.asynchttpclient.netty.handler.HttpHandler - 

Request DefaultHttpRequest(decodeResult: success, version: HTTP/1.1)
POST /session/05cc2a1fa7206fdd379ddb87320564a9/element HTTP/1.1
User-Agent: selenium/4.1.2 (java windows)
Content-Length: 85
Content-Type: application/json; charset=utf-8
host: localhost:57402
accept: */*

Response DefaultHttpResponse(decodeResult: success, version: HTTP/1.1)
HTTP/1.1 200 OK
Content-Type: application/json; charset=utf-8
cache-control: no-cache
content-length: 88

20:35:28.896 [AsyncHttpClient-1-8] DEBUG org.asynchttpclient.netty.channel.ChannelManager - Adding key: http://localhost:57402 for channel [id: 0xa0ea9702, L:/127.0.0.1:51895 - R:localhost/127.0.0.1:57402]
20:35:28.899 [Forwarding isElementDisplayed on session 05cc2a1fa7206fdd379ddb87320564a9 to remote] DEBUG org.asynchttpclient.netty.request.NettyRequestSender - Using pooled Channel '[id: 0xa0ea9702, L:/127.0.0.1:51895 - R:localhost/127.0.0.1:57402]' for 'POST' to 'http://localhost:57402/session/05cc2a1fa7206fdd379ddb87320564a9/execute/sync'
20:35:28.899 [Forwarding isElementDisplayed on session 05cc2a1fa7206fdd379ddb87320564a9 to remote] DEBUG org.asynchttpclient.netty.request.NettyRequestSender - Using open Channel [id: 0xa0ea9702, L:/127.0.0.1:51895 - R:localhost/127.0.0.1:57402] for POST '/session/05cc2a1fa7206fdd379ddb87320564a9/execute/sync'
20:35:28.911 [AsyncHttpClient-1-8] DEBUG org.asynchttpclient.netty.handler.HttpHandler - 

Request DefaultHttpRequest(decodeResult: success, version: HTTP/1.1)
POST /session/05cc2a1fa7206fdd379ddb87320564a9/execute/sync HTTP/1.1
User-Agent: selenium/4.1.2 (java windows)
Content-Length: 48780
Content-Type: application/json; charset=utf-8
host: localhost:57402
accept: */*

Response DefaultHttpResponse(decodeResult: success, version: HTTP/1.1)
HTTP/1.1 200 OK
Content-Type: application/json; charset=utf-8
cache-control: no-cache
content-length: 14

20:35:28.911 [AsyncHttpClient-1-8] DEBUG org.asynchttpclient.netty.channel.ChannelManager - Adding key: http://localhost:57402 for channel [id: 0xa0ea9702, L:/127.0.0.1:51895 - R:localhost/127.0.0.1:57402]
20:35:28.916 [main] DEBUG net.thucydides.core.steps.StepInterceptor - STEP DONE: homepage
  &amp#27;[32mGiven &amp#27;[0m&amp#27;[32mUser on Home page&amp#27;[0m                        &amp#27;[90m# starter.definitions.OrderSteps.useronhomepage()&amp#27;[0m
20:35:28.923 [Forwarding screenshot on session 05cc2a1fa7206fdd379ddb87320564a9 to remote] DEBUG org.asynchttpclient.netty.request.NettyRequestSender - Using pooled Channel '[id: 0xa0ea9702, L:/127.0.0.1:51895 - R:localhost/127.0.0.1:57402]' for 'GET' to 'http://localhost:57402/session/05cc2a1fa7206fdd379ddb87320564a9/screenshot'
20:35:28.923 [Forwarding screenshot on session 05cc2a1fa7206fdd379ddb87320564a9 to remote] DEBUG org.asynchttpclient.netty.request.NettyRequestSender - Using open Channel [id: 0xa0ea9702, L:/127.0.0.1:51895 - R:localhost/127.0.0.1:57402] for GET '/session/05cc2a1fa7206fdd379ddb87320564a9/screenshot'
20:35:29.033 [AsyncHttpClient-1-8] DEBUG org.asynchttpclient.netty.handler.HttpHandler - 

Request DefaultFullHttpRequest(decodeResult: success, version: HTTP/1.1, content: EmptyByteBufBE)
GET /session/05cc2a1fa7206fdd379ddb87320564a9/screenshot HTTP/1.1
User-Agent: selenium/4.1.2 (java windows)
Cache-Control: no-cache
Content-Type: application/json; charset=utf-8
host: localhost:57402
accept: */*

Response DefaultHttpResponse(decodeResult: success, version: HTTP/1.1)
HTTP/1.1 200 OK
Content-Type: application/json; charset=utf-8
cache-control: no-cache
content-length: 64160

20:35:29.034 [AsyncHttpClient-1-8] DEBUG org.asynchttpclient.netty.channel.ChannelManager - Adding key: http://localhost:57402 for channel [id: 0xa0ea9702, L:/127.0.0.1:51895 - R:localhost/127.0.0.1:57402]
20:35:29.036 [main] DEBUG net.serenitybdd.core.photography.Darkroom - Send negative for processing for target\site\serenity\264c455de0ed568766371108e48f0b72c9ec3fd88167b4c5196c23be15ae5176.png
20:35:29.040 [main] DEBUG net.thucydides.core.steps.StepInterceptor - STARTING STEP: OrderSteps.userclickbelitensidarahelektrik - validateclicktensidarahlistrik
20:35:29.043 [Forwarding findElement on session 05cc2a1fa7206fdd379ddb87320564a9 to remote] DEBUG org.asynchttpclient.netty.request.NettyRequestSender - Using pooled Channel '[id: 0xa0ea9702, L:/127.0.0.1:51895 - R:localhost/127.0.0.1:57402]' for 'POST' to 'http://localhost:57402/session/05cc2a1fa7206fdd379ddb87320564a9/element'
20:35:29.043 [Forwarding findElement on session 05cc2a1fa7206fdd379ddb87320564a9 to remote] DEBUG org.asynchttpclient.netty.request.NettyRequestSender - Using open Channel [id: 0xa0ea9702, L:/127.0.0.1:51895 - R:localhost/127.0.0.1:57402] for POST '/session/05cc2a1fa7206fdd379ddb87320564a9/element'
20:35:29.053 [AsyncHttpClient-1-8] DEBUG org.asynchttpclient.netty.handler.HttpHandler - 

Request DefaultHttpRequest(decodeResult: success, version: HTTP/1.1)
POST /session/05cc2a1fa7206fdd379ddb87320564a9/element HTTP/1.1
User-Agent: selenium/4.1.2 (java windows)
Content-Length: 94
Content-Type: application/json; charset=utf-8
host: localhost:57402
accept: */*

Response DefaultHttpResponse(decodeResult: success, version: HTTP/1.1)
HTTP/1.1 200 OK
Content-Type: application/json; charset=utf-8
cache-control: no-cache
content-length: 88

20:35:29.054 [AsyncHttpClient-1-8] DEBUG org.asynchttpclient.netty.channel.ChannelManager - Adding key: http://localhost:57402 for channel [id: 0xa0ea9702, L:/127.0.0.1:51895 - R:localhost/127.0.0.1:57402]
20:35:29.055 [Forwarding getElementTagName on session 05cc2a1fa7206fdd379ddb87320564a9 to remote] DEBUG org.asynchttpclient.netty.request.NettyRequestSender - Using pooled Channel '[id: 0xa0ea9702, L:/127.0.0.1:51895 - R:localhost/127.0.0.1:57402]' for 'GET' to 'http://localhost:57402/session/05cc2a1fa7206fdd379ddb87320564a9/element/7a57b595-dc23-497c-967d-c7756d6f2844/name'
20:35:29.055 [Forwarding getElementTagName on session 05cc2a1fa7206fdd379ddb87320564a9 to remote] DEBUG org.asynchttpclient.netty.request.NettyRequestSender - Using open Channel [id: 0xa0ea9702, L:/127.0.0.1:51895 - R:localhost/127.0.0.1:57402] for GET '/session/05cc2a1fa7206fdd379ddb87320564a9/element/7a57b595-dc23-497c-967d-c7756d6f2844/name'
20:35:29.057 [AsyncHttpClient-1-8] DEBUG org.asynchttpclient.netty.handler.HttpHandler - 

Request DefaultFullHttpRequest(decodeResult: success, version: HTTP/1.1, content: EmptyByteBufBE)
GET /session/05cc2a1fa7206fdd379ddb87320564a9/element/7a57b595-dc23-497c-967d-c7756d6f2844/name HTTP/1.1
User-Agent: selenium/4.1.2 (java windows)
Cache-Control: no-cache
Content-Type: application/json; charset=utf-8
host: localhost:57402
accept: */*

Response DefaultHttpResponse(decodeResult: success, version: HTTP/1.1)
HTTP/1.1 200 OK
Content-Type: application/json; charset=utf-8
cache-control: no-cache
content-length: 18

20:35:29.058 [AsyncHttpClient-1-8] DEBUG org.asynchttpclient.netty.channel.ChannelManager - Adding key: http://localhost:57402 for channel [id: 0xa0ea9702, L:/127.0.0.1:51895 - R:localhost/127.0.0.1:57402]
20:35:29.059 [Forwarding getElementTagName on session 05cc2a1fa7206fdd379ddb87320564a9 to remote] DEBUG org.asynchttpclient.netty.request.NettyRequestSender - Using pooled Channel '[id: 0xa0ea9702, L:/127.0.0.1:51895 - R:localhost/127.0.0.1:57402]' for 'GET' to 'http://localhost:57402/session/05cc2a1fa7206fdd379ddb87320564a9/element/7a57b595-dc23-497c-967d-c7756d6f2844/name'
20:35:29.059 [Forwarding getElementTagName on session 05cc2a1fa7206fdd379ddb87320564a9 to remote] DEBUG org.asynchttpclient.netty.request.NettyRequestSender - Using open Channel [id: 0xa0ea9702, L:/127.0.0.1:51895 - R:localhost/127.0.0.1:57402] for GET '/session/05cc2a1fa7206fdd379ddb87320564a9/element/7a57b595-dc23-497c-967d-c7756d6f2844/name'
20:35:29.061 [AsyncHttpClient-1-8] DEBUG org.asynchttpclient.netty.handler.HttpHandler - 

Request DefaultFullHttpRequest(decodeResult: success, version: HTTP/1.1, content: EmptyByteBufBE)
GET /session/05cc2a1fa7206fdd379ddb87320564a9/element/7a57b595-dc23-497c-967d-c7756d6f2844/name HTTP/1.1
User-Agent: selenium/4.1.2 (java windows)
Cache-Control: no-cache
Content-Type: application/json; charset=utf-8
host: localhost:57402
accept: */*

Response DefaultHttpResponse(decodeResult: success, version: HTTP/1.1)
HTTP/1.1 200 OK
Content-Type: application/json; charset=utf-8
cache-control: no-cache
content-length: 18

20:35:29.061 [AsyncHttpClient-1-8] DEBUG org.asynchttpclient.netty.channel.ChannelManager - Adding key: http://localhost:57402 for channel [id: 0xa0ea9702, L:/127.0.0.1:51895 - R:localhost/127.0.0.1:57402]
20:35:29.062 [Forwarding isElementEnabled on session 05cc2a1fa7206fdd379ddb87320564a9 to remote] DEBUG org.asynchttpclient.netty.request.NettyRequestSender - Using pooled Channel '[id: 0xa0ea9702, L:/127.0.0.1:51895 - R:localhost/127.0.0.1:57402]' for 'GET' to 'http://localhost:57402/session/05cc2a1fa7206fdd379ddb87320564a9/element/7a57b595-dc23-497c-967d-c7756d6f2844/enabled'
20:35:29.062 [Forwarding isElementEnabled on session 05cc2a1fa7206fdd379ddb87320564a9 to remote] DEBUG org.asynchttpclient.netty.request.NettyRequestSender - Using open Channel [id: 0xa0ea9702, L:/127.0.0.1:51895 - R:localhost/127.0.0.1:57402] for GET '/session/05cc2a1fa7206fdd379ddb87320564a9/element/7a57b595-dc23-497c-967d-c7756d6f2844/enabled'
20:35:29.069 [AsyncHttpClient-1-8] DEBUG org.asynchttpclient.netty.handler.HttpHandler - 

Request DefaultFullHttpRequest(decodeResult: success, version: HTTP/1.1, content: EmptyByteBufBE)
GET /session/05cc2a1fa7206fdd379ddb87320564a9/element/7a57b595-dc23-497c-967d-c7756d6f2844/enabled HTTP/1.1
User-Agent: selenium/4.1.2 (java windows)
Cache-Control: no-cache
Content-Type: application/json; charset=utf-8
host: localhost:57402
accept: */*

Response DefaultHttpResponse(decodeResult: success, version: HTTP/1.1)
HTTP/1.1 200 OK
Content-Type: application/json; charset=utf-8
cache-control: no-cache
content-length: 14

20:35:29.069 [AsyncHttpClient-1-8] DEBUG org.asynchttpclient.netty.channel.ChannelManager - Adding key: http://localhost:57402 for channel [id: 0xa0ea9702, L:/127.0.0.1:51895 - R:localhost/127.0.0.1:57402]
20:35:29.070 [Forwarding isElementEnabled on session 05cc2a1fa7206fdd379ddb87320564a9 to remote] DEBUG org.asynchttpclient.netty.request.NettyRequestSender - Using pooled Channel '[id: 0xa0ea9702, L:/127.0.0.1:51895 - R:localhost/127.0.0.1:57402]' for 'GET' to 'http://localhost:57402/session/05cc2a1fa7206fdd379ddb87320564a9/element/7a57b595-dc23-497c-967d-c7756d6f2844/enabled'
20:35:29.070 [Forwarding isElementEnabled on session 05cc2a1fa7206fdd379ddb87320564a9 to remote] DEBUG org.asynchttpclient.netty.request.NettyRequestSender - Using open Channel [id: 0xa0ea9702, L:/127.0.0.1:51895 - R:localhost/127.0.0.1:57402] for GET '/session/05cc2a1fa7206fdd379ddb87320564a9/element/7a57b595-dc23-497c-967d-c7756d6f2844/enabled'
20:35:29.074 [AsyncHttpClient-1-8] DEBUG org.asynchttpclient.netty.handler.HttpHandler - 

Request DefaultFullHttpRequest(decodeResult: success, version: HTTP/1.1, content: EmptyByteBufBE)
GET /session/05cc2a1fa7206fdd379ddb87320564a9/element/7a57b595-dc23-497c-967d-c7756d6f2844/enabled HTTP/1.1
User-Agent: selenium/4.1.2 (java windows)
Cache-Control: no-cache
Content-Type: application/json; charset=utf-8
host: localhost:57402
accept: */*

Response DefaultHttpResponse(decodeResult: success, version: HTTP/1.1)
HTTP/1.1 200 OK
Content-Type: application/json; charset=utf-8
cache-control: no-cache
content-length: 14

20:35:29.074 [AsyncHttpClient-1-8] DEBUG org.asynchttpclient.netty.channel.ChannelManager - Adding key: http://localhost:57402 for channel [id: 0xa0ea9702, L:/127.0.0.1:51895 - R:localhost/127.0.0.1:57402]
20:35:29.076 [Forwarding findElement on session 05cc2a1fa7206fdd379ddb87320564a9 to remote] DEBUG org.asynchttpclient.netty.request.NettyRequestSender - Using pooled Channel '[id: 0xa0ea9702, L:/127.0.0.1:51895 - R:localhost/127.0.0.1:57402]' for 'POST' to 'http://localhost:57402/session/05cc2a1fa7206fdd379ddb87320564a9/element'
20:35:29.076 [Forwarding findElement on session 05cc2a1fa7206fdd379ddb87320564a9 to remote] DEBUG org.asynchttpclient.netty.request.NettyRequestSender - Using open Channel [id: 0xa0ea9702, L:/127.0.0.1:51895 - R:localhost/127.0.0.1:57402] for POST '/session/05cc2a1fa7206fdd379ddb87320564a9/element'
20:35:29.089 [AsyncHttpClient-1-8] DEBUG org.asynchttpclient.netty.handler.HttpHandler - 

Request DefaultHttpRequest(decodeResult: success, version: HTTP/1.1)
POST /session/05cc2a1fa7206fdd379ddb87320564a9/element HTTP/1.1
User-Agent: selenium/4.1.2 (java windows)
Content-Length: 94
Content-Type: application/json; charset=utf-8
host: localhost:57402
accept: */*

Response DefaultHttpResponse(decodeResult: success, version: HTTP/1.1)
HTTP/1.1 200 OK
Content-Type: application/json; charset=utf-8
cache-control: no-cache
content-length: 88

20:35:29.090 [AsyncHttpClient-1-8] DEBUG org.asynchttpclient.netty.channel.ChannelManager - Adding key: http://localhost:57402 for channel [id: 0xa0ea9702, L:/127.0.0.1:51895 - R:localhost/127.0.0.1:57402]
20:35:29.091 [Forwarding clickElement on session 05cc2a1fa7206fdd379ddb87320564a9 to remote] DEBUG org.asynchttpclient.netty.request.NettyRequestSender - Using pooled Channel '[id: 0xa0ea9702, L:/127.0.0.1:51895 - R:localhost/127.0.0.1:57402]' for 'POST' to 'http://localhost:57402/session/05cc2a1fa7206fdd379ddb87320564a9/element/7a57b595-dc23-497c-967d-c7756d6f2844/click'
20:35:29.091 [Forwarding clickElement on session 05cc2a1fa7206fdd379ddb87320564a9 to remote] DEBUG org.asynchttpclient.netty.request.NettyRequestSender - Using open Channel [id: 0xa0ea9702, L:/127.0.0.1:51895 - R:localhost/127.0.0.1:57402] for POST '/session/05cc2a1fa7206fdd379ddb87320564a9/element/7a57b595-dc23-497c-967d-c7756d6f2844/click'
20:35:29.132 [AsyncHttpClient-1-8] DEBUG org.asynchttpclient.netty.handler.HttpHandler - 

Request DefaultHttpRequest(decodeResult: success, version: HTTP/1.1)
POST /session/05cc2a1fa7206fdd379ddb87320564a9/element/7a57b595-dc23-497c-967d-c7756d6f2844/click HTTP/1.1
User-Agent: selenium/4.1.2 (java windows)
Content-Length: 50
Content-Type: application/json; charset=utf-8
host: localhost:57402
accept: */*

Response DefaultHttpResponse(decodeResult: success, version: HTTP/1.1)
HTTP/1.1 200 OK
Content-Type: application/json; charset=utf-8
cache-control: no-cache
content-length: 14

20:35:29.132 [AsyncHttpClient-1-8] DEBUG org.asynchttpclient.netty.channel.ChannelManager - Adding key: http://localhost:57402 for channel [id: 0xa0ea9702, L:/127.0.0.1:51895 - R:localhost/127.0.0.1:57402]
20:35:29.136 [Forwarding screenshot on session 05cc2a1fa7206fdd379ddb87320564a9 to remote] DEBUG org.asynchttpclient.netty.request.NettyRequestSender - Using pooled Channel '[id: 0xa0ea9702, L:/127.0.0.1:51895 - R:localhost/127.0.0.1:57402]' for 'GET' to 'http://localhost:57402/session/05cc2a1fa7206fdd379ddb87320564a9/screenshot'
20:35:29.137 [Forwarding screenshot on session 05cc2a1fa7206fdd379ddb87320564a9 to remote] DEBUG org.asynchttpclient.netty.request.NettyRequestSender - Using open Channel [id: 0xa0ea9702, L:/127.0.0.1:51895 - R:localhost/127.0.0.1:57402] for GET '/session/05cc2a1fa7206fdd379ddb87320564a9/screenshot'
20:35:29.216 [AsyncHttpClient-1-1] DEBUG org.asynchttpclient.netty.channel.DefaultChannelPool - Entry count for : http://localhost:51896 : 1
20:35:29.265 [AsyncHttpClient-1-8] DEBUG org.asynchttpclient.netty.handler.HttpHandler - 

Request DefaultFullHttpRequest(decodeResult: success, version: HTTP/1.1, content: EmptyByteBufBE)
GET /session/05cc2a1fa7206fdd379ddb87320564a9/screenshot HTTP/1.1
User-Agent: selenium/4.1.2 (java windows)
Cache-Control: no-cache
Content-Type: application/json; charset=utf-8
host: localhost:57402
accept: */*

Response DefaultHttpResponse(decodeResult: success, version: HTTP/1.1)
HTTP/1.1 200 OK
Content-Type: application/json; charset=utf-8
cache-control: no-cache
content-length: 65664

20:35:29.266 [AsyncHttpClient-1-8] DEBUG org.asynchttpclient.netty.channel.ChannelManager - Adding key: http://localhost:57402 for channel [id: 0xa0ea9702, L:/127.0.0.1:51895 - R:localhost/127.0.0.1:57402]
20:35:29.268 [main] DEBUG net.serenitybdd.core.photography.Darkroom - Send negative for processing for target\site\serenity\274959d0c6b004849c738e792f1ac4f6d7d2f80913a8396b6617cd4d34549e62.png
20:35:29.268 [main] DEBUG net.thucydides.core.steps.StepInterceptor - STEP DONE: validateclicktensidarahlistrik
  &amp#27;[32mWhen &amp#27;[0m&amp#27;[32mAs a user click beli tensi darah elektrik&amp#27;[0m &amp#27;[90m# starter.definitions.OrderSteps.userclickbelitensidarahelektrik()&amp#27;[0m
20:35:29.268 [Darkroom Processing Line] DEBUG net.serenitybdd.core.photography.DarkroomProcessingLine - Processing screenshot image in /var/screenshots/screenshot-3454101782022575023
20:35:29.268 [Darkroom Processing Line] DEBUG net.serenitybdd.core.photography.DarkroomProcessingLine - Saving screenshot to target\site\serenity\274959d0c6b004849c738e792f1ac4f6d7d2f80913a8396b6617cd4d34549e62.png
20:35:29.277 [main] DEBUG net.thucydides.core.steps.StepInterceptor - STARTING STEP: OrderSteps.userclickbasket - userClickBasket
20:35:29.279 [Forwarding findElement on session 05cc2a1fa7206fdd379ddb87320564a9 to remote] DEBUG org.asynchttpclient.netty.request.NettyRequestSender - Using pooled Channel '[id: 0xa0ea9702, L:/127.0.0.1:51895 - R:localhost/127.0.0.1:57402]' for 'POST' to 'http://localhost:57402/session/05cc2a1fa7206fdd379ddb87320564a9/element'
20:35:29.279 [Forwarding findElement on session 05cc2a1fa7206fdd379ddb87320564a9 to remote] DEBUG org.asynchttpclient.netty.request.NettyRequestSender - Using open Channel [id: 0xa0ea9702, L:/127.0.0.1:51895 - R:localhost/127.0.0.1:57402] for POST '/session/05cc2a1fa7206fdd379ddb87320564a9/element'
20:35:29.291 [AsyncHttpClient-1-8] DEBUG org.asynchttpclient.netty.handler.HttpHandler - 

Request DefaultHttpRequest(decodeResult: success, version: HTTP/1.1)
POST /session/05cc2a1fa7206fdd379ddb87320564a9/element HTTP/1.1
User-Agent: selenium/4.1.2 (java windows)
Content-Length: 139
Content-Type: application/json; charset=utf-8
host: localhost:57402
accept: */*

Response DefaultHttpResponse(decodeResult: success, version: HTTP/1.1)
HTTP/1.1 200 OK
Content-Type: application/json; charset=utf-8
cache-control: no-cache
content-length: 88

20:35:29.291 [AsyncHttpClient-1-8] DEBUG org.asynchttpclient.netty.channel.ChannelManager - Adding key: http://localhost:57402 for channel [id: 0xa0ea9702, L:/127.0.0.1:51895 - R:localhost/127.0.0.1:57402]
20:35:29.292 [Forwarding getElementTagName on session 05cc2a1fa7206fdd379ddb87320564a9 to remote] DEBUG org.asynchttpclient.netty.request.NettyRequestSender - Using pooled Channel '[id: 0xa0ea9702, L:/127.0.0.1:51895 - R:localhost/127.0.0.1:57402]' for 'GET' to 'http://localhost:57402/session/05cc2a1fa7206fdd379ddb87320564a9/element/3a0f78e6-f2e1-4b05-bcfb-e172e4358adb/name'
20:35:29.293 [Forwarding getElementTagName on session 05cc2a1fa7206fdd379ddb87320564a9 to remote] DEBUG org.asynchttpclient.netty.request.NettyRequestSender - Using open Channel [id: 0xa0ea9702, L:/127.0.0.1:51895 - R:localhost/127.0.0.1:57402] for GET '/session/05cc2a1fa7206fdd379ddb87320564a9/element/3a0f78e6-f2e1-4b05-bcfb-e172e4358adb/name'
20:35:29.296 [AsyncHttpClient-1-8] DEBUG org.asynchttpclient.netty.handler.HttpHandler - 

Request DefaultFullHttpRequest(decodeResult: success, version: HTTP/1.1, content: EmptyByteBufBE)
GET /session/05cc2a1fa7206fdd379ddb87320564a9/element/3a0f78e6-f2e1-4b05-bcfb-e172e4358adb/name HTTP/1.1
User-Agent: selenium/4.1.2 (java windows)
Cache-Control: no-cache
Content-Type: application/json; charset=utf-8
host: localhost:57402
accept: */*

Response DefaultHttpResponse(decodeResult: success, version: HTTP/1.1)
HTTP/1.1 200 OK
Content-Type: application/json; charset=utf-8
cache-control: no-cache
content-length: 18

20:35:29.296 [AsyncHttpClient-1-8] DEBUG org.asynchttpclient.netty.channel.ChannelManager - Adding key: http://localhost:57402 for channel [id: 0xa0ea9702, L:/127.0.0.1:51895 - R:localhost/127.0.0.1:57402]
20:35:29.297 [Forwarding getElementTagName on session 05cc2a1fa7206fdd379ddb87320564a9 to remote] DEBUG org.asynchttpclient.netty.request.NettyRequestSender - Using pooled Channel '[id: 0xa0ea9702, L:/127.0.0.1:51895 - R:localhost/127.0.0.1:57402]' for 'GET' to 'http://localhost:57402/session/05cc2a1fa7206fdd379ddb87320564a9/element/3a0f78e6-f2e1-4b05-bcfb-e172e4358adb/name'
20:35:29.297 [Forwarding getElementTagName on session 05cc2a1fa7206fdd379ddb87320564a9 to remote] DEBUG org.asynchttpclient.netty.request.NettyRequestSender - Using open Channel [id: 0xa0ea9702, L:/127.0.0.1:51895 - R:localhost/127.0.0.1:57402] for GET '/session/05cc2a1fa7206fdd379ddb87320564a9/element/3a0f78e6-f2e1-4b05-bcfb-e172e4358adb/name'
20:35:29.299 [AsyncHttpClient-1-8] DEBUG org.asynchttpclient.netty.handler.HttpHandler - 

Request DefaultFullHttpRequest(decodeResult: success, version: HTTP/1.1, content: EmptyByteBufBE)
GET /session/05cc2a1fa7206fdd379ddb87320564a9/element/3a0f78e6-f2e1-4b05-bcfb-e172e4358adb/name HTTP/1.1
User-Agent: selenium/4.1.2 (java windows)
Cache-Control: no-cache
Content-Type: application/json; charset=utf-8
host: localhost:57402
accept: */*

Response DefaultHttpResponse(decodeResult: success, version: HTTP/1.1)
HTTP/1.1 200 OK
Content-Type: application/json; charset=utf-8
cache-control: no-cache
content-length: 18

20:35:29.299 [AsyncHttpClient-1-8] DEBUG org.asynchttpclient.netty.channel.ChannelManager - Adding key: http://localhost:57402 for channel [id: 0xa0ea9702, L:/127.0.0.1:51895 - R:localhost/127.0.0.1:57402]
20:35:29.301 [Forwarding isElementEnabled on session 05cc2a1fa7206fdd379ddb87320564a9 to remote] DEBUG org.asynchttpclient.netty.request.NettyRequestSender - Using pooled Channel '[id: 0xa0ea9702, L:/127.0.0.1:51895 - R:localhost/127.0.0.1:57402]' for 'GET' to 'http://localhost:57402/session/05cc2a1fa7206fdd379ddb87320564a9/element/3a0f78e6-f2e1-4b05-bcfb-e172e4358adb/enabled'
20:35:29.301 [Forwarding isElementEnabled on session 05cc2a1fa7206fdd379ddb87320564a9 to remote] DEBUG org.asynchttpclient.netty.request.NettyRequestSender - Using open Channel [id: 0xa0ea9702, L:/127.0.0.1:51895 - R:localhost/127.0.0.1:57402] for GET '/session/05cc2a1fa7206fdd379ddb87320564a9/element/3a0f78e6-f2e1-4b05-bcfb-e172e4358adb/enabled'
20:35:29.307 [AsyncHttpClient-1-8] DEBUG org.asynchttpclient.netty.handler.HttpHandler - 

Request DefaultFullHttpRequest(decodeResult: success, version: HTTP/1.1, content: EmptyByteBufBE)
GET /session/05cc2a1fa7206fdd379ddb87320564a9/element/3a0f78e6-f2e1-4b05-bcfb-e172e4358adb/enabled HTTP/1.1
User-Agent: selenium/4.1.2 (java windows)
Cache-Control: no-cache
Content-Type: application/json; charset=utf-8
host: localhost:57402
accept: */*

Response DefaultHttpResponse(decodeResult: success, version: HTTP/1.1)
HTTP/1.1 200 OK
Content-Type: application/json; charset=utf-8
cache-control: no-cache
content-length: 14

20:35:29.307 [AsyncHttpClient-1-8] DEBUG org.asynchttpclient.netty.channel.ChannelManager - Adding key: http://localhost:57402 for channel [id: 0xa0ea9702, L:/127.0.0.1:51895 - R:localhost/127.0.0.1:57402]
20:35:29.309 [Forwarding isElementEnabled on session 05cc2a1fa7206fdd379ddb87320564a9 to remote] DEBUG org.asynchttpclient.netty.request.NettyRequestSender - Using pooled Channel '[id: 0xa0ea9702, L:/127.0.0.1:51895 - R:localhost/127.0.0.1:57402]' for 'GET' to 'http://localhost:57402/session/05cc2a1fa7206fdd379ddb87320564a9/element/3a0f78e6-f2e1-4b05-bcfb-e172e4358adb/enabled'
20:35:29.309 [Forwarding isElementEnabled on session 05cc2a1fa7206fdd379ddb87320564a9 to remote] DEBUG org.asynchttpclient.netty.request.NettyRequestSender - Using open Channel [id: 0xa0ea9702, L:/127.0.0.1:51895 - R:localhost/127.0.0.1:57402] for GET '/session/05cc2a1fa7206fdd379ddb87320564a9/element/3a0f78e6-f2e1-4b05-bcfb-e172e4358adb/enabled'
20:35:29.312 [AsyncHttpClient-1-8] DEBUG org.asynchttpclient.netty.handler.HttpHandler - 

Request DefaultFullHttpRequest(decodeResult: success, version: HTTP/1.1, content: EmptyByteBufBE)
GET /session/05cc2a1fa7206fdd379ddb87320564a9/element/3a0f78e6-f2e1-4b05-bcfb-e172e4358adb/enabled HTTP/1.1
User-Agent: selenium/4.1.2 (java windows)
Cache-Control: no-cache
Content-Type: application/json; charset=utf-8
host: localhost:57402
accept: */*

Response DefaultHttpResponse(decodeResult: success, version: HTTP/1.1)
HTTP/1.1 200 OK
Content-Type: application/json; charset=utf-8
cache-control: no-cache
content-length: 14

20:35:29.312 [AsyncHttpClient-1-8] DEBUG org.asynchttpclient.netty.channel.ChannelManager - Adding key: http://localhost:57402 for channel [id: 0xa0ea9702, L:/127.0.0.1:51895 - R:localhost/127.0.0.1:57402]
20:35:29.313 [Forwarding findElement on session 05cc2a1fa7206fdd379ddb87320564a9 to remote] DEBUG org.asynchttpclient.netty.request.NettyRequestSender - Using pooled Channel '[id: 0xa0ea9702, L:/127.0.0.1:51895 - R:localhost/127.0.0.1:57402]' for 'POST' to 'http://localhost:57402/session/05cc2a1fa7206fdd379ddb87320564a9/element'
20:35:29.314 [Forwarding findElement on session 05cc2a1fa7206fdd379ddb87320564a9 to remote] DEBUG org.asynchttpclient.netty.request.NettyRequestSender - Using open Channel [id: 0xa0ea9702, L:/127.0.0.1:51895 - R:localhost/127.0.0.1:57402] for POST '/session/05cc2a1fa7206fdd379ddb87320564a9/element'
20:35:29.327 [AsyncHttpClient-1-8] DEBUG org.asynchttpclient.netty.handler.HttpHandler - 

Request DefaultHttpRequest(decodeResult: success, version: HTTP/1.1)
POST /session/05cc2a1fa7206fdd379ddb87320564a9/element HTTP/1.1
User-Agent: selenium/4.1.2 (java windows)
Content-Length: 139
Content-Type: application/json; charset=utf-8
host: localhost:57402
accept: */*

Response DefaultHttpResponse(decodeResult: success, version: HTTP/1.1)
HTTP/1.1 200 OK
Content-Type: application/json; charset=utf-8
cache-control: no-cache
content-length: 88

20:35:29.327 [AsyncHttpClient-1-8] DEBUG org.asynchttpclient.netty.channel.ChannelManager - Adding key: http://localhost:57402 for channel [id: 0xa0ea9702, L:/127.0.0.1:51895 - R:localhost/127.0.0.1:57402]
20:35:29.330 [Forwarding clickElement on session 05cc2a1fa7206fdd379ddb87320564a9 to remote] DEBUG org.asynchttpclient.netty.request.NettyRequestSender - Using pooled Channel '[id: 0xa0ea9702, L:/127.0.0.1:51895 - R:localhost/127.0.0.1:57402]' for 'POST' to 'http://localhost:57402/session/05cc2a1fa7206fdd379ddb87320564a9/element/3a0f78e6-f2e1-4b05-bcfb-e172e4358adb/click'
20:35:29.330 [Forwarding clickElement on session 05cc2a1fa7206fdd379ddb87320564a9 to remote] DEBUG org.asynchttpclient.netty.request.NettyRequestSender - Using open Channel [id: 0xa0ea9702, L:/127.0.0.1:51895 - R:localhost/127.0.0.1:57402] for POST '/session/05cc2a1fa7206fdd379ddb87320564a9/element/3a0f78e6-f2e1-4b05-bcfb-e172e4358adb/click'
20:35:29.357 [AsyncHttpClient-1-8] DEBUG org.asynchttpclient.netty.handler.HttpHandler - 

Request DefaultHttpRequest(decodeResult: success, version: HTTP/1.1)
POST /session/05cc2a1fa7206fdd379ddb87320564a9/element/3a0f78e6-f2e1-4b05-bcfb-e172e4358adb/click HTTP/1.1
User-Agent: selenium/4.1.2 (java windows)
Content-Length: 50
Content-Type: application/json; charset=utf-8
host: localhost:57402
accept: */*

Response DefaultHttpResponse(decodeResult: success, version: HTTP/1.1)
HTTP/1.1 200 OK
Content-Type: application/json; charset=utf-8
cache-control: no-cache
content-length: 14

20:35:29.358 [AsyncHttpClient-1-8] DEBUG org.asynchttpclient.netty.channel.ChannelManager - Adding key: http://localhost:57402 for channel [id: 0xa0ea9702, L:/127.0.0.1:51895 - R:localhost/127.0.0.1:57402]
20:35:29.362 [Forwarding screenshot on session 05cc2a1fa7206fdd379ddb87320564a9 to remote] DEBUG org.asynchttpclient.netty.request.NettyRequestSender - Using pooled Channel '[id: 0xa0ea9702, L:/127.0.0.1:51895 - R:localhost/127.0.0.1:57402]' for 'GET' to 'http://localhost:57402/session/05cc2a1fa7206fdd379ddb87320564a9/screenshot'
20:35:29.362 [Forwarding screenshot on session 05cc2a1fa7206fdd379ddb87320564a9 to remote] DEBUG org.asynchttpclient.netty.request.NettyRequestSender - Using open Channel [id: 0xa0ea9702, L:/127.0.0.1:51895 - R:localhost/127.0.0.1:57402] for GET '/session/05cc2a1fa7206fdd379ddb87320564a9/screenshot'
20:35:29.646 [AsyncHttpClient-1-8] DEBUG org.asynchttpclient.netty.handler.HttpHandler - 

Request DefaultFullHttpRequest(decodeResult: success, version: HTTP/1.1, content: EmptyByteBufBE)
GET /session/05cc2a1fa7206fdd379ddb87320564a9/screenshot HTTP/1.1
User-Agent: selenium/4.1.2 (java windows)
Cache-Control: no-cache
Content-Type: application/json; charset=utf-8
host: localhost:57402
accept: */*

Response DefaultHttpResponse(decodeResult: success, version: HTTP/1.1)
HTTP/1.1 200 OK
Content-Type: application/json; charset=utf-8
cache-control: no-cache
content-length: 33672

20:35:29.647 [AsyncHttpClient-1-8] DEBUG org.asynchttpclient.netty.channel.ChannelManager - Adding key: http://localhost:57402 for channel [id: 0xa0ea9702, L:/127.0.0.1:51895 - R:localhost/127.0.0.1:57402]
20:35:29.648 [main] DEBUG net.serenitybdd.core.photography.Darkroom - Send negative for processing for target\site\serenity\57629886c7c0cc6e4e3251d7c7c8c4dbb0e9db14a1f3f6f30eba2261d4d65de9.png
20:35:29.648 [main] DEBUG net.thucydides.core.steps.StepInterceptor - STEP DONE: userClickBasket
  &amp#27;[32mThen &amp#27;[0m&amp#27;[32mas user click basket&amp#27;[0m                      &amp#27;[90m# starter.definitions.OrderSteps.userclickbasket()&amp#27;[0m
20:35:29.648 [Darkroom Processing Line] DEBUG net.serenitybdd.core.photography.DarkroomProcessingLine - Processing screenshot image in /var/screenshots/screenshot-2672516306769004683
20:35:29.648 [Darkroom Processing Line] DEBUG net.serenitybdd.core.photography.DarkroomProcessingLine - Saving screenshot to target\site\serenity\57629886c7c0cc6e4e3251d7c7c8c4dbb0e9db14a1f3f6f30eba2261d4d65de9.png
20:35:29.657 [main] DEBUG net.thucydides.core.steps.StepInterceptor - STARTING STEP: OrderSteps.userPaytensidarahelektrik - paypepaya
20:35:29.659 [Forwarding findElement on session 05cc2a1fa7206fdd379ddb87320564a9 to remote] DEBUG org.asynchttpclient.netty.request.NettyRequestSender - Using pooled Channel '[id: 0xa0ea9702, L:/127.0.0.1:51895 - R:localhost/127.0.0.1:57402]' for 'POST' to 'http://localhost:57402/session/05cc2a1fa7206fdd379ddb87320564a9/element'
20:35:29.659 [Forwarding findElement on session 05cc2a1fa7206fdd379ddb87320564a9 to remote] DEBUG org.asynchttpclient.netty.request.NettyRequestSender - Using open Channel [id: 0xa0ea9702, L:/127.0.0.1:51895 - R:localhost/127.0.0.1:57402] for POST '/session/05cc2a1fa7206fdd379ddb87320564a9/element'
20:35:29.666 [AsyncHttpClient-1-8] DEBUG org.asynchttpclient.netty.handler.HttpHandler - 

Request DefaultHttpRequest(decodeResult: success, version: HTTP/1.1)
POST /session/05cc2a1fa7206fdd379ddb87320564a9/element HTTP/1.1
User-Agent: selenium/4.1.2 (java windows)
Content-Length: 149
Content-Type: application/json; charset=utf-8
host: localhost:57402
accept: */*

Response DefaultHttpResponse(decodeResult: success, version: HTTP/1.1)
HTTP/1.1 200 OK
Content-Type: application/json; charset=utf-8
cache-control: no-cache
content-length: 88

20:35:29.666 [AsyncHttpClient-1-8] DEBUG org.asynchttpclient.netty.channel.ChannelManager - Adding key: http://localhost:57402 for channel [id: 0xa0ea9702, L:/127.0.0.1:51895 - R:localhost/127.0.0.1:57402]
20:35:29.667 [Forwarding getElementTagName on session 05cc2a1fa7206fdd379ddb87320564a9 to remote] DEBUG org.asynchttpclient.netty.request.NettyRequestSender - Using pooled Channel '[id: 0xa0ea9702, L:/127.0.0.1:51895 - R:localhost/127.0.0.1:57402]' for 'GET' to 'http://localhost:57402/session/05cc2a1fa7206fdd379ddb87320564a9/element/e5b7461a-a057-4a4d-8af1-ff32ccb89561/name'
20:35:29.667 [Forwarding getElementTagName on session 05cc2a1fa7206fdd379ddb87320564a9 to remote] DEBUG org.asynchttpclient.netty.request.NettyRequestSender - Using open Channel [id: 0xa0ea9702, L:/127.0.0.1:51895 - R:localhost/127.0.0.1:57402] for GET '/session/05cc2a1fa7206fdd379ddb87320564a9/element/e5b7461a-a057-4a4d-8af1-ff32ccb89561/name'
20:35:29.670 [AsyncHttpClient-1-8] DEBUG org.asynchttpclient.netty.handler.HttpHandler - 

Request DefaultFullHttpRequest(decodeResult: success, version: HTTP/1.1, content: EmptyByteBufBE)
GET /session/05cc2a1fa7206fdd379ddb87320564a9/element/e5b7461a-a057-4a4d-8af1-ff32ccb89561/name HTTP/1.1
User-Agent: selenium/4.1.2 (java windows)
Cache-Control: no-cache
Content-Type: application/json; charset=utf-8
host: localhost:57402
accept: */*

Response DefaultHttpResponse(decodeResult: success, version: HTTP/1.1)
HTTP/1.1 200 OK
Content-Type: application/json; charset=utf-8
cache-control: no-cache
content-length: 18

20:35:29.670 [AsyncHttpClient-1-8] DEBUG org.asynchttpclient.netty.channel.ChannelManager - Adding key: http://localhost:57402 for channel [id: 0xa0ea9702, L:/127.0.0.1:51895 - R:localhost/127.0.0.1:57402]
20:35:29.671 [Forwarding getElementTagName on session 05cc2a1fa7206fdd379ddb87320564a9 to remote] DEBUG org.asynchttpclient.netty.request.NettyRequestSender - Using pooled Channel '[id: 0xa0ea9702, L:/127.0.0.1:51895 - R:localhost/127.0.0.1:57402]' for 'GET' to 'http://localhost:57402/session/05cc2a1fa7206fdd379ddb87320564a9/element/e5b7461a-a057-4a4d-8af1-ff32ccb89561/name'
20:35:29.671 [Forwarding getElementTagName on session 05cc2a1fa7206fdd379ddb87320564a9 to remote] DEBUG org.asynchttpclient.netty.request.NettyRequestSender - Using open Channel [id: 0xa0ea9702, L:/127.0.0.1:51895 - R:localhost/127.0.0.1:57402] for GET '/session/05cc2a1fa7206fdd379ddb87320564a9/element/e5b7461a-a057-4a4d-8af1-ff32ccb89561/name'
20:35:29.673 [AsyncHttpClient-1-8] DEBUG org.asynchttpclient.netty.handler.HttpHandler - 

Request DefaultFullHttpRequest(decodeResult: success, version: HTTP/1.1, content: EmptyByteBufBE)
GET /session/05cc2a1fa7206fdd379ddb87320564a9/element/e5b7461a-a057-4a4d-8af1-ff32ccb89561/name HTTP/1.1
User-Agent: selenium/4.1.2 (java windows)
Cache-Control: no-cache
Content-Type: application/json; charset=utf-8
host: localhost:57402
accept: */*

Response DefaultHttpResponse(decodeResult: success, version: HTTP/1.1)
HTTP/1.1 200 OK
Content-Type: application/json; charset=utf-8
cache-control: no-cache
content-length: 18

20:35:29.673 [AsyncHttpClient-1-8] DEBUG org.asynchttpclient.netty.channel.ChannelManager - Adding key: http://localhost:57402 for channel [id: 0xa0ea9702, L:/127.0.0.1:51895 - R:localhost/127.0.0.1:57402]
20:35:29.675 [Forwarding isElementEnabled on session 05cc2a1fa7206fdd379ddb87320564a9 to remote] DEBUG org.asynchttpclient.netty.request.NettyRequestSender - Using pooled Channel '[id: 0xa0ea9702, L:/127.0.0.1:51895 - R:localhost/127.0.0.1:57402]' for 'GET' to 'http://localhost:57402/session/05cc2a1fa7206fdd379ddb87320564a9/element/e5b7461a-a057-4a4d-8af1-ff32ccb89561/enabled'
20:35:29.675 [Forwarding isElementEnabled on session 05cc2a1fa7206fdd379ddb87320564a9 to remote] DEBUG org.asynchttpclient.netty.request.NettyRequestSender - Using open Channel [id: 0xa0ea9702, L:/127.0.0.1:51895 - R:localhost/127.0.0.1:57402] for GET '/session/05cc2a1fa7206fdd379ddb87320564a9/element/e5b7461a-a057-4a4d-8af1-ff32ccb89561/enabled'
20:35:29.680 [AsyncHttpClient-1-8] DEBUG org.asynchttpclient.netty.handler.HttpHandler - 

Request DefaultFullHttpRequest(decodeResult: success, version: HTTP/1.1, content: EmptyByteBufBE)
GET /session/05cc2a1fa7206fdd379ddb87320564a9/element/e5b7461a-a057-4a4d-8af1-ff32ccb89561/enabled HTTP/1.1
User-Agent: selenium/4.1.2 (java windows)
Cache-Control: no-cache
Content-Type: application/json; charset=utf-8
host: localhost:57402
accept: */*

Response DefaultHttpResponse(decodeResult: success, version: HTTP/1.1)
HTTP/1.1 200 OK
Content-Type: application/json; charset=utf-8
cache-control: no-cache
content-length: 14

20:35:29.680 [AsyncHttpClient-1-8] DEBUG org.asynchttpclient.netty.channel.ChannelManager - Adding key: http://localhost:57402 for channel [id: 0xa0ea9702, L:/127.0.0.1:51895 - R:localhost/127.0.0.1:57402]
20:35:29.681 [Forwarding isElementEnabled on session 05cc2a1fa7206fdd379ddb87320564a9 to remote] DEBUG org.asynchttpclient.netty.request.NettyRequestSender - Using pooled Channel '[id: 0xa0ea9702, L:/127.0.0.1:51895 - R:localhost/127.0.0.1:57402]' for 'GET' to 'http://localhost:57402/session/05cc2a1fa7206fdd379ddb87320564a9/element/e5b7461a-a057-4a4d-8af1-ff32ccb89561/enabled'
20:35:29.681 [Forwarding isElementEnabled on session 05cc2a1fa7206fdd379ddb87320564a9 to remote] DEBUG org.asynchttpclient.netty.request.NettyRequestSender - Using open Channel [id: 0xa0ea9702, L:/127.0.0.1:51895 - R:localhost/127.0.0.1:57402] for GET '/session/05cc2a1fa7206fdd379ddb87320564a9/element/e5b7461a-a057-4a4d-8af1-ff32ccb89561/enabled'
20:35:29.687 [AsyncHttpClient-1-8] DEBUG org.asynchttpclient.netty.handler.HttpHandler - 

Request DefaultFullHttpRequest(decodeResult: success, version: HTTP/1.1, content: EmptyByteBufBE)
GET /session/05cc2a1fa7206fdd379ddb87320564a9/element/e5b7461a-a057-4a4d-8af1-ff32ccb89561/enabled HTTP/1.1
User-Agent: selenium/4.1.2 (java windows)
Cache-Control: no-cache
Content-Type: application/json; charset=utf-8
host: localhost:57402
accept: */*

Response DefaultHttpResponse(decodeResult: success, version: HTTP/1.1)
HTTP/1.1 200 OK
Content-Type: application/json; charset=utf-8
cache-control: no-cache
content-length: 14

20:35:29.687 [AsyncHttpClient-1-8] DEBUG org.asynchttpclient.netty.channel.ChannelManager - Adding key: http://localhost:57402 for channel [id: 0xa0ea9702, L:/127.0.0.1:51895 - R:localhost/127.0.0.1:57402]
20:35:29.689 [Forwarding findElement on session 05cc2a1fa7206fdd379ddb87320564a9 to remote] DEBUG org.asynchttpclient.netty.request.NettyRequestSender - Using pooled Channel '[id: 0xa0ea9702, L:/127.0.0.1:51895 - R:localhost/127.0.0.1:57402]' for 'POST' to 'http://localhost:57402/session/05cc2a1fa7206fdd379ddb87320564a9/element'
20:35:29.689 [Forwarding findElement on session 05cc2a1fa7206fdd379ddb87320564a9 to remote] DEBUG org.asynchttpclient.netty.request.NettyRequestSender - Using open Channel [id: 0xa0ea9702, L:/127.0.0.1:51895 - R:localhost/127.0.0.1:57402] for POST '/session/05cc2a1fa7206fdd379ddb87320564a9/element'
20:35:29.694 [AsyncHttpClient-1-8] DEBUG org.asynchttpclient.netty.handler.HttpHandler - 

Request DefaultHttpRequest(decodeResult: success, version: HTTP/1.1)
POST /session/05cc2a1fa7206fdd379ddb87320564a9/element HTTP/1.1
User-Agent: selenium/4.1.2 (java windows)
Content-Length: 149
Content-Type: application/json; charset=utf-8
host: localhost:57402
accept: */*

Response DefaultHttpResponse(decodeResult: success, version: HTTP/1.1)
HTTP/1.1 200 OK
Content-Type: application/json; charset=utf-8
cache-control: no-cache
content-length: 88

20:35:29.694 [AsyncHttpClient-1-8] DEBUG org.asynchttpclient.netty.channel.ChannelManager - Adding key: http://localhost:57402 for channel [id: 0xa0ea9702, L:/127.0.0.1:51895 - R:localhost/127.0.0.1:57402]
20:35:29.696 [Forwarding clickElement on session 05cc2a1fa7206fdd379ddb87320564a9 to remote] DEBUG org.asynchttpclient.netty.request.NettyRequestSender - Using pooled Channel '[id: 0xa0ea9702, L:/127.0.0.1:51895 - R:localhost/127.0.0.1:57402]' for 'POST' to 'http://localhost:57402/session/05cc2a1fa7206fdd379ddb87320564a9/element/e5b7461a-a057-4a4d-8af1-ff32ccb89561/click'
20:35:29.696 [Forwarding clickElement on session 05cc2a1fa7206fdd379ddb87320564a9 to remote] DEBUG org.asynchttpclient.netty.request.NettyRequestSender - Using open Channel [id: 0xa0ea9702, L:/127.0.0.1:51895 - R:localhost/127.0.0.1:57402] for POST '/session/05cc2a1fa7206fdd379ddb87320564a9/element/e5b7461a-a057-4a4d-8af1-ff32ccb89561/click'
20:35:29.716 [AsyncHttpClient-1-8] DEBUG org.asynchttpclient.netty.handler.HttpHandler - 

Request DefaultHttpRequest(decodeResult: success, version: HTTP/1.1)
POST /session/05cc2a1fa7206fdd379ddb87320564a9/element/e5b7461a-a057-4a4d-8af1-ff32ccb89561/click HTTP/1.1
User-Agent: selenium/4.1.2 (java windows)
Content-Length: 50
Content-Type: application/json; charset=utf-8
host: localhost:57402
accept: */*

Response DefaultHttpResponse(decodeResult: success, version: HTTP/1.1)
HTTP/1.1 200 OK
Content-Type: application/json; charset=utf-8
cache-control: no-cache
content-length: 14

20:35:29.717 [AsyncHttpClient-1-8] DEBUG org.asynchttpclient.netty.channel.ChannelManager - Adding key: http://localhost:57402 for channel [id: 0xa0ea9702, L:/127.0.0.1:51895 - R:localhost/127.0.0.1:57402]
20:35:29.723 [Forwarding screenshot on session 05cc2a1fa7206fdd379ddb87320564a9 to remote] DEBUG org.asynchttpclient.netty.request.NettyRequestSender - Using pooled Channel '[id: 0xa0ea9702, L:/127.0.0.1:51895 - R:localhost/127.0.0.1:57402]' for 'GET' to 'http://localhost:57402/session/05cc2a1fa7206fdd379ddb87320564a9/screenshot'
20:35:29.723 [Forwarding screenshot on session 05cc2a1fa7206fdd379ddb87320564a9 to remote] DEBUG org.asynchttpclient.netty.request.NettyRequestSender - Using open Channel [id: 0xa0ea9702, L:/127.0.0.1:51895 - R:localhost/127.0.0.1:57402] for GET '/session/05cc2a1fa7206fdd379ddb87320564a9/screenshot'
20:35:29.893 [AsyncHttpClient-1-8] DEBUG org.asynchttpclient.netty.handler.HttpHandler - 

Request DefaultFullHttpRequest(decodeResult: success, version: HTTP/1.1, content: EmptyByteBufBE)
GET /session/05cc2a1fa7206fdd379ddb87320564a9/screenshot HTTP/1.1
User-Agent: selenium/4.1.2 (java windows)
Cache-Control: no-cache
Content-Type: application/json; charset=utf-8
host: localhost:57402
accept: */*

Response DefaultHttpResponse(decodeResult: success, version: HTTP/1.1)
HTTP/1.1 200 OK
Content-Type: application/json; charset=utf-8
cache-control: no-cache
content-length: 25736

20:35:29.893 [AsyncHttpClient-1-8] DEBUG org.asynchttpclient.netty.channel.ChannelManager - Adding key: http://localhost:57402 for channel [id: 0xa0ea9702, L:/127.0.0.1:51895 - R:localhost/127.0.0.1:57402]
20:35:29.894 [main] DEBUG net.serenitybdd.core.photography.Darkroom - Send negative for processing for target\site\serenity\2f38b162bb6dd623ccecd91652accf1cd6117106b4c35bf759e93cf6ca23011a.png
20:35:29.894 [main] DEBUG net.thucydides.core.steps.StepInterceptor - STEP DONE: paypepaya
  &amp#27;[32mAnd &amp#27;[0m&amp#27;[32muser pay tensi darah elektrik&amp#27;[0m              &amp#27;[90m# starter.definitions.OrderSteps.userPaytensidarahelektrik()&amp#27;[0m
20:35:29.895 [Darkroom Processing Line] DEBUG net.serenitybdd.core.photography.DarkroomProcessingLine - Processing screenshot image in /var/screenshots/screenshot-8623548038214967447
20:35:29.895 [Darkroom Processing Line] DEBUG net.serenitybdd.core.photography.DarkroomProcessingLine - Saving screenshot to target\site\serenity\2f38b162bb6dd623ccecd91652accf1cd6117106b4c35bf759e93cf6ca23011a.png
20:35:29.897 [main] INFO  - 
  _____   ___   ___   _____     ___     _     ___   ___   ___   ___  
 |_   _| | __| / __| |_   _|   | _ \   /_\   / __| / __| | __| |   \ 
   | |   | _|  \__ \   | |     |  _/  / _ \  \__ \ \__ \ | _|  | |) |
   |_|   |___| |___/   |_|     |_|   /_/ \_\ |___/ |___/ |___| |___/ 

order tensi darah elektrik
----------------------------------------------------------------------
20:35:29.898 [Driver Command Executor] DEBUG org.asynchttpclient.netty.request.NettyRequestSender - Using pooled Channel '[id: 0xa0ea9702, L:/127.0.0.1:51895 - R:localhost/127.0.0.1:57402]' for 'DELETE' to 'http://localhost:57402/session/05cc2a1fa7206fdd379ddb87320564a9'
20:35:29.898 [AsyncHttpClient-1-10] DEBUG org.asynchttpclient.netty.handler.WebSocketHandler - Channel Closed: [id: 0x77c14ddb, L:/127.0.0.1:51905 ! R:localhost/127.0.0.1:51896] with attribute NettyResponseFuture{currentRetry=5,
	isDone=1,
	isCancelled=0,
	asyncHandler=org.asynchttpclient.ws.WebSocketUpgradeHandler@7ae8e25d,
	nettyRequest=org.asynchttpclient.netty.request.NettyRequest@3fea6364,
	future=java.util.concurrent.CompletableFuture@4bc7dc55[Completed normally],
	uri=ws://localhost:51896/devtools/browser/488811c1-ea25-4fff-82c7-2b7943693373,
	keepAlive=true,
	redirectCount=0,
	timeoutsHolder=null,
	inAuth=0,
	touch=1652790927151}
20:35:29.898 [Driver Command Executor] DEBUG org.asynchttpclient.netty.request.NettyRequestSender - Using open Channel [id: 0xa0ea9702, L:/127.0.0.1:51895 - R:localhost/127.0.0.1:57402] for DELETE '/session/05cc2a1fa7206fdd379ddb87320564a9'
20:35:29.898 [AsyncHttpClient-1-10] DEBUG org.asynchttpclient.netty.channel.ChannelManager - Closing Channel [id: 0x77c14ddb, L:/127.0.0.1:51905 ! R:localhost/127.0.0.1:51896] 
20:35:29.916 [AsyncHttpClient-1-9] DEBUG org.asynchttpclient.netty.handler.HttpHandler - Unexpected I/O exception on channel [id: 0xbd350fdc, L:/127.0.0.1:51903 - R:localhost/127.0.0.1:51896]
java.net.SocketException: Connection reset
	at java.base/sun.nio.ch.SocketChannelImpl.throwConnectionReset(SocketChannelImpl.java:394)
	at java.base/sun.nio.ch.SocketChannelImpl.read(SocketChannelImpl.java:426)
	at io.netty.buffer.PooledByteBuf.setBytes(PooledByteBuf.java:258)
	at io.netty.buffer.AbstractByteBuf.writeBytes(AbstractByteBuf.java:1132)
	at io.netty.channel.socket.nio.NioSocketChannel.doReadBytes(NioSocketChannel.java:350)
	at io.netty.channel.nio.AbstractNioByteChannel$NioByteUnsafe.read(AbstractNioByteChannel.java:151)
	at io.netty.channel.nio.NioEventLoop.processSelectedKey(NioEventLoop.java:722)
	at io.netty.channel.nio.NioEventLoop.processSelectedKeysOptimized(NioEventLoop.java:658)
	at io.netty.channel.nio.NioEventLoop.processSelectedKeys(NioEventLoop.java:584)
	at io.netty.channel.nio.NioEventLoop.run(NioEventLoop.java:496)
	at io.netty.util.concurrent.SingleThreadEventExecutor$4.run(SingleThreadEventExecutor.java:986)
	at io.netty.util.internal.ThreadExecutorMap$2.run(ThreadExecutorMap.java:74)
	at io.netty.util.concurrent.FastThreadLocalRunnable.run(FastThreadLocalRunnable.java:30)
	at java.base/java.lang.Thread.run(Thread.java:833)
20:35:29.916 [AsyncHttpClient-1-9] DEBUG org.asynchttpclient.netty.channel.ChannelManager - Closing Channel [id: 0xbd350fdc, L:/127.0.0.1:51903 - R:localhost/127.0.0.1:51896] 
20:35:29.916 [AsyncHttpClient-1-9] DEBUG org.asynchttpclient.netty.handler.HttpHandler - Channel Closed: [id: 0xbd350fdc, L:/127.0.0.1:51903 ! R:localhost/127.0.0.1:51896] with attribute DISCARD
20:35:29.927 [AsyncHttpClient-1-8] DEBUG org.asynchttpclient.netty.handler.HttpHandler - 

Request DefaultFullHttpRequest(decodeResult: success, version: HTTP/1.1, content: EmptyByteBufBE)
DELETE /session/05cc2a1fa7206fdd379ddb87320564a9 HTTP/1.1
User-Agent: selenium/4.1.2 (java windows)
Content-Type: application/json; charset=utf-8
host: localhost:57402
accept: */*

Response DefaultHttpResponse(decodeResult: success, version: HTTP/1.1)
HTTP/1.1 200 OK
Content-Type: application/json; charset=utf-8
cache-control: no-cache
content-length: 14

20:35:29.927 [AsyncHttpClient-1-8] DEBUG org.asynchttpclient.netty.channel.ChannelManager - Adding key: http://localhost:57402 for channel [id: 0xa0ea9702, L:/127.0.0.1:51895 - R:localhost/127.0.0.1:57402]
20:35:29.998 [AsyncHttpClient-1-8] DEBUG org.asynchttpclient.netty.handler.HttpHandler - Channel Closed: [id: 0xa0ea9702, L:/127.0.0.1:51895 ! R:localhost/127.0.0.1:57402] with attribute DISCARD
]]></system-out>
    <system-err><![CDATA[Starting ChromeDriver 101.0.4951.41 (93c720db8323b3ec10d056025ab95c23a31997c9-refs/branch-heads/4951@{#904}) on port 57402
Only local connections are allowed.
Please see https://chromedriver.chromium.org/security-considerations for suggestions on keeping ChromeDriver safe.
ChromeDriver was started successfully.
May 17, 2022 8:35:27 PM org.openqa.selenium.remote.ProtocolHandshake createSession
INFO: Detected dialect: W3C
May 17, 2022 8:35:27 PM org.openqa.selenium.devtools.CdpVersionFinder findNearestMatch
WARNING: Unable to find an exact match for CDP version 101, so returning the closest version found: 97
May 17, 2022 8:35:27 PM org.openqa.selenium.devtools.CdpVersionFinder findNearestMatch
INFO: Found CDP implementation for version 101 of 97
]]></system-err>
  </testcase>
  <testcase name="As a user i want registered successfully" classname="As a user i want to register for my account so that i can go shop" time="4.746">
    <system-out><![CDATA[20:35:30.028 [main] INFO io.cucumber.core.plugin.SerenityReporter - Running feature from file:///D:/alta%20folder/final%20project/web%20testing/src/test/resources/features/Register.feature
20:35:30.029 [main] DEBUG net.thucydides.core.steps.StepEventBus - Test suite started for story net.thucydides.core.model.Story@506a188d
20:35:30.029 [main] INFO  - Test Suite Started: As a user i want to register for my account so that i can go shop

Scenario: As a user i want registered successfully &amp#27;[90m# src/test/resources/features/Register.feature:3&amp#27;[0m
20:35:30.033 [main] INFO io.cucumber.core.plugin.SerenityReporter - Running feature from file:///D:/alta%20folder/final%20project/web%20testing/src/test/resources/features/Register.feature
20:35:30.034 [main] INFO  - 
  _____   ___   ___   _____     ___   _____     _     ___   _____   ___   ___  
 |_   _| | __| / __| |_   _|   / __| |_   _|   /_\   | _ \ |_   _| | __| |   \ 
   | |   | _|  \__ \   | |     \__ \   | |    / _ \  |   /   | |   | _|  | |) |
   |_|   |___| |___/   |_|     |___/   |_|   /_/ \_\ |_|_\   |_|   |___| |___/ 

As a user i want registered successfully(as-a-user-i-want-to-register-for-my-account-so-that-i-can-go-shop;as-a-user-i-want-registered-successfully)
--------------------------------------------------------------------------------
20:35:30.085 [main] DEBUG net.thucydides.core.steps.StepInterceptor - STARTING STEP: RegisterSteps.ontheLoginPage - openPage
20:35:30.086 [main] INFO net.serenitybdd.core.webdriver.driverproviders.ChromeDriverProvider - Using automatically driver download
20:35:30.160 [main] DEBUG io.github.bonigarcia.wdm.cache.ResolutionCache - Resolution chrome=101 in cache (valid until 20:49:03 17/05/2022 WITA)
20:35:30.162 [main] DEBUG io.github.bonigarcia.wdm.cache.ResolutionCache - Resolution chrome101=101.0.4951.41 in cache (valid until 14:03:56 18/05/2022 WITA)
20:35:30.163 [main] INFO io.github.bonigarcia.wdm.WebDriverManager - Using chromedriver 101.0.4951.41 (resolved driver for Chrome 101)
20:35:30.171 [main] DEBUG io.github.bonigarcia.wdm.WebDriverManager - Driver chromedriver 101.0.4951.41 found in cache
20:35:30.172 [main] INFO io.github.bonigarcia.wdm.WebDriverManager - Exporting webdriver.chrome.driver as C:\Users\Rev\.cache\selenium\chromedriver\win32\101.0.4951.41\chromedriver.exe
20:35:30.250 [main] DEBUG net.serenitybdd.core.webdriver.driverproviders.ProvideNewDriver - Instantiating driver
20:35:30.250 [main] DEBUG net.serenitybdd.core.webdriver.driverproviders.ProvideNewDriver - Driver capabilities: Capabilities {acceptInsecureCerts: false, base.url: https://qa.alta.id, browserName: chrome, chrome.driver: webdriver/chromedriver.exe, driver: chrome, goog:chromeOptions: {args: [], extensions: []}}
20:35:30.310 [AsyncHttpClient-1-1] DEBUG org.asynchttpclient.netty.channel.DefaultChannelPool - Entry count for : http://localhost:51896 : 1
20:35:30.310 [AsyncHttpClient-1-1] DEBUG org.asynchttpclient.netty.channel.DefaultChannelPool - Entry count for : http://localhost:57402 : 1
20:35:30.310 [AsyncHttpClient-1-1] DEBUG org.asynchttpclient.netty.channel.DefaultChannelPool - Adding Candidate expired Channel [id: 0xbd350fdc, L:/127.0.0.1:51903 ! R:localhost/127.0.0.1:51896] isIdleTimeoutExpired=false isRemotelyClosed=true isTtlExpired=false
20:35:30.310 [AsyncHttpClient-1-1] DEBUG org.asynchttpclient.netty.channel.DefaultChannelPool - Closing Idle Channel [id: 0xbd350fdc, L:/127.0.0.1:51903 ! R:localhost/127.0.0.1:51896]
20:35:30.310 [AsyncHttpClient-1-1] DEBUG org.asynchttpclient.netty.channel.DefaultChannelPool - Adding Candidate expired Channel [id: 0xa0ea9702, L:/127.0.0.1:51895 ! R:localhost/127.0.0.1:57402] isIdleTimeoutExpired=false isRemotelyClosed=true isTtlExpired=false
20:35:30.310 [AsyncHttpClient-1-1] DEBUG org.asynchttpclient.netty.channel.DefaultChannelPool - Closing Idle Channel [id: 0xa0ea9702, L:/127.0.0.1:51895 ! R:localhost/127.0.0.1:57402]
20:35:30.310 [AsyncHttpClient-1-1] DEBUG org.asynchttpclient.netty.channel.DefaultChannelPool - Closed 2 connections out of 2 in 0 ms
20:35:30.440 [AsyncHttpClient-1-11] DEBUG org.asynchttpclient.netty.channel.NettyConnectListener - Using new Channel '[id: 0x2ac4c955, L:/127.0.0.1:51929 - R:localhost/127.0.0.1:49286]' for 'POST' to '/session'
20:35:30.983 [AsyncHttpClient-1-11] DEBUG org.asynchttpclient.netty.handler.HttpHandler - 

Request DefaultHttpRequest(decodeResult: success, version: HTTP/1.1)
POST /session HTTP/1.1
User-Agent: selenium/4.1.2 (java windows)
Content-Length: 565
Content-Type: application/json; charset=utf-8
host: localhost:49286
accept: */*

Response DefaultHttpResponse(decodeResult: success, version: HTTP/1.1)
HTTP/1.1 200 OK
Content-Type: application/json; charset=utf-8
cache-control: no-cache
content-length: 786

20:35:30.984 [AsyncHttpClient-1-11] DEBUG org.asynchttpclient.netty.channel.ChannelManager - Adding key: http://localhost:49286 for channel [id: 0x2ac4c955, L:/127.0.0.1:51929 - R:localhost/127.0.0.1:49286]
20:35:30.988 [AsyncHttpClient-1-12] DEBUG org.asynchttpclient.netty.channel.NettyConnectListener - Using new Channel '[id: 0x6f0a95e3, L:/127.0.0.1:51936 - R:localhost/127.0.0.1:51930]' for 'GET' to '/json/version'
20:35:30.992 [AsyncHttpClient-1-12] DEBUG org.asynchttpclient.netty.handler.HttpHandler - 

Request DefaultFullHttpRequest(decodeResult: success, version: HTTP/1.1, content: EmptyByteBufBE)
GET /json/version HTTP/1.1
User-Agent: selenium/4.1.2 (java windows)
host: localhost:51930
accept: */*

Response DefaultHttpResponse(decodeResult: success, version: HTTP/1.1)
HTTP/1.1 200 OK
Content-Type: application/json; charset=UTF-8
content-length: 427

20:35:30.992 [AsyncHttpClient-1-12] DEBUG org.asynchttpclient.netty.channel.ChannelManager - Adding key: http://localhost:51930 for channel [id: 0x6f0a95e3, L:/127.0.0.1:51936 - R:localhost/127.0.0.1:51930]
20:35:30.995 [AsyncHttpClient-1-13] DEBUG org.asynchttpclient.netty.channel.NettyConnectListener - Using new Channel '[id: 0x3b24b125, L:/127.0.0.1:51937 - R:localhost/127.0.0.1:51930]' for 'GET' to '/devtools/browser/eb20bb49-c3e0-4401-83c3-3d3067cbab2a'
20:35:30.998 [AsyncHttpClient-1-13] DEBUG org.asynchttpclient.netty.handler.WebSocketHandler - 

Request DefaultFullHttpRequest(decodeResult: success, version: HTTP/1.1, content: EmptyByteBufBE)
GET /devtools/browser/eb20bb49-c3e0-4401-83c3-3d3067cbab2a HTTP/1.1
upgrade: websocket
connection: upgrade
sec-websocket-key: vJOYcvwDeMfoj1LBG23b3g==
sec-websocket-version: 13
origin: http://localhost:51930
host: localhost:51930
accept: */*
user-agent: AHC/2.1

Response DefaultHttpResponse(decodeResult: success, version: HTTP/1.1)
HTTP/1.1 101 WebSocket Protocol Handshake
Upgrade: WebSocket
Connection: Upgrade
Sec-WebSocket-Accept: S/fJZIRGCAQwZw0TeqY8RB1EGMI=

20:35:31.002 [Forwarding get on session f856c7dea5397081d7d4f4a8acc832f0 to remote] DEBUG org.asynchttpclient.netty.request.NettyRequestSender - Using pooled Channel '[id: 0x2ac4c955, L:/127.0.0.1:51929 - R:localhost/127.0.0.1:49286]' for 'POST' to 'http://localhost:49286/session/f856c7dea5397081d7d4f4a8acc832f0/url'
20:35:31.002 [Forwarding get on session f856c7dea5397081d7d4f4a8acc832f0 to remote] DEBUG org.asynchttpclient.netty.request.NettyRequestSender - Using open Channel [id: 0x2ac4c955, L:/127.0.0.1:51929 - R:localhost/127.0.0.1:49286] for POST '/session/f856c7dea5397081d7d4f4a8acc832f0/url'
20:35:31.419 [AsyncHttpClient-1-1] DEBUG org.asynchttpclient.netty.channel.DefaultChannelPool - Entry count for : http://localhost:51930 : 1
20:35:31.591 [AsyncHttpClient-1-11] DEBUG org.asynchttpclient.netty.handler.HttpHandler - 

Request DefaultHttpRequest(decodeResult: success, version: HTTP/1.1)
POST /session/f856c7dea5397081d7d4f4a8acc832f0/url HTTP/1.1
User-Agent: selenium/4.1.2 (java windows)
Content-Length: 43
Content-Type: application/json; charset=utf-8
host: localhost:49286
accept: */*

Response DefaultHttpResponse(decodeResult: success, version: HTTP/1.1)
HTTP/1.1 200 OK
Content-Type: application/json; charset=utf-8
cache-control: no-cache
content-length: 14

20:35:31.592 [AsyncHttpClient-1-11] DEBUG org.asynchttpclient.netty.channel.ChannelManager - Adding key: http://localhost:49286 for channel [id: 0x2ac4c955, L:/127.0.0.1:51929 - R:localhost/127.0.0.1:49286]
20:35:31.593 [Forwarding setTimeout on session f856c7dea5397081d7d4f4a8acc832f0 to remote] DEBUG org.asynchttpclient.netty.request.NettyRequestSender - Using pooled Channel '[id: 0x2ac4c955, L:/127.0.0.1:51929 - R:localhost/127.0.0.1:49286]' for 'POST' to 'http://localhost:49286/session/f856c7dea5397081d7d4f4a8acc832f0/timeouts'
20:35:31.593 [Forwarding setTimeout on session f856c7dea5397081d7d4f4a8acc832f0 to remote] DEBUG org.asynchttpclient.netty.request.NettyRequestSender - Using open Channel [id: 0x2ac4c955, L:/127.0.0.1:51929 - R:localhost/127.0.0.1:49286] for POST '/session/f856c7dea5397081d7d4f4a8acc832f0/timeouts'
20:35:31.593 [AsyncHttpClient-1-11] DEBUG org.asynchttpclient.netty.handler.HttpHandler - 

Request DefaultHttpRequest(decodeResult: success, version: HTTP/1.1)
POST /session/f856c7dea5397081d7d4f4a8acc832f0/timeouts HTTP/1.1
User-Agent: selenium/4.1.2 (java windows)
Content-Length: 22
Content-Type: application/json; charset=utf-8
host: localhost:49286
accept: */*

Response DefaultHttpResponse(decodeResult: success, version: HTTP/1.1)
HTTP/1.1 200 OK
Content-Type: application/json; charset=utf-8
cache-control: no-cache
content-length: 14

20:35:31.594 [AsyncHttpClient-1-11] DEBUG org.asynchttpclient.netty.channel.ChannelManager - Adding key: http://localhost:49286 for channel [id: 0x2ac4c955, L:/127.0.0.1:51929 - R:localhost/127.0.0.1:49286]
20:35:31.595 [Forwarding getCurrentUrl on session f856c7dea5397081d7d4f4a8acc832f0 to remote] DEBUG org.asynchttpclient.netty.request.NettyRequestSender - Using pooled Channel '[id: 0x2ac4c955, L:/127.0.0.1:51929 - R:localhost/127.0.0.1:49286]' for 'GET' to 'http://localhost:49286/session/f856c7dea5397081d7d4f4a8acc832f0/url'
20:35:31.595 [Forwarding getCurrentUrl on session f856c7dea5397081d7d4f4a8acc832f0 to remote] DEBUG org.asynchttpclient.netty.request.NettyRequestSender - Using open Channel [id: 0x2ac4c955, L:/127.0.0.1:51929 - R:localhost/127.0.0.1:49286] for GET '/session/f856c7dea5397081d7d4f4a8acc832f0/url'
20:35:31.598 [AsyncHttpClient-1-11] DEBUG org.asynchttpclient.netty.handler.HttpHandler - 

Request DefaultFullHttpRequest(decodeResult: success, version: HTTP/1.1, content: EmptyByteBufBE)
GET /session/f856c7dea5397081d7d4f4a8acc832f0/url HTTP/1.1
User-Agent: selenium/4.1.2 (java windows)
Cache-Control: no-cache
Content-Type: application/json; charset=utf-8
host: localhost:49286
accept: */*

Response DefaultHttpResponse(decodeResult: success, version: HTTP/1.1)
HTTP/1.1 200 OK
Content-Type: application/json; charset=utf-8
cache-control: no-cache
content-length: 31

20:35:31.598 [AsyncHttpClient-1-11] DEBUG org.asynchttpclient.netty.channel.ChannelManager - Adding key: http://localhost:49286 for channel [id: 0x2ac4c955, L:/127.0.0.1:51929 - R:localhost/127.0.0.1:49286]
20:35:31.600 [Forwarding getCurrentUrl on session f856c7dea5397081d7d4f4a8acc832f0 to remote] DEBUG org.asynchttpclient.netty.request.NettyRequestSender - Using pooled Channel '[id: 0x2ac4c955, L:/127.0.0.1:51929 - R:localhost/127.0.0.1:49286]' for 'GET' to 'http://localhost:49286/session/f856c7dea5397081d7d4f4a8acc832f0/url'
20:35:31.600 [Forwarding getCurrentUrl on session f856c7dea5397081d7d4f4a8acc832f0 to remote] DEBUG org.asynchttpclient.netty.request.NettyRequestSender - Using open Channel [id: 0x2ac4c955, L:/127.0.0.1:51929 - R:localhost/127.0.0.1:49286] for GET '/session/f856c7dea5397081d7d4f4a8acc832f0/url'
20:35:31.604 [AsyncHttpClient-1-11] DEBUG org.asynchttpclient.netty.handler.HttpHandler - 

Request DefaultFullHttpRequest(decodeResult: success, version: HTTP/1.1, content: EmptyByteBufBE)
GET /session/f856c7dea5397081d7d4f4a8acc832f0/url HTTP/1.1
User-Agent: selenium/4.1.2 (java windows)
Cache-Control: no-cache
Content-Type: application/json; charset=utf-8
host: localhost:49286
accept: */*

Response DefaultHttpResponse(decodeResult: success, version: HTTP/1.1)
HTTP/1.1 200 OK
Content-Type: application/json; charset=utf-8
cache-control: no-cache
content-length: 31

20:35:31.604 [AsyncHttpClient-1-11] DEBUG org.asynchttpclient.netty.channel.ChannelManager - Adding key: http://localhost:49286 for channel [id: 0x2ac4c955, L:/127.0.0.1:51929 - R:localhost/127.0.0.1:49286]
20:35:31.609 [main] DEBUG net.serenitybdd.core.photography.Darkroom - Opening darkroom
20:35:31.610 [Darkroom Processing Line] DEBUG net.serenitybdd.core.photography.DarkroomProcessingLine - Darkroom processing line starting up
20:35:31.610 [Forwarding screenshot on session f856c7dea5397081d7d4f4a8acc832f0 to remote] DEBUG org.asynchttpclient.netty.request.NettyRequestSender - Using pooled Channel '[id: 0x2ac4c955, L:/127.0.0.1:51929 - R:localhost/127.0.0.1:49286]' for 'GET' to 'http://localhost:49286/session/f856c7dea5397081d7d4f4a8acc832f0/screenshot'
20:35:31.610 [Forwarding screenshot on session f856c7dea5397081d7d4f4a8acc832f0 to remote] DEBUG org.asynchttpclient.netty.request.NettyRequestSender - Using open Channel [id: 0x2ac4c955, L:/127.0.0.1:51929 - R:localhost/127.0.0.1:49286] for GET '/session/f856c7dea5397081d7d4f4a8acc832f0/screenshot'
20:35:32.510 [AsyncHttpClient-1-1] DEBUG org.asynchttpclient.netty.channel.DefaultChannelPool - Entry count for : http://localhost:51930 : 1
20:35:32.666 [AsyncHttpClient-1-11] DEBUG org.asynchttpclient.netty.handler.HttpHandler - 

Request DefaultFullHttpRequest(decodeResult: success, version: HTTP/1.1, content: EmptyByteBufBE)
GET /session/f856c7dea5397081d7d4f4a8acc832f0/screenshot HTTP/1.1
User-Agent: selenium/4.1.2 (java windows)
Cache-Control: no-cache
Content-Type: application/json; charset=utf-8
host: localhost:49286
accept: */*

Response DefaultHttpResponse(decodeResult: success, version: HTTP/1.1)
HTTP/1.1 200 OK
Content-Type: application/json; charset=utf-8
cache-control: no-cache
content-length: 36484

20:35:32.666 [AsyncHttpClient-1-11] DEBUG org.asynchttpclient.netty.channel.ChannelManager - Adding key: http://localhost:49286 for channel [id: 0x2ac4c955, L:/127.0.0.1:51929 - R:localhost/127.0.0.1:49286]
20:35:32.668 [main] DEBUG net.serenitybdd.core.photography.Darkroom - Send negative for processing for target\site\serenity\45e6552cd0cdee5e4623b998cf81a6ea225ea0e03ce73b711577b0c221191a2c.png
20:35:32.668 [main] DEBUG net.thucydides.core.steps.StepInterceptor - STEP DONE: openPage
20:35:32.668 [Darkroom Processing Line] DEBUG net.serenitybdd.core.photography.DarkroomProcessingLine - Processing screenshot image in /var/screenshots/screenshot-11560746169732698998
20:35:32.668 [Darkroom Processing Line] DEBUG net.serenitybdd.core.photography.DarkroomProcessingLine - Saving screenshot to target\site\serenity\45e6552cd0cdee5e4623b998cf81a6ea225ea0e03ce73b711577b0c221191a2c.png
20:35:32.673 [main] DEBUG net.thucydides.core.steps.StepInterceptor - STARTING STEP: RegisterSteps.ontheLoginPage - clickLoginIcon
20:35:32.675 [Forwarding findElement on session f856c7dea5397081d7d4f4a8acc832f0 to remote] DEBUG org.asynchttpclient.netty.request.NettyRequestSender - Using pooled Channel '[id: 0x2ac4c955, L:/127.0.0.1:51929 - R:localhost/127.0.0.1:49286]' for 'POST' to 'http://localhost:49286/session/f856c7dea5397081d7d4f4a8acc832f0/element'
20:35:32.675 [Forwarding findElement on session f856c7dea5397081d7d4f4a8acc832f0 to remote] DEBUG org.asynchttpclient.netty.request.NettyRequestSender - Using open Channel [id: 0x2ac4c955, L:/127.0.0.1:51929 - R:localhost/127.0.0.1:49286] for POST '/session/f856c7dea5397081d7d4f4a8acc832f0/element'
20:35:32.691 [AsyncHttpClient-1-11] DEBUG org.asynchttpclient.netty.handler.HttpHandler - 

Request DefaultHttpRequest(decodeResult: success, version: HTTP/1.1)
POST /session/f856c7dea5397081d7d4f4a8acc832f0/element HTTP/1.1
User-Agent: selenium/4.1.2 (java windows)
Content-Length: 139
Content-Type: application/json; charset=utf-8
host: localhost:49286
accept: */*

Response DefaultHttpResponse(decodeResult: success, version: HTTP/1.1)
HTTP/1.1 200 OK
Content-Type: application/json; charset=utf-8
cache-control: no-cache
content-length: 88

20:35:32.691 [AsyncHttpClient-1-11] DEBUG org.asynchttpclient.netty.channel.ChannelManager - Adding key: http://localhost:49286 for channel [id: 0x2ac4c955, L:/127.0.0.1:51929 - R:localhost/127.0.0.1:49286]
20:35:32.693 [Forwarding getElementTagName on session f856c7dea5397081d7d4f4a8acc832f0 to remote] DEBUG org.asynchttpclient.netty.request.NettyRequestSender - Using pooled Channel '[id: 0x2ac4c955, L:/127.0.0.1:51929 - R:localhost/127.0.0.1:49286]' for 'GET' to 'http://localhost:49286/session/f856c7dea5397081d7d4f4a8acc832f0/element/45c9b9fc-589d-42a0-8a0a-2ed24dbdd92e/name'
20:35:32.693 [Forwarding getElementTagName on session f856c7dea5397081d7d4f4a8acc832f0 to remote] DEBUG org.asynchttpclient.netty.request.NettyRequestSender - Using open Channel [id: 0x2ac4c955, L:/127.0.0.1:51929 - R:localhost/127.0.0.1:49286] for GET '/session/f856c7dea5397081d7d4f4a8acc832f0/element/45c9b9fc-589d-42a0-8a0a-2ed24dbdd92e/name'
20:35:32.697 [AsyncHttpClient-1-11] DEBUG org.asynchttpclient.netty.handler.HttpHandler - 

Request DefaultFullHttpRequest(decodeResult: success, version: HTTP/1.1, content: EmptyByteBufBE)
GET /session/f856c7dea5397081d7d4f4a8acc832f0/element/45c9b9fc-589d-42a0-8a0a-2ed24dbdd92e/name HTTP/1.1
User-Agent: selenium/4.1.2 (java windows)
Cache-Control: no-cache
Content-Type: application/json; charset=utf-8
host: localhost:49286
accept: */*

Response DefaultHttpResponse(decodeResult: success, version: HTTP/1.1)
HTTP/1.1 200 OK
Content-Type: application/json; charset=utf-8
cache-control: no-cache
content-length: 18

20:35:32.697 [AsyncHttpClient-1-11] DEBUG org.asynchttpclient.netty.channel.ChannelManager - Adding key: http://localhost:49286 for channel [id: 0x2ac4c955, L:/127.0.0.1:51929 - R:localhost/127.0.0.1:49286]
20:35:32.698 [Forwarding getElementTagName on session f856c7dea5397081d7d4f4a8acc832f0 to remote] DEBUG org.asynchttpclient.netty.request.NettyRequestSender - Using pooled Channel '[id: 0x2ac4c955, L:/127.0.0.1:51929 - R:localhost/127.0.0.1:49286]' for 'GET' to 'http://localhost:49286/session/f856c7dea5397081d7d4f4a8acc832f0/element/45c9b9fc-589d-42a0-8a0a-2ed24dbdd92e/name'
20:35:32.698 [Forwarding getElementTagName on session f856c7dea5397081d7d4f4a8acc832f0 to remote] DEBUG org.asynchttpclient.netty.request.NettyRequestSender - Using open Channel [id: 0x2ac4c955, L:/127.0.0.1:51929 - R:localhost/127.0.0.1:49286] for GET '/session/f856c7dea5397081d7d4f4a8acc832f0/element/45c9b9fc-589d-42a0-8a0a-2ed24dbdd92e/name'
20:35:32.700 [AsyncHttpClient-1-11] DEBUG org.asynchttpclient.netty.handler.HttpHandler - 

Request DefaultFullHttpRequest(decodeResult: success, version: HTTP/1.1, content: EmptyByteBufBE)
GET /session/f856c7dea5397081d7d4f4a8acc832f0/element/45c9b9fc-589d-42a0-8a0a-2ed24dbdd92e/name HTTP/1.1
User-Agent: selenium/4.1.2 (java windows)
Cache-Control: no-cache
Content-Type: application/json; charset=utf-8
host: localhost:49286
accept: */*

Response DefaultHttpResponse(decodeResult: success, version: HTTP/1.1)
HTTP/1.1 200 OK
Content-Type: application/json; charset=utf-8
cache-control: no-cache
content-length: 18

20:35:32.700 [AsyncHttpClient-1-11] DEBUG org.asynchttpclient.netty.channel.ChannelManager - Adding key: http://localhost:49286 for channel [id: 0x2ac4c955, L:/127.0.0.1:51929 - R:localhost/127.0.0.1:49286]
20:35:32.701 [Forwarding isElementEnabled on session f856c7dea5397081d7d4f4a8acc832f0 to remote] DEBUG org.asynchttpclient.netty.request.NettyRequestSender - Using pooled Channel '[id: 0x2ac4c955, L:/127.0.0.1:51929 - R:localhost/127.0.0.1:49286]' for 'GET' to 'http://localhost:49286/session/f856c7dea5397081d7d4f4a8acc832f0/element/45c9b9fc-589d-42a0-8a0a-2ed24dbdd92e/enabled'
20:35:32.701 [Forwarding isElementEnabled on session f856c7dea5397081d7d4f4a8acc832f0 to remote] DEBUG org.asynchttpclient.netty.request.NettyRequestSender - Using open Channel [id: 0x2ac4c955, L:/127.0.0.1:51929 - R:localhost/127.0.0.1:49286] for GET '/session/f856c7dea5397081d7d4f4a8acc832f0/element/45c9b9fc-589d-42a0-8a0a-2ed24dbdd92e/enabled'
20:35:32.707 [AsyncHttpClient-1-11] DEBUG org.asynchttpclient.netty.handler.HttpHandler - 

Request DefaultFullHttpRequest(decodeResult: success, version: HTTP/1.1, content: EmptyByteBufBE)
GET /session/f856c7dea5397081d7d4f4a8acc832f0/element/45c9b9fc-589d-42a0-8a0a-2ed24dbdd92e/enabled HTTP/1.1
User-Agent: selenium/4.1.2 (java windows)
Cache-Control: no-cache
Content-Type: application/json; charset=utf-8
host: localhost:49286
accept: */*

Response DefaultHttpResponse(decodeResult: success, version: HTTP/1.1)
HTTP/1.1 200 OK
Content-Type: application/json; charset=utf-8
cache-control: no-cache
content-length: 14

20:35:32.707 [AsyncHttpClient-1-11] DEBUG org.asynchttpclient.netty.channel.ChannelManager - Adding key: http://localhost:49286 for channel [id: 0x2ac4c955, L:/127.0.0.1:51929 - R:localhost/127.0.0.1:49286]
20:35:32.708 [Forwarding isElementEnabled on session f856c7dea5397081d7d4f4a8acc832f0 to remote] DEBUG org.asynchttpclient.netty.request.NettyRequestSender - Using pooled Channel '[id: 0x2ac4c955, L:/127.0.0.1:51929 - R:localhost/127.0.0.1:49286]' for 'GET' to 'http://localhost:49286/session/f856c7dea5397081d7d4f4a8acc832f0/element/45c9b9fc-589d-42a0-8a0a-2ed24dbdd92e/enabled'
20:35:32.708 [Forwarding isElementEnabled on session f856c7dea5397081d7d4f4a8acc832f0 to remote] DEBUG org.asynchttpclient.netty.request.NettyRequestSender - Using open Channel [id: 0x2ac4c955, L:/127.0.0.1:51929 - R:localhost/127.0.0.1:49286] for GET '/session/f856c7dea5397081d7d4f4a8acc832f0/element/45c9b9fc-589d-42a0-8a0a-2ed24dbdd92e/enabled'
20:35:32.711 [AsyncHttpClient-1-11] DEBUG org.asynchttpclient.netty.handler.HttpHandler - 

Request DefaultFullHttpRequest(decodeResult: success, version: HTTP/1.1, content: EmptyByteBufBE)
GET /session/f856c7dea5397081d7d4f4a8acc832f0/element/45c9b9fc-589d-42a0-8a0a-2ed24dbdd92e/enabled HTTP/1.1
User-Agent: selenium/4.1.2 (java windows)
Cache-Control: no-cache
Content-Type: application/json; charset=utf-8
host: localhost:49286
accept: */*

Response DefaultHttpResponse(decodeResult: success, version: HTTP/1.1)
HTTP/1.1 200 OK
Content-Type: application/json; charset=utf-8
cache-control: no-cache
content-length: 14

20:35:32.711 [AsyncHttpClient-1-11] DEBUG org.asynchttpclient.netty.channel.ChannelManager - Adding key: http://localhost:49286 for channel [id: 0x2ac4c955, L:/127.0.0.1:51929 - R:localhost/127.0.0.1:49286]
20:35:32.713 [Forwarding findElement on session f856c7dea5397081d7d4f4a8acc832f0 to remote] DEBUG org.asynchttpclient.netty.request.NettyRequestSender - Using pooled Channel '[id: 0x2ac4c955, L:/127.0.0.1:51929 - R:localhost/127.0.0.1:49286]' for 'POST' to 'http://localhost:49286/session/f856c7dea5397081d7d4f4a8acc832f0/element'
20:35:32.713 [Forwarding findElement on session f856c7dea5397081d7d4f4a8acc832f0 to remote] DEBUG org.asynchttpclient.netty.request.NettyRequestSender - Using open Channel [id: 0x2ac4c955, L:/127.0.0.1:51929 - R:localhost/127.0.0.1:49286] for POST '/session/f856c7dea5397081d7d4f4a8acc832f0/element'
20:35:32.718 [AsyncHttpClient-1-11] DEBUG org.asynchttpclient.netty.handler.HttpHandler - 

Request DefaultHttpRequest(decodeResult: success, version: HTTP/1.1)
POST /session/f856c7dea5397081d7d4f4a8acc832f0/element HTTP/1.1
User-Agent: selenium/4.1.2 (java windows)
Content-Length: 139
Content-Type: application/json; charset=utf-8
host: localhost:49286
accept: */*

Response DefaultHttpResponse(decodeResult: success, version: HTTP/1.1)
HTTP/1.1 200 OK
Content-Type: application/json; charset=utf-8
cache-control: no-cache
content-length: 88

20:35:32.718 [AsyncHttpClient-1-11] DEBUG org.asynchttpclient.netty.channel.ChannelManager - Adding key: http://localhost:49286 for channel [id: 0x2ac4c955, L:/127.0.0.1:51929 - R:localhost/127.0.0.1:49286]
20:35:32.719 [Forwarding clickElement on session f856c7dea5397081d7d4f4a8acc832f0 to remote] DEBUG org.asynchttpclient.netty.request.NettyRequestSender - Using pooled Channel '[id: 0x2ac4c955, L:/127.0.0.1:51929 - R:localhost/127.0.0.1:49286]' for 'POST' to 'http://localhost:49286/session/f856c7dea5397081d7d4f4a8acc832f0/element/45c9b9fc-589d-42a0-8a0a-2ed24dbdd92e/click'
20:35:32.719 [Forwarding clickElement on session f856c7dea5397081d7d4f4a8acc832f0 to remote] DEBUG org.asynchttpclient.netty.request.NettyRequestSender - Using open Channel [id: 0x2ac4c955, L:/127.0.0.1:51929 - R:localhost/127.0.0.1:49286] for POST '/session/f856c7dea5397081d7d4f4a8acc832f0/element/45c9b9fc-589d-42a0-8a0a-2ed24dbdd92e/click'
20:35:32.748 [AsyncHttpClient-1-11] DEBUG org.asynchttpclient.netty.handler.HttpHandler - 

Request DefaultHttpRequest(decodeResult: success, version: HTTP/1.1)
POST /session/f856c7dea5397081d7d4f4a8acc832f0/element/45c9b9fc-589d-42a0-8a0a-2ed24dbdd92e/click HTTP/1.1
User-Agent: selenium/4.1.2 (java windows)
Content-Length: 50
Content-Type: application/json; charset=utf-8
host: localhost:49286
accept: */*

Response DefaultHttpResponse(decodeResult: success, version: HTTP/1.1)
HTTP/1.1 200 OK
Content-Type: application/json; charset=utf-8
cache-control: no-cache
content-length: 14

20:35:32.748 [AsyncHttpClient-1-11] DEBUG org.asynchttpclient.netty.channel.ChannelManager - Adding key: http://localhost:49286 for channel [id: 0x2ac4c955, L:/127.0.0.1:51929 - R:localhost/127.0.0.1:49286]
20:35:32.752 [Forwarding screenshot on session f856c7dea5397081d7d4f4a8acc832f0 to remote] DEBUG org.asynchttpclient.netty.request.NettyRequestSender - Using pooled Channel '[id: 0x2ac4c955, L:/127.0.0.1:51929 - R:localhost/127.0.0.1:49286]' for 'GET' to 'http://localhost:49286/session/f856c7dea5397081d7d4f4a8acc832f0/screenshot'
20:35:32.752 [Forwarding screenshot on session f856c7dea5397081d7d4f4a8acc832f0 to remote] DEBUG org.asynchttpclient.netty.request.NettyRequestSender - Using open Channel [id: 0x2ac4c955, L:/127.0.0.1:51929 - R:localhost/127.0.0.1:49286] for GET '/session/f856c7dea5397081d7d4f4a8acc832f0/screenshot'
20:35:33.060 [AsyncHttpClient-1-11] DEBUG org.asynchttpclient.netty.handler.HttpHandler - 

Request DefaultFullHttpRequest(decodeResult: success, version: HTTP/1.1, content: EmptyByteBufBE)
GET /session/f856c7dea5397081d7d4f4a8acc832f0/screenshot HTTP/1.1
User-Agent: selenium/4.1.2 (java windows)
Cache-Control: no-cache
Content-Type: application/json; charset=utf-8
host: localhost:49286
accept: */*

Response DefaultHttpResponse(decodeResult: success, version: HTTP/1.1)
HTTP/1.1 200 OK
Content-Type: application/json; charset=utf-8
cache-control: no-cache
content-length: 26284

20:35:33.060 [AsyncHttpClient-1-11] DEBUG org.asynchttpclient.netty.channel.ChannelManager - Adding key: http://localhost:49286 for channel [id: 0x2ac4c955, L:/127.0.0.1:51929 - R:localhost/127.0.0.1:49286]
20:35:33.061 [main] DEBUG net.serenitybdd.core.photography.Darkroom - Send negative for processing for target\site\serenity\0009250b88bd5efec13e814d5bb8003fb57b012ec30de12d1bdc66fa15ceb879.png
20:35:33.062 [main] DEBUG net.thucydides.core.steps.StepInterceptor - STEP DONE: clickLoginIcon
20:35:33.062 [Darkroom Processing Line] DEBUG net.serenitybdd.core.photography.DarkroomProcessingLine - Processing screenshot image in /var/screenshots/screenshot-17826706010503348345
20:35:33.062 [Darkroom Processing Line] DEBUG net.serenitybdd.core.photography.DarkroomProcessingLine - Saving screenshot to target\site\serenity\0009250b88bd5efec13e814d5bb8003fb57b012ec30de12d1bdc66fa15ceb879.png
20:35:33.066 [main] DEBUG net.thucydides.core.steps.StepInterceptor - STARTING STEP: RegisterSteps.ontheLoginPage - clickRegister
20:35:33.068 [Forwarding findElement on session f856c7dea5397081d7d4f4a8acc832f0 to remote] DEBUG org.asynchttpclient.netty.request.NettyRequestSender - Using pooled Channel '[id: 0x2ac4c955, L:/127.0.0.1:51929 - R:localhost/127.0.0.1:49286]' for 'POST' to 'http://localhost:49286/session/f856c7dea5397081d7d4f4a8acc832f0/element'
20:35:33.068 [Forwarding findElement on session f856c7dea5397081d7d4f4a8acc832f0 to remote] DEBUG org.asynchttpclient.netty.request.NettyRequestSender - Using open Channel [id: 0x2ac4c955, L:/127.0.0.1:51929 - R:localhost/127.0.0.1:49286] for POST '/session/f856c7dea5397081d7d4f4a8acc832f0/element'
20:35:33.075 [AsyncHttpClient-1-11] DEBUG org.asynchttpclient.netty.handler.HttpHandler - 

Request DefaultHttpRequest(decodeResult: success, version: HTTP/1.1)
POST /session/f856c7dea5397081d7d4f4a8acc832f0/element HTTP/1.1
User-Agent: selenium/4.1.2 (java windows)
Content-Length: 79
Content-Type: application/json; charset=utf-8
host: localhost:49286
accept: */*

Response DefaultHttpResponse(decodeResult: success, version: HTTP/1.1)
HTTP/1.1 200 OK
Content-Type: application/json; charset=utf-8
cache-control: no-cache
content-length: 88

20:35:33.075 [AsyncHttpClient-1-11] DEBUG org.asynchttpclient.netty.channel.ChannelManager - Adding key: http://localhost:49286 for channel [id: 0x2ac4c955, L:/127.0.0.1:51929 - R:localhost/127.0.0.1:49286]
20:35:33.076 [Forwarding getElementTagName on session f856c7dea5397081d7d4f4a8acc832f0 to remote] DEBUG org.asynchttpclient.netty.request.NettyRequestSender - Using pooled Channel '[id: 0x2ac4c955, L:/127.0.0.1:51929 - R:localhost/127.0.0.1:49286]' for 'GET' to 'http://localhost:49286/session/f856c7dea5397081d7d4f4a8acc832f0/element/99678345-4cae-41e8-a965-82231284eb28/name'
20:35:33.076 [Forwarding getElementTagName on session f856c7dea5397081d7d4f4a8acc832f0 to remote] DEBUG org.asynchttpclient.netty.request.NettyRequestSender - Using open Channel [id: 0x2ac4c955, L:/127.0.0.1:51929 - R:localhost/127.0.0.1:49286] for GET '/session/f856c7dea5397081d7d4f4a8acc832f0/element/99678345-4cae-41e8-a965-82231284eb28/name'
20:35:33.079 [AsyncHttpClient-1-11] DEBUG org.asynchttpclient.netty.handler.HttpHandler - 

Request DefaultFullHttpRequest(decodeResult: success, version: HTTP/1.1, content: EmptyByteBufBE)
GET /session/f856c7dea5397081d7d4f4a8acc832f0/element/99678345-4cae-41e8-a965-82231284eb28/name HTTP/1.1
User-Agent: selenium/4.1.2 (java windows)
Cache-Control: no-cache
Content-Type: application/json; charset=utf-8
host: localhost:49286
accept: */*

Response DefaultHttpResponse(decodeResult: success, version: HTTP/1.1)
HTTP/1.1 200 OK
Content-Type: application/json; charset=utf-8
cache-control: no-cache
content-length: 13

20:35:33.079 [AsyncHttpClient-1-11] DEBUG org.asynchttpclient.netty.channel.ChannelManager - Adding key: http://localhost:49286 for channel [id: 0x2ac4c955, L:/127.0.0.1:51929 - R:localhost/127.0.0.1:49286]
20:35:33.080 [Forwarding getElementTagName on session f856c7dea5397081d7d4f4a8acc832f0 to remote] DEBUG org.asynchttpclient.netty.request.NettyRequestSender - Using pooled Channel '[id: 0x2ac4c955, L:/127.0.0.1:51929 - R:localhost/127.0.0.1:49286]' for 'GET' to 'http://localhost:49286/session/f856c7dea5397081d7d4f4a8acc832f0/element/99678345-4cae-41e8-a965-82231284eb28/name'
20:35:33.080 [Forwarding getElementTagName on session f856c7dea5397081d7d4f4a8acc832f0 to remote] DEBUG org.asynchttpclient.netty.request.NettyRequestSender - Using open Channel [id: 0x2ac4c955, L:/127.0.0.1:51929 - R:localhost/127.0.0.1:49286] for GET '/session/f856c7dea5397081d7d4f4a8acc832f0/element/99678345-4cae-41e8-a965-82231284eb28/name'
20:35:33.083 [AsyncHttpClient-1-11] DEBUG org.asynchttpclient.netty.handler.HttpHandler - 

Request DefaultFullHttpRequest(decodeResult: success, version: HTTP/1.1, content: EmptyByteBufBE)
GET /session/f856c7dea5397081d7d4f4a8acc832f0/element/99678345-4cae-41e8-a965-82231284eb28/name HTTP/1.1
User-Agent: selenium/4.1.2 (java windows)
Cache-Control: no-cache
Content-Type: application/json; charset=utf-8
host: localhost:49286
accept: */*

Response DefaultHttpResponse(decodeResult: success, version: HTTP/1.1)
HTTP/1.1 200 OK
Content-Type: application/json; charset=utf-8
cache-control: no-cache
content-length: 13

20:35:33.083 [AsyncHttpClient-1-11] DEBUG org.asynchttpclient.netty.channel.ChannelManager - Adding key: http://localhost:49286 for channel [id: 0x2ac4c955, L:/127.0.0.1:51929 - R:localhost/127.0.0.1:49286]
20:35:33.086 [Forwarding findElement on session f856c7dea5397081d7d4f4a8acc832f0 to remote] DEBUG org.asynchttpclient.netty.request.NettyRequestSender - Using pooled Channel '[id: 0x2ac4c955, L:/127.0.0.1:51929 - R:localhost/127.0.0.1:49286]' for 'POST' to 'http://localhost:49286/session/f856c7dea5397081d7d4f4a8acc832f0/element'
20:35:33.086 [Forwarding findElement on session f856c7dea5397081d7d4f4a8acc832f0 to remote] DEBUG org.asynchttpclient.netty.request.NettyRequestSender - Using open Channel [id: 0x2ac4c955, L:/127.0.0.1:51929 - R:localhost/127.0.0.1:49286] for POST '/session/f856c7dea5397081d7d4f4a8acc832f0/element'
20:35:33.092 [AsyncHttpClient-1-11] DEBUG org.asynchttpclient.netty.handler.HttpHandler - 

Request DefaultHttpRequest(decodeResult: success, version: HTTP/1.1)
POST /session/f856c7dea5397081d7d4f4a8acc832f0/element HTTP/1.1
User-Agent: selenium/4.1.2 (java windows)
Content-Length: 79
Content-Type: application/json; charset=utf-8
host: localhost:49286
accept: */*

Response DefaultHttpResponse(decodeResult: success, version: HTTP/1.1)
HTTP/1.1 200 OK
Content-Type: application/json; charset=utf-8
cache-control: no-cache
content-length: 88

20:35:33.092 [AsyncHttpClient-1-11] DEBUG org.asynchttpclient.netty.channel.ChannelManager - Adding key: http://localhost:49286 for channel [id: 0x2ac4c955, L:/127.0.0.1:51929 - R:localhost/127.0.0.1:49286]
20:35:33.093 [Forwarding clickElement on session f856c7dea5397081d7d4f4a8acc832f0 to remote] DEBUG org.asynchttpclient.netty.request.NettyRequestSender - Using pooled Channel '[id: 0x2ac4c955, L:/127.0.0.1:51929 - R:localhost/127.0.0.1:49286]' for 'POST' to 'http://localhost:49286/session/f856c7dea5397081d7d4f4a8acc832f0/element/99678345-4cae-41e8-a965-82231284eb28/click'
20:35:33.093 [Forwarding clickElement on session f856c7dea5397081d7d4f4a8acc832f0 to remote] DEBUG org.asynchttpclient.netty.request.NettyRequestSender - Using open Channel [id: 0x2ac4c955, L:/127.0.0.1:51929 - R:localhost/127.0.0.1:49286] for POST '/session/f856c7dea5397081d7d4f4a8acc832f0/element/99678345-4cae-41e8-a965-82231284eb28/click'
20:35:33.123 [AsyncHttpClient-1-11] DEBUG org.asynchttpclient.netty.handler.HttpHandler - 

Request DefaultHttpRequest(decodeResult: success, version: HTTP/1.1)
POST /session/f856c7dea5397081d7d4f4a8acc832f0/element/99678345-4cae-41e8-a965-82231284eb28/click HTTP/1.1
User-Agent: selenium/4.1.2 (java windows)
Content-Length: 50
Content-Type: application/json; charset=utf-8
host: localhost:49286
accept: */*

Response DefaultHttpResponse(decodeResult: success, version: HTTP/1.1)
HTTP/1.1 200 OK
Content-Type: application/json; charset=utf-8
cache-control: no-cache
content-length: 14

20:35:33.123 [AsyncHttpClient-1-11] DEBUG org.asynchttpclient.netty.channel.ChannelManager - Adding key: http://localhost:49286 for channel [id: 0x2ac4c955, L:/127.0.0.1:51929 - R:localhost/127.0.0.1:49286]
20:35:33.128 [Forwarding screenshot on session f856c7dea5397081d7d4f4a8acc832f0 to remote] DEBUG org.asynchttpclient.netty.request.NettyRequestSender - Using pooled Channel '[id: 0x2ac4c955, L:/127.0.0.1:51929 - R:localhost/127.0.0.1:49286]' for 'GET' to 'http://localhost:49286/session/f856c7dea5397081d7d4f4a8acc832f0/screenshot'
20:35:33.128 [Forwarding screenshot on session f856c7dea5397081d7d4f4a8acc832f0 to remote] DEBUG org.asynchttpclient.netty.request.NettyRequestSender - Using open Channel [id: 0x2ac4c955, L:/127.0.0.1:51929 - R:localhost/127.0.0.1:49286] for GET '/session/f856c7dea5397081d7d4f4a8acc832f0/screenshot'
20:35:33.277 [AsyncHttpClient-1-11] DEBUG org.asynchttpclient.netty.handler.HttpHandler - 

Request DefaultFullHttpRequest(decodeResult: success, version: HTTP/1.1, content: EmptyByteBufBE)
GET /session/f856c7dea5397081d7d4f4a8acc832f0/screenshot HTTP/1.1
User-Agent: selenium/4.1.2 (java windows)
Cache-Control: no-cache
Content-Type: application/json; charset=utf-8
host: localhost:49286
accept: */*

Response DefaultHttpResponse(decodeResult: success, version: HTTP/1.1)
HTTP/1.1 200 OK
Content-Type: application/json; charset=utf-8
cache-control: no-cache
content-length: 30608

20:35:33.277 [AsyncHttpClient-1-11] DEBUG org.asynchttpclient.netty.channel.ChannelManager - Adding key: http://localhost:49286 for channel [id: 0x2ac4c955, L:/127.0.0.1:51929 - R:localhost/127.0.0.1:49286]
20:35:33.278 [main] DEBUG net.serenitybdd.core.photography.Darkroom - Send negative for processing for target\site\serenity\c3cceef4aa0c91472782668f5bdf0b0f04605e90c633a9a999280062e04a09e9.png
20:35:33.278 [main] DEBUG net.thucydides.core.steps.StepInterceptor - STEP DONE: clickRegister
20:35:33.278 [Darkroom Processing Line] DEBUG net.serenitybdd.core.photography.DarkroomProcessingLine - Processing screenshot image in /var/screenshots/screenshot-4837780243611597316
20:35:33.278 [Darkroom Processing Line] DEBUG net.serenitybdd.core.photography.DarkroomProcessingLine - Saving screenshot to target\site\serenity\c3cceef4aa0c91472782668f5bdf0b0f04605e90c633a9a999280062e04a09e9.png
20:35:33.282 [main] DEBUG net.thucydides.core.steps.StepInterceptor - STARTING STEP: RegisterSteps.ontheLoginPage - clickRegisterIcon
20:35:33.285 [Forwarding findElement on session f856c7dea5397081d7d4f4a8acc832f0 to remote] DEBUG org.asynchttpclient.netty.request.NettyRequestSender - Using pooled Channel '[id: 0x2ac4c955, L:/127.0.0.1:51929 - R:localhost/127.0.0.1:49286]' for 'POST' to 'http://localhost:49286/session/f856c7dea5397081d7d4f4a8acc832f0/element'
20:35:33.285 [Forwarding findElement on session f856c7dea5397081d7d4f4a8acc832f0 to remote] DEBUG org.asynchttpclient.netty.request.NettyRequestSender - Using open Channel [id: 0x2ac4c955, L:/127.0.0.1:51929 - R:localhost/127.0.0.1:49286] for POST '/session/f856c7dea5397081d7d4f4a8acc832f0/element'
20:35:33.293 [AsyncHttpClient-1-11] DEBUG org.asynchttpclient.netty.handler.HttpHandler - 

Request DefaultHttpRequest(decodeResult: success, version: HTTP/1.1)
POST /session/f856c7dea5397081d7d4f4a8acc832f0/element HTTP/1.1
User-Agent: selenium/4.1.2 (java windows)
Content-Length: 151
Content-Type: application/json; charset=utf-8
host: localhost:49286
accept: */*

Response DefaultHttpResponse(decodeResult: success, version: HTTP/1.1)
HTTP/1.1 200 OK
Content-Type: application/json; charset=utf-8
cache-control: no-cache
content-length: 88

20:35:33.294 [AsyncHttpClient-1-11] DEBUG org.asynchttpclient.netty.channel.ChannelManager - Adding key: http://localhost:49286 for channel [id: 0x2ac4c955, L:/127.0.0.1:51929 - R:localhost/127.0.0.1:49286]
20:35:33.296 [Forwarding getElementTagName on session f856c7dea5397081d7d4f4a8acc832f0 to remote] DEBUG org.asynchttpclient.netty.request.NettyRequestSender - Using pooled Channel '[id: 0x2ac4c955, L:/127.0.0.1:51929 - R:localhost/127.0.0.1:49286]' for 'GET' to 'http://localhost:49286/session/f856c7dea5397081d7d4f4a8acc832f0/element/46649736-3276-470f-9f16-b1c25c49bca1/name'
20:35:33.296 [Forwarding getElementTagName on session f856c7dea5397081d7d4f4a8acc832f0 to remote] DEBUG org.asynchttpclient.netty.request.NettyRequestSender - Using open Channel [id: 0x2ac4c955, L:/127.0.0.1:51929 - R:localhost/127.0.0.1:49286] for GET '/session/f856c7dea5397081d7d4f4a8acc832f0/element/46649736-3276-470f-9f16-b1c25c49bca1/name'
20:35:33.298 [AsyncHttpClient-1-11] DEBUG org.asynchttpclient.netty.handler.HttpHandler - 

Request DefaultFullHttpRequest(decodeResult: success, version: HTTP/1.1, content: EmptyByteBufBE)
GET /session/f856c7dea5397081d7d4f4a8acc832f0/element/46649736-3276-470f-9f16-b1c25c49bca1/name HTTP/1.1
User-Agent: selenium/4.1.2 (java windows)
Cache-Control: no-cache
Content-Type: application/json; charset=utf-8
host: localhost:49286
accept: */*

Response DefaultHttpResponse(decodeResult: success, version: HTTP/1.1)
HTTP/1.1 200 OK
Content-Type: application/json; charset=utf-8
cache-control: no-cache
content-length: 18

20:35:33.298 [AsyncHttpClient-1-11] DEBUG org.asynchttpclient.netty.channel.ChannelManager - Adding key: http://localhost:49286 for channel [id: 0x2ac4c955, L:/127.0.0.1:51929 - R:localhost/127.0.0.1:49286]
20:35:33.299 [Forwarding getElementTagName on session f856c7dea5397081d7d4f4a8acc832f0 to remote] DEBUG org.asynchttpclient.netty.request.NettyRequestSender - Using pooled Channel '[id: 0x2ac4c955, L:/127.0.0.1:51929 - R:localhost/127.0.0.1:49286]' for 'GET' to 'http://localhost:49286/session/f856c7dea5397081d7d4f4a8acc832f0/element/46649736-3276-470f-9f16-b1c25c49bca1/name'
20:35:33.299 [Forwarding getElementTagName on session f856c7dea5397081d7d4f4a8acc832f0 to remote] DEBUG org.asynchttpclient.netty.request.NettyRequestSender - Using open Channel [id: 0x2ac4c955, L:/127.0.0.1:51929 - R:localhost/127.0.0.1:49286] for GET '/session/f856c7dea5397081d7d4f4a8acc832f0/element/46649736-3276-470f-9f16-b1c25c49bca1/name'
20:35:33.302 [AsyncHttpClient-1-11] DEBUG org.asynchttpclient.netty.handler.HttpHandler - 

Request DefaultFullHttpRequest(decodeResult: success, version: HTTP/1.1, content: EmptyByteBufBE)
GET /session/f856c7dea5397081d7d4f4a8acc832f0/element/46649736-3276-470f-9f16-b1c25c49bca1/name HTTP/1.1
User-Agent: selenium/4.1.2 (java windows)
Cache-Control: no-cache
Content-Type: application/json; charset=utf-8
host: localhost:49286
accept: */*

Response DefaultHttpResponse(decodeResult: success, version: HTTP/1.1)
HTTP/1.1 200 OK
Content-Type: application/json; charset=utf-8
cache-control: no-cache
content-length: 18

20:35:33.303 [AsyncHttpClient-1-11] DEBUG org.asynchttpclient.netty.channel.ChannelManager - Adding key: http://localhost:49286 for channel [id: 0x2ac4c955, L:/127.0.0.1:51929 - R:localhost/127.0.0.1:49286]
20:35:33.304 [Forwarding isElementEnabled on session f856c7dea5397081d7d4f4a8acc832f0 to remote] DEBUG org.asynchttpclient.netty.request.NettyRequestSender - Using pooled Channel '[id: 0x2ac4c955, L:/127.0.0.1:51929 - R:localhost/127.0.0.1:49286]' for 'GET' to 'http://localhost:49286/session/f856c7dea5397081d7d4f4a8acc832f0/element/46649736-3276-470f-9f16-b1c25c49bca1/enabled'
20:35:33.304 [Forwarding isElementEnabled on session f856c7dea5397081d7d4f4a8acc832f0 to remote] DEBUG org.asynchttpclient.netty.request.NettyRequestSender - Using open Channel [id: 0x2ac4c955, L:/127.0.0.1:51929 - R:localhost/127.0.0.1:49286] for GET '/session/f856c7dea5397081d7d4f4a8acc832f0/element/46649736-3276-470f-9f16-b1c25c49bca1/enabled'
20:35:33.309 [AsyncHttpClient-1-11] DEBUG org.asynchttpclient.netty.handler.HttpHandler - 

Request DefaultFullHttpRequest(decodeResult: success, version: HTTP/1.1, content: EmptyByteBufBE)
GET /session/f856c7dea5397081d7d4f4a8acc832f0/element/46649736-3276-470f-9f16-b1c25c49bca1/enabled HTTP/1.1
User-Agent: selenium/4.1.2 (java windows)
Cache-Control: no-cache
Content-Type: application/json; charset=utf-8
host: localhost:49286
accept: */*

Response DefaultHttpResponse(decodeResult: success, version: HTTP/1.1)
HTTP/1.1 200 OK
Content-Type: application/json; charset=utf-8
cache-control: no-cache
content-length: 14

20:35:33.309 [AsyncHttpClient-1-11] DEBUG org.asynchttpclient.netty.channel.ChannelManager - Adding key: http://localhost:49286 for channel [id: 0x2ac4c955, L:/127.0.0.1:51929 - R:localhost/127.0.0.1:49286]
20:35:33.309 [Forwarding isElementEnabled on session f856c7dea5397081d7d4f4a8acc832f0 to remote] DEBUG org.asynchttpclient.netty.request.NettyRequestSender - Using pooled Channel '[id: 0x2ac4c955, L:/127.0.0.1:51929 - R:localhost/127.0.0.1:49286]' for 'GET' to 'http://localhost:49286/session/f856c7dea5397081d7d4f4a8acc832f0/element/46649736-3276-470f-9f16-b1c25c49bca1/enabled'
20:35:33.309 [Forwarding isElementEnabled on session f856c7dea5397081d7d4f4a8acc832f0 to remote] DEBUG org.asynchttpclient.netty.request.NettyRequestSender - Using open Channel [id: 0x2ac4c955, L:/127.0.0.1:51929 - R:localhost/127.0.0.1:49286] for GET '/session/f856c7dea5397081d7d4f4a8acc832f0/element/46649736-3276-470f-9f16-b1c25c49bca1/enabled'
20:35:33.312 [AsyncHttpClient-1-11] DEBUG org.asynchttpclient.netty.handler.HttpHandler - 

Request DefaultFullHttpRequest(decodeResult: success, version: HTTP/1.1, content: EmptyByteBufBE)
GET /session/f856c7dea5397081d7d4f4a8acc832f0/element/46649736-3276-470f-9f16-b1c25c49bca1/enabled HTTP/1.1
User-Agent: selenium/4.1.2 (java windows)
Cache-Control: no-cache
Content-Type: application/json; charset=utf-8
host: localhost:49286
accept: */*

Response DefaultHttpResponse(decodeResult: success, version: HTTP/1.1)
HTTP/1.1 200 OK
Content-Type: application/json; charset=utf-8
cache-control: no-cache
content-length: 14

20:35:33.312 [AsyncHttpClient-1-11] DEBUG org.asynchttpclient.netty.channel.ChannelManager - Adding key: http://localhost:49286 for channel [id: 0x2ac4c955, L:/127.0.0.1:51929 - R:localhost/127.0.0.1:49286]
20:35:33.313 [Forwarding findElement on session f856c7dea5397081d7d4f4a8acc832f0 to remote] DEBUG org.asynchttpclient.netty.request.NettyRequestSender - Using pooled Channel '[id: 0x2ac4c955, L:/127.0.0.1:51929 - R:localhost/127.0.0.1:49286]' for 'POST' to 'http://localhost:49286/session/f856c7dea5397081d7d4f4a8acc832f0/element'
20:35:33.313 [Forwarding findElement on session f856c7dea5397081d7d4f4a8acc832f0 to remote] DEBUG org.asynchttpclient.netty.request.NettyRequestSender - Using open Channel [id: 0x2ac4c955, L:/127.0.0.1:51929 - R:localhost/127.0.0.1:49286] for POST '/session/f856c7dea5397081d7d4f4a8acc832f0/element'
20:35:33.320 [AsyncHttpClient-1-11] DEBUG org.asynchttpclient.netty.handler.HttpHandler - 

Request DefaultHttpRequest(decodeResult: success, version: HTTP/1.1)
POST /session/f856c7dea5397081d7d4f4a8acc832f0/element HTTP/1.1
User-Agent: selenium/4.1.2 (java windows)
Content-Length: 151
Content-Type: application/json; charset=utf-8
host: localhost:49286
accept: */*

Response DefaultHttpResponse(decodeResult: success, version: HTTP/1.1)
HTTP/1.1 200 OK
Content-Type: application/json; charset=utf-8
cache-control: no-cache
content-length: 88

20:35:33.321 [AsyncHttpClient-1-11] DEBUG org.asynchttpclient.netty.channel.ChannelManager - Adding key: http://localhost:49286 for channel [id: 0x2ac4c955, L:/127.0.0.1:51929 - R:localhost/127.0.0.1:49286]
20:35:33.323 [Forwarding clickElement on session f856c7dea5397081d7d4f4a8acc832f0 to remote] DEBUG org.asynchttpclient.netty.request.NettyRequestSender - Using pooled Channel '[id: 0x2ac4c955, L:/127.0.0.1:51929 - R:localhost/127.0.0.1:49286]' for 'POST' to 'http://localhost:49286/session/f856c7dea5397081d7d4f4a8acc832f0/element/46649736-3276-470f-9f16-b1c25c49bca1/click'
20:35:33.323 [Forwarding clickElement on session f856c7dea5397081d7d4f4a8acc832f0 to remote] DEBUG org.asynchttpclient.netty.request.NettyRequestSender - Using open Channel [id: 0x2ac4c955, L:/127.0.0.1:51929 - R:localhost/127.0.0.1:49286] for POST '/session/f856c7dea5397081d7d4f4a8acc832f0/element/46649736-3276-470f-9f16-b1c25c49bca1/click'
20:35:33.346 [AsyncHttpClient-1-11] DEBUG org.asynchttpclient.netty.handler.HttpHandler - 

Request DefaultHttpRequest(decodeResult: success, version: HTTP/1.1)
POST /session/f856c7dea5397081d7d4f4a8acc832f0/element/46649736-3276-470f-9f16-b1c25c49bca1/click HTTP/1.1
User-Agent: selenium/4.1.2 (java windows)
Content-Length: 50
Content-Type: application/json; charset=utf-8
host: localhost:49286
accept: */*

Response DefaultHttpResponse(decodeResult: success, version: HTTP/1.1)
HTTP/1.1 200 OK
Content-Type: application/json; charset=utf-8
cache-control: no-cache
content-length: 14

20:35:33.346 [AsyncHttpClient-1-11] DEBUG org.asynchttpclient.netty.channel.ChannelManager - Adding key: http://localhost:49286 for channel [id: 0x2ac4c955, L:/127.0.0.1:51929 - R:localhost/127.0.0.1:49286]
20:35:33.350 [Forwarding screenshot on session f856c7dea5397081d7d4f4a8acc832f0 to remote] DEBUG org.asynchttpclient.netty.request.NettyRequestSender - Using pooled Channel '[id: 0x2ac4c955, L:/127.0.0.1:51929 - R:localhost/127.0.0.1:49286]' for 'GET' to 'http://localhost:49286/session/f856c7dea5397081d7d4f4a8acc832f0/screenshot'
20:35:33.350 [Forwarding screenshot on session f856c7dea5397081d7d4f4a8acc832f0 to remote] DEBUG org.asynchttpclient.netty.request.NettyRequestSender - Using open Channel [id: 0x2ac4c955, L:/127.0.0.1:51929 - R:localhost/127.0.0.1:49286] for GET '/session/f856c7dea5397081d7d4f4a8acc832f0/screenshot'
20:35:33.509 [AsyncHttpClient-1-11] DEBUG org.asynchttpclient.netty.handler.HttpHandler - 

Request DefaultFullHttpRequest(decodeResult: success, version: HTTP/1.1, content: EmptyByteBufBE)
GET /session/f856c7dea5397081d7d4f4a8acc832f0/screenshot HTTP/1.1
User-Agent: selenium/4.1.2 (java windows)
Cache-Control: no-cache
Content-Type: application/json; charset=utf-8
host: localhost:49286
accept: */*

Response DefaultHttpResponse(decodeResult: success, version: HTTP/1.1)
HTTP/1.1 200 OK
Content-Type: application/json; charset=utf-8
cache-control: no-cache
content-length: 31932

20:35:33.509 [AsyncHttpClient-1-11] DEBUG org.asynchttpclient.netty.channel.ChannelManager - Adding key: http://localhost:49286 for channel [id: 0x2ac4c955, L:/127.0.0.1:51929 - R:localhost/127.0.0.1:49286]
20:35:33.511 [main] DEBUG net.serenitybdd.core.photography.Darkroom - Send negative for processing for target\site\serenity\8a0dae99fed1dc0654add33927d57bb86eac62c0e66415f52f0809259ef5338b.png
20:35:33.511 [main] DEBUG net.thucydides.core.steps.StepInterceptor - STEP DONE: clickRegisterIcon
20:35:33.511 [Darkroom Processing Line] DEBUG net.serenitybdd.core.photography.DarkroomProcessingLine - Processing screenshot image in /var/screenshots/screenshot-8590035060277536717
20:35:33.511 [Darkroom Processing Line] DEBUG net.serenitybdd.core.photography.DarkroomProcessingLine - Saving screenshot to target\site\serenity\8a0dae99fed1dc0654add33927d57bb86eac62c0e66415f52f0809259ef5338b.png
20:35:33.515 [main] DEBUG net.thucydides.core.steps.StepInterceptor - STARTING STEP: RegisterSteps.ontheLoginPage - validateonLoginPage
20:35:33.516 [Forwarding findElement on session f856c7dea5397081d7d4f4a8acc832f0 to remote] DEBUG org.asynchttpclient.netty.request.NettyRequestSender - Using pooled Channel '[id: 0x2ac4c955, L:/127.0.0.1:51929 - R:localhost/127.0.0.1:49286]' for 'POST' to 'http://localhost:49286/session/f856c7dea5397081d7d4f4a8acc832f0/element'
20:35:33.516 [Forwarding findElement on session f856c7dea5397081d7d4f4a8acc832f0 to remote] DEBUG org.asynchttpclient.netty.request.NettyRequestSender - Using open Channel [id: 0x2ac4c955, L:/127.0.0.1:51929 - R:localhost/127.0.0.1:49286] for POST '/session/f856c7dea5397081d7d4f4a8acc832f0/element'
20:35:33.525 [AsyncHttpClient-1-11] DEBUG org.asynchttpclient.netty.handler.HttpHandler - 

Request DefaultHttpRequest(decodeResult: success, version: HTTP/1.1)
POST /session/f856c7dea5397081d7d4f4a8acc832f0/element HTTP/1.1
User-Agent: selenium/4.1.2 (java windows)
Content-Length: 102
Content-Type: application/json; charset=utf-8
host: localhost:49286
accept: */*

Response DefaultHttpResponse(decodeResult: success, version: HTTP/1.1)
HTTP/1.1 200 OK
Content-Type: application/json; charset=utf-8
cache-control: no-cache
content-length: 88

20:35:33.525 [AsyncHttpClient-1-11] DEBUG org.asynchttpclient.netty.channel.ChannelManager - Adding key: http://localhost:49286 for channel [id: 0x2ac4c955, L:/127.0.0.1:51929 - R:localhost/127.0.0.1:49286]
20:35:33.529 [Forwarding isElementDisplayed on session f856c7dea5397081d7d4f4a8acc832f0 to remote] DEBUG org.asynchttpclient.netty.request.NettyRequestSender - Using pooled Channel '[id: 0x2ac4c955, L:/127.0.0.1:51929 - R:localhost/127.0.0.1:49286]' for 'POST' to 'http://localhost:49286/session/f856c7dea5397081d7d4f4a8acc832f0/execute/sync'
20:35:33.530 [Forwarding isElementDisplayed on session f856c7dea5397081d7d4f4a8acc832f0 to remote] DEBUG org.asynchttpclient.netty.request.NettyRequestSender - Using open Channel [id: 0x2ac4c955, L:/127.0.0.1:51929 - R:localhost/127.0.0.1:49286] for POST '/session/f856c7dea5397081d7d4f4a8acc832f0/execute/sync'
20:35:33.539 [AsyncHttpClient-1-11] DEBUG org.asynchttpclient.netty.handler.HttpHandler - 

Request DefaultHttpRequest(decodeResult: success, version: HTTP/1.1)
POST /session/f856c7dea5397081d7d4f4a8acc832f0/execute/sync HTTP/1.1
User-Agent: selenium/4.1.2 (java windows)
Content-Length: 48780
Content-Type: application/json; charset=utf-8
host: localhost:49286
accept: */*

Response DefaultHttpResponse(decodeResult: success, version: HTTP/1.1)
HTTP/1.1 200 OK
Content-Type: application/json; charset=utf-8
cache-control: no-cache
content-length: 14

20:35:33.539 [AsyncHttpClient-1-11] DEBUG org.asynchttpclient.netty.channel.ChannelManager - Adding key: http://localhost:49286 for channel [id: 0x2ac4c955, L:/127.0.0.1:51929 - R:localhost/127.0.0.1:49286]
20:35:33.542 [main] DEBUG net.thucydides.core.steps.StepInterceptor - STEP DONE: validateonLoginPage
  &amp#27;[32mGiven &amp#27;[0m&amp#27;[32muser on register page&amp#27;[0m                      &amp#27;[90m# starter.definitions.RegisterSteps.ontheLoginPage()&amp#27;[0m
20:35:33.551 [main] DEBUG net.thucydides.core.steps.StepInterceptor - STARTING STEP: RegisterSteps.ValidFullname - inputFullName
20:35:33.553 [Forwarding findElement on session f856c7dea5397081d7d4f4a8acc832f0 to remote] DEBUG org.asynchttpclient.netty.request.NettyRequestSender - Using pooled Channel '[id: 0x2ac4c955, L:/127.0.0.1:51929 - R:localhost/127.0.0.1:49286]' for 'POST' to 'http://localhost:49286/session/f856c7dea5397081d7d4f4a8acc832f0/element'
20:35:33.554 [Forwarding findElement on session f856c7dea5397081d7d4f4a8acc832f0 to remote] DEBUG org.asynchttpclient.netty.request.NettyRequestSender - Using open Channel [id: 0x2ac4c955, L:/127.0.0.1:51929 - R:localhost/127.0.0.1:49286] for POST '/session/f856c7dea5397081d7d4f4a8acc832f0/element'
20:35:33.561 [AsyncHttpClient-1-11] DEBUG org.asynchttpclient.netty.handler.HttpHandler - 

Request DefaultHttpRequest(decodeResult: success, version: HTTP/1.1)
POST /session/f856c7dea5397081d7d4f4a8acc832f0/element HTTP/1.1
User-Agent: selenium/4.1.2 (java windows)
Content-Length: 117
Content-Type: application/json; charset=utf-8
host: localhost:49286
accept: */*

Response DefaultHttpResponse(decodeResult: success, version: HTTP/1.1)
HTTP/1.1 200 OK
Content-Type: application/json; charset=utf-8
cache-control: no-cache
content-length: 88

20:35:33.561 [AsyncHttpClient-1-11] DEBUG org.asynchttpclient.netty.channel.ChannelManager - Adding key: http://localhost:49286 for channel [id: 0x2ac4c955, L:/127.0.0.1:51929 - R:localhost/127.0.0.1:49286]
20:35:33.562 [Forwarding clearElement on session f856c7dea5397081d7d4f4a8acc832f0 to remote] DEBUG org.asynchttpclient.netty.request.NettyRequestSender - Using pooled Channel '[id: 0x2ac4c955, L:/127.0.0.1:51929 - R:localhost/127.0.0.1:49286]' for 'POST' to 'http://localhost:49286/session/f856c7dea5397081d7d4f4a8acc832f0/element/0f61849a-b6a2-492d-8a94-fb0fb12e44d1/clear'
20:35:33.562 [Forwarding clearElement on session f856c7dea5397081d7d4f4a8acc832f0 to remote] DEBUG org.asynchttpclient.netty.request.NettyRequestSender - Using open Channel [id: 0x2ac4c955, L:/127.0.0.1:51929 - R:localhost/127.0.0.1:49286] for POST '/session/f856c7dea5397081d7d4f4a8acc832f0/element/0f61849a-b6a2-492d-8a94-fb0fb12e44d1/clear'
20:35:33.581 [AsyncHttpClient-1-11] DEBUG org.asynchttpclient.netty.handler.HttpHandler - 

Request DefaultHttpRequest(decodeResult: success, version: HTTP/1.1)
POST /session/f856c7dea5397081d7d4f4a8acc832f0/element/0f61849a-b6a2-492d-8a94-fb0fb12e44d1/clear HTTP/1.1
User-Agent: selenium/4.1.2 (java windows)
Content-Length: 50
Content-Type: application/json; charset=utf-8
host: localhost:49286
accept: */*

Response DefaultHttpResponse(decodeResult: success, version: HTTP/1.1)
HTTP/1.1 200 OK
Content-Type: application/json; charset=utf-8
cache-control: no-cache
content-length: 14

20:35:33.582 [AsyncHttpClient-1-11] DEBUG org.asynchttpclient.netty.channel.ChannelManager - Adding key: http://localhost:49286 for channel [id: 0x2ac4c955, L:/127.0.0.1:51929 - R:localhost/127.0.0.1:49286]
20:35:33.584 [Forwarding sendKeysToElement on session f856c7dea5397081d7d4f4a8acc832f0 to remote] DEBUG org.asynchttpclient.netty.request.NettyRequestSender - Using pooled Channel '[id: 0x2ac4c955, L:/127.0.0.1:51929 - R:localhost/127.0.0.1:49286]' for 'POST' to 'http://localhost:49286/session/f856c7dea5397081d7d4f4a8acc832f0/element/0f61849a-b6a2-492d-8a94-fb0fb12e44d1/value'
20:35:33.584 [Forwarding sendKeysToElement on session f856c7dea5397081d7d4f4a8acc832f0 to remote] DEBUG org.asynchttpclient.netty.request.NettyRequestSender - Using open Channel [id: 0x2ac4c955, L:/127.0.0.1:51929 - R:localhost/127.0.0.1:49286] for POST '/session/f856c7dea5397081d7d4f4a8acc832f0/element/0f61849a-b6a2-492d-8a94-fb0fb12e44d1/value'
20:35:33.613 [AsyncHttpClient-1-1] DEBUG org.asynchttpclient.netty.channel.DefaultChannelPool - Entry count for : http://localhost:51930 : 1
20:35:33.621 [AsyncHttpClient-1-11] DEBUG org.asynchttpclient.netty.handler.HttpHandler - 

Request DefaultHttpRequest(decodeResult: success, version: HTTP/1.1)
POST /session/f856c7dea5397081d7d4f4a8acc832f0/element/0f61849a-b6a2-492d-8a94-fb0fb12e44d1/value HTTP/1.1
User-Agent: selenium/4.1.2 (java windows)
Content-Length: 121
Content-Type: application/json; charset=utf-8
host: localhost:49286
accept: */*

Response DefaultHttpResponse(decodeResult: success, version: HTTP/1.1)
HTTP/1.1 200 OK
Content-Type: application/json; charset=utf-8
cache-control: no-cache
content-length: 14

20:35:33.622 [AsyncHttpClient-1-11] DEBUG org.asynchttpclient.netty.channel.ChannelManager - Adding key: http://localhost:49286 for channel [id: 0x2ac4c955, L:/127.0.0.1:51929 - R:localhost/127.0.0.1:49286]
20:35:33.626 [Forwarding screenshot on session f856c7dea5397081d7d4f4a8acc832f0 to remote] DEBUG org.asynchttpclient.netty.request.NettyRequestSender - Using pooled Channel '[id: 0x2ac4c955, L:/127.0.0.1:51929 - R:localhost/127.0.0.1:49286]' for 'GET' to 'http://localhost:49286/session/f856c7dea5397081d7d4f4a8acc832f0/screenshot'
20:35:33.627 [Forwarding screenshot on session f856c7dea5397081d7d4f4a8acc832f0 to remote] DEBUG org.asynchttpclient.netty.request.NettyRequestSender - Using open Channel [id: 0x2ac4c955, L:/127.0.0.1:51929 - R:localhost/127.0.0.1:49286] for GET '/session/f856c7dea5397081d7d4f4a8acc832f0/screenshot'
20:35:33.798 [AsyncHttpClient-1-11] DEBUG org.asynchttpclient.netty.handler.HttpHandler - 

Request DefaultFullHttpRequest(decodeResult: success, version: HTTP/1.1, content: EmptyByteBufBE)
GET /session/f856c7dea5397081d7d4f4a8acc832f0/screenshot HTTP/1.1
User-Agent: selenium/4.1.2 (java windows)
Cache-Control: no-cache
Content-Type: application/json; charset=utf-8
host: localhost:49286
accept: */*

Response DefaultHttpResponse(decodeResult: success, version: HTTP/1.1)
HTTP/1.1 200 OK
Content-Type: application/json; charset=utf-8
cache-control: no-cache
content-length: 34900

20:35:33.798 [AsyncHttpClient-1-11] DEBUG org.asynchttpclient.netty.channel.ChannelManager - Adding key: http://localhost:49286 for channel [id: 0x2ac4c955, L:/127.0.0.1:51929 - R:localhost/127.0.0.1:49286]
20:35:33.800 [main] DEBUG net.serenitybdd.core.photography.Darkroom - Send negative for processing for target\site\serenity\cb44172cb2ed79e27a488f50e652e7fdb254f348c8a1c491d3005f2ef33e087d.png
20:35:33.800 [main] DEBUG net.thucydides.core.steps.StepInterceptor - STEP DONE: inputFullName
  &amp#27;[32mWhen &amp#27;[0m&amp#27;[32muser input full name&amp#27;[0m                        &amp#27;[90m# starter.definitions.RegisterSteps.ValidFullname()&amp#27;[0m
20:35:33.801 [Darkroom Processing Line] DEBUG net.serenitybdd.core.photography.DarkroomProcessingLine - Processing screenshot image in /var/screenshots/screenshot-12719894741106260396
20:35:33.801 [Darkroom Processing Line] DEBUG net.serenitybdd.core.photography.DarkroomProcessingLine - Saving screenshot to target\site\serenity\cb44172cb2ed79e27a488f50e652e7fdb254f348c8a1c491d3005f2ef33e087d.png
20:35:33.812 [main] DEBUG net.thucydides.core.steps.StepInterceptor - STARTING STEP: RegisterSteps.ValidEmail - inputEmail
20:35:33.813 [Forwarding findElement on session f856c7dea5397081d7d4f4a8acc832f0 to remote] DEBUG org.asynchttpclient.netty.request.NettyRequestSender - Using pooled Channel '[id: 0x2ac4c955, L:/127.0.0.1:51929 - R:localhost/127.0.0.1:49286]' for 'POST' to 'http://localhost:49286/session/f856c7dea5397081d7d4f4a8acc832f0/element'
20:35:33.813 [Forwarding findElement on session f856c7dea5397081d7d4f4a8acc832f0 to remote] DEBUG org.asynchttpclient.netty.request.NettyRequestSender - Using open Channel [id: 0x2ac4c955, L:/127.0.0.1:51929 - R:localhost/127.0.0.1:49286] for POST '/session/f856c7dea5397081d7d4f4a8acc832f0/element'
20:35:33.821 [AsyncHttpClient-1-11] DEBUG org.asynchttpclient.netty.handler.HttpHandler - 

Request DefaultHttpRequest(decodeResult: success, version: HTTP/1.1)
POST /session/f856c7dea5397081d7d4f4a8acc832f0/element HTTP/1.1
User-Agent: selenium/4.1.2 (java windows)
Content-Length: 110
Content-Type: application/json; charset=utf-8
host: localhost:49286
accept: */*

Response DefaultHttpResponse(decodeResult: success, version: HTTP/1.1)
HTTP/1.1 200 OK
Content-Type: application/json; charset=utf-8
cache-control: no-cache
content-length: 88

20:35:33.821 [AsyncHttpClient-1-11] DEBUG org.asynchttpclient.netty.channel.ChannelManager - Adding key: http://localhost:49286 for channel [id: 0x2ac4c955, L:/127.0.0.1:51929 - R:localhost/127.0.0.1:49286]
20:35:33.822 [Forwarding clearElement on session f856c7dea5397081d7d4f4a8acc832f0 to remote] DEBUG org.asynchttpclient.netty.request.NettyRequestSender - Using pooled Channel '[id: 0x2ac4c955, L:/127.0.0.1:51929 - R:localhost/127.0.0.1:49286]' for 'POST' to 'http://localhost:49286/session/f856c7dea5397081d7d4f4a8acc832f0/element/23063802-d2b9-47c8-bd01-d3de1478ba8b/clear'
20:35:33.822 [Forwarding clearElement on session f856c7dea5397081d7d4f4a8acc832f0 to remote] DEBUG org.asynchttpclient.netty.request.NettyRequestSender - Using open Channel [id: 0x2ac4c955, L:/127.0.0.1:51929 - R:localhost/127.0.0.1:49286] for POST '/session/f856c7dea5397081d7d4f4a8acc832f0/element/23063802-d2b9-47c8-bd01-d3de1478ba8b/clear'
20:35:33.842 [AsyncHttpClient-1-11] DEBUG org.asynchttpclient.netty.handler.HttpHandler - 

Request DefaultHttpRequest(decodeResult: success, version: HTTP/1.1)
POST /session/f856c7dea5397081d7d4f4a8acc832f0/element/23063802-d2b9-47c8-bd01-d3de1478ba8b/clear HTTP/1.1
User-Agent: selenium/4.1.2 (java windows)
Content-Length: 50
Content-Type: application/json; charset=utf-8
host: localhost:49286
accept: */*

Response DefaultHttpResponse(decodeResult: success, version: HTTP/1.1)
HTTP/1.1 200 OK
Content-Type: application/json; charset=utf-8
cache-control: no-cache
content-length: 14

20:35:33.843 [AsyncHttpClient-1-11] DEBUG org.asynchttpclient.netty.channel.ChannelManager - Adding key: http://localhost:49286 for channel [id: 0x2ac4c955, L:/127.0.0.1:51929 - R:localhost/127.0.0.1:49286]
20:35:33.845 [Forwarding sendKeysToElement on session f856c7dea5397081d7d4f4a8acc832f0 to remote] DEBUG org.asynchttpclient.netty.request.NettyRequestSender - Using pooled Channel '[id: 0x2ac4c955, L:/127.0.0.1:51929 - R:localhost/127.0.0.1:49286]' for 'POST' to 'http://localhost:49286/session/f856c7dea5397081d7d4f4a8acc832f0/element/23063802-d2b9-47c8-bd01-d3de1478ba8b/value'
20:35:33.846 [Forwarding sendKeysToElement on session f856c7dea5397081d7d4f4a8acc832f0 to remote] DEBUG org.asynchttpclient.netty.request.NettyRequestSender - Using open Channel [id: 0x2ac4c955, L:/127.0.0.1:51929 - R:localhost/127.0.0.1:49286] for POST '/session/f856c7dea5397081d7d4f4a8acc832f0/element/23063802-d2b9-47c8-bd01-d3de1478ba8b/value'
20:35:33.916 [AsyncHttpClient-1-11] DEBUG org.asynchttpclient.netty.handler.HttpHandler - 

Request DefaultHttpRequest(decodeResult: success, version: HTTP/1.1)
POST /session/f856c7dea5397081d7d4f4a8acc832f0/element/23063802-d2b9-47c8-bd01-d3de1478ba8b/value HTTP/1.1
User-Agent: selenium/4.1.2 (java windows)
Content-Length: 271
Content-Type: application/json; charset=utf-8
host: localhost:49286
accept: */*

Response DefaultHttpResponse(decodeResult: success, version: HTTP/1.1)
HTTP/1.1 200 OK
Content-Type: application/json; charset=utf-8
cache-control: no-cache
content-length: 14

20:35:33.916 [AsyncHttpClient-1-11] DEBUG org.asynchttpclient.netty.channel.ChannelManager - Adding key: http://localhost:49286 for channel [id: 0x2ac4c955, L:/127.0.0.1:51929 - R:localhost/127.0.0.1:49286]
20:35:33.920 [Forwarding screenshot on session f856c7dea5397081d7d4f4a8acc832f0 to remote] DEBUG org.asynchttpclient.netty.request.NettyRequestSender - Using pooled Channel '[id: 0x2ac4c955, L:/127.0.0.1:51929 - R:localhost/127.0.0.1:49286]' for 'GET' to 'http://localhost:49286/session/f856c7dea5397081d7d4f4a8acc832f0/screenshot'
20:35:33.920 [Forwarding screenshot on session f856c7dea5397081d7d4f4a8acc832f0 to remote] DEBUG org.asynchttpclient.netty.request.NettyRequestSender - Using open Channel [id: 0x2ac4c955, L:/127.0.0.1:51929 - R:localhost/127.0.0.1:49286] for GET '/session/f856c7dea5397081d7d4f4a8acc832f0/screenshot'
20:35:34.093 [AsyncHttpClient-1-11] DEBUG org.asynchttpclient.netty.handler.HttpHandler - 

Request DefaultFullHttpRequest(decodeResult: success, version: HTTP/1.1, content: EmptyByteBufBE)
GET /session/f856c7dea5397081d7d4f4a8acc832f0/screenshot HTTP/1.1
User-Agent: selenium/4.1.2 (java windows)
Cache-Control: no-cache
Content-Type: application/json; charset=utf-8
host: localhost:49286
accept: */*

Response DefaultHttpResponse(decodeResult: success, version: HTTP/1.1)
HTTP/1.1 200 OK
Content-Type: application/json; charset=utf-8
cache-control: no-cache
content-length: 38540

20:35:34.094 [AsyncHttpClient-1-11] DEBUG org.asynchttpclient.netty.channel.ChannelManager - Adding key: http://localhost:49286 for channel [id: 0x2ac4c955, L:/127.0.0.1:51929 - R:localhost/127.0.0.1:49286]
20:35:34.095 [main] DEBUG net.serenitybdd.core.photography.Darkroom - Send negative for processing for target\site\serenity\81c8dd05266f5c66adb5a999c39f08f6c1bd092c76bdb58b31d17e4e66eda471.png
20:35:34.096 [main] DEBUG net.thucydides.core.steps.StepInterceptor - STEP DONE: inputEmail
  &amp#27;[32mAnd &amp#27;[0m&amp#27;[32muser input email&amp#27;[0m                             &amp#27;[90m# starter.definitions.RegisterSteps.ValidEmail()&amp#27;[0m
20:35:34.096 [Darkroom Processing Line] DEBUG net.serenitybdd.core.photography.DarkroomProcessingLine - Processing screenshot image in /var/screenshots/screenshot-16184322481542805549
20:35:34.096 [Darkroom Processing Line] DEBUG net.serenitybdd.core.photography.DarkroomProcessingLine - Saving screenshot to target\site\serenity\81c8dd05266f5c66adb5a999c39f08f6c1bd092c76bdb58b31d17e4e66eda471.png
20:35:34.105 [main] DEBUG net.thucydides.core.steps.StepInterceptor - STARTING STEP: RegisterSteps.ValidPassword - inputPassword
20:35:34.106 [Forwarding findElement on session f856c7dea5397081d7d4f4a8acc832f0 to remote] DEBUG org.asynchttpclient.netty.request.NettyRequestSender - Using pooled Channel '[id: 0x2ac4c955, L:/127.0.0.1:51929 - R:localhost/127.0.0.1:49286]' for 'POST' to 'http://localhost:49286/session/f856c7dea5397081d7d4f4a8acc832f0/element'
20:35:34.106 [Forwarding findElement on session f856c7dea5397081d7d4f4a8acc832f0 to remote] DEBUG org.asynchttpclient.netty.request.NettyRequestSender - Using open Channel [id: 0x2ac4c955, L:/127.0.0.1:51929 - R:localhost/127.0.0.1:49286] for POST '/session/f856c7dea5397081d7d4f4a8acc832f0/element'
20:35:34.113 [AsyncHttpClient-1-11] DEBUG org.asynchttpclient.netty.handler.HttpHandler - 

Request DefaultHttpRequest(decodeResult: success, version: HTTP/1.1)
POST /session/f856c7dea5397081d7d4f4a8acc832f0/element HTTP/1.1
User-Agent: selenium/4.1.2 (java windows)
Content-Length: 113
Content-Type: application/json; charset=utf-8
host: localhost:49286
accept: */*

Response DefaultHttpResponse(decodeResult: success, version: HTTP/1.1)
HTTP/1.1 200 OK
Content-Type: application/json; charset=utf-8
cache-control: no-cache
content-length: 88

20:35:34.113 [AsyncHttpClient-1-11] DEBUG org.asynchttpclient.netty.channel.ChannelManager - Adding key: http://localhost:49286 for channel [id: 0x2ac4c955, L:/127.0.0.1:51929 - R:localhost/127.0.0.1:49286]
20:35:34.114 [Forwarding clearElement on session f856c7dea5397081d7d4f4a8acc832f0 to remote] DEBUG org.asynchttpclient.netty.request.NettyRequestSender - Using pooled Channel '[id: 0x2ac4c955, L:/127.0.0.1:51929 - R:localhost/127.0.0.1:49286]' for 'POST' to 'http://localhost:49286/session/f856c7dea5397081d7d4f4a8acc832f0/element/9a4a2582-7da0-4c70-9a31-1bbc79a5b4f9/clear'
20:35:34.114 [Forwarding clearElement on session f856c7dea5397081d7d4f4a8acc832f0 to remote] DEBUG org.asynchttpclient.netty.request.NettyRequestSender - Using open Channel [id: 0x2ac4c955, L:/127.0.0.1:51929 - R:localhost/127.0.0.1:49286] for POST '/session/f856c7dea5397081d7d4f4a8acc832f0/element/9a4a2582-7da0-4c70-9a31-1bbc79a5b4f9/clear'
20:35:34.138 [AsyncHttpClient-1-11] DEBUG org.asynchttpclient.netty.handler.HttpHandler - 

Request DefaultHttpRequest(decodeResult: success, version: HTTP/1.1)
POST /session/f856c7dea5397081d7d4f4a8acc832f0/element/9a4a2582-7da0-4c70-9a31-1bbc79a5b4f9/clear HTTP/1.1
User-Agent: selenium/4.1.2 (java windows)
Content-Length: 50
Content-Type: application/json; charset=utf-8
host: localhost:49286
accept: */*

Response DefaultHttpResponse(decodeResult: success, version: HTTP/1.1)
HTTP/1.1 200 OK
Content-Type: application/json; charset=utf-8
cache-control: no-cache
content-length: 14

20:35:34.138 [AsyncHttpClient-1-11] DEBUG org.asynchttpclient.netty.channel.ChannelManager - Adding key: http://localhost:49286 for channel [id: 0x2ac4c955, L:/127.0.0.1:51929 - R:localhost/127.0.0.1:49286]
20:35:34.139 [Forwarding sendKeysToElement on session f856c7dea5397081d7d4f4a8acc832f0 to remote] DEBUG org.asynchttpclient.netty.request.NettyRequestSender - Using pooled Channel '[id: 0x2ac4c955, L:/127.0.0.1:51929 - R:localhost/127.0.0.1:49286]' for 'POST' to 'http://localhost:49286/session/f856c7dea5397081d7d4f4a8acc832f0/element/9a4a2582-7da0-4c70-9a31-1bbc79a5b4f9/value'
20:35:34.139 [Forwarding sendKeysToElement on session f856c7dea5397081d7d4f4a8acc832f0 to remote] DEBUG org.asynchttpclient.netty.request.NettyRequestSender - Using open Channel [id: 0x2ac4c955, L:/127.0.0.1:51929 - R:localhost/127.0.0.1:49286] for POST '/session/f856c7dea5397081d7d4f4a8acc832f0/element/9a4a2582-7da0-4c70-9a31-1bbc79a5b4f9/value'
20:35:34.180 [AsyncHttpClient-1-11] DEBUG org.asynchttpclient.netty.handler.HttpHandler - 

Request DefaultHttpRequest(decodeResult: success, version: HTTP/1.1)
POST /session/f856c7dea5397081d7d4f4a8acc832f0/element/9a4a2582-7da0-4c70-9a31-1bbc79a5b4f9/value HTTP/1.1
User-Agent: selenium/4.1.2 (java windows)
Content-Length: 161
Content-Type: application/json; charset=utf-8
host: localhost:49286
accept: */*

Response DefaultHttpResponse(decodeResult: success, version: HTTP/1.1)
HTTP/1.1 200 OK
Content-Type: application/json; charset=utf-8
cache-control: no-cache
content-length: 14

20:35:34.180 [AsyncHttpClient-1-11] DEBUG org.asynchttpclient.netty.channel.ChannelManager - Adding key: http://localhost:49286 for channel [id: 0x2ac4c955, L:/127.0.0.1:51929 - R:localhost/127.0.0.1:49286]
20:35:34.184 [Forwarding screenshot on session f856c7dea5397081d7d4f4a8acc832f0 to remote] DEBUG org.asynchttpclient.netty.request.NettyRequestSender - Using pooled Channel '[id: 0x2ac4c955, L:/127.0.0.1:51929 - R:localhost/127.0.0.1:49286]' for 'GET' to 'http://localhost:49286/session/f856c7dea5397081d7d4f4a8acc832f0/screenshot'
20:35:34.184 [Forwarding screenshot on session f856c7dea5397081d7d4f4a8acc832f0 to remote] DEBUG org.asynchttpclient.netty.request.NettyRequestSender - Using open Channel [id: 0x2ac4c955, L:/127.0.0.1:51929 - R:localhost/127.0.0.1:49286] for GET '/session/f856c7dea5397081d7d4f4a8acc832f0/screenshot'
20:35:34.358 [AsyncHttpClient-1-11] DEBUG org.asynchttpclient.netty.handler.HttpHandler - 

Request DefaultFullHttpRequest(decodeResult: success, version: HTTP/1.1, content: EmptyByteBufBE)
GET /session/f856c7dea5397081d7d4f4a8acc832f0/screenshot HTTP/1.1
User-Agent: selenium/4.1.2 (java windows)
Cache-Control: no-cache
Content-Type: application/json; charset=utf-8
host: localhost:49286
accept: */*

Response DefaultHttpResponse(decodeResult: success, version: HTTP/1.1)
HTTP/1.1 200 OK
Content-Type: application/json; charset=utf-8
cache-control: no-cache
content-length: 39704

20:35:34.359 [AsyncHttpClient-1-11] DEBUG org.asynchttpclient.netty.channel.ChannelManager - Adding key: http://localhost:49286 for channel [id: 0x2ac4c955, L:/127.0.0.1:51929 - R:localhost/127.0.0.1:49286]
20:35:34.360 [main] DEBUG net.serenitybdd.core.photography.Darkroom - Send negative for processing for target\site\serenity\13c72846f8361e655ffc24696cad9b0d11cec375b2aa58b9bf4c44d90a5a7530.png
20:35:34.360 [main] DEBUG net.thucydides.core.steps.StepInterceptor - STEP DONE: inputPassword
  &amp#27;[32mAnd &amp#27;[0m&amp#27;[32muser input password&amp#27;[0m                          &amp#27;[90m# starter.definitions.RegisterSteps.ValidPassword()&amp#27;[0m
20:35:34.361 [Darkroom Processing Line] DEBUG net.serenitybdd.core.photography.DarkroomProcessingLine - Processing screenshot image in /var/screenshots/screenshot-11414701534599485113
20:35:34.361 [Darkroom Processing Line] DEBUG net.serenitybdd.core.photography.DarkroomProcessingLine - Saving screenshot to target\site\serenity\13c72846f8361e655ffc24696cad9b0d11cec375b2aa58b9bf4c44d90a5a7530.png
20:35:34.375 [main] DEBUG net.thucydides.core.steps.StepInterceptor - STARTING STEP: RegisterSteps.RegisterButton - clickRegisterbutton
20:35:34.376 [Forwarding findElement on session f856c7dea5397081d7d4f4a8acc832f0 to remote] DEBUG org.asynchttpclient.netty.request.NettyRequestSender - Using pooled Channel '[id: 0x2ac4c955, L:/127.0.0.1:51929 - R:localhost/127.0.0.1:49286]' for 'POST' to 'http://localhost:49286/session/f856c7dea5397081d7d4f4a8acc832f0/element'
20:35:34.376 [Forwarding findElement on session f856c7dea5397081d7d4f4a8acc832f0 to remote] DEBUG org.asynchttpclient.netty.request.NettyRequestSender - Using open Channel [id: 0x2ac4c955, L:/127.0.0.1:51929 - R:localhost/127.0.0.1:49286] for POST '/session/f856c7dea5397081d7d4f4a8acc832f0/element'
20:35:34.381 [AsyncHttpClient-1-11] DEBUG org.asynchttpclient.netty.handler.HttpHandler - 

Request DefaultHttpRequest(decodeResult: success, version: HTTP/1.1)
POST /session/f856c7dea5397081d7d4f4a8acc832f0/element HTTP/1.1
User-Agent: selenium/4.1.2 (java windows)
Content-Length: 102
Content-Type: application/json; charset=utf-8
host: localhost:49286
accept: */*

Response DefaultHttpResponse(decodeResult: success, version: HTTP/1.1)
HTTP/1.1 200 OK
Content-Type: application/json; charset=utf-8
cache-control: no-cache
content-length: 88

20:35:34.381 [AsyncHttpClient-1-11] DEBUG org.asynchttpclient.netty.channel.ChannelManager - Adding key: http://localhost:49286 for channel [id: 0x2ac4c955, L:/127.0.0.1:51929 - R:localhost/127.0.0.1:49286]
20:35:34.382 [Forwarding getElementTagName on session f856c7dea5397081d7d4f4a8acc832f0 to remote] DEBUG org.asynchttpclient.netty.request.NettyRequestSender - Using pooled Channel '[id: 0x2ac4c955, L:/127.0.0.1:51929 - R:localhost/127.0.0.1:49286]' for 'GET' to 'http://localhost:49286/session/f856c7dea5397081d7d4f4a8acc832f0/element/46649736-3276-470f-9f16-b1c25c49bca1/name'
20:35:34.382 [Forwarding getElementTagName on session f856c7dea5397081d7d4f4a8acc832f0 to remote] DEBUG org.asynchttpclient.netty.request.NettyRequestSender - Using open Channel [id: 0x2ac4c955, L:/127.0.0.1:51929 - R:localhost/127.0.0.1:49286] for GET '/session/f856c7dea5397081d7d4f4a8acc832f0/element/46649736-3276-470f-9f16-b1c25c49bca1/name'
20:35:34.384 [AsyncHttpClient-1-11] DEBUG org.asynchttpclient.netty.handler.HttpHandler - 

Request DefaultFullHttpRequest(decodeResult: success, version: HTTP/1.1, content: EmptyByteBufBE)
GET /session/f856c7dea5397081d7d4f4a8acc832f0/element/46649736-3276-470f-9f16-b1c25c49bca1/name HTTP/1.1
User-Agent: selenium/4.1.2 (java windows)
Cache-Control: no-cache
Content-Type: application/json; charset=utf-8
host: localhost:49286
accept: */*

Response DefaultHttpResponse(decodeResult: success, version: HTTP/1.1)
HTTP/1.1 200 OK
Content-Type: application/json; charset=utf-8
cache-control: no-cache
content-length: 18

20:35:34.384 [AsyncHttpClient-1-11] DEBUG org.asynchttpclient.netty.channel.ChannelManager - Adding key: http://localhost:49286 for channel [id: 0x2ac4c955, L:/127.0.0.1:51929 - R:localhost/127.0.0.1:49286]
20:35:34.385 [Forwarding getElementTagName on session f856c7dea5397081d7d4f4a8acc832f0 to remote] DEBUG org.asynchttpclient.netty.request.NettyRequestSender - Using pooled Channel '[id: 0x2ac4c955, L:/127.0.0.1:51929 - R:localhost/127.0.0.1:49286]' for 'GET' to 'http://localhost:49286/session/f856c7dea5397081d7d4f4a8acc832f0/element/46649736-3276-470f-9f16-b1c25c49bca1/name'
20:35:34.385 [Forwarding getElementTagName on session f856c7dea5397081d7d4f4a8acc832f0 to remote] DEBUG org.asynchttpclient.netty.request.NettyRequestSender - Using open Channel [id: 0x2ac4c955, L:/127.0.0.1:51929 - R:localhost/127.0.0.1:49286] for GET '/session/f856c7dea5397081d7d4f4a8acc832f0/element/46649736-3276-470f-9f16-b1c25c49bca1/name'
20:35:34.388 [AsyncHttpClient-1-11] DEBUG org.asynchttpclient.netty.handler.HttpHandler - 

Request DefaultFullHttpRequest(decodeResult: success, version: HTTP/1.1, content: EmptyByteBufBE)
GET /session/f856c7dea5397081d7d4f4a8acc832f0/element/46649736-3276-470f-9f16-b1c25c49bca1/name HTTP/1.1
User-Agent: selenium/4.1.2 (java windows)
Cache-Control: no-cache
Content-Type: application/json; charset=utf-8
host: localhost:49286
accept: */*

Response DefaultHttpResponse(decodeResult: success, version: HTTP/1.1)
HTTP/1.1 200 OK
Content-Type: application/json; charset=utf-8
cache-control: no-cache
content-length: 18

20:35:34.389 [AsyncHttpClient-1-11] DEBUG org.asynchttpclient.netty.channel.ChannelManager - Adding key: http://localhost:49286 for channel [id: 0x2ac4c955, L:/127.0.0.1:51929 - R:localhost/127.0.0.1:49286]
20:35:34.390 [Forwarding isElementEnabled on session f856c7dea5397081d7d4f4a8acc832f0 to remote] DEBUG org.asynchttpclient.netty.request.NettyRequestSender - Using pooled Channel '[id: 0x2ac4c955, L:/127.0.0.1:51929 - R:localhost/127.0.0.1:49286]' for 'GET' to 'http://localhost:49286/session/f856c7dea5397081d7d4f4a8acc832f0/element/46649736-3276-470f-9f16-b1c25c49bca1/enabled'
20:35:34.390 [Forwarding isElementEnabled on session f856c7dea5397081d7d4f4a8acc832f0 to remote] DEBUG org.asynchttpclient.netty.request.NettyRequestSender - Using open Channel [id: 0x2ac4c955, L:/127.0.0.1:51929 - R:localhost/127.0.0.1:49286] for GET '/session/f856c7dea5397081d7d4f4a8acc832f0/element/46649736-3276-470f-9f16-b1c25c49bca1/enabled'
20:35:34.393 [AsyncHttpClient-1-11] DEBUG org.asynchttpclient.netty.handler.HttpHandler - 

Request DefaultFullHttpRequest(decodeResult: success, version: HTTP/1.1, content: EmptyByteBufBE)
GET /session/f856c7dea5397081d7d4f4a8acc832f0/element/46649736-3276-470f-9f16-b1c25c49bca1/enabled HTTP/1.1
User-Agent: selenium/4.1.2 (java windows)
Cache-Control: no-cache
Content-Type: application/json; charset=utf-8
host: localhost:49286
accept: */*

Response DefaultHttpResponse(decodeResult: success, version: HTTP/1.1)
HTTP/1.1 200 OK
Content-Type: application/json; charset=utf-8
cache-control: no-cache
content-length: 14

20:35:34.393 [AsyncHttpClient-1-11] DEBUG org.asynchttpclient.netty.channel.ChannelManager - Adding key: http://localhost:49286 for channel [id: 0x2ac4c955, L:/127.0.0.1:51929 - R:localhost/127.0.0.1:49286]
20:35:34.394 [Forwarding isElementEnabled on session f856c7dea5397081d7d4f4a8acc832f0 to remote] DEBUG org.asynchttpclient.netty.request.NettyRequestSender - Using pooled Channel '[id: 0x2ac4c955, L:/127.0.0.1:51929 - R:localhost/127.0.0.1:49286]' for 'GET' to 'http://localhost:49286/session/f856c7dea5397081d7d4f4a8acc832f0/element/46649736-3276-470f-9f16-b1c25c49bca1/enabled'
20:35:34.394 [Forwarding isElementEnabled on session f856c7dea5397081d7d4f4a8acc832f0 to remote] DEBUG org.asynchttpclient.netty.request.NettyRequestSender - Using open Channel [id: 0x2ac4c955, L:/127.0.0.1:51929 - R:localhost/127.0.0.1:49286] for GET '/session/f856c7dea5397081d7d4f4a8acc832f0/element/46649736-3276-470f-9f16-b1c25c49bca1/enabled'
20:35:34.397 [AsyncHttpClient-1-11] DEBUG org.asynchttpclient.netty.handler.HttpHandler - 

Request DefaultFullHttpRequest(decodeResult: success, version: HTTP/1.1, content: EmptyByteBufBE)
GET /session/f856c7dea5397081d7d4f4a8acc832f0/element/46649736-3276-470f-9f16-b1c25c49bca1/enabled HTTP/1.1
User-Agent: selenium/4.1.2 (java windows)
Cache-Control: no-cache
Content-Type: application/json; charset=utf-8
host: localhost:49286
accept: */*

Response DefaultHttpResponse(decodeResult: success, version: HTTP/1.1)
HTTP/1.1 200 OK
Content-Type: application/json; charset=utf-8
cache-control: no-cache
content-length: 14

20:35:34.397 [AsyncHttpClient-1-11] DEBUG org.asynchttpclient.netty.channel.ChannelManager - Adding key: http://localhost:49286 for channel [id: 0x2ac4c955, L:/127.0.0.1:51929 - R:localhost/127.0.0.1:49286]
20:35:34.398 [Forwarding findElement on session f856c7dea5397081d7d4f4a8acc832f0 to remote] DEBUG org.asynchttpclient.netty.request.NettyRequestSender - Using pooled Channel '[id: 0x2ac4c955, L:/127.0.0.1:51929 - R:localhost/127.0.0.1:49286]' for 'POST' to 'http://localhost:49286/session/f856c7dea5397081d7d4f4a8acc832f0/element'
20:35:34.398 [Forwarding findElement on session f856c7dea5397081d7d4f4a8acc832f0 to remote] DEBUG org.asynchttpclient.netty.request.NettyRequestSender - Using open Channel [id: 0x2ac4c955, L:/127.0.0.1:51929 - R:localhost/127.0.0.1:49286] for POST '/session/f856c7dea5397081d7d4f4a8acc832f0/element'
20:35:34.404 [AsyncHttpClient-1-11] DEBUG org.asynchttpclient.netty.handler.HttpHandler - 

Request DefaultHttpRequest(decodeResult: success, version: HTTP/1.1)
POST /session/f856c7dea5397081d7d4f4a8acc832f0/element HTTP/1.1
User-Agent: selenium/4.1.2 (java windows)
Content-Length: 102
Content-Type: application/json; charset=utf-8
host: localhost:49286
accept: */*

Response DefaultHttpResponse(decodeResult: success, version: HTTP/1.1)
HTTP/1.1 200 OK
Content-Type: application/json; charset=utf-8
cache-control: no-cache
content-length: 88

20:35:34.404 [AsyncHttpClient-1-11] DEBUG org.asynchttpclient.netty.channel.ChannelManager - Adding key: http://localhost:49286 for channel [id: 0x2ac4c955, L:/127.0.0.1:51929 - R:localhost/127.0.0.1:49286]
20:35:34.405 [Forwarding clickElement on session f856c7dea5397081d7d4f4a8acc832f0 to remote] DEBUG org.asynchttpclient.netty.request.NettyRequestSender - Using pooled Channel '[id: 0x2ac4c955, L:/127.0.0.1:51929 - R:localhost/127.0.0.1:49286]' for 'POST' to 'http://localhost:49286/session/f856c7dea5397081d7d4f4a8acc832f0/element/46649736-3276-470f-9f16-b1c25c49bca1/click'
20:35:34.406 [Forwarding clickElement on session f856c7dea5397081d7d4f4a8acc832f0 to remote] DEBUG org.asynchttpclient.netty.request.NettyRequestSender - Using open Channel [id: 0x2ac4c955, L:/127.0.0.1:51929 - R:localhost/127.0.0.1:49286] for POST '/session/f856c7dea5397081d7d4f4a8acc832f0/element/46649736-3276-470f-9f16-b1c25c49bca1/click'
20:35:34.426 [AsyncHttpClient-1-11] DEBUG org.asynchttpclient.netty.handler.HttpHandler - 

Request DefaultHttpRequest(decodeResult: success, version: HTTP/1.1)
POST /session/f856c7dea5397081d7d4f4a8acc832f0/element/46649736-3276-470f-9f16-b1c25c49bca1/click HTTP/1.1
User-Agent: selenium/4.1.2 (java windows)
Content-Length: 50
Content-Type: application/json; charset=utf-8
host: localhost:49286
accept: */*

Response DefaultHttpResponse(decodeResult: success, version: HTTP/1.1)
HTTP/1.1 200 OK
Content-Type: application/json; charset=utf-8
cache-control: no-cache
content-length: 14

20:35:34.426 [AsyncHttpClient-1-11] DEBUG org.asynchttpclient.netty.channel.ChannelManager - Adding key: http://localhost:49286 for channel [id: 0x2ac4c955, L:/127.0.0.1:51929 - R:localhost/127.0.0.1:49286]
20:35:34.429 [Forwarding screenshot on session f856c7dea5397081d7d4f4a8acc832f0 to remote] DEBUG org.asynchttpclient.netty.request.NettyRequestSender - Using pooled Channel '[id: 0x2ac4c955, L:/127.0.0.1:51929 - R:localhost/127.0.0.1:49286]' for 'GET' to 'http://localhost:49286/session/f856c7dea5397081d7d4f4a8acc832f0/screenshot'
20:35:34.429 [Forwarding screenshot on session f856c7dea5397081d7d4f4a8acc832f0 to remote] DEBUG org.asynchttpclient.netty.request.NettyRequestSender - Using open Channel [id: 0x2ac4c955, L:/127.0.0.1:51929 - R:localhost/127.0.0.1:49286] for GET '/session/f856c7dea5397081d7d4f4a8acc832f0/screenshot'
20:35:34.594 [AsyncHttpClient-1-11] DEBUG org.asynchttpclient.netty.handler.HttpHandler - 

Request DefaultFullHttpRequest(decodeResult: success, version: HTTP/1.1, content: EmptyByteBufBE)
GET /session/f856c7dea5397081d7d4f4a8acc832f0/screenshot HTTP/1.1
User-Agent: selenium/4.1.2 (java windows)
Cache-Control: no-cache
Content-Type: application/json; charset=utf-8
host: localhost:49286
accept: */*

Response DefaultHttpResponse(decodeResult: success, version: HTTP/1.1)
HTTP/1.1 200 OK
Content-Type: application/json; charset=utf-8
cache-control: no-cache
content-length: 39632

20:35:34.594 [AsyncHttpClient-1-11] DEBUG org.asynchttpclient.netty.channel.ChannelManager - Adding key: http://localhost:49286 for channel [id: 0x2ac4c955, L:/127.0.0.1:51929 - R:localhost/127.0.0.1:49286]
20:35:34.595 [main] DEBUG net.serenitybdd.core.photography.Darkroom - Send negative for processing for target\site\serenity\93a8b7833560959324b19078d78192e23531abf88effc9a795ef17437096b0c1.png
20:35:34.595 [main] DEBUG net.thucydides.core.steps.StepInterceptor - STEP DONE: clickRegisterbutton
  &amp#27;[32mAnd &amp#27;[0m&amp#27;[32mclick register button&amp#27;[0m                        &amp#27;[90m# starter.definitions.RegisterSteps.RegisterButton()&amp#27;[0m
20:35:34.596 [Darkroom Processing Line] DEBUG net.serenitybdd.core.photography.DarkroomProcessingLine - Processing screenshot image in /var/screenshots/screenshot-7045450959305382523
20:35:34.596 [Darkroom Processing Line] DEBUG net.serenitybdd.core.photography.DarkroomProcessingLine - Saving screenshot to target\site\serenity\93a8b7833560959324b19078d78192e23531abf88effc9a795ef17437096b0c1.png
20:35:34.607 [main] DEBUG net.thucydides.core.steps.StepInterceptor - STARTING STEP: RegisterSteps.LoginPage - validateonLoginPage
20:35:34.608 [Forwarding findElement on session f856c7dea5397081d7d4f4a8acc832f0 to remote] DEBUG org.asynchttpclient.netty.request.NettyRequestSender - Using pooled Channel '[id: 0x2ac4c955, L:/127.0.0.1:51929 - R:localhost/127.0.0.1:49286]' for 'POST' to 'http://localhost:49286/session/f856c7dea5397081d7d4f4a8acc832f0/element'
20:35:34.608 [Forwarding findElement on session f856c7dea5397081d7d4f4a8acc832f0 to remote] DEBUG org.asynchttpclient.netty.request.NettyRequestSender - Using open Channel [id: 0x2ac4c955, L:/127.0.0.1:51929 - R:localhost/127.0.0.1:49286] for POST '/session/f856c7dea5397081d7d4f4a8acc832f0/element'
20:35:34.612 [AsyncHttpClient-1-11] DEBUG org.asynchttpclient.netty.handler.HttpHandler - 

Request DefaultHttpRequest(decodeResult: success, version: HTTP/1.1)
POST /session/f856c7dea5397081d7d4f4a8acc832f0/element HTTP/1.1
User-Agent: selenium/4.1.2 (java windows)
Content-Length: 102
Content-Type: application/json; charset=utf-8
host: localhost:49286
accept: */*

Response DefaultHttpResponse(decodeResult: success, version: HTTP/1.1)
HTTP/1.1 200 OK
Content-Type: application/json; charset=utf-8
cache-control: no-cache
content-length: 88

20:35:34.612 [AsyncHttpClient-1-11] DEBUG org.asynchttpclient.netty.channel.ChannelManager - Adding key: http://localhost:49286 for channel [id: 0x2ac4c955, L:/127.0.0.1:51929 - R:localhost/127.0.0.1:49286]
20:35:34.615 [Forwarding isElementDisplayed on session f856c7dea5397081d7d4f4a8acc832f0 to remote] DEBUG org.asynchttpclient.netty.request.NettyRequestSender - Using pooled Channel '[id: 0x2ac4c955, L:/127.0.0.1:51929 - R:localhost/127.0.0.1:49286]' for 'POST' to 'http://localhost:49286/session/f856c7dea5397081d7d4f4a8acc832f0/execute/sync'
20:35:34.615 [Forwarding isElementDisplayed on session f856c7dea5397081d7d4f4a8acc832f0 to remote] DEBUG org.asynchttpclient.netty.request.NettyRequestSender - Using open Channel [id: 0x2ac4c955, L:/127.0.0.1:51929 - R:localhost/127.0.0.1:49286] for POST '/session/f856c7dea5397081d7d4f4a8acc832f0/execute/sync'
20:35:34.623 [AsyncHttpClient-1-11] DEBUG org.asynchttpclient.netty.handler.HttpHandler - 

Request DefaultHttpRequest(decodeResult: success, version: HTTP/1.1)
POST /session/f856c7dea5397081d7d4f4a8acc832f0/execute/sync HTTP/1.1
User-Agent: selenium/4.1.2 (java windows)
Content-Length: 48780
Content-Type: application/json; charset=utf-8
host: localhost:49286
accept: */*

Response DefaultHttpResponse(decodeResult: success, version: HTTP/1.1)
HTTP/1.1 200 OK
Content-Type: application/json; charset=utf-8
cache-control: no-cache
content-length: 14

20:35:34.623 [AsyncHttpClient-1-11] DEBUG org.asynchttpclient.netty.channel.ChannelManager - Adding key: http://localhost:49286 for channel [id: 0x2ac4c955, L:/127.0.0.1:51929 - R:localhost/127.0.0.1:49286]
20:35:34.626 [main] DEBUG net.thucydides.core.steps.StepInterceptor - STEP DONE: validateonLoginPage
  &amp#27;[32mThen &amp#27;[0m&amp#27;[32muser redirected to login page&amp#27;[0m               &amp#27;[90m# starter.definitions.RegisterSteps.LoginPage()&amp#27;[0m
20:35:34.629 [main] INFO  - 
  _____   ___   ___   _____     ___     _     ___   ___   ___   ___  
 |_   _| | __| / __| |_   _|   | _ \   /_\   / __| / __| | __| |   \ 
   | |   | _|  \__ \   | |     |  _/  / _ \  \__ \ \__ \ | _|  | |) |
   |_|   |___| |___/   |_|     |_|   /_/ \_\ |___/ |___/ |___| |___/ 

As a user i want registered successfully
----------------------------------------------------------------------
20:35:34.630 [AsyncHttpClient-1-13] DEBUG org.asynchttpclient.netty.handler.WebSocketHandler - Channel Closed: [id: 0x3b24b125, L:/127.0.0.1:51937 ! R:localhost/127.0.0.1:51930] with attribute NettyResponseFuture{currentRetry=5,
	isDone=1,
	isCancelled=0,
	asyncHandler=org.asynchttpclient.ws.WebSocketUpgradeHandler@1a2d232e,
	nettyRequest=org.asynchttpclient.netty.request.NettyRequest@5f2fae0f,
	future=java.util.concurrent.CompletableFuture@65828a0c[Completed normally],
	uri=ws://localhost:51930/devtools/browser/eb20bb49-c3e0-4401-83c3-3d3067cbab2a,
	keepAlive=true,
	redirectCount=0,
	timeoutsHolder=null,
	inAuth=0,
	touch=1652790930999}
20:35:34.630 [Driver Command Executor] DEBUG org.asynchttpclient.netty.request.NettyRequestSender - Using pooled Channel '[id: 0x2ac4c955, L:/127.0.0.1:51929 - R:localhost/127.0.0.1:49286]' for 'DELETE' to 'http://localhost:49286/session/f856c7dea5397081d7d4f4a8acc832f0'
20:35:34.630 [AsyncHttpClient-1-13] DEBUG org.asynchttpclient.netty.channel.ChannelManager - Closing Channel [id: 0x3b24b125, L:/127.0.0.1:51937 ! R:localhost/127.0.0.1:51930] 
20:35:34.630 [Driver Command Executor] DEBUG org.asynchttpclient.netty.request.NettyRequestSender - Using open Channel [id: 0x2ac4c955, L:/127.0.0.1:51929 - R:localhost/127.0.0.1:49286] for DELETE '/session/f856c7dea5397081d7d4f4a8acc832f0'
20:35:34.655 [AsyncHttpClient-1-12] DEBUG org.asynchttpclient.netty.handler.HttpHandler - Unexpected I/O exception on channel [id: 0x6f0a95e3, L:/127.0.0.1:51936 - R:localhost/127.0.0.1:51930]
java.net.SocketException: Connection reset
	at java.base/sun.nio.ch.SocketChannelImpl.throwConnectionReset(SocketChannelImpl.java:394)
	at java.base/sun.nio.ch.SocketChannelImpl.read(SocketChannelImpl.java:426)
	at io.netty.buffer.PooledByteBuf.setBytes(PooledByteBuf.java:258)
	at io.netty.buffer.AbstractByteBuf.writeBytes(AbstractByteBuf.java:1132)
	at io.netty.channel.socket.nio.NioSocketChannel.doReadBytes(NioSocketChannel.java:350)
	at io.netty.channel.nio.AbstractNioByteChannel$NioByteUnsafe.read(AbstractNioByteChannel.java:151)
	at io.netty.channel.nio.NioEventLoop.processSelectedKey(NioEventLoop.java:722)
	at io.netty.channel.nio.NioEventLoop.processSelectedKeysOptimized(NioEventLoop.java:658)
	at io.netty.channel.nio.NioEventLoop.processSelectedKeys(NioEventLoop.java:584)
	at io.netty.channel.nio.NioEventLoop.run(NioEventLoop.java:496)
	at io.netty.util.concurrent.SingleThreadEventExecutor$4.run(SingleThreadEventExecutor.java:986)
	at io.netty.util.internal.ThreadExecutorMap$2.run(ThreadExecutorMap.java:74)
	at io.netty.util.concurrent.FastThreadLocalRunnable.run(FastThreadLocalRunnable.java:30)
	at java.base/java.lang.Thread.run(Thread.java:833)
20:35:34.655 [AsyncHttpClient-1-12] DEBUG org.asynchttpclient.netty.channel.ChannelManager - Closing Channel [id: 0x6f0a95e3, L:/127.0.0.1:51936 - R:localhost/127.0.0.1:51930] 
20:35:34.655 [AsyncHttpClient-1-12] DEBUG org.asynchttpclient.netty.handler.HttpHandler - Channel Closed: [id: 0x6f0a95e3, L:/127.0.0.1:51936 ! R:localhost/127.0.0.1:51930] with attribute DISCARD
20:35:34.663 [AsyncHttpClient-1-11] DEBUG org.asynchttpclient.netty.handler.HttpHandler - 

Request DefaultFullHttpRequest(decodeResult: success, version: HTTP/1.1, content: EmptyByteBufBE)
DELETE /session/f856c7dea5397081d7d4f4a8acc832f0 HTTP/1.1
User-Agent: selenium/4.1.2 (java windows)
Content-Type: application/json; charset=utf-8
host: localhost:49286
accept: */*

Response DefaultHttpResponse(decodeResult: success, version: HTTP/1.1)
HTTP/1.1 200 OK
Content-Type: application/json; charset=utf-8
cache-control: no-cache
content-length: 14

20:35:34.664 [AsyncHttpClient-1-11] DEBUG org.asynchttpclient.netty.channel.ChannelManager - Adding key: http://localhost:49286 for channel [id: 0x2ac4c955, L:/127.0.0.1:51929 - R:localhost/127.0.0.1:49286]
20:35:34.711 [AsyncHttpClient-1-1] DEBUG org.asynchttpclient.netty.channel.DefaultChannelPool - Entry count for : http://localhost:51930 : 1
20:35:34.711 [AsyncHttpClient-1-1] DEBUG org.asynchttpclient.netty.channel.DefaultChannelPool - Entry count for : http://localhost:49286 : 1
20:35:34.711 [AsyncHttpClient-1-1] DEBUG org.asynchttpclient.netty.channel.DefaultChannelPool - Adding Candidate expired Channel [id: 0x6f0a95e3, L:/127.0.0.1:51936 ! R:localhost/127.0.0.1:51930] isIdleTimeoutExpired=false isRemotelyClosed=true isTtlExpired=false
20:35:34.711 [AsyncHttpClient-1-1] DEBUG org.asynchttpclient.netty.channel.DefaultChannelPool - Closing Idle Channel [id: 0x6f0a95e3, L:/127.0.0.1:51936 ! R:localhost/127.0.0.1:51930]
20:35:34.711 [AsyncHttpClient-1-1] DEBUG org.asynchttpclient.netty.channel.DefaultChannelPool - Closed 1 connections out of 2 in 0 ms
20:35:34.712 [AsyncHttpClient-1-11] DEBUG org.asynchttpclient.netty.handler.HttpHandler - Channel Closed: [id: 0x2ac4c955, L:/127.0.0.1:51929 ! R:localhost/127.0.0.1:49286] with attribute DISCARD
]]></system-out>
    <system-err><![CDATA[Starting ChromeDriver 101.0.4951.41 (93c720db8323b3ec10d056025ab95c23a31997c9-refs/branch-heads/4951@{#904}) on port 49286
Only local connections are allowed.
Please see https://chromedriver.chromium.org/security-considerations for suggestions on keeping ChromeDriver safe.
ChromeDriver was started successfully.
May 17, 2022 8:35:30 PM org.openqa.selenium.remote.ProtocolHandshake createSession
INFO: Detected dialect: W3C
May 17, 2022 8:35:31 PM org.openqa.selenium.devtools.CdpVersionFinder findNearestMatch
WARNING: Unable to find an exact match for CDP version 101, so returning the closest version found: 97
May 17, 2022 8:35:31 PM org.openqa.selenium.devtools.CdpVersionFinder findNearestMatch
INFO: Found CDP implementation for version 101 of 97
]]></system-err>
  </testcase>
  <testcase name="as a user choose helath category" classname="as a user choose the desired category such as the health category" time="4.059">
    <system-out><![CDATA[20:35:34.776 [main] INFO io.cucumber.core.plugin.SerenityReporter - Running feature from file:///D:/alta%20folder/final%20project/web%20testing/src/test/resources/features/SelectCategory.feature
20:35:34.777 [main] DEBUG net.thucydides.core.steps.StepEventBus - Test suite started for story net.thucydides.core.model.Story@64a97f89
20:35:34.777 [main] INFO  - Test Suite Started: as a user choose the desired category such as the health category

Scenario: as a user choose helath category &amp#27;[90m# src/test/resources/features/SelectCategory.feature:3&amp#27;[0m
20:35:34.780 [main] INFO io.cucumber.core.plugin.SerenityReporter - Running feature from file:///D:/alta%20folder/final%20project/web%20testing/src/test/resources/features/SelectCategory.feature
20:35:34.781 [main] INFO  - 
  _____   ___   ___   _____     ___   _____     _     ___   _____   ___   ___  
 |_   _| | __| / __| |_   _|   / __| |_   _|   /_\   | _ \ |_   _| | __| |   \ 
   | |   | _|  \__ \   | |     \__ \   | |    / _ \  |   /   | |   | _|  | |) |
   |_|   |___| |___/   |_|     |___/   |_|   /_/ \_\ |_|_\   |_|   |___| |___/ 

as a user choose helath category(as-a-user-choose-the-desired-category-such-as-the-health-category;as-a-user-choose-helath-category)
--------------------------------------------------------------------------------
20:35:34.819 [main] DEBUG net.thucydides.core.steps.StepInterceptor - STARTING STEP: SelectCategorySteps.useronhomepage - openPage
20:35:34.820 [main] INFO net.serenitybdd.core.webdriver.driverproviders.ChromeDriverProvider - Using automatically driver download
20:35:34.901 [main] DEBUG io.github.bonigarcia.wdm.cache.ResolutionCache - Resolution chrome=101 in cache (valid until 20:49:03 17/05/2022 WITA)
20:35:34.904 [main] DEBUG io.github.bonigarcia.wdm.cache.ResolutionCache - Resolution chrome101=101.0.4951.41 in cache (valid until 14:03:56 18/05/2022 WITA)
20:35:34.905 [main] INFO io.github.bonigarcia.wdm.WebDriverManager - Using chromedriver 101.0.4951.41 (resolved driver for Chrome 101)
20:35:34.911 [main] DEBUG io.github.bonigarcia.wdm.WebDriverManager - Driver chromedriver 101.0.4951.41 found in cache
20:35:34.911 [main] INFO io.github.bonigarcia.wdm.WebDriverManager - Exporting webdriver.chrome.driver as C:\Users\Rev\.cache\selenium\chromedriver\win32\101.0.4951.41\chromedriver.exe
20:35:34.989 [main] DEBUG net.serenitybdd.core.webdriver.driverproviders.ProvideNewDriver - Instantiating driver
20:35:34.989 [main] DEBUG net.serenitybdd.core.webdriver.driverproviders.ProvideNewDriver - Driver capabilities: Capabilities {acceptInsecureCerts: false, base.url: https://qa.alta.id, browserName: chrome, chrome.driver: webdriver/chromedriver.exe, driver: chrome, goog:chromeOptions: {args: [], extensions: []}}
20:35:35.184 [AsyncHttpClient-1-14] DEBUG org.asynchttpclient.netty.channel.NettyConnectListener - Using new Channel '[id: 0x7f6edf6b, L:/127.0.0.1:51960 - R:localhost/127.0.0.1:53603]' for 'POST' to '/session'
20:35:35.795 [AsyncHttpClient-1-14] DEBUG org.asynchttpclient.netty.handler.HttpHandler - 

Request DefaultHttpRequest(decodeResult: success, version: HTTP/1.1)
POST /session HTTP/1.1
User-Agent: selenium/4.1.2 (java windows)
Content-Length: 565
Content-Type: application/json; charset=utf-8
host: localhost:53603
accept: */*

Response DefaultHttpResponse(decodeResult: success, version: HTTP/1.1)
HTTP/1.1 200 OK
Content-Type: application/json; charset=utf-8
cache-control: no-cache
content-length: 788

20:35:35.795 [AsyncHttpClient-1-14] DEBUG org.asynchttpclient.netty.channel.ChannelManager - Adding key: http://localhost:53603 for channel [id: 0x7f6edf6b, L:/127.0.0.1:51960 - R:localhost/127.0.0.1:53603]
20:35:35.799 [AsyncHttpClient-1-15] DEBUG org.asynchttpclient.netty.channel.NettyConnectListener - Using new Channel '[id: 0x8640dd99, L:/127.0.0.1:51967 - R:localhost/127.0.0.1:51961]' for 'GET' to '/json/version'
20:35:35.804 [AsyncHttpClient-1-15] DEBUG org.asynchttpclient.netty.handler.HttpHandler - 

Request DefaultFullHttpRequest(decodeResult: success, version: HTTP/1.1, content: EmptyByteBufBE)
GET /json/version HTTP/1.1
User-Agent: selenium/4.1.2 (java windows)
host: localhost:51961
accept: */*

Response DefaultHttpResponse(decodeResult: success, version: HTTP/1.1)
HTTP/1.1 200 OK
Content-Type: application/json; charset=UTF-8
content-length: 427

20:35:35.805 [AsyncHttpClient-1-15] DEBUG org.asynchttpclient.netty.channel.ChannelManager - Adding key: http://localhost:51961 for channel [id: 0x8640dd99, L:/127.0.0.1:51967 - R:localhost/127.0.0.1:51961]
20:35:35.807 [AsyncHttpClient-1-16] DEBUG org.asynchttpclient.netty.channel.NettyConnectListener - Using new Channel '[id: 0xdb1969e9, L:/127.0.0.1:51968 - R:localhost/127.0.0.1:51961]' for 'GET' to '/devtools/browser/e3f70e5c-9d5e-4685-aca9-3ce5a0f73186'
20:35:35.808 [AsyncHttpClient-1-1] DEBUG org.asynchttpclient.netty.channel.DefaultChannelPool - Entry count for : http://localhost:53603 : 1
20:35:35.808 [AsyncHttpClient-1-1] DEBUG org.asynchttpclient.netty.channel.DefaultChannelPool - Entry count for : http://localhost:49286 : 1
20:35:35.808 [AsyncHttpClient-1-1] DEBUG org.asynchttpclient.netty.channel.DefaultChannelPool - Entry count for : http://localhost:51961 : 1
20:35:35.808 [AsyncHttpClient-1-1] DEBUG org.asynchttpclient.netty.channel.DefaultChannelPool - Adding Candidate expired Channel [id: 0x2ac4c955, L:/127.0.0.1:51929 ! R:localhost/127.0.0.1:49286] isIdleTimeoutExpired=false isRemotelyClosed=true isTtlExpired=false
20:35:35.808 [AsyncHttpClient-1-1] DEBUG org.asynchttpclient.netty.channel.DefaultChannelPool - Closing Idle Channel [id: 0x2ac4c955, L:/127.0.0.1:51929 ! R:localhost/127.0.0.1:49286]
20:35:35.808 [AsyncHttpClient-1-1] DEBUG org.asynchttpclient.netty.channel.DefaultChannelPool - Closed 1 connections out of 3 in 0 ms
20:35:35.811 [AsyncHttpClient-1-16] DEBUG org.asynchttpclient.netty.handler.WebSocketHandler - 

Request DefaultFullHttpRequest(decodeResult: success, version: HTTP/1.1, content: EmptyByteBufBE)
GET /devtools/browser/e3f70e5c-9d5e-4685-aca9-3ce5a0f73186 HTTP/1.1
upgrade: websocket
connection: upgrade
sec-websocket-key: R+DG4hqa7oFCYQ5aDzXQww==
sec-websocket-version: 13
origin: http://localhost:51961
host: localhost:51961
accept: */*
user-agent: AHC/2.1

Response DefaultHttpResponse(decodeResult: success, version: HTTP/1.1)
HTTP/1.1 101 WebSocket Protocol Handshake
Upgrade: WebSocket
Connection: Upgrade
Sec-WebSocket-Accept: F5LtJmUsg6qAL7MCZwKwJOdwbWw=

20:35:35.815 [Forwarding get on session 66d255cfca82a519f942402fb80aa7e2 to remote] DEBUG org.asynchttpclient.netty.request.NettyRequestSender - Using pooled Channel '[id: 0x7f6edf6b, L:/127.0.0.1:51960 - R:localhost/127.0.0.1:53603]' for 'POST' to 'http://localhost:53603/session/66d255cfca82a519f942402fb80aa7e2/url'
20:35:35.815 [Forwarding get on session 66d255cfca82a519f942402fb80aa7e2 to remote] DEBUG org.asynchttpclient.netty.request.NettyRequestSender - Using open Channel [id: 0x7f6edf6b, L:/127.0.0.1:51960 - R:localhost/127.0.0.1:53603] for POST '/session/66d255cfca82a519f942402fb80aa7e2/url'
20:35:36.447 [AsyncHttpClient-1-14] DEBUG org.asynchttpclient.netty.handler.HttpHandler - 

Request DefaultHttpRequest(decodeResult: success, version: HTTP/1.1)
POST /session/66d255cfca82a519f942402fb80aa7e2/url HTTP/1.1
User-Agent: selenium/4.1.2 (java windows)
Content-Length: 43
Content-Type: application/json; charset=utf-8
host: localhost:53603
accept: */*

Response DefaultHttpResponse(decodeResult: success, version: HTTP/1.1)
HTTP/1.1 200 OK
Content-Type: application/json; charset=utf-8
cache-control: no-cache
content-length: 14

20:35:36.447 [AsyncHttpClient-1-14] DEBUG org.asynchttpclient.netty.channel.ChannelManager - Adding key: http://localhost:53603 for channel [id: 0x7f6edf6b, L:/127.0.0.1:51960 - R:localhost/127.0.0.1:53603]
20:35:36.450 [Forwarding setTimeout on session 66d255cfca82a519f942402fb80aa7e2 to remote] DEBUG org.asynchttpclient.netty.request.NettyRequestSender - Using pooled Channel '[id: 0x7f6edf6b, L:/127.0.0.1:51960 - R:localhost/127.0.0.1:53603]' for 'POST' to 'http://localhost:53603/session/66d255cfca82a519f942402fb80aa7e2/timeouts'
20:35:36.450 [Forwarding setTimeout on session 66d255cfca82a519f942402fb80aa7e2 to remote] DEBUG org.asynchttpclient.netty.request.NettyRequestSender - Using open Channel [id: 0x7f6edf6b, L:/127.0.0.1:51960 - R:localhost/127.0.0.1:53603] for POST '/session/66d255cfca82a519f942402fb80aa7e2/timeouts'
20:35:36.455 [AsyncHttpClient-1-14] DEBUG org.asynchttpclient.netty.handler.HttpHandler - 

Request DefaultHttpRequest(decodeResult: success, version: HTTP/1.1)
POST /session/66d255cfca82a519f942402fb80aa7e2/timeouts HTTP/1.1
User-Agent: selenium/4.1.2 (java windows)
Content-Length: 22
Content-Type: application/json; charset=utf-8
host: localhost:53603
accept: */*

Response DefaultHttpResponse(decodeResult: success, version: HTTP/1.1)
HTTP/1.1 200 OK
Content-Type: application/json; charset=utf-8
cache-control: no-cache
content-length: 14

20:35:36.455 [AsyncHttpClient-1-14] DEBUG org.asynchttpclient.netty.channel.ChannelManager - Adding key: http://localhost:53603 for channel [id: 0x7f6edf6b, L:/127.0.0.1:51960 - R:localhost/127.0.0.1:53603]
20:35:36.459 [Forwarding getCurrentUrl on session 66d255cfca82a519f942402fb80aa7e2 to remote] DEBUG org.asynchttpclient.netty.request.NettyRequestSender - Using pooled Channel '[id: 0x7f6edf6b, L:/127.0.0.1:51960 - R:localhost/127.0.0.1:53603]' for 'GET' to 'http://localhost:53603/session/66d255cfca82a519f942402fb80aa7e2/url'
20:35:36.459 [Forwarding getCurrentUrl on session 66d255cfca82a519f942402fb80aa7e2 to remote] DEBUG org.asynchttpclient.netty.request.NettyRequestSender - Using open Channel [id: 0x7f6edf6b, L:/127.0.0.1:51960 - R:localhost/127.0.0.1:53603] for GET '/session/66d255cfca82a519f942402fb80aa7e2/url'
20:35:36.462 [AsyncHttpClient-1-14] DEBUG org.asynchttpclient.netty.handler.HttpHandler - 

Request DefaultFullHttpRequest(decodeResult: success, version: HTTP/1.1, content: EmptyByteBufBE)
GET /session/66d255cfca82a519f942402fb80aa7e2/url HTTP/1.1
User-Agent: selenium/4.1.2 (java windows)
Cache-Control: no-cache
Content-Type: application/json; charset=utf-8
host: localhost:53603
accept: */*

Response DefaultHttpResponse(decodeResult: success, version: HTTP/1.1)
HTTP/1.1 200 OK
Content-Type: application/json; charset=utf-8
cache-control: no-cache
content-length: 31

20:35:36.463 [AsyncHttpClient-1-14] DEBUG org.asynchttpclient.netty.channel.ChannelManager - Adding key: http://localhost:53603 for channel [id: 0x7f6edf6b, L:/127.0.0.1:51960 - R:localhost/127.0.0.1:53603]
20:35:36.466 [Forwarding getCurrentUrl on session 66d255cfca82a519f942402fb80aa7e2 to remote] DEBUG org.asynchttpclient.netty.request.NettyRequestSender - Using pooled Channel '[id: 0x7f6edf6b, L:/127.0.0.1:51960 - R:localhost/127.0.0.1:53603]' for 'GET' to 'http://localhost:53603/session/66d255cfca82a519f942402fb80aa7e2/url'
20:35:36.466 [Forwarding getCurrentUrl on session 66d255cfca82a519f942402fb80aa7e2 to remote] DEBUG org.asynchttpclient.netty.request.NettyRequestSender - Using open Channel [id: 0x7f6edf6b, L:/127.0.0.1:51960 - R:localhost/127.0.0.1:53603] for GET '/session/66d255cfca82a519f942402fb80aa7e2/url'
20:35:36.469 [AsyncHttpClient-1-14] DEBUG org.asynchttpclient.netty.handler.HttpHandler - 

Request DefaultFullHttpRequest(decodeResult: success, version: HTTP/1.1, content: EmptyByteBufBE)
GET /session/66d255cfca82a519f942402fb80aa7e2/url HTTP/1.1
User-Agent: selenium/4.1.2 (java windows)
Cache-Control: no-cache
Content-Type: application/json; charset=utf-8
host: localhost:53603
accept: */*

Response DefaultHttpResponse(decodeResult: success, version: HTTP/1.1)
HTTP/1.1 200 OK
Content-Type: application/json; charset=utf-8
cache-control: no-cache
content-length: 31

20:35:36.469 [AsyncHttpClient-1-14] DEBUG org.asynchttpclient.netty.channel.ChannelManager - Adding key: http://localhost:53603 for channel [id: 0x7f6edf6b, L:/127.0.0.1:51960 - R:localhost/127.0.0.1:53603]
20:35:36.473 [main] DEBUG net.serenitybdd.core.photography.Darkroom - Opening darkroom
20:35:36.474 [Darkroom Processing Line] DEBUG net.serenitybdd.core.photography.DarkroomProcessingLine - Darkroom processing line starting up
20:35:36.474 [Forwarding screenshot on session 66d255cfca82a519f942402fb80aa7e2 to remote] DEBUG org.asynchttpclient.netty.request.NettyRequestSender - Using pooled Channel '[id: 0x7f6edf6b, L:/127.0.0.1:51960 - R:localhost/127.0.0.1:53603]' for 'GET' to 'http://localhost:53603/session/66d255cfca82a519f942402fb80aa7e2/screenshot'
20:35:36.474 [Forwarding screenshot on session 66d255cfca82a519f942402fb80aa7e2 to remote] DEBUG org.asynchttpclient.netty.request.NettyRequestSender - Using open Channel [id: 0x7f6edf6b, L:/127.0.0.1:51960 - R:localhost/127.0.0.1:53603] for GET '/session/66d255cfca82a519f942402fb80aa7e2/screenshot'
20:35:36.916 [AsyncHttpClient-1-1] DEBUG org.asynchttpclient.netty.channel.DefaultChannelPool - Entry count for : http://localhost:51961 : 1
20:35:37.619 [AsyncHttpClient-1-14] DEBUG org.asynchttpclient.netty.handler.HttpHandler - 

Request DefaultFullHttpRequest(decodeResult: success, version: HTTP/1.1, content: EmptyByteBufBE)
GET /session/66d255cfca82a519f942402fb80aa7e2/screenshot HTTP/1.1
User-Agent: selenium/4.1.2 (java windows)
Cache-Control: no-cache
Content-Type: application/json; charset=utf-8
host: localhost:53603
accept: */*

Response DefaultHttpResponse(decodeResult: success, version: HTTP/1.1)
HTTP/1.1 200 OK
Content-Type: application/json; charset=utf-8
cache-control: no-cache
content-length: 40296

20:35:37.619 [AsyncHttpClient-1-14] DEBUG org.asynchttpclient.netty.channel.ChannelManager - Adding key: http://localhost:53603 for channel [id: 0x7f6edf6b, L:/127.0.0.1:51960 - R:localhost/127.0.0.1:53603]
20:35:37.622 [main] DEBUG net.serenitybdd.core.photography.Darkroom - Send negative for processing for target\site\serenity\c1549c0ade09df66f06af84010371ea2096c3806eaa6a87a86c48086684410e8.png
20:35:37.622 [main] DEBUG net.thucydides.core.steps.StepInterceptor - STEP DONE: openPage
20:35:37.622 [Darkroom Processing Line] DEBUG net.serenitybdd.core.photography.DarkroomProcessingLine - Processing screenshot image in /var/screenshots/screenshot-907072041941756024
20:35:37.622 [Darkroom Processing Line] DEBUG net.serenitybdd.core.photography.DarkroomProcessingLine - Saving screenshot to target\site\serenity\c1549c0ade09df66f06af84010371ea2096c3806eaa6a87a86c48086684410e8.png
20:35:37.626 [main] DEBUG net.thucydides.core.steps.StepInterceptor - STARTING STEP: SelectCategorySteps.useronhomepage - homepage
20:35:37.627 [Forwarding findElement on session 66d255cfca82a519f942402fb80aa7e2 to remote] DEBUG org.asynchttpclient.netty.request.NettyRequestSender - Using pooled Channel '[id: 0x7f6edf6b, L:/127.0.0.1:51960 - R:localhost/127.0.0.1:53603]' for 'POST' to 'http://localhost:53603/session/66d255cfca82a519f942402fb80aa7e2/element'
20:35:37.627 [Forwarding findElement on session 66d255cfca82a519f942402fb80aa7e2 to remote] DEBUG org.asynchttpclient.netty.request.NettyRequestSender - Using open Channel [id: 0x7f6edf6b, L:/127.0.0.1:51960 - R:localhost/127.0.0.1:53603] for POST '/session/66d255cfca82a519f942402fb80aa7e2/element'
20:35:37.644 [AsyncHttpClient-1-14] DEBUG org.asynchttpclient.netty.handler.HttpHandler - 

Request DefaultHttpRequest(decodeResult: success, version: HTTP/1.1)
POST /session/66d255cfca82a519f942402fb80aa7e2/element HTTP/1.1
User-Agent: selenium/4.1.2 (java windows)
Content-Length: 85
Content-Type: application/json; charset=utf-8
host: localhost:53603
accept: */*

Response DefaultHttpResponse(decodeResult: success, version: HTTP/1.1)
HTTP/1.1 200 OK
Content-Type: application/json; charset=utf-8
cache-control: no-cache
content-length: 88

20:35:37.644 [AsyncHttpClient-1-14] DEBUG org.asynchttpclient.netty.channel.ChannelManager - Adding key: http://localhost:53603 for channel [id: 0x7f6edf6b, L:/127.0.0.1:51960 - R:localhost/127.0.0.1:53603]
20:35:37.648 [Forwarding isElementDisplayed on session 66d255cfca82a519f942402fb80aa7e2 to remote] DEBUG org.asynchttpclient.netty.request.NettyRequestSender - Using pooled Channel '[id: 0x7f6edf6b, L:/127.0.0.1:51960 - R:localhost/127.0.0.1:53603]' for 'POST' to 'http://localhost:53603/session/66d255cfca82a519f942402fb80aa7e2/execute/sync'
20:35:37.648 [Forwarding isElementDisplayed on session 66d255cfca82a519f942402fb80aa7e2 to remote] DEBUG org.asynchttpclient.netty.request.NettyRequestSender - Using open Channel [id: 0x7f6edf6b, L:/127.0.0.1:51960 - R:localhost/127.0.0.1:53603] for POST '/session/66d255cfca82a519f942402fb80aa7e2/execute/sync'
20:35:37.658 [AsyncHttpClient-1-14] DEBUG org.asynchttpclient.netty.handler.HttpHandler - 

Request DefaultHttpRequest(decodeResult: success, version: HTTP/1.1)
POST /session/66d255cfca82a519f942402fb80aa7e2/execute/sync HTTP/1.1
User-Agent: selenium/4.1.2 (java windows)
Content-Length: 48780
Content-Type: application/json; charset=utf-8
host: localhost:53603
accept: */*

Response DefaultHttpResponse(decodeResult: success, version: HTTP/1.1)
HTTP/1.1 200 OK
Content-Type: application/json; charset=utf-8
cache-control: no-cache
content-length: 14

20:35:37.658 [AsyncHttpClient-1-14] DEBUG org.asynchttpclient.netty.channel.ChannelManager - Adding key: http://localhost:53603 for channel [id: 0x7f6edf6b, L:/127.0.0.1:51960 - R:localhost/127.0.0.1:53603]
20:35:37.662 [main] DEBUG net.thucydides.core.steps.StepInterceptor - STEP DONE: homepage
  &amp#27;[32mGiven &amp#27;[0m&amp#27;[32mas a user on home page&amp#27;[0m             &amp#27;[90m# starter.definitions.SelectCategorySteps.useronhomepage()&amp#27;[0m
20:35:37.670 [main] DEBUG net.thucydides.core.steps.StepInterceptor - STARTING STEP: SelectCategorySteps.userclickselectcategory - validateclickselectcategory
20:35:37.672 [Forwarding findElement on session 66d255cfca82a519f942402fb80aa7e2 to remote] DEBUG org.asynchttpclient.netty.request.NettyRequestSender - Using pooled Channel '[id: 0x7f6edf6b, L:/127.0.0.1:51960 - R:localhost/127.0.0.1:53603]' for 'POST' to 'http://localhost:53603/session/66d255cfca82a519f942402fb80aa7e2/element'
20:35:37.672 [Forwarding findElement on session 66d255cfca82a519f942402fb80aa7e2 to remote] DEBUG org.asynchttpclient.netty.request.NettyRequestSender - Using open Channel [id: 0x7f6edf6b, L:/127.0.0.1:51960 - R:localhost/127.0.0.1:53603] for POST '/session/66d255cfca82a519f942402fb80aa7e2/element'
20:35:37.683 [AsyncHttpClient-1-14] DEBUG org.asynchttpclient.netty.handler.HttpHandler - 

Request DefaultHttpRequest(decodeResult: success, version: HTTP/1.1)
POST /session/66d255cfca82a519f942402fb80aa7e2/element HTTP/1.1
User-Agent: selenium/4.1.2 (java windows)
Content-Length: 94
Content-Type: application/json; charset=utf-8
host: localhost:53603
accept: */*

Response DefaultHttpResponse(decodeResult: success, version: HTTP/1.1)
HTTP/1.1 200 OK
Content-Type: application/json; charset=utf-8
cache-control: no-cache
content-length: 88

20:35:37.683 [AsyncHttpClient-1-14] DEBUG org.asynchttpclient.netty.channel.ChannelManager - Adding key: http://localhost:53603 for channel [id: 0x7f6edf6b, L:/127.0.0.1:51960 - R:localhost/127.0.0.1:53603]
20:35:37.685 [Forwarding getElementTagName on session 66d255cfca82a519f942402fb80aa7e2 to remote] DEBUG org.asynchttpclient.netty.request.NettyRequestSender - Using pooled Channel '[id: 0x7f6edf6b, L:/127.0.0.1:51960 - R:localhost/127.0.0.1:53603]' for 'GET' to 'http://localhost:53603/session/66d255cfca82a519f942402fb80aa7e2/element/7775fe04-41d9-43c9-9bb8-26c6f5a2a65c/name'
20:35:37.685 [Forwarding getElementTagName on session 66d255cfca82a519f942402fb80aa7e2 to remote] DEBUG org.asynchttpclient.netty.request.NettyRequestSender - Using open Channel [id: 0x7f6edf6b, L:/127.0.0.1:51960 - R:localhost/127.0.0.1:53603] for GET '/session/66d255cfca82a519f942402fb80aa7e2/element/7775fe04-41d9-43c9-9bb8-26c6f5a2a65c/name'
20:35:37.688 [AsyncHttpClient-1-14] DEBUG org.asynchttpclient.netty.handler.HttpHandler - 

Request DefaultFullHttpRequest(decodeResult: success, version: HTTP/1.1, content: EmptyByteBufBE)
GET /session/66d255cfca82a519f942402fb80aa7e2/element/7775fe04-41d9-43c9-9bb8-26c6f5a2a65c/name HTTP/1.1
User-Agent: selenium/4.1.2 (java windows)
Cache-Control: no-cache
Content-Type: application/json; charset=utf-8
host: localhost:53603
accept: */*

Response DefaultHttpResponse(decodeResult: success, version: HTTP/1.1)
HTTP/1.1 200 OK
Content-Type: application/json; charset=utf-8
cache-control: no-cache
content-length: 15

20:35:37.688 [AsyncHttpClient-1-14] DEBUG org.asynchttpclient.netty.channel.ChannelManager - Adding key: http://localhost:53603 for channel [id: 0x7f6edf6b, L:/127.0.0.1:51960 - R:localhost/127.0.0.1:53603]
20:35:37.689 [Forwarding getElementTagName on session 66d255cfca82a519f942402fb80aa7e2 to remote] DEBUG org.asynchttpclient.netty.request.NettyRequestSender - Using pooled Channel '[id: 0x7f6edf6b, L:/127.0.0.1:51960 - R:localhost/127.0.0.1:53603]' for 'GET' to 'http://localhost:53603/session/66d255cfca82a519f942402fb80aa7e2/element/7775fe04-41d9-43c9-9bb8-26c6f5a2a65c/name'
20:35:37.689 [Forwarding getElementTagName on session 66d255cfca82a519f942402fb80aa7e2 to remote] DEBUG org.asynchttpclient.netty.request.NettyRequestSender - Using open Channel [id: 0x7f6edf6b, L:/127.0.0.1:51960 - R:localhost/127.0.0.1:53603] for GET '/session/66d255cfca82a519f942402fb80aa7e2/element/7775fe04-41d9-43c9-9bb8-26c6f5a2a65c/name'
20:35:37.691 [AsyncHttpClient-1-14] DEBUG org.asynchttpclient.netty.handler.HttpHandler - 

Request DefaultFullHttpRequest(decodeResult: success, version: HTTP/1.1, content: EmptyByteBufBE)
GET /session/66d255cfca82a519f942402fb80aa7e2/element/7775fe04-41d9-43c9-9bb8-26c6f5a2a65c/name HTTP/1.1
User-Agent: selenium/4.1.2 (java windows)
Cache-Control: no-cache
Content-Type: application/json; charset=utf-8
host: localhost:53603
accept: */*

Response DefaultHttpResponse(decodeResult: success, version: HTTP/1.1)
HTTP/1.1 200 OK
Content-Type: application/json; charset=utf-8
cache-control: no-cache
content-length: 15

20:35:37.691 [AsyncHttpClient-1-14] DEBUG org.asynchttpclient.netty.channel.ChannelManager - Adding key: http://localhost:53603 for channel [id: 0x7f6edf6b, L:/127.0.0.1:51960 - R:localhost/127.0.0.1:53603]
20:35:37.692 [Forwarding findElement on session 66d255cfca82a519f942402fb80aa7e2 to remote] DEBUG org.asynchttpclient.netty.request.NettyRequestSender - Using pooled Channel '[id: 0x7f6edf6b, L:/127.0.0.1:51960 - R:localhost/127.0.0.1:53603]' for 'POST' to 'http://localhost:53603/session/66d255cfca82a519f942402fb80aa7e2/element'
20:35:37.692 [Forwarding findElement on session 66d255cfca82a519f942402fb80aa7e2 to remote] DEBUG org.asynchttpclient.netty.request.NettyRequestSender - Using open Channel [id: 0x7f6edf6b, L:/127.0.0.1:51960 - R:localhost/127.0.0.1:53603] for POST '/session/66d255cfca82a519f942402fb80aa7e2/element'
20:35:37.701 [AsyncHttpClient-1-14] DEBUG org.asynchttpclient.netty.handler.HttpHandler - 

Request DefaultHttpRequest(decodeResult: success, version: HTTP/1.1)
POST /session/66d255cfca82a519f942402fb80aa7e2/element HTTP/1.1
User-Agent: selenium/4.1.2 (java windows)
Content-Length: 94
Content-Type: application/json; charset=utf-8
host: localhost:53603
accept: */*

Response DefaultHttpResponse(decodeResult: success, version: HTTP/1.1)
HTTP/1.1 200 OK
Content-Type: application/json; charset=utf-8
cache-control: no-cache
content-length: 88

20:35:37.701 [AsyncHttpClient-1-14] DEBUG org.asynchttpclient.netty.channel.ChannelManager - Adding key: http://localhost:53603 for channel [id: 0x7f6edf6b, L:/127.0.0.1:51960 - R:localhost/127.0.0.1:53603]
20:35:37.702 [Forwarding clickElement on session 66d255cfca82a519f942402fb80aa7e2 to remote] DEBUG org.asynchttpclient.netty.request.NettyRequestSender - Using pooled Channel '[id: 0x7f6edf6b, L:/127.0.0.1:51960 - R:localhost/127.0.0.1:53603]' for 'POST' to 'http://localhost:53603/session/66d255cfca82a519f942402fb80aa7e2/element/7775fe04-41d9-43c9-9bb8-26c6f5a2a65c/click'
20:35:37.702 [Forwarding clickElement on session 66d255cfca82a519f942402fb80aa7e2 to remote] DEBUG org.asynchttpclient.netty.request.NettyRequestSender - Using open Channel [id: 0x7f6edf6b, L:/127.0.0.1:51960 - R:localhost/127.0.0.1:53603] for POST '/session/66d255cfca82a519f942402fb80aa7e2/element/7775fe04-41d9-43c9-9bb8-26c6f5a2a65c/click'
20:35:37.756 [AsyncHttpClient-1-14] DEBUG org.asynchttpclient.netty.handler.HttpHandler - 

Request DefaultHttpRequest(decodeResult: success, version: HTTP/1.1)
POST /session/66d255cfca82a519f942402fb80aa7e2/element/7775fe04-41d9-43c9-9bb8-26c6f5a2a65c/click HTTP/1.1
User-Agent: selenium/4.1.2 (java windows)
Content-Length: 50
Content-Type: application/json; charset=utf-8
host: localhost:53603
accept: */*

Response DefaultHttpResponse(decodeResult: success, version: HTTP/1.1)
HTTP/1.1 200 OK
Content-Type: application/json; charset=utf-8
cache-control: no-cache
content-length: 14

20:35:37.756 [AsyncHttpClient-1-14] DEBUG org.asynchttpclient.netty.channel.ChannelManager - Adding key: http://localhost:53603 for channel [id: 0x7f6edf6b, L:/127.0.0.1:51960 - R:localhost/127.0.0.1:53603]
20:35:37.760 [Forwarding screenshot on session 66d255cfca82a519f942402fb80aa7e2 to remote] DEBUG org.asynchttpclient.netty.request.NettyRequestSender - Using pooled Channel '[id: 0x7f6edf6b, L:/127.0.0.1:51960 - R:localhost/127.0.0.1:53603]' for 'GET' to 'http://localhost:53603/session/66d255cfca82a519f942402fb80aa7e2/screenshot'
20:35:37.760 [Forwarding screenshot on session 66d255cfca82a519f942402fb80aa7e2 to remote] DEBUG org.asynchttpclient.netty.request.NettyRequestSender - Using open Channel [id: 0x7f6edf6b, L:/127.0.0.1:51960 - R:localhost/127.0.0.1:53603] for GET '/session/66d255cfca82a519f942402fb80aa7e2/screenshot'
20:35:37.944 [AsyncHttpClient-1-14] DEBUG org.asynchttpclient.netty.handler.HttpHandler - 

Request DefaultFullHttpRequest(decodeResult: success, version: HTTP/1.1, content: EmptyByteBufBE)
GET /session/66d255cfca82a519f942402fb80aa7e2/screenshot HTTP/1.1
User-Agent: selenium/4.1.2 (java windows)
Cache-Control: no-cache
Content-Type: application/json; charset=utf-8
host: localhost:53603
accept: */*

Response DefaultHttpResponse(decodeResult: success, version: HTTP/1.1)
HTTP/1.1 200 OK
Content-Type: application/json; charset=utf-8
cache-control: no-cache
content-length: 72780

20:35:37.944 [AsyncHttpClient-1-14] DEBUG org.asynchttpclient.netty.channel.ChannelManager - Adding key: http://localhost:53603 for channel [id: 0x7f6edf6b, L:/127.0.0.1:51960 - R:localhost/127.0.0.1:53603]
20:35:37.946 [main] DEBUG net.serenitybdd.core.photography.Darkroom - Send negative for processing for target\site\serenity\bb8e314e6a9734a55f82f624a815cdad71f52557db66d39090ac119d01a4b9a4.png
20:35:37.946 [main] DEBUG net.thucydides.core.steps.StepInterceptor - STEP DONE: validateclickselectcategory
  &amp#27;[32mWhen &amp#27;[0m&amp#27;[32mas a user click select category&amp#27;[0m     &amp#27;[90m# starter.definitions.SelectCategorySteps.userclickselectcategory()&amp#27;[0m
20:35:37.946 [Darkroom Processing Line] DEBUG net.serenitybdd.core.photography.DarkroomProcessingLine - Processing screenshot image in /var/screenshots/screenshot-14823842692556644057
20:35:37.946 [Darkroom Processing Line] DEBUG net.serenitybdd.core.photography.DarkroomProcessingLine - Saving screenshot to target\site\serenity\bb8e314e6a9734a55f82f624a815cdad71f52557db66d39090ac119d01a4b9a4.png
20:35:37.957 [main] DEBUG net.thucydides.core.steps.StepInterceptor - STARTING STEP: SelectCategorySteps.userchoosehealtycategory - userchoseehealtycategory
20:35:37.960 [Forwarding findElement on session 66d255cfca82a519f942402fb80aa7e2 to remote] DEBUG org.asynchttpclient.netty.request.NettyRequestSender - Using pooled Channel '[id: 0x7f6edf6b, L:/127.0.0.1:51960 - R:localhost/127.0.0.1:53603]' for 'POST' to 'http://localhost:53603/session/66d255cfca82a519f942402fb80aa7e2/element'
20:35:37.960 [Forwarding findElement on session 66d255cfca82a519f942402fb80aa7e2 to remote] DEBUG org.asynchttpclient.netty.request.NettyRequestSender - Using open Channel [id: 0x7f6edf6b, L:/127.0.0.1:51960 - R:localhost/127.0.0.1:53603] for POST '/session/66d255cfca82a519f942402fb80aa7e2/element'
20:35:37.975 [AsyncHttpClient-1-14] DEBUG org.asynchttpclient.netty.handler.HttpHandler - 

Request DefaultHttpRequest(decodeResult: success, version: HTTP/1.1)
POST /session/66d255cfca82a519f942402fb80aa7e2/element HTTP/1.1
User-Agent: selenium/4.1.2 (java windows)
Content-Length: 92
Content-Type: application/json; charset=utf-8
host: localhost:53603
accept: */*

Response DefaultHttpResponse(decodeResult: success, version: HTTP/1.1)
HTTP/1.1 200 OK
Content-Type: application/json; charset=utf-8
cache-control: no-cache
content-length: 88

20:35:37.976 [AsyncHttpClient-1-14] DEBUG org.asynchttpclient.netty.channel.ChannelManager - Adding key: http://localhost:53603 for channel [id: 0x7f6edf6b, L:/127.0.0.1:51960 - R:localhost/127.0.0.1:53603]
20:35:37.977 [Forwarding getElementTagName on session 66d255cfca82a519f942402fb80aa7e2 to remote] DEBUG org.asynchttpclient.netty.request.NettyRequestSender - Using pooled Channel '[id: 0x7f6edf6b, L:/127.0.0.1:51960 - R:localhost/127.0.0.1:53603]' for 'GET' to 'http://localhost:53603/session/66d255cfca82a519f942402fb80aa7e2/element/60bc967c-52d3-476f-9ec9-1735aaa059cf/name'
20:35:37.977 [Forwarding getElementTagName on session 66d255cfca82a519f942402fb80aa7e2 to remote] DEBUG org.asynchttpclient.netty.request.NettyRequestSender - Using open Channel [id: 0x7f6edf6b, L:/127.0.0.1:51960 - R:localhost/127.0.0.1:53603] for GET '/session/66d255cfca82a519f942402fb80aa7e2/element/60bc967c-52d3-476f-9ec9-1735aaa059cf/name'
20:35:37.980 [AsyncHttpClient-1-14] DEBUG org.asynchttpclient.netty.handler.HttpHandler - 

Request DefaultFullHttpRequest(decodeResult: success, version: HTTP/1.1, content: EmptyByteBufBE)
GET /session/66d255cfca82a519f942402fb80aa7e2/element/60bc967c-52d3-476f-9ec9-1735aaa059cf/name HTTP/1.1
User-Agent: selenium/4.1.2 (java windows)
Cache-Control: no-cache
Content-Type: application/json; charset=utf-8
host: localhost:53603
accept: */*

Response DefaultHttpResponse(decodeResult: success, version: HTTP/1.1)
HTTP/1.1 200 OK
Content-Type: application/json; charset=utf-8
cache-control: no-cache
content-length: 15

20:35:37.980 [AsyncHttpClient-1-14] DEBUG org.asynchttpclient.netty.channel.ChannelManager - Adding key: http://localhost:53603 for channel [id: 0x7f6edf6b, L:/127.0.0.1:51960 - R:localhost/127.0.0.1:53603]
20:35:37.981 [Forwarding getElementTagName on session 66d255cfca82a519f942402fb80aa7e2 to remote] DEBUG org.asynchttpclient.netty.request.NettyRequestSender - Using pooled Channel '[id: 0x7f6edf6b, L:/127.0.0.1:51960 - R:localhost/127.0.0.1:53603]' for 'GET' to 'http://localhost:53603/session/66d255cfca82a519f942402fb80aa7e2/element/60bc967c-52d3-476f-9ec9-1735aaa059cf/name'
20:35:37.981 [Forwarding getElementTagName on session 66d255cfca82a519f942402fb80aa7e2 to remote] DEBUG org.asynchttpclient.netty.request.NettyRequestSender - Using open Channel [id: 0x7f6edf6b, L:/127.0.0.1:51960 - R:localhost/127.0.0.1:53603] for GET '/session/66d255cfca82a519f942402fb80aa7e2/element/60bc967c-52d3-476f-9ec9-1735aaa059cf/name'
20:35:37.982 [AsyncHttpClient-1-14] DEBUG org.asynchttpclient.netty.handler.HttpHandler - 

Request DefaultFullHttpRequest(decodeResult: success, version: HTTP/1.1, content: EmptyByteBufBE)
GET /session/66d255cfca82a519f942402fb80aa7e2/element/60bc967c-52d3-476f-9ec9-1735aaa059cf/name HTTP/1.1
User-Agent: selenium/4.1.2 (java windows)
Cache-Control: no-cache
Content-Type: application/json; charset=utf-8
host: localhost:53603
accept: */*

Response DefaultHttpResponse(decodeResult: success, version: HTTP/1.1)
HTTP/1.1 200 OK
Content-Type: application/json; charset=utf-8
cache-control: no-cache
content-length: 15

20:35:37.983 [AsyncHttpClient-1-14] DEBUG org.asynchttpclient.netty.channel.ChannelManager - Adding key: http://localhost:53603 for channel [id: 0x7f6edf6b, L:/127.0.0.1:51960 - R:localhost/127.0.0.1:53603]
20:35:37.985 [Forwarding findElement on session 66d255cfca82a519f942402fb80aa7e2 to remote] DEBUG org.asynchttpclient.netty.request.NettyRequestSender - Using pooled Channel '[id: 0x7f6edf6b, L:/127.0.0.1:51960 - R:localhost/127.0.0.1:53603]' for 'POST' to 'http://localhost:53603/session/66d255cfca82a519f942402fb80aa7e2/element'
20:35:37.985 [Forwarding findElement on session 66d255cfca82a519f942402fb80aa7e2 to remote] DEBUG org.asynchttpclient.netty.request.NettyRequestSender - Using open Channel [id: 0x7f6edf6b, L:/127.0.0.1:51960 - R:localhost/127.0.0.1:53603] for POST '/session/66d255cfca82a519f942402fb80aa7e2/element'
20:35:37.994 [AsyncHttpClient-1-14] DEBUG org.asynchttpclient.netty.handler.HttpHandler - 

Request DefaultHttpRequest(decodeResult: success, version: HTTP/1.1)
POST /session/66d255cfca82a519f942402fb80aa7e2/element HTTP/1.1
User-Agent: selenium/4.1.2 (java windows)
Content-Length: 92
Content-Type: application/json; charset=utf-8
host: localhost:53603
accept: */*

Response DefaultHttpResponse(decodeResult: success, version: HTTP/1.1)
HTTP/1.1 200 OK
Content-Type: application/json; charset=utf-8
cache-control: no-cache
content-length: 88

20:35:37.995 [AsyncHttpClient-1-14] DEBUG org.asynchttpclient.netty.channel.ChannelManager - Adding key: http://localhost:53603 for channel [id: 0x7f6edf6b, L:/127.0.0.1:51960 - R:localhost/127.0.0.1:53603]
20:35:37.996 [Forwarding clickElement on session 66d255cfca82a519f942402fb80aa7e2 to remote] DEBUG org.asynchttpclient.netty.request.NettyRequestSender - Using pooled Channel '[id: 0x7f6edf6b, L:/127.0.0.1:51960 - R:localhost/127.0.0.1:53603]' for 'POST' to 'http://localhost:53603/session/66d255cfca82a519f942402fb80aa7e2/element/60bc967c-52d3-476f-9ec9-1735aaa059cf/click'
20:35:37.996 [Forwarding clickElement on session 66d255cfca82a519f942402fb80aa7e2 to remote] DEBUG org.asynchttpclient.netty.request.NettyRequestSender - Using open Channel [id: 0x7f6edf6b, L:/127.0.0.1:51960 - R:localhost/127.0.0.1:53603] for POST '/session/66d255cfca82a519f942402fb80aa7e2/element/60bc967c-52d3-476f-9ec9-1735aaa059cf/click'
20:35:38.008 [AsyncHttpClient-1-1] DEBUG org.asynchttpclient.netty.channel.DefaultChannelPool - Entry count for : http://localhost:51961 : 1
20:35:38.130 [AsyncHttpClient-1-14] DEBUG org.asynchttpclient.netty.handler.HttpHandler - 

Request DefaultHttpRequest(decodeResult: success, version: HTTP/1.1)
POST /session/66d255cfca82a519f942402fb80aa7e2/element/60bc967c-52d3-476f-9ec9-1735aaa059cf/click HTTP/1.1
User-Agent: selenium/4.1.2 (java windows)
Content-Length: 50
Content-Type: application/json; charset=utf-8
host: localhost:53603
accept: */*

Response DefaultHttpResponse(decodeResult: success, version: HTTP/1.1)
HTTP/1.1 200 OK
Content-Type: application/json; charset=utf-8
cache-control: no-cache
content-length: 14

20:35:38.130 [AsyncHttpClient-1-14] DEBUG org.asynchttpclient.netty.channel.ChannelManager - Adding key: http://localhost:53603 for channel [id: 0x7f6edf6b, L:/127.0.0.1:51960 - R:localhost/127.0.0.1:53603]
20:35:38.135 [Forwarding screenshot on session 66d255cfca82a519f942402fb80aa7e2 to remote] DEBUG org.asynchttpclient.netty.request.NettyRequestSender - Using pooled Channel '[id: 0x7f6edf6b, L:/127.0.0.1:51960 - R:localhost/127.0.0.1:53603]' for 'GET' to 'http://localhost:53603/session/66d255cfca82a519f942402fb80aa7e2/screenshot'
20:35:38.136 [Forwarding screenshot on session 66d255cfca82a519f942402fb80aa7e2 to remote] DEBUG org.asynchttpclient.netty.request.NettyRequestSender - Using open Channel [id: 0x7f6edf6b, L:/127.0.0.1:51960 - R:localhost/127.0.0.1:53603] for GET '/session/66d255cfca82a519f942402fb80aa7e2/screenshot'
20:35:38.413 [AsyncHttpClient-1-14] DEBUG org.asynchttpclient.netty.handler.HttpHandler - 

Request DefaultFullHttpRequest(decodeResult: success, version: HTTP/1.1, content: EmptyByteBufBE)
GET /session/66d255cfca82a519f942402fb80aa7e2/screenshot HTTP/1.1
User-Agent: selenium/4.1.2 (java windows)
Cache-Control: no-cache
Content-Type: application/json; charset=utf-8
host: localhost:53603
accept: */*

Response DefaultHttpResponse(decodeResult: success, version: HTTP/1.1)
HTTP/1.1 200 OK
Content-Type: application/json; charset=utf-8
cache-control: no-cache
content-length: 27660

20:35:38.414 [AsyncHttpClient-1-14] DEBUG org.asynchttpclient.netty.channel.ChannelManager - Adding key: http://localhost:53603 for channel [id: 0x7f6edf6b, L:/127.0.0.1:51960 - R:localhost/127.0.0.1:53603]
20:35:38.415 [main] DEBUG net.serenitybdd.core.photography.Darkroom - Send negative for processing for target\site\serenity\0e04c0e02f7b37da6e643e2318bf1b308b832133ba488d6c626b6e07afdaf75d.png
20:35:38.415 [main] DEBUG net.thucydides.core.steps.StepInterceptor - STEP DONE: userchoseehealtycategory
  &amp#27;[32mAnd &amp#27;[0m&amp#27;[32muser choose healty category&amp#27;[0m          &amp#27;[90m# starter.definitions.SelectCategorySteps.userchoosehealtycategory()&amp#27;[0m
20:35:38.416 [Darkroom Processing Line] DEBUG net.serenitybdd.core.photography.DarkroomProcessingLine - Processing screenshot image in /var/screenshots/screenshot-6485792778601378931
20:35:38.416 [Darkroom Processing Line] DEBUG net.serenitybdd.core.photography.DarkroomProcessingLine - Saving screenshot to target\site\serenity\0e04c0e02f7b37da6e643e2318bf1b308b832133ba488d6c626b6e07afdaf75d.png
20:35:38.425 [main] DEBUG net.thucydides.core.steps.StepInterceptor - STARTING STEP: SelectCategorySteps.sucsessclickhealtycategory - userclickcategory
20:35:38.427 [Forwarding findElement on session 66d255cfca82a519f942402fb80aa7e2 to remote] DEBUG org.asynchttpclient.netty.request.NettyRequestSender - Using pooled Channel '[id: 0x7f6edf6b, L:/127.0.0.1:51960 - R:localhost/127.0.0.1:53603]' for 'POST' to 'http://localhost:53603/session/66d255cfca82a519f942402fb80aa7e2/element'
20:35:38.427 [Forwarding findElement on session 66d255cfca82a519f942402fb80aa7e2 to remote] DEBUG org.asynchttpclient.netty.request.NettyRequestSender - Using open Channel [id: 0x7f6edf6b, L:/127.0.0.1:51960 - R:localhost/127.0.0.1:53603] for POST '/session/66d255cfca82a519f942402fb80aa7e2/element'
20:35:38.435 [AsyncHttpClient-1-14] DEBUG org.asynchttpclient.netty.handler.HttpHandler - 

Request DefaultHttpRequest(decodeResult: success, version: HTTP/1.1)
POST /session/66d255cfca82a519f942402fb80aa7e2/element HTTP/1.1
User-Agent: selenium/4.1.2 (java windows)
Content-Length: 88
Content-Type: application/json; charset=utf-8
host: localhost:53603
accept: */*

Response DefaultHttpResponse(decodeResult: success, version: HTTP/1.1)
HTTP/1.1 200 OK
Content-Type: application/json; charset=utf-8
cache-control: no-cache
content-length: 88

20:35:38.435 [AsyncHttpClient-1-14] DEBUG org.asynchttpclient.netty.channel.ChannelManager - Adding key: http://localhost:53603 for channel [id: 0x7f6edf6b, L:/127.0.0.1:51960 - R:localhost/127.0.0.1:53603]
20:35:38.437 [Forwarding getElementTagName on session 66d255cfca82a519f942402fb80aa7e2 to remote] DEBUG org.asynchttpclient.netty.request.NettyRequestSender - Using pooled Channel '[id: 0x7f6edf6b, L:/127.0.0.1:51960 - R:localhost/127.0.0.1:53603]' for 'GET' to 'http://localhost:53603/session/66d255cfca82a519f942402fb80aa7e2/element/fcf6ffdd-8e1c-42f4-b157-8900433aa536/name'
20:35:38.437 [Forwarding getElementTagName on session 66d255cfca82a519f942402fb80aa7e2 to remote] DEBUG org.asynchttpclient.netty.request.NettyRequestSender - Using open Channel [id: 0x7f6edf6b, L:/127.0.0.1:51960 - R:localhost/127.0.0.1:53603] for GET '/session/66d255cfca82a519f942402fb80aa7e2/element/fcf6ffdd-8e1c-42f4-b157-8900433aa536/name'
20:35:38.440 [AsyncHttpClient-1-14] DEBUG org.asynchttpclient.netty.handler.HttpHandler - 

Request DefaultFullHttpRequest(decodeResult: success, version: HTTP/1.1, content: EmptyByteBufBE)
GET /session/66d255cfca82a519f942402fb80aa7e2/element/fcf6ffdd-8e1c-42f4-b157-8900433aa536/name HTTP/1.1
User-Agent: selenium/4.1.2 (java windows)
Cache-Control: no-cache
Content-Type: application/json; charset=utf-8
host: localhost:53603
accept: */*

Response DefaultHttpResponse(decodeResult: success, version: HTTP/1.1)
HTTP/1.1 200 OK
Content-Type: application/json; charset=utf-8
cache-control: no-cache
content-length: 15

20:35:38.440 [AsyncHttpClient-1-14] DEBUG org.asynchttpclient.netty.channel.ChannelManager - Adding key: http://localhost:53603 for channel [id: 0x7f6edf6b, L:/127.0.0.1:51960 - R:localhost/127.0.0.1:53603]
20:35:38.442 [Forwarding getElementTagName on session 66d255cfca82a519f942402fb80aa7e2 to remote] DEBUG org.asynchttpclient.netty.request.NettyRequestSender - Using pooled Channel '[id: 0x7f6edf6b, L:/127.0.0.1:51960 - R:localhost/127.0.0.1:53603]' for 'GET' to 'http://localhost:53603/session/66d255cfca82a519f942402fb80aa7e2/element/fcf6ffdd-8e1c-42f4-b157-8900433aa536/name'
20:35:38.442 [Forwarding getElementTagName on session 66d255cfca82a519f942402fb80aa7e2 to remote] DEBUG org.asynchttpclient.netty.request.NettyRequestSender - Using open Channel [id: 0x7f6edf6b, L:/127.0.0.1:51960 - R:localhost/127.0.0.1:53603] for GET '/session/66d255cfca82a519f942402fb80aa7e2/element/fcf6ffdd-8e1c-42f4-b157-8900433aa536/name'
20:35:38.444 [AsyncHttpClient-1-14] DEBUG org.asynchttpclient.netty.handler.HttpHandler - 

Request DefaultFullHttpRequest(decodeResult: success, version: HTTP/1.1, content: EmptyByteBufBE)
GET /session/66d255cfca82a519f942402fb80aa7e2/element/fcf6ffdd-8e1c-42f4-b157-8900433aa536/name HTTP/1.1
User-Agent: selenium/4.1.2 (java windows)
Cache-Control: no-cache
Content-Type: application/json; charset=utf-8
host: localhost:53603
accept: */*

Response DefaultHttpResponse(decodeResult: success, version: HTTP/1.1)
HTTP/1.1 200 OK
Content-Type: application/json; charset=utf-8
cache-control: no-cache
content-length: 15

20:35:38.444 [AsyncHttpClient-1-14] DEBUG org.asynchttpclient.netty.channel.ChannelManager - Adding key: http://localhost:53603 for channel [id: 0x7f6edf6b, L:/127.0.0.1:51960 - R:localhost/127.0.0.1:53603]
20:35:38.446 [Forwarding findElement on session 66d255cfca82a519f942402fb80aa7e2 to remote] DEBUG org.asynchttpclient.netty.request.NettyRequestSender - Using pooled Channel '[id: 0x7f6edf6b, L:/127.0.0.1:51960 - R:localhost/127.0.0.1:53603]' for 'POST' to 'http://localhost:53603/session/66d255cfca82a519f942402fb80aa7e2/element'
20:35:38.446 [Forwarding findElement on session 66d255cfca82a519f942402fb80aa7e2 to remote] DEBUG org.asynchttpclient.netty.request.NettyRequestSender - Using open Channel [id: 0x7f6edf6b, L:/127.0.0.1:51960 - R:localhost/127.0.0.1:53603] for POST '/session/66d255cfca82a519f942402fb80aa7e2/element'
20:35:38.451 [AsyncHttpClient-1-14] DEBUG org.asynchttpclient.netty.handler.HttpHandler - 

Request DefaultHttpRequest(decodeResult: success, version: HTTP/1.1)
POST /session/66d255cfca82a519f942402fb80aa7e2/element HTTP/1.1
User-Agent: selenium/4.1.2 (java windows)
Content-Length: 88
Content-Type: application/json; charset=utf-8
host: localhost:53603
accept: */*

Response DefaultHttpResponse(decodeResult: success, version: HTTP/1.1)
HTTP/1.1 200 OK
Content-Type: application/json; charset=utf-8
cache-control: no-cache
content-length: 88

20:35:38.451 [AsyncHttpClient-1-14] DEBUG org.asynchttpclient.netty.channel.ChannelManager - Adding key: http://localhost:53603 for channel [id: 0x7f6edf6b, L:/127.0.0.1:51960 - R:localhost/127.0.0.1:53603]
20:35:38.452 [Forwarding clickElement on session 66d255cfca82a519f942402fb80aa7e2 to remote] DEBUG org.asynchttpclient.netty.request.NettyRequestSender - Using pooled Channel '[id: 0x7f6edf6b, L:/127.0.0.1:51960 - R:localhost/127.0.0.1:53603]' for 'POST' to 'http://localhost:53603/session/66d255cfca82a519f942402fb80aa7e2/element/fcf6ffdd-8e1c-42f4-b157-8900433aa536/click'
20:35:38.452 [Forwarding clickElement on session 66d255cfca82a519f942402fb80aa7e2 to remote] DEBUG org.asynchttpclient.netty.request.NettyRequestSender - Using open Channel [id: 0x7f6edf6b, L:/127.0.0.1:51960 - R:localhost/127.0.0.1:53603] for POST '/session/66d255cfca82a519f942402fb80aa7e2/element/fcf6ffdd-8e1c-42f4-b157-8900433aa536/click'
20:35:38.482 [AsyncHttpClient-1-14] DEBUG org.asynchttpclient.netty.handler.HttpHandler - 

Request DefaultHttpRequest(decodeResult: success, version: HTTP/1.1)
POST /session/66d255cfca82a519f942402fb80aa7e2/element/fcf6ffdd-8e1c-42f4-b157-8900433aa536/click HTTP/1.1
User-Agent: selenium/4.1.2 (java windows)
Content-Length: 50
Content-Type: application/json; charset=utf-8
host: localhost:53603
accept: */*

Response DefaultHttpResponse(decodeResult: success, version: HTTP/1.1)
HTTP/1.1 200 OK
Content-Type: application/json; charset=utf-8
cache-control: no-cache
content-length: 14

20:35:38.482 [AsyncHttpClient-1-14] DEBUG org.asynchttpclient.netty.channel.ChannelManager - Adding key: http://localhost:53603 for channel [id: 0x7f6edf6b, L:/127.0.0.1:51960 - R:localhost/127.0.0.1:53603]
20:35:38.487 [Forwarding screenshot on session 66d255cfca82a519f942402fb80aa7e2 to remote] DEBUG org.asynchttpclient.netty.request.NettyRequestSender - Using pooled Channel '[id: 0x7f6edf6b, L:/127.0.0.1:51960 - R:localhost/127.0.0.1:53603]' for 'GET' to 'http://localhost:53603/session/66d255cfca82a519f942402fb80aa7e2/screenshot'
20:35:38.487 [Forwarding screenshot on session 66d255cfca82a519f942402fb80aa7e2 to remote] DEBUG org.asynchttpclient.netty.request.NettyRequestSender - Using open Channel [id: 0x7f6edf6b, L:/127.0.0.1:51960 - R:localhost/127.0.0.1:53603] for GET '/session/66d255cfca82a519f942402fb80aa7e2/screenshot'
20:35:38.676 [AsyncHttpClient-1-14] DEBUG org.asynchttpclient.netty.handler.HttpHandler - 

Request DefaultFullHttpRequest(decodeResult: success, version: HTTP/1.1, content: EmptyByteBufBE)
GET /session/66d255cfca82a519f942402fb80aa7e2/screenshot HTTP/1.1
User-Agent: selenium/4.1.2 (java windows)
Cache-Control: no-cache
Content-Type: application/json; charset=utf-8
host: localhost:53603
accept: */*

Response DefaultHttpResponse(decodeResult: success, version: HTTP/1.1)
HTTP/1.1 200 OK
Content-Type: application/json; charset=utf-8
cache-control: no-cache
content-length: 34056

20:35:38.676 [AsyncHttpClient-1-14] DEBUG org.asynchttpclient.netty.channel.ChannelManager - Adding key: http://localhost:53603 for channel [id: 0x7f6edf6b, L:/127.0.0.1:51960 - R:localhost/127.0.0.1:53603]
20:35:38.677 [main] DEBUG net.serenitybdd.core.photography.Darkroom - Send negative for processing for target\site\serenity\b7a7ac6a5749c90b723898f9ab9c0526cba2c9c2f7edfe342eef8e0943d96b54.png
20:35:38.678 [main] DEBUG net.thucydides.core.steps.StepInterceptor - STEP DONE: userclickcategory
  &amp#27;[32mThen &amp#27;[0m&amp#27;[32mUser sucsess click healty category&amp#27;[0m  &amp#27;[90m# starter.definitions.SelectCategorySteps.sucsessclickhealtycategory()&amp#27;[0m
20:35:38.678 [Darkroom Processing Line] DEBUG net.serenitybdd.core.photography.DarkroomProcessingLine - Processing screenshot image in /var/screenshots/screenshot-11530365106842919387
20:35:38.678 [Darkroom Processing Line] DEBUG net.serenitybdd.core.photography.DarkroomProcessingLine - Saving screenshot to target\site\serenity\b7a7ac6a5749c90b723898f9ab9c0526cba2c9c2f7edfe342eef8e0943d96b54.png
20:35:38.683 [main] INFO  - 
  _____   ___   ___   _____     ___     _     ___   ___   ___   ___  
 |_   _| | __| / __| |_   _|   | _ \   /_\   / __| / __| | __| |   \ 
   | |   | _|  \__ \   | |     |  _/  / _ \  \__ \ \__ \ | _|  | |) |
   |_|   |___| |___/   |_|     |_|   /_/ \_\ |___/ |___/ |___| |___/ 

as a user choose helath category
----------------------------------------------------------------------
20:35:38.684 [AsyncHttpClient-1-16] DEBUG org.asynchttpclient.netty.handler.WebSocketHandler - Channel Closed: [id: 0xdb1969e9, L:/127.0.0.1:51968 ! R:localhost/127.0.0.1:51961] with attribute NettyResponseFuture{currentRetry=5,
	isDone=1,
	isCancelled=0,
	asyncHandler=org.asynchttpclient.ws.WebSocketUpgradeHandler@5b00275f,
	nettyRequest=org.asynchttpclient.netty.request.NettyRequest@1e02a25b,
	future=java.util.concurrent.CompletableFuture@d880c80[Completed normally],
	uri=ws://localhost:51961/devtools/browser/e3f70e5c-9d5e-4685-aca9-3ce5a0f73186,
	keepAlive=true,
	redirectCount=0,
	timeoutsHolder=null,
	inAuth=0,
	touch=1652790935812}
20:35:38.685 [AsyncHttpClient-1-16] DEBUG org.asynchttpclient.netty.channel.ChannelManager - Closing Channel [id: 0xdb1969e9, L:/127.0.0.1:51968 ! R:localhost/127.0.0.1:51961] 
20:35:38.685 [Driver Command Executor] DEBUG org.asynchttpclient.netty.request.NettyRequestSender - Using pooled Channel '[id: 0x7f6edf6b, L:/127.0.0.1:51960 - R:localhost/127.0.0.1:53603]' for 'DELETE' to 'http://localhost:53603/session/66d255cfca82a519f942402fb80aa7e2'
20:35:38.685 [Driver Command Executor] DEBUG org.asynchttpclient.netty.request.NettyRequestSender - Using open Channel [id: 0x7f6edf6b, L:/127.0.0.1:51960 - R:localhost/127.0.0.1:53603] for DELETE '/session/66d255cfca82a519f942402fb80aa7e2'
20:35:38.702 [AsyncHttpClient-1-15] DEBUG org.asynchttpclient.netty.handler.HttpHandler - Unexpected I/O exception on channel [id: 0x8640dd99, L:/127.0.0.1:51967 - R:localhost/127.0.0.1:51961]
java.net.SocketException: Connection reset
	at java.base/sun.nio.ch.SocketChannelImpl.throwConnectionReset(SocketChannelImpl.java:394)
	at java.base/sun.nio.ch.SocketChannelImpl.read(SocketChannelImpl.java:426)
	at io.netty.buffer.PooledByteBuf.setBytes(PooledByteBuf.java:258)
	at io.netty.buffer.AbstractByteBuf.writeBytes(AbstractByteBuf.java:1132)
	at io.netty.channel.socket.nio.NioSocketChannel.doReadBytes(NioSocketChannel.java:350)
	at io.netty.channel.nio.AbstractNioByteChannel$NioByteUnsafe.read(AbstractNioByteChannel.java:151)
	at io.netty.channel.nio.NioEventLoop.processSelectedKey(NioEventLoop.java:722)
	at io.netty.channel.nio.NioEventLoop.processSelectedKeysOptimized(NioEventLoop.java:658)
	at io.netty.channel.nio.NioEventLoop.processSelectedKeys(NioEventLoop.java:584)
	at io.netty.channel.nio.NioEventLoop.run(NioEventLoop.java:496)
	at io.netty.util.concurrent.SingleThreadEventExecutor$4.run(SingleThreadEventExecutor.java:986)
	at io.netty.util.internal.ThreadExecutorMap$2.run(ThreadExecutorMap.java:74)
	at io.netty.util.concurrent.FastThreadLocalRunnable.run(FastThreadLocalRunnable.java:30)
	at java.base/java.lang.Thread.run(Thread.java:833)
20:35:38.702 [AsyncHttpClient-1-15] DEBUG org.asynchttpclient.netty.channel.ChannelManager - Closing Channel [id: 0x8640dd99, L:/127.0.0.1:51967 - R:localhost/127.0.0.1:51961] 
20:35:38.702 [AsyncHttpClient-1-15] DEBUG org.asynchttpclient.netty.handler.HttpHandler - Channel Closed: [id: 0x8640dd99, L:/127.0.0.1:51967 ! R:localhost/127.0.0.1:51961] with attribute DISCARD
20:35:38.711 [AsyncHttpClient-1-14] DEBUG org.asynchttpclient.netty.handler.HttpHandler - 

Request DefaultFullHttpRequest(decodeResult: success, version: HTTP/1.1, content: EmptyByteBufBE)
DELETE /session/66d255cfca82a519f942402fb80aa7e2 HTTP/1.1
User-Agent: selenium/4.1.2 (java windows)
Content-Type: application/json; charset=utf-8
host: localhost:53603
accept: */*

Response DefaultHttpResponse(decodeResult: success, version: HTTP/1.1)
HTTP/1.1 200 OK
Content-Type: application/json; charset=utf-8
cache-control: no-cache
content-length: 14

20:35:38.711 [AsyncHttpClient-1-14] DEBUG org.asynchttpclient.netty.channel.ChannelManager - Adding key: http://localhost:53603 for channel [id: 0x7f6edf6b, L:/127.0.0.1:51960 - R:localhost/127.0.0.1:53603]
20:35:38.774 [AsyncHttpClient-1-14] DEBUG org.asynchttpclient.netty.handler.HttpHandler - Channel Closed: [id: 0x7f6edf6b, L:/127.0.0.1:51960 ! R:localhost/127.0.0.1:53603] with attribute DISCARD
]]></system-out>
    <system-err><![CDATA[Starting ChromeDriver 101.0.4951.41 (93c720db8323b3ec10d056025ab95c23a31997c9-refs/branch-heads/4951@{#904}) on port 53603
Only local connections are allowed.
Please see https://chromedriver.chromium.org/security-considerations for suggestions on keeping ChromeDriver safe.
ChromeDriver was started successfully.
May 17, 2022 8:35:35 PM org.openqa.selenium.remote.ProtocolHandshake createSession
INFO: Detected dialect: W3C
May 17, 2022 8:35:35 PM org.openqa.selenium.devtools.CdpVersionFinder findNearestMatch
WARNING: Unable to find an exact match for CDP version 101, so returning the closest version found: 97
May 17, 2022 8:35:35 PM org.openqa.selenium.devtools.CdpVersionFinder findNearestMatch
INFO: Found CDP implementation for version 101 of 97
]]></system-err>
  </testcase>
</testsuite>