<?xml version="1.0" encoding="UTF-8"?>
<testsuite xmlns:xsi="http://www.w3.org/2001/XMLSchema-instance" xsi:noNamespaceSchemaLocation="https://maven.apache.org/surefire/maven-failsafe-plugin/xsd/failsafe-test-report-3.0.xsd" version="3.0" name="starter.CucumberTestSuite" time="42.779" tests="5" errors="0" skipped="0" failures="0">
  <properties>
    <property name="java.specification.version" value="17"/>
    <property name="webdriver.chrome.driver" value="C:\Users\Rev\.cache\selenium\chromedriver\win32\101.0.4951.41\chromedriver.exe"/>
    <property name="sun.cpu.isalist" value="amd64"/>
    <property name="sun.jnu.encoding" value="Cp1252"/>
    <property name="java.class.path" value="D:\alta folder\final project\web testing\target\test-classes;C:\Users\Rev\.m2\repository\net\serenity-bdd\serenity-core\3.2.1\serenity-core-3.2.1.jar;C:\Users\Rev\.m2\repository\net\serenity-bdd\serenity-model\3.2.1\serenity-model-3.2.1.jar;C:\Users\Rev\.m2\repository\org\apache\commons\commons-text\1.9\commons-text-1.9.jar;C:\Users\Rev\.m2\repository\commons-net\commons-net\3.8.0\commons-net-3.8.0.jar;C:\Users\Rev\.m2\repository\com\google\guava\guava\31.1-jre\guava-31.1-jre.jar;C:\Users\Rev\.m2\repository\com\google\guava\failureaccess\1.0.1\failureaccess-1.0.1.jar;C:\Users\Rev\.m2\repository\com\google\guava\listenablefuture\9999.0-empty-to-avoid-conflict-with-guava\listenablefuture-9999.0-empty-to-avoid-conflict-with-guava.jar;C:\Users\Rev\.m2\repository\com\google\code\findbugs\jsr305\3.0.2\jsr305-3.0.2.jar;C:\Users\Rev\.m2\repository\org\checkerframework\checker-qual\3.12.0\checker-qual-3.12.0.jar;C:\Users\Rev\.m2\repository\com\google\errorprone\error_prone_annotations\2.11.0\error_prone_annotations-2.11.0.jar;C:\Users\Rev\.m2\repository\com\google\j2objc\j2objc-annotations\1.3\j2objc-annotations-1.3.jar;C:\Users\Rev\.m2\repository\com\google\inject\guice\5.1.0\guice-5.1.0.jar;C:\Users\Rev\.m2\repository\javax\inject\javax.inject\1\javax.inject-1.jar;C:\Users\Rev\.m2\repository\aopalliance\aopalliance\1.0\aopalliance-1.0.jar;C:\Users\Rev\.m2\repository\org\jsoup\jsoup\1.14.3\jsoup-1.14.3.jar;C:\Users\Rev\.m2\repository\com\thoughtworks\xstream\xstream\1.4.19\xstream-1.4.19.jar;C:\Users\Rev\.m2\repository\io\github\x-stream\mxparser\1.2.2\mxparser-1.2.2.jar;C:\Users\Rev\.m2\repository\xmlpull\xmlpull\1.1.3.1\xmlpull-1.1.3.1.jar;C:\Users\Rev\.m2\repository\io\cucumber\cucumber-java\7.2.3\cucumber-java-7.2.3.jar;C:\Users\Rev\.m2\repository\com\typesafe\config\1.4.2\config-1.4.2.jar;C:\Users\Rev\.m2\repository\org\imgscalr\imgscalr-lib\4.2\imgscalr-lib-4.2.jar;C:\Users\Rev\.m2\repository\org\awaitility\awaitility\4.2.0\awaitility-4.2.0.jar;C:\Users\Rev\.m2\repository\org\freemarker\freemarker\2.3.31\freemarker-2.3.31.jar;C:\Users\Rev\.m2\repository\io\github\classgraph\classgraph\4.8.138\classgraph-4.8.138.jar;C:\Users\Rev\.m2\repository\net\sourceforge\jexcelapi\jxl\2.6.12\jxl-2.6.12.jar;C:\Users\Rev\.m2\repository\net\bytebuddy\byte-buddy\1.12.8\byte-buddy-1.12.8.jar;C:\Users\Rev\.m2\repository\net\bytebuddy\byte-buddy-agent\1.12.8\byte-buddy-agent-1.12.8.jar;C:\Users\Rev\.m2\repository\org\objenesis\objenesis\3.1\objenesis-3.1.jar;C:\Users\Rev\.m2\repository\net\serenity-bdd\serenity-reports\3.2.1\serenity-reports-3.2.1.jar;C:\Users\Rev\.m2\repository\net\serenity-bdd\serenity-stats\3.2.1\serenity-stats-3.2.1.jar;C:\Users\Rev\.m2\repository\net\serenity-bdd\serenity-reports-configuration\3.2.1\serenity-reports-configuration-3.2.1.jar;C:\Users\Rev\.m2\repository\com\vladsch\flexmark\flexmark-all\0.34.30\flexmark-all-0.34.30.jar;C:\Users\Rev\.m2\repository\com\vladsch\flexmark\flexmark\0.34.30\flexmark-0.34.30.jar;C:\Users\Rev\.m2\repository\com\vladsch\flexmark\flexmark-ext-abbreviation\0.34.30\flexmark-ext-abbreviation-0.34.30.jar;C:\Users\Rev\.m2\repository\com\vladsch\flexmark\flexmark-ext-admonition\0.34.30\flexmark-ext-admonition-0.34.30.jar;C:\Users\Rev\.m2\repository\com\vladsch\flexmark\flexmark-ext-anchorlink\0.34.30\flexmark-ext-anchorlink-0.34.30.jar;C:\Users\Rev\.m2\repository\com\vladsch\flexmark\flexmark-ext-aside\0.34.30\flexmark-ext-aside-0.34.30.jar;C:\Users\Rev\.m2\repository\com\vladsch\flexmark\flexmark-ext-attributes\0.34.30\flexmark-ext-attributes-0.34.30.jar;C:\Users\Rev\.m2\repository\com\vladsch\flexmark\flexmark-ext-autolink\0.34.30\flexmark-ext-autolink-0.34.30.jar;C:\Users\Rev\.m2\repository\org\nibor\autolink\autolink\0.6.0\autolink-0.6.0.jar;C:\Users\Rev\.m2\repository\com\vladsch\flexmark\flexmark-ext-definition\0.34.30\flexmark-ext-definition-0.34.30.jar;C:\Users\Rev\.m2\repository\com\vladsch\flexmark\flexmark-ext-emoji\0.34.30\flexmark-ext-emoji-0.34.30.jar;C:\Users\Rev\.m2\repository\com\vladsch\flexmark\flexmark-ext-enumerated-reference\0.34.30\flexmark-ext-enumerated-reference-0.34.30.jar;C:\Users\Rev\.m2\repository\com\vladsch\flexmark\flexmark-ext-escaped-character\0.34.30\flexmark-ext-escaped-character-0.34.30.jar;C:\Users\Rev\.m2\repository\com\vladsch\flexmark\flexmark-ext-footnotes\0.34.30\flexmark-ext-footnotes-0.34.30.jar;C:\Users\Rev\.m2\repository\com\vladsch\flexmark\flexmark-ext-gfm-issues\0.34.30\flexmark-ext-gfm-issues-0.34.30.jar;C:\Users\Rev\.m2\repository\com\vladsch\flexmark\flexmark-ext-gfm-strikethrough\0.34.30\flexmark-ext-gfm-strikethrough-0.34.30.jar;C:\Users\Rev\.m2\repository\com\vladsch\flexmark\flexmark-ext-gfm-tables\0.34.30\flexmark-ext-gfm-tables-0.34.30.jar;C:\Users\Rev\.m2\repository\com\vladsch\flexmark\flexmark-ext-gfm-tasklist\0.34.30\flexmark-ext-gfm-tasklist-0.34.30.jar;C:\Users\Rev\.m2\repository\com\vladsch\flexmark\flexmark-ext-gfm-users\0.34.30\flexmark-ext-gfm-users-0.34.30.jar;C:\Users\Rev\.m2\repository\com\vladsch\flexmark\flexmark-ext-gitlab\0.34.30\flexmark-ext-gitlab-0.34.30.jar;C:\Users\Rev\.m2\repository\com\vladsch\flexmark\flexmark-ext-jekyll-front-matter\0.34.30\flexmark-ext-jekyll-front-matter-0.34.30.jar;C:\Users\Rev\.m2\repository\com\vladsch\flexmark\flexmark-ext-jekyll-tag\0.34.30\flexmark-ext-jekyll-tag-0.34.30.jar;C:\Users\Rev\.m2\repository\com\vladsch\flexmark\flexmark-ext-media-tags\0.34.30\flexmark-ext-media-tags-0.34.30.jar;C:\Users\Rev\.m2\repository\com\vladsch\flexmark\flexmark-test-util\0.34.30\flexmark-test-util-0.34.30.jar;C:\Users\Rev\.m2\repository\com\vladsch\flexmark\flexmark-ext-ins\0.34.30\flexmark-ext-ins-0.34.30.jar;C:\Users\Rev\.m2\repository\com\vladsch\flexmark\flexmark-ext-xwiki-macros\0.34.30\flexmark-ext-xwiki-macros-0.34.30.jar;C:\Users\Rev\.m2\repository\com\vladsch\flexmark\flexmark-ext-superscript\0.34.30\flexmark-ext-superscript-0.34.30.jar;C:\Users\Rev\.m2\repository\com\vladsch\flexmark\flexmark-ext-tables\0.34.30\flexmark-ext-tables-0.34.30.jar;C:\Users\Rev\.m2\repository\com\vladsch\flexmark\flexmark-ext-toc\0.34.30\flexmark-ext-toc-0.34.30.jar;C:\Users\Rev\.m2\repository\com\vladsch\flexmark\flexmark-ext-typographic\0.34.30\flexmark-ext-typographic-0.34.30.jar;C:\Users\Rev\.m2\repository\com\vladsch\flexmark\flexmark-ext-wikilink\0.34.30\flexmark-ext-wikilink-0.34.30.jar;C:\Users\Rev\.m2\repository\com\vladsch\flexmark\flexmark-ext-yaml-front-matter\0.34.30\flexmark-ext-yaml-front-matter-0.34.30.jar;C:\Users\Rev\.m2\repository\com\vladsch\flexmark\flexmark-ext-youtube-embedded\0.34.30\flexmark-ext-youtube-embedded-0.34.30.jar;C:\Users\Rev\.m2\repository\com\vladsch\flexmark\flexmark-formatter\0.34.30\flexmark-formatter-0.34.30.jar;C:\Users\Rev\.m2\repository\com\vladsch\flexmark\flexmark-html-parser\0.34.30\flexmark-html-parser-0.34.30.jar;C:\Users\Rev\.m2\repository\com\vladsch\flexmark\flexmark-jira-converter\0.34.30\flexmark-jira-converter-0.34.30.jar;C:\Users\Rev\.m2\repository\com\vladsch\flexmark\flexmark-pdf-converter\0.34.30\flexmark-pdf-converter-0.34.30.jar;C:\Users\Rev\.m2\repository\com\openhtmltopdf\openhtmltopdf-core\0.0.1-RC13\openhtmltopdf-core-0.0.1-RC13.jar;C:\Users\Rev\.m2\repository\com\openhtmltopdf\openhtmltopdf-pdfbox\0.0.1-RC13\openhtmltopdf-pdfbox-0.0.1-RC13.jar;C:\Users\Rev\.m2\repository\org\apache\pdfbox\pdfbox\2.0.8\pdfbox-2.0.8.jar;C:\Users\Rev\.m2\repository\org\apache\pdfbox\fontbox\2.0.8\fontbox-2.0.8.jar;C:\Users\Rev\.m2\repository\commons-logging\commons-logging\1.2\commons-logging-1.2.jar;C:\Users\Rev\.m2\repository\org\apache\pdfbox\xmpbox\2.0.8\xmpbox-2.0.8.jar;C:\Users\Rev\.m2\repository\de\rototor\pdfbox\graphics2d\0.12\graphics2d-0.12.jar;C:\Users\Rev\.m2\repository\com\openhtmltopdf\openhtmltopdf-rtl-support\0.0.1-RC13\openhtmltopdf-rtl-support-0.0.1-RC13.jar;C:\Users\Rev\.m2\repository\com\ibm\icu\icu4j\59.1\icu4j-59.1.jar;C:\Users\Rev\.m2\repository\com\openhtmltopdf\openhtmltopdf-jsoup-dom-converter\0.0.1-RC13\openhtmltopdf-jsoup-dom-converter-0.0.1-RC13.jar;C:\Users\Rev\.m2\repository\com\vladsch\flexmark\flexmark-profile-pegdown\0.34.30\flexmark-profile-pegdown-0.34.30.jar;C:\Users\Rev\.m2\repository\com\vladsch\flexmark\flexmark-util\0.34.30\flexmark-util-0.34.30.jar;C:\Users\Rev\.m2\repository\com\vladsch\flexmark\flexmark-youtrack-converter\0.34.30\flexmark-youtrack-converter-0.34.30.jar;C:\Users\Rev\.m2\repository\es\nitaur\markdown\txtmark\0.16\txtmark-0.16.jar;C:\Users\Rev\.m2\repository\net\serenity-bdd\serenity-report-resources\3.2.1\serenity-report-resources-3.2.1.jar;C:\Users\Rev\.m2\repository\com\google\code\gson\gson\2.9.0\gson-2.9.0.jar;C:\Users\Rev\.m2\repository\com\fasterxml\jackson\core\jackson-core\2.13.2\jackson-core-2.13.2.jar;C:\Users\Rev\.m2\repository\com\fasterxml\jackson\core\jackson-databind\2.13.2\jackson-databind-2.13.2.jar;C:\Users\Rev\.m2\repository\com\fasterxml\jackson\core\jackson-annotations\2.13.2\jackson-annotations-2.13.2.jar;C:\Users\Rev\.m2\repository\commons-codec\commons-codec\1.15\commons-codec-1.15.jar;C:\Users\Rev\.m2\repository\commons-io\commons-io\2.11.0\commons-io-2.11.0.jar;C:\Users\Rev\.m2\repository\org\seleniumhq\selenium\selenium-java\4.1.2\selenium-java-4.1.2.jar;C:\Users\Rev\.m2\repository\org\seleniumhq\selenium\selenium-devtools-v85\4.1.2\selenium-devtools-v85-4.1.2.jar;C:\Users\Rev\.m2\repository\org\seleniumhq\selenium\selenium-devtools-v95\4.1.2\selenium-devtools-v95-4.1.2.jar;C:\Users\Rev\.m2\repository\org\seleniumhq\selenium\selenium-devtools-v96\4.1.2\selenium-devtools-v96-4.1.2.jar;C:\Users\Rev\.m2\repository\org\seleniumhq\selenium\selenium-devtools-v97\4.1.2\selenium-devtools-v97-4.1.2.jar;C:\Users\Rev\.m2\repository\org\seleniumhq\selenium\selenium-firefox-xpi-driver\4.1.2\selenium-firefox-xpi-driver-4.1.2.jar;C:\Users\Rev\.m2\repository\org\seleniumhq\selenium\selenium-opera-driver\4.1.2\selenium-opera-driver-4.1.2.jar;C:\Users\Rev\.m2\repository\org\seleniumhq\selenium\selenium-remote-driver\4.1.2\selenium-remote-driver-4.1.2.jar;C:\Users\Rev\.m2\repository\com\beust\jcommander\1.82\jcommander-1.82.jar;C:\Users\Rev\.m2\repository\io\netty\netty-buffer\4.1.73.Final\netty-buffer-4.1.73.Final.jar;C:\Users\Rev\.m2\repository\io\netty\netty-codec-http\4.1.73.Final\netty-codec-http-4.1.73.Final.jar;C:\Users\Rev\.m2\repository\io\netty\netty-codec\4.1.73.Final\netty-codec-4.1.73.Final.jar;C:\Users\Rev\.m2\repository\io\netty\netty-handler\4.1.73.Final\netty-handler-4.1.73.Final.jar;C:\Users\Rev\.m2\repository\io\netty\netty-tcnative-classes\2.0.46.Final\netty-tcnative-classes-2.0.46.Final.jar;C:\Users\Rev\.m2\repository\io\netty\netty-common\4.1.73.Final\netty-common-4.1.73.Final.jar;C:\Users\Rev\.m2\repository\io\netty\netty-transport-classes-epoll\4.1.73.Final\netty-transport-classes-epoll-4.1.73.Final.jar;C:\Users\Rev\.m2\repository\io\netty\netty-transport-classes-kqueue\4.1.73.Final\netty-transport-classes-kqueue-4.1.73.Final.jar;C:\Users\Rev\.m2\repository\io\netty\netty-transport-native-epoll\4.1.73.Final\netty-transport-native-epoll-4.1.73.Final.jar;C:\Users\Rev\.m2\repository\io\netty\netty-transport-native-kqueue\4.1.73.Final\netty-transport-native-kqueue-4.1.73.Final.jar;C:\Users\Rev\.m2\repository\io\netty\netty-transport-native-unix-common\4.1.73.Final\netty-transport-native-unix-common-4.1.73.Final.jar;C:\Users\Rev\.m2\repository\io\netty\netty-transport\4.1.73.Final\netty-transport-4.1.73.Final.jar;C:\Users\Rev\.m2\repository\io\netty\netty-resolver\4.1.73.Final\netty-resolver-4.1.73.Final.jar;C:\Users\Rev\.m2\repository\io\opentelemetry\opentelemetry-api\1.10.1\opentelemetry-api-1.10.1.jar;C:\Users\Rev\.m2\repository\io\opentelemetry\opentelemetry-context\1.10.1\opentelemetry-context-1.10.1.jar;C:\Users\Rev\.m2\repository\io\opentelemetry\opentelemetry-exporter-logging\1.10.1\opentelemetry-exporter-logging-1.10.1.jar;C:\Users\Rev\.m2\repository\io\opentelemetry\opentelemetry-sdk-metrics\1.10.1-alpha\opentelemetry-sdk-metrics-1.10.1-alpha.jar;C:\Users\Rev\.m2\repository\io\opentelemetry\opentelemetry-sdk-logs\1.10.1-alpha\opentelemetry-sdk-logs-1.10.1-alpha.jar;C:\Users\Rev\.m2\repository\io\opentelemetry\opentelemetry-sdk-common\1.10.1\opentelemetry-sdk-common-1.10.1.jar;C:\Users\Rev\.m2\repository\io\opentelemetry\opentelemetry-sdk-extension-autoconfigure-spi\1.10.1\opentelemetry-sdk-extension-autoconfigure-spi-1.10.1.jar;C:\Users\Rev\.m2\repository\io\opentelemetry\opentelemetry-sdk-extension-autoconfigure\1.10.1-alpha\opentelemetry-sdk-extension-autoconfigure-1.10.1-alpha.jar;C:\Users\Rev\.m2\repository\io\opentelemetry\opentelemetry-sdk-trace\1.10.1\opentelemetry-sdk-trace-1.10.1.jar;C:\Users\Rev\.m2\repository\io\opentelemetry\opentelemetry-sdk\1.10.1\opentelemetry-sdk-1.10.1.jar;C:\Users\Rev\.m2\repository\io\opentelemetry\opentelemetry-semconv\1.10.1-alpha\opentelemetry-semconv-1.10.1-alpha.jar;C:\Users\Rev\.m2\repository\io\ous\jtoml\2.0.0\jtoml-2.0.0.jar;C:\Users\Rev\.m2\repository\org\apache\commons\commons-exec\1.3\commons-exec-1.3.jar;C:\Users\Rev\.m2\repository\org\asynchttpclient\async-http-client\2.12.3\async-http-client-2.12.3.jar;C:\Users\Rev\.m2\repository\org\asynchttpclient\async-http-client-netty-utils\2.12.3\async-http-client-netty-utils-2.12.3.jar;C:\Users\Rev\.m2\repository\io\netty\netty-codec-socks\4.1.60.Final\netty-codec-socks-4.1.60.Final.jar;C:\Users\Rev\.m2\repository\io\netty\netty-handler-proxy\4.1.60.Final\netty-handler-proxy-4.1.60.Final.jar;C:\Users\Rev\.m2\repository\io\netty\netty-transport-native-epoll\4.1.60.Final\netty-transport-native-epoll-4.1.60.Final-linux-x86_64.jar;C:\Users\Rev\.m2\repository\io\netty\netty-transport-native-kqueue\4.1.60.Final\netty-transport-native-kqueue-4.1.60.Final-osx-x86_64.jar;C:\Users\Rev\.m2\repository\org\reactivestreams\reactive-streams\1.0.3\reactive-streams-1.0.3.jar;C:\Users\Rev\.m2\repository\com\typesafe\netty\netty-reactive-streams\2.0.4\netty-reactive-streams-2.0.4.jar;C:\Users\Rev\.m2\repository\org\seleniumhq\selenium\selenium-http\4.1.2\selenium-http-4.1.2.jar;C:\Users\Rev\.m2\repository\net\jodah\failsafe\2.4.4\failsafe-2.4.4.jar;C:\Users\Rev\.m2\repository\org\seleniumhq\selenium\selenium-safari-driver\4.1.2\selenium-safari-driver-4.1.2.jar;C:\Users\Rev\.m2\repository\org\seleniumhq\selenium\selenium-api\4.1.2\selenium-api-4.1.2.jar;C:\Users\Rev\.m2\repository\org\seleniumhq\selenium\selenium-support\4.1.2\selenium-support-4.1.2.jar;C:\Users\Rev\.m2\repository\com\google\auto\service\auto-service-annotations\1.0.1\auto-service-annotations-1.0.1.jar;C:\Users\Rev\.m2\repository\com\google\auto\service\auto-service\1.0.1\auto-service-1.0.1.jar;C:\Users\Rev\.m2\repository\com\google\auto\auto-common\1.2\auto-common-1.2.jar;C:\Users\Rev\.m2\repository\org\seleniumhq\selenium\selenium-json\4.1.2\selenium-json-4.1.2.jar;C:\Users\Rev\.m2\repository\org\seleniumhq\selenium\selenium-chrome-driver\4.1.2\selenium-chrome-driver-4.1.2.jar;C:\Users\Rev\.m2\repository\org\seleniumhq\selenium\selenium-chromium-driver\4.1.2\selenium-chromium-driver-4.1.2.jar;C:\Users\Rev\.m2\repository\org\seleniumhq\selenium\selenium-firefox-driver\4.1.2\selenium-firefox-driver-4.1.2.jar;C:\Users\Rev\.m2\repository\org\seleniumhq\selenium\selenium-edge-driver\4.1.2\selenium-edge-driver-4.1.2.jar;C:\Users\Rev\.m2\repository\org\seleniumhq\selenium\selenium-ie-driver\4.1.2\selenium-ie-driver-4.1.2.jar;C:\Users\Rev\.m2\repository\org\projectlombok\lombok\1.18.20\lombok-1.18.20.jar;C:\Users\Rev\.m2\repository\io\appium\java-client\8.0.0\java-client-8.0.0.jar;C:\Users\Rev\.m2\repository\commons-validator\commons-validator\1.7\commons-validator-1.7.jar;C:\Users\Rev\.m2\repository\commons-digester\commons-digester\2.1\commons-digester-2.1.jar;C:\Users\Rev\.m2\repository\org\aspectj\aspectjweaver\1.9.8\aspectjweaver-1.9.8.jar;C:\Users\Rev\.m2\repository\org\codehaus\groovy\groovy\3.0.10\groovy-3.0.10.jar;C:\Users\Rev\.m2\repository\net\sf\opencsv\opencsv\2.0\opencsv-2.0.jar;C:\Users\Rev\.m2\repository\commons-beanutils\commons-beanutils\1.9.4\commons-beanutils-1.9.4.jar;C:\Users\Rev\.m2\repository\org\apache\commons\commons-lang3\3.12.0\commons-lang3-3.12.0.jar;C:\Users\Rev\.m2\repository\commons-collections\commons-collections\3.2.2\commons-collections-3.2.2.jar;C:\Users\Rev\.m2\repository\org\fluentlenium\fluentlenium-core\0.10.2\fluentlenium-core-0.10.2.jar;C:\Users\Rev\.m2\repository\io\github\bonigarcia\webdrivermanager\5.1.0\webdrivermanager-5.1.0.jar;C:\Users\Rev\.m2\repository\com\github\docker-java\docker-java\3.2.13\docker-java-3.2.13.jar;C:\Users\Rev\.m2\repository\com\github\docker-java\docker-java-core\3.2.13\docker-java-core-3.2.13.jar;C:\Users\Rev\.m2\repository\com\github\docker-java\docker-java-api\3.2.13\docker-java-api-3.2.13.jar;C:\Users\Rev\.m2\repository\org\apache\commons\commons-compress\1.21\commons-compress-1.21.jar;C:\Users\Rev\.m2\repository\org\bouncycastle\bcpkix-jdk15on\1.64\bcpkix-jdk15on-1.64.jar;C:\Users\Rev\.m2\repository\org\bouncycastle\bcprov-jdk15on\1.64\bcprov-jdk15on-1.64.jar;C:\Users\Rev\.m2\repository\org\slf4j\jcl-over-slf4j\1.7.30\jcl-over-slf4j-1.7.30.jar;C:\Users\Rev\.m2\repository\com\github\docker-java\docker-java-transport-httpclient5\3.2.13\docker-java-transport-httpclient5-3.2.13.jar;C:\Users\Rev\.m2\repository\com\github\docker-java\docker-java-transport\3.2.13\docker-java-transport-3.2.13.jar;C:\Users\Rev\.m2\repository\org\apache\httpcomponents\client5\httpclient5\5.0.3\httpclient5-5.0.3.jar;C:\Users\Rev\.m2\repository\org\apache\httpcomponents\core5\httpcore5\5.0.2\httpcore5-5.0.2.jar;C:\Users\Rev\.m2\repository\net\java\dev\jna\jna\5.8.0\jna-5.8.0.jar;C:\Users\Rev\.m2\repository\org\brotli\dec\0.1.2\dec-0.1.2.jar;C:\Users\Rev\.m2\repository\com\jhlabs\filters\2.0.235\filters-2.0.235.jar;C:\Users\Rev\.m2\repository\com\paulhammant\ngwebdriver\1.1.6\ngwebdriver-1.1.6.jar;C:\Users\Rev\.m2\repository\joda-time\joda-time\2.8.2\joda-time-2.8.2.jar;C:\Users\Rev\.m2\repository\org\hamcrest\hamcrest\2.2\hamcrest-2.2.jar;C:\Users\Rev\.m2\repository\com\google\jimfs\jimfs\1.2\jimfs-1.2.jar;C:\Users\Rev\.m2\repository\org\mockito\mockito-core\3.3.3\mockito-core-3.3.3.jar;C:\Users\Rev\.m2\repository\javax\xml\bind\jaxb-api\2.3.1\jaxb-api-2.3.1.jar;C:\Users\Rev\.m2\repository\javax\activation\javax.activation-api\1.2.0\javax.activation-api-1.2.0.jar;C:\Users\Rev\.m2\repository\com\sun\xml\bind\jaxb-core\2.3.0.1\jaxb-core-2.3.0.1.jar;C:\Users\Rev\.m2\repository\com\sun\xml\bind\jaxb-impl\2.3.3\jaxb-impl-2.3.3.jar;C:\Users\Rev\.m2\repository\jakarta\xml\bind\jakarta.xml.bind-api\2.3.3\jakarta.xml.bind-api-2.3.3.jar;C:\Users\Rev\.m2\repository\com\sun\activation\jakarta.activation\1.2.2\jakarta.activation-1.2.2.jar;C:\Users\Rev\.m2\repository\javax\activation\activation\1.1.1\activation-1.1.1.jar;C:\Users\Rev\.m2\repository\net\serenity-bdd\serenity-cucumber\3.2.1\serenity-cucumber-3.2.1.jar;C:\Users\Rev\.m2\repository\io\cucumber\cucumber-core\7.2.3\cucumber-core-7.2.3.jar;C:\Users\Rev\.m2\repository\io\cucumber\cucumber-gherkin\7.2.3\cucumber-gherkin-7.2.3.jar;C:\Users\Rev\.m2\repository\io\cucumber\cucumber-gherkin-messages\7.2.3\cucumber-gherkin-messages-7.2.3.jar;C:\Users\Rev\.m2\repository\io\cucumber\messages\17.1.1\messages-17.1.1.jar;C:\Users\Rev\.m2\repository\io\cucumber\tag-expressions\4.1.0\tag-expressions-4.1.0.jar;C:\Users\Rev\.m2\repository\io\cucumber\cucumber-expressions\15.0.1\cucumber-expressions-15.0.1.jar;C:\Users\Rev\.m2\repository\io\cucumber\datatable\7.2.3\datatable-7.2.3.jar;C:\Users\Rev\.m2\repository\io\cucumber\cucumber-plugin\7.2.3\cucumber-plugin-7.2.3.jar;C:\Users\Rev\.m2\repository\io\cucumber\docstring\7.2.3\docstring-7.2.3.jar;C:\Users\Rev\.m2\repository\io\cucumber\html-formatter\17.0.0\html-formatter-17.0.0.jar;C:\Users\Rev\.m2\repository\io\cucumber\ci-environment\8.1.0\ci-environment-8.1.0.jar;C:\Users\Rev\.m2\repository\io\cucumber\cucumber-junit\7.2.3\cucumber-junit-7.2.3.jar;C:\Users\Rev\.m2\repository\org\apache\commons\commons-csv\1.5\commons-csv-1.5.jar;C:\Users\Rev\.m2\repository\net\serenity-bdd\serenity-screenplay\3.2.1\serenity-screenplay-3.2.1.jar;C:\Users\Rev\.m2\repository\net\serenity-bdd\serenity-screenplay-webdriver\3.2.1\serenity-screenplay-webdriver-3.2.1.jar;C:\Users\Rev\.m2\repository\net\serenity-bdd\serenity-ensure\3.2.1\serenity-ensure-3.2.1.jar;C:\Users\Rev\.m2\repository\net\serenity-bdd\serenity-junit\3.2.1\serenity-junit-3.2.1.jar;C:\Users\Rev\.m2\repository\org\jetbrains\kotlin\kotlin-stdlib\1.6.0\kotlin-stdlib-1.6.0.jar;C:\Users\Rev\.m2\repository\org\jetbrains\annotations\13.0\annotations-13.0.jar;C:\Users\Rev\.m2\repository\org\jetbrains\kotlin\kotlin-stdlib-common\1.6.0\kotlin-stdlib-common-1.6.0.jar;C:\Users\Rev\.m2\repository\org\junit\platform\junit-platform-launcher\1.8.1\junit-platform-launcher-1.8.1.jar;C:\Users\Rev\.m2\repository\org\junit\platform\junit-platform-engine\1.8.1\junit-platform-engine-1.8.1.jar;C:\Users\Rev\.m2\repository\org\opentest4j\opentest4j\1.2.0\opentest4j-1.2.0.jar;C:\Users\Rev\.m2\repository\org\junit\platform\junit-platform-commons\1.8.1\junit-platform-commons-1.8.1.jar;C:\Users\Rev\.m2\repository\org\apiguardian\apiguardian-api\1.1.2\apiguardian-api-1.1.2.jar;C:\Users\Rev\.m2\repository\org\junit\jupiter\junit-jupiter-engine\5.8.2\junit-jupiter-engine-5.8.2.jar;C:\Users\Rev\.m2\repository\org\junit\jupiter\junit-jupiter-api\5.8.2\junit-jupiter-api-5.8.2.jar;C:\Users\Rev\.m2\repository\org\junit\vintage\junit-vintage-engine\5.8.2\junit-vintage-engine-5.8.2.jar;C:\Users\Rev\.m2\repository\junit\junit\4.13.2\junit-4.13.2.jar;C:\Users\Rev\.m2\repository\org\hamcrest\hamcrest-core\1.3\hamcrest-core-1.3.jar;C:\Users\Rev\.m2\repository\ch\qos\logback\logback-classic\1.2.10\logback-classic-1.2.10.jar;C:\Users\Rev\.m2\repository\ch\qos\logback\logback-core\1.2.10\logback-core-1.2.10.jar;C:\Users\Rev\.m2\repository\org\slf4j\slf4j-api\1.7.32\slf4j-api-1.7.32.jar;C:\Users\Rev\.m2\repository\org\assertj\assertj-core\3.6.2\assertj-core-3.6.2.jar;"/>
    <property name="java.vm.vendor" value="Oracle Corporation"/>
    <property name="sun.arch.data.model" value="64"/>
    <property name="user.variant" value=""/>
    <property name="java.vendor.url" value="https://java.oracle.com/"/>
    <property name="user.timezone" value="Asia/Makassar"/>
    <property name="log4j2.formatMsgNoLookups" value="true"/>
    <property name="os.name" value="Windows 10"/>
    <property name="java.vm.specification.version" value="17"/>
    <property name="sun.java.launcher" value="SUN_STANDARD"/>
    <property name="user.country" value="GB"/>
    <property name="sun.boot.library.path" value="C:\Program Files\Java\jdk-17.0.2\bin"/>
    <property name="sun.java.command" value="org.apache.maven.surefire.booter.ForkedBooter C:\Users\Rev\AppData\Local\Temp\surefire11702708066659390181 2022-05-11T12-21-48_469-jvmRun1 surefire7232598265463725123tmp surefire_014107126876566521862tmp"/>
    <property name="jdk.debug" value="release"/>
    <property name="surefire.test.class.path" value="D:\alta folder\final project\web testing\target\test-classes;C:\Users\Rev\.m2\repository\net\serenity-bdd\serenity-core\3.2.1\serenity-core-3.2.1.jar;C:\Users\Rev\.m2\repository\net\serenity-bdd\serenity-model\3.2.1\serenity-model-3.2.1.jar;C:\Users\Rev\.m2\repository\org\apache\commons\commons-text\1.9\commons-text-1.9.jar;C:\Users\Rev\.m2\repository\commons-net\commons-net\3.8.0\commons-net-3.8.0.jar;C:\Users\Rev\.m2\repository\com\google\guava\guava\31.1-jre\guava-31.1-jre.jar;C:\Users\Rev\.m2\repository\com\google\guava\failureaccess\1.0.1\failureaccess-1.0.1.jar;C:\Users\Rev\.m2\repository\com\google\guava\listenablefuture\9999.0-empty-to-avoid-conflict-with-guava\listenablefuture-9999.0-empty-to-avoid-conflict-with-guava.jar;C:\Users\Rev\.m2\repository\com\google\code\findbugs\jsr305\3.0.2\jsr305-3.0.2.jar;C:\Users\Rev\.m2\repository\org\checkerframework\checker-qual\3.12.0\checker-qual-3.12.0.jar;C:\Users\Rev\.m2\repository\com\google\errorprone\error_prone_annotations\2.11.0\error_prone_annotations-2.11.0.jar;C:\Users\Rev\.m2\repository\com\google\j2objc\j2objc-annotations\1.3\j2objc-annotations-1.3.jar;C:\Users\Rev\.m2\repository\com\google\inject\guice\5.1.0\guice-5.1.0.jar;C:\Users\Rev\.m2\repository\javax\inject\javax.inject\1\javax.inject-1.jar;C:\Users\Rev\.m2\repository\aopalliance\aopalliance\1.0\aopalliance-1.0.jar;C:\Users\Rev\.m2\repository\org\jsoup\jsoup\1.14.3\jsoup-1.14.3.jar;C:\Users\Rev\.m2\repository\com\thoughtworks\xstream\xstream\1.4.19\xstream-1.4.19.jar;C:\Users\Rev\.m2\repository\io\github\x-stream\mxparser\1.2.2\mxparser-1.2.2.jar;C:\Users\Rev\.m2\repository\xmlpull\xmlpull\1.1.3.1\xmlpull-1.1.3.1.jar;C:\Users\Rev\.m2\repository\io\cucumber\cucumber-java\7.2.3\cucumber-java-7.2.3.jar;C:\Users\Rev\.m2\repository\com\typesafe\config\1.4.2\config-1.4.2.jar;C:\Users\Rev\.m2\repository\org\imgscalr\imgscalr-lib\4.2\imgscalr-lib-4.2.jar;C:\Users\Rev\.m2\repository\org\awaitility\awaitility\4.2.0\awaitility-4.2.0.jar;C:\Users\Rev\.m2\repository\org\freemarker\freemarker\2.3.31\freemarker-2.3.31.jar;C:\Users\Rev\.m2\repository\io\github\classgraph\classgraph\4.8.138\classgraph-4.8.138.jar;C:\Users\Rev\.m2\repository\net\sourceforge\jexcelapi\jxl\2.6.12\jxl-2.6.12.jar;C:\Users\Rev\.m2\repository\net\bytebuddy\byte-buddy\1.12.8\byte-buddy-1.12.8.jar;C:\Users\Rev\.m2\repository\net\bytebuddy\byte-buddy-agent\1.12.8\byte-buddy-agent-1.12.8.jar;C:\Users\Rev\.m2\repository\org\objenesis\objenesis\3.1\objenesis-3.1.jar;C:\Users\Rev\.m2\repository\net\serenity-bdd\serenity-reports\3.2.1\serenity-reports-3.2.1.jar;C:\Users\Rev\.m2\repository\net\serenity-bdd\serenity-stats\3.2.1\serenity-stats-3.2.1.jar;C:\Users\Rev\.m2\repository\net\serenity-bdd\serenity-reports-configuration\3.2.1\serenity-reports-configuration-3.2.1.jar;C:\Users\Rev\.m2\repository\com\vladsch\flexmark\flexmark-all\0.34.30\flexmark-all-0.34.30.jar;C:\Users\Rev\.m2\repository\com\vladsch\flexmark\flexmark\0.34.30\flexmark-0.34.30.jar;C:\Users\Rev\.m2\repository\com\vladsch\flexmark\flexmark-ext-abbreviation\0.34.30\flexmark-ext-abbreviation-0.34.30.jar;C:\Users\Rev\.m2\repository\com\vladsch\flexmark\flexmark-ext-admonition\0.34.30\flexmark-ext-admonition-0.34.30.jar;C:\Users\Rev\.m2\repository\com\vladsch\flexmark\flexmark-ext-anchorlink\0.34.30\flexmark-ext-anchorlink-0.34.30.jar;C:\Users\Rev\.m2\repository\com\vladsch\flexmark\flexmark-ext-aside\0.34.30\flexmark-ext-aside-0.34.30.jar;C:\Users\Rev\.m2\repository\com\vladsch\flexmark\flexmark-ext-attributes\0.34.30\flexmark-ext-attributes-0.34.30.jar;C:\Users\Rev\.m2\repository\com\vladsch\flexmark\flexmark-ext-autolink\0.34.30\flexmark-ext-autolink-0.34.30.jar;C:\Users\Rev\.m2\repository\org\nibor\autolink\autolink\0.6.0\autolink-0.6.0.jar;C:\Users\Rev\.m2\repository\com\vladsch\flexmark\flexmark-ext-definition\0.34.30\flexmark-ext-definition-0.34.30.jar;C:\Users\Rev\.m2\repository\com\vladsch\flexmark\flexmark-ext-emoji\0.34.30\flexmark-ext-emoji-0.34.30.jar;C:\Users\Rev\.m2\repository\com\vladsch\flexmark\flexmark-ext-enumerated-reference\0.34.30\flexmark-ext-enumerated-reference-0.34.30.jar;C:\Users\Rev\.m2\repository\com\vladsch\flexmark\flexmark-ext-escaped-character\0.34.30\flexmark-ext-escaped-character-0.34.30.jar;C:\Users\Rev\.m2\repository\com\vladsch\flexmark\flexmark-ext-footnotes\0.34.30\flexmark-ext-footnotes-0.34.30.jar;C:\Users\Rev\.m2\repository\com\vladsch\flexmark\flexmark-ext-gfm-issues\0.34.30\flexmark-ext-gfm-issues-0.34.30.jar;C:\Users\Rev\.m2\repository\com\vladsch\flexmark\flexmark-ext-gfm-strikethrough\0.34.30\flexmark-ext-gfm-strikethrough-0.34.30.jar;C:\Users\Rev\.m2\repository\com\vladsch\flexmark\flexmark-ext-gfm-tables\0.34.30\flexmark-ext-gfm-tables-0.34.30.jar;C:\Users\Rev\.m2\repository\com\vladsch\flexmark\flexmark-ext-gfm-tasklist\0.34.30\flexmark-ext-gfm-tasklist-0.34.30.jar;C:\Users\Rev\.m2\repository\com\vladsch\flexmark\flexmark-ext-gfm-users\0.34.30\flexmark-ext-gfm-users-0.34.30.jar;C:\Users\Rev\.m2\repository\com\vladsch\flexmark\flexmark-ext-gitlab\0.34.30\flexmark-ext-gitlab-0.34.30.jar;C:\Users\Rev\.m2\repository\com\vladsch\flexmark\flexmark-ext-jekyll-front-matter\0.34.30\flexmark-ext-jekyll-front-matter-0.34.30.jar;C:\Users\Rev\.m2\repository\com\vladsch\flexmark\flexmark-ext-jekyll-tag\0.34.30\flexmark-ext-jekyll-tag-0.34.30.jar;C:\Users\Rev\.m2\repository\com\vladsch\flexmark\flexmark-ext-media-tags\0.34.30\flexmark-ext-media-tags-0.34.30.jar;C:\Users\Rev\.m2\repository\com\vladsch\flexmark\flexmark-test-util\0.34.30\flexmark-test-util-0.34.30.jar;C:\Users\Rev\.m2\repository\com\vladsch\flexmark\flexmark-ext-ins\0.34.30\flexmark-ext-ins-0.34.30.jar;C:\Users\Rev\.m2\repository\com\vladsch\flexmark\flexmark-ext-xwiki-macros\0.34.30\flexmark-ext-xwiki-macros-0.34.30.jar;C:\Users\Rev\.m2\repository\com\vladsch\flexmark\flexmark-ext-superscript\0.34.30\flexmark-ext-superscript-0.34.30.jar;C:\Users\Rev\.m2\repository\com\vladsch\flexmark\flexmark-ext-tables\0.34.30\flexmark-ext-tables-0.34.30.jar;C:\Users\Rev\.m2\repository\com\vladsch\flexmark\flexmark-ext-toc\0.34.30\flexmark-ext-toc-0.34.30.jar;C:\Users\Rev\.m2\repository\com\vladsch\flexmark\flexmark-ext-typographic\0.34.30\flexmark-ext-typographic-0.34.30.jar;C:\Users\Rev\.m2\repository\com\vladsch\flexmark\flexmark-ext-wikilink\0.34.30\flexmark-ext-wikilink-0.34.30.jar;C:\Users\Rev\.m2\repository\com\vladsch\flexmark\flexmark-ext-yaml-front-matter\0.34.30\flexmark-ext-yaml-front-matter-0.34.30.jar;C:\Users\Rev\.m2\repository\com\vladsch\flexmark\flexmark-ext-youtube-embedded\0.34.30\flexmark-ext-youtube-embedded-0.34.30.jar;C:\Users\Rev\.m2\repository\com\vladsch\flexmark\flexmark-formatter\0.34.30\flexmark-formatter-0.34.30.jar;C:\Users\Rev\.m2\repository\com\vladsch\flexmark\flexmark-html-parser\0.34.30\flexmark-html-parser-0.34.30.jar;C:\Users\Rev\.m2\repository\com\vladsch\flexmark\flexmark-jira-converter\0.34.30\flexmark-jira-converter-0.34.30.jar;C:\Users\Rev\.m2\repository\com\vladsch\flexmark\flexmark-pdf-converter\0.34.30\flexmark-pdf-converter-0.34.30.jar;C:\Users\Rev\.m2\repository\com\openhtmltopdf\openhtmltopdf-core\0.0.1-RC13\openhtmltopdf-core-0.0.1-RC13.jar;C:\Users\Rev\.m2\repository\com\openhtmltopdf\openhtmltopdf-pdfbox\0.0.1-RC13\openhtmltopdf-pdfbox-0.0.1-RC13.jar;C:\Users\Rev\.m2\repository\org\apache\pdfbox\pdfbox\2.0.8\pdfbox-2.0.8.jar;C:\Users\Rev\.m2\repository\org\apache\pdfbox\fontbox\2.0.8\fontbox-2.0.8.jar;C:\Users\Rev\.m2\repository\commons-logging\commons-logging\1.2\commons-logging-1.2.jar;C:\Users\Rev\.m2\repository\org\apache\pdfbox\xmpbox\2.0.8\xmpbox-2.0.8.jar;C:\Users\Rev\.m2\repository\de\rototor\pdfbox\graphics2d\0.12\graphics2d-0.12.jar;C:\Users\Rev\.m2\repository\com\openhtmltopdf\openhtmltopdf-rtl-support\0.0.1-RC13\openhtmltopdf-rtl-support-0.0.1-RC13.jar;C:\Users\Rev\.m2\repository\com\ibm\icu\icu4j\59.1\icu4j-59.1.jar;C:\Users\Rev\.m2\repository\com\openhtmltopdf\openhtmltopdf-jsoup-dom-converter\0.0.1-RC13\openhtmltopdf-jsoup-dom-converter-0.0.1-RC13.jar;C:\Users\Rev\.m2\repository\com\vladsch\flexmark\flexmark-profile-pegdown\0.34.30\flexmark-profile-pegdown-0.34.30.jar;C:\Users\Rev\.m2\repository\com\vladsch\flexmark\flexmark-util\0.34.30\flexmark-util-0.34.30.jar;C:\Users\Rev\.m2\repository\com\vladsch\flexmark\flexmark-youtrack-converter\0.34.30\flexmark-youtrack-converter-0.34.30.jar;C:\Users\Rev\.m2\repository\es\nitaur\markdown\txtmark\0.16\txtmark-0.16.jar;C:\Users\Rev\.m2\repository\net\serenity-bdd\serenity-report-resources\3.2.1\serenity-report-resources-3.2.1.jar;C:\Users\Rev\.m2\repository\com\google\code\gson\gson\2.9.0\gson-2.9.0.jar;C:\Users\Rev\.m2\repository\com\fasterxml\jackson\core\jackson-core\2.13.2\jackson-core-2.13.2.jar;C:\Users\Rev\.m2\repository\com\fasterxml\jackson\core\jackson-databind\2.13.2\jackson-databind-2.13.2.jar;C:\Users\Rev\.m2\repository\com\fasterxml\jackson\core\jackson-annotations\2.13.2\jackson-annotations-2.13.2.jar;C:\Users\Rev\.m2\repository\commons-codec\commons-codec\1.15\commons-codec-1.15.jar;C:\Users\Rev\.m2\repository\commons-io\commons-io\2.11.0\commons-io-2.11.0.jar;C:\Users\Rev\.m2\repository\org\seleniumhq\selenium\selenium-java\4.1.2\selenium-java-4.1.2.jar;C:\Users\Rev\.m2\repository\org\seleniumhq\selenium\selenium-devtools-v85\4.1.2\selenium-devtools-v85-4.1.2.jar;C:\Users\Rev\.m2\repository\org\seleniumhq\selenium\selenium-devtools-v95\4.1.2\selenium-devtools-v95-4.1.2.jar;C:\Users\Rev\.m2\repository\org\seleniumhq\selenium\selenium-devtools-v96\4.1.2\selenium-devtools-v96-4.1.2.jar;C:\Users\Rev\.m2\repository\org\seleniumhq\selenium\selenium-devtools-v97\4.1.2\selenium-devtools-v97-4.1.2.jar;C:\Users\Rev\.m2\repository\org\seleniumhq\selenium\selenium-firefox-xpi-driver\4.1.2\selenium-firefox-xpi-driver-4.1.2.jar;C:\Users\Rev\.m2\repository\org\seleniumhq\selenium\selenium-opera-driver\4.1.2\selenium-opera-driver-4.1.2.jar;C:\Users\Rev\.m2\repository\org\seleniumhq\selenium\selenium-remote-driver\4.1.2\selenium-remote-driver-4.1.2.jar;C:\Users\Rev\.m2\repository\com\beust\jcommander\1.82\jcommander-1.82.jar;C:\Users\Rev\.m2\repository\io\netty\netty-buffer\4.1.73.Final\netty-buffer-4.1.73.Final.jar;C:\Users\Rev\.m2\repository\io\netty\netty-codec-http\4.1.73.Final\netty-codec-http-4.1.73.Final.jar;C:\Users\Rev\.m2\repository\io\netty\netty-codec\4.1.73.Final\netty-codec-4.1.73.Final.jar;C:\Users\Rev\.m2\repository\io\netty\netty-handler\4.1.73.Final\netty-handler-4.1.73.Final.jar;C:\Users\Rev\.m2\repository\io\netty\netty-tcnative-classes\2.0.46.Final\netty-tcnative-classes-2.0.46.Final.jar;C:\Users\Rev\.m2\repository\io\netty\netty-common\4.1.73.Final\netty-common-4.1.73.Final.jar;C:\Users\Rev\.m2\repository\io\netty\netty-transport-classes-epoll\4.1.73.Final\netty-transport-classes-epoll-4.1.73.Final.jar;C:\Users\Rev\.m2\repository\io\netty\netty-transport-classes-kqueue\4.1.73.Final\netty-transport-classes-kqueue-4.1.73.Final.jar;C:\Users\Rev\.m2\repository\io\netty\netty-transport-native-epoll\4.1.73.Final\netty-transport-native-epoll-4.1.73.Final.jar;C:\Users\Rev\.m2\repository\io\netty\netty-transport-native-kqueue\4.1.73.Final\netty-transport-native-kqueue-4.1.73.Final.jar;C:\Users\Rev\.m2\repository\io\netty\netty-transport-native-unix-common\4.1.73.Final\netty-transport-native-unix-common-4.1.73.Final.jar;C:\Users\Rev\.m2\repository\io\netty\netty-transport\4.1.73.Final\netty-transport-4.1.73.Final.jar;C:\Users\Rev\.m2\repository\io\netty\netty-resolver\4.1.73.Final\netty-resolver-4.1.73.Final.jar;C:\Users\Rev\.m2\repository\io\opentelemetry\opentelemetry-api\1.10.1\opentelemetry-api-1.10.1.jar;C:\Users\Rev\.m2\repository\io\opentelemetry\opentelemetry-context\1.10.1\opentelemetry-context-1.10.1.jar;C:\Users\Rev\.m2\repository\io\opentelemetry\opentelemetry-exporter-logging\1.10.1\opentelemetry-exporter-logging-1.10.1.jar;C:\Users\Rev\.m2\repository\io\opentelemetry\opentelemetry-sdk-metrics\1.10.1-alpha\opentelemetry-sdk-metrics-1.10.1-alpha.jar;C:\Users\Rev\.m2\repository\io\opentelemetry\opentelemetry-sdk-logs\1.10.1-alpha\opentelemetry-sdk-logs-1.10.1-alpha.jar;C:\Users\Rev\.m2\repository\io\opentelemetry\opentelemetry-sdk-common\1.10.1\opentelemetry-sdk-common-1.10.1.jar;C:\Users\Rev\.m2\repository\io\opentelemetry\opentelemetry-sdk-extension-autoconfigure-spi\1.10.1\opentelemetry-sdk-extension-autoconfigure-spi-1.10.1.jar;C:\Users\Rev\.m2\repository\io\opentelemetry\opentelemetry-sdk-extension-autoconfigure\1.10.1-alpha\opentelemetry-sdk-extension-autoconfigure-1.10.1-alpha.jar;C:\Users\Rev\.m2\repository\io\opentelemetry\opentelemetry-sdk-trace\1.10.1\opentelemetry-sdk-trace-1.10.1.jar;C:\Users\Rev\.m2\repository\io\opentelemetry\opentelemetry-sdk\1.10.1\opentelemetry-sdk-1.10.1.jar;C:\Users\Rev\.m2\repository\io\opentelemetry\opentelemetry-semconv\1.10.1-alpha\opentelemetry-semconv-1.10.1-alpha.jar;C:\Users\Rev\.m2\repository\io\ous\jtoml\2.0.0\jtoml-2.0.0.jar;C:\Users\Rev\.m2\repository\org\apache\commons\commons-exec\1.3\commons-exec-1.3.jar;C:\Users\Rev\.m2\repository\org\asynchttpclient\async-http-client\2.12.3\async-http-client-2.12.3.jar;C:\Users\Rev\.m2\repository\org\asynchttpclient\async-http-client-netty-utils\2.12.3\async-http-client-netty-utils-2.12.3.jar;C:\Users\Rev\.m2\repository\io\netty\netty-codec-socks\4.1.60.Final\netty-codec-socks-4.1.60.Final.jar;C:\Users\Rev\.m2\repository\io\netty\netty-handler-proxy\4.1.60.Final\netty-handler-proxy-4.1.60.Final.jar;C:\Users\Rev\.m2\repository\io\netty\netty-transport-native-epoll\4.1.60.Final\netty-transport-native-epoll-4.1.60.Final-linux-x86_64.jar;C:\Users\Rev\.m2\repository\io\netty\netty-transport-native-kqueue\4.1.60.Final\netty-transport-native-kqueue-4.1.60.Final-osx-x86_64.jar;C:\Users\Rev\.m2\repository\org\reactivestreams\reactive-streams\1.0.3\reactive-streams-1.0.3.jar;C:\Users\Rev\.m2\repository\com\typesafe\netty\netty-reactive-streams\2.0.4\netty-reactive-streams-2.0.4.jar;C:\Users\Rev\.m2\repository\org\seleniumhq\selenium\selenium-http\4.1.2\selenium-http-4.1.2.jar;C:\Users\Rev\.m2\repository\net\jodah\failsafe\2.4.4\failsafe-2.4.4.jar;C:\Users\Rev\.m2\repository\org\seleniumhq\selenium\selenium-safari-driver\4.1.2\selenium-safari-driver-4.1.2.jar;C:\Users\Rev\.m2\repository\org\seleniumhq\selenium\selenium-api\4.1.2\selenium-api-4.1.2.jar;C:\Users\Rev\.m2\repository\org\seleniumhq\selenium\selenium-support\4.1.2\selenium-support-4.1.2.jar;C:\Users\Rev\.m2\repository\com\google\auto\service\auto-service-annotations\1.0.1\auto-service-annotations-1.0.1.jar;C:\Users\Rev\.m2\repository\com\google\auto\service\auto-service\1.0.1\auto-service-1.0.1.jar;C:\Users\Rev\.m2\repository\com\google\auto\auto-common\1.2\auto-common-1.2.jar;C:\Users\Rev\.m2\repository\org\seleniumhq\selenium\selenium-json\4.1.2\selenium-json-4.1.2.jar;C:\Users\Rev\.m2\repository\org\seleniumhq\selenium\selenium-chrome-driver\4.1.2\selenium-chrome-driver-4.1.2.jar;C:\Users\Rev\.m2\repository\org\seleniumhq\selenium\selenium-chromium-driver\4.1.2\selenium-chromium-driver-4.1.2.jar;C:\Users\Rev\.m2\repository\org\seleniumhq\selenium\selenium-firefox-driver\4.1.2\selenium-firefox-driver-4.1.2.jar;C:\Users\Rev\.m2\repository\org\seleniumhq\selenium\selenium-edge-driver\4.1.2\selenium-edge-driver-4.1.2.jar;C:\Users\Rev\.m2\repository\org\seleniumhq\selenium\selenium-ie-driver\4.1.2\selenium-ie-driver-4.1.2.jar;C:\Users\Rev\.m2\repository\org\projectlombok\lombok\1.18.20\lombok-1.18.20.jar;C:\Users\Rev\.m2\repository\io\appium\java-client\8.0.0\java-client-8.0.0.jar;C:\Users\Rev\.m2\repository\commons-validator\commons-validator\1.7\commons-validator-1.7.jar;C:\Users\Rev\.m2\repository\commons-digester\commons-digester\2.1\commons-digester-2.1.jar;C:\Users\Rev\.m2\repository\org\aspectj\aspectjweaver\1.9.8\aspectjweaver-1.9.8.jar;C:\Users\Rev\.m2\repository\org\codehaus\groovy\groovy\3.0.10\groovy-3.0.10.jar;C:\Users\Rev\.m2\repository\net\sf\opencsv\opencsv\2.0\opencsv-2.0.jar;C:\Users\Rev\.m2\repository\commons-beanutils\commons-beanutils\1.9.4\commons-beanutils-1.9.4.jar;C:\Users\Rev\.m2\repository\org\apache\commons\commons-lang3\3.12.0\commons-lang3-3.12.0.jar;C:\Users\Rev\.m2\repository\commons-collections\commons-collections\3.2.2\commons-collections-3.2.2.jar;C:\Users\Rev\.m2\repository\org\fluentlenium\fluentlenium-core\0.10.2\fluentlenium-core-0.10.2.jar;C:\Users\Rev\.m2\repository\io\github\bonigarcia\webdrivermanager\5.1.0\webdrivermanager-5.1.0.jar;C:\Users\Rev\.m2\repository\com\github\docker-java\docker-java\3.2.13\docker-java-3.2.13.jar;C:\Users\Rev\.m2\repository\com\github\docker-java\docker-java-core\3.2.13\docker-java-core-3.2.13.jar;C:\Users\Rev\.m2\repository\com\github\docker-java\docker-java-api\3.2.13\docker-java-api-3.2.13.jar;C:\Users\Rev\.m2\repository\org\apache\commons\commons-compress\1.21\commons-compress-1.21.jar;C:\Users\Rev\.m2\repository\org\bouncycastle\bcpkix-jdk15on\1.64\bcpkix-jdk15on-1.64.jar;C:\Users\Rev\.m2\repository\org\bouncycastle\bcprov-jdk15on\1.64\bcprov-jdk15on-1.64.jar;C:\Users\Rev\.m2\repository\org\slf4j\jcl-over-slf4j\1.7.30\jcl-over-slf4j-1.7.30.jar;C:\Users\Rev\.m2\repository\com\github\docker-java\docker-java-transport-httpclient5\3.2.13\docker-java-transport-httpclient5-3.2.13.jar;C:\Users\Rev\.m2\repository\com\github\docker-java\docker-java-transport\3.2.13\docker-java-transport-3.2.13.jar;C:\Users\Rev\.m2\repository\org\apache\httpcomponents\client5\httpclient5\5.0.3\httpclient5-5.0.3.jar;C:\Users\Rev\.m2\repository\org\apache\httpcomponents\core5\httpcore5\5.0.2\httpcore5-5.0.2.jar;C:\Users\Rev\.m2\repository\net\java\dev\jna\jna\5.8.0\jna-5.8.0.jar;C:\Users\Rev\.m2\repository\org\brotli\dec\0.1.2\dec-0.1.2.jar;C:\Users\Rev\.m2\repository\com\jhlabs\filters\2.0.235\filters-2.0.235.jar;C:\Users\Rev\.m2\repository\com\paulhammant\ngwebdriver\1.1.6\ngwebdriver-1.1.6.jar;C:\Users\Rev\.m2\repository\joda-time\joda-time\2.8.2\joda-time-2.8.2.jar;C:\Users\Rev\.m2\repository\org\hamcrest\hamcrest\2.2\hamcrest-2.2.jar;C:\Users\Rev\.m2\repository\com\google\jimfs\jimfs\1.2\jimfs-1.2.jar;C:\Users\Rev\.m2\repository\org\mockito\mockito-core\3.3.3\mockito-core-3.3.3.jar;C:\Users\Rev\.m2\repository\javax\xml\bind\jaxb-api\2.3.1\jaxb-api-2.3.1.jar;C:\Users\Rev\.m2\repository\javax\activation\javax.activation-api\1.2.0\javax.activation-api-1.2.0.jar;C:\Users\Rev\.m2\repository\com\sun\xml\bind\jaxb-core\2.3.0.1\jaxb-core-2.3.0.1.jar;C:\Users\Rev\.m2\repository\com\sun\xml\bind\jaxb-impl\2.3.3\jaxb-impl-2.3.3.jar;C:\Users\Rev\.m2\repository\jakarta\xml\bind\jakarta.xml.bind-api\2.3.3\jakarta.xml.bind-api-2.3.3.jar;C:\Users\Rev\.m2\repository\com\sun\activation\jakarta.activation\1.2.2\jakarta.activation-1.2.2.jar;C:\Users\Rev\.m2\repository\javax\activation\activation\1.1.1\activation-1.1.1.jar;C:\Users\Rev\.m2\repository\net\serenity-bdd\serenity-cucumber\3.2.1\serenity-cucumber-3.2.1.jar;C:\Users\Rev\.m2\repository\io\cucumber\cucumber-core\7.2.3\cucumber-core-7.2.3.jar;C:\Users\Rev\.m2\repository\io\cucumber\cucumber-gherkin\7.2.3\cucumber-gherkin-7.2.3.jar;C:\Users\Rev\.m2\repository\io\cucumber\cucumber-gherkin-messages\7.2.3\cucumber-gherkin-messages-7.2.3.jar;C:\Users\Rev\.m2\repository\io\cucumber\messages\17.1.1\messages-17.1.1.jar;C:\Users\Rev\.m2\repository\io\cucumber\tag-expressions\4.1.0\tag-expressions-4.1.0.jar;C:\Users\Rev\.m2\repository\io\cucumber\cucumber-expressions\15.0.1\cucumber-expressions-15.0.1.jar;C:\Users\Rev\.m2\repository\io\cucumber\datatable\7.2.3\datatable-7.2.3.jar;C:\Users\Rev\.m2\repository\io\cucumber\cucumber-plugin\7.2.3\cucumber-plugin-7.2.3.jar;C:\Users\Rev\.m2\repository\io\cucumber\docstring\7.2.3\docstring-7.2.3.jar;C:\Users\Rev\.m2\repository\io\cucumber\html-formatter\17.0.0\html-formatter-17.0.0.jar;C:\Users\Rev\.m2\repository\io\cucumber\ci-environment\8.1.0\ci-environment-8.1.0.jar;C:\Users\Rev\.m2\repository\io\cucumber\cucumber-junit\7.2.3\cucumber-junit-7.2.3.jar;C:\Users\Rev\.m2\repository\org\apache\commons\commons-csv\1.5\commons-csv-1.5.jar;C:\Users\Rev\.m2\repository\net\serenity-bdd\serenity-screenplay\3.2.1\serenity-screenplay-3.2.1.jar;C:\Users\Rev\.m2\repository\net\serenity-bdd\serenity-screenplay-webdriver\3.2.1\serenity-screenplay-webdriver-3.2.1.jar;C:\Users\Rev\.m2\repository\net\serenity-bdd\serenity-ensure\3.2.1\serenity-ensure-3.2.1.jar;C:\Users\Rev\.m2\repository\net\serenity-bdd\serenity-junit\3.2.1\serenity-junit-3.2.1.jar;C:\Users\Rev\.m2\repository\org\jetbrains\kotlin\kotlin-stdlib\1.6.0\kotlin-stdlib-1.6.0.jar;C:\Users\Rev\.m2\repository\org\jetbrains\annotations\13.0\annotations-13.0.jar;C:\Users\Rev\.m2\repository\org\jetbrains\kotlin\kotlin-stdlib-common\1.6.0\kotlin-stdlib-common-1.6.0.jar;C:\Users\Rev\.m2\repository\org\junit\platform\junit-platform-launcher\1.8.1\junit-platform-launcher-1.8.1.jar;C:\Users\Rev\.m2\repository\org\junit\platform\junit-platform-engine\1.8.1\junit-platform-engine-1.8.1.jar;C:\Users\Rev\.m2\repository\org\opentest4j\opentest4j\1.2.0\opentest4j-1.2.0.jar;C:\Users\Rev\.m2\repository\org\junit\platform\junit-platform-commons\1.8.1\junit-platform-commons-1.8.1.jar;C:\Users\Rev\.m2\repository\org\apiguardian\apiguardian-api\1.1.2\apiguardian-api-1.1.2.jar;C:\Users\Rev\.m2\repository\org\junit\jupiter\junit-jupiter-engine\5.8.2\junit-jupiter-engine-5.8.2.jar;C:\Users\Rev\.m2\repository\org\junit\jupiter\junit-jupiter-api\5.8.2\junit-jupiter-api-5.8.2.jar;C:\Users\Rev\.m2\repository\org\junit\vintage\junit-vintage-engine\5.8.2\junit-vintage-engine-5.8.2.jar;C:\Users\Rev\.m2\repository\junit\junit\4.13.2\junit-4.13.2.jar;C:\Users\Rev\.m2\repository\org\hamcrest\hamcrest-core\1.3\hamcrest-core-1.3.jar;C:\Users\Rev\.m2\repository\ch\qos\logback\logback-classic\1.2.10\logback-classic-1.2.10.jar;C:\Users\Rev\.m2\repository\ch\qos\logback\logback-core\1.2.10\logback-core-1.2.10.jar;C:\Users\Rev\.m2\repository\org\slf4j\slf4j-api\1.7.32\slf4j-api-1.7.32.jar;C:\Users\Rev\.m2\repository\org\assertj\assertj-core\3.6.2\assertj-core-3.6.2.jar;"/>
    <property name="sun.cpu.endian" value="little"/>
    <property name="user.home" value="C:\Users\Rev"/>
    <property name="user.language" value="en"/>
    <property name="java.specification.vendor" value="Oracle Corporation"/>
    <property name="jdk.module.path" value="D:\alta folder\final project\web testing\target\example-1.0-SNAPSHOT.jar"/>
    <property name="java.version.date" value="2022-01-18"/>
    <property name="java.home" value="C:\Program Files\Java\jdk-17.0.2"/>
    <property name="file.separator" value="\"/>
    <property name="basedir" value="D:\alta folder\final project\web testing"/>
    <property name="java.vm.compressedOopsMode" value="Zero based"/>
    <property name="line.separator" value="&#10;"/>
    <property name="java.vm.specification.vendor" value="Oracle Corporation"/>
    <property name="java.specification.name" value="Java Platform API Specification"/>
    <property name="surefire.real.class.path" value="C:\Users\Rev\.m2\repository\org\apache\maven\surefire\surefire-booter\3.0.0-M5\surefire-booter-3.0.0-M5.jar;C:\Users\Rev\.m2\repository\org\apache\maven\surefire\surefire-api\3.0.0-M5\surefire-api-3.0.0-M5.jar;C:\Users\Rev\.m2\repository\org\apache\maven\surefire\surefire-logger-api\3.0.0-M5\surefire-logger-api-3.0.0-M5.jar;C:\Users\Rev\.m2\repository\org\apache\maven\surefire\surefire-shared-utils\3.0.0-M4\surefire-shared-utils-3.0.0-M4.jar;C:\Users\Rev\.m2\repository\org\apache\maven\surefire\surefire-extensions-spi\3.0.0-M5\surefire-extensions-spi-3.0.0-M5.jar;D:\alta folder\final project\web testing\target\test-classes;C:\Users\Rev\.m2\repository\net\serenity-bdd\serenity-core\3.2.1\serenity-core-3.2.1.jar;C:\Users\Rev\.m2\repository\net\serenity-bdd\serenity-model\3.2.1\serenity-model-3.2.1.jar;C:\Users\Rev\.m2\repository\org\apache\commons\commons-text\1.9\commons-text-1.9.jar;C:\Users\Rev\.m2\repository\commons-net\commons-net\3.8.0\commons-net-3.8.0.jar;C:\Users\Rev\.m2\repository\com\google\guava\guava\31.1-jre\guava-31.1-jre.jar;C:\Users\Rev\.m2\repository\com\google\guava\failureaccess\1.0.1\failureaccess-1.0.1.jar;C:\Users\Rev\.m2\repository\com\google\guava\listenablefuture\9999.0-empty-to-avoid-conflict-with-guava\listenablefuture-9999.0-empty-to-avoid-conflict-with-guava.jar;C:\Users\Rev\.m2\repository\com\google\code\findbugs\jsr305\3.0.2\jsr305-3.0.2.jar;C:\Users\Rev\.m2\repository\org\checkerframework\checker-qual\3.12.0\checker-qual-3.12.0.jar;C:\Users\Rev\.m2\repository\com\google\errorprone\error_prone_annotations\2.11.0\error_prone_annotations-2.11.0.jar;C:\Users\Rev\.m2\repository\com\google\j2objc\j2objc-annotations\1.3\j2objc-annotations-1.3.jar;C:\Users\Rev\.m2\repository\com\google\inject\guice\5.1.0\guice-5.1.0.jar;C:\Users\Rev\.m2\repository\javax\inject\javax.inject\1\javax.inject-1.jar;C:\Users\Rev\.m2\repository\aopalliance\aopalliance\1.0\aopalliance-1.0.jar;C:\Users\Rev\.m2\repository\org\jsoup\jsoup\1.14.3\jsoup-1.14.3.jar;C:\Users\Rev\.m2\repository\com\thoughtworks\xstream\xstream\1.4.19\xstream-1.4.19.jar;C:\Users\Rev\.m2\repository\io\github\x-stream\mxparser\1.2.2\mxparser-1.2.2.jar;C:\Users\Rev\.m2\repository\xmlpull\xmlpull\1.1.3.1\xmlpull-1.1.3.1.jar;C:\Users\Rev\.m2\repository\io\cucumber\cucumber-java\7.2.3\cucumber-java-7.2.3.jar;C:\Users\Rev\.m2\repository\com\typesafe\config\1.4.2\config-1.4.2.jar;C:\Users\Rev\.m2\repository\org\imgscalr\imgscalr-lib\4.2\imgscalr-lib-4.2.jar;C:\Users\Rev\.m2\repository\org\awaitility\awaitility\4.2.0\awaitility-4.2.0.jar;C:\Users\Rev\.m2\repository\org\freemarker\freemarker\2.3.31\freemarker-2.3.31.jar;C:\Users\Rev\.m2\repository\io\github\classgraph\classgraph\4.8.138\classgraph-4.8.138.jar;C:\Users\Rev\.m2\repository\net\sourceforge\jexcelapi\jxl\2.6.12\jxl-2.6.12.jar;C:\Users\Rev\.m2\repository\net\bytebuddy\byte-buddy\1.12.8\byte-buddy-1.12.8.jar;C:\Users\Rev\.m2\repository\net\bytebuddy\byte-buddy-agent\1.12.8\byte-buddy-agent-1.12.8.jar;C:\Users\Rev\.m2\repository\org\objenesis\objenesis\3.1\objenesis-3.1.jar;C:\Users\Rev\.m2\repository\net\serenity-bdd\serenity-reports\3.2.1\serenity-reports-3.2.1.jar;C:\Users\Rev\.m2\repository\net\serenity-bdd\serenity-stats\3.2.1\serenity-stats-3.2.1.jar;C:\Users\Rev\.m2\repository\net\serenity-bdd\serenity-reports-configuration\3.2.1\serenity-reports-configuration-3.2.1.jar;C:\Users\Rev\.m2\repository\com\vladsch\flexmark\flexmark-all\0.34.30\flexmark-all-0.34.30.jar;C:\Users\Rev\.m2\repository\com\vladsch\flexmark\flexmark\0.34.30\flexmark-0.34.30.jar;C:\Users\Rev\.m2\repository\com\vladsch\flexmark\flexmark-ext-abbreviation\0.34.30\flexmark-ext-abbreviation-0.34.30.jar;C:\Users\Rev\.m2\repository\com\vladsch\flexmark\flexmark-ext-admonition\0.34.30\flexmark-ext-admonition-0.34.30.jar;C:\Users\Rev\.m2\repository\com\vladsch\flexmark\flexmark-ext-anchorlink\0.34.30\flexmark-ext-anchorlink-0.34.30.jar;C:\Users\Rev\.m2\repository\com\vladsch\flexmark\flexmark-ext-aside\0.34.30\flexmark-ext-aside-0.34.30.jar;C:\Users\Rev\.m2\repository\com\vladsch\flexmark\flexmark-ext-attributes\0.34.30\flexmark-ext-attributes-0.34.30.jar;C:\Users\Rev\.m2\repository\com\vladsch\flexmark\flexmark-ext-autolink\0.34.30\flexmark-ext-autolink-0.34.30.jar;C:\Users\Rev\.m2\repository\org\nibor\autolink\autolink\0.6.0\autolink-0.6.0.jar;C:\Users\Rev\.m2\repository\com\vladsch\flexmark\flexmark-ext-definition\0.34.30\flexmark-ext-definition-0.34.30.jar;C:\Users\Rev\.m2\repository\com\vladsch\flexmark\flexmark-ext-emoji\0.34.30\flexmark-ext-emoji-0.34.30.jar;C:\Users\Rev\.m2\repository\com\vladsch\flexmark\flexmark-ext-enumerated-reference\0.34.30\flexmark-ext-enumerated-reference-0.34.30.jar;C:\Users\Rev\.m2\repository\com\vladsch\flexmark\flexmark-ext-escaped-character\0.34.30\flexmark-ext-escaped-character-0.34.30.jar;C:\Users\Rev\.m2\repository\com\vladsch\flexmark\flexmark-ext-footnotes\0.34.30\flexmark-ext-footnotes-0.34.30.jar;C:\Users\Rev\.m2\repository\com\vladsch\flexmark\flexmark-ext-gfm-issues\0.34.30\flexmark-ext-gfm-issues-0.34.30.jar;C:\Users\Rev\.m2\repository\com\vladsch\flexmark\flexmark-ext-gfm-strikethrough\0.34.30\flexmark-ext-gfm-strikethrough-0.34.30.jar;C:\Users\Rev\.m2\repository\com\vladsch\flexmark\flexmark-ext-gfm-tables\0.34.30\flexmark-ext-gfm-tables-0.34.30.jar;C:\Users\Rev\.m2\repository\com\vladsch\flexmark\flexmark-ext-gfm-tasklist\0.34.30\flexmark-ext-gfm-tasklist-0.34.30.jar;C:\Users\Rev\.m2\repository\com\vladsch\flexmark\flexmark-ext-gfm-users\0.34.30\flexmark-ext-gfm-users-0.34.30.jar;C:\Users\Rev\.m2\repository\com\vladsch\flexmark\flexmark-ext-gitlab\0.34.30\flexmark-ext-gitlab-0.34.30.jar;C:\Users\Rev\.m2\repository\com\vladsch\flexmark\flexmark-ext-jekyll-front-matter\0.34.30\flexmark-ext-jekyll-front-matter-0.34.30.jar;C:\Users\Rev\.m2\repository\com\vladsch\flexmark\flexmark-ext-jekyll-tag\0.34.30\flexmark-ext-jekyll-tag-0.34.30.jar;C:\Users\Rev\.m2\repository\com\vladsch\flexmark\flexmark-ext-media-tags\0.34.30\flexmark-ext-media-tags-0.34.30.jar;C:\Users\Rev\.m2\repository\com\vladsch\flexmark\flexmark-test-util\0.34.30\flexmark-test-util-0.34.30.jar;C:\Users\Rev\.m2\repository\com\vladsch\flexmark\flexmark-ext-ins\0.34.30\flexmark-ext-ins-0.34.30.jar;C:\Users\Rev\.m2\repository\com\vladsch\flexmark\flexmark-ext-xwiki-macros\0.34.30\flexmark-ext-xwiki-macros-0.34.30.jar;C:\Users\Rev\.m2\repository\com\vladsch\flexmark\flexmark-ext-superscript\0.34.30\flexmark-ext-superscript-0.34.30.jar;C:\Users\Rev\.m2\repository\com\vladsch\flexmark\flexmark-ext-tables\0.34.30\flexmark-ext-tables-0.34.30.jar;C:\Users\Rev\.m2\repository\com\vladsch\flexmark\flexmark-ext-toc\0.34.30\flexmark-ext-toc-0.34.30.jar;C:\Users\Rev\.m2\repository\com\vladsch\flexmark\flexmark-ext-typographic\0.34.30\flexmark-ext-typographic-0.34.30.jar;C:\Users\Rev\.m2\repository\com\vladsch\flexmark\flexmark-ext-wikilink\0.34.30\flexmark-ext-wikilink-0.34.30.jar;C:\Users\Rev\.m2\repository\com\vladsch\flexmark\flexmark-ext-yaml-front-matter\0.34.30\flexmark-ext-yaml-front-matter-0.34.30.jar;C:\Users\Rev\.m2\repository\com\vladsch\flexmark\flexmark-ext-youtube-embedded\0.34.30\flexmark-ext-youtube-embedded-0.34.30.jar;C:\Users\Rev\.m2\repository\com\vladsch\flexmark\flexmark-formatter\0.34.30\flexmark-formatter-0.34.30.jar;C:\Users\Rev\.m2\repository\com\vladsch\flexmark\flexmark-html-parser\0.34.30\flexmark-html-parser-0.34.30.jar;C:\Users\Rev\.m2\repository\com\vladsch\flexmark\flexmark-jira-converter\0.34.30\flexmark-jira-converter-0.34.30.jar;C:\Users\Rev\.m2\repository\com\vladsch\flexmark\flexmark-pdf-converter\0.34.30\flexmark-pdf-converter-0.34.30.jar;C:\Users\Rev\.m2\repository\com\openhtmltopdf\openhtmltopdf-core\0.0.1-RC13\openhtmltopdf-core-0.0.1-RC13.jar;C:\Users\Rev\.m2\repository\com\openhtmltopdf\openhtmltopdf-pdfbox\0.0.1-RC13\openhtmltopdf-pdfbox-0.0.1-RC13.jar;C:\Users\Rev\.m2\repository\org\apache\pdfbox\pdfbox\2.0.8\pdfbox-2.0.8.jar;C:\Users\Rev\.m2\repository\org\apache\pdfbox\fontbox\2.0.8\fontbox-2.0.8.jar;C:\Users\Rev\.m2\repository\commons-logging\commons-logging\1.2\commons-logging-1.2.jar;C:\Users\Rev\.m2\repository\org\apache\pdfbox\xmpbox\2.0.8\xmpbox-2.0.8.jar;C:\Users\Rev\.m2\repository\de\rototor\pdfbox\graphics2d\0.12\graphics2d-0.12.jar;C:\Users\Rev\.m2\repository\com\openhtmltopdf\openhtmltopdf-rtl-support\0.0.1-RC13\openhtmltopdf-rtl-support-0.0.1-RC13.jar;C:\Users\Rev\.m2\repository\com\ibm\icu\icu4j\59.1\icu4j-59.1.jar;C:\Users\Rev\.m2\repository\com\openhtmltopdf\openhtmltopdf-jsoup-dom-converter\0.0.1-RC13\openhtmltopdf-jsoup-dom-converter-0.0.1-RC13.jar;C:\Users\Rev\.m2\repository\com\vladsch\flexmark\flexmark-profile-pegdown\0.34.30\flexmark-profile-pegdown-0.34.30.jar;C:\Users\Rev\.m2\repository\com\vladsch\flexmark\flexmark-util\0.34.30\flexmark-util-0.34.30.jar;C:\Users\Rev\.m2\repository\com\vladsch\flexmark\flexmark-youtrack-converter\0.34.30\flexmark-youtrack-converter-0.34.30.jar;C:\Users\Rev\.m2\repository\es\nitaur\markdown\txtmark\0.16\txtmark-0.16.jar;C:\Users\Rev\.m2\repository\net\serenity-bdd\serenity-report-resources\3.2.1\serenity-report-resources-3.2.1.jar;C:\Users\Rev\.m2\repository\com\google\code\gson\gson\2.9.0\gson-2.9.0.jar;C:\Users\Rev\.m2\repository\com\fasterxml\jackson\core\jackson-core\2.13.2\jackson-core-2.13.2.jar;C:\Users\Rev\.m2\repository\com\fasterxml\jackson\core\jackson-databind\2.13.2\jackson-databind-2.13.2.jar;C:\Users\Rev\.m2\repository\com\fasterxml\jackson\core\jackson-annotations\2.13.2\jackson-annotations-2.13.2.jar;C:\Users\Rev\.m2\repository\commons-codec\commons-codec\1.15\commons-codec-1.15.jar;C:\Users\Rev\.m2\repository\commons-io\commons-io\2.11.0\commons-io-2.11.0.jar;C:\Users\Rev\.m2\repository\org\seleniumhq\selenium\selenium-java\4.1.2\selenium-java-4.1.2.jar;C:\Users\Rev\.m2\repository\org\seleniumhq\selenium\selenium-devtools-v85\4.1.2\selenium-devtools-v85-4.1.2.jar;C:\Users\Rev\.m2\repository\org\seleniumhq\selenium\selenium-devtools-v95\4.1.2\selenium-devtools-v95-4.1.2.jar;C:\Users\Rev\.m2\repository\org\seleniumhq\selenium\selenium-devtools-v96\4.1.2\selenium-devtools-v96-4.1.2.jar;C:\Users\Rev\.m2\repository\org\seleniumhq\selenium\selenium-devtools-v97\4.1.2\selenium-devtools-v97-4.1.2.jar;C:\Users\Rev\.m2\repository\org\seleniumhq\selenium\selenium-firefox-xpi-driver\4.1.2\selenium-firefox-xpi-driver-4.1.2.jar;C:\Users\Rev\.m2\repository\org\seleniumhq\selenium\selenium-opera-driver\4.1.2\selenium-opera-driver-4.1.2.jar;C:\Users\Rev\.m2\repository\org\seleniumhq\selenium\selenium-remote-driver\4.1.2\selenium-remote-driver-4.1.2.jar;C:\Users\Rev\.m2\repository\com\beust\jcommander\1.82\jcommander-1.82.jar;C:\Users\Rev\.m2\repository\io\netty\netty-buffer\4.1.73.Final\netty-buffer-4.1.73.Final.jar;C:\Users\Rev\.m2\repository\io\netty\netty-codec-http\4.1.73.Final\netty-codec-http-4.1.73.Final.jar;C:\Users\Rev\.m2\repository\io\netty\netty-codec\4.1.73.Final\netty-codec-4.1.73.Final.jar;C:\Users\Rev\.m2\repository\io\netty\netty-handler\4.1.73.Final\netty-handler-4.1.73.Final.jar;C:\Users\Rev\.m2\repository\io\netty\netty-tcnative-classes\2.0.46.Final\netty-tcnative-classes-2.0.46.Final.jar;C:\Users\Rev\.m2\repository\io\netty\netty-common\4.1.73.Final\netty-common-4.1.73.Final.jar;C:\Users\Rev\.m2\repository\io\netty\netty-transport-classes-epoll\4.1.73.Final\netty-transport-classes-epoll-4.1.73.Final.jar;C:\Users\Rev\.m2\repository\io\netty\netty-transport-classes-kqueue\4.1.73.Final\netty-transport-classes-kqueue-4.1.73.Final.jar;C:\Users\Rev\.m2\repository\io\netty\netty-transport-native-epoll\4.1.73.Final\netty-transport-native-epoll-4.1.73.Final.jar;C:\Users\Rev\.m2\repository\io\netty\netty-transport-native-kqueue\4.1.73.Final\netty-transport-native-kqueue-4.1.73.Final.jar;C:\Users\Rev\.m2\repository\io\netty\netty-transport-native-unix-common\4.1.73.Final\netty-transport-native-unix-common-4.1.73.Final.jar;C:\Users\Rev\.m2\repository\io\netty\netty-transport\4.1.73.Final\netty-transport-4.1.73.Final.jar;C:\Users\Rev\.m2\repository\io\netty\netty-resolver\4.1.73.Final\netty-resolver-4.1.73.Final.jar;C:\Users\Rev\.m2\repository\io\opentelemetry\opentelemetry-api\1.10.1\opentelemetry-api-1.10.1.jar;C:\Users\Rev\.m2\repository\io\opentelemetry\opentelemetry-context\1.10.1\opentelemetry-context-1.10.1.jar;C:\Users\Rev\.m2\repository\io\opentelemetry\opentelemetry-exporter-logging\1.10.1\opentelemetry-exporter-logging-1.10.1.jar;C:\Users\Rev\.m2\repository\io\opentelemetry\opentelemetry-sdk-metrics\1.10.1-alpha\opentelemetry-sdk-metrics-1.10.1-alpha.jar;C:\Users\Rev\.m2\repository\io\opentelemetry\opentelemetry-sdk-logs\1.10.1-alpha\opentelemetry-sdk-logs-1.10.1-alpha.jar;C:\Users\Rev\.m2\repository\io\opentelemetry\opentelemetry-sdk-common\1.10.1\opentelemetry-sdk-common-1.10.1.jar;C:\Users\Rev\.m2\repository\io\opentelemetry\opentelemetry-sdk-extension-autoconfigure-spi\1.10.1\opentelemetry-sdk-extension-autoconfigure-spi-1.10.1.jar;C:\Users\Rev\.m2\repository\io\opentelemetry\opentelemetry-sdk-extension-autoconfigure\1.10.1-alpha\opentelemetry-sdk-extension-autoconfigure-1.10.1-alpha.jar;C:\Users\Rev\.m2\repository\io\opentelemetry\opentelemetry-sdk-trace\1.10.1\opentelemetry-sdk-trace-1.10.1.jar;C:\Users\Rev\.m2\repository\io\opentelemetry\opentelemetry-sdk\1.10.1\opentelemetry-sdk-1.10.1.jar;C:\Users\Rev\.m2\repository\io\opentelemetry\opentelemetry-semconv\1.10.1-alpha\opentelemetry-semconv-1.10.1-alpha.jar;C:\Users\Rev\.m2\repository\io\ous\jtoml\2.0.0\jtoml-2.0.0.jar;C:\Users\Rev\.m2\repository\org\apache\commons\commons-exec\1.3\commons-exec-1.3.jar;C:\Users\Rev\.m2\repository\org\asynchttpclient\async-http-client\2.12.3\async-http-client-2.12.3.jar;C:\Users\Rev\.m2\repository\org\asynchttpclient\async-http-client-netty-utils\2.12.3\async-http-client-netty-utils-2.12.3.jar;C:\Users\Rev\.m2\repository\io\netty\netty-codec-socks\4.1.60.Final\netty-codec-socks-4.1.60.Final.jar;C:\Users\Rev\.m2\repository\io\netty\netty-handler-proxy\4.1.60.Final\netty-handler-proxy-4.1.60.Final.jar;C:\Users\Rev\.m2\repository\io\netty\netty-transport-native-epoll\4.1.60.Final\netty-transport-native-epoll-4.1.60.Final-linux-x86_64.jar;C:\Users\Rev\.m2\repository\io\netty\netty-transport-native-kqueue\4.1.60.Final\netty-transport-native-kqueue-4.1.60.Final-osx-x86_64.jar;C:\Users\Rev\.m2\repository\org\reactivestreams\reactive-streams\1.0.3\reactive-streams-1.0.3.jar;C:\Users\Rev\.m2\repository\com\typesafe\netty\netty-reactive-streams\2.0.4\netty-reactive-streams-2.0.4.jar;C:\Users\Rev\.m2\repository\org\seleniumhq\selenium\selenium-http\4.1.2\selenium-http-4.1.2.jar;C:\Users\Rev\.m2\repository\net\jodah\failsafe\2.4.4\failsafe-2.4.4.jar;C:\Users\Rev\.m2\repository\org\seleniumhq\selenium\selenium-safari-driver\4.1.2\selenium-safari-driver-4.1.2.jar;C:\Users\Rev\.m2\repository\org\seleniumhq\selenium\selenium-api\4.1.2\selenium-api-4.1.2.jar;C:\Users\Rev\.m2\repository\org\seleniumhq\selenium\selenium-support\4.1.2\selenium-support-4.1.2.jar;C:\Users\Rev\.m2\repository\com\google\auto\service\auto-service-annotations\1.0.1\auto-service-annotations-1.0.1.jar;C:\Users\Rev\.m2\repository\com\google\auto\service\auto-service\1.0.1\auto-service-1.0.1.jar;C:\Users\Rev\.m2\repository\com\google\auto\auto-common\1.2\auto-common-1.2.jar;C:\Users\Rev\.m2\repository\org\seleniumhq\selenium\selenium-json\4.1.2\selenium-json-4.1.2.jar;C:\Users\Rev\.m2\repository\org\seleniumhq\selenium\selenium-chrome-driver\4.1.2\selenium-chrome-driver-4.1.2.jar;C:\Users\Rev\.m2\repository\org\seleniumhq\selenium\selenium-chromium-driver\4.1.2\selenium-chromium-driver-4.1.2.jar;C:\Users\Rev\.m2\repository\org\seleniumhq\selenium\selenium-firefox-driver\4.1.2\selenium-firefox-driver-4.1.2.jar;C:\Users\Rev\.m2\repository\org\seleniumhq\selenium\selenium-edge-driver\4.1.2\selenium-edge-driver-4.1.2.jar;C:\Users\Rev\.m2\repository\org\seleniumhq\selenium\selenium-ie-driver\4.1.2\selenium-ie-driver-4.1.2.jar;C:\Users\Rev\.m2\repository\org\projectlombok\lombok\1.18.20\lombok-1.18.20.jar;C:\Users\Rev\.m2\repository\io\appium\java-client\8.0.0\java-client-8.0.0.jar;C:\Users\Rev\.m2\repository\commons-validator\commons-validator\1.7\commons-validator-1.7.jar;C:\Users\Rev\.m2\repository\commons-digester\commons-digester\2.1\commons-digester-2.1.jar;C:\Users\Rev\.m2\repository\org\aspectj\aspectjweaver\1.9.8\aspectjweaver-1.9.8.jar;C:\Users\Rev\.m2\repository\org\codehaus\groovy\groovy\3.0.10\groovy-3.0.10.jar;C:\Users\Rev\.m2\repository\net\sf\opencsv\opencsv\2.0\opencsv-2.0.jar;C:\Users\Rev\.m2\repository\commons-beanutils\commons-beanutils\1.9.4\commons-beanutils-1.9.4.jar;C:\Users\Rev\.m2\repository\org\apache\commons\commons-lang3\3.12.0\commons-lang3-3.12.0.jar;C:\Users\Rev\.m2\repository\commons-collections\commons-collections\3.2.2\commons-collections-3.2.2.jar;C:\Users\Rev\.m2\repository\org\fluentlenium\fluentlenium-core\0.10.2\fluentlenium-core-0.10.2.jar;C:\Users\Rev\.m2\repository\io\github\bonigarcia\webdrivermanager\5.1.0\webdrivermanager-5.1.0.jar;C:\Users\Rev\.m2\repository\com\github\docker-java\docker-java\3.2.13\docker-java-3.2.13.jar;C:\Users\Rev\.m2\repository\com\github\docker-java\docker-java-core\3.2.13\docker-java-core-3.2.13.jar;C:\Users\Rev\.m2\repository\com\github\docker-java\docker-java-api\3.2.13\docker-java-api-3.2.13.jar;C:\Users\Rev\.m2\repository\org\apache\commons\commons-compress\1.21\commons-compress-1.21.jar;C:\Users\Rev\.m2\repository\org\bouncycastle\bcpkix-jdk15on\1.64\bcpkix-jdk15on-1.64.jar;C:\Users\Rev\.m2\repository\org\bouncycastle\bcprov-jdk15on\1.64\bcprov-jdk15on-1.64.jar;C:\Users\Rev\.m2\repository\org\slf4j\jcl-over-slf4j\1.7.30\jcl-over-slf4j-1.7.30.jar;C:\Users\Rev\.m2\repository\com\github\docker-java\docker-java-transport-httpclient5\3.2.13\docker-java-transport-httpclient5-3.2.13.jar;C:\Users\Rev\.m2\repository\com\github\docker-java\docker-java-transport\3.2.13\docker-java-transport-3.2.13.jar;C:\Users\Rev\.m2\repository\org\apache\httpcomponents\client5\httpclient5\5.0.3\httpclient5-5.0.3.jar;C:\Users\Rev\.m2\repository\org\apache\httpcomponents\core5\httpcore5\5.0.2\httpcore5-5.0.2.jar;C:\Users\Rev\.m2\repository\net\java\dev\jna\jna\5.8.0\jna-5.8.0.jar;C:\Users\Rev\.m2\repository\org\brotli\dec\0.1.2\dec-0.1.2.jar;C:\Users\Rev\.m2\repository\com\jhlabs\filters\2.0.235\filters-2.0.235.jar;C:\Users\Rev\.m2\repository\com\paulhammant\ngwebdriver\1.1.6\ngwebdriver-1.1.6.jar;C:\Users\Rev\.m2\repository\joda-time\joda-time\2.8.2\joda-time-2.8.2.jar;C:\Users\Rev\.m2\repository\org\hamcrest\hamcrest\2.2\hamcrest-2.2.jar;C:\Users\Rev\.m2\repository\com\google\jimfs\jimfs\1.2\jimfs-1.2.jar;C:\Users\Rev\.m2\repository\org\mockito\mockito-core\3.3.3\mockito-core-3.3.3.jar;C:\Users\Rev\.m2\repository\javax\xml\bind\jaxb-api\2.3.1\jaxb-api-2.3.1.jar;C:\Users\Rev\.m2\repository\javax\activation\javax.activation-api\1.2.0\javax.activation-api-1.2.0.jar;C:\Users\Rev\.m2\repository\com\sun\xml\bind\jaxb-core\2.3.0.1\jaxb-core-2.3.0.1.jar;C:\Users\Rev\.m2\repository\com\sun\xml\bind\jaxb-impl\2.3.3\jaxb-impl-2.3.3.jar;C:\Users\Rev\.m2\repository\jakarta\xml\bind\jakarta.xml.bind-api\2.3.3\jakarta.xml.bind-api-2.3.3.jar;C:\Users\Rev\.m2\repository\com\sun\activation\jakarta.activation\1.2.2\jakarta.activation-1.2.2.jar;C:\Users\Rev\.m2\repository\javax\activation\activation\1.1.1\activation-1.1.1.jar;C:\Users\Rev\.m2\repository\net\serenity-bdd\serenity-cucumber\3.2.1\serenity-cucumber-3.2.1.jar;C:\Users\Rev\.m2\repository\io\cucumber\cucumber-core\7.2.3\cucumber-core-7.2.3.jar;C:\Users\Rev\.m2\repository\io\cucumber\cucumber-gherkin\7.2.3\cucumber-gherkin-7.2.3.jar;C:\Users\Rev\.m2\repository\io\cucumber\cucumber-gherkin-messages\7.2.3\cucumber-gherkin-messages-7.2.3.jar;C:\Users\Rev\.m2\repository\io\cucumber\messages\17.1.1\messages-17.1.1.jar;C:\Users\Rev\.m2\repository\io\cucumber\tag-expressions\4.1.0\tag-expressions-4.1.0.jar;C:\Users\Rev\.m2\repository\io\cucumber\cucumber-expressions\15.0.1\cucumber-expressions-15.0.1.jar;C:\Users\Rev\.m2\repository\io\cucumber\datatable\7.2.3\datatable-7.2.3.jar;C:\Users\Rev\.m2\repository\io\cucumber\cucumber-plugin\7.2.3\cucumber-plugin-7.2.3.jar;C:\Users\Rev\.m2\repository\io\cucumber\docstring\7.2.3\docstring-7.2.3.jar;C:\Users\Rev\.m2\repository\io\cucumber\html-formatter\17.0.0\html-formatter-17.0.0.jar;C:\Users\Rev\.m2\repository\io\cucumber\ci-environment\8.1.0\ci-environment-8.1.0.jar;C:\Users\Rev\.m2\repository\io\cucumber\cucumber-junit\7.2.3\cucumber-junit-7.2.3.jar;C:\Users\Rev\.m2\repository\org\apache\commons\commons-csv\1.5\commons-csv-1.5.jar;C:\Users\Rev\.m2\repository\net\serenity-bdd\serenity-screenplay\3.2.1\serenity-screenplay-3.2.1.jar;C:\Users\Rev\.m2\repository\net\serenity-bdd\serenity-screenplay-webdriver\3.2.1\serenity-screenplay-webdriver-3.2.1.jar;C:\Users\Rev\.m2\repository\net\serenity-bdd\serenity-ensure\3.2.1\serenity-ensure-3.2.1.jar;C:\Users\Rev\.m2\repository\net\serenity-bdd\serenity-junit\3.2.1\serenity-junit-3.2.1.jar;C:\Users\Rev\.m2\repository\org\jetbrains\kotlin\kotlin-stdlib\1.6.0\kotlin-stdlib-1.6.0.jar;C:\Users\Rev\.m2\repository\org\jetbrains\annotations\13.0\annotations-13.0.jar;C:\Users\Rev\.m2\repository\org\jetbrains\kotlin\kotlin-stdlib-common\1.6.0\kotlin-stdlib-common-1.6.0.jar;C:\Users\Rev\.m2\repository\org\junit\platform\junit-platform-launcher\1.8.1\junit-platform-launcher-1.8.1.jar;C:\Users\Rev\.m2\repository\org\junit\platform\junit-platform-engine\1.8.1\junit-platform-engine-1.8.1.jar;C:\Users\Rev\.m2\repository\org\opentest4j\opentest4j\1.2.0\opentest4j-1.2.0.jar;C:\Users\Rev\.m2\repository\org\junit\platform\junit-platform-commons\1.8.1\junit-platform-commons-1.8.1.jar;C:\Users\Rev\.m2\repository\org\apiguardian\apiguardian-api\1.1.2\apiguardian-api-1.1.2.jar;C:\Users\Rev\.m2\repository\org\junit\jupiter\junit-jupiter-engine\5.8.2\junit-jupiter-engine-5.8.2.jar;C:\Users\Rev\.m2\repository\org\junit\jupiter\junit-jupiter-api\5.8.2\junit-jupiter-api-5.8.2.jar;C:\Users\Rev\.m2\repository\org\junit\vintage\junit-vintage-engine\5.8.2\junit-vintage-engine-5.8.2.jar;C:\Users\Rev\.m2\repository\junit\junit\4.13.2\junit-4.13.2.jar;C:\Users\Rev\.m2\repository\org\hamcrest\hamcrest-core\1.3\hamcrest-core-1.3.jar;C:\Users\Rev\.m2\repository\ch\qos\logback\logback-classic\1.2.10\logback-classic-1.2.10.jar;C:\Users\Rev\.m2\repository\ch\qos\logback\logback-core\1.2.10\logback-core-1.2.10.jar;C:\Users\Rev\.m2\repository\org\slf4j\slf4j-api\1.7.32\slf4j-api-1.7.32.jar;C:\Users\Rev\.m2\repository\org\assertj\assertj-core\3.6.2\assertj-core-3.6.2.jar;C:\Users\Rev\.m2\repository\org\apache\maven\surefire\surefire-junit-platform\3.0.0-M5\surefire-junit-platform-3.0.0-M5.jar;C:\Users\Rev\.m2\repository\org\apache\maven\surefire\common-java5\3.0.0-M5\common-java5-3.0.0-M5.jar"/>
    <property name="user.script" value=""/>
    <property name="java.protocol.handler.pkgs" value="com.google.common"/>
    <property name="sun.management.compiler" value="HotSpot 64-Bit Tiered Compilers"/>
    <property name="java.runtime.version" value="17.0.2+8-LTS-86"/>
    <property name="user.name" value="Rev"/>
    <property name="path.separator" value=";"/>
    <property name="os.version" value="10.0"/>
    <property name="java.runtime.name" value="Java(TM) SE Runtime Environment"/>
    <property name="file.encoding" value="Cp1252"/>
    <property name="webdriver.base.url" value=""/>
    <property name="java.vm.name" value="Java HotSpot(TM) 64-Bit Server VM"/>
    <property name="localRepository" value="C:\Users\Rev\.m2\repository"/>
    <property name="java.vendor.url.bug" value="https://bugreport.java.com/bugreport/"/>
    <property name="java.io.tmpdir" value="C:\Users\Rev\AppData\Local\Temp\"/>
    <property name="java.version" value="17.0.2"/>
    <property name="user.dir" value="D:\alta folder\final project\web testing"/>
    <property name="os.arch" value="amd64"/>
    <property name="java.vm.specification.name" value="Java Virtual Machine Specification"/>
    <property name="sun.os.patch.level" value=""/>
    <property name="native.encoding" value="Cp1252"/>
    <property name="java.library.path" value="C:\Program Files\Java\jdk-17.0.2\bin;C:\Windows\Sun\Java\bin;C:\Windows\system32;C:\Windows;C:\Program Files\Common Files\Oracle\Java\javapath;C:\Windows\system32;C:\Windows;C:\Windows\System32\Wbem;C:\Windows\System32\WindowsPowerShell\v1.0\;C:\Windows\System32\OpenSSH\;C:\Program Files (x86)\dotnet\;C:\Program Files\NVIDIA Corporation\NVIDIA NvDLISR;C:\Program Files\MATLAB\R2017a\runtime\win64;C:\Program Files\MATLAB\R2017a\bin;C:\Program Files (x86)\NVIDIA Corporation\PhysX\Common;C:\Program Files\Git\cmd;C:\Program Files\apache-maven-3.8.5\bin;C:\Program Files\nodejs\;C:\Users\Rev\AppData\Local\Android\Sdk\platform-tools;C:\Program Files\Microsoft SQL Server\110\Tools\Binn\;C:\Users\Rev\AppData\Local\Microsoft\WindowsApps;;C:\IntelliJ IDEA Community Edition 2021.3.2\bin;;C:\Users\Rev\AppData\Roaming\npm;."/>
    <property name="java.vm.info" value="mixed mode"/>
    <property name="java.vendor" value="Oracle Corporation"/>
    <property name="java.vm.version" value="17.0.2+8-LTS-86"/>
    <property name="sun.io.unicode.encoding" value="UnicodeLittle"/>
    <property name="java.class.version" value="61.0"/>
  </properties>
  <testcase name="user see detail or rating tensi darah elektrik" classname="user can see detail or rating tensi darah elektrik" time="12.303">
    <system-out><![CDATA[12:21:52.147 [main] INFO io.cucumber.core.plugin.SerenityReporter - Running feature from file:///D:/alta%20folder/final%20project/web%20testing/src/test/resources/features/Detail.feature
12:21:52.358 [main] INFO  - 

-------------------------------------------------------------------------------------
     _______. _______ .______       _______ .__   __.  __  .___________.____    ____ 
    /       ||   ____||   _  \     |   ____||  \ |  | |  | |           |\   \  /   / 
   |   (----`|  |__   |  |_)  |    |  |__   |   \|  | |  | `---|  |----` \   \/   /  
    \   \    |   __|  |      /     |   __|  |  . `  | |  |     |  |       \_    _/   
.----)   |   |  |____ |  |\  \----.|  |____ |  |\   | |  |     |  |         |  |     
|_______/    |_______|| _| `._____||_______||__| \__| |__|     |__|         |__|    
                                                                                     
 News and tutorials at http://www.serenity-bdd.info                                  
 Documentation at https://wakaleo.gitbooks.io/the-serenity-book/content/             
 Join the Serenity Community on Gitter: https://gitter.im/serenity-bdd/serenity-core 
 Serenity BDD Support and Training at http://serenity-bdd.info/#/trainingandsupport  
-------------------------------------------------------------------------------------

12:21:52.361 [main] DEBUG net.thucydides.core.steps.StepEventBus - Test suite started for story net.thucydides.core.model.Story@4cd0f758
12:21:52.364 [main] INFO  - Test Suite Started: user can see detail or rating tensi darah elektrik
12:21:52.380 [main] INFO io.cucumber.core.plugin.SerenityReporter - Running feature from file:///D:/alta%20folder/final%20project/web%20testing/src/test/resources/features/Login.feature
12:21:52.386 [main] DEBUG net.thucydides.core.steps.StepEventBus - Test suite started for story net.thucydides.core.model.Story@1b3af7fc
12:21:52.386 [main] INFO  - Test Suite Started: As a user, I want to see home page, So that i can buy books
12:21:52.386 [main] INFO io.cucumber.core.plugin.SerenityReporter - Running feature from file:///D:/alta%20folder/final%20project/web%20testing/src/test/resources/features/Order.feature
12:21:52.389 [main] DEBUG net.thucydides.core.steps.StepEventBus - Test suite started for story net.thucydides.core.model.Story@3c90562e
12:21:52.390 [main] INFO  - Test Suite Started: As user I want to order “tensi darah elektrik”
12:21:52.391 [main] INFO io.cucumber.core.plugin.SerenityReporter - Running feature from file:///D:/alta%20folder/final%20project/web%20testing/src/test/resources/features/Register.feature
12:21:52.395 [main] DEBUG net.thucydides.core.steps.StepEventBus - Test suite started for story net.thucydides.core.model.Story@506a188d
12:21:52.395 [main] INFO  - Test Suite Started: As a user i want to register for my account so that i can go shop
12:21:52.396 [main] INFO io.cucumber.core.plugin.SerenityReporter - Running feature from file:///D:/alta%20folder/final%20project/web%20testing/src/test/resources/features/SelectCategory.feature
12:21:52.399 [main] DEBUG net.thucydides.core.steps.StepEventBus - Test suite started for story net.thucydides.core.model.Story@64a97f89
12:21:52.400 [main] INFO  - Test Suite Started: as a user choose the desired category such as the health category
12:21:52.400 [main] INFO io.cucumber.core.plugin.SerenityReporter - Running feature from file:///D:/alta%20folder/final%20project/web%20testing/src/test/resources/features/Detail.feature
12:21:52.403 [main] DEBUG net.thucydides.core.steps.StepEventBus - Test suite started for story net.thucydides.core.model.Story@4cd0f758
12:21:52.404 [main] INFO  - Test Suite Started: user can see detail or rating tensi darah elektrik

Scenario: user see detail or rating tensi darah elektrik &amp#27;[90m# src/test/resources/features/Detail.feature:3&amp#27;[0m
12:21:52.502 [main] INFO io.cucumber.core.plugin.SerenityReporter - Running feature from file:///D:/alta%20folder/final%20project/web%20testing/src/test/resources/features/Detail.feature
12:21:52.607 [main] INFO  - 
  _____   ___   ___   _____     ___   _____     _     ___   _____   ___   ___  
 |_   _| | __| / __| |_   _|   / __| |_   _|   /_\   | _ \ |_   _| | __| |   \ 
   | |   | _|  \__ \   | |     \__ \   | |    / _ \  |   /   | |   | _|  | |) |
   |_|   |___| |___/   |_|     |___/   |_|   /_/ \_\ |_|_\   |_|   |___| |___/ 

user see detail or rating tensi darah elektrik(user-can-see-detail-or-rating-tensi-darah-elektrik;user-see-detail-or-rating-tensi-darah-elektrik)
--------------------------------------------------------------------------------
12:21:53.283 [main] DEBUG net.thucydides.core.steps.StepInterceptor - STARTING STEP: DetailSteps.useronhomepage - openPage
12:21:53.323 [main] INFO net.serenitybdd.core.webdriver.driverproviders.ChromeDriverProvider - Using automatically driver download
12:21:54.066 [main] DEBUG io.github.bonigarcia.wdm.cache.ResolutionCache - Resolution chrome=101 in cache (valid until 13:12:06 11/05/2022 WITA)
12:21:54.072 [main] DEBUG io.github.bonigarcia.wdm.cache.ResolutionCache - Resolution chrome101=101.0.4951.41 in cache (valid until 21:51:26 11/05/2022 WITA)
12:21:54.074 [main] INFO io.github.bonigarcia.wdm.WebDriverManager - Using chromedriver 101.0.4951.41 (resolved driver for Chrome 101)
12:21:54.092 [main] DEBUG io.github.bonigarcia.wdm.WebDriverManager - Driver chromedriver 101.0.4951.41 found in cache
12:21:54.093 [main] INFO io.github.bonigarcia.wdm.WebDriverManager - Exporting webdriver.chrome.driver as C:\Users\Rev\.cache\selenium\chromedriver\win32\101.0.4951.41\chromedriver.exe
12:21:54.841 [main] DEBUG net.thucydides.core.reflection.ClassFinder - Could not load class .starter.CucumberTestSuite
12:21:54.841 [main] DEBUG net.thucydides.core.reflection.ClassFinder - Could not load class .starter.definitions.DetailSteps
12:21:54.841 [main] DEBUG net.thucydides.core.reflection.ClassFinder - Could not load class .starter.definitions.LoginSteps
12:21:54.841 [main] DEBUG net.thucydides.core.reflection.ClassFinder - Could not load class .starter.definitions.OrderSteps
12:21:54.841 [main] DEBUG net.thucydides.core.reflection.ClassFinder - Could not load class .starter.definitions.RegisterSteps
12:21:54.841 [main] DEBUG net.thucydides.core.reflection.ClassFinder - Could not load class .starter.definitions.SelectCategorySteps
12:21:54.841 [main] DEBUG net.thucydides.core.reflection.ClassFinder - Could not load class .starter.pages.DetailPage
12:21:54.842 [main] DEBUG net.thucydides.core.reflection.ClassFinder - Could not load class .starter.pages.HomePage
12:21:54.842 [main] DEBUG net.thucydides.core.reflection.ClassFinder - Could not load class .starter.pages.LoginPage
12:21:54.842 [main] DEBUG net.thucydides.core.reflection.ClassFinder - Could not load class .starter.pages.OrderPage
12:21:54.842 [main] DEBUG net.thucydides.core.reflection.ClassFinder - Could not load class .starter.pages.RegisterPage
12:21:54.842 [main] DEBUG net.thucydides.core.reflection.ClassFinder - Could not load class .starter.pages.SelectCategoryPage
12:21:54.843 [main] DEBUG net.thucydides.core.reflection.ClassFinder - Could not load class META-INF.versions.9.com.sun.istack.logging.StackHelper
12:21:54.844 [main] DEBUG net.thucydides.core.reflection.ClassFinder - Could not load class META-INF.versions.9.com.sun.xml.bind.v2.runtime.reflect.opt.AccessorInjector
12:21:54.844 [main] DEBUG net.thucydides.core.reflection.ClassFinder - Could not load class META-INF.versions.9.com.sun.xml.bind.v2.runtime.reflect.opt.Injector
12:21:54.844 [main] DEBUG net.thucydides.core.reflection.ClassFinder - Could not load class META-INF.versions.9.com.sun.xml.bind.v2.runtime.reflect.opt.OptimizedAccessorFactory
12:21:54.845 [main] DEBUG net.thucydides.core.reflection.ClassFinder - Could not load class META-INF.versions.9.com.sun.xml.bind.v2.runtime.reflect.opt.OptimizedTransducedAccessorFactory
12:21:54.845 [main] DEBUG net.thucydides.core.reflection.ClassFinder - Could not load class META-INF.versions.9.io.opentelemetry.sdk.internal.CurrentJavaVersionSpecific
12:21:54.845 [main] DEBUG net.thucydides.core.reflection.ClassFinder - Could not load class META-INF.versions.9.io.opentelemetry.sdk.internal.Java9VersionSpecific
12:21:54.846 [main] DEBUG net.thucydides.core.reflection.ClassFinder - Could not load class META-INF.versions.9.javax.xml.bind.ModuleUtil
12:21:54.846 [main] DEBUG net.thucydides.core.reflection.ClassFinder - Could not load class META-INF.versions.9.module-info
12:21:54.847 [main] DEBUG net.thucydides.core.reflection.ClassFinder - Could not load class META-INF.versions.9.org.junit.platform.commons.util.ModuleUtils
12:21:55.191 [main] DEBUG net.thucydides.core.reflection.ClassFinder - Could not load class com.google.gson.internal.
12:21:55.362 [main] DEBUG net.thucydides.core.reflection.ClassFinder - Could not load class com.sun.xml.bind.v2.runtime.output.FastInfosetStreamWriterOutput
12:21:55.826 [main] DEBUG net.thucydides.core.reflection.ClassFinder - Could not load class module-info
12:21:58.672 [main] DEBUG io.netty.util.internal.logging.InternalLoggerFactory - Using SLF4J as the default logging framework
12:21:58.674 [main] DEBUG io.netty.util.ResourceLeakDetector - -Dio.netty.leakDetection.level: simple
12:21:58.675 [main] DEBUG io.netty.util.ResourceLeakDetector - -Dio.netty.leakDetection.targetRecords: 4
12:21:58.678 [main] DEBUG io.netty.util.ResourceLeakDetectorFactory - Loaded default ResourceLeakDetector: io.netty.util.ResourceLeakDetector@5a96081a
12:21:58.697 [main] DEBUG io.netty.util.internal.PlatformDependent0 - -Dio.netty.noUnsafe: false
12:21:58.697 [main] DEBUG io.netty.util.internal.PlatformDependent0 - Java version: 17
12:21:58.698 [main] DEBUG io.netty.util.internal.PlatformDependent0 - sun.misc.Unsafe.theUnsafe: available
12:21:58.698 [main] DEBUG io.netty.util.internal.PlatformDependent0 - sun.misc.Unsafe.copyMemory: available
12:21:58.699 [main] DEBUG io.netty.util.internal.PlatformDependent0 - java.nio.Buffer.address: available
12:21:58.699 [main] DEBUG io.netty.util.internal.PlatformDependent0 - direct buffer constructor: unavailable: Reflective setAccessible(true) disabled
12:21:58.700 [main] DEBUG io.netty.util.internal.PlatformDependent0 - java.nio.Bits.unaligned: available, true
12:21:58.701 [main] DEBUG io.netty.util.internal.PlatformDependent0 - jdk.internal.misc.Unsafe.allocateUninitializedArray(int): unavailable: class io.netty.util.internal.PlatformDependent0$6 cannot access class jdk.internal.misc.Unsafe (in module java.base) because module java.base does not export jdk.internal.misc to unnamed module @e7edb54
12:21:58.702 [main] DEBUG io.netty.util.internal.PlatformDependent0 - java.nio.DirectByteBuffer.<init>(long, int): unavailable
12:21:58.703 [main] DEBUG io.netty.util.internal.PlatformDependent - sun.misc.Unsafe: available
12:21:58.704 [main] DEBUG io.netty.util.internal.PlatformDependent - maxDirectMemory: 4276092928 bytes (maybe)
12:21:58.705 [main] DEBUG io.netty.util.internal.PlatformDependent - -Dio.netty.tmpdir: C:\Users\Rev\AppData\Local\Temp (java.io.tmpdir)
12:21:58.705 [main] DEBUG io.netty.util.internal.PlatformDependent - -Dio.netty.bitMode: 64 (sun.arch.data.model)
12:21:58.705 [main] DEBUG io.netty.util.internal.PlatformDependent - Platform: Windows
12:21:58.706 [main] DEBUG io.netty.util.internal.PlatformDependent - -Dio.netty.maxDirectMemory: -1 bytes
12:21:58.706 [main] DEBUG io.netty.util.internal.PlatformDependent - -Dio.netty.uninitializedArrayAllocationThreshold: -1
12:21:58.707 [main] DEBUG io.netty.util.internal.CleanerJava9 - java.nio.ByteBuffer.cleaner(): available
12:21:58.707 [main] DEBUG io.netty.util.internal.PlatformDependent - -Dio.netty.noPreferDirect: false
12:21:58.715 [main] DEBUG io.netty.util.internal.PlatformDependent - org.jctools-core.MpscChunkedArrayQueue: available
12:21:58.741 [main] DEBUG io.netty.util.internal.InternalThreadLocalMap - -Dio.netty.threadLocalMap.stringBuilder.initialSize: 1024
12:21:58.741 [main] DEBUG io.netty.util.internal.InternalThreadLocalMap - -Dio.netty.threadLocalMap.stringBuilder.maxSize: 4096
12:21:58.806 [main] DEBUG io.netty.handler.ssl.JdkSslContext - Default protocols (JDK): [TLSv1.3, TLSv1.2] 
12:21:58.806 [main] DEBUG io.netty.handler.ssl.JdkSslContext - Default cipher suites (JDK): [TLS_ECDHE_ECDSA_WITH_AES_256_GCM_SHA384, TLS_ECDHE_ECDSA_WITH_AES_128_GCM_SHA256, TLS_ECDHE_RSA_WITH_AES_128_GCM_SHA256, TLS_ECDHE_RSA_WITH_AES_256_GCM_SHA384, TLS_ECDHE_RSA_WITH_AES_128_CBC_SHA, TLS_ECDHE_RSA_WITH_AES_256_CBC_SHA, TLS_RSA_WITH_AES_128_GCM_SHA256, TLS_RSA_WITH_AES_128_CBC_SHA, TLS_RSA_WITH_AES_256_CBC_SHA, TLS_AES_128_GCM_SHA256, TLS_AES_256_GCM_SHA384]
12:21:58.834 [main] DEBUG io.netty.channel.MultithreadEventLoopGroup - -Dio.netty.eventLoopThreads: 24
12:21:58.862 [main] DEBUG io.netty.channel.nio.NioEventLoop - -Dio.netty.noKeySetOptimization: false
12:21:58.862 [main] DEBUG io.netty.channel.nio.NioEventLoop - -Dio.netty.selectorAutoRebuildThreshold: 512
12:21:58.954 [main] DEBUG io.netty.buffer.PooledByteBufAllocator - -Dio.netty.allocator.numHeapArenas: 24
12:21:58.954 [main] DEBUG io.netty.buffer.PooledByteBufAllocator - -Dio.netty.allocator.numDirectArenas: 24
12:21:58.954 [main] DEBUG io.netty.buffer.PooledByteBufAllocator - -Dio.netty.allocator.pageSize: 8192
12:21:58.954 [main] DEBUG io.netty.buffer.PooledByteBufAllocator - -Dio.netty.allocator.maxOrder: 11
12:21:58.954 [main] DEBUG io.netty.buffer.PooledByteBufAllocator - -Dio.netty.allocator.chunkSize: 16777216
12:21:58.954 [main] DEBUG io.netty.buffer.PooledByteBufAllocator - -Dio.netty.allocator.smallCacheSize: 256
12:21:58.954 [main] DEBUG io.netty.buffer.PooledByteBufAllocator - -Dio.netty.allocator.normalCacheSize: 64
12:21:58.954 [main] DEBUG io.netty.buffer.PooledByteBufAllocator - -Dio.netty.allocator.maxCachedBufferCapacity: 32768
12:21:58.954 [main] DEBUG io.netty.buffer.PooledByteBufAllocator - -Dio.netty.allocator.cacheTrimInterval: 8192
12:21:58.954 [main] DEBUG io.netty.buffer.PooledByteBufAllocator - -Dio.netty.allocator.cacheTrimIntervalMillis: 0
12:21:58.954 [main] DEBUG io.netty.buffer.PooledByteBufAllocator - -Dio.netty.allocator.useCacheForAllThreads: true
12:21:58.954 [main] DEBUG io.netty.buffer.PooledByteBufAllocator - -Dio.netty.allocator.maxCachedByteBuffersPerChunk: 1023
12:21:58.966 [main] DEBUG io.netty.buffer.ByteBufUtil - -Dio.netty.allocator.type: pooled
12:21:58.967 [main] DEBUG io.netty.buffer.ByteBufUtil - -Dio.netty.threadLocalDirectBufferSize: 0
12:21:58.967 [main] DEBUG io.netty.buffer.ByteBufUtil - -Dio.netty.maxThreadLocalCharBufferSize: 16384
12:21:59.196 [main] DEBUG net.serenitybdd.core.webdriver.driverproviders.ProvideNewDriver - Instantiating driver
12:21:59.196 [main] DEBUG net.serenitybdd.core.webdriver.driverproviders.ProvideNewDriver - Driver capabilities: Capabilities {acceptInsecureCerts: false, base.url: https://qa.alta.id, browserName: chrome, chrome.driver: webdriver/chromedriver.exe, driver: chrome, goog:chromeOptions: {args: [], extensions: []}}
12:21:59.583 [Forwarding newSession on session null to remote] DEBUG io.netty.channel.DefaultChannelId - -Dio.netty.processId: 3316 (auto-detected)
12:21:59.585 [Forwarding newSession on session null to remote] DEBUG io.netty.util.NetUtil - -Djava.net.preferIPv4Stack: false
12:21:59.585 [Forwarding newSession on session null to remote] DEBUG io.netty.util.NetUtil - -Djava.net.preferIPv6Addresses: false
12:21:59.592 [Forwarding newSession on session null to remote] DEBUG io.netty.util.NetUtilInitializations - Loopback interface: lo (Software Loopback Interface 1, 127.0.0.1)
12:21:59.594 [Forwarding newSession on session null to remote] DEBUG io.netty.util.NetUtil - Failed to get SOMAXCONN from sysctl and file \proc\sys\net\core\somaxconn. Default: 200
12:21:59.603 [Forwarding newSession on session null to remote] DEBUG io.netty.channel.DefaultChannelId - -Dio.netty.machineId: a8:a1:59:ff:fe:85:ba:89 (auto-detected)
12:21:59.651 [AsyncHttpClient-1-2] DEBUG io.netty.buffer.AbstractByteBuf - -Dio.netty.buffer.checkAccessible: true
12:21:59.651 [AsyncHttpClient-1-2] DEBUG io.netty.buffer.AbstractByteBuf - -Dio.netty.buffer.checkBounds: true
12:21:59.651 [AsyncHttpClient-1-2] DEBUG io.netty.util.ResourceLeakDetectorFactory - Loaded default ResourceLeakDetector: io.netty.util.ResourceLeakDetector@44293ffc
12:21:59.661 [AsyncHttpClient-1-2] DEBUG org.asynchttpclient.netty.channel.NettyConnectListener - Using new Channel '[id: 0x8c6225a6, L:/127.0.0.1:49927 - R:localhost/127.0.0.1:50359]' for 'POST' to '/session'
12:21:59.679 [AsyncHttpClient-1-2] DEBUG io.netty.util.Recycler - -Dio.netty.recycler.maxCapacityPerThread: 4096
12:21:59.679 [AsyncHttpClient-1-2] DEBUG io.netty.util.Recycler - -Dio.netty.recycler.ratio: 8
12:21:59.679 [AsyncHttpClient-1-2] DEBUG io.netty.util.Recycler - -Dio.netty.recycler.chunkSize: 32
12:21:59.679 [AsyncHttpClient-1-2] DEBUG io.netty.util.Recycler - -Dio.netty.recycler.blocking: false
12:22:00.448 [AsyncHttpClient-1-2] DEBUG io.netty.handler.codec.compression.Brotli - brotli4j not in the classpath; Brotli support will be unavailable.
12:22:00.448 [AsyncHttpClient-1-2] DEBUG org.asynchttpclient.netty.handler.HttpHandler - 

Request DefaultHttpRequest(decodeResult: success, version: HTTP/1.1)
POST /session HTTP/1.1
User-Agent: selenium/4.1.2 (java windows)
Content-Length: 565
Content-Type: application/json; charset=utf-8
host: localhost:50359
accept: */*

Response DefaultHttpResponse(decodeResult: success, version: HTTP/1.1)
HTTP/1.1 200 OK
Content-Type: application/json; charset=utf-8
cache-control: no-cache
content-length: 786

12:22:00.455 [AsyncHttpClient-1-2] DEBUG org.asynchttpclient.netty.channel.ChannelManager - Adding key: http://localhost:50359 for channel [id: 0x8c6225a6, L:/127.0.0.1:49927 - R:localhost/127.0.0.1:50359]
12:22:00.530 [AsyncHttpClient-1-3] DEBUG org.asynchttpclient.netty.channel.NettyConnectListener - Using new Channel '[id: 0xe7a3f7c0, L:/127.0.0.1:49934 - R:localhost/127.0.0.1:49928]' for 'GET' to '/json/version'
12:22:00.538 [AsyncHttpClient-1-3] DEBUG org.asynchttpclient.netty.handler.HttpHandler - 

Request DefaultFullHttpRequest(decodeResult: success, version: HTTP/1.1, content: EmptyByteBufBE)
GET /json/version HTTP/1.1
User-Agent: selenium/4.1.2 (java windows)
host: localhost:49928
accept: */*

Response DefaultHttpResponse(decodeResult: success, version: HTTP/1.1)
HTTP/1.1 200 OK
Content-Type: application/json; charset=UTF-8
content-length: 427

12:22:00.539 [AsyncHttpClient-1-3] DEBUG org.asynchttpclient.netty.channel.ChannelManager - Adding key: http://localhost:49928 for channel [id: 0xe7a3f7c0, L:/127.0.0.1:49934 - R:localhost/127.0.0.1:49928]
12:22:00.546 [main] DEBUG io.netty.util.internal.ThreadLocalRandom - -Dio.netty.initialSeedUniquifier: 0xc2b42890e3dae455
12:22:00.552 [AsyncHttpClient-1-4] DEBUG org.asynchttpclient.netty.channel.NettyConnectListener - Using new Channel '[id: 0x36770bb1, L:/127.0.0.1:49935 - R:localhost/127.0.0.1:49928]' for 'GET' to '/devtools/browser/db9bcafb-547b-4e99-9984-4a2af3c99e23'
12:22:00.559 [AsyncHttpClient-1-4] DEBUG org.asynchttpclient.netty.handler.WebSocketHandler - 

Request DefaultFullHttpRequest(decodeResult: success, version: HTTP/1.1, content: EmptyByteBufBE)
GET /devtools/browser/db9bcafb-547b-4e99-9984-4a2af3c99e23 HTTP/1.1
upgrade: websocket
connection: upgrade
sec-websocket-key: vQ8673CjG69t8rt9qHm5Ng==
sec-websocket-version: 13
origin: http://localhost:49928
host: localhost:49928
accept: */*
user-agent: AHC/2.1

Response DefaultHttpResponse(decodeResult: success, version: HTTP/1.1)
HTTP/1.1 101 WebSocket Protocol Handshake
Upgrade: WebSocket
Connection: Upgrade
Sec-WebSocket-Accept: ATy5QW8lvUwIeKdin87ehMPmWP4=

12:22:00.926 [AsyncHttpClient-1-1] DEBUG org.asynchttpclient.netty.channel.DefaultChannelPool - Entry count for : http://localhost:50359 : 1
12:22:00.926 [AsyncHttpClient-1-1] DEBUG org.asynchttpclient.netty.channel.DefaultChannelPool - Entry count for : http://localhost:49928 : 1
12:22:01.414 [main] DEBUG net.thucydides.core.reflection.ClassFinder - Could not load class .starter.CucumberTestSuite
12:22:01.414 [main] DEBUG net.thucydides.core.reflection.ClassFinder - Could not load class .starter.definitions.DetailSteps
12:22:01.414 [main] DEBUG net.thucydides.core.reflection.ClassFinder - Could not load class .starter.definitions.LoginSteps
12:22:01.414 [main] DEBUG net.thucydides.core.reflection.ClassFinder - Could not load class .starter.definitions.OrderSteps
12:22:01.414 [main] DEBUG net.thucydides.core.reflection.ClassFinder - Could not load class .starter.definitions.RegisterSteps
12:22:01.414 [main] DEBUG net.thucydides.core.reflection.ClassFinder - Could not load class .starter.definitions.SelectCategorySteps
12:22:01.414 [main] DEBUG net.thucydides.core.reflection.ClassFinder - Could not load class .starter.pages.DetailPage
12:22:01.415 [main] DEBUG net.thucydides.core.reflection.ClassFinder - Could not load class .starter.pages.HomePage
12:22:01.415 [main] DEBUG net.thucydides.core.reflection.ClassFinder - Could not load class .starter.pages.LoginPage
12:22:01.415 [main] DEBUG net.thucydides.core.reflection.ClassFinder - Could not load class .starter.pages.OrderPage
12:22:01.415 [main] DEBUG net.thucydides.core.reflection.ClassFinder - Could not load class .starter.pages.RegisterPage
12:22:01.415 [main] DEBUG net.thucydides.core.reflection.ClassFinder - Could not load class .starter.pages.SelectCategoryPage
12:22:01.415 [main] DEBUG net.thucydides.core.reflection.ClassFinder - Could not load class META-INF.versions.9.com.sun.istack.logging.StackHelper
12:22:01.416 [main] DEBUG net.thucydides.core.reflection.ClassFinder - Could not load class META-INF.versions.9.com.sun.xml.bind.v2.runtime.reflect.opt.AccessorInjector
12:22:01.416 [main] DEBUG net.thucydides.core.reflection.ClassFinder - Could not load class META-INF.versions.9.com.sun.xml.bind.v2.runtime.reflect.opt.Injector
12:22:01.416 [main] DEBUG net.thucydides.core.reflection.ClassFinder - Could not load class META-INF.versions.9.com.sun.xml.bind.v2.runtime.reflect.opt.OptimizedAccessorFactory
12:22:01.417 [main] DEBUG net.thucydides.core.reflection.ClassFinder - Could not load class META-INF.versions.9.com.sun.xml.bind.v2.runtime.reflect.opt.OptimizedTransducedAccessorFactory
12:22:01.417 [main] DEBUG net.thucydides.core.reflection.ClassFinder - Could not load class META-INF.versions.9.io.opentelemetry.sdk.internal.CurrentJavaVersionSpecific
12:22:01.417 [main] DEBUG net.thucydides.core.reflection.ClassFinder - Could not load class META-INF.versions.9.io.opentelemetry.sdk.internal.Java9VersionSpecific
12:22:01.418 [main] DEBUG net.thucydides.core.reflection.ClassFinder - Could not load class META-INF.versions.9.javax.xml.bind.ModuleUtil
12:22:01.418 [main] DEBUG net.thucydides.core.reflection.ClassFinder - Could not load class META-INF.versions.9.module-info
12:22:01.419 [main] DEBUG net.thucydides.core.reflection.ClassFinder - Could not load class META-INF.versions.9.org.junit.platform.commons.util.ModuleUtils
12:22:01.425 [main] DEBUG net.thucydides.core.reflection.ClassFinder - Could not load class com.google.gson.internal.
12:22:01.427 [main] DEBUG net.thucydides.core.reflection.ClassFinder - Could not load class com.sun.xml.bind.v2.runtime.output.FastInfosetStreamWriterOutput
12:22:01.430 [main] DEBUG net.thucydides.core.reflection.ClassFinder - Could not load class module-info
12:22:01.456 [Forwarding get on session a54d665c3f1224c55a1e31af7fec00ef to remote] DEBUG org.asynchttpclient.netty.request.NettyRequestSender - Using pooled Channel '[id: 0x8c6225a6, L:/127.0.0.1:49927 - R:localhost/127.0.0.1:50359]' for 'POST' to 'http://localhost:50359/session/a54d665c3f1224c55a1e31af7fec00ef/url'
12:22:01.456 [Forwarding get on session a54d665c3f1224c55a1e31af7fec00ef to remote] DEBUG org.asynchttpclient.netty.request.NettyRequestSender - Using open Channel [id: 0x8c6225a6, L:/127.0.0.1:49927 - R:localhost/127.0.0.1:50359] for POST '/session/a54d665c3f1224c55a1e31af7fec00ef/url'
12:22:02.023 [AsyncHttpClient-1-1] DEBUG org.asynchttpclient.netty.channel.DefaultChannelPool - Entry count for : http://localhost:49928 : 1
12:22:02.127 [AsyncHttpClient-1-2] DEBUG org.asynchttpclient.netty.handler.HttpHandler - 

Request DefaultHttpRequest(decodeResult: success, version: HTTP/1.1)
POST /session/a54d665c3f1224c55a1e31af7fec00ef/url HTTP/1.1
User-Agent: selenium/4.1.2 (java windows)
Content-Length: 43
Content-Type: application/json; charset=utf-8
host: localhost:50359
accept: */*

Response DefaultHttpResponse(decodeResult: success, version: HTTP/1.1)
HTTP/1.1 200 OK
Content-Type: application/json; charset=utf-8
cache-control: no-cache
content-length: 14

12:22:02.127 [AsyncHttpClient-1-2] DEBUG org.asynchttpclient.netty.channel.ChannelManager - Adding key: http://localhost:50359 for channel [id: 0x8c6225a6, L:/127.0.0.1:49927 - R:localhost/127.0.0.1:50359]
12:22:02.133 [Forwarding setTimeout on session a54d665c3f1224c55a1e31af7fec00ef to remote] DEBUG org.asynchttpclient.netty.request.NettyRequestSender - Using pooled Channel '[id: 0x8c6225a6, L:/127.0.0.1:49927 - R:localhost/127.0.0.1:50359]' for 'POST' to 'http://localhost:50359/session/a54d665c3f1224c55a1e31af7fec00ef/timeouts'
12:22:02.133 [Forwarding setTimeout on session a54d665c3f1224c55a1e31af7fec00ef to remote] DEBUG org.asynchttpclient.netty.request.NettyRequestSender - Using open Channel [id: 0x8c6225a6, L:/127.0.0.1:49927 - R:localhost/127.0.0.1:50359] for POST '/session/a54d665c3f1224c55a1e31af7fec00ef/timeouts'
12:22:02.136 [AsyncHttpClient-1-2] DEBUG org.asynchttpclient.netty.handler.HttpHandler - 

Request DefaultHttpRequest(decodeResult: success, version: HTTP/1.1)
POST /session/a54d665c3f1224c55a1e31af7fec00ef/timeouts HTTP/1.1
User-Agent: selenium/4.1.2 (java windows)
Content-Length: 22
Content-Type: application/json; charset=utf-8
host: localhost:50359
accept: */*

Response DefaultHttpResponse(decodeResult: success, version: HTTP/1.1)
HTTP/1.1 200 OK
Content-Type: application/json; charset=utf-8
cache-control: no-cache
content-length: 14

12:22:02.136 [AsyncHttpClient-1-2] DEBUG org.asynchttpclient.netty.channel.ChannelManager - Adding key: http://localhost:50359 for channel [id: 0x8c6225a6, L:/127.0.0.1:49927 - R:localhost/127.0.0.1:50359]
12:22:02.153 [Forwarding getCurrentUrl on session a54d665c3f1224c55a1e31af7fec00ef to remote] DEBUG org.asynchttpclient.netty.request.NettyRequestSender - Using pooled Channel '[id: 0x8c6225a6, L:/127.0.0.1:49927 - R:localhost/127.0.0.1:50359]' for 'GET' to 'http://localhost:50359/session/a54d665c3f1224c55a1e31af7fec00ef/url'
12:22:02.153 [Forwarding getCurrentUrl on session a54d665c3f1224c55a1e31af7fec00ef to remote] DEBUG org.asynchttpclient.netty.request.NettyRequestSender - Using open Channel [id: 0x8c6225a6, L:/127.0.0.1:49927 - R:localhost/127.0.0.1:50359] for GET '/session/a54d665c3f1224c55a1e31af7fec00ef/url'
12:22:02.189 [AsyncHttpClient-1-2] DEBUG org.asynchttpclient.netty.handler.HttpHandler - 

Request DefaultFullHttpRequest(decodeResult: success, version: HTTP/1.1, content: EmptyByteBufBE)
GET /session/a54d665c3f1224c55a1e31af7fec00ef/url HTTP/1.1
User-Agent: selenium/4.1.2 (java windows)
Cache-Control: no-cache
Content-Type: application/json; charset=utf-8
host: localhost:50359
accept: */*

Response DefaultHttpResponse(decodeResult: success, version: HTTP/1.1)
HTTP/1.1 200 OK
Content-Type: application/json; charset=utf-8
cache-control: no-cache
content-length: 31

12:22:02.189 [AsyncHttpClient-1-2] DEBUG org.asynchttpclient.netty.channel.ChannelManager - Adding key: http://localhost:50359 for channel [id: 0x8c6225a6, L:/127.0.0.1:49927 - R:localhost/127.0.0.1:50359]
12:22:02.194 [Forwarding getCurrentUrl on session a54d665c3f1224c55a1e31af7fec00ef to remote] DEBUG org.asynchttpclient.netty.request.NettyRequestSender - Using pooled Channel '[id: 0x8c6225a6, L:/127.0.0.1:49927 - R:localhost/127.0.0.1:50359]' for 'GET' to 'http://localhost:50359/session/a54d665c3f1224c55a1e31af7fec00ef/url'
12:22:02.194 [Forwarding getCurrentUrl on session a54d665c3f1224c55a1e31af7fec00ef to remote] DEBUG org.asynchttpclient.netty.request.NettyRequestSender - Using open Channel [id: 0x8c6225a6, L:/127.0.0.1:49927 - R:localhost/127.0.0.1:50359] for GET '/session/a54d665c3f1224c55a1e31af7fec00ef/url'
12:22:02.205 [AsyncHttpClient-1-2] DEBUG org.asynchttpclient.netty.handler.HttpHandler - 

Request DefaultFullHttpRequest(decodeResult: success, version: HTTP/1.1, content: EmptyByteBufBE)
GET /session/a54d665c3f1224c55a1e31af7fec00ef/url HTTP/1.1
User-Agent: selenium/4.1.2 (java windows)
Cache-Control: no-cache
Content-Type: application/json; charset=utf-8
host: localhost:50359
accept: */*

Response DefaultHttpResponse(decodeResult: success, version: HTTP/1.1)
HTTP/1.1 200 OK
Content-Type: application/json; charset=utf-8
cache-control: no-cache
content-length: 31

12:22:02.205 [AsyncHttpClient-1-2] DEBUG org.asynchttpclient.netty.channel.ChannelManager - Adding key: http://localhost:50359 for channel [id: 0x8c6225a6, L:/127.0.0.1:49927 - R:localhost/127.0.0.1:50359]
12:22:02.225 [main] DEBUG net.serenitybdd.core.photography.Darkroom - Opening darkroom
12:22:02.227 [Forwarding screenshot on session a54d665c3f1224c55a1e31af7fec00ef to remote] DEBUG org.asynchttpclient.netty.request.NettyRequestSender - Using pooled Channel '[id: 0x8c6225a6, L:/127.0.0.1:49927 - R:localhost/127.0.0.1:50359]' for 'GET' to 'http://localhost:50359/session/a54d665c3f1224c55a1e31af7fec00ef/screenshot'
12:22:02.227 [Forwarding screenshot on session a54d665c3f1224c55a1e31af7fec00ef to remote] DEBUG org.asynchttpclient.netty.request.NettyRequestSender - Using open Channel [id: 0x8c6225a6, L:/127.0.0.1:49927 - R:localhost/127.0.0.1:50359] for GET '/session/a54d665c3f1224c55a1e31af7fec00ef/screenshot'
12:22:02.229 [Darkroom Processing Line] DEBUG net.serenitybdd.core.photography.DarkroomProcessingLine - Darkroom processing line starting up
12:22:02.962 [AsyncHttpClient-1-2] DEBUG org.asynchttpclient.netty.handler.HttpHandler - 

Request DefaultFullHttpRequest(decodeResult: success, version: HTTP/1.1, content: EmptyByteBufBE)
GET /session/a54d665c3f1224c55a1e31af7fec00ef/screenshot HTTP/1.1
User-Agent: selenium/4.1.2 (java windows)
Cache-Control: no-cache
Content-Type: application/json; charset=utf-8
host: localhost:50359
accept: */*

Response DefaultHttpResponse(decodeResult: success, version: HTTP/1.1)
HTTP/1.1 200 OK
Content-Type: application/json; charset=utf-8
cache-control: no-cache
content-length: 29104

12:22:02.962 [AsyncHttpClient-1-2] DEBUG org.asynchttpclient.netty.channel.ChannelManager - Adding key: http://localhost:50359 for channel [id: 0x8c6225a6, L:/127.0.0.1:49927 - R:localhost/127.0.0.1:50359]
12:22:03.034 [main] DEBUG net.serenitybdd.core.photography.Darkroom - Send negative for processing for target\site\serenity\6e4eedceafbe5c6bcafe92937d0bff90793b94bcc00b49adbee1537c36e824e3.png
12:22:03.036 [Darkroom Processing Line] DEBUG net.serenitybdd.core.photography.DarkroomProcessingLine - Processing screenshot image in /var/screenshots/screenshot-5461636327403245332
12:22:03.036 [Darkroom Processing Line] DEBUG net.serenitybdd.core.photography.DarkroomProcessingLine - Saving screenshot to target\site\serenity\6e4eedceafbe5c6bcafe92937d0bff90793b94bcc00b49adbee1537c36e824e3.png
12:22:03.037 [main] DEBUG net.thucydides.core.steps.StepInterceptor - STEP DONE: openPage
12:22:03.064 [main] DEBUG net.thucydides.core.steps.StepInterceptor - STARTING STEP: DetailSteps.useronhomepage - homepage
12:22:03.069 [Forwarding findElement on session a54d665c3f1224c55a1e31af7fec00ef to remote] DEBUG org.asynchttpclient.netty.request.NettyRequestSender - Using pooled Channel '[id: 0x8c6225a6, L:/127.0.0.1:49927 - R:localhost/127.0.0.1:50359]' for 'POST' to 'http://localhost:50359/session/a54d665c3f1224c55a1e31af7fec00ef/element'
12:22:03.069 [Forwarding findElement on session a54d665c3f1224c55a1e31af7fec00ef to remote] DEBUG org.asynchttpclient.netty.request.NettyRequestSender - Using open Channel [id: 0x8c6225a6, L:/127.0.0.1:49927 - R:localhost/127.0.0.1:50359] for POST '/session/a54d665c3f1224c55a1e31af7fec00ef/element'
12:22:03.091 [AsyncHttpClient-1-2] DEBUG org.asynchttpclient.netty.handler.HttpHandler - 

Request DefaultHttpRequest(decodeResult: success, version: HTTP/1.1)
POST /session/a54d665c3f1224c55a1e31af7fec00ef/element HTTP/1.1
User-Agent: selenium/4.1.2 (java windows)
Content-Length: 85
Content-Type: application/json; charset=utf-8
host: localhost:50359
accept: */*

Response DefaultHttpResponse(decodeResult: success, version: HTTP/1.1)
HTTP/1.1 200 OK
Content-Type: application/json; charset=utf-8
cache-control: no-cache
content-length: 88

12:22:03.091 [AsyncHttpClient-1-2] DEBUG org.asynchttpclient.netty.channel.ChannelManager - Adding key: http://localhost:50359 for channel [id: 0x8c6225a6, L:/127.0.0.1:49927 - R:localhost/127.0.0.1:50359]
12:22:03.102 [Forwarding isElementDisplayed on session a54d665c3f1224c55a1e31af7fec00ef to remote] DEBUG org.asynchttpclient.netty.request.NettyRequestSender - Using pooled Channel '[id: 0x8c6225a6, L:/127.0.0.1:49927 - R:localhost/127.0.0.1:50359]' for 'POST' to 'http://localhost:50359/session/a54d665c3f1224c55a1e31af7fec00ef/execute/sync'
12:22:03.102 [Forwarding isElementDisplayed on session a54d665c3f1224c55a1e31af7fec00ef to remote] DEBUG org.asynchttpclient.netty.request.NettyRequestSender - Using open Channel [id: 0x8c6225a6, L:/127.0.0.1:49927 - R:localhost/127.0.0.1:50359] for POST '/session/a54d665c3f1224c55a1e31af7fec00ef/execute/sync'
12:22:03.128 [AsyncHttpClient-1-1] DEBUG org.asynchttpclient.netty.channel.DefaultChannelPool - Entry count for : http://localhost:49928 : 1
12:22:03.130 [AsyncHttpClient-1-2] DEBUG org.asynchttpclient.netty.handler.HttpHandler - 

Request DefaultHttpRequest(decodeResult: success, version: HTTP/1.1)
POST /session/a54d665c3f1224c55a1e31af7fec00ef/execute/sync HTTP/1.1
User-Agent: selenium/4.1.2 (java windows)
Content-Length: 48780
Content-Type: application/json; charset=utf-8
host: localhost:50359
accept: */*

Response DefaultHttpResponse(decodeResult: success, version: HTTP/1.1)
HTTP/1.1 200 OK
Content-Type: application/json; charset=utf-8
cache-control: no-cache
content-length: 14

12:22:03.130 [AsyncHttpClient-1-2] DEBUG org.asynchttpclient.netty.channel.ChannelManager - Adding key: http://localhost:50359 for channel [id: 0x8c6225a6, L:/127.0.0.1:49927 - R:localhost/127.0.0.1:50359]
12:22:03.137 [Forwarding screenshot on session a54d665c3f1224c55a1e31af7fec00ef to remote] DEBUG org.asynchttpclient.netty.request.NettyRequestSender - Using pooled Channel '[id: 0x8c6225a6, L:/127.0.0.1:49927 - R:localhost/127.0.0.1:50359]' for 'GET' to 'http://localhost:50359/session/a54d665c3f1224c55a1e31af7fec00ef/screenshot'
12:22:03.137 [Forwarding screenshot on session a54d665c3f1224c55a1e31af7fec00ef to remote] DEBUG org.asynchttpclient.netty.request.NettyRequestSender - Using open Channel [id: 0x8c6225a6, L:/127.0.0.1:49927 - R:localhost/127.0.0.1:50359] for GET '/session/a54d665c3f1224c55a1e31af7fec00ef/screenshot'
12:22:03.259 [AsyncHttpClient-1-2] DEBUG org.asynchttpclient.netty.handler.HttpHandler - 

Request DefaultFullHttpRequest(decodeResult: success, version: HTTP/1.1, content: EmptyByteBufBE)
GET /session/a54d665c3f1224c55a1e31af7fec00ef/screenshot HTTP/1.1
User-Agent: selenium/4.1.2 (java windows)
Cache-Control: no-cache
Content-Type: application/json; charset=utf-8
host: localhost:50359
accept: */*

Response DefaultHttpResponse(decodeResult: success, version: HTTP/1.1)
HTTP/1.1 200 OK
Content-Type: application/json; charset=utf-8
cache-control: no-cache
content-length: 62216

12:22:03.260 [AsyncHttpClient-1-2] DEBUG org.asynchttpclient.netty.channel.ChannelManager - Adding key: http://localhost:50359 for channel [id: 0x8c6225a6, L:/127.0.0.1:49927 - R:localhost/127.0.0.1:50359]
12:22:03.263 [main] DEBUG net.serenitybdd.core.photography.Darkroom - Send negative for processing for target\site\serenity\d0e3a11f519378e75e145ca7ec5945fbcf8430ec8f85d49df1f8c9df9c016d51.png
12:22:03.263 [main] DEBUG net.thucydides.core.steps.StepInterceptor - STEP DONE: homepage
12:22:03.263 [Darkroom Processing Line] DEBUG net.serenitybdd.core.photography.DarkroomProcessingLine - Processing screenshot image in /var/screenshots/screenshot-18028298929020440088
12:22:03.263 [Darkroom Processing Line] DEBUG net.serenitybdd.core.photography.DarkroomProcessingLine - Saving screenshot to target\site\serenity\d0e3a11f519378e75e145ca7ec5945fbcf8430ec8f85d49df1f8c9df9c016d51.png
  &amp#27;[32mGiven &amp#27;[0m&amp#27;[32mUser on home page&amp#27;[0m                                &amp#27;[90m# starter.definitions.DetailSteps.useronhomepage()&amp#27;[0m
12:22:03.284 [main] DEBUG net.thucydides.core.steps.StepInterceptor - STARTING STEP: DetailSteps.userclickdetailtensidarahelektrik - validateclickdetailtensidarahlistrik
12:22:03.289 [Forwarding findElement on session a54d665c3f1224c55a1e31af7fec00ef to remote] DEBUG org.asynchttpclient.netty.request.NettyRequestSender - Using pooled Channel '[id: 0x8c6225a6, L:/127.0.0.1:49927 - R:localhost/127.0.0.1:50359]' for 'POST' to 'http://localhost:50359/session/a54d665c3f1224c55a1e31af7fec00ef/element'
12:22:03.290 [Forwarding findElement on session a54d665c3f1224c55a1e31af7fec00ef to remote] DEBUG org.asynchttpclient.netty.request.NettyRequestSender - Using open Channel [id: 0x8c6225a6, L:/127.0.0.1:49927 - R:localhost/127.0.0.1:50359] for POST '/session/a54d665c3f1224c55a1e31af7fec00ef/element'
12:22:03.308 [AsyncHttpClient-1-2] DEBUG org.asynchttpclient.netty.handler.HttpHandler - 

Request DefaultHttpRequest(decodeResult: success, version: HTTP/1.1)
POST /session/a54d665c3f1224c55a1e31af7fec00ef/element HTTP/1.1
User-Agent: selenium/4.1.2 (java windows)
Content-Length: 96
Content-Type: application/json; charset=utf-8
host: localhost:50359
accept: */*

Response DefaultHttpResponse(decodeResult: success, version: HTTP/1.1)
HTTP/1.1 200 OK
Content-Type: application/json; charset=utf-8
cache-control: no-cache
content-length: 88

12:22:03.308 [AsyncHttpClient-1-2] DEBUG org.asynchttpclient.netty.channel.ChannelManager - Adding key: http://localhost:50359 for channel [id: 0x8c6225a6, L:/127.0.0.1:49927 - R:localhost/127.0.0.1:50359]
12:22:03.310 [Forwarding getElementTagName on session a54d665c3f1224c55a1e31af7fec00ef to remote] DEBUG org.asynchttpclient.netty.request.NettyRequestSender - Using pooled Channel '[id: 0x8c6225a6, L:/127.0.0.1:49927 - R:localhost/127.0.0.1:50359]' for 'GET' to 'http://localhost:50359/session/a54d665c3f1224c55a1e31af7fec00ef/element/6e31c63a-5773-4c5c-99d9-03a206cf9687/name'
12:22:03.312 [Forwarding getElementTagName on session a54d665c3f1224c55a1e31af7fec00ef to remote] DEBUG org.asynchttpclient.netty.request.NettyRequestSender - Using open Channel [id: 0x8c6225a6, L:/127.0.0.1:49927 - R:localhost/127.0.0.1:50359] for GET '/session/a54d665c3f1224c55a1e31af7fec00ef/element/6e31c63a-5773-4c5c-99d9-03a206cf9687/name'
12:22:03.328 [AsyncHttpClient-1-2] DEBUG org.asynchttpclient.netty.handler.HttpHandler - 

Request DefaultFullHttpRequest(decodeResult: success, version: HTTP/1.1, content: EmptyByteBufBE)
GET /session/a54d665c3f1224c55a1e31af7fec00ef/element/6e31c63a-5773-4c5c-99d9-03a206cf9687/name HTTP/1.1
User-Agent: selenium/4.1.2 (java windows)
Cache-Control: no-cache
Content-Type: application/json; charset=utf-8
host: localhost:50359
accept: */*

Response DefaultHttpResponse(decodeResult: success, version: HTTP/1.1)
HTTP/1.1 200 OK
Content-Type: application/json; charset=utf-8
cache-control: no-cache
content-length: 18

12:22:03.329 [AsyncHttpClient-1-2] DEBUG org.asynchttpclient.netty.channel.ChannelManager - Adding key: http://localhost:50359 for channel [id: 0x8c6225a6, L:/127.0.0.1:49927 - R:localhost/127.0.0.1:50359]
12:22:03.331 [Forwarding getElementTagName on session a54d665c3f1224c55a1e31af7fec00ef to remote] DEBUG org.asynchttpclient.netty.request.NettyRequestSender - Using pooled Channel '[id: 0x8c6225a6, L:/127.0.0.1:49927 - R:localhost/127.0.0.1:50359]' for 'GET' to 'http://localhost:50359/session/a54d665c3f1224c55a1e31af7fec00ef/element/6e31c63a-5773-4c5c-99d9-03a206cf9687/name'
12:22:03.331 [Forwarding getElementTagName on session a54d665c3f1224c55a1e31af7fec00ef to remote] DEBUG org.asynchttpclient.netty.request.NettyRequestSender - Using open Channel [id: 0x8c6225a6, L:/127.0.0.1:49927 - R:localhost/127.0.0.1:50359] for GET '/session/a54d665c3f1224c55a1e31af7fec00ef/element/6e31c63a-5773-4c5c-99d9-03a206cf9687/name'
12:22:03.342 [AsyncHttpClient-1-2] DEBUG org.asynchttpclient.netty.handler.HttpHandler - 

Request DefaultFullHttpRequest(decodeResult: success, version: HTTP/1.1, content: EmptyByteBufBE)
GET /session/a54d665c3f1224c55a1e31af7fec00ef/element/6e31c63a-5773-4c5c-99d9-03a206cf9687/name HTTP/1.1
User-Agent: selenium/4.1.2 (java windows)
Cache-Control: no-cache
Content-Type: application/json; charset=utf-8
host: localhost:50359
accept: */*

Response DefaultHttpResponse(decodeResult: success, version: HTTP/1.1)
HTTP/1.1 200 OK
Content-Type: application/json; charset=utf-8
cache-control: no-cache
content-length: 18

12:22:03.343 [AsyncHttpClient-1-2] DEBUG org.asynchttpclient.netty.channel.ChannelManager - Adding key: http://localhost:50359 for channel [id: 0x8c6225a6, L:/127.0.0.1:49927 - R:localhost/127.0.0.1:50359]
12:22:03.348 [Forwarding isElementEnabled on session a54d665c3f1224c55a1e31af7fec00ef to remote] DEBUG org.asynchttpclient.netty.request.NettyRequestSender - Using pooled Channel '[id: 0x8c6225a6, L:/127.0.0.1:49927 - R:localhost/127.0.0.1:50359]' for 'GET' to 'http://localhost:50359/session/a54d665c3f1224c55a1e31af7fec00ef/element/6e31c63a-5773-4c5c-99d9-03a206cf9687/enabled'
12:22:03.348 [Forwarding isElementEnabled on session a54d665c3f1224c55a1e31af7fec00ef to remote] DEBUG org.asynchttpclient.netty.request.NettyRequestSender - Using open Channel [id: 0x8c6225a6, L:/127.0.0.1:49927 - R:localhost/127.0.0.1:50359] for GET '/session/a54d665c3f1224c55a1e31af7fec00ef/element/6e31c63a-5773-4c5c-99d9-03a206cf9687/enabled'
12:22:03.373 [AsyncHttpClient-1-2] DEBUG org.asynchttpclient.netty.handler.HttpHandler - 

Request DefaultFullHttpRequest(decodeResult: success, version: HTTP/1.1, content: EmptyByteBufBE)
GET /session/a54d665c3f1224c55a1e31af7fec00ef/element/6e31c63a-5773-4c5c-99d9-03a206cf9687/enabled HTTP/1.1
User-Agent: selenium/4.1.2 (java windows)
Cache-Control: no-cache
Content-Type: application/json; charset=utf-8
host: localhost:50359
accept: */*

Response DefaultHttpResponse(decodeResult: success, version: HTTP/1.1)
HTTP/1.1 200 OK
Content-Type: application/json; charset=utf-8
cache-control: no-cache
content-length: 14

12:22:03.374 [AsyncHttpClient-1-2] DEBUG org.asynchttpclient.netty.channel.ChannelManager - Adding key: http://localhost:50359 for channel [id: 0x8c6225a6, L:/127.0.0.1:49927 - R:localhost/127.0.0.1:50359]
12:22:03.376 [Forwarding isElementEnabled on session a54d665c3f1224c55a1e31af7fec00ef to remote] DEBUG org.asynchttpclient.netty.request.NettyRequestSender - Using pooled Channel '[id: 0x8c6225a6, L:/127.0.0.1:49927 - R:localhost/127.0.0.1:50359]' for 'GET' to 'http://localhost:50359/session/a54d665c3f1224c55a1e31af7fec00ef/element/6e31c63a-5773-4c5c-99d9-03a206cf9687/enabled'
12:22:03.376 [Forwarding isElementEnabled on session a54d665c3f1224c55a1e31af7fec00ef to remote] DEBUG org.asynchttpclient.netty.request.NettyRequestSender - Using open Channel [id: 0x8c6225a6, L:/127.0.0.1:49927 - R:localhost/127.0.0.1:50359] for GET '/session/a54d665c3f1224c55a1e31af7fec00ef/element/6e31c63a-5773-4c5c-99d9-03a206cf9687/enabled'
12:22:03.391 [AsyncHttpClient-1-2] DEBUG org.asynchttpclient.netty.handler.HttpHandler - 

Request DefaultFullHttpRequest(decodeResult: success, version: HTTP/1.1, content: EmptyByteBufBE)
GET /session/a54d665c3f1224c55a1e31af7fec00ef/element/6e31c63a-5773-4c5c-99d9-03a206cf9687/enabled HTTP/1.1
User-Agent: selenium/4.1.2 (java windows)
Cache-Control: no-cache
Content-Type: application/json; charset=utf-8
host: localhost:50359
accept: */*

Response DefaultHttpResponse(decodeResult: success, version: HTTP/1.1)
HTTP/1.1 200 OK
Content-Type: application/json; charset=utf-8
cache-control: no-cache
content-length: 14

12:22:03.391 [AsyncHttpClient-1-2] DEBUG org.asynchttpclient.netty.channel.ChannelManager - Adding key: http://localhost:50359 for channel [id: 0x8c6225a6, L:/127.0.0.1:49927 - R:localhost/127.0.0.1:50359]
12:22:03.394 [Forwarding findElement on session a54d665c3f1224c55a1e31af7fec00ef to remote] DEBUG org.asynchttpclient.netty.request.NettyRequestSender - Using pooled Channel '[id: 0x8c6225a6, L:/127.0.0.1:49927 - R:localhost/127.0.0.1:50359]' for 'POST' to 'http://localhost:50359/session/a54d665c3f1224c55a1e31af7fec00ef/element'
12:22:03.394 [Forwarding findElement on session a54d665c3f1224c55a1e31af7fec00ef to remote] DEBUG org.asynchttpclient.netty.request.NettyRequestSender - Using open Channel [id: 0x8c6225a6, L:/127.0.0.1:49927 - R:localhost/127.0.0.1:50359] for POST '/session/a54d665c3f1224c55a1e31af7fec00ef/element'
12:22:03.420 [AsyncHttpClient-1-2] DEBUG org.asynchttpclient.netty.handler.HttpHandler - 

Request DefaultHttpRequest(decodeResult: success, version: HTTP/1.1)
POST /session/a54d665c3f1224c55a1e31af7fec00ef/element HTTP/1.1
User-Agent: selenium/4.1.2 (java windows)
Content-Length: 96
Content-Type: application/json; charset=utf-8
host: localhost:50359
accept: */*

Response DefaultHttpResponse(decodeResult: success, version: HTTP/1.1)
HTTP/1.1 200 OK
Content-Type: application/json; charset=utf-8
cache-control: no-cache
content-length: 88

12:22:03.420 [AsyncHttpClient-1-2] DEBUG org.asynchttpclient.netty.channel.ChannelManager - Adding key: http://localhost:50359 for channel [id: 0x8c6225a6, L:/127.0.0.1:49927 - R:localhost/127.0.0.1:50359]
12:22:03.422 [Forwarding clickElement on session a54d665c3f1224c55a1e31af7fec00ef to remote] DEBUG org.asynchttpclient.netty.request.NettyRequestSender - Using pooled Channel '[id: 0x8c6225a6, L:/127.0.0.1:49927 - R:localhost/127.0.0.1:50359]' for 'POST' to 'http://localhost:50359/session/a54d665c3f1224c55a1e31af7fec00ef/element/6e31c63a-5773-4c5c-99d9-03a206cf9687/click'
12:22:03.422 [Forwarding clickElement on session a54d665c3f1224c55a1e31af7fec00ef to remote] DEBUG org.asynchttpclient.netty.request.NettyRequestSender - Using open Channel [id: 0x8c6225a6, L:/127.0.0.1:49927 - R:localhost/127.0.0.1:50359] for POST '/session/a54d665c3f1224c55a1e31af7fec00ef/element/6e31c63a-5773-4c5c-99d9-03a206cf9687/click'
12:22:03.496 [AsyncHttpClient-1-2] DEBUG org.asynchttpclient.netty.handler.HttpHandler - 

Request DefaultHttpRequest(decodeResult: success, version: HTTP/1.1)
POST /session/a54d665c3f1224c55a1e31af7fec00ef/element/6e31c63a-5773-4c5c-99d9-03a206cf9687/click HTTP/1.1
User-Agent: selenium/4.1.2 (java windows)
Content-Length: 50
Content-Type: application/json; charset=utf-8
host: localhost:50359
accept: */*

Response DefaultHttpResponse(decodeResult: success, version: HTTP/1.1)
HTTP/1.1 200 OK
Content-Type: application/json; charset=utf-8
cache-control: no-cache
content-length: 14

12:22:03.496 [AsyncHttpClient-1-2] DEBUG org.asynchttpclient.netty.channel.ChannelManager - Adding key: http://localhost:50359 for channel [id: 0x8c6225a6, L:/127.0.0.1:49927 - R:localhost/127.0.0.1:50359]
12:22:03.505 [Forwarding screenshot on session a54d665c3f1224c55a1e31af7fec00ef to remote] DEBUG org.asynchttpclient.netty.request.NettyRequestSender - Using pooled Channel '[id: 0x8c6225a6, L:/127.0.0.1:49927 - R:localhost/127.0.0.1:50359]' for 'GET' to 'http://localhost:50359/session/a54d665c3f1224c55a1e31af7fec00ef/screenshot'
12:22:03.506 [Forwarding screenshot on session a54d665c3f1224c55a1e31af7fec00ef to remote] DEBUG org.asynchttpclient.netty.request.NettyRequestSender - Using open Channel [id: 0x8c6225a6, L:/127.0.0.1:49927 - R:localhost/127.0.0.1:50359] for GET '/session/a54d665c3f1224c55a1e31af7fec00ef/screenshot'
12:22:03.836 [AsyncHttpClient-1-2] DEBUG org.asynchttpclient.netty.handler.HttpHandler - 

Request DefaultFullHttpRequest(decodeResult: success, version: HTTP/1.1, content: EmptyByteBufBE)
GET /session/a54d665c3f1224c55a1e31af7fec00ef/screenshot HTTP/1.1
User-Agent: selenium/4.1.2 (java windows)
Cache-Control: no-cache
Content-Type: application/json; charset=utf-8
host: localhost:50359
accept: */*

Response DefaultHttpResponse(decodeResult: success, version: HTTP/1.1)
HTTP/1.1 200 OK
Content-Type: application/json; charset=utf-8
cache-control: no-cache
content-length: 30228

12:22:03.836 [AsyncHttpClient-1-2] DEBUG org.asynchttpclient.netty.channel.ChannelManager - Adding key: http://localhost:50359 for channel [id: 0x8c6225a6, L:/127.0.0.1:49927 - R:localhost/127.0.0.1:50359]
12:22:03.839 [main] DEBUG net.serenitybdd.core.photography.Darkroom - Send negative for processing for target\site\serenity\b205d8b9ee88b7d4869bf8d9a8dd1ceed82718e2d095c9c1fa41fa566372f516.png
12:22:03.839 [main] DEBUG net.thucydides.core.steps.StepInterceptor - STEP DONE: validateclickdetailtensidarahlistrik
  &amp#27;[32mWhen &amp#27;[0m&amp#27;[32mUser click detail tensi darah elektrik&amp#27;[0m            &amp#27;[90m# starter.definitions.DetailSteps.userclickdetailtensidarahelektrik()&amp#27;[0m
12:22:03.839 [Darkroom Processing Line] DEBUG net.serenitybdd.core.photography.DarkroomProcessingLine - Processing screenshot image in /var/screenshots/screenshot-8069680552201472135
12:22:03.839 [Darkroom Processing Line] DEBUG net.serenitybdd.core.photography.DarkroomProcessingLine - Saving screenshot to target\site\serenity\b205d8b9ee88b7d4869bf8d9a8dd1ceed82718e2d095c9c1fa41fa566372f516.png
  &amp#27;[32mAnd &amp#27;[0m&amp#27;[32muser can see detail and rating of product&amp#27;[0m          &amp#27;[90m# starter.definitions.DetailSteps.usercanseedetailandratingofproduct()&amp#27;[0m
  &amp#27;[32mThen &amp#27;[0m&amp#27;[32muser sucsess see detail and rating of product&amp#27;[0m     &amp#27;[90m# starter.definitions.DetailSteps.usersucsessseedetailandratingofproduct()&amp#27;[0m
12:22:03.866 [main] INFO  - 
  _____   ___   ___   _____     ___     _     ___   ___   ___   ___  
 |_   _| | __| / __| |_   _|   | _ \   /_\   / __| / __| | __| |   \ 
   | |   | _|  \__ \   | |     |  _/  / _ \  \__ \ \__ \ | _|  | |) |
   |_|   |___| |___/   |_|     |_|   /_/ \_\ |___/ |___/ |___| |___/ 

user see detail or rating tensi darah elektrik
----------------------------------------------------------------------
12:22:03.981 [AsyncHttpClient-1-4] DEBUG org.asynchttpclient.netty.handler.WebSocketHandler - Channel Closed: [id: 0x36770bb1, L:/127.0.0.1:49935 ! R:localhost/127.0.0.1:49928] with attribute NettyResponseFuture{currentRetry=5,
	isDone=1,
	isCancelled=0,
	asyncHandler=org.asynchttpclient.ws.WebSocketUpgradeHandler@4d3f003c,
	nettyRequest=org.asynchttpclient.netty.request.NettyRequest@2eabccc1,
	future=java.util.concurrent.CompletableFuture@2ecdd983[Completed normally],
	uri=ws://localhost:49928/devtools/browser/db9bcafb-547b-4e99-9984-4a2af3c99e23,
	keepAlive=true,
	redirectCount=0,
	timeoutsHolder=null,
	inAuth=0,
	touch=1652242920569}
12:22:03.982 [AsyncHttpClient-1-4] DEBUG org.asynchttpclient.netty.channel.ChannelManager - Closing Channel [id: 0x36770bb1, L:/127.0.0.1:49935 ! R:localhost/127.0.0.1:49928] 
12:22:03.982 [Driver Command Executor] DEBUG org.asynchttpclient.netty.request.NettyRequestSender - Using pooled Channel '[id: 0x8c6225a6, L:/127.0.0.1:49927 - R:localhost/127.0.0.1:50359]' for 'DELETE' to 'http://localhost:50359/session/a54d665c3f1224c55a1e31af7fec00ef'
12:22:03.982 [Driver Command Executor] DEBUG org.asynchttpclient.netty.request.NettyRequestSender - Using open Channel [id: 0x8c6225a6, L:/127.0.0.1:49927 - R:localhost/127.0.0.1:50359] for DELETE '/session/a54d665c3f1224c55a1e31af7fec00ef'
12:22:04.092 [AsyncHttpClient-1-3] DEBUG org.asynchttpclient.netty.handler.HttpHandler - Unexpected I/O exception on channel [id: 0xe7a3f7c0, L:/127.0.0.1:49934 - R:localhost/127.0.0.1:49928]
java.net.SocketException: Connection reset
	at java.base/sun.nio.ch.SocketChannelImpl.throwConnectionReset(SocketChannelImpl.java:394)
	at java.base/sun.nio.ch.SocketChannelImpl.read(SocketChannelImpl.java:426)
	at io.netty.buffer.PooledByteBuf.setBytes(PooledByteBuf.java:258)
	at io.netty.buffer.AbstractByteBuf.writeBytes(AbstractByteBuf.java:1132)
	at io.netty.channel.socket.nio.NioSocketChannel.doReadBytes(NioSocketChannel.java:350)
	at io.netty.channel.nio.AbstractNioByteChannel$NioByteUnsafe.read(AbstractNioByteChannel.java:151)
	at io.netty.channel.nio.NioEventLoop.processSelectedKey(NioEventLoop.java:722)
	at io.netty.channel.nio.NioEventLoop.processSelectedKeysOptimized(NioEventLoop.java:658)
	at io.netty.channel.nio.NioEventLoop.processSelectedKeys(NioEventLoop.java:584)
	at io.netty.channel.nio.NioEventLoop.run(NioEventLoop.java:496)
	at io.netty.util.concurrent.SingleThreadEventExecutor$4.run(SingleThreadEventExecutor.java:986)
	at io.netty.util.internal.ThreadExecutorMap$2.run(ThreadExecutorMap.java:74)
	at io.netty.util.concurrent.FastThreadLocalRunnable.run(FastThreadLocalRunnable.java:30)
	at java.base/java.lang.Thread.run(Thread.java:833)
12:22:04.092 [AsyncHttpClient-1-3] DEBUG org.asynchttpclient.netty.channel.ChannelManager - Closing Channel [id: 0xe7a3f7c0, L:/127.0.0.1:49934 - R:localhost/127.0.0.1:49928] 
12:22:04.093 [AsyncHttpClient-1-3] DEBUG org.asynchttpclient.netty.handler.HttpHandler - Channel Closed: [id: 0xe7a3f7c0, L:/127.0.0.1:49934 ! R:localhost/127.0.0.1:49928] with attribute DISCARD
12:22:04.106 [AsyncHttpClient-1-2] DEBUG org.asynchttpclient.netty.handler.HttpHandler - 

Request DefaultFullHttpRequest(decodeResult: success, version: HTTP/1.1, content: EmptyByteBufBE)
DELETE /session/a54d665c3f1224c55a1e31af7fec00ef HTTP/1.1
User-Agent: selenium/4.1.2 (java windows)
Content-Type: application/json; charset=utf-8
host: localhost:50359
accept: */*

Response DefaultHttpResponse(decodeResult: success, version: HTTP/1.1)
HTTP/1.1 200 OK
Content-Type: application/json; charset=utf-8
cache-control: no-cache
content-length: 14

12:22:04.107 [AsyncHttpClient-1-2] DEBUG org.asynchttpclient.netty.channel.ChannelManager - Adding key: http://localhost:50359 for channel [id: 0x8c6225a6, L:/127.0.0.1:49927 - R:localhost/127.0.0.1:50359]
12:22:04.222 [AsyncHttpClient-1-1] DEBUG org.asynchttpclient.netty.channel.DefaultChannelPool - Entry count for : http://localhost:50359 : 1
12:22:04.222 [AsyncHttpClient-1-1] DEBUG org.asynchttpclient.netty.channel.DefaultChannelPool - Entry count for : http://localhost:49928 : 1
12:22:04.222 [AsyncHttpClient-1-1] DEBUG org.asynchttpclient.netty.channel.DefaultChannelPool - Adding Candidate expired Channel [id: 0xe7a3f7c0, L:/127.0.0.1:49934 ! R:localhost/127.0.0.1:49928] isIdleTimeoutExpired=false isRemotelyClosed=true isTtlExpired=false
12:22:04.222 [AsyncHttpClient-1-1] DEBUG org.asynchttpclient.netty.channel.DefaultChannelPool - Closing Idle Channel [id: 0xe7a3f7c0, L:/127.0.0.1:49934 ! R:localhost/127.0.0.1:49928]
12:22:04.223 [AsyncHttpClient-1-1] DEBUG org.asynchttpclient.netty.channel.DefaultChannelPool - Closed 1 connections out of 2 in 1 ms
12:22:04.631 [AsyncHttpClient-1-2] DEBUG org.asynchttpclient.netty.handler.HttpHandler - Channel Closed: [id: 0x8c6225a6, L:/127.0.0.1:49927 ! R:localhost/127.0.0.1:50359] with attribute DISCARD
]]></system-out>
    <system-err><![CDATA[Starting ChromeDriver 101.0.4951.41 (93c720db8323b3ec10d056025ab95c23a31997c9-refs/branch-heads/4951@{#904}) on port 50359
Only local connections are allowed.
Please see https://chromedriver.chromium.org/security-considerations for suggestions on keeping ChromeDriver safe.
ChromeDriver was started successfully.
May 11, 2022 12:22:00 PM org.openqa.selenium.remote.ProtocolHandshake createSession
INFO: Detected dialect: W3C
May 11, 2022 12:22:00 PM org.openqa.selenium.devtools.CdpVersionFinder findNearestMatch
WARNING: Unable to find an exact match for CDP version 101, so returning the closest version found: 97
May 11, 2022 12:22:00 PM org.openqa.selenium.devtools.CdpVersionFinder findNearestMatch
INFO: Found CDP implementation for version 101 of 97
]]></system-err>
  </testcase>
  <testcase name="As a user, i able to login successfully" classname="As a user, I want to see home page, So that i can buy books" time="6.511">
    <system-out><![CDATA[12:22:04.712 [main] INFO io.cucumber.core.plugin.SerenityReporter - Running feature from file:///D:/alta%20folder/final%20project/web%20testing/src/test/resources/features/Login.feature
12:22:04.715 [main] DEBUG net.thucydides.core.steps.StepEventBus - Test suite started for story net.thucydides.core.model.Story@1b3af7fc
12:22:04.715 [main] INFO  - Test Suite Started: As a user, I want to see home page, So that i can buy books

Scenario: As a user, i able to login successfully &amp#27;[90m# src/test/resources/features/Login.feature:4&amp#27;[0m
12:22:04.723 [main] INFO io.cucumber.core.plugin.SerenityReporter - Running feature from file:///D:/alta%20folder/final%20project/web%20testing/src/test/resources/features/Login.feature
12:22:04.725 [main] INFO  - 
  _____   ___   ___   _____     ___   _____     _     ___   _____   ___   ___  
 |_   _| | __| / __| |_   _|   / __| |_   _|   /_\   | _ \ |_   _| | __| |   \ 
   | |   | _|  \__ \   | |     \__ \   | |    / _ \  |   /   | |   | _|  | |) |
   |_|   |___| |___/   |_|     |___/   |_|   /_/ \_\ |_|_\   |_|   |___| |___/ 

As a user, i able to login successfully(as-a-user--i-want-to-see-home-page--so-that-i-can-buy-books;as-a-user--i-able-to-login-successfully)
--------------------------------------------------------------------------------
12:22:04.962 [main] DEBUG net.thucydides.core.steps.StepInterceptor - STARTING STEP: LoginSteps.ontheLoginPage - openPage
12:22:04.964 [main] INFO net.serenitybdd.core.webdriver.driverproviders.ChromeDriverProvider - Using automatically driver download
12:22:05.083 [main] DEBUG io.github.bonigarcia.wdm.cache.ResolutionCache - Resolution chrome=101 in cache (valid until 13:12:06 11/05/2022 WITA)
12:22:05.087 [main] DEBUG io.github.bonigarcia.wdm.cache.ResolutionCache - Resolution chrome101=101.0.4951.41 in cache (valid until 21:51:26 11/05/2022 WITA)
12:22:05.088 [main] INFO io.github.bonigarcia.wdm.WebDriverManager - Using chromedriver 101.0.4951.41 (resolved driver for Chrome 101)
12:22:05.102 [main] DEBUG io.github.bonigarcia.wdm.WebDriverManager - Driver chromedriver 101.0.4951.41 found in cache
12:22:05.103 [main] INFO io.github.bonigarcia.wdm.WebDriverManager - Exporting webdriver.chrome.driver as C:\Users\Rev\.cache\selenium\chromedriver\win32\101.0.4951.41\chromedriver.exe
12:22:05.241 [main] DEBUG net.serenitybdd.core.webdriver.driverproviders.ProvideNewDriver - Instantiating driver
12:22:05.241 [main] DEBUG net.serenitybdd.core.webdriver.driverproviders.ProvideNewDriver - Driver capabilities: Capabilities {acceptInsecureCerts: false, base.url: https://qa.alta.id, browserName: chrome, chrome.driver: webdriver/chromedriver.exe, driver: chrome, goog:chromeOptions: {args: [], extensions: []}}
12:22:05.326 [AsyncHttpClient-1-1] DEBUG org.asynchttpclient.netty.channel.DefaultChannelPool - Entry count for : http://localhost:50359 : 1
12:22:05.326 [AsyncHttpClient-1-1] DEBUG org.asynchttpclient.netty.channel.DefaultChannelPool - Adding Candidate expired Channel [id: 0x8c6225a6, L:/127.0.0.1:49927 ! R:localhost/127.0.0.1:50359] isIdleTimeoutExpired=false isRemotelyClosed=true isTtlExpired=false
12:22:05.326 [AsyncHttpClient-1-1] DEBUG org.asynchttpclient.netty.channel.DefaultChannelPool - Closing Idle Channel [id: 0x8c6225a6, L:/127.0.0.1:49927 ! R:localhost/127.0.0.1:50359]
12:22:05.326 [AsyncHttpClient-1-1] DEBUG org.asynchttpclient.netty.channel.DefaultChannelPool - Closed 1 connections out of 1 in 0 ms
12:22:05.462 [AsyncHttpClient-1-5] DEBUG org.asynchttpclient.netty.channel.NettyConnectListener - Using new Channel '[id: 0x34d55b48, L:/127.0.0.1:49955 - R:localhost/127.0.0.1:61430]' for 'POST' to '/session'
12:22:06.129 [AsyncHttpClient-1-5] DEBUG org.asynchttpclient.netty.handler.HttpHandler - 

Request DefaultHttpRequest(decodeResult: success, version: HTTP/1.1)
POST /session HTTP/1.1
User-Agent: selenium/4.1.2 (java windows)
Content-Length: 565
Content-Type: application/json; charset=utf-8
host: localhost:61430
accept: */*

Response DefaultHttpResponse(decodeResult: success, version: HTTP/1.1)
HTTP/1.1 200 OK
Content-Type: application/json; charset=utf-8
cache-control: no-cache
content-length: 788

12:22:06.129 [AsyncHttpClient-1-5] DEBUG org.asynchttpclient.netty.channel.ChannelManager - Adding key: http://localhost:61430 for channel [id: 0x34d55b48, L:/127.0.0.1:49955 - R:localhost/127.0.0.1:61430]
12:22:06.147 [AsyncHttpClient-1-6] DEBUG org.asynchttpclient.netty.channel.NettyConnectListener - Using new Channel '[id: 0x906e38da, L:/127.0.0.1:49963 - R:localhost/127.0.0.1:49956]' for 'GET' to '/json/version'
12:22:06.154 [AsyncHttpClient-1-6] DEBUG org.asynchttpclient.netty.handler.HttpHandler - 

Request DefaultFullHttpRequest(decodeResult: success, version: HTTP/1.1, content: EmptyByteBufBE)
GET /json/version HTTP/1.1
User-Agent: selenium/4.1.2 (java windows)
host: localhost:49956
accept: */*

Response DefaultHttpResponse(decodeResult: success, version: HTTP/1.1)
HTTP/1.1 200 OK
Content-Type: application/json; charset=UTF-8
content-length: 427

12:22:06.155 [AsyncHttpClient-1-6] DEBUG org.asynchttpclient.netty.channel.ChannelManager - Adding key: http://localhost:49956 for channel [id: 0x906e38da, L:/127.0.0.1:49963 - R:localhost/127.0.0.1:49956]
12:22:06.158 [AsyncHttpClient-1-7] DEBUG org.asynchttpclient.netty.channel.NettyConnectListener - Using new Channel '[id: 0x0505c794, L:/127.0.0.1:49964 - R:localhost/127.0.0.1:49956]' for 'GET' to '/devtools/browser/7feb2a23-0dde-4698-9865-7d187356a44b'
12:22:06.166 [AsyncHttpClient-1-7] DEBUG org.asynchttpclient.netty.handler.WebSocketHandler - 

Request DefaultFullHttpRequest(decodeResult: success, version: HTTP/1.1, content: EmptyByteBufBE)
GET /devtools/browser/7feb2a23-0dde-4698-9865-7d187356a44b HTTP/1.1
upgrade: websocket
connection: upgrade
sec-websocket-key: PJzi24l3+v0sQGT3tMPNsw==
sec-websocket-version: 13
origin: http://localhost:49956
host: localhost:49956
accept: */*
user-agent: AHC/2.1

Response DefaultHttpResponse(decodeResult: success, version: HTTP/1.1)
HTTP/1.1 101 WebSocket Protocol Handshake
Upgrade: WebSocket
Connection: Upgrade
Sec-WebSocket-Accept: iSiW3Ct5uGeQ0ybwSLY/javzXEE=

12:22:06.171 [Forwarding get on session 6fb588ece3e3acaaaa3999fba9816254 to remote] DEBUG org.asynchttpclient.netty.request.NettyRequestSender - Using pooled Channel '[id: 0x34d55b48, L:/127.0.0.1:49955 - R:localhost/127.0.0.1:61430]' for 'POST' to 'http://localhost:61430/session/6fb588ece3e3acaaaa3999fba9816254/url'
12:22:06.171 [Forwarding get on session 6fb588ece3e3acaaaa3999fba9816254 to remote] DEBUG org.asynchttpclient.netty.request.NettyRequestSender - Using open Channel [id: 0x34d55b48, L:/127.0.0.1:49955 - R:localhost/127.0.0.1:61430] for POST '/session/6fb588ece3e3acaaaa3999fba9816254/url'
12:22:06.427 [AsyncHttpClient-1-1] DEBUG org.asynchttpclient.netty.channel.DefaultChannelPool - Entry count for : http://localhost:49956 : 1
12:22:06.911 [AsyncHttpClient-1-5] DEBUG org.asynchttpclient.netty.handler.HttpHandler - 

Request DefaultHttpRequest(decodeResult: success, version: HTTP/1.1)
POST /session/6fb588ece3e3acaaaa3999fba9816254/url HTTP/1.1
User-Agent: selenium/4.1.2 (java windows)
Content-Length: 43
Content-Type: application/json; charset=utf-8
host: localhost:61430
accept: */*

Response DefaultHttpResponse(decodeResult: success, version: HTTP/1.1)
HTTP/1.1 200 OK
Content-Type: application/json; charset=utf-8
cache-control: no-cache
content-length: 14

12:22:06.911 [AsyncHttpClient-1-5] DEBUG org.asynchttpclient.netty.channel.ChannelManager - Adding key: http://localhost:61430 for channel [id: 0x34d55b48, L:/127.0.0.1:49955 - R:localhost/127.0.0.1:61430]
12:22:06.913 [Forwarding setTimeout on session 6fb588ece3e3acaaaa3999fba9816254 to remote] DEBUG org.asynchttpclient.netty.request.NettyRequestSender - Using pooled Channel '[id: 0x34d55b48, L:/127.0.0.1:49955 - R:localhost/127.0.0.1:61430]' for 'POST' to 'http://localhost:61430/session/6fb588ece3e3acaaaa3999fba9816254/timeouts'
12:22:06.913 [Forwarding setTimeout on session 6fb588ece3e3acaaaa3999fba9816254 to remote] DEBUG org.asynchttpclient.netty.request.NettyRequestSender - Using open Channel [id: 0x34d55b48, L:/127.0.0.1:49955 - R:localhost/127.0.0.1:61430] for POST '/session/6fb588ece3e3acaaaa3999fba9816254/timeouts'
12:22:06.918 [AsyncHttpClient-1-5] DEBUG org.asynchttpclient.netty.handler.HttpHandler - 

Request DefaultHttpRequest(decodeResult: success, version: HTTP/1.1)
POST /session/6fb588ece3e3acaaaa3999fba9816254/timeouts HTTP/1.1
User-Agent: selenium/4.1.2 (java windows)
Content-Length: 22
Content-Type: application/json; charset=utf-8
host: localhost:61430
accept: */*

Response DefaultHttpResponse(decodeResult: success, version: HTTP/1.1)
HTTP/1.1 200 OK
Content-Type: application/json; charset=utf-8
cache-control: no-cache
content-length: 14

12:22:06.919 [AsyncHttpClient-1-5] DEBUG org.asynchttpclient.netty.channel.ChannelManager - Adding key: http://localhost:61430 for channel [id: 0x34d55b48, L:/127.0.0.1:49955 - R:localhost/127.0.0.1:61430]
12:22:06.922 [Forwarding getCurrentUrl on session 6fb588ece3e3acaaaa3999fba9816254 to remote] DEBUG org.asynchttpclient.netty.request.NettyRequestSender - Using pooled Channel '[id: 0x34d55b48, L:/127.0.0.1:49955 - R:localhost/127.0.0.1:61430]' for 'GET' to 'http://localhost:61430/session/6fb588ece3e3acaaaa3999fba9816254/url'
12:22:06.922 [Forwarding getCurrentUrl on session 6fb588ece3e3acaaaa3999fba9816254 to remote] DEBUG org.asynchttpclient.netty.request.NettyRequestSender - Using open Channel [id: 0x34d55b48, L:/127.0.0.1:49955 - R:localhost/127.0.0.1:61430] for GET '/session/6fb588ece3e3acaaaa3999fba9816254/url'
12:22:06.932 [AsyncHttpClient-1-5] DEBUG org.asynchttpclient.netty.handler.HttpHandler - 

Request DefaultFullHttpRequest(decodeResult: success, version: HTTP/1.1, content: EmptyByteBufBE)
GET /session/6fb588ece3e3acaaaa3999fba9816254/url HTTP/1.1
User-Agent: selenium/4.1.2 (java windows)
Cache-Control: no-cache
Content-Type: application/json; charset=utf-8
host: localhost:61430
accept: */*

Response DefaultHttpResponse(decodeResult: success, version: HTTP/1.1)
HTTP/1.1 200 OK
Content-Type: application/json; charset=utf-8
cache-control: no-cache
content-length: 31

12:22:06.932 [AsyncHttpClient-1-5] DEBUG org.asynchttpclient.netty.channel.ChannelManager - Adding key: http://localhost:61430 for channel [id: 0x34d55b48, L:/127.0.0.1:49955 - R:localhost/127.0.0.1:61430]
12:22:06.936 [Forwarding getCurrentUrl on session 6fb588ece3e3acaaaa3999fba9816254 to remote] DEBUG org.asynchttpclient.netty.request.NettyRequestSender - Using pooled Channel '[id: 0x34d55b48, L:/127.0.0.1:49955 - R:localhost/127.0.0.1:61430]' for 'GET' to 'http://localhost:61430/session/6fb588ece3e3acaaaa3999fba9816254/url'
12:22:06.936 [Forwarding getCurrentUrl on session 6fb588ece3e3acaaaa3999fba9816254 to remote] DEBUG org.asynchttpclient.netty.request.NettyRequestSender - Using open Channel [id: 0x34d55b48, L:/127.0.0.1:49955 - R:localhost/127.0.0.1:61430] for GET '/session/6fb588ece3e3acaaaa3999fba9816254/url'
12:22:06.942 [AsyncHttpClient-1-5] DEBUG org.asynchttpclient.netty.handler.HttpHandler - 

Request DefaultFullHttpRequest(decodeResult: success, version: HTTP/1.1, content: EmptyByteBufBE)
GET /session/6fb588ece3e3acaaaa3999fba9816254/url HTTP/1.1
User-Agent: selenium/4.1.2 (java windows)
Cache-Control: no-cache
Content-Type: application/json; charset=utf-8
host: localhost:61430
accept: */*

Response DefaultHttpResponse(decodeResult: success, version: HTTP/1.1)
HTTP/1.1 200 OK
Content-Type: application/json; charset=utf-8
cache-control: no-cache
content-length: 31

12:22:06.943 [AsyncHttpClient-1-5] DEBUG org.asynchttpclient.netty.channel.ChannelManager - Adding key: http://localhost:61430 for channel [id: 0x34d55b48, L:/127.0.0.1:49955 - R:localhost/127.0.0.1:61430]
12:22:06.949 [main] DEBUG net.serenitybdd.core.photography.Darkroom - Opening darkroom
12:22:06.950 [Forwarding screenshot on session 6fb588ece3e3acaaaa3999fba9816254 to remote] DEBUG org.asynchttpclient.netty.request.NettyRequestSender - Using pooled Channel '[id: 0x34d55b48, L:/127.0.0.1:49955 - R:localhost/127.0.0.1:61430]' for 'GET' to 'http://localhost:61430/session/6fb588ece3e3acaaaa3999fba9816254/screenshot'
12:22:06.950 [Forwarding screenshot on session 6fb588ece3e3acaaaa3999fba9816254 to remote] DEBUG org.asynchttpclient.netty.request.NettyRequestSender - Using open Channel [id: 0x34d55b48, L:/127.0.0.1:49955 - R:localhost/127.0.0.1:61430] for GET '/session/6fb588ece3e3acaaaa3999fba9816254/screenshot'
12:22:06.952 [Darkroom Processing Line] DEBUG net.serenitybdd.core.photography.DarkroomProcessingLine - Darkroom processing line starting up
12:22:07.522 [AsyncHttpClient-1-1] DEBUG org.asynchttpclient.netty.channel.DefaultChannelPool - Entry count for : http://localhost:49956 : 1
12:22:07.797 [AsyncHttpClient-1-5] DEBUG org.asynchttpclient.netty.handler.HttpHandler - 

Request DefaultFullHttpRequest(decodeResult: success, version: HTTP/1.1, content: EmptyByteBufBE)
GET /session/6fb588ece3e3acaaaa3999fba9816254/screenshot HTTP/1.1
User-Agent: selenium/4.1.2 (java windows)
Cache-Control: no-cache
Content-Type: application/json; charset=utf-8
host: localhost:61430
accept: */*

Response DefaultHttpResponse(decodeResult: success, version: HTTP/1.1)
HTTP/1.1 200 OK
Content-Type: application/json; charset=utf-8
cache-control: no-cache
content-length: 62216

12:22:07.798 [AsyncHttpClient-1-5] DEBUG org.asynchttpclient.netty.channel.ChannelManager - Adding key: http://localhost:61430 for channel [id: 0x34d55b48, L:/127.0.0.1:49955 - R:localhost/127.0.0.1:61430]
12:22:07.804 [main] DEBUG net.serenitybdd.core.photography.Darkroom - Send negative for processing for target\site\serenity\d0e3a11f519378e75e145ca7ec5945fbcf8430ec8f85d49df1f8c9df9c016d51.png
12:22:07.804 [main] DEBUG net.thucydides.core.steps.StepInterceptor - STEP DONE: openPage
12:22:07.811 [main] DEBUG net.thucydides.core.steps.StepInterceptor - STARTING STEP: LoginSteps.ontheLoginPage - clickLoginIcon
12:22:07.815 [Forwarding findElement on session 6fb588ece3e3acaaaa3999fba9816254 to remote] DEBUG org.asynchttpclient.netty.request.NettyRequestSender - Using pooled Channel '[id: 0x34d55b48, L:/127.0.0.1:49955 - R:localhost/127.0.0.1:61430]' for 'POST' to 'http://localhost:61430/session/6fb588ece3e3acaaaa3999fba9816254/element'
12:22:07.815 [Forwarding findElement on session 6fb588ece3e3acaaaa3999fba9816254 to remote] DEBUG org.asynchttpclient.netty.request.NettyRequestSender - Using open Channel [id: 0x34d55b48, L:/127.0.0.1:49955 - R:localhost/127.0.0.1:61430] for POST '/session/6fb588ece3e3acaaaa3999fba9816254/element'
12:22:07.836 [AsyncHttpClient-1-5] DEBUG org.asynchttpclient.netty.handler.HttpHandler - 

Request DefaultHttpRequest(decodeResult: success, version: HTTP/1.1)
POST /session/6fb588ece3e3acaaaa3999fba9816254/element HTTP/1.1
User-Agent: selenium/4.1.2 (java windows)
Content-Length: 139
Content-Type: application/json; charset=utf-8
host: localhost:61430
accept: */*

Response DefaultHttpResponse(decodeResult: success, version: HTTP/1.1)
HTTP/1.1 200 OK
Content-Type: application/json; charset=utf-8
cache-control: no-cache
content-length: 88

12:22:07.836 [AsyncHttpClient-1-5] DEBUG org.asynchttpclient.netty.channel.ChannelManager - Adding key: http://localhost:61430 for channel [id: 0x34d55b48, L:/127.0.0.1:49955 - R:localhost/127.0.0.1:61430]
12:22:07.838 [Forwarding getElementTagName on session 6fb588ece3e3acaaaa3999fba9816254 to remote] DEBUG org.asynchttpclient.netty.request.NettyRequestSender - Using pooled Channel '[id: 0x34d55b48, L:/127.0.0.1:49955 - R:localhost/127.0.0.1:61430]' for 'GET' to 'http://localhost:61430/session/6fb588ece3e3acaaaa3999fba9816254/element/3a4daacd-7373-4e2f-aaa4-e3153bd7758f/name'
12:22:07.839 [Forwarding getElementTagName on session 6fb588ece3e3acaaaa3999fba9816254 to remote] DEBUG org.asynchttpclient.netty.request.NettyRequestSender - Using open Channel [id: 0x34d55b48, L:/127.0.0.1:49955 - R:localhost/127.0.0.1:61430] for GET '/session/6fb588ece3e3acaaaa3999fba9816254/element/3a4daacd-7373-4e2f-aaa4-e3153bd7758f/name'
12:22:07.846 [AsyncHttpClient-1-5] DEBUG org.asynchttpclient.netty.handler.HttpHandler - 

Request DefaultFullHttpRequest(decodeResult: success, version: HTTP/1.1, content: EmptyByteBufBE)
GET /session/6fb588ece3e3acaaaa3999fba9816254/element/3a4daacd-7373-4e2f-aaa4-e3153bd7758f/name HTTP/1.1
User-Agent: selenium/4.1.2 (java windows)
Cache-Control: no-cache
Content-Type: application/json; charset=utf-8
host: localhost:61430
accept: */*

Response DefaultHttpResponse(decodeResult: success, version: HTTP/1.1)
HTTP/1.1 200 OK
Content-Type: application/json; charset=utf-8
cache-control: no-cache
content-length: 18

12:22:07.846 [AsyncHttpClient-1-5] DEBUG org.asynchttpclient.netty.channel.ChannelManager - Adding key: http://localhost:61430 for channel [id: 0x34d55b48, L:/127.0.0.1:49955 - R:localhost/127.0.0.1:61430]
12:22:07.848 [Forwarding getElementTagName on session 6fb588ece3e3acaaaa3999fba9816254 to remote] DEBUG org.asynchttpclient.netty.request.NettyRequestSender - Using pooled Channel '[id: 0x34d55b48, L:/127.0.0.1:49955 - R:localhost/127.0.0.1:61430]' for 'GET' to 'http://localhost:61430/session/6fb588ece3e3acaaaa3999fba9816254/element/3a4daacd-7373-4e2f-aaa4-e3153bd7758f/name'
12:22:07.848 [Forwarding getElementTagName on session 6fb588ece3e3acaaaa3999fba9816254 to remote] DEBUG org.asynchttpclient.netty.request.NettyRequestSender - Using open Channel [id: 0x34d55b48, L:/127.0.0.1:49955 - R:localhost/127.0.0.1:61430] for GET '/session/6fb588ece3e3acaaaa3999fba9816254/element/3a4daacd-7373-4e2f-aaa4-e3153bd7758f/name'
12:22:07.856 [AsyncHttpClient-1-5] DEBUG org.asynchttpclient.netty.handler.HttpHandler - 

Request DefaultFullHttpRequest(decodeResult: success, version: HTTP/1.1, content: EmptyByteBufBE)
GET /session/6fb588ece3e3acaaaa3999fba9816254/element/3a4daacd-7373-4e2f-aaa4-e3153bd7758f/name HTTP/1.1
User-Agent: selenium/4.1.2 (java windows)
Cache-Control: no-cache
Content-Type: application/json; charset=utf-8
host: localhost:61430
accept: */*

Response DefaultHttpResponse(decodeResult: success, version: HTTP/1.1)
HTTP/1.1 200 OK
Content-Type: application/json; charset=utf-8
cache-control: no-cache
content-length: 18

12:22:07.856 [AsyncHttpClient-1-5] DEBUG org.asynchttpclient.netty.channel.ChannelManager - Adding key: http://localhost:61430 for channel [id: 0x34d55b48, L:/127.0.0.1:49955 - R:localhost/127.0.0.1:61430]
12:22:07.859 [Forwarding isElementEnabled on session 6fb588ece3e3acaaaa3999fba9816254 to remote] DEBUG org.asynchttpclient.netty.request.NettyRequestSender - Using pooled Channel '[id: 0x34d55b48, L:/127.0.0.1:49955 - R:localhost/127.0.0.1:61430]' for 'GET' to 'http://localhost:61430/session/6fb588ece3e3acaaaa3999fba9816254/element/3a4daacd-7373-4e2f-aaa4-e3153bd7758f/enabled'
12:22:07.860 [Forwarding isElementEnabled on session 6fb588ece3e3acaaaa3999fba9816254 to remote] DEBUG org.asynchttpclient.netty.request.NettyRequestSender - Using open Channel [id: 0x34d55b48, L:/127.0.0.1:49955 - R:localhost/127.0.0.1:61430] for GET '/session/6fb588ece3e3acaaaa3999fba9816254/element/3a4daacd-7373-4e2f-aaa4-e3153bd7758f/enabled'
12:22:07.876 [AsyncHttpClient-1-5] DEBUG org.asynchttpclient.netty.handler.HttpHandler - 

Request DefaultFullHttpRequest(decodeResult: success, version: HTTP/1.1, content: EmptyByteBufBE)
GET /session/6fb588ece3e3acaaaa3999fba9816254/element/3a4daacd-7373-4e2f-aaa4-e3153bd7758f/enabled HTTP/1.1
User-Agent: selenium/4.1.2 (java windows)
Cache-Control: no-cache
Content-Type: application/json; charset=utf-8
host: localhost:61430
accept: */*

Response DefaultHttpResponse(decodeResult: success, version: HTTP/1.1)
HTTP/1.1 200 OK
Content-Type: application/json; charset=utf-8
cache-control: no-cache
content-length: 14

12:22:07.876 [AsyncHttpClient-1-5] DEBUG org.asynchttpclient.netty.channel.ChannelManager - Adding key: http://localhost:61430 for channel [id: 0x34d55b48, L:/127.0.0.1:49955 - R:localhost/127.0.0.1:61430]
12:22:07.878 [Forwarding isElementEnabled on session 6fb588ece3e3acaaaa3999fba9816254 to remote] DEBUG org.asynchttpclient.netty.request.NettyRequestSender - Using pooled Channel '[id: 0x34d55b48, L:/127.0.0.1:49955 - R:localhost/127.0.0.1:61430]' for 'GET' to 'http://localhost:61430/session/6fb588ece3e3acaaaa3999fba9816254/element/3a4daacd-7373-4e2f-aaa4-e3153bd7758f/enabled'
12:22:07.878 [Forwarding isElementEnabled on session 6fb588ece3e3acaaaa3999fba9816254 to remote] DEBUG org.asynchttpclient.netty.request.NettyRequestSender - Using open Channel [id: 0x34d55b48, L:/127.0.0.1:49955 - R:localhost/127.0.0.1:61430] for GET '/session/6fb588ece3e3acaaaa3999fba9816254/element/3a4daacd-7373-4e2f-aaa4-e3153bd7758f/enabled'
12:22:07.891 [AsyncHttpClient-1-5] DEBUG org.asynchttpclient.netty.handler.HttpHandler - 

Request DefaultFullHttpRequest(decodeResult: success, version: HTTP/1.1, content: EmptyByteBufBE)
GET /session/6fb588ece3e3acaaaa3999fba9816254/element/3a4daacd-7373-4e2f-aaa4-e3153bd7758f/enabled HTTP/1.1
User-Agent: selenium/4.1.2 (java windows)
Cache-Control: no-cache
Content-Type: application/json; charset=utf-8
host: localhost:61430
accept: */*

Response DefaultHttpResponse(decodeResult: success, version: HTTP/1.1)
HTTP/1.1 200 OK
Content-Type: application/json; charset=utf-8
cache-control: no-cache
content-length: 14

12:22:07.891 [AsyncHttpClient-1-5] DEBUG org.asynchttpclient.netty.channel.ChannelManager - Adding key: http://localhost:61430 for channel [id: 0x34d55b48, L:/127.0.0.1:49955 - R:localhost/127.0.0.1:61430]
12:22:07.893 [Forwarding findElement on session 6fb588ece3e3acaaaa3999fba9816254 to remote] DEBUG org.asynchttpclient.netty.request.NettyRequestSender - Using pooled Channel '[id: 0x34d55b48, L:/127.0.0.1:49955 - R:localhost/127.0.0.1:61430]' for 'POST' to 'http://localhost:61430/session/6fb588ece3e3acaaaa3999fba9816254/element'
12:22:07.893 [Forwarding findElement on session 6fb588ece3e3acaaaa3999fba9816254 to remote] DEBUG org.asynchttpclient.netty.request.NettyRequestSender - Using open Channel [id: 0x34d55b48, L:/127.0.0.1:49955 - R:localhost/127.0.0.1:61430] for POST '/session/6fb588ece3e3acaaaa3999fba9816254/element'
12:22:07.907 [AsyncHttpClient-1-5] DEBUG org.asynchttpclient.netty.handler.HttpHandler - 

Request DefaultHttpRequest(decodeResult: success, version: HTTP/1.1)
POST /session/6fb588ece3e3acaaaa3999fba9816254/element HTTP/1.1
User-Agent: selenium/4.1.2 (java windows)
Content-Length: 139
Content-Type: application/json; charset=utf-8
host: localhost:61430
accept: */*

Response DefaultHttpResponse(decodeResult: success, version: HTTP/1.1)
HTTP/1.1 200 OK
Content-Type: application/json; charset=utf-8
cache-control: no-cache
content-length: 88

12:22:07.907 [AsyncHttpClient-1-5] DEBUG org.asynchttpclient.netty.channel.ChannelManager - Adding key: http://localhost:61430 for channel [id: 0x34d55b48, L:/127.0.0.1:49955 - R:localhost/127.0.0.1:61430]
12:22:07.909 [Forwarding clickElement on session 6fb588ece3e3acaaaa3999fba9816254 to remote] DEBUG org.asynchttpclient.netty.request.NettyRequestSender - Using pooled Channel '[id: 0x34d55b48, L:/127.0.0.1:49955 - R:localhost/127.0.0.1:61430]' for 'POST' to 'http://localhost:61430/session/6fb588ece3e3acaaaa3999fba9816254/element/3a4daacd-7373-4e2f-aaa4-e3153bd7758f/click'
12:22:07.909 [Forwarding clickElement on session 6fb588ece3e3acaaaa3999fba9816254 to remote] DEBUG org.asynchttpclient.netty.request.NettyRequestSender - Using open Channel [id: 0x34d55b48, L:/127.0.0.1:49955 - R:localhost/127.0.0.1:61430] for POST '/session/6fb588ece3e3acaaaa3999fba9816254/element/3a4daacd-7373-4e2f-aaa4-e3153bd7758f/click'
12:22:07.966 [AsyncHttpClient-1-5] DEBUG org.asynchttpclient.netty.handler.HttpHandler - 

Request DefaultHttpRequest(decodeResult: success, version: HTTP/1.1)
POST /session/6fb588ece3e3acaaaa3999fba9816254/element/3a4daacd-7373-4e2f-aaa4-e3153bd7758f/click HTTP/1.1
User-Agent: selenium/4.1.2 (java windows)
Content-Length: 50
Content-Type: application/json; charset=utf-8
host: localhost:61430
accept: */*

Response DefaultHttpResponse(decodeResult: success, version: HTTP/1.1)
HTTP/1.1 200 OK
Content-Type: application/json; charset=utf-8
cache-control: no-cache
content-length: 14

12:22:07.966 [AsyncHttpClient-1-5] DEBUG org.asynchttpclient.netty.channel.ChannelManager - Adding key: http://localhost:61430 for channel [id: 0x34d55b48, L:/127.0.0.1:49955 - R:localhost/127.0.0.1:61430]
12:22:07.974 [Forwarding screenshot on session 6fb588ece3e3acaaaa3999fba9816254 to remote] DEBUG org.asynchttpclient.netty.request.NettyRequestSender - Using pooled Channel '[id: 0x34d55b48, L:/127.0.0.1:49955 - R:localhost/127.0.0.1:61430]' for 'GET' to 'http://localhost:61430/session/6fb588ece3e3acaaaa3999fba9816254/screenshot'
12:22:07.974 [Forwarding screenshot on session 6fb588ece3e3acaaaa3999fba9816254 to remote] DEBUG org.asynchttpclient.netty.request.NettyRequestSender - Using open Channel [id: 0x34d55b48, L:/127.0.0.1:49955 - R:localhost/127.0.0.1:61430] for GET '/session/6fb588ece3e3acaaaa3999fba9816254/screenshot'
12:22:08.324 [AsyncHttpClient-1-5] DEBUG org.asynchttpclient.netty.handler.HttpHandler - 

Request DefaultFullHttpRequest(decodeResult: success, version: HTTP/1.1, content: EmptyByteBufBE)
GET /session/6fb588ece3e3acaaaa3999fba9816254/screenshot HTTP/1.1
User-Agent: selenium/4.1.2 (java windows)
Cache-Control: no-cache
Content-Type: application/json; charset=utf-8
host: localhost:61430
accept: */*

Response DefaultHttpResponse(decodeResult: success, version: HTTP/1.1)
HTTP/1.1 200 OK
Content-Type: application/json; charset=utf-8
cache-control: no-cache
content-length: 26128

12:22:08.325 [AsyncHttpClient-1-5] DEBUG org.asynchttpclient.netty.channel.ChannelManager - Adding key: http://localhost:61430 for channel [id: 0x34d55b48, L:/127.0.0.1:49955 - R:localhost/127.0.0.1:61430]
12:22:08.327 [main] DEBUG net.serenitybdd.core.photography.Darkroom - Send negative for processing for target\site\serenity\e45e41ed291a3d9e98df0d8c18be0f21d9bbb8a02cdbbaac6866d75f7cfbc5a8.png
12:22:08.328 [main] DEBUG net.thucydides.core.steps.StepInterceptor - STEP DONE: clickLoginIcon
12:22:08.328 [Darkroom Processing Line] DEBUG net.serenitybdd.core.photography.DarkroomProcessingLine - Processing screenshot image in /var/screenshots/screenshot-14105059050166144317
12:22:08.328 [Darkroom Processing Line] DEBUG net.serenitybdd.core.photography.DarkroomProcessingLine - Saving screenshot to target\site\serenity\e45e41ed291a3d9e98df0d8c18be0f21d9bbb8a02cdbbaac6866d75f7cfbc5a8.png
12:22:08.335 [main] DEBUG net.thucydides.core.steps.StepInterceptor - STARTING STEP: LoginSteps.ontheLoginPage - validateonLoginPage
12:22:08.337 [Forwarding findElement on session 6fb588ece3e3acaaaa3999fba9816254 to remote] DEBUG org.asynchttpclient.netty.request.NettyRequestSender - Using pooled Channel '[id: 0x34d55b48, L:/127.0.0.1:49955 - R:localhost/127.0.0.1:61430]' for 'POST' to 'http://localhost:61430/session/6fb588ece3e3acaaaa3999fba9816254/element'
12:22:08.337 [Forwarding findElement on session 6fb588ece3e3acaaaa3999fba9816254 to remote] DEBUG org.asynchttpclient.netty.request.NettyRequestSender - Using open Channel [id: 0x34d55b48, L:/127.0.0.1:49955 - R:localhost/127.0.0.1:61430] for POST '/session/6fb588ece3e3acaaaa3999fba9816254/element'
12:22:08.357 [AsyncHttpClient-1-5] DEBUG org.asynchttpclient.netty.handler.HttpHandler - 

Request DefaultHttpRequest(decodeResult: success, version: HTTP/1.1)
POST /session/6fb588ece3e3acaaaa3999fba9816254/element HTTP/1.1
User-Agent: selenium/4.1.2 (java windows)
Content-Length: 99
Content-Type: application/json; charset=utf-8
host: localhost:61430
accept: */*

Response DefaultHttpResponse(decodeResult: success, version: HTTP/1.1)
HTTP/1.1 200 OK
Content-Type: application/json; charset=utf-8
cache-control: no-cache
content-length: 88

12:22:08.357 [AsyncHttpClient-1-5] DEBUG org.asynchttpclient.netty.channel.ChannelManager - Adding key: http://localhost:61430 for channel [id: 0x34d55b48, L:/127.0.0.1:49955 - R:localhost/127.0.0.1:61430]
12:22:08.362 [Forwarding isElementDisplayed on session 6fb588ece3e3acaaaa3999fba9816254 to remote] DEBUG org.asynchttpclient.netty.request.NettyRequestSender - Using pooled Channel '[id: 0x34d55b48, L:/127.0.0.1:49955 - R:localhost/127.0.0.1:61430]' for 'POST' to 'http://localhost:61430/session/6fb588ece3e3acaaaa3999fba9816254/execute/sync'
12:22:08.363 [Forwarding isElementDisplayed on session 6fb588ece3e3acaaaa3999fba9816254 to remote] DEBUG org.asynchttpclient.netty.request.NettyRequestSender - Using open Channel [id: 0x34d55b48, L:/127.0.0.1:49955 - R:localhost/127.0.0.1:61430] for POST '/session/6fb588ece3e3acaaaa3999fba9816254/execute/sync'
12:22:08.383 [AsyncHttpClient-1-5] DEBUG org.asynchttpclient.netty.handler.HttpHandler - 

Request DefaultHttpRequest(decodeResult: success, version: HTTP/1.1)
POST /session/6fb588ece3e3acaaaa3999fba9816254/execute/sync HTTP/1.1
User-Agent: selenium/4.1.2 (java windows)
Content-Length: 48780
Content-Type: application/json; charset=utf-8
host: localhost:61430
accept: */*

Response DefaultHttpResponse(decodeResult: success, version: HTTP/1.1)
HTTP/1.1 200 OK
Content-Type: application/json; charset=utf-8
cache-control: no-cache
content-length: 14

12:22:08.384 [AsyncHttpClient-1-5] DEBUG org.asynchttpclient.netty.channel.ChannelManager - Adding key: http://localhost:61430 for channel [id: 0x34d55b48, L:/127.0.0.1:49955 - R:localhost/127.0.0.1:61430]
12:22:08.390 [Forwarding screenshot on session 6fb588ece3e3acaaaa3999fba9816254 to remote] DEBUG org.asynchttpclient.netty.request.NettyRequestSender - Using pooled Channel '[id: 0x34d55b48, L:/127.0.0.1:49955 - R:localhost/127.0.0.1:61430]' for 'GET' to 'http://localhost:61430/session/6fb588ece3e3acaaaa3999fba9816254/screenshot'
12:22:08.390 [Forwarding screenshot on session 6fb588ece3e3acaaaa3999fba9816254 to remote] DEBUG org.asynchttpclient.netty.request.NettyRequestSender - Using open Channel [id: 0x34d55b48, L:/127.0.0.1:49955 - R:localhost/127.0.0.1:61430] for GET '/session/6fb588ece3e3acaaaa3999fba9816254/screenshot'
12:22:08.566 [AsyncHttpClient-1-5] DEBUG org.asynchttpclient.netty.handler.HttpHandler - 

Request DefaultFullHttpRequest(decodeResult: success, version: HTTP/1.1, content: EmptyByteBufBE)
GET /session/6fb588ece3e3acaaaa3999fba9816254/screenshot HTTP/1.1
User-Agent: selenium/4.1.2 (java windows)
Cache-Control: no-cache
Content-Type: application/json; charset=utf-8
host: localhost:61430
accept: */*

Response DefaultHttpResponse(decodeResult: success, version: HTTP/1.1)
HTTP/1.1 200 OK
Content-Type: application/json; charset=utf-8
cache-control: no-cache
content-length: 25924

12:22:08.567 [AsyncHttpClient-1-5] DEBUG org.asynchttpclient.netty.channel.ChannelManager - Adding key: http://localhost:61430 for channel [id: 0x34d55b48, L:/127.0.0.1:49955 - R:localhost/127.0.0.1:61430]
12:22:08.569 [main] DEBUG net.serenitybdd.core.photography.Darkroom - Send negative for processing for target\site\serenity\587289de25db5c9dd6f801ef4b905cddfa551c3dd3de4aa3007ce3821b1dd36e.png
12:22:08.570 [main] DEBUG net.thucydides.core.steps.StepInterceptor - STEP DONE: validateonLoginPage
  &amp#27;[32mGiven &amp#27;[0m&amp#27;[32muser on login page&amp#27;[0m                        &amp#27;[90m# starter.definitions.LoginSteps.ontheLoginPage()&amp#27;[0m
12:22:08.570 [Darkroom Processing Line] DEBUG net.serenitybdd.core.photography.DarkroomProcessingLine - Processing screenshot image in /var/screenshots/screenshot-10197611600930270376
12:22:08.570 [Darkroom Processing Line] DEBUG net.serenitybdd.core.photography.DarkroomProcessingLine - Saving screenshot to target\site\serenity\587289de25db5c9dd6f801ef4b905cddfa551c3dd3de4aa3007ce3821b1dd36e.png
12:22:08.586 [main] DEBUG net.thucydides.core.steps.StepInterceptor - STARTING STEP: LoginSteps.ValidEmail - inputEmail
12:22:08.589 [Forwarding findElement on session 6fb588ece3e3acaaaa3999fba9816254 to remote] DEBUG org.asynchttpclient.netty.request.NettyRequestSender - Using pooled Channel '[id: 0x34d55b48, L:/127.0.0.1:49955 - R:localhost/127.0.0.1:61430]' for 'POST' to 'http://localhost:61430/session/6fb588ece3e3acaaaa3999fba9816254/element'
12:22:08.589 [Forwarding findElement on session 6fb588ece3e3acaaaa3999fba9816254 to remote] DEBUG org.asynchttpclient.netty.request.NettyRequestSender - Using open Channel [id: 0x34d55b48, L:/127.0.0.1:49955 - R:localhost/127.0.0.1:61430] for POST '/session/6fb588ece3e3acaaaa3999fba9816254/element'
12:22:08.610 [AsyncHttpClient-1-5] DEBUG org.asynchttpclient.netty.handler.HttpHandler - 

Request DefaultHttpRequest(decodeResult: success, version: HTTP/1.1)
POST /session/6fb588ece3e3acaaaa3999fba9816254/element HTTP/1.1
User-Agent: selenium/4.1.2 (java windows)
Content-Length: 110
Content-Type: application/json; charset=utf-8
host: localhost:61430
accept: */*

Response DefaultHttpResponse(decodeResult: success, version: HTTP/1.1)
HTTP/1.1 200 OK
Content-Type: application/json; charset=utf-8
cache-control: no-cache
content-length: 88

12:22:08.610 [AsyncHttpClient-1-5] DEBUG org.asynchttpclient.netty.channel.ChannelManager - Adding key: http://localhost:61430 for channel [id: 0x34d55b48, L:/127.0.0.1:49955 - R:localhost/127.0.0.1:61430]
12:22:08.612 [Forwarding clearElement on session 6fb588ece3e3acaaaa3999fba9816254 to remote] DEBUG org.asynchttpclient.netty.request.NettyRequestSender - Using pooled Channel '[id: 0x34d55b48, L:/127.0.0.1:49955 - R:localhost/127.0.0.1:61430]' for 'POST' to 'http://localhost:61430/session/6fb588ece3e3acaaaa3999fba9816254/element/ae8a4338-db14-44af-b4b6-11d8bdb68a96/clear'
12:22:08.612 [Forwarding clearElement on session 6fb588ece3e3acaaaa3999fba9816254 to remote] DEBUG org.asynchttpclient.netty.request.NettyRequestSender - Using open Channel [id: 0x34d55b48, L:/127.0.0.1:49955 - R:localhost/127.0.0.1:61430] for POST '/session/6fb588ece3e3acaaaa3999fba9816254/element/ae8a4338-db14-44af-b4b6-11d8bdb68a96/clear'
12:22:08.633 [AsyncHttpClient-1-1] DEBUG org.asynchttpclient.netty.channel.DefaultChannelPool - Entry count for : http://localhost:49956 : 1
12:22:08.670 [AsyncHttpClient-1-5] DEBUG org.asynchttpclient.netty.handler.HttpHandler - 

Request DefaultHttpRequest(decodeResult: success, version: HTTP/1.1)
POST /session/6fb588ece3e3acaaaa3999fba9816254/element/ae8a4338-db14-44af-b4b6-11d8bdb68a96/clear HTTP/1.1
User-Agent: selenium/4.1.2 (java windows)
Content-Length: 50
Content-Type: application/json; charset=utf-8
host: localhost:61430
accept: */*

Response DefaultHttpResponse(decodeResult: success, version: HTTP/1.1)
HTTP/1.1 200 OK
Content-Type: application/json; charset=utf-8
cache-control: no-cache
content-length: 14

12:22:08.671 [AsyncHttpClient-1-5] DEBUG org.asynchttpclient.netty.channel.ChannelManager - Adding key: http://localhost:61430 for channel [id: 0x34d55b48, L:/127.0.0.1:49955 - R:localhost/127.0.0.1:61430]
12:22:08.674 [Forwarding sendKeysToElement on session 6fb588ece3e3acaaaa3999fba9816254 to remote] DEBUG org.asynchttpclient.netty.request.NettyRequestSender - Using pooled Channel '[id: 0x34d55b48, L:/127.0.0.1:49955 - R:localhost/127.0.0.1:61430]' for 'POST' to 'http://localhost:61430/session/6fb588ece3e3acaaaa3999fba9816254/element/ae8a4338-db14-44af-b4b6-11d8bdb68a96/value'
12:22:08.675 [Forwarding sendKeysToElement on session 6fb588ece3e3acaaaa3999fba9816254 to remote] DEBUG org.asynchttpclient.netty.request.NettyRequestSender - Using open Channel [id: 0x34d55b48, L:/127.0.0.1:49955 - R:localhost/127.0.0.1:61430] for POST '/session/6fb588ece3e3acaaaa3999fba9816254/element/ae8a4338-db14-44af-b4b6-11d8bdb68a96/value'
12:22:08.817 [AsyncHttpClient-1-5] DEBUG org.asynchttpclient.netty.handler.HttpHandler - 

Request DefaultHttpRequest(decodeResult: success, version: HTTP/1.1)
POST /session/6fb588ece3e3acaaaa3999fba9816254/element/ae8a4338-db14-44af-b4b6-11d8bdb68a96/value HTTP/1.1
User-Agent: selenium/4.1.2 (java windows)
Content-Length: 241
Content-Type: application/json; charset=utf-8
host: localhost:61430
accept: */*

Response DefaultHttpResponse(decodeResult: success, version: HTTP/1.1)
HTTP/1.1 200 OK
Content-Type: application/json; charset=utf-8
cache-control: no-cache
content-length: 14

12:22:08.818 [AsyncHttpClient-1-5] DEBUG org.asynchttpclient.netty.channel.ChannelManager - Adding key: http://localhost:61430 for channel [id: 0x34d55b48, L:/127.0.0.1:49955 - R:localhost/127.0.0.1:61430]
12:22:08.827 [Forwarding screenshot on session 6fb588ece3e3acaaaa3999fba9816254 to remote] DEBUG org.asynchttpclient.netty.request.NettyRequestSender - Using pooled Channel '[id: 0x34d55b48, L:/127.0.0.1:49955 - R:localhost/127.0.0.1:61430]' for 'GET' to 'http://localhost:61430/session/6fb588ece3e3acaaaa3999fba9816254/screenshot'
12:22:08.827 [Forwarding screenshot on session 6fb588ece3e3acaaaa3999fba9816254 to remote] DEBUG org.asynchttpclient.netty.request.NettyRequestSender - Using open Channel [id: 0x34d55b48, L:/127.0.0.1:49955 - R:localhost/127.0.0.1:61430] for GET '/session/6fb588ece3e3acaaaa3999fba9816254/screenshot'
12:22:09.099 [AsyncHttpClient-1-5] DEBUG org.asynchttpclient.netty.handler.HttpHandler - 

Request DefaultFullHttpRequest(decodeResult: success, version: HTTP/1.1, content: EmptyByteBufBE)
GET /session/6fb588ece3e3acaaaa3999fba9816254/screenshot HTTP/1.1
User-Agent: selenium/4.1.2 (java windows)
Cache-Control: no-cache
Content-Type: application/json; charset=utf-8
host: localhost:61430
accept: */*

Response DefaultHttpResponse(decodeResult: success, version: HTTP/1.1)
HTTP/1.1 200 OK
Content-Type: application/json; charset=utf-8
cache-control: no-cache
content-length: 30040

12:22:09.100 [AsyncHttpClient-1-5] DEBUG org.asynchttpclient.netty.channel.ChannelManager - Adding key: http://localhost:61430 for channel [id: 0x34d55b48, L:/127.0.0.1:49955 - R:localhost/127.0.0.1:61430]
12:22:09.102 [main] DEBUG net.serenitybdd.core.photography.Darkroom - Send negative for processing for target\site\serenity\8989fa5a24fdeef617102adfbe8a8287db65372b8d8092b9e51b4f32fca22141.png
12:22:09.103 [main] DEBUG net.thucydides.core.steps.StepInterceptor - STEP DONE: inputEmail
  &amp#27;[32mWhen &amp#27;[0m&amp#27;[32muser input valid email&amp#27;[0m                     &amp#27;[90m# starter.definitions.LoginSteps.ValidEmail()&amp#27;[0m
12:22:09.103 [Darkroom Processing Line] DEBUG net.serenitybdd.core.photography.DarkroomProcessingLine - Processing screenshot image in /var/screenshots/screenshot-1860786991632457767
12:22:09.103 [Darkroom Processing Line] DEBUG net.serenitybdd.core.photography.DarkroomProcessingLine - Saving screenshot to target\site\serenity\8989fa5a24fdeef617102adfbe8a8287db65372b8d8092b9e51b4f32fca22141.png
12:22:09.119 [main] DEBUG net.thucydides.core.steps.StepInterceptor - STARTING STEP: LoginSteps.ValidPassword - inputPassword
12:22:09.122 [Forwarding findElement on session 6fb588ece3e3acaaaa3999fba9816254 to remote] DEBUG org.asynchttpclient.netty.request.NettyRequestSender - Using pooled Channel '[id: 0x34d55b48, L:/127.0.0.1:49955 - R:localhost/127.0.0.1:61430]' for 'POST' to 'http://localhost:61430/session/6fb588ece3e3acaaaa3999fba9816254/element'
12:22:09.122 [Forwarding findElement on session 6fb588ece3e3acaaaa3999fba9816254 to remote] DEBUG org.asynchttpclient.netty.request.NettyRequestSender - Using open Channel [id: 0x34d55b48, L:/127.0.0.1:49955 - R:localhost/127.0.0.1:61430] for POST '/session/6fb588ece3e3acaaaa3999fba9816254/element'
12:22:09.139 [AsyncHttpClient-1-5] DEBUG org.asynchttpclient.netty.handler.HttpHandler - 

Request DefaultHttpRequest(decodeResult: success, version: HTTP/1.1)
POST /session/6fb588ece3e3acaaaa3999fba9816254/element HTTP/1.1
User-Agent: selenium/4.1.2 (java windows)
Content-Length: 113
Content-Type: application/json; charset=utf-8
host: localhost:61430
accept: */*

Response DefaultHttpResponse(decodeResult: success, version: HTTP/1.1)
HTTP/1.1 200 OK
Content-Type: application/json; charset=utf-8
cache-control: no-cache
content-length: 88

12:22:09.139 [AsyncHttpClient-1-5] DEBUG org.asynchttpclient.netty.channel.ChannelManager - Adding key: http://localhost:61430 for channel [id: 0x34d55b48, L:/127.0.0.1:49955 - R:localhost/127.0.0.1:61430]
12:22:09.141 [Forwarding clearElement on session 6fb588ece3e3acaaaa3999fba9816254 to remote] DEBUG org.asynchttpclient.netty.request.NettyRequestSender - Using pooled Channel '[id: 0x34d55b48, L:/127.0.0.1:49955 - R:localhost/127.0.0.1:61430]' for 'POST' to 'http://localhost:61430/session/6fb588ece3e3acaaaa3999fba9816254/element/959072d2-6c47-4116-945b-4f6aafc19e9a/clear'
12:22:09.141 [Forwarding clearElement on session 6fb588ece3e3acaaaa3999fba9816254 to remote] DEBUG org.asynchttpclient.netty.request.NettyRequestSender - Using open Channel [id: 0x34d55b48, L:/127.0.0.1:49955 - R:localhost/127.0.0.1:61430] for POST '/session/6fb588ece3e3acaaaa3999fba9816254/element/959072d2-6c47-4116-945b-4f6aafc19e9a/clear'
12:22:09.179 [AsyncHttpClient-1-5] DEBUG org.asynchttpclient.netty.handler.HttpHandler - 

Request DefaultHttpRequest(decodeResult: success, version: HTTP/1.1)
POST /session/6fb588ece3e3acaaaa3999fba9816254/element/959072d2-6c47-4116-945b-4f6aafc19e9a/clear HTTP/1.1
User-Agent: selenium/4.1.2 (java windows)
Content-Length: 50
Content-Type: application/json; charset=utf-8
host: localhost:61430
accept: */*

Response DefaultHttpResponse(decodeResult: success, version: HTTP/1.1)
HTTP/1.1 200 OK
Content-Type: application/json; charset=utf-8
cache-control: no-cache
content-length: 14

12:22:09.180 [AsyncHttpClient-1-5] DEBUG org.asynchttpclient.netty.channel.ChannelManager - Adding key: http://localhost:61430 for channel [id: 0x34d55b48, L:/127.0.0.1:49955 - R:localhost/127.0.0.1:61430]
12:22:09.182 [Forwarding sendKeysToElement on session 6fb588ece3e3acaaaa3999fba9816254 to remote] DEBUG org.asynchttpclient.netty.request.NettyRequestSender - Using pooled Channel '[id: 0x34d55b48, L:/127.0.0.1:49955 - R:localhost/127.0.0.1:61430]' for 'POST' to 'http://localhost:61430/session/6fb588ece3e3acaaaa3999fba9816254/element/959072d2-6c47-4116-945b-4f6aafc19e9a/value'
12:22:09.182 [Forwarding sendKeysToElement on session 6fb588ece3e3acaaaa3999fba9816254 to remote] DEBUG org.asynchttpclient.netty.request.NettyRequestSender - Using open Channel [id: 0x34d55b48, L:/127.0.0.1:49955 - R:localhost/127.0.0.1:61430] for POST '/session/6fb588ece3e3acaaaa3999fba9816254/element/959072d2-6c47-4116-945b-4f6aafc19e9a/value'
12:22:09.257 [AsyncHttpClient-1-5] DEBUG org.asynchttpclient.netty.handler.HttpHandler - 

Request DefaultHttpRequest(decodeResult: success, version: HTTP/1.1)
POST /session/6fb588ece3e3acaaaa3999fba9816254/element/959072d2-6c47-4116-945b-4f6aafc19e9a/value HTTP/1.1
User-Agent: selenium/4.1.2 (java windows)
Content-Length: 121
Content-Type: application/json; charset=utf-8
host: localhost:61430
accept: */*

Response DefaultHttpResponse(decodeResult: success, version: HTTP/1.1)
HTTP/1.1 200 OK
Content-Type: application/json; charset=utf-8
cache-control: no-cache
content-length: 14

12:22:09.257 [AsyncHttpClient-1-5] DEBUG org.asynchttpclient.netty.channel.ChannelManager - Adding key: http://localhost:61430 for channel [id: 0x34d55b48, L:/127.0.0.1:49955 - R:localhost/127.0.0.1:61430]
12:22:09.263 [Forwarding screenshot on session 6fb588ece3e3acaaaa3999fba9816254 to remote] DEBUG org.asynchttpclient.netty.request.NettyRequestSender - Using pooled Channel '[id: 0x34d55b48, L:/127.0.0.1:49955 - R:localhost/127.0.0.1:61430]' for 'GET' to 'http://localhost:61430/session/6fb588ece3e3acaaaa3999fba9816254/screenshot'
12:22:09.264 [Forwarding screenshot on session 6fb588ece3e3acaaaa3999fba9816254 to remote] DEBUG org.asynchttpclient.netty.request.NettyRequestSender - Using open Channel [id: 0x34d55b48, L:/127.0.0.1:49955 - R:localhost/127.0.0.1:61430] for GET '/session/6fb588ece3e3acaaaa3999fba9816254/screenshot'
12:22:09.502 [AsyncHttpClient-1-5] DEBUG org.asynchttpclient.netty.handler.HttpHandler - 

Request DefaultFullHttpRequest(decodeResult: success, version: HTTP/1.1, content: EmptyByteBufBE)
GET /session/6fb588ece3e3acaaaa3999fba9816254/screenshot HTTP/1.1
User-Agent: selenium/4.1.2 (java windows)
Cache-Control: no-cache
Content-Type: application/json; charset=utf-8
host: localhost:61430
accept: */*

Response DefaultHttpResponse(decodeResult: success, version: HTTP/1.1)
HTTP/1.1 200 OK
Content-Type: application/json; charset=utf-8
cache-control: no-cache
content-length: 29688

12:22:09.503 [AsyncHttpClient-1-5] DEBUG org.asynchttpclient.netty.channel.ChannelManager - Adding key: http://localhost:61430 for channel [id: 0x34d55b48, L:/127.0.0.1:49955 - R:localhost/127.0.0.1:61430]
12:22:09.505 [main] DEBUG net.serenitybdd.core.photography.Darkroom - Send negative for processing for target\site\serenity\446f3698a844d47833b3579edcc96675dd1d3e5f0da6812657b9b32cadb3221f.png
12:22:09.505 [main] DEBUG net.thucydides.core.steps.StepInterceptor - STEP DONE: inputPassword
  &amp#27;[32mAnd &amp#27;[0m&amp#27;[32muser input valid password&amp#27;[0m                   &amp#27;[90m# starter.definitions.LoginSteps.ValidPassword()&amp#27;[0m
12:22:09.505 [Darkroom Processing Line] DEBUG net.serenitybdd.core.photography.DarkroomProcessingLine - Processing screenshot image in /var/screenshots/screenshot-15036784907801235912
12:22:09.505 [Darkroom Processing Line] DEBUG net.serenitybdd.core.photography.DarkroomProcessingLine - Saving screenshot to target\site\serenity\446f3698a844d47833b3579edcc96675dd1d3e5f0da6812657b9b32cadb3221f.png
12:22:09.526 [main] DEBUG net.thucydides.core.steps.StepInterceptor - STARTING STEP: LoginSteps.LoginButton - clickloginButton
12:22:09.529 [Forwarding findElement on session 6fb588ece3e3acaaaa3999fba9816254 to remote] DEBUG org.asynchttpclient.netty.request.NettyRequestSender - Using pooled Channel '[id: 0x34d55b48, L:/127.0.0.1:49955 - R:localhost/127.0.0.1:61430]' for 'POST' to 'http://localhost:61430/session/6fb588ece3e3acaaaa3999fba9816254/element'
12:22:09.529 [Forwarding findElement on session 6fb588ece3e3acaaaa3999fba9816254 to remote] DEBUG org.asynchttpclient.netty.request.NettyRequestSender - Using open Channel [id: 0x34d55b48, L:/127.0.0.1:49955 - R:localhost/127.0.0.1:61430] for POST '/session/6fb588ece3e3acaaaa3999fba9816254/element'
12:22:09.546 [AsyncHttpClient-1-5] DEBUG org.asynchttpclient.netty.handler.HttpHandler - 

Request DefaultHttpRequest(decodeResult: success, version: HTTP/1.1)
POST /session/6fb588ece3e3acaaaa3999fba9816254/element HTTP/1.1
User-Agent: selenium/4.1.2 (java windows)
Content-Length: 99
Content-Type: application/json; charset=utf-8
host: localhost:61430
accept: */*

Response DefaultHttpResponse(decodeResult: success, version: HTTP/1.1)
HTTP/1.1 200 OK
Content-Type: application/json; charset=utf-8
cache-control: no-cache
content-length: 88

12:22:09.546 [AsyncHttpClient-1-5] DEBUG org.asynchttpclient.netty.channel.ChannelManager - Adding key: http://localhost:61430 for channel [id: 0x34d55b48, L:/127.0.0.1:49955 - R:localhost/127.0.0.1:61430]
12:22:09.548 [Forwarding getElementTagName on session 6fb588ece3e3acaaaa3999fba9816254 to remote] DEBUG org.asynchttpclient.netty.request.NettyRequestSender - Using pooled Channel '[id: 0x34d55b48, L:/127.0.0.1:49955 - R:localhost/127.0.0.1:61430]' for 'GET' to 'http://localhost:61430/session/6fb588ece3e3acaaaa3999fba9816254/element/0d74b1df-4afe-4167-8313-24f3ad7e81ba/name'
12:22:09.548 [Forwarding getElementTagName on session 6fb588ece3e3acaaaa3999fba9816254 to remote] DEBUG org.asynchttpclient.netty.request.NettyRequestSender - Using open Channel [id: 0x34d55b48, L:/127.0.0.1:49955 - R:localhost/127.0.0.1:61430] for GET '/session/6fb588ece3e3acaaaa3999fba9816254/element/0d74b1df-4afe-4167-8313-24f3ad7e81ba/name'
12:22:09.559 [AsyncHttpClient-1-5] DEBUG org.asynchttpclient.netty.handler.HttpHandler - 

Request DefaultFullHttpRequest(decodeResult: success, version: HTTP/1.1, content: EmptyByteBufBE)
GET /session/6fb588ece3e3acaaaa3999fba9816254/element/0d74b1df-4afe-4167-8313-24f3ad7e81ba/name HTTP/1.1
User-Agent: selenium/4.1.2 (java windows)
Cache-Control: no-cache
Content-Type: application/json; charset=utf-8
host: localhost:61430
accept: */*

Response DefaultHttpResponse(decodeResult: success, version: HTTP/1.1)
HTTP/1.1 200 OK
Content-Type: application/json; charset=utf-8
cache-control: no-cache
content-length: 18

12:22:09.560 [AsyncHttpClient-1-5] DEBUG org.asynchttpclient.netty.channel.ChannelManager - Adding key: http://localhost:61430 for channel [id: 0x34d55b48, L:/127.0.0.1:49955 - R:localhost/127.0.0.1:61430]
12:22:09.561 [Forwarding getElementTagName on session 6fb588ece3e3acaaaa3999fba9816254 to remote] DEBUG org.asynchttpclient.netty.request.NettyRequestSender - Using pooled Channel '[id: 0x34d55b48, L:/127.0.0.1:49955 - R:localhost/127.0.0.1:61430]' for 'GET' to 'http://localhost:61430/session/6fb588ece3e3acaaaa3999fba9816254/element/0d74b1df-4afe-4167-8313-24f3ad7e81ba/name'
12:22:09.562 [Forwarding getElementTagName on session 6fb588ece3e3acaaaa3999fba9816254 to remote] DEBUG org.asynchttpclient.netty.request.NettyRequestSender - Using open Channel [id: 0x34d55b48, L:/127.0.0.1:49955 - R:localhost/127.0.0.1:61430] for GET '/session/6fb588ece3e3acaaaa3999fba9816254/element/0d74b1df-4afe-4167-8313-24f3ad7e81ba/name'
12:22:09.573 [AsyncHttpClient-1-5] DEBUG org.asynchttpclient.netty.handler.HttpHandler - 

Request DefaultFullHttpRequest(decodeResult: success, version: HTTP/1.1, content: EmptyByteBufBE)
GET /session/6fb588ece3e3acaaaa3999fba9816254/element/0d74b1df-4afe-4167-8313-24f3ad7e81ba/name HTTP/1.1
User-Agent: selenium/4.1.2 (java windows)
Cache-Control: no-cache
Content-Type: application/json; charset=utf-8
host: localhost:61430
accept: */*

Response DefaultHttpResponse(decodeResult: success, version: HTTP/1.1)
HTTP/1.1 200 OK
Content-Type: application/json; charset=utf-8
cache-control: no-cache
content-length: 18

12:22:09.573 [AsyncHttpClient-1-5] DEBUG org.asynchttpclient.netty.channel.ChannelManager - Adding key: http://localhost:61430 for channel [id: 0x34d55b48, L:/127.0.0.1:49955 - R:localhost/127.0.0.1:61430]
12:22:09.576 [Forwarding isElementEnabled on session 6fb588ece3e3acaaaa3999fba9816254 to remote] DEBUG org.asynchttpclient.netty.request.NettyRequestSender - Using pooled Channel '[id: 0x34d55b48, L:/127.0.0.1:49955 - R:localhost/127.0.0.1:61430]' for 'GET' to 'http://localhost:61430/session/6fb588ece3e3acaaaa3999fba9816254/element/0d74b1df-4afe-4167-8313-24f3ad7e81ba/enabled'
12:22:09.576 [Forwarding isElementEnabled on session 6fb588ece3e3acaaaa3999fba9816254 to remote] DEBUG org.asynchttpclient.netty.request.NettyRequestSender - Using open Channel [id: 0x34d55b48, L:/127.0.0.1:49955 - R:localhost/127.0.0.1:61430] for GET '/session/6fb588ece3e3acaaaa3999fba9816254/element/0d74b1df-4afe-4167-8313-24f3ad7e81ba/enabled'
12:22:09.594 [AsyncHttpClient-1-5] DEBUG org.asynchttpclient.netty.handler.HttpHandler - 

Request DefaultFullHttpRequest(decodeResult: success, version: HTTP/1.1, content: EmptyByteBufBE)
GET /session/6fb588ece3e3acaaaa3999fba9816254/element/0d74b1df-4afe-4167-8313-24f3ad7e81ba/enabled HTTP/1.1
User-Agent: selenium/4.1.2 (java windows)
Cache-Control: no-cache
Content-Type: application/json; charset=utf-8
host: localhost:61430
accept: */*

Response DefaultHttpResponse(decodeResult: success, version: HTTP/1.1)
HTTP/1.1 200 OK
Content-Type: application/json; charset=utf-8
cache-control: no-cache
content-length: 14

12:22:09.594 [AsyncHttpClient-1-5] DEBUG org.asynchttpclient.netty.channel.ChannelManager - Adding key: http://localhost:61430 for channel [id: 0x34d55b48, L:/127.0.0.1:49955 - R:localhost/127.0.0.1:61430]
12:22:09.596 [Forwarding isElementEnabled on session 6fb588ece3e3acaaaa3999fba9816254 to remote] DEBUG org.asynchttpclient.netty.request.NettyRequestSender - Using pooled Channel '[id: 0x34d55b48, L:/127.0.0.1:49955 - R:localhost/127.0.0.1:61430]' for 'GET' to 'http://localhost:61430/session/6fb588ece3e3acaaaa3999fba9816254/element/0d74b1df-4afe-4167-8313-24f3ad7e81ba/enabled'
12:22:09.596 [Forwarding isElementEnabled on session 6fb588ece3e3acaaaa3999fba9816254 to remote] DEBUG org.asynchttpclient.netty.request.NettyRequestSender - Using open Channel [id: 0x34d55b48, L:/127.0.0.1:49955 - R:localhost/127.0.0.1:61430] for GET '/session/6fb588ece3e3acaaaa3999fba9816254/element/0d74b1df-4afe-4167-8313-24f3ad7e81ba/enabled'
12:22:09.607 [AsyncHttpClient-1-5] DEBUG org.asynchttpclient.netty.handler.HttpHandler - 

Request DefaultFullHttpRequest(decodeResult: success, version: HTTP/1.1, content: EmptyByteBufBE)
GET /session/6fb588ece3e3acaaaa3999fba9816254/element/0d74b1df-4afe-4167-8313-24f3ad7e81ba/enabled HTTP/1.1
User-Agent: selenium/4.1.2 (java windows)
Cache-Control: no-cache
Content-Type: application/json; charset=utf-8
host: localhost:61430
accept: */*

Response DefaultHttpResponse(decodeResult: success, version: HTTP/1.1)
HTTP/1.1 200 OK
Content-Type: application/json; charset=utf-8
cache-control: no-cache
content-length: 14

12:22:09.607 [AsyncHttpClient-1-5] DEBUG org.asynchttpclient.netty.channel.ChannelManager - Adding key: http://localhost:61430 for channel [id: 0x34d55b48, L:/127.0.0.1:49955 - R:localhost/127.0.0.1:61430]
12:22:09.610 [Forwarding findElement on session 6fb588ece3e3acaaaa3999fba9816254 to remote] DEBUG org.asynchttpclient.netty.request.NettyRequestSender - Using pooled Channel '[id: 0x34d55b48, L:/127.0.0.1:49955 - R:localhost/127.0.0.1:61430]' for 'POST' to 'http://localhost:61430/session/6fb588ece3e3acaaaa3999fba9816254/element'
12:22:09.610 [Forwarding findElement on session 6fb588ece3e3acaaaa3999fba9816254 to remote] DEBUG org.asynchttpclient.netty.request.NettyRequestSender - Using open Channel [id: 0x34d55b48, L:/127.0.0.1:49955 - R:localhost/127.0.0.1:61430] for POST '/session/6fb588ece3e3acaaaa3999fba9816254/element'
12:22:09.617 [AsyncHttpClient-1-5] DEBUG org.asynchttpclient.netty.handler.HttpHandler - 

Request DefaultHttpRequest(decodeResult: success, version: HTTP/1.1)
POST /session/6fb588ece3e3acaaaa3999fba9816254/element HTTP/1.1
User-Agent: selenium/4.1.2 (java windows)
Content-Length: 99
Content-Type: application/json; charset=utf-8
host: localhost:61430
accept: */*

Response DefaultHttpResponse(decodeResult: success, version: HTTP/1.1)
HTTP/1.1 200 OK
Content-Type: application/json; charset=utf-8
cache-control: no-cache
content-length: 88

12:22:09.617 [AsyncHttpClient-1-5] DEBUG org.asynchttpclient.netty.channel.ChannelManager - Adding key: http://localhost:61430 for channel [id: 0x34d55b48, L:/127.0.0.1:49955 - R:localhost/127.0.0.1:61430]
12:22:09.620 [Forwarding clickElement on session 6fb588ece3e3acaaaa3999fba9816254 to remote] DEBUG org.asynchttpclient.netty.request.NettyRequestSender - Using pooled Channel '[id: 0x34d55b48, L:/127.0.0.1:49955 - R:localhost/127.0.0.1:61430]' for 'POST' to 'http://localhost:61430/session/6fb588ece3e3acaaaa3999fba9816254/element/0d74b1df-4afe-4167-8313-24f3ad7e81ba/click'
12:22:09.620 [Forwarding clickElement on session 6fb588ece3e3acaaaa3999fba9816254 to remote] DEBUG org.asynchttpclient.netty.request.NettyRequestSender - Using open Channel [id: 0x34d55b48, L:/127.0.0.1:49955 - R:localhost/127.0.0.1:61430] for POST '/session/6fb588ece3e3acaaaa3999fba9816254/element/0d74b1df-4afe-4167-8313-24f3ad7e81ba/click'
12:22:09.662 [AsyncHttpClient-1-5] DEBUG org.asynchttpclient.netty.handler.HttpHandler - 

Request DefaultHttpRequest(decodeResult: success, version: HTTP/1.1)
POST /session/6fb588ece3e3acaaaa3999fba9816254/element/0d74b1df-4afe-4167-8313-24f3ad7e81ba/click HTTP/1.1
User-Agent: selenium/4.1.2 (java windows)
Content-Length: 50
Content-Type: application/json; charset=utf-8
host: localhost:61430
accept: */*

Response DefaultHttpResponse(decodeResult: success, version: HTTP/1.1)
HTTP/1.1 200 OK
Content-Type: application/json; charset=utf-8
cache-control: no-cache
content-length: 14

12:22:09.662 [AsyncHttpClient-1-5] DEBUG org.asynchttpclient.netty.channel.ChannelManager - Adding key: http://localhost:61430 for channel [id: 0x34d55b48, L:/127.0.0.1:49955 - R:localhost/127.0.0.1:61430]
12:22:09.669 [Forwarding screenshot on session 6fb588ece3e3acaaaa3999fba9816254 to remote] DEBUG org.asynchttpclient.netty.request.NettyRequestSender - Using pooled Channel '[id: 0x34d55b48, L:/127.0.0.1:49955 - R:localhost/127.0.0.1:61430]' for 'GET' to 'http://localhost:61430/session/6fb588ece3e3acaaaa3999fba9816254/screenshot'
12:22:09.669 [Forwarding screenshot on session 6fb588ece3e3acaaaa3999fba9816254 to remote] DEBUG org.asynchttpclient.netty.request.NettyRequestSender - Using open Channel [id: 0x34d55b48, L:/127.0.0.1:49955 - R:localhost/127.0.0.1:61430] for GET '/session/6fb588ece3e3acaaaa3999fba9816254/screenshot'
12:22:09.734 [AsyncHttpClient-1-1] DEBUG org.asynchttpclient.netty.channel.DefaultChannelPool - Entry count for : http://localhost:49956 : 1
12:22:10.262 [AsyncHttpClient-1-5] DEBUG org.asynchttpclient.netty.handler.HttpHandler - 

Request DefaultFullHttpRequest(decodeResult: success, version: HTTP/1.1, content: EmptyByteBufBE)
GET /session/6fb588ece3e3acaaaa3999fba9816254/screenshot HTTP/1.1
User-Agent: selenium/4.1.2 (java windows)
Cache-Control: no-cache
Content-Type: application/json; charset=utf-8
host: localhost:61430
accept: */*

Response DefaultHttpResponse(decodeResult: success, version: HTTP/1.1)
HTTP/1.1 200 OK
Content-Type: application/json; charset=utf-8
cache-control: no-cache
content-length: 23856

12:22:10.263 [AsyncHttpClient-1-5] DEBUG org.asynchttpclient.netty.channel.ChannelManager - Adding key: http://localhost:61430 for channel [id: 0x34d55b48, L:/127.0.0.1:49955 - R:localhost/127.0.0.1:61430]
12:22:10.265 [main] DEBUG net.serenitybdd.core.photography.Darkroom - Send negative for processing for target\site\serenity\a5359eb86fb5bcd30ad733a4dcc0dc17d2d5f48de9dda25a025388ad830e967c.png
12:22:10.265 [main] DEBUG net.thucydides.core.steps.StepInterceptor - STEP DONE: clickloginButton
  &amp#27;[32mAnd &amp#27;[0m&amp#27;[32mclick login button&amp#27;[0m                          &amp#27;[90m# starter.definitions.LoginSteps.LoginButton()&amp#27;[0m
12:22:10.265 [Darkroom Processing Line] DEBUG net.serenitybdd.core.photography.DarkroomProcessingLine - Processing screenshot image in /var/screenshots/screenshot-10406342593463961032
12:22:10.265 [Darkroom Processing Line] DEBUG net.serenitybdd.core.photography.DarkroomProcessingLine - Saving screenshot to target\site\serenity\a5359eb86fb5bcd30ad733a4dcc0dc17d2d5f48de9dda25a025388ad830e967c.png
  &amp#27;[32mThen &amp#27;[0m&amp#27;[32mI am on the home pages&amp#27;[0m                     &amp#27;[90m# starter.definitions.LoginSteps.iAmOnTheHomePages()&amp#27;[0m
12:22:10.280 [main] INFO  - 
  _____   ___   ___   _____     ___     _     ___   ___   ___   ___  
 |_   _| | __| / __| |_   _|   | _ \   /_\   / __| / __| | __| |   \ 
   | |   | _|  \__ \   | |     |  _/  / _ \  \__ \ \__ \ | _|  | |) |
   |_|   |___| |___/   |_|     |_|   /_/ \_\ |___/ |___/ |___| |___/ 

As a user, i able to login successfully
----------------------------------------------------------------------
12:22:10.281 [AsyncHttpClient-1-7] DEBUG org.asynchttpclient.netty.handler.WebSocketHandler - Channel Closed: [id: 0x0505c794, L:/127.0.0.1:49964 ! R:localhost/127.0.0.1:49956] with attribute NettyResponseFuture{currentRetry=5,
	isDone=1,
	isCancelled=0,
	asyncHandler=org.asynchttpclient.ws.WebSocketUpgradeHandler@6b8c9990,
	nettyRequest=org.asynchttpclient.netty.request.NettyRequest@2e8e1a85,
	future=java.util.concurrent.CompletableFuture@682b0e46[Completed normally],
	uri=ws://localhost:49956/devtools/browser/7feb2a23-0dde-4698-9865-7d187356a44b,
	keepAlive=true,
	redirectCount=0,
	timeoutsHolder=null,
	inAuth=0,
	touch=1652242926166}
12:22:10.281 [AsyncHttpClient-1-7] DEBUG org.asynchttpclient.netty.channel.ChannelManager - Closing Channel [id: 0x0505c794, L:/127.0.0.1:49964 ! R:localhost/127.0.0.1:49956] 
12:22:10.284 [Driver Command Executor] DEBUG org.asynchttpclient.netty.request.NettyRequestSender - Using pooled Channel '[id: 0x34d55b48, L:/127.0.0.1:49955 - R:localhost/127.0.0.1:61430]' for 'DELETE' to 'http://localhost:61430/session/6fb588ece3e3acaaaa3999fba9816254'
12:22:10.284 [Driver Command Executor] DEBUG org.asynchttpclient.netty.request.NettyRequestSender - Using open Channel [id: 0x34d55b48, L:/127.0.0.1:49955 - R:localhost/127.0.0.1:61430] for DELETE '/session/6fb588ece3e3acaaaa3999fba9816254'
12:22:10.461 [AsyncHttpClient-1-6] DEBUG org.asynchttpclient.netty.handler.HttpHandler - Unexpected I/O exception on channel [id: 0x906e38da, L:/127.0.0.1:49963 - R:localhost/127.0.0.1:49956]
java.net.SocketException: Connection reset
	at java.base/sun.nio.ch.SocketChannelImpl.throwConnectionReset(SocketChannelImpl.java:394)
	at java.base/sun.nio.ch.SocketChannelImpl.read(SocketChannelImpl.java:426)
	at io.netty.buffer.PooledByteBuf.setBytes(PooledByteBuf.java:258)
	at io.netty.buffer.AbstractByteBuf.writeBytes(AbstractByteBuf.java:1132)
	at io.netty.channel.socket.nio.NioSocketChannel.doReadBytes(NioSocketChannel.java:350)
	at io.netty.channel.nio.AbstractNioByteChannel$NioByteUnsafe.read(AbstractNioByteChannel.java:151)
	at io.netty.channel.nio.NioEventLoop.processSelectedKey(NioEventLoop.java:722)
	at io.netty.channel.nio.NioEventLoop.processSelectedKeysOptimized(NioEventLoop.java:658)
	at io.netty.channel.nio.NioEventLoop.processSelectedKeys(NioEventLoop.java:584)
	at io.netty.channel.nio.NioEventLoop.run(NioEventLoop.java:496)
	at io.netty.util.concurrent.SingleThreadEventExecutor$4.run(SingleThreadEventExecutor.java:986)
	at io.netty.util.internal.ThreadExecutorMap$2.run(ThreadExecutorMap.java:74)
	at io.netty.util.concurrent.FastThreadLocalRunnable.run(FastThreadLocalRunnable.java:30)
	at java.base/java.lang.Thread.run(Thread.java:833)
12:22:10.461 [AsyncHttpClient-1-6] DEBUG org.asynchttpclient.netty.channel.ChannelManager - Closing Channel [id: 0x906e38da, L:/127.0.0.1:49963 - R:localhost/127.0.0.1:49956] 
12:22:10.461 [AsyncHttpClient-1-6] DEBUG org.asynchttpclient.netty.handler.HttpHandler - Channel Closed: [id: 0x906e38da, L:/127.0.0.1:49963 ! R:localhost/127.0.0.1:49956] with attribute DISCARD
12:22:10.492 [AsyncHttpClient-1-5] DEBUG org.asynchttpclient.netty.handler.HttpHandler - 

Request DefaultFullHttpRequest(decodeResult: success, version: HTTP/1.1, content: EmptyByteBufBE)
DELETE /session/6fb588ece3e3acaaaa3999fba9816254 HTTP/1.1
User-Agent: selenium/4.1.2 (java windows)
Content-Type: application/json; charset=utf-8
host: localhost:61430
accept: */*

Response DefaultHttpResponse(decodeResult: success, version: HTTP/1.1)
HTTP/1.1 200 OK
Content-Type: application/json; charset=utf-8
cache-control: no-cache
content-length: 14

12:22:10.492 [AsyncHttpClient-1-5] DEBUG org.asynchttpclient.netty.channel.ChannelManager - Adding key: http://localhost:61430 for channel [id: 0x34d55b48, L:/127.0.0.1:49955 - R:localhost/127.0.0.1:61430]
12:22:10.830 [AsyncHttpClient-1-1] DEBUG org.asynchttpclient.netty.channel.DefaultChannelPool - Entry count for : http://localhost:61430 : 1
12:22:10.830 [AsyncHttpClient-1-1] DEBUG org.asynchttpclient.netty.channel.DefaultChannelPool - Entry count for : http://localhost:49956 : 1
12:22:10.830 [AsyncHttpClient-1-1] DEBUG org.asynchttpclient.netty.channel.DefaultChannelPool - Adding Candidate expired Channel [id: 0x906e38da, L:/127.0.0.1:49963 ! R:localhost/127.0.0.1:49956] isIdleTimeoutExpired=false isRemotelyClosed=true isTtlExpired=false
12:22:10.830 [AsyncHttpClient-1-1] DEBUG org.asynchttpclient.netty.channel.DefaultChannelPool - Closing Idle Channel [id: 0x906e38da, L:/127.0.0.1:49963 ! R:localhost/127.0.0.1:49956]
12:22:10.830 [AsyncHttpClient-1-1] DEBUG org.asynchttpclient.netty.channel.DefaultChannelPool - Closed 1 connections out of 2 in 0 ms
12:22:11.182 [AsyncHttpClient-1-5] DEBUG org.asynchttpclient.netty.handler.HttpHandler - Channel Closed: [id: 0x34d55b48, L:/127.0.0.1:49955 ! R:localhost/127.0.0.1:61430] with attribute DISCARD
]]></system-out>
    <system-err><![CDATA[Starting ChromeDriver 101.0.4951.41 (93c720db8323b3ec10d056025ab95c23a31997c9-refs/branch-heads/4951@{#904}) on port 61430
Only local connections are allowed.
Please see https://chromedriver.chromium.org/security-considerations for suggestions on keeping ChromeDriver safe.
ChromeDriver was started successfully.
May 11, 2022 12:22:06 PM org.openqa.selenium.remote.ProtocolHandshake createSession
INFO: Detected dialect: W3C
May 11, 2022 12:22:06 PM org.openqa.selenium.devtools.CdpVersionFinder findNearestMatch
WARNING: Unable to find an exact match for CDP version 101, so returning the closest version found: 97
May 11, 2022 12:22:06 PM org.openqa.selenium.devtools.CdpVersionFinder findNearestMatch
INFO: Found CDP implementation for version 101 of 97
]]></system-err>
  </testcase>
  <testcase name="order tensi darah elektrik" classname="As user I want to order “tensi darah elektrik”" time="5.286">
    <system-out><![CDATA[12:22:11.228 [main] INFO io.cucumber.core.plugin.SerenityReporter - Running feature from file:///D:/alta%20folder/final%20project/web%20testing/src/test/resources/features/Order.feature
12:22:11.230 [main] DEBUG net.thucydides.core.steps.StepEventBus - Test suite started for story net.thucydides.core.model.Story@3c90562e
12:22:11.231 [main] INFO  - Test Suite Started: As user I want to order “tensi darah elektrik”

Scenario: order tensi darah elektrik             &amp#27;[90m# src/test/resources/features/Order.feature:3&amp#27;[0m
12:22:11.237 [main] INFO io.cucumber.core.plugin.SerenityReporter - Running feature from file:///D:/alta%20folder/final%20project/web%20testing/src/test/resources/features/Order.feature
12:22:11.239 [main] INFO  - 
  _____   ___   ___   _____     ___   _____     _     ___   _____   ___   ___  
 |_   _| | __| / __| |_   _|   / __| |_   _|   /_\   | _ \ |_   _| | __| |   \ 
   | |   | _|  \__ \   | |     \__ \   | |    / _ \  |   /   | |   | _|  | |) |
   |_|   |___| |___/   |_|     |___/   |_|   /_/ \_\ |_|_\   |_|   |___| |___/ 

order tensi darah elektrik(as-user-i-want-to-order-“tensi-darah-elektrik”;order-tensi-darah-elektrik)
--------------------------------------------------------------------------------
12:22:11.311 [main] DEBUG net.thucydides.core.steps.StepInterceptor - STARTING STEP: OrderSteps.useronhomepage - openPage
12:22:11.312 [main] INFO net.serenitybdd.core.webdriver.driverproviders.ChromeDriverProvider - Using automatically driver download
12:22:11.436 [main] DEBUG io.github.bonigarcia.wdm.cache.ResolutionCache - Resolution chrome=101 in cache (valid until 13:12:06 11/05/2022 WITA)
12:22:11.439 [main] DEBUG io.github.bonigarcia.wdm.cache.ResolutionCache - Resolution chrome101=101.0.4951.41 in cache (valid until 21:51:26 11/05/2022 WITA)
12:22:11.440 [main] INFO io.github.bonigarcia.wdm.WebDriverManager - Using chromedriver 101.0.4951.41 (resolved driver for Chrome 101)
12:22:11.452 [main] DEBUG io.github.bonigarcia.wdm.WebDriverManager - Driver chromedriver 101.0.4951.41 found in cache
12:22:11.453 [main] INFO io.github.bonigarcia.wdm.WebDriverManager - Exporting webdriver.chrome.driver as C:\Users\Rev\.cache\selenium\chromedriver\win32\101.0.4951.41\chromedriver.exe
12:22:11.596 [main] DEBUG net.serenitybdd.core.webdriver.driverproviders.ProvideNewDriver - Instantiating driver
12:22:11.596 [main] DEBUG net.serenitybdd.core.webdriver.driverproviders.ProvideNewDriver - Driver capabilities: Capabilities {acceptInsecureCerts: false, base.url: https://qa.alta.id, browserName: chrome, chrome.driver: webdriver/chromedriver.exe, driver: chrome, goog:chromeOptions: {args: [], extensions: []}}
12:22:11.821 [AsyncHttpClient-1-8] DEBUG org.asynchttpclient.netty.channel.NettyConnectListener - Using new Channel '[id: 0xb4f0a225, L:/127.0.0.1:49987 - R:localhost/127.0.0.1:60042]' for 'POST' to '/session'
12:22:11.937 [AsyncHttpClient-1-1] DEBUG org.asynchttpclient.netty.channel.DefaultChannelPool - Entry count for : http://localhost:61430 : 1
12:22:11.937 [AsyncHttpClient-1-1] DEBUG org.asynchttpclient.netty.channel.DefaultChannelPool - Adding Candidate expired Channel [id: 0x34d55b48, L:/127.0.0.1:49955 ! R:localhost/127.0.0.1:61430] isIdleTimeoutExpired=false isRemotelyClosed=true isTtlExpired=false
12:22:11.937 [AsyncHttpClient-1-1] DEBUG org.asynchttpclient.netty.channel.DefaultChannelPool - Closing Idle Channel [id: 0x34d55b48, L:/127.0.0.1:49955 ! R:localhost/127.0.0.1:61430]
12:22:11.937 [AsyncHttpClient-1-1] DEBUG org.asynchttpclient.netty.channel.DefaultChannelPool - Closed 1 connections out of 1 in 0 ms
12:22:12.637 [AsyncHttpClient-1-8] DEBUG org.asynchttpclient.netty.handler.HttpHandler - 

Request DefaultHttpRequest(decodeResult: success, version: HTTP/1.1)
POST /session HTTP/1.1
User-Agent: selenium/4.1.2 (java windows)
Content-Length: 565
Content-Type: application/json; charset=utf-8
host: localhost:60042
accept: */*

Response DefaultHttpResponse(decodeResult: success, version: HTTP/1.1)
HTTP/1.1 200 OK
Content-Type: application/json; charset=utf-8
cache-control: no-cache
content-length: 787

12:22:12.637 [AsyncHttpClient-1-8] DEBUG org.asynchttpclient.netty.channel.ChannelManager - Adding key: http://localhost:60042 for channel [id: 0xb4f0a225, L:/127.0.0.1:49987 - R:localhost/127.0.0.1:60042]
12:22:12.654 [AsyncHttpClient-1-9] DEBUG org.asynchttpclient.netty.channel.NettyConnectListener - Using new Channel '[id: 0x7b2cfa47, L:/127.0.0.1:49994 - R:localhost/127.0.0.1:49988]' for 'GET' to '/json/version'
12:22:12.661 [AsyncHttpClient-1-9] DEBUG org.asynchttpclient.netty.handler.HttpHandler - 

Request DefaultFullHttpRequest(decodeResult: success, version: HTTP/1.1, content: EmptyByteBufBE)
GET /json/version HTTP/1.1
User-Agent: selenium/4.1.2 (java windows)
host: localhost:49988
accept: */*

Response DefaultHttpResponse(decodeResult: success, version: HTTP/1.1)
HTTP/1.1 200 OK
Content-Type: application/json; charset=UTF-8
content-length: 427

12:22:12.661 [AsyncHttpClient-1-9] DEBUG org.asynchttpclient.netty.channel.ChannelManager - Adding key: http://localhost:49988 for channel [id: 0x7b2cfa47, L:/127.0.0.1:49994 - R:localhost/127.0.0.1:49988]
12:22:12.669 [AsyncHttpClient-1-10] DEBUG org.asynchttpclient.netty.channel.NettyConnectListener - Using new Channel '[id: 0xd3c8402f, L:/127.0.0.1:49995 - R:localhost/127.0.0.1:49988]' for 'GET' to '/devtools/browser/28c85a9f-8f63-49ba-ba62-8991d4cb55d1'
12:22:12.676 [AsyncHttpClient-1-10] DEBUG org.asynchttpclient.netty.handler.WebSocketHandler - 

Request DefaultFullHttpRequest(decodeResult: success, version: HTTP/1.1, content: EmptyByteBufBE)
GET /devtools/browser/28c85a9f-8f63-49ba-ba62-8991d4cb55d1 HTTP/1.1
upgrade: websocket
connection: upgrade
sec-websocket-key: +AZoFb2DwOizNx5zIIRE0w==
sec-websocket-version: 13
origin: http://localhost:49988
host: localhost:49988
accept: */*
user-agent: AHC/2.1

Response DefaultHttpResponse(decodeResult: success, version: HTTP/1.1)
HTTP/1.1 101 WebSocket Protocol Handshake
Upgrade: WebSocket
Connection: Upgrade
Sec-WebSocket-Accept: P+WexZ8a6yHd6rZP0k5yKscpIYw=

12:22:12.681 [Forwarding get on session faa93614963786176ce1eadc849c9f66 to remote] DEBUG org.asynchttpclient.netty.request.NettyRequestSender - Using pooled Channel '[id: 0xb4f0a225, L:/127.0.0.1:49987 - R:localhost/127.0.0.1:60042]' for 'POST' to 'http://localhost:60042/session/faa93614963786176ce1eadc849c9f66/url'
12:22:12.681 [Forwarding get on session faa93614963786176ce1eadc849c9f66 to remote] DEBUG org.asynchttpclient.netty.request.NettyRequestSender - Using open Channel [id: 0xb4f0a225, L:/127.0.0.1:49987 - R:localhost/127.0.0.1:60042] for POST '/session/faa93614963786176ce1eadc849c9f66/url'
12:22:13.023 [AsyncHttpClient-1-1] DEBUG org.asynchttpclient.netty.channel.DefaultChannelPool - Entry count for : http://localhost:49988 : 1
12:22:13.396 [AsyncHttpClient-1-8] DEBUG org.asynchttpclient.netty.handler.HttpHandler - 

Request DefaultHttpRequest(decodeResult: success, version: HTTP/1.1)
POST /session/faa93614963786176ce1eadc849c9f66/url HTTP/1.1
User-Agent: selenium/4.1.2 (java windows)
Content-Length: 43
Content-Type: application/json; charset=utf-8
host: localhost:60042
accept: */*

Response DefaultHttpResponse(decodeResult: success, version: HTTP/1.1)
HTTP/1.1 200 OK
Content-Type: application/json; charset=utf-8
cache-control: no-cache
content-length: 14

12:22:13.397 [AsyncHttpClient-1-8] DEBUG org.asynchttpclient.netty.channel.ChannelManager - Adding key: http://localhost:60042 for channel [id: 0xb4f0a225, L:/127.0.0.1:49987 - R:localhost/127.0.0.1:60042]
12:22:13.398 [Forwarding setTimeout on session faa93614963786176ce1eadc849c9f66 to remote] DEBUG org.asynchttpclient.netty.request.NettyRequestSender - Using pooled Channel '[id: 0xb4f0a225, L:/127.0.0.1:49987 - R:localhost/127.0.0.1:60042]' for 'POST' to 'http://localhost:60042/session/faa93614963786176ce1eadc849c9f66/timeouts'
12:22:13.398 [Forwarding setTimeout on session faa93614963786176ce1eadc849c9f66 to remote] DEBUG org.asynchttpclient.netty.request.NettyRequestSender - Using open Channel [id: 0xb4f0a225, L:/127.0.0.1:49987 - R:localhost/127.0.0.1:60042] for POST '/session/faa93614963786176ce1eadc849c9f66/timeouts'
12:22:13.401 [AsyncHttpClient-1-8] DEBUG org.asynchttpclient.netty.handler.HttpHandler - 

Request DefaultHttpRequest(decodeResult: success, version: HTTP/1.1)
POST /session/faa93614963786176ce1eadc849c9f66/timeouts HTTP/1.1
User-Agent: selenium/4.1.2 (java windows)
Content-Length: 22
Content-Type: application/json; charset=utf-8
host: localhost:60042
accept: */*

Response DefaultHttpResponse(decodeResult: success, version: HTTP/1.1)
HTTP/1.1 200 OK
Content-Type: application/json; charset=utf-8
cache-control: no-cache
content-length: 14

12:22:13.401 [AsyncHttpClient-1-8] DEBUG org.asynchttpclient.netty.channel.ChannelManager - Adding key: http://localhost:60042 for channel [id: 0xb4f0a225, L:/127.0.0.1:49987 - R:localhost/127.0.0.1:60042]
12:22:13.404 [Forwarding getCurrentUrl on session faa93614963786176ce1eadc849c9f66 to remote] DEBUG org.asynchttpclient.netty.request.NettyRequestSender - Using pooled Channel '[id: 0xb4f0a225, L:/127.0.0.1:49987 - R:localhost/127.0.0.1:60042]' for 'GET' to 'http://localhost:60042/session/faa93614963786176ce1eadc849c9f66/url'
12:22:13.404 [Forwarding getCurrentUrl on session faa93614963786176ce1eadc849c9f66 to remote] DEBUG org.asynchttpclient.netty.request.NettyRequestSender - Using open Channel [id: 0xb4f0a225, L:/127.0.0.1:49987 - R:localhost/127.0.0.1:60042] for GET '/session/faa93614963786176ce1eadc849c9f66/url'
12:22:13.415 [AsyncHttpClient-1-8] DEBUG org.asynchttpclient.netty.handler.HttpHandler - 

Request DefaultFullHttpRequest(decodeResult: success, version: HTTP/1.1, content: EmptyByteBufBE)
GET /session/faa93614963786176ce1eadc849c9f66/url HTTP/1.1
User-Agent: selenium/4.1.2 (java windows)
Cache-Control: no-cache
Content-Type: application/json; charset=utf-8
host: localhost:60042
accept: */*

Response DefaultHttpResponse(decodeResult: success, version: HTTP/1.1)
HTTP/1.1 200 OK
Content-Type: application/json; charset=utf-8
cache-control: no-cache
content-length: 31

12:22:13.415 [AsyncHttpClient-1-8] DEBUG org.asynchttpclient.netty.channel.ChannelManager - Adding key: http://localhost:60042 for channel [id: 0xb4f0a225, L:/127.0.0.1:49987 - R:localhost/127.0.0.1:60042]
12:22:13.420 [Forwarding getCurrentUrl on session faa93614963786176ce1eadc849c9f66 to remote] DEBUG org.asynchttpclient.netty.request.NettyRequestSender - Using pooled Channel '[id: 0xb4f0a225, L:/127.0.0.1:49987 - R:localhost/127.0.0.1:60042]' for 'GET' to 'http://localhost:60042/session/faa93614963786176ce1eadc849c9f66/url'
12:22:13.420 [Forwarding getCurrentUrl on session faa93614963786176ce1eadc849c9f66 to remote] DEBUG org.asynchttpclient.netty.request.NettyRequestSender - Using open Channel [id: 0xb4f0a225, L:/127.0.0.1:49987 - R:localhost/127.0.0.1:60042] for GET '/session/faa93614963786176ce1eadc849c9f66/url'
12:22:13.430 [AsyncHttpClient-1-8] DEBUG org.asynchttpclient.netty.handler.HttpHandler - 

Request DefaultFullHttpRequest(decodeResult: success, version: HTTP/1.1, content: EmptyByteBufBE)
GET /session/faa93614963786176ce1eadc849c9f66/url HTTP/1.1
User-Agent: selenium/4.1.2 (java windows)
Cache-Control: no-cache
Content-Type: application/json; charset=utf-8
host: localhost:60042
accept: */*

Response DefaultHttpResponse(decodeResult: success, version: HTTP/1.1)
HTTP/1.1 200 OK
Content-Type: application/json; charset=utf-8
cache-control: no-cache
content-length: 31

12:22:13.430 [AsyncHttpClient-1-8] DEBUG org.asynchttpclient.netty.channel.ChannelManager - Adding key: http://localhost:60042 for channel [id: 0xb4f0a225, L:/127.0.0.1:49987 - R:localhost/127.0.0.1:60042]
12:22:13.437 [main] DEBUG net.serenitybdd.core.photography.Darkroom - Opening darkroom
12:22:13.438 [Forwarding screenshot on session faa93614963786176ce1eadc849c9f66 to remote] DEBUG org.asynchttpclient.netty.request.NettyRequestSender - Using pooled Channel '[id: 0xb4f0a225, L:/127.0.0.1:49987 - R:localhost/127.0.0.1:60042]' for 'GET' to 'http://localhost:60042/session/faa93614963786176ce1eadc849c9f66/screenshot'
12:22:13.438 [Forwarding screenshot on session faa93614963786176ce1eadc849c9f66 to remote] DEBUG org.asynchttpclient.netty.request.NettyRequestSender - Using open Channel [id: 0xb4f0a225, L:/127.0.0.1:49987 - R:localhost/127.0.0.1:60042] for GET '/session/faa93614963786176ce1eadc849c9f66/screenshot'
12:22:13.439 [Darkroom Processing Line] DEBUG net.serenitybdd.core.photography.DarkroomProcessingLine - Darkroom processing line starting up
12:22:14.133 [AsyncHttpClient-1-1] DEBUG org.asynchttpclient.netty.channel.DefaultChannelPool - Entry count for : http://localhost:49988 : 1
12:22:14.250 [AsyncHttpClient-1-8] DEBUG org.asynchttpclient.netty.handler.HttpHandler - 

Request DefaultFullHttpRequest(decodeResult: success, version: HTTP/1.1, content: EmptyByteBufBE)
GET /session/faa93614963786176ce1eadc849c9f66/screenshot HTTP/1.1
User-Agent: selenium/4.1.2 (java windows)
Cache-Control: no-cache
Content-Type: application/json; charset=utf-8
host: localhost:60042
accept: */*

Response DefaultHttpResponse(decodeResult: success, version: HTTP/1.1)
HTTP/1.1 200 OK
Content-Type: application/json; charset=utf-8
cache-control: no-cache
content-length: 62216

12:22:14.251 [AsyncHttpClient-1-8] DEBUG org.asynchttpclient.netty.channel.ChannelManager - Adding key: http://localhost:60042 for channel [id: 0xb4f0a225, L:/127.0.0.1:49987 - R:localhost/127.0.0.1:60042]
12:22:14.254 [main] DEBUG net.serenitybdd.core.photography.Darkroom - Send negative for processing for target\site\serenity\d0e3a11f519378e75e145ca7ec5945fbcf8430ec8f85d49df1f8c9df9c016d51.png
12:22:14.254 [main] DEBUG net.thucydides.core.steps.StepInterceptor - STEP DONE: openPage
12:22:14.260 [main] DEBUG net.thucydides.core.steps.StepInterceptor - STARTING STEP: OrderSteps.useronhomepage - homepage
12:22:14.262 [Forwarding findElement on session faa93614963786176ce1eadc849c9f66 to remote] DEBUG org.asynchttpclient.netty.request.NettyRequestSender - Using pooled Channel '[id: 0xb4f0a225, L:/127.0.0.1:49987 - R:localhost/127.0.0.1:60042]' for 'POST' to 'http://localhost:60042/session/faa93614963786176ce1eadc849c9f66/element'
12:22:14.262 [Forwarding findElement on session faa93614963786176ce1eadc849c9f66 to remote] DEBUG org.asynchttpclient.netty.request.NettyRequestSender - Using open Channel [id: 0xb4f0a225, L:/127.0.0.1:49987 - R:localhost/127.0.0.1:60042] for POST '/session/faa93614963786176ce1eadc849c9f66/element'
12:22:14.282 [AsyncHttpClient-1-8] DEBUG org.asynchttpclient.netty.handler.HttpHandler - 

Request DefaultHttpRequest(decodeResult: success, version: HTTP/1.1)
POST /session/faa93614963786176ce1eadc849c9f66/element HTTP/1.1
User-Agent: selenium/4.1.2 (java windows)
Content-Length: 85
Content-Type: application/json; charset=utf-8
host: localhost:60042
accept: */*

Response DefaultHttpResponse(decodeResult: success, version: HTTP/1.1)
HTTP/1.1 200 OK
Content-Type: application/json; charset=utf-8
cache-control: no-cache
content-length: 88

12:22:14.283 [AsyncHttpClient-1-8] DEBUG org.asynchttpclient.netty.channel.ChannelManager - Adding key: http://localhost:60042 for channel [id: 0xb4f0a225, L:/127.0.0.1:49987 - R:localhost/127.0.0.1:60042]
12:22:14.287 [Forwarding isElementDisplayed on session faa93614963786176ce1eadc849c9f66 to remote] DEBUG org.asynchttpclient.netty.request.NettyRequestSender - Using pooled Channel '[id: 0xb4f0a225, L:/127.0.0.1:49987 - R:localhost/127.0.0.1:60042]' for 'POST' to 'http://localhost:60042/session/faa93614963786176ce1eadc849c9f66/execute/sync'
12:22:14.288 [Forwarding isElementDisplayed on session faa93614963786176ce1eadc849c9f66 to remote] DEBUG org.asynchttpclient.netty.request.NettyRequestSender - Using open Channel [id: 0xb4f0a225, L:/127.0.0.1:49987 - R:localhost/127.0.0.1:60042] for POST '/session/faa93614963786176ce1eadc849c9f66/execute/sync'
12:22:14.307 [AsyncHttpClient-1-8] DEBUG org.asynchttpclient.netty.handler.HttpHandler - 

Request DefaultHttpRequest(decodeResult: success, version: HTTP/1.1)
POST /session/faa93614963786176ce1eadc849c9f66/execute/sync HTTP/1.1
User-Agent: selenium/4.1.2 (java windows)
Content-Length: 48780
Content-Type: application/json; charset=utf-8
host: localhost:60042
accept: */*

Response DefaultHttpResponse(decodeResult: success, version: HTTP/1.1)
HTTP/1.1 200 OK
Content-Type: application/json; charset=utf-8
cache-control: no-cache
content-length: 14

12:22:14.308 [AsyncHttpClient-1-8] DEBUG org.asynchttpclient.netty.channel.ChannelManager - Adding key: http://localhost:60042 for channel [id: 0xb4f0a225, L:/127.0.0.1:49987 - R:localhost/127.0.0.1:60042]
12:22:14.313 [Forwarding screenshot on session faa93614963786176ce1eadc849c9f66 to remote] DEBUG org.asynchttpclient.netty.request.NettyRequestSender - Using pooled Channel '[id: 0xb4f0a225, L:/127.0.0.1:49987 - R:localhost/127.0.0.1:60042]' for 'GET' to 'http://localhost:60042/session/faa93614963786176ce1eadc849c9f66/screenshot'
12:22:14.313 [Forwarding screenshot on session faa93614963786176ce1eadc849c9f66 to remote] DEBUG org.asynchttpclient.netty.request.NettyRequestSender - Using open Channel [id: 0xb4f0a225, L:/127.0.0.1:49987 - R:localhost/127.0.0.1:60042] for GET '/session/faa93614963786176ce1eadc849c9f66/screenshot'
12:22:14.422 [AsyncHttpClient-1-8] DEBUG org.asynchttpclient.netty.handler.HttpHandler - 

Request DefaultFullHttpRequest(decodeResult: success, version: HTTP/1.1, content: EmptyByteBufBE)
GET /session/faa93614963786176ce1eadc849c9f66/screenshot HTTP/1.1
User-Agent: selenium/4.1.2 (java windows)
Cache-Control: no-cache
Content-Type: application/json; charset=utf-8
host: localhost:60042
accept: */*

Response DefaultHttpResponse(decodeResult: success, version: HTTP/1.1)
HTTP/1.1 200 OK
Content-Type: application/json; charset=utf-8
cache-control: no-cache
content-length: 62216

12:22:14.423 [AsyncHttpClient-1-8] DEBUG org.asynchttpclient.netty.channel.ChannelManager - Adding key: http://localhost:60042 for channel [id: 0xb4f0a225, L:/127.0.0.1:49987 - R:localhost/127.0.0.1:60042]
12:22:14.426 [main] DEBUG net.serenitybdd.core.photography.Darkroom - Send negative for processing for target\site\serenity\d0e3a11f519378e75e145ca7ec5945fbcf8430ec8f85d49df1f8c9df9c016d51.png
12:22:14.426 [main] DEBUG net.thucydides.core.steps.StepInterceptor - STEP DONE: homepage
  &amp#27;[32mGiven &amp#27;[0m&amp#27;[32mUser on Home page&amp#27;[0m                        &amp#27;[90m# starter.definitions.OrderSteps.useronhomepage()&amp#27;[0m
12:22:14.441 [main] DEBUG net.thucydides.core.steps.StepInterceptor - STARTING STEP: OrderSteps.userclickbelitensidarahelektrik - validateclicktensidarahlistrik
12:22:14.444 [Forwarding findElement on session faa93614963786176ce1eadc849c9f66 to remote] DEBUG org.asynchttpclient.netty.request.NettyRequestSender - Using pooled Channel '[id: 0xb4f0a225, L:/127.0.0.1:49987 - R:localhost/127.0.0.1:60042]' for 'POST' to 'http://localhost:60042/session/faa93614963786176ce1eadc849c9f66/element'
12:22:14.444 [Forwarding findElement on session faa93614963786176ce1eadc849c9f66 to remote] DEBUG org.asynchttpclient.netty.request.NettyRequestSender - Using open Channel [id: 0xb4f0a225, L:/127.0.0.1:49987 - R:localhost/127.0.0.1:60042] for POST '/session/faa93614963786176ce1eadc849c9f66/element'
12:22:14.465 [AsyncHttpClient-1-8] DEBUG org.asynchttpclient.netty.handler.HttpHandler - 

Request DefaultHttpRequest(decodeResult: success, version: HTTP/1.1)
POST /session/faa93614963786176ce1eadc849c9f66/element HTTP/1.1
User-Agent: selenium/4.1.2 (java windows)
Content-Length: 94
Content-Type: application/json; charset=utf-8
host: localhost:60042
accept: */*

Response DefaultHttpResponse(decodeResult: success, version: HTTP/1.1)
HTTP/1.1 200 OK
Content-Type: application/json; charset=utf-8
cache-control: no-cache
content-length: 88

12:22:14.465 [AsyncHttpClient-1-8] DEBUG org.asynchttpclient.netty.channel.ChannelManager - Adding key: http://localhost:60042 for channel [id: 0xb4f0a225, L:/127.0.0.1:49987 - R:localhost/127.0.0.1:60042]
12:22:14.467 [Forwarding getElementTagName on session faa93614963786176ce1eadc849c9f66 to remote] DEBUG org.asynchttpclient.netty.request.NettyRequestSender - Using pooled Channel '[id: 0xb4f0a225, L:/127.0.0.1:49987 - R:localhost/127.0.0.1:60042]' for 'GET' to 'http://localhost:60042/session/faa93614963786176ce1eadc849c9f66/element/6d21e3bb-7516-4c27-8652-4c31bba3cdf4/name'
12:22:14.467 [Forwarding getElementTagName on session faa93614963786176ce1eadc849c9f66 to remote] DEBUG org.asynchttpclient.netty.request.NettyRequestSender - Using open Channel [id: 0xb4f0a225, L:/127.0.0.1:49987 - R:localhost/127.0.0.1:60042] for GET '/session/faa93614963786176ce1eadc849c9f66/element/6d21e3bb-7516-4c27-8652-4c31bba3cdf4/name'
12:22:14.480 [AsyncHttpClient-1-8] DEBUG org.asynchttpclient.netty.handler.HttpHandler - 

Request DefaultFullHttpRequest(decodeResult: success, version: HTTP/1.1, content: EmptyByteBufBE)
GET /session/faa93614963786176ce1eadc849c9f66/element/6d21e3bb-7516-4c27-8652-4c31bba3cdf4/name HTTP/1.1
User-Agent: selenium/4.1.2 (java windows)
Cache-Control: no-cache
Content-Type: application/json; charset=utf-8
host: localhost:60042
accept: */*

Response DefaultHttpResponse(decodeResult: success, version: HTTP/1.1)
HTTP/1.1 200 OK
Content-Type: application/json; charset=utf-8
cache-control: no-cache
content-length: 18

12:22:14.480 [AsyncHttpClient-1-8] DEBUG org.asynchttpclient.netty.channel.ChannelManager - Adding key: http://localhost:60042 for channel [id: 0xb4f0a225, L:/127.0.0.1:49987 - R:localhost/127.0.0.1:60042]
12:22:14.482 [Forwarding getElementTagName on session faa93614963786176ce1eadc849c9f66 to remote] DEBUG org.asynchttpclient.netty.request.NettyRequestSender - Using pooled Channel '[id: 0xb4f0a225, L:/127.0.0.1:49987 - R:localhost/127.0.0.1:60042]' for 'GET' to 'http://localhost:60042/session/faa93614963786176ce1eadc849c9f66/element/6d21e3bb-7516-4c27-8652-4c31bba3cdf4/name'
12:22:14.482 [Forwarding getElementTagName on session faa93614963786176ce1eadc849c9f66 to remote] DEBUG org.asynchttpclient.netty.request.NettyRequestSender - Using open Channel [id: 0xb4f0a225, L:/127.0.0.1:49987 - R:localhost/127.0.0.1:60042] for GET '/session/faa93614963786176ce1eadc849c9f66/element/6d21e3bb-7516-4c27-8652-4c31bba3cdf4/name'
12:22:14.489 [AsyncHttpClient-1-8] DEBUG org.asynchttpclient.netty.handler.HttpHandler - 

Request DefaultFullHttpRequest(decodeResult: success, version: HTTP/1.1, content: EmptyByteBufBE)
GET /session/faa93614963786176ce1eadc849c9f66/element/6d21e3bb-7516-4c27-8652-4c31bba3cdf4/name HTTP/1.1
User-Agent: selenium/4.1.2 (java windows)
Cache-Control: no-cache
Content-Type: application/json; charset=utf-8
host: localhost:60042
accept: */*

Response DefaultHttpResponse(decodeResult: success, version: HTTP/1.1)
HTTP/1.1 200 OK
Content-Type: application/json; charset=utf-8
cache-control: no-cache
content-length: 18

12:22:14.489 [AsyncHttpClient-1-8] DEBUG org.asynchttpclient.netty.channel.ChannelManager - Adding key: http://localhost:60042 for channel [id: 0xb4f0a225, L:/127.0.0.1:49987 - R:localhost/127.0.0.1:60042]
12:22:14.492 [Forwarding isElementEnabled on session faa93614963786176ce1eadc849c9f66 to remote] DEBUG org.asynchttpclient.netty.request.NettyRequestSender - Using pooled Channel '[id: 0xb4f0a225, L:/127.0.0.1:49987 - R:localhost/127.0.0.1:60042]' for 'GET' to 'http://localhost:60042/session/faa93614963786176ce1eadc849c9f66/element/6d21e3bb-7516-4c27-8652-4c31bba3cdf4/enabled'
12:22:14.492 [Forwarding isElementEnabled on session faa93614963786176ce1eadc849c9f66 to remote] DEBUG org.asynchttpclient.netty.request.NettyRequestSender - Using open Channel [id: 0xb4f0a225, L:/127.0.0.1:49987 - R:localhost/127.0.0.1:60042] for GET '/session/faa93614963786176ce1eadc849c9f66/element/6d21e3bb-7516-4c27-8652-4c31bba3cdf4/enabled'
12:22:14.504 [AsyncHttpClient-1-8] DEBUG org.asynchttpclient.netty.handler.HttpHandler - 

Request DefaultFullHttpRequest(decodeResult: success, version: HTTP/1.1, content: EmptyByteBufBE)
GET /session/faa93614963786176ce1eadc849c9f66/element/6d21e3bb-7516-4c27-8652-4c31bba3cdf4/enabled HTTP/1.1
User-Agent: selenium/4.1.2 (java windows)
Cache-Control: no-cache
Content-Type: application/json; charset=utf-8
host: localhost:60042
accept: */*

Response DefaultHttpResponse(decodeResult: success, version: HTTP/1.1)
HTTP/1.1 200 OK
Content-Type: application/json; charset=utf-8
cache-control: no-cache
content-length: 14

12:22:14.505 [AsyncHttpClient-1-8] DEBUG org.asynchttpclient.netty.channel.ChannelManager - Adding key: http://localhost:60042 for channel [id: 0xb4f0a225, L:/127.0.0.1:49987 - R:localhost/127.0.0.1:60042]
12:22:14.507 [Forwarding isElementEnabled on session faa93614963786176ce1eadc849c9f66 to remote] DEBUG org.asynchttpclient.netty.request.NettyRequestSender - Using pooled Channel '[id: 0xb4f0a225, L:/127.0.0.1:49987 - R:localhost/127.0.0.1:60042]' for 'GET' to 'http://localhost:60042/session/faa93614963786176ce1eadc849c9f66/element/6d21e3bb-7516-4c27-8652-4c31bba3cdf4/enabled'
12:22:14.507 [Forwarding isElementEnabled on session faa93614963786176ce1eadc849c9f66 to remote] DEBUG org.asynchttpclient.netty.request.NettyRequestSender - Using open Channel [id: 0xb4f0a225, L:/127.0.0.1:49987 - R:localhost/127.0.0.1:60042] for GET '/session/faa93614963786176ce1eadc849c9f66/element/6d21e3bb-7516-4c27-8652-4c31bba3cdf4/enabled'
12:22:14.520 [AsyncHttpClient-1-8] DEBUG org.asynchttpclient.netty.handler.HttpHandler - 

Request DefaultFullHttpRequest(decodeResult: success, version: HTTP/1.1, content: EmptyByteBufBE)
GET /session/faa93614963786176ce1eadc849c9f66/element/6d21e3bb-7516-4c27-8652-4c31bba3cdf4/enabled HTTP/1.1
User-Agent: selenium/4.1.2 (java windows)
Cache-Control: no-cache
Content-Type: application/json; charset=utf-8
host: localhost:60042
accept: */*

Response DefaultHttpResponse(decodeResult: success, version: HTTP/1.1)
HTTP/1.1 200 OK
Content-Type: application/json; charset=utf-8
cache-control: no-cache
content-length: 14

12:22:14.520 [AsyncHttpClient-1-8] DEBUG org.asynchttpclient.netty.channel.ChannelManager - Adding key: http://localhost:60042 for channel [id: 0xb4f0a225, L:/127.0.0.1:49987 - R:localhost/127.0.0.1:60042]
12:22:14.522 [Forwarding findElement on session faa93614963786176ce1eadc849c9f66 to remote] DEBUG org.asynchttpclient.netty.request.NettyRequestSender - Using pooled Channel '[id: 0xb4f0a225, L:/127.0.0.1:49987 - R:localhost/127.0.0.1:60042]' for 'POST' to 'http://localhost:60042/session/faa93614963786176ce1eadc849c9f66/element'
12:22:14.523 [Forwarding findElement on session faa93614963786176ce1eadc849c9f66 to remote] DEBUG org.asynchttpclient.netty.request.NettyRequestSender - Using open Channel [id: 0xb4f0a225, L:/127.0.0.1:49987 - R:localhost/127.0.0.1:60042] for POST '/session/faa93614963786176ce1eadc849c9f66/element'
12:22:14.537 [AsyncHttpClient-1-8] DEBUG org.asynchttpclient.netty.handler.HttpHandler - 

Request DefaultHttpRequest(decodeResult: success, version: HTTP/1.1)
POST /session/faa93614963786176ce1eadc849c9f66/element HTTP/1.1
User-Agent: selenium/4.1.2 (java windows)
Content-Length: 94
Content-Type: application/json; charset=utf-8
host: localhost:60042
accept: */*

Response DefaultHttpResponse(decodeResult: success, version: HTTP/1.1)
HTTP/1.1 200 OK
Content-Type: application/json; charset=utf-8
cache-control: no-cache
content-length: 88

12:22:14.537 [AsyncHttpClient-1-8] DEBUG org.asynchttpclient.netty.channel.ChannelManager - Adding key: http://localhost:60042 for channel [id: 0xb4f0a225, L:/127.0.0.1:49987 - R:localhost/127.0.0.1:60042]
12:22:14.539 [Forwarding clickElement on session faa93614963786176ce1eadc849c9f66 to remote] DEBUG org.asynchttpclient.netty.request.NettyRequestSender - Using pooled Channel '[id: 0xb4f0a225, L:/127.0.0.1:49987 - R:localhost/127.0.0.1:60042]' for 'POST' to 'http://localhost:60042/session/faa93614963786176ce1eadc849c9f66/element/6d21e3bb-7516-4c27-8652-4c31bba3cdf4/click'
12:22:14.539 [Forwarding clickElement on session faa93614963786176ce1eadc849c9f66 to remote] DEBUG org.asynchttpclient.netty.request.NettyRequestSender - Using open Channel [id: 0xb4f0a225, L:/127.0.0.1:49987 - R:localhost/127.0.0.1:60042] for POST '/session/faa93614963786176ce1eadc849c9f66/element/6d21e3bb-7516-4c27-8652-4c31bba3cdf4/click'
12:22:14.613 [AsyncHttpClient-1-8] DEBUG org.asynchttpclient.netty.handler.HttpHandler - 

Request DefaultHttpRequest(decodeResult: success, version: HTTP/1.1)
POST /session/faa93614963786176ce1eadc849c9f66/element/6d21e3bb-7516-4c27-8652-4c31bba3cdf4/click HTTP/1.1
User-Agent: selenium/4.1.2 (java windows)
Content-Length: 50
Content-Type: application/json; charset=utf-8
host: localhost:60042
accept: */*

Response DefaultHttpResponse(decodeResult: success, version: HTTP/1.1)
HTTP/1.1 200 OK
Content-Type: application/json; charset=utf-8
cache-control: no-cache
content-length: 14

12:22:14.614 [AsyncHttpClient-1-8] DEBUG org.asynchttpclient.netty.channel.ChannelManager - Adding key: http://localhost:60042 for channel [id: 0xb4f0a225, L:/127.0.0.1:49987 - R:localhost/127.0.0.1:60042]
12:22:14.621 [Forwarding screenshot on session faa93614963786176ce1eadc849c9f66 to remote] DEBUG org.asynchttpclient.netty.request.NettyRequestSender - Using pooled Channel '[id: 0xb4f0a225, L:/127.0.0.1:49987 - R:localhost/127.0.0.1:60042]' for 'GET' to 'http://localhost:60042/session/faa93614963786176ce1eadc849c9f66/screenshot'
12:22:14.621 [Forwarding screenshot on session faa93614963786176ce1eadc849c9f66 to remote] DEBUG org.asynchttpclient.netty.request.NettyRequestSender - Using open Channel [id: 0xb4f0a225, L:/127.0.0.1:49987 - R:localhost/127.0.0.1:60042] for GET '/session/faa93614963786176ce1eadc849c9f66/screenshot'
12:22:14.749 [AsyncHttpClient-1-8] DEBUG org.asynchttpclient.netty.handler.HttpHandler - 

Request DefaultFullHttpRequest(decodeResult: success, version: HTTP/1.1, content: EmptyByteBufBE)
GET /session/faa93614963786176ce1eadc849c9f66/screenshot HTTP/1.1
User-Agent: selenium/4.1.2 (java windows)
Cache-Control: no-cache
Content-Type: application/json; charset=utf-8
host: localhost:60042
accept: */*

Response DefaultHttpResponse(decodeResult: success, version: HTTP/1.1)
HTTP/1.1 200 OK
Content-Type: application/json; charset=utf-8
cache-control: no-cache
content-length: 63696

12:22:14.750 [AsyncHttpClient-1-8] DEBUG org.asynchttpclient.netty.channel.ChannelManager - Adding key: http://localhost:60042 for channel [id: 0xb4f0a225, L:/127.0.0.1:49987 - R:localhost/127.0.0.1:60042]
12:22:14.754 [main] DEBUG net.serenitybdd.core.photography.Darkroom - Send negative for processing for target\site\serenity\05d38c4b4623e4083b0205bcc953ff952ec7ebad4cfed718a16d63ad99e40c55.png
12:22:14.754 [main] DEBUG net.thucydides.core.steps.StepInterceptor - STEP DONE: validateclicktensidarahlistrik
  &amp#27;[32mWhen &amp#27;[0m&amp#27;[32mAs a user click beli tensi darah elektrik&amp#27;[0m &amp#27;[90m# starter.definitions.OrderSteps.userclickbelitensidarahelektrik()&amp#27;[0m
12:22:14.754 [Darkroom Processing Line] DEBUG net.serenitybdd.core.photography.DarkroomProcessingLine - Processing screenshot image in /var/screenshots/screenshot-10295019207834066420
12:22:14.754 [Darkroom Processing Line] DEBUG net.serenitybdd.core.photography.DarkroomProcessingLine - Saving screenshot to target\site\serenity\05d38c4b4623e4083b0205bcc953ff952ec7ebad4cfed718a16d63ad99e40c55.png
12:22:14.769 [main] DEBUG net.thucydides.core.steps.StepInterceptor - STARTING STEP: OrderSteps.userclickbasket - userClickBasket
12:22:14.773 [Forwarding findElement on session faa93614963786176ce1eadc849c9f66 to remote] DEBUG org.asynchttpclient.netty.request.NettyRequestSender - Using pooled Channel '[id: 0xb4f0a225, L:/127.0.0.1:49987 - R:localhost/127.0.0.1:60042]' for 'POST' to 'http://localhost:60042/session/faa93614963786176ce1eadc849c9f66/element'
12:22:14.773 [Forwarding findElement on session faa93614963786176ce1eadc849c9f66 to remote] DEBUG org.asynchttpclient.netty.request.NettyRequestSender - Using open Channel [id: 0xb4f0a225, L:/127.0.0.1:49987 - R:localhost/127.0.0.1:60042] for POST '/session/faa93614963786176ce1eadc849c9f66/element'
12:22:14.814 [AsyncHttpClient-1-8] DEBUG org.asynchttpclient.netty.handler.HttpHandler - 

Request DefaultHttpRequest(decodeResult: success, version: HTTP/1.1)
POST /session/faa93614963786176ce1eadc849c9f66/element HTTP/1.1
User-Agent: selenium/4.1.2 (java windows)
Content-Length: 139
Content-Type: application/json; charset=utf-8
host: localhost:60042
accept: */*

Response DefaultHttpResponse(decodeResult: success, version: HTTP/1.1)
HTTP/1.1 200 OK
Content-Type: application/json; charset=utf-8
cache-control: no-cache
content-length: 88

12:22:14.814 [AsyncHttpClient-1-8] DEBUG org.asynchttpclient.netty.channel.ChannelManager - Adding key: http://localhost:60042 for channel [id: 0xb4f0a225, L:/127.0.0.1:49987 - R:localhost/127.0.0.1:60042]
12:22:14.816 [Forwarding getElementTagName on session faa93614963786176ce1eadc849c9f66 to remote] DEBUG org.asynchttpclient.netty.request.NettyRequestSender - Using pooled Channel '[id: 0xb4f0a225, L:/127.0.0.1:49987 - R:localhost/127.0.0.1:60042]' for 'GET' to 'http://localhost:60042/session/faa93614963786176ce1eadc849c9f66/element/c571fd17-9e02-40fa-b933-ab3133b95f56/name'
12:22:14.817 [Forwarding getElementTagName on session faa93614963786176ce1eadc849c9f66 to remote] DEBUG org.asynchttpclient.netty.request.NettyRequestSender - Using open Channel [id: 0xb4f0a225, L:/127.0.0.1:49987 - R:localhost/127.0.0.1:60042] for GET '/session/faa93614963786176ce1eadc849c9f66/element/c571fd17-9e02-40fa-b933-ab3133b95f56/name'
12:22:14.831 [AsyncHttpClient-1-8] DEBUG org.asynchttpclient.netty.handler.HttpHandler - 

Request DefaultFullHttpRequest(decodeResult: success, version: HTTP/1.1, content: EmptyByteBufBE)
GET /session/faa93614963786176ce1eadc849c9f66/element/c571fd17-9e02-40fa-b933-ab3133b95f56/name HTTP/1.1
User-Agent: selenium/4.1.2 (java windows)
Cache-Control: no-cache
Content-Type: application/json; charset=utf-8
host: localhost:60042
accept: */*

Response DefaultHttpResponse(decodeResult: success, version: HTTP/1.1)
HTTP/1.1 200 OK
Content-Type: application/json; charset=utf-8
cache-control: no-cache
content-length: 18

12:22:14.831 [AsyncHttpClient-1-8] DEBUG org.asynchttpclient.netty.channel.ChannelManager - Adding key: http://localhost:60042 for channel [id: 0xb4f0a225, L:/127.0.0.1:49987 - R:localhost/127.0.0.1:60042]
12:22:14.834 [Forwarding getElementTagName on session faa93614963786176ce1eadc849c9f66 to remote] DEBUG org.asynchttpclient.netty.request.NettyRequestSender - Using pooled Channel '[id: 0xb4f0a225, L:/127.0.0.1:49987 - R:localhost/127.0.0.1:60042]' for 'GET' to 'http://localhost:60042/session/faa93614963786176ce1eadc849c9f66/element/c571fd17-9e02-40fa-b933-ab3133b95f56/name'
12:22:14.834 [Forwarding getElementTagName on session faa93614963786176ce1eadc849c9f66 to remote] DEBUG org.asynchttpclient.netty.request.NettyRequestSender - Using open Channel [id: 0xb4f0a225, L:/127.0.0.1:49987 - R:localhost/127.0.0.1:60042] for GET '/session/faa93614963786176ce1eadc849c9f66/element/c571fd17-9e02-40fa-b933-ab3133b95f56/name'
12:22:14.846 [AsyncHttpClient-1-8] DEBUG org.asynchttpclient.netty.handler.HttpHandler - 

Request DefaultFullHttpRequest(decodeResult: success, version: HTTP/1.1, content: EmptyByteBufBE)
GET /session/faa93614963786176ce1eadc849c9f66/element/c571fd17-9e02-40fa-b933-ab3133b95f56/name HTTP/1.1
User-Agent: selenium/4.1.2 (java windows)
Cache-Control: no-cache
Content-Type: application/json; charset=utf-8
host: localhost:60042
accept: */*

Response DefaultHttpResponse(decodeResult: success, version: HTTP/1.1)
HTTP/1.1 200 OK
Content-Type: application/json; charset=utf-8
cache-control: no-cache
content-length: 18

12:22:14.846 [AsyncHttpClient-1-8] DEBUG org.asynchttpclient.netty.channel.ChannelManager - Adding key: http://localhost:60042 for channel [id: 0xb4f0a225, L:/127.0.0.1:49987 - R:localhost/127.0.0.1:60042]
12:22:14.849 [Forwarding isElementEnabled on session faa93614963786176ce1eadc849c9f66 to remote] DEBUG org.asynchttpclient.netty.request.NettyRequestSender - Using pooled Channel '[id: 0xb4f0a225, L:/127.0.0.1:49987 - R:localhost/127.0.0.1:60042]' for 'GET' to 'http://localhost:60042/session/faa93614963786176ce1eadc849c9f66/element/c571fd17-9e02-40fa-b933-ab3133b95f56/enabled'
12:22:14.849 [Forwarding isElementEnabled on session faa93614963786176ce1eadc849c9f66 to remote] DEBUG org.asynchttpclient.netty.request.NettyRequestSender - Using open Channel [id: 0xb4f0a225, L:/127.0.0.1:49987 - R:localhost/127.0.0.1:60042] for GET '/session/faa93614963786176ce1eadc849c9f66/element/c571fd17-9e02-40fa-b933-ab3133b95f56/enabled'
12:22:14.867 [AsyncHttpClient-1-8] DEBUG org.asynchttpclient.netty.handler.HttpHandler - 

Request DefaultFullHttpRequest(decodeResult: success, version: HTTP/1.1, content: EmptyByteBufBE)
GET /session/faa93614963786176ce1eadc849c9f66/element/c571fd17-9e02-40fa-b933-ab3133b95f56/enabled HTTP/1.1
User-Agent: selenium/4.1.2 (java windows)
Cache-Control: no-cache
Content-Type: application/json; charset=utf-8
host: localhost:60042
accept: */*

Response DefaultHttpResponse(decodeResult: success, version: HTTP/1.1)
HTTP/1.1 200 OK
Content-Type: application/json; charset=utf-8
cache-control: no-cache
content-length: 14

12:22:14.867 [AsyncHttpClient-1-8] DEBUG org.asynchttpclient.netty.channel.ChannelManager - Adding key: http://localhost:60042 for channel [id: 0xb4f0a225, L:/127.0.0.1:49987 - R:localhost/127.0.0.1:60042]
12:22:14.869 [Forwarding isElementEnabled on session faa93614963786176ce1eadc849c9f66 to remote] DEBUG org.asynchttpclient.netty.request.NettyRequestSender - Using pooled Channel '[id: 0xb4f0a225, L:/127.0.0.1:49987 - R:localhost/127.0.0.1:60042]' for 'GET' to 'http://localhost:60042/session/faa93614963786176ce1eadc849c9f66/element/c571fd17-9e02-40fa-b933-ab3133b95f56/enabled'
12:22:14.869 [Forwarding isElementEnabled on session faa93614963786176ce1eadc849c9f66 to remote] DEBUG org.asynchttpclient.netty.request.NettyRequestSender - Using open Channel [id: 0xb4f0a225, L:/127.0.0.1:49987 - R:localhost/127.0.0.1:60042] for GET '/session/faa93614963786176ce1eadc849c9f66/element/c571fd17-9e02-40fa-b933-ab3133b95f56/enabled'
12:22:14.884 [AsyncHttpClient-1-8] DEBUG org.asynchttpclient.netty.handler.HttpHandler - 

Request DefaultFullHttpRequest(decodeResult: success, version: HTTP/1.1, content: EmptyByteBufBE)
GET /session/faa93614963786176ce1eadc849c9f66/element/c571fd17-9e02-40fa-b933-ab3133b95f56/enabled HTTP/1.1
User-Agent: selenium/4.1.2 (java windows)
Cache-Control: no-cache
Content-Type: application/json; charset=utf-8
host: localhost:60042
accept: */*

Response DefaultHttpResponse(decodeResult: success, version: HTTP/1.1)
HTTP/1.1 200 OK
Content-Type: application/json; charset=utf-8
cache-control: no-cache
content-length: 14

12:22:14.884 [AsyncHttpClient-1-8] DEBUG org.asynchttpclient.netty.channel.ChannelManager - Adding key: http://localhost:60042 for channel [id: 0xb4f0a225, L:/127.0.0.1:49987 - R:localhost/127.0.0.1:60042]
12:22:14.888 [Forwarding findElement on session faa93614963786176ce1eadc849c9f66 to remote] DEBUG org.asynchttpclient.netty.request.NettyRequestSender - Using pooled Channel '[id: 0xb4f0a225, L:/127.0.0.1:49987 - R:localhost/127.0.0.1:60042]' for 'POST' to 'http://localhost:60042/session/faa93614963786176ce1eadc849c9f66/element'
12:22:14.888 [Forwarding findElement on session faa93614963786176ce1eadc849c9f66 to remote] DEBUG org.asynchttpclient.netty.request.NettyRequestSender - Using open Channel [id: 0xb4f0a225, L:/127.0.0.1:49987 - R:localhost/127.0.0.1:60042] for POST '/session/faa93614963786176ce1eadc849c9f66/element'
12:22:14.906 [AsyncHttpClient-1-8] DEBUG org.asynchttpclient.netty.handler.HttpHandler - 

Request DefaultHttpRequest(decodeResult: success, version: HTTP/1.1)
POST /session/faa93614963786176ce1eadc849c9f66/element HTTP/1.1
User-Agent: selenium/4.1.2 (java windows)
Content-Length: 139
Content-Type: application/json; charset=utf-8
host: localhost:60042
accept: */*

Response DefaultHttpResponse(decodeResult: success, version: HTTP/1.1)
HTTP/1.1 200 OK
Content-Type: application/json; charset=utf-8
cache-control: no-cache
content-length: 88

12:22:14.906 [AsyncHttpClient-1-8] DEBUG org.asynchttpclient.netty.channel.ChannelManager - Adding key: http://localhost:60042 for channel [id: 0xb4f0a225, L:/127.0.0.1:49987 - R:localhost/127.0.0.1:60042]
12:22:14.908 [Forwarding clickElement on session faa93614963786176ce1eadc849c9f66 to remote] DEBUG org.asynchttpclient.netty.request.NettyRequestSender - Using pooled Channel '[id: 0xb4f0a225, L:/127.0.0.1:49987 - R:localhost/127.0.0.1:60042]' for 'POST' to 'http://localhost:60042/session/faa93614963786176ce1eadc849c9f66/element/c571fd17-9e02-40fa-b933-ab3133b95f56/click'
12:22:14.908 [Forwarding clickElement on session faa93614963786176ce1eadc849c9f66 to remote] DEBUG org.asynchttpclient.netty.request.NettyRequestSender - Using open Channel [id: 0xb4f0a225, L:/127.0.0.1:49987 - R:localhost/127.0.0.1:60042] for POST '/session/faa93614963786176ce1eadc849c9f66/element/c571fd17-9e02-40fa-b933-ab3133b95f56/click'
12:22:14.962 [AsyncHttpClient-1-8] DEBUG org.asynchttpclient.netty.handler.HttpHandler - 

Request DefaultHttpRequest(decodeResult: success, version: HTTP/1.1)
POST /session/faa93614963786176ce1eadc849c9f66/element/c571fd17-9e02-40fa-b933-ab3133b95f56/click HTTP/1.1
User-Agent: selenium/4.1.2 (java windows)
Content-Length: 50
Content-Type: application/json; charset=utf-8
host: localhost:60042
accept: */*

Response DefaultHttpResponse(decodeResult: success, version: HTTP/1.1)
HTTP/1.1 200 OK
Content-Type: application/json; charset=utf-8
cache-control: no-cache
content-length: 14

12:22:14.962 [AsyncHttpClient-1-8] DEBUG org.asynchttpclient.netty.channel.ChannelManager - Adding key: http://localhost:60042 for channel [id: 0xb4f0a225, L:/127.0.0.1:49987 - R:localhost/127.0.0.1:60042]
12:22:14.970 [Forwarding screenshot on session faa93614963786176ce1eadc849c9f66 to remote] DEBUG org.asynchttpclient.netty.request.NettyRequestSender - Using pooled Channel '[id: 0xb4f0a225, L:/127.0.0.1:49987 - R:localhost/127.0.0.1:60042]' for 'GET' to 'http://localhost:60042/session/faa93614963786176ce1eadc849c9f66/screenshot'
12:22:14.970 [Forwarding screenshot on session faa93614963786176ce1eadc849c9f66 to remote] DEBUG org.asynchttpclient.netty.request.NettyRequestSender - Using open Channel [id: 0xb4f0a225, L:/127.0.0.1:49987 - R:localhost/127.0.0.1:60042] for GET '/session/faa93614963786176ce1eadc849c9f66/screenshot'
12:22:15.223 [AsyncHttpClient-1-1] DEBUG org.asynchttpclient.netty.channel.DefaultChannelPool - Entry count for : http://localhost:49988 : 1
12:22:15.329 [AsyncHttpClient-1-8] DEBUG org.asynchttpclient.netty.handler.HttpHandler - 

Request DefaultFullHttpRequest(decodeResult: success, version: HTTP/1.1, content: EmptyByteBufBE)
GET /session/faa93614963786176ce1eadc849c9f66/screenshot HTTP/1.1
User-Agent: selenium/4.1.2 (java windows)
Cache-Control: no-cache
Content-Type: application/json; charset=utf-8
host: localhost:60042
accept: */*

Response DefaultHttpResponse(decodeResult: success, version: HTTP/1.1)
HTTP/1.1 200 OK
Content-Type: application/json; charset=utf-8
cache-control: no-cache
content-length: 32728

12:22:15.330 [AsyncHttpClient-1-8] DEBUG org.asynchttpclient.netty.channel.ChannelManager - Adding key: http://localhost:60042 for channel [id: 0xb4f0a225, L:/127.0.0.1:49987 - R:localhost/127.0.0.1:60042]
12:22:15.332 [main] DEBUG net.serenitybdd.core.photography.Darkroom - Send negative for processing for target\site\serenity\768c6cf3b1aebb2eefc6a2d139b63cc10d54c930426c2547b50dcb58c41fabab.png
12:22:15.332 [main] DEBUG net.thucydides.core.steps.StepInterceptor - STEP DONE: userClickBasket
  &amp#27;[32mThen &amp#27;[0m&amp#27;[32mas user click basket&amp#27;[0m                      &amp#27;[90m# starter.definitions.OrderSteps.userclickbasket()&amp#27;[0m
12:22:15.332 [Darkroom Processing Line] DEBUG net.serenitybdd.core.photography.DarkroomProcessingLine - Processing screenshot image in /var/screenshots/screenshot-5967629868032026418
12:22:15.332 [Darkroom Processing Line] DEBUG net.serenitybdd.core.photography.DarkroomProcessingLine - Saving screenshot to target\site\serenity\768c6cf3b1aebb2eefc6a2d139b63cc10d54c930426c2547b50dcb58c41fabab.png
12:22:15.347 [main] DEBUG net.thucydides.core.steps.StepInterceptor - STARTING STEP: OrderSteps.userPaytensidarahelektrik - paypepaya
12:22:15.350 [Forwarding findElement on session faa93614963786176ce1eadc849c9f66 to remote] DEBUG org.asynchttpclient.netty.request.NettyRequestSender - Using pooled Channel '[id: 0xb4f0a225, L:/127.0.0.1:49987 - R:localhost/127.0.0.1:60042]' for 'POST' to 'http://localhost:60042/session/faa93614963786176ce1eadc849c9f66/element'
12:22:15.350 [Forwarding findElement on session faa93614963786176ce1eadc849c9f66 to remote] DEBUG org.asynchttpclient.netty.request.NettyRequestSender - Using open Channel [id: 0xb4f0a225, L:/127.0.0.1:49987 - R:localhost/127.0.0.1:60042] for POST '/session/faa93614963786176ce1eadc849c9f66/element'
12:22:15.368 [AsyncHttpClient-1-8] DEBUG org.asynchttpclient.netty.handler.HttpHandler - 

Request DefaultHttpRequest(decodeResult: success, version: HTTP/1.1)
POST /session/faa93614963786176ce1eadc849c9f66/element HTTP/1.1
User-Agent: selenium/4.1.2 (java windows)
Content-Length: 149
Content-Type: application/json; charset=utf-8
host: localhost:60042
accept: */*

Response DefaultHttpResponse(decodeResult: success, version: HTTP/1.1)
HTTP/1.1 200 OK
Content-Type: application/json; charset=utf-8
cache-control: no-cache
content-length: 88

12:22:15.368 [AsyncHttpClient-1-8] DEBUG org.asynchttpclient.netty.channel.ChannelManager - Adding key: http://localhost:60042 for channel [id: 0xb4f0a225, L:/127.0.0.1:49987 - R:localhost/127.0.0.1:60042]
12:22:15.370 [Forwarding getElementTagName on session faa93614963786176ce1eadc849c9f66 to remote] DEBUG org.asynchttpclient.netty.request.NettyRequestSender - Using pooled Channel '[id: 0xb4f0a225, L:/127.0.0.1:49987 - R:localhost/127.0.0.1:60042]' for 'GET' to 'http://localhost:60042/session/faa93614963786176ce1eadc849c9f66/element/e3999608-2709-43e8-a854-fb31e2616532/name'
12:22:15.370 [Forwarding getElementTagName on session faa93614963786176ce1eadc849c9f66 to remote] DEBUG org.asynchttpclient.netty.request.NettyRequestSender - Using open Channel [id: 0xb4f0a225, L:/127.0.0.1:49987 - R:localhost/127.0.0.1:60042] for GET '/session/faa93614963786176ce1eadc849c9f66/element/e3999608-2709-43e8-a854-fb31e2616532/name'
12:22:15.378 [AsyncHttpClient-1-8] DEBUG org.asynchttpclient.netty.handler.HttpHandler - 

Request DefaultFullHttpRequest(decodeResult: success, version: HTTP/1.1, content: EmptyByteBufBE)
GET /session/faa93614963786176ce1eadc849c9f66/element/e3999608-2709-43e8-a854-fb31e2616532/name HTTP/1.1
User-Agent: selenium/4.1.2 (java windows)
Cache-Control: no-cache
Content-Type: application/json; charset=utf-8
host: localhost:60042
accept: */*

Response DefaultHttpResponse(decodeResult: success, version: HTTP/1.1)
HTTP/1.1 200 OK
Content-Type: application/json; charset=utf-8
cache-control: no-cache
content-length: 18

12:22:15.378 [AsyncHttpClient-1-8] DEBUG org.asynchttpclient.netty.channel.ChannelManager - Adding key: http://localhost:60042 for channel [id: 0xb4f0a225, L:/127.0.0.1:49987 - R:localhost/127.0.0.1:60042]
12:22:15.380 [Forwarding getElementTagName on session faa93614963786176ce1eadc849c9f66 to remote] DEBUG org.asynchttpclient.netty.request.NettyRequestSender - Using pooled Channel '[id: 0xb4f0a225, L:/127.0.0.1:49987 - R:localhost/127.0.0.1:60042]' for 'GET' to 'http://localhost:60042/session/faa93614963786176ce1eadc849c9f66/element/e3999608-2709-43e8-a854-fb31e2616532/name'
12:22:15.380 [Forwarding getElementTagName on session faa93614963786176ce1eadc849c9f66 to remote] DEBUG org.asynchttpclient.netty.request.NettyRequestSender - Using open Channel [id: 0xb4f0a225, L:/127.0.0.1:49987 - R:localhost/127.0.0.1:60042] for GET '/session/faa93614963786176ce1eadc849c9f66/element/e3999608-2709-43e8-a854-fb31e2616532/name'
12:22:15.391 [AsyncHttpClient-1-8] DEBUG org.asynchttpclient.netty.handler.HttpHandler - 

Request DefaultFullHttpRequest(decodeResult: success, version: HTTP/1.1, content: EmptyByteBufBE)
GET /session/faa93614963786176ce1eadc849c9f66/element/e3999608-2709-43e8-a854-fb31e2616532/name HTTP/1.1
User-Agent: selenium/4.1.2 (java windows)
Cache-Control: no-cache
Content-Type: application/json; charset=utf-8
host: localhost:60042
accept: */*

Response DefaultHttpResponse(decodeResult: success, version: HTTP/1.1)
HTTP/1.1 200 OK
Content-Type: application/json; charset=utf-8
cache-control: no-cache
content-length: 18

12:22:15.391 [AsyncHttpClient-1-8] DEBUG org.asynchttpclient.netty.channel.ChannelManager - Adding key: http://localhost:60042 for channel [id: 0xb4f0a225, L:/127.0.0.1:49987 - R:localhost/127.0.0.1:60042]
12:22:15.393 [Forwarding isElementEnabled on session faa93614963786176ce1eadc849c9f66 to remote] DEBUG org.asynchttpclient.netty.request.NettyRequestSender - Using pooled Channel '[id: 0xb4f0a225, L:/127.0.0.1:49987 - R:localhost/127.0.0.1:60042]' for 'GET' to 'http://localhost:60042/session/faa93614963786176ce1eadc849c9f66/element/e3999608-2709-43e8-a854-fb31e2616532/enabled'
12:22:15.394 [Forwarding isElementEnabled on session faa93614963786176ce1eadc849c9f66 to remote] DEBUG org.asynchttpclient.netty.request.NettyRequestSender - Using open Channel [id: 0xb4f0a225, L:/127.0.0.1:49987 - R:localhost/127.0.0.1:60042] for GET '/session/faa93614963786176ce1eadc849c9f66/element/e3999608-2709-43e8-a854-fb31e2616532/enabled'
12:22:15.407 [AsyncHttpClient-1-8] DEBUG org.asynchttpclient.netty.handler.HttpHandler - 

Request DefaultFullHttpRequest(decodeResult: success, version: HTTP/1.1, content: EmptyByteBufBE)
GET /session/faa93614963786176ce1eadc849c9f66/element/e3999608-2709-43e8-a854-fb31e2616532/enabled HTTP/1.1
User-Agent: selenium/4.1.2 (java windows)
Cache-Control: no-cache
Content-Type: application/json; charset=utf-8
host: localhost:60042
accept: */*

Response DefaultHttpResponse(decodeResult: success, version: HTTP/1.1)
HTTP/1.1 200 OK
Content-Type: application/json; charset=utf-8
cache-control: no-cache
content-length: 14

12:22:15.407 [AsyncHttpClient-1-8] DEBUG org.asynchttpclient.netty.channel.ChannelManager - Adding key: http://localhost:60042 for channel [id: 0xb4f0a225, L:/127.0.0.1:49987 - R:localhost/127.0.0.1:60042]
12:22:15.409 [Forwarding isElementEnabled on session faa93614963786176ce1eadc849c9f66 to remote] DEBUG org.asynchttpclient.netty.request.NettyRequestSender - Using pooled Channel '[id: 0xb4f0a225, L:/127.0.0.1:49987 - R:localhost/127.0.0.1:60042]' for 'GET' to 'http://localhost:60042/session/faa93614963786176ce1eadc849c9f66/element/e3999608-2709-43e8-a854-fb31e2616532/enabled'
12:22:15.409 [Forwarding isElementEnabled on session faa93614963786176ce1eadc849c9f66 to remote] DEBUG org.asynchttpclient.netty.request.NettyRequestSender - Using open Channel [id: 0xb4f0a225, L:/127.0.0.1:49987 - R:localhost/127.0.0.1:60042] for GET '/session/faa93614963786176ce1eadc849c9f66/element/e3999608-2709-43e8-a854-fb31e2616532/enabled'
12:22:15.421 [AsyncHttpClient-1-8] DEBUG org.asynchttpclient.netty.handler.HttpHandler - 

Request DefaultFullHttpRequest(decodeResult: success, version: HTTP/1.1, content: EmptyByteBufBE)
GET /session/faa93614963786176ce1eadc849c9f66/element/e3999608-2709-43e8-a854-fb31e2616532/enabled HTTP/1.1
User-Agent: selenium/4.1.2 (java windows)
Cache-Control: no-cache
Content-Type: application/json; charset=utf-8
host: localhost:60042
accept: */*

Response DefaultHttpResponse(decodeResult: success, version: HTTP/1.1)
HTTP/1.1 200 OK
Content-Type: application/json; charset=utf-8
cache-control: no-cache
content-length: 14

12:22:15.421 [AsyncHttpClient-1-8] DEBUG org.asynchttpclient.netty.channel.ChannelManager - Adding key: http://localhost:60042 for channel [id: 0xb4f0a225, L:/127.0.0.1:49987 - R:localhost/127.0.0.1:60042]
12:22:15.423 [Forwarding findElement on session faa93614963786176ce1eadc849c9f66 to remote] DEBUG org.asynchttpclient.netty.request.NettyRequestSender - Using pooled Channel '[id: 0xb4f0a225, L:/127.0.0.1:49987 - R:localhost/127.0.0.1:60042]' for 'POST' to 'http://localhost:60042/session/faa93614963786176ce1eadc849c9f66/element'
12:22:15.423 [Forwarding findElement on session faa93614963786176ce1eadc849c9f66 to remote] DEBUG org.asynchttpclient.netty.request.NettyRequestSender - Using open Channel [id: 0xb4f0a225, L:/127.0.0.1:49987 - R:localhost/127.0.0.1:60042] for POST '/session/faa93614963786176ce1eadc849c9f66/element'
12:22:15.435 [AsyncHttpClient-1-8] DEBUG org.asynchttpclient.netty.handler.HttpHandler - 

Request DefaultHttpRequest(decodeResult: success, version: HTTP/1.1)
POST /session/faa93614963786176ce1eadc849c9f66/element HTTP/1.1
User-Agent: selenium/4.1.2 (java windows)
Content-Length: 149
Content-Type: application/json; charset=utf-8
host: localhost:60042
accept: */*

Response DefaultHttpResponse(decodeResult: success, version: HTTP/1.1)
HTTP/1.1 200 OK
Content-Type: application/json; charset=utf-8
cache-control: no-cache
content-length: 88

12:22:15.436 [AsyncHttpClient-1-8] DEBUG org.asynchttpclient.netty.channel.ChannelManager - Adding key: http://localhost:60042 for channel [id: 0xb4f0a225, L:/127.0.0.1:49987 - R:localhost/127.0.0.1:60042]
12:22:15.439 [Forwarding clickElement on session faa93614963786176ce1eadc849c9f66 to remote] DEBUG org.asynchttpclient.netty.request.NettyRequestSender - Using pooled Channel '[id: 0xb4f0a225, L:/127.0.0.1:49987 - R:localhost/127.0.0.1:60042]' for 'POST' to 'http://localhost:60042/session/faa93614963786176ce1eadc849c9f66/element/e3999608-2709-43e8-a854-fb31e2616532/click'
12:22:15.439 [Forwarding clickElement on session faa93614963786176ce1eadc849c9f66 to remote] DEBUG org.asynchttpclient.netty.request.NettyRequestSender - Using open Channel [id: 0xb4f0a225, L:/127.0.0.1:49987 - R:localhost/127.0.0.1:60042] for POST '/session/faa93614963786176ce1eadc849c9f66/element/e3999608-2709-43e8-a854-fb31e2616532/click'
12:22:15.487 [AsyncHttpClient-1-8] DEBUG org.asynchttpclient.netty.handler.HttpHandler - 

Request DefaultHttpRequest(decodeResult: success, version: HTTP/1.1)
POST /session/faa93614963786176ce1eadc849c9f66/element/e3999608-2709-43e8-a854-fb31e2616532/click HTTP/1.1
User-Agent: selenium/4.1.2 (java windows)
Content-Length: 50
Content-Type: application/json; charset=utf-8
host: localhost:60042
accept: */*

Response DefaultHttpResponse(decodeResult: success, version: HTTP/1.1)
HTTP/1.1 200 OK
Content-Type: application/json; charset=utf-8
cache-control: no-cache
content-length: 14

12:22:15.487 [AsyncHttpClient-1-8] DEBUG org.asynchttpclient.netty.channel.ChannelManager - Adding key: http://localhost:60042 for channel [id: 0xb4f0a225, L:/127.0.0.1:49987 - R:localhost/127.0.0.1:60042]
12:22:15.494 [Forwarding screenshot on session faa93614963786176ce1eadc849c9f66 to remote] DEBUG org.asynchttpclient.netty.request.NettyRequestSender - Using pooled Channel '[id: 0xb4f0a225, L:/127.0.0.1:49987 - R:localhost/127.0.0.1:60042]' for 'GET' to 'http://localhost:60042/session/faa93614963786176ce1eadc849c9f66/screenshot'
12:22:15.494 [Forwarding screenshot on session faa93614963786176ce1eadc849c9f66 to remote] DEBUG org.asynchttpclient.netty.request.NettyRequestSender - Using open Channel [id: 0xb4f0a225, L:/127.0.0.1:49987 - R:localhost/127.0.0.1:60042] for GET '/session/faa93614963786176ce1eadc849c9f66/screenshot'
12:22:15.686 [AsyncHttpClient-1-8] DEBUG org.asynchttpclient.netty.handler.HttpHandler - 

Request DefaultFullHttpRequest(decodeResult: success, version: HTTP/1.1, content: EmptyByteBufBE)
GET /session/faa93614963786176ce1eadc849c9f66/screenshot HTTP/1.1
User-Agent: selenium/4.1.2 (java windows)
Cache-Control: no-cache
Content-Type: application/json; charset=utf-8
host: localhost:60042
accept: */*

Response DefaultHttpResponse(decodeResult: success, version: HTTP/1.1)
HTTP/1.1 200 OK
Content-Type: application/json; charset=utf-8
cache-control: no-cache
content-length: 26012

12:22:15.686 [AsyncHttpClient-1-8] DEBUG org.asynchttpclient.netty.channel.ChannelManager - Adding key: http://localhost:60042 for channel [id: 0xb4f0a225, L:/127.0.0.1:49987 - R:localhost/127.0.0.1:60042]
12:22:15.688 [main] DEBUG net.serenitybdd.core.photography.Darkroom - Send negative for processing for target\site\serenity\5a6a5a99fba3dbc5215919367632683ce3d909955590197f3085eff7a787eade.png
12:22:15.688 [main] DEBUG net.thucydides.core.steps.StepInterceptor - STEP DONE: paypepaya
  &amp#27;[32mAnd &amp#27;[0m&amp#27;[32muser pay tensi darah elektrik&amp#27;[0m              &amp#27;[90m# starter.definitions.OrderSteps.userPaytensidarahelektrik()&amp#27;[0m
12:22:15.689 [Darkroom Processing Line] DEBUG net.serenitybdd.core.photography.DarkroomProcessingLine - Processing screenshot image in /var/screenshots/screenshot-2685253334200592502
12:22:15.689 [Darkroom Processing Line] DEBUG net.serenitybdd.core.photography.DarkroomProcessingLine - Saving screenshot to target\site\serenity\5a6a5a99fba3dbc5215919367632683ce3d909955590197f3085eff7a787eade.png
12:22:15.694 [main] INFO  - 
  _____   ___   ___   _____     ___     _     ___   ___   ___   ___  
 |_   _| | __| / __| |_   _|   | _ \   /_\   / __| / __| | __| |   \ 
   | |   | _|  \__ \   | |     |  _/  / _ \  \__ \ \__ \ | _|  | |) |
   |_|   |___| |___/   |_|     |_|   /_/ \_\ |___/ |___/ |___| |___/ 

order tensi darah elektrik
----------------------------------------------------------------------
12:22:15.695 [AsyncHttpClient-1-10] DEBUG org.asynchttpclient.netty.handler.WebSocketHandler - Channel Closed: [id: 0xd3c8402f, L:/127.0.0.1:49995 ! R:localhost/127.0.0.1:49988] with attribute NettyResponseFuture{currentRetry=5,
	isDone=1,
	isCancelled=0,
	asyncHandler=org.asynchttpclient.ws.WebSocketUpgradeHandler@7ae8e25d,
	nettyRequest=org.asynchttpclient.netty.request.NettyRequest@3fea6364,
	future=java.util.concurrent.CompletableFuture@4bc7dc55[Completed normally],
	uri=ws://localhost:49988/devtools/browser/28c85a9f-8f63-49ba-ba62-8991d4cb55d1,
	keepAlive=true,
	redirectCount=0,
	timeoutsHolder=null,
	inAuth=0,
	touch=1652242932677}
12:22:15.695 [AsyncHttpClient-1-10] DEBUG org.asynchttpclient.netty.channel.ChannelManager - Closing Channel [id: 0xd3c8402f, L:/127.0.0.1:49995 ! R:localhost/127.0.0.1:49988] 
12:22:15.699 [Driver Command Executor] DEBUG org.asynchttpclient.netty.request.NettyRequestSender - Using pooled Channel '[id: 0xb4f0a225, L:/127.0.0.1:49987 - R:localhost/127.0.0.1:60042]' for 'DELETE' to 'http://localhost:60042/session/faa93614963786176ce1eadc849c9f66'
12:22:15.699 [Driver Command Executor] DEBUG org.asynchttpclient.netty.request.NettyRequestSender - Using open Channel [id: 0xb4f0a225, L:/127.0.0.1:49987 - R:localhost/127.0.0.1:60042] for DELETE '/session/faa93614963786176ce1eadc849c9f66'
12:22:15.879 [AsyncHttpClient-1-9] DEBUG org.asynchttpclient.netty.handler.HttpHandler - Unexpected I/O exception on channel [id: 0x7b2cfa47, L:/127.0.0.1:49994 - R:localhost/127.0.0.1:49988]
java.net.SocketException: Connection reset
	at java.base/sun.nio.ch.SocketChannelImpl.throwConnectionReset(SocketChannelImpl.java:394)
	at java.base/sun.nio.ch.SocketChannelImpl.read(SocketChannelImpl.java:426)
	at io.netty.buffer.PooledByteBuf.setBytes(PooledByteBuf.java:258)
	at io.netty.buffer.AbstractByteBuf.writeBytes(AbstractByteBuf.java:1132)
	at io.netty.channel.socket.nio.NioSocketChannel.doReadBytes(NioSocketChannel.java:350)
	at io.netty.channel.nio.AbstractNioByteChannel$NioByteUnsafe.read(AbstractNioByteChannel.java:151)
	at io.netty.channel.nio.NioEventLoop.processSelectedKey(NioEventLoop.java:722)
	at io.netty.channel.nio.NioEventLoop.processSelectedKeysOptimized(NioEventLoop.java:658)
	at io.netty.channel.nio.NioEventLoop.processSelectedKeys(NioEventLoop.java:584)
	at io.netty.channel.nio.NioEventLoop.run(NioEventLoop.java:496)
	at io.netty.util.concurrent.SingleThreadEventExecutor$4.run(SingleThreadEventExecutor.java:986)
	at io.netty.util.internal.ThreadExecutorMap$2.run(ThreadExecutorMap.java:74)
	at io.netty.util.concurrent.FastThreadLocalRunnable.run(FastThreadLocalRunnable.java:30)
	at java.base/java.lang.Thread.run(Thread.java:833)
12:22:15.879 [AsyncHttpClient-1-9] DEBUG org.asynchttpclient.netty.channel.ChannelManager - Closing Channel [id: 0x7b2cfa47, L:/127.0.0.1:49994 - R:localhost/127.0.0.1:49988] 
12:22:15.879 [AsyncHttpClient-1-9] DEBUG org.asynchttpclient.netty.handler.HttpHandler - Channel Closed: [id: 0x7b2cfa47, L:/127.0.0.1:49994 ! R:localhost/127.0.0.1:49988] with attribute DISCARD
12:22:15.898 [AsyncHttpClient-1-8] DEBUG org.asynchttpclient.netty.handler.HttpHandler - 

Request DefaultFullHttpRequest(decodeResult: success, version: HTTP/1.1, content: EmptyByteBufBE)
DELETE /session/faa93614963786176ce1eadc849c9f66 HTTP/1.1
User-Agent: selenium/4.1.2 (java windows)
Content-Type: application/json; charset=utf-8
host: localhost:60042
accept: */*

Response DefaultHttpResponse(decodeResult: success, version: HTTP/1.1)
HTTP/1.1 200 OK
Content-Type: application/json; charset=utf-8
cache-control: no-cache
content-length: 14

12:22:15.898 [AsyncHttpClient-1-8] DEBUG org.asynchttpclient.netty.channel.ChannelManager - Adding key: http://localhost:60042 for channel [id: 0xb4f0a225, L:/127.0.0.1:49987 - R:localhost/127.0.0.1:60042]
12:22:16.326 [AsyncHttpClient-1-1] DEBUG org.asynchttpclient.netty.channel.DefaultChannelPool - Entry count for : http://localhost:60042 : 1
12:22:16.327 [AsyncHttpClient-1-1] DEBUG org.asynchttpclient.netty.channel.DefaultChannelPool - Entry count for : http://localhost:49988 : 1
12:22:16.327 [AsyncHttpClient-1-1] DEBUG org.asynchttpclient.netty.channel.DefaultChannelPool - Adding Candidate expired Channel [id: 0x7b2cfa47, L:/127.0.0.1:49994 ! R:localhost/127.0.0.1:49988] isIdleTimeoutExpired=false isRemotelyClosed=true isTtlExpired=false
12:22:16.327 [AsyncHttpClient-1-1] DEBUG org.asynchttpclient.netty.channel.DefaultChannelPool - Closing Idle Channel [id: 0x7b2cfa47, L:/127.0.0.1:49994 ! R:localhost/127.0.0.1:49988]
12:22:16.327 [AsyncHttpClient-1-1] DEBUG org.asynchttpclient.netty.channel.DefaultChannelPool - Closed 1 connections out of 2 in 0 ms
12:22:16.391 [AsyncHttpClient-1-8] DEBUG org.asynchttpclient.netty.handler.HttpHandler - Channel Closed: [id: 0xb4f0a225, L:/127.0.0.1:49987 ! R:localhost/127.0.0.1:60042] with attribute DISCARD
]]></system-out>
    <system-err><![CDATA[Starting ChromeDriver 101.0.4951.41 (93c720db8323b3ec10d056025ab95c23a31997c9-refs/branch-heads/4951@{#904}) on port 60042
Only local connections are allowed.
Please see https://chromedriver.chromium.org/security-considerations for suggestions on keeping ChromeDriver safe.
ChromeDriver was started successfully.
May 11, 2022 12:22:12 PM org.openqa.selenium.remote.ProtocolHandshake createSession
INFO: Detected dialect: W3C
May 11, 2022 12:22:12 PM org.openqa.selenium.devtools.CdpVersionFinder findNearestMatch
WARNING: Unable to find an exact match for CDP version 101, so returning the closest version found: 97
May 11, 2022 12:22:12 PM org.openqa.selenium.devtools.CdpVersionFinder findNearestMatch
INFO: Found CDP implementation for version 101 of 97
]]></system-err>
  </testcase>
  <testcase name="As a user i want registered successfully" classname="As a user i want to register for my account so that i can go shop" time="6.985">
    <system-out><![CDATA[12:22:16.518 [main] INFO io.cucumber.core.plugin.SerenityReporter - Running feature from file:///D:/alta%20folder/final%20project/web%20testing/src/test/resources/features/Register.feature
12:22:16.520 [main] DEBUG net.thucydides.core.steps.StepEventBus - Test suite started for story net.thucydides.core.model.Story@506a188d
12:22:16.521 [main] INFO  - Test Suite Started: As a user i want to register for my account so that i can go shop

Scenario: As a user i want registered successfully &amp#27;[90m# src/test/resources/features/Register.feature:3&amp#27;[0m
12:22:16.526 [main] INFO io.cucumber.core.plugin.SerenityReporter - Running feature from file:///D:/alta%20folder/final%20project/web%20testing/src/test/resources/features/Register.feature
12:22:16.528 [main] INFO  - 
  _____   ___   ___   _____     ___   _____     _     ___   _____   ___   ___  
 |_   _| | __| / __| |_   _|   / __| |_   _|   /_\   | _ \ |_   _| | __| |   \ 
   | |   | _|  \__ \   | |     \__ \   | |    / _ \  |   /   | |   | _|  | |) |
   |_|   |___| |___/   |_|     |___/   |_|   /_/ \_\ |_|_\   |_|   |___| |___/ 

As a user i want registered successfully(as-a-user-i-want-to-register-for-my-account-so-that-i-can-go-shop;as-a-user-i-want-registered-successfully)
--------------------------------------------------------------------------------
12:22:16.608 [main] DEBUG net.thucydides.core.steps.StepInterceptor - STARTING STEP: RegisterSteps.ontheLoginPage - openPage
12:22:16.609 [main] INFO net.serenitybdd.core.webdriver.driverproviders.ChromeDriverProvider - Using automatically driver download
12:22:16.740 [main] DEBUG io.github.bonigarcia.wdm.cache.ResolutionCache - Resolution chrome=101 in cache (valid until 13:12:06 11/05/2022 WITA)
12:22:16.743 [main] DEBUG io.github.bonigarcia.wdm.cache.ResolutionCache - Resolution chrome101=101.0.4951.41 in cache (valid until 21:51:26 11/05/2022 WITA)
12:22:16.744 [main] INFO io.github.bonigarcia.wdm.WebDriverManager - Using chromedriver 101.0.4951.41 (resolved driver for Chrome 101)
12:22:16.754 [main] DEBUG io.github.bonigarcia.wdm.WebDriverManager - Driver chromedriver 101.0.4951.41 found in cache
12:22:16.754 [main] INFO io.github.bonigarcia.wdm.WebDriverManager - Exporting webdriver.chrome.driver as C:\Users\Rev\.cache\selenium\chromedriver\win32\101.0.4951.41\chromedriver.exe
12:22:16.870 [main] DEBUG net.serenitybdd.core.webdriver.driverproviders.ProvideNewDriver - Instantiating driver
12:22:16.870 [main] DEBUG net.serenitybdd.core.webdriver.driverproviders.ProvideNewDriver - Driver capabilities: Capabilities {acceptInsecureCerts: false, base.url: https://qa.alta.id, browserName: chrome, chrome.driver: webdriver/chromedriver.exe, driver: chrome, goog:chromeOptions: {args: [], extensions: []}}
12:22:17.259 [AsyncHttpClient-1-11] DEBUG org.asynchttpclient.netty.channel.NettyConnectListener - Using new Channel '[id: 0x3ddd8b5c, L:/127.0.0.1:50016 - R:localhost/127.0.0.1:59912]' for 'POST' to '/session'
12:22:17.423 [AsyncHttpClient-1-1] DEBUG org.asynchttpclient.netty.channel.DefaultChannelPool - Entry count for : http://localhost:60042 : 1
12:22:17.423 [AsyncHttpClient-1-1] DEBUG org.asynchttpclient.netty.channel.DefaultChannelPool - Adding Candidate expired Channel [id: 0xb4f0a225, L:/127.0.0.1:49987 ! R:localhost/127.0.0.1:60042] isIdleTimeoutExpired=false isRemotelyClosed=true isTtlExpired=false
12:22:17.423 [AsyncHttpClient-1-1] DEBUG org.asynchttpclient.netty.channel.DefaultChannelPool - Closing Idle Channel [id: 0xb4f0a225, L:/127.0.0.1:49987 ! R:localhost/127.0.0.1:60042]
12:22:17.423 [AsyncHttpClient-1-1] DEBUG org.asynchttpclient.netty.channel.DefaultChannelPool - Closed 1 connections out of 1 in 0 ms
12:22:17.921 [AsyncHttpClient-1-11] DEBUG org.asynchttpclient.netty.handler.HttpHandler - 

Request DefaultHttpRequest(decodeResult: success, version: HTTP/1.1)
POST /session HTTP/1.1
User-Agent: selenium/4.1.2 (java windows)
Content-Length: 565
Content-Type: application/json; charset=utf-8
host: localhost:59912
accept: */*

Response DefaultHttpResponse(decodeResult: success, version: HTTP/1.1)
HTTP/1.1 200 OK
Content-Type: application/json; charset=utf-8
cache-control: no-cache
content-length: 787

12:22:17.922 [AsyncHttpClient-1-11] DEBUG org.asynchttpclient.netty.channel.ChannelManager - Adding key: http://localhost:59912 for channel [id: 0x3ddd8b5c, L:/127.0.0.1:50016 - R:localhost/127.0.0.1:59912]
12:22:17.937 [AsyncHttpClient-1-12] DEBUG org.asynchttpclient.netty.channel.NettyConnectListener - Using new Channel '[id: 0xeae0b3cc, L:/127.0.0.1:50023 - R:localhost/127.0.0.1:50017]' for 'GET' to '/json/version'
12:22:17.950 [AsyncHttpClient-1-12] DEBUG org.asynchttpclient.netty.handler.HttpHandler - 

Request DefaultFullHttpRequest(decodeResult: success, version: HTTP/1.1, content: EmptyByteBufBE)
GET /json/version HTTP/1.1
User-Agent: selenium/4.1.2 (java windows)
host: localhost:50017
accept: */*

Response DefaultHttpResponse(decodeResult: success, version: HTTP/1.1)
HTTP/1.1 200 OK
Content-Type: application/json; charset=UTF-8
content-length: 427

12:22:17.950 [AsyncHttpClient-1-12] DEBUG org.asynchttpclient.netty.channel.ChannelManager - Adding key: http://localhost:50017 for channel [id: 0xeae0b3cc, L:/127.0.0.1:50023 - R:localhost/127.0.0.1:50017]
12:22:17.954 [AsyncHttpClient-1-13] DEBUG org.asynchttpclient.netty.channel.NettyConnectListener - Using new Channel '[id: 0x3993f7ed, L:/127.0.0.1:50024 - R:localhost/127.0.0.1:50017]' for 'GET' to '/devtools/browser/25966762-1f58-4a16-a334-8f45efe02556'
12:22:17.962 [AsyncHttpClient-1-13] DEBUG org.asynchttpclient.netty.handler.WebSocketHandler - 

Request DefaultFullHttpRequest(decodeResult: success, version: HTTP/1.1, content: EmptyByteBufBE)
GET /devtools/browser/25966762-1f58-4a16-a334-8f45efe02556 HTTP/1.1
upgrade: websocket
connection: upgrade
sec-websocket-key: GAAuOWLMeK7vbMS6PdD9ag==
sec-websocket-version: 13
origin: http://localhost:50017
host: localhost:50017
accept: */*
user-agent: AHC/2.1

Response DefaultHttpResponse(decodeResult: success, version: HTTP/1.1)
HTTP/1.1 101 WebSocket Protocol Handshake
Upgrade: WebSocket
Connection: Upgrade
Sec-WebSocket-Accept: syWJXvnzi3L6DZR98pDU3XICFcI=

12:22:17.966 [Forwarding get on session e86d70f450ecf92fe44720725baecfb4 to remote] DEBUG org.asynchttpclient.netty.request.NettyRequestSender - Using pooled Channel '[id: 0x3ddd8b5c, L:/127.0.0.1:50016 - R:localhost/127.0.0.1:59912]' for 'POST' to 'http://localhost:59912/session/e86d70f450ecf92fe44720725baecfb4/url'
12:22:17.966 [Forwarding get on session e86d70f450ecf92fe44720725baecfb4 to remote] DEBUG org.asynchttpclient.netty.request.NettyRequestSender - Using open Channel [id: 0x3ddd8b5c, L:/127.0.0.1:50016 - R:localhost/127.0.0.1:59912] for POST '/session/e86d70f450ecf92fe44720725baecfb4/url'
12:22:18.480 [AsyncHttpClient-1-11] DEBUG org.asynchttpclient.netty.handler.HttpHandler - 

Request DefaultHttpRequest(decodeResult: success, version: HTTP/1.1)
POST /session/e86d70f450ecf92fe44720725baecfb4/url HTTP/1.1
User-Agent: selenium/4.1.2 (java windows)
Content-Length: 43
Content-Type: application/json; charset=utf-8
host: localhost:59912
accept: */*

Response DefaultHttpResponse(decodeResult: success, version: HTTP/1.1)
HTTP/1.1 200 OK
Content-Type: application/json; charset=utf-8
cache-control: no-cache
content-length: 14

12:22:18.480 [AsyncHttpClient-1-11] DEBUG org.asynchttpclient.netty.channel.ChannelManager - Adding key: http://localhost:59912 for channel [id: 0x3ddd8b5c, L:/127.0.0.1:50016 - R:localhost/127.0.0.1:59912]
12:22:18.482 [Forwarding setTimeout on session e86d70f450ecf92fe44720725baecfb4 to remote] DEBUG org.asynchttpclient.netty.request.NettyRequestSender - Using pooled Channel '[id: 0x3ddd8b5c, L:/127.0.0.1:50016 - R:localhost/127.0.0.1:59912]' for 'POST' to 'http://localhost:59912/session/e86d70f450ecf92fe44720725baecfb4/timeouts'
12:22:18.482 [Forwarding setTimeout on session e86d70f450ecf92fe44720725baecfb4 to remote] DEBUG org.asynchttpclient.netty.request.NettyRequestSender - Using open Channel [id: 0x3ddd8b5c, L:/127.0.0.1:50016 - R:localhost/127.0.0.1:59912] for POST '/session/e86d70f450ecf92fe44720725baecfb4/timeouts'
12:22:18.491 [AsyncHttpClient-1-11] DEBUG org.asynchttpclient.netty.handler.HttpHandler - 

Request DefaultHttpRequest(decodeResult: success, version: HTTP/1.1)
POST /session/e86d70f450ecf92fe44720725baecfb4/timeouts HTTP/1.1
User-Agent: selenium/4.1.2 (java windows)
Content-Length: 22
Content-Type: application/json; charset=utf-8
host: localhost:59912
accept: */*

Response DefaultHttpResponse(decodeResult: success, version: HTTP/1.1)
HTTP/1.1 200 OK
Content-Type: application/json; charset=utf-8
cache-control: no-cache
content-length: 14

12:22:18.491 [AsyncHttpClient-1-11] DEBUG org.asynchttpclient.netty.channel.ChannelManager - Adding key: http://localhost:59912 for channel [id: 0x3ddd8b5c, L:/127.0.0.1:50016 - R:localhost/127.0.0.1:59912]
12:22:18.494 [Forwarding getCurrentUrl on session e86d70f450ecf92fe44720725baecfb4 to remote] DEBUG org.asynchttpclient.netty.request.NettyRequestSender - Using pooled Channel '[id: 0x3ddd8b5c, L:/127.0.0.1:50016 - R:localhost/127.0.0.1:59912]' for 'GET' to 'http://localhost:59912/session/e86d70f450ecf92fe44720725baecfb4/url'
12:22:18.494 [Forwarding getCurrentUrl on session e86d70f450ecf92fe44720725baecfb4 to remote] DEBUG org.asynchttpclient.netty.request.NettyRequestSender - Using open Channel [id: 0x3ddd8b5c, L:/127.0.0.1:50016 - R:localhost/127.0.0.1:59912] for GET '/session/e86d70f450ecf92fe44720725baecfb4/url'
12:22:18.519 [AsyncHttpClient-1-11] DEBUG org.asynchttpclient.netty.handler.HttpHandler - 

Request DefaultFullHttpRequest(decodeResult: success, version: HTTP/1.1, content: EmptyByteBufBE)
GET /session/e86d70f450ecf92fe44720725baecfb4/url HTTP/1.1
User-Agent: selenium/4.1.2 (java windows)
Cache-Control: no-cache
Content-Type: application/json; charset=utf-8
host: localhost:59912
accept: */*

Response DefaultHttpResponse(decodeResult: success, version: HTTP/1.1)
HTTP/1.1 200 OK
Content-Type: application/json; charset=utf-8
cache-control: no-cache
content-length: 31

12:22:18.520 [AsyncHttpClient-1-11] DEBUG org.asynchttpclient.netty.channel.ChannelManager - Adding key: http://localhost:59912 for channel [id: 0x3ddd8b5c, L:/127.0.0.1:50016 - R:localhost/127.0.0.1:59912]
12:22:18.523 [Forwarding getCurrentUrl on session e86d70f450ecf92fe44720725baecfb4 to remote] DEBUG org.asynchttpclient.netty.request.NettyRequestSender - Using pooled Channel '[id: 0x3ddd8b5c, L:/127.0.0.1:50016 - R:localhost/127.0.0.1:59912]' for 'GET' to 'http://localhost:59912/session/e86d70f450ecf92fe44720725baecfb4/url'
12:22:18.523 [Forwarding getCurrentUrl on session e86d70f450ecf92fe44720725baecfb4 to remote] DEBUG org.asynchttpclient.netty.request.NettyRequestSender - Using open Channel [id: 0x3ddd8b5c, L:/127.0.0.1:50016 - R:localhost/127.0.0.1:59912] for GET '/session/e86d70f450ecf92fe44720725baecfb4/url'
12:22:18.528 [AsyncHttpClient-1-1] DEBUG org.asynchttpclient.netty.channel.DefaultChannelPool - Entry count for : http://localhost:50017 : 1
12:22:18.537 [AsyncHttpClient-1-11] DEBUG org.asynchttpclient.netty.handler.HttpHandler - 

Request DefaultFullHttpRequest(decodeResult: success, version: HTTP/1.1, content: EmptyByteBufBE)
GET /session/e86d70f450ecf92fe44720725baecfb4/url HTTP/1.1
User-Agent: selenium/4.1.2 (java windows)
Cache-Control: no-cache
Content-Type: application/json; charset=utf-8
host: localhost:59912
accept: */*

Response DefaultHttpResponse(decodeResult: success, version: HTTP/1.1)
HTTP/1.1 200 OK
Content-Type: application/json; charset=utf-8
cache-control: no-cache
content-length: 31

12:22:18.537 [AsyncHttpClient-1-11] DEBUG org.asynchttpclient.netty.channel.ChannelManager - Adding key: http://localhost:59912 for channel [id: 0x3ddd8b5c, L:/127.0.0.1:50016 - R:localhost/127.0.0.1:59912]
12:22:18.542 [main] DEBUG net.serenitybdd.core.photography.Darkroom - Opening darkroom
12:22:18.543 [Forwarding screenshot on session e86d70f450ecf92fe44720725baecfb4 to remote] DEBUG org.asynchttpclient.netty.request.NettyRequestSender - Using pooled Channel '[id: 0x3ddd8b5c, L:/127.0.0.1:50016 - R:localhost/127.0.0.1:59912]' for 'GET' to 'http://localhost:59912/session/e86d70f450ecf92fe44720725baecfb4/screenshot'
12:22:18.543 [Forwarding screenshot on session e86d70f450ecf92fe44720725baecfb4 to remote] DEBUG org.asynchttpclient.netty.request.NettyRequestSender - Using open Channel [id: 0x3ddd8b5c, L:/127.0.0.1:50016 - R:localhost/127.0.0.1:59912] for GET '/session/e86d70f450ecf92fe44720725baecfb4/screenshot'
12:22:18.559 [Darkroom Processing Line] DEBUG net.serenitybdd.core.photography.DarkroomProcessingLine - Darkroom processing line starting up
12:22:19.391 [AsyncHttpClient-1-11] DEBUG org.asynchttpclient.netty.handler.HttpHandler - 

Request DefaultFullHttpRequest(decodeResult: success, version: HTTP/1.1, content: EmptyByteBufBE)
GET /session/e86d70f450ecf92fe44720725baecfb4/screenshot HTTP/1.1
User-Agent: selenium/4.1.2 (java windows)
Cache-Control: no-cache
Content-Type: application/json; charset=utf-8
host: localhost:59912
accept: */*

Response DefaultHttpResponse(decodeResult: success, version: HTTP/1.1)
HTTP/1.1 200 OK
Content-Type: application/json; charset=utf-8
cache-control: no-cache
content-length: 62216

12:22:19.392 [AsyncHttpClient-1-11] DEBUG org.asynchttpclient.netty.channel.ChannelManager - Adding key: http://localhost:59912 for channel [id: 0x3ddd8b5c, L:/127.0.0.1:50016 - R:localhost/127.0.0.1:59912]
12:22:19.394 [main] DEBUG net.serenitybdd.core.photography.Darkroom - Send negative for processing for target\site\serenity\d0e3a11f519378e75e145ca7ec5945fbcf8430ec8f85d49df1f8c9df9c016d51.png
12:22:19.394 [main] DEBUG net.thucydides.core.steps.StepInterceptor - STEP DONE: openPage
12:22:19.400 [main] DEBUG net.thucydides.core.steps.StepInterceptor - STARTING STEP: RegisterSteps.ontheLoginPage - clickLoginIcon
12:22:19.403 [Forwarding findElement on session e86d70f450ecf92fe44720725baecfb4 to remote] DEBUG org.asynchttpclient.netty.request.NettyRequestSender - Using pooled Channel '[id: 0x3ddd8b5c, L:/127.0.0.1:50016 - R:localhost/127.0.0.1:59912]' for 'POST' to 'http://localhost:59912/session/e86d70f450ecf92fe44720725baecfb4/element'
12:22:19.403 [Forwarding findElement on session e86d70f450ecf92fe44720725baecfb4 to remote] DEBUG org.asynchttpclient.netty.request.NettyRequestSender - Using open Channel [id: 0x3ddd8b5c, L:/127.0.0.1:50016 - R:localhost/127.0.0.1:59912] for POST '/session/e86d70f450ecf92fe44720725baecfb4/element'
12:22:19.421 [AsyncHttpClient-1-11] DEBUG org.asynchttpclient.netty.handler.HttpHandler - 

Request DefaultHttpRequest(decodeResult: success, version: HTTP/1.1)
POST /session/e86d70f450ecf92fe44720725baecfb4/element HTTP/1.1
User-Agent: selenium/4.1.2 (java windows)
Content-Length: 139
Content-Type: application/json; charset=utf-8
host: localhost:59912
accept: */*

Response DefaultHttpResponse(decodeResult: success, version: HTTP/1.1)
HTTP/1.1 200 OK
Content-Type: application/json; charset=utf-8
cache-control: no-cache
content-length: 88

12:22:19.421 [AsyncHttpClient-1-11] DEBUG org.asynchttpclient.netty.channel.ChannelManager - Adding key: http://localhost:59912 for channel [id: 0x3ddd8b5c, L:/127.0.0.1:50016 - R:localhost/127.0.0.1:59912]
12:22:19.423 [Forwarding getElementTagName on session e86d70f450ecf92fe44720725baecfb4 to remote] DEBUG org.asynchttpclient.netty.request.NettyRequestSender - Using pooled Channel '[id: 0x3ddd8b5c, L:/127.0.0.1:50016 - R:localhost/127.0.0.1:59912]' for 'GET' to 'http://localhost:59912/session/e86d70f450ecf92fe44720725baecfb4/element/f98dc7e0-4a6f-4d9b-ad59-9c636c335bc2/name'
12:22:19.423 [Forwarding getElementTagName on session e86d70f450ecf92fe44720725baecfb4 to remote] DEBUG org.asynchttpclient.netty.request.NettyRequestSender - Using open Channel [id: 0x3ddd8b5c, L:/127.0.0.1:50016 - R:localhost/127.0.0.1:59912] for GET '/session/e86d70f450ecf92fe44720725baecfb4/element/f98dc7e0-4a6f-4d9b-ad59-9c636c335bc2/name'
12:22:19.430 [AsyncHttpClient-1-11] DEBUG org.asynchttpclient.netty.handler.HttpHandler - 

Request DefaultFullHttpRequest(decodeResult: success, version: HTTP/1.1, content: EmptyByteBufBE)
GET /session/e86d70f450ecf92fe44720725baecfb4/element/f98dc7e0-4a6f-4d9b-ad59-9c636c335bc2/name HTTP/1.1
User-Agent: selenium/4.1.2 (java windows)
Cache-Control: no-cache
Content-Type: application/json; charset=utf-8
host: localhost:59912
accept: */*

Response DefaultHttpResponse(decodeResult: success, version: HTTP/1.1)
HTTP/1.1 200 OK
Content-Type: application/json; charset=utf-8
cache-control: no-cache
content-length: 18

12:22:19.430 [AsyncHttpClient-1-11] DEBUG org.asynchttpclient.netty.channel.ChannelManager - Adding key: http://localhost:59912 for channel [id: 0x3ddd8b5c, L:/127.0.0.1:50016 - R:localhost/127.0.0.1:59912]
12:22:19.431 [Forwarding getElementTagName on session e86d70f450ecf92fe44720725baecfb4 to remote] DEBUG org.asynchttpclient.netty.request.NettyRequestSender - Using pooled Channel '[id: 0x3ddd8b5c, L:/127.0.0.1:50016 - R:localhost/127.0.0.1:59912]' for 'GET' to 'http://localhost:59912/session/e86d70f450ecf92fe44720725baecfb4/element/f98dc7e0-4a6f-4d9b-ad59-9c636c335bc2/name'
12:22:19.431 [Forwarding getElementTagName on session e86d70f450ecf92fe44720725baecfb4 to remote] DEBUG org.asynchttpclient.netty.request.NettyRequestSender - Using open Channel [id: 0x3ddd8b5c, L:/127.0.0.1:50016 - R:localhost/127.0.0.1:59912] for GET '/session/e86d70f450ecf92fe44720725baecfb4/element/f98dc7e0-4a6f-4d9b-ad59-9c636c335bc2/name'
12:22:19.443 [AsyncHttpClient-1-11] DEBUG org.asynchttpclient.netty.handler.HttpHandler - 

Request DefaultFullHttpRequest(decodeResult: success, version: HTTP/1.1, content: EmptyByteBufBE)
GET /session/e86d70f450ecf92fe44720725baecfb4/element/f98dc7e0-4a6f-4d9b-ad59-9c636c335bc2/name HTTP/1.1
User-Agent: selenium/4.1.2 (java windows)
Cache-Control: no-cache
Content-Type: application/json; charset=utf-8
host: localhost:59912
accept: */*

Response DefaultHttpResponse(decodeResult: success, version: HTTP/1.1)
HTTP/1.1 200 OK
Content-Type: application/json; charset=utf-8
cache-control: no-cache
content-length: 18

12:22:19.443 [AsyncHttpClient-1-11] DEBUG org.asynchttpclient.netty.channel.ChannelManager - Adding key: http://localhost:59912 for channel [id: 0x3ddd8b5c, L:/127.0.0.1:50016 - R:localhost/127.0.0.1:59912]
12:22:19.446 [Forwarding isElementEnabled on session e86d70f450ecf92fe44720725baecfb4 to remote] DEBUG org.asynchttpclient.netty.request.NettyRequestSender - Using pooled Channel '[id: 0x3ddd8b5c, L:/127.0.0.1:50016 - R:localhost/127.0.0.1:59912]' for 'GET' to 'http://localhost:59912/session/e86d70f450ecf92fe44720725baecfb4/element/f98dc7e0-4a6f-4d9b-ad59-9c636c335bc2/enabled'
12:22:19.446 [Forwarding isElementEnabled on session e86d70f450ecf92fe44720725baecfb4 to remote] DEBUG org.asynchttpclient.netty.request.NettyRequestSender - Using open Channel [id: 0x3ddd8b5c, L:/127.0.0.1:50016 - R:localhost/127.0.0.1:59912] for GET '/session/e86d70f450ecf92fe44720725baecfb4/element/f98dc7e0-4a6f-4d9b-ad59-9c636c335bc2/enabled'
12:22:19.462 [AsyncHttpClient-1-11] DEBUG org.asynchttpclient.netty.handler.HttpHandler - 

Request DefaultFullHttpRequest(decodeResult: success, version: HTTP/1.1, content: EmptyByteBufBE)
GET /session/e86d70f450ecf92fe44720725baecfb4/element/f98dc7e0-4a6f-4d9b-ad59-9c636c335bc2/enabled HTTP/1.1
User-Agent: selenium/4.1.2 (java windows)
Cache-Control: no-cache
Content-Type: application/json; charset=utf-8
host: localhost:59912
accept: */*

Response DefaultHttpResponse(decodeResult: success, version: HTTP/1.1)
HTTP/1.1 200 OK
Content-Type: application/json; charset=utf-8
cache-control: no-cache
content-length: 14

12:22:19.462 [AsyncHttpClient-1-11] DEBUG org.asynchttpclient.netty.channel.ChannelManager - Adding key: http://localhost:59912 for channel [id: 0x3ddd8b5c, L:/127.0.0.1:50016 - R:localhost/127.0.0.1:59912]
12:22:19.464 [Forwarding isElementEnabled on session e86d70f450ecf92fe44720725baecfb4 to remote] DEBUG org.asynchttpclient.netty.request.NettyRequestSender - Using pooled Channel '[id: 0x3ddd8b5c, L:/127.0.0.1:50016 - R:localhost/127.0.0.1:59912]' for 'GET' to 'http://localhost:59912/session/e86d70f450ecf92fe44720725baecfb4/element/f98dc7e0-4a6f-4d9b-ad59-9c636c335bc2/enabled'
12:22:19.464 [Forwarding isElementEnabled on session e86d70f450ecf92fe44720725baecfb4 to remote] DEBUG org.asynchttpclient.netty.request.NettyRequestSender - Using open Channel [id: 0x3ddd8b5c, L:/127.0.0.1:50016 - R:localhost/127.0.0.1:59912] for GET '/session/e86d70f450ecf92fe44720725baecfb4/element/f98dc7e0-4a6f-4d9b-ad59-9c636c335bc2/enabled'
12:22:19.474 [AsyncHttpClient-1-11] DEBUG org.asynchttpclient.netty.handler.HttpHandler - 

Request DefaultFullHttpRequest(decodeResult: success, version: HTTP/1.1, content: EmptyByteBufBE)
GET /session/e86d70f450ecf92fe44720725baecfb4/element/f98dc7e0-4a6f-4d9b-ad59-9c636c335bc2/enabled HTTP/1.1
User-Agent: selenium/4.1.2 (java windows)
Cache-Control: no-cache
Content-Type: application/json; charset=utf-8
host: localhost:59912
accept: */*

Response DefaultHttpResponse(decodeResult: success, version: HTTP/1.1)
HTTP/1.1 200 OK
Content-Type: application/json; charset=utf-8
cache-control: no-cache
content-length: 14

12:22:19.474 [AsyncHttpClient-1-11] DEBUG org.asynchttpclient.netty.channel.ChannelManager - Adding key: http://localhost:59912 for channel [id: 0x3ddd8b5c, L:/127.0.0.1:50016 - R:localhost/127.0.0.1:59912]
12:22:19.476 [Forwarding findElement on session e86d70f450ecf92fe44720725baecfb4 to remote] DEBUG org.asynchttpclient.netty.request.NettyRequestSender - Using pooled Channel '[id: 0x3ddd8b5c, L:/127.0.0.1:50016 - R:localhost/127.0.0.1:59912]' for 'POST' to 'http://localhost:59912/session/e86d70f450ecf92fe44720725baecfb4/element'
12:22:19.476 [Forwarding findElement on session e86d70f450ecf92fe44720725baecfb4 to remote] DEBUG org.asynchttpclient.netty.request.NettyRequestSender - Using open Channel [id: 0x3ddd8b5c, L:/127.0.0.1:50016 - R:localhost/127.0.0.1:59912] for POST '/session/e86d70f450ecf92fe44720725baecfb4/element'
12:22:19.490 [AsyncHttpClient-1-11] DEBUG org.asynchttpclient.netty.handler.HttpHandler - 

Request DefaultHttpRequest(decodeResult: success, version: HTTP/1.1)
POST /session/e86d70f450ecf92fe44720725baecfb4/element HTTP/1.1
User-Agent: selenium/4.1.2 (java windows)
Content-Length: 139
Content-Type: application/json; charset=utf-8
host: localhost:59912
accept: */*

Response DefaultHttpResponse(decodeResult: success, version: HTTP/1.1)
HTTP/1.1 200 OK
Content-Type: application/json; charset=utf-8
cache-control: no-cache
content-length: 88

12:22:19.490 [AsyncHttpClient-1-11] DEBUG org.asynchttpclient.netty.channel.ChannelManager - Adding key: http://localhost:59912 for channel [id: 0x3ddd8b5c, L:/127.0.0.1:50016 - R:localhost/127.0.0.1:59912]
12:22:19.491 [Forwarding clickElement on session e86d70f450ecf92fe44720725baecfb4 to remote] DEBUG org.asynchttpclient.netty.request.NettyRequestSender - Using pooled Channel '[id: 0x3ddd8b5c, L:/127.0.0.1:50016 - R:localhost/127.0.0.1:59912]' for 'POST' to 'http://localhost:59912/session/e86d70f450ecf92fe44720725baecfb4/element/f98dc7e0-4a6f-4d9b-ad59-9c636c335bc2/click'
12:22:19.491 [Forwarding clickElement on session e86d70f450ecf92fe44720725baecfb4 to remote] DEBUG org.asynchttpclient.netty.request.NettyRequestSender - Using open Channel [id: 0x3ddd8b5c, L:/127.0.0.1:50016 - R:localhost/127.0.0.1:59912] for POST '/session/e86d70f450ecf92fe44720725baecfb4/element/f98dc7e0-4a6f-4d9b-ad59-9c636c335bc2/click'
12:22:19.550 [AsyncHttpClient-1-11] DEBUG org.asynchttpclient.netty.handler.HttpHandler - 

Request DefaultHttpRequest(decodeResult: success, version: HTTP/1.1)
POST /session/e86d70f450ecf92fe44720725baecfb4/element/f98dc7e0-4a6f-4d9b-ad59-9c636c335bc2/click HTTP/1.1
User-Agent: selenium/4.1.2 (java windows)
Content-Length: 50
Content-Type: application/json; charset=utf-8
host: localhost:59912
accept: */*

Response DefaultHttpResponse(decodeResult: success, version: HTTP/1.1)
HTTP/1.1 200 OK
Content-Type: application/json; charset=utf-8
cache-control: no-cache
content-length: 14

12:22:19.551 [AsyncHttpClient-1-11] DEBUG org.asynchttpclient.netty.channel.ChannelManager - Adding key: http://localhost:59912 for channel [id: 0x3ddd8b5c, L:/127.0.0.1:50016 - R:localhost/127.0.0.1:59912]
12:22:19.558 [Forwarding screenshot on session e86d70f450ecf92fe44720725baecfb4 to remote] DEBUG org.asynchttpclient.netty.request.NettyRequestSender - Using pooled Channel '[id: 0x3ddd8b5c, L:/127.0.0.1:50016 - R:localhost/127.0.0.1:59912]' for 'GET' to 'http://localhost:59912/session/e86d70f450ecf92fe44720725baecfb4/screenshot'
12:22:19.558 [Forwarding screenshot on session e86d70f450ecf92fe44720725baecfb4 to remote] DEBUG org.asynchttpclient.netty.request.NettyRequestSender - Using open Channel [id: 0x3ddd8b5c, L:/127.0.0.1:50016 - R:localhost/127.0.0.1:59912] for GET '/session/e86d70f450ecf92fe44720725baecfb4/screenshot'
12:22:19.624 [AsyncHttpClient-1-1] DEBUG org.asynchttpclient.netty.channel.DefaultChannelPool - Entry count for : http://localhost:50017 : 1
12:22:19.963 [AsyncHttpClient-1-11] DEBUG org.asynchttpclient.netty.handler.HttpHandler - 

Request DefaultFullHttpRequest(decodeResult: success, version: HTTP/1.1, content: EmptyByteBufBE)
GET /session/e86d70f450ecf92fe44720725baecfb4/screenshot HTTP/1.1
User-Agent: selenium/4.1.2 (java windows)
Cache-Control: no-cache
Content-Type: application/json; charset=utf-8
host: localhost:59912
accept: */*

Response DefaultHttpResponse(decodeResult: success, version: HTTP/1.1)
HTTP/1.1 200 OK
Content-Type: application/json; charset=utf-8
cache-control: no-cache
content-length: 26136

12:22:19.964 [AsyncHttpClient-1-11] DEBUG org.asynchttpclient.netty.channel.ChannelManager - Adding key: http://localhost:59912 for channel [id: 0x3ddd8b5c, L:/127.0.0.1:50016 - R:localhost/127.0.0.1:59912]
12:22:19.966 [main] DEBUG net.serenitybdd.core.photography.Darkroom - Send negative for processing for target\site\serenity\1995e7b5ea2c7e1f6e8553916274cea225796e0a60438c5c7ae6d602b112056c.png
12:22:19.966 [main] DEBUG net.thucydides.core.steps.StepInterceptor - STEP DONE: clickLoginIcon
12:22:19.966 [Darkroom Processing Line] DEBUG net.serenitybdd.core.photography.DarkroomProcessingLine - Processing screenshot image in /var/screenshots/screenshot-10550478396196586018
12:22:19.966 [Darkroom Processing Line] DEBUG net.serenitybdd.core.photography.DarkroomProcessingLine - Saving screenshot to target\site\serenity\1995e7b5ea2c7e1f6e8553916274cea225796e0a60438c5c7ae6d602b112056c.png
12:22:19.972 [main] DEBUG net.thucydides.core.steps.StepInterceptor - STARTING STEP: RegisterSteps.ontheLoginPage - clickRegister
12:22:19.975 [Forwarding findElement on session e86d70f450ecf92fe44720725baecfb4 to remote] DEBUG org.asynchttpclient.netty.request.NettyRequestSender - Using pooled Channel '[id: 0x3ddd8b5c, L:/127.0.0.1:50016 - R:localhost/127.0.0.1:59912]' for 'POST' to 'http://localhost:59912/session/e86d70f450ecf92fe44720725baecfb4/element'
12:22:19.975 [Forwarding findElement on session e86d70f450ecf92fe44720725baecfb4 to remote] DEBUG org.asynchttpclient.netty.request.NettyRequestSender - Using open Channel [id: 0x3ddd8b5c, L:/127.0.0.1:50016 - R:localhost/127.0.0.1:59912] for POST '/session/e86d70f450ecf92fe44720725baecfb4/element'
12:22:19.993 [AsyncHttpClient-1-11] DEBUG org.asynchttpclient.netty.handler.HttpHandler - 

Request DefaultHttpRequest(decodeResult: success, version: HTTP/1.1)
POST /session/e86d70f450ecf92fe44720725baecfb4/element HTTP/1.1
User-Agent: selenium/4.1.2 (java windows)
Content-Length: 79
Content-Type: application/json; charset=utf-8
host: localhost:59912
accept: */*

Response DefaultHttpResponse(decodeResult: success, version: HTTP/1.1)
HTTP/1.1 200 OK
Content-Type: application/json; charset=utf-8
cache-control: no-cache
content-length: 88

12:22:19.993 [AsyncHttpClient-1-11] DEBUG org.asynchttpclient.netty.channel.ChannelManager - Adding key: http://localhost:59912 for channel [id: 0x3ddd8b5c, L:/127.0.0.1:50016 - R:localhost/127.0.0.1:59912]
12:22:19.995 [Forwarding getElementTagName on session e86d70f450ecf92fe44720725baecfb4 to remote] DEBUG org.asynchttpclient.netty.request.NettyRequestSender - Using pooled Channel '[id: 0x3ddd8b5c, L:/127.0.0.1:50016 - R:localhost/127.0.0.1:59912]' for 'GET' to 'http://localhost:59912/session/e86d70f450ecf92fe44720725baecfb4/element/b190a1de-a42c-4e18-84b5-4aa6ad48adaa/name'
12:22:19.995 [Forwarding getElementTagName on session e86d70f450ecf92fe44720725baecfb4 to remote] DEBUG org.asynchttpclient.netty.request.NettyRequestSender - Using open Channel [id: 0x3ddd8b5c, L:/127.0.0.1:50016 - R:localhost/127.0.0.1:59912] for GET '/session/e86d70f450ecf92fe44720725baecfb4/element/b190a1de-a42c-4e18-84b5-4aa6ad48adaa/name'
12:22:20.003 [AsyncHttpClient-1-11] DEBUG org.asynchttpclient.netty.handler.HttpHandler - 

Request DefaultFullHttpRequest(decodeResult: success, version: HTTP/1.1, content: EmptyByteBufBE)
GET /session/e86d70f450ecf92fe44720725baecfb4/element/b190a1de-a42c-4e18-84b5-4aa6ad48adaa/name HTTP/1.1
User-Agent: selenium/4.1.2 (java windows)
Cache-Control: no-cache
Content-Type: application/json; charset=utf-8
host: localhost:59912
accept: */*

Response DefaultHttpResponse(decodeResult: success, version: HTTP/1.1)
HTTP/1.1 200 OK
Content-Type: application/json; charset=utf-8
cache-control: no-cache
content-length: 13

12:22:20.004 [AsyncHttpClient-1-11] DEBUG org.asynchttpclient.netty.channel.ChannelManager - Adding key: http://localhost:59912 for channel [id: 0x3ddd8b5c, L:/127.0.0.1:50016 - R:localhost/127.0.0.1:59912]
12:22:20.005 [Forwarding getElementTagName on session e86d70f450ecf92fe44720725baecfb4 to remote] DEBUG org.asynchttpclient.netty.request.NettyRequestSender - Using pooled Channel '[id: 0x3ddd8b5c, L:/127.0.0.1:50016 - R:localhost/127.0.0.1:59912]' for 'GET' to 'http://localhost:59912/session/e86d70f450ecf92fe44720725baecfb4/element/b190a1de-a42c-4e18-84b5-4aa6ad48adaa/name'
12:22:20.005 [Forwarding getElementTagName on session e86d70f450ecf92fe44720725baecfb4 to remote] DEBUG org.asynchttpclient.netty.request.NettyRequestSender - Using open Channel [id: 0x3ddd8b5c, L:/127.0.0.1:50016 - R:localhost/127.0.0.1:59912] for GET '/session/e86d70f450ecf92fe44720725baecfb4/element/b190a1de-a42c-4e18-84b5-4aa6ad48adaa/name'
12:22:20.015 [AsyncHttpClient-1-11] DEBUG org.asynchttpclient.netty.handler.HttpHandler - 

Request DefaultFullHttpRequest(decodeResult: success, version: HTTP/1.1, content: EmptyByteBufBE)
GET /session/e86d70f450ecf92fe44720725baecfb4/element/b190a1de-a42c-4e18-84b5-4aa6ad48adaa/name HTTP/1.1
User-Agent: selenium/4.1.2 (java windows)
Cache-Control: no-cache
Content-Type: application/json; charset=utf-8
host: localhost:59912
accept: */*

Response DefaultHttpResponse(decodeResult: success, version: HTTP/1.1)
HTTP/1.1 200 OK
Content-Type: application/json; charset=utf-8
cache-control: no-cache
content-length: 13

12:22:20.015 [AsyncHttpClient-1-11] DEBUG org.asynchttpclient.netty.channel.ChannelManager - Adding key: http://localhost:59912 for channel [id: 0x3ddd8b5c, L:/127.0.0.1:50016 - R:localhost/127.0.0.1:59912]
12:22:20.017 [Forwarding findElement on session e86d70f450ecf92fe44720725baecfb4 to remote] DEBUG org.asynchttpclient.netty.request.NettyRequestSender - Using pooled Channel '[id: 0x3ddd8b5c, L:/127.0.0.1:50016 - R:localhost/127.0.0.1:59912]' for 'POST' to 'http://localhost:59912/session/e86d70f450ecf92fe44720725baecfb4/element'
12:22:20.017 [Forwarding findElement on session e86d70f450ecf92fe44720725baecfb4 to remote] DEBUG org.asynchttpclient.netty.request.NettyRequestSender - Using open Channel [id: 0x3ddd8b5c, L:/127.0.0.1:50016 - R:localhost/127.0.0.1:59912] for POST '/session/e86d70f450ecf92fe44720725baecfb4/element'
12:22:20.032 [AsyncHttpClient-1-11] DEBUG org.asynchttpclient.netty.handler.HttpHandler - 

Request DefaultHttpRequest(decodeResult: success, version: HTTP/1.1)
POST /session/e86d70f450ecf92fe44720725baecfb4/element HTTP/1.1
User-Agent: selenium/4.1.2 (java windows)
Content-Length: 79
Content-Type: application/json; charset=utf-8
host: localhost:59912
accept: */*

Response DefaultHttpResponse(decodeResult: success, version: HTTP/1.1)
HTTP/1.1 200 OK
Content-Type: application/json; charset=utf-8
cache-control: no-cache
content-length: 88

12:22:20.032 [AsyncHttpClient-1-11] DEBUG org.asynchttpclient.netty.channel.ChannelManager - Adding key: http://localhost:59912 for channel [id: 0x3ddd8b5c, L:/127.0.0.1:50016 - R:localhost/127.0.0.1:59912]
12:22:20.034 [Forwarding clickElement on session e86d70f450ecf92fe44720725baecfb4 to remote] DEBUG org.asynchttpclient.netty.request.NettyRequestSender - Using pooled Channel '[id: 0x3ddd8b5c, L:/127.0.0.1:50016 - R:localhost/127.0.0.1:59912]' for 'POST' to 'http://localhost:59912/session/e86d70f450ecf92fe44720725baecfb4/element/b190a1de-a42c-4e18-84b5-4aa6ad48adaa/click'
12:22:20.034 [Forwarding clickElement on session e86d70f450ecf92fe44720725baecfb4 to remote] DEBUG org.asynchttpclient.netty.request.NettyRequestSender - Using open Channel [id: 0x3ddd8b5c, L:/127.0.0.1:50016 - R:localhost/127.0.0.1:59912] for POST '/session/e86d70f450ecf92fe44720725baecfb4/element/b190a1de-a42c-4e18-84b5-4aa6ad48adaa/click'
12:22:20.098 [AsyncHttpClient-1-11] DEBUG org.asynchttpclient.netty.handler.HttpHandler - 

Request DefaultHttpRequest(decodeResult: success, version: HTTP/1.1)
POST /session/e86d70f450ecf92fe44720725baecfb4/element/b190a1de-a42c-4e18-84b5-4aa6ad48adaa/click HTTP/1.1
User-Agent: selenium/4.1.2 (java windows)
Content-Length: 50
Content-Type: application/json; charset=utf-8
host: localhost:59912
accept: */*

Response DefaultHttpResponse(decodeResult: success, version: HTTP/1.1)
HTTP/1.1 200 OK
Content-Type: application/json; charset=utf-8
cache-control: no-cache
content-length: 14

12:22:20.098 [AsyncHttpClient-1-11] DEBUG org.asynchttpclient.netty.channel.ChannelManager - Adding key: http://localhost:59912 for channel [id: 0x3ddd8b5c, L:/127.0.0.1:50016 - R:localhost/127.0.0.1:59912]
12:22:20.104 [Forwarding screenshot on session e86d70f450ecf92fe44720725baecfb4 to remote] DEBUG org.asynchttpclient.netty.request.NettyRequestSender - Using pooled Channel '[id: 0x3ddd8b5c, L:/127.0.0.1:50016 - R:localhost/127.0.0.1:59912]' for 'GET' to 'http://localhost:59912/session/e86d70f450ecf92fe44720725baecfb4/screenshot'
12:22:20.104 [Forwarding screenshot on session e86d70f450ecf92fe44720725baecfb4 to remote] DEBUG org.asynchttpclient.netty.request.NettyRequestSender - Using open Channel [id: 0x3ddd8b5c, L:/127.0.0.1:50016 - R:localhost/127.0.0.1:59912] for GET '/session/e86d70f450ecf92fe44720725baecfb4/screenshot'
12:22:20.349 [AsyncHttpClient-1-11] DEBUG org.asynchttpclient.netty.handler.HttpHandler - 

Request DefaultFullHttpRequest(decodeResult: success, version: HTTP/1.1, content: EmptyByteBufBE)
GET /session/e86d70f450ecf92fe44720725baecfb4/screenshot HTTP/1.1
User-Agent: selenium/4.1.2 (java windows)
Cache-Control: no-cache
Content-Type: application/json; charset=utf-8
host: localhost:59912
accept: */*

Response DefaultHttpResponse(decodeResult: success, version: HTTP/1.1)
HTTP/1.1 200 OK
Content-Type: application/json; charset=utf-8
cache-control: no-cache
content-length: 30644

12:22:20.350 [AsyncHttpClient-1-11] DEBUG org.asynchttpclient.netty.channel.ChannelManager - Adding key: http://localhost:59912 for channel [id: 0x3ddd8b5c, L:/127.0.0.1:50016 - R:localhost/127.0.0.1:59912]
12:22:20.352 [main] DEBUG net.serenitybdd.core.photography.Darkroom - Send negative for processing for target\site\serenity\b0d94db96b6e536bf0c143c40cd6444aaea218ffa64006a4cafa89a2f6238297.png
12:22:20.352 [main] DEBUG net.thucydides.core.steps.StepInterceptor - STEP DONE: clickRegister
12:22:20.353 [Darkroom Processing Line] DEBUG net.serenitybdd.core.photography.DarkroomProcessingLine - Processing screenshot image in /var/screenshots/screenshot-4722781972946140611
12:22:20.353 [Darkroom Processing Line] DEBUG net.serenitybdd.core.photography.DarkroomProcessingLine - Saving screenshot to target\site\serenity\b0d94db96b6e536bf0c143c40cd6444aaea218ffa64006a4cafa89a2f6238297.png
12:22:20.358 [main] DEBUG net.thucydides.core.steps.StepInterceptor - STARTING STEP: RegisterSteps.ontheLoginPage - clickRegisterIcon
12:22:20.361 [Forwarding findElement on session e86d70f450ecf92fe44720725baecfb4 to remote] DEBUG org.asynchttpclient.netty.request.NettyRequestSender - Using pooled Channel '[id: 0x3ddd8b5c, L:/127.0.0.1:50016 - R:localhost/127.0.0.1:59912]' for 'POST' to 'http://localhost:59912/session/e86d70f450ecf92fe44720725baecfb4/element'
12:22:20.361 [Forwarding findElement on session e86d70f450ecf92fe44720725baecfb4 to remote] DEBUG org.asynchttpclient.netty.request.NettyRequestSender - Using open Channel [id: 0x3ddd8b5c, L:/127.0.0.1:50016 - R:localhost/127.0.0.1:59912] for POST '/session/e86d70f450ecf92fe44720725baecfb4/element'
12:22:20.377 [AsyncHttpClient-1-11] DEBUG org.asynchttpclient.netty.handler.HttpHandler - 

Request DefaultHttpRequest(decodeResult: success, version: HTTP/1.1)
POST /session/e86d70f450ecf92fe44720725baecfb4/element HTTP/1.1
User-Agent: selenium/4.1.2 (java windows)
Content-Length: 151
Content-Type: application/json; charset=utf-8
host: localhost:59912
accept: */*

Response DefaultHttpResponse(decodeResult: success, version: HTTP/1.1)
HTTP/1.1 200 OK
Content-Type: application/json; charset=utf-8
cache-control: no-cache
content-length: 88

12:22:20.377 [AsyncHttpClient-1-11] DEBUG org.asynchttpclient.netty.channel.ChannelManager - Adding key: http://localhost:59912 for channel [id: 0x3ddd8b5c, L:/127.0.0.1:50016 - R:localhost/127.0.0.1:59912]
12:22:20.379 [Forwarding getElementTagName on session e86d70f450ecf92fe44720725baecfb4 to remote] DEBUG org.asynchttpclient.netty.request.NettyRequestSender - Using pooled Channel '[id: 0x3ddd8b5c, L:/127.0.0.1:50016 - R:localhost/127.0.0.1:59912]' for 'GET' to 'http://localhost:59912/session/e86d70f450ecf92fe44720725baecfb4/element/88910551-425f-44dd-a99a-9df4c7c312e9/name'
12:22:20.379 [Forwarding getElementTagName on session e86d70f450ecf92fe44720725baecfb4 to remote] DEBUG org.asynchttpclient.netty.request.NettyRequestSender - Using open Channel [id: 0x3ddd8b5c, L:/127.0.0.1:50016 - R:localhost/127.0.0.1:59912] for GET '/session/e86d70f450ecf92fe44720725baecfb4/element/88910551-425f-44dd-a99a-9df4c7c312e9/name'
12:22:20.391 [AsyncHttpClient-1-11] DEBUG org.asynchttpclient.netty.handler.HttpHandler - 

Request DefaultFullHttpRequest(decodeResult: success, version: HTTP/1.1, content: EmptyByteBufBE)
GET /session/e86d70f450ecf92fe44720725baecfb4/element/88910551-425f-44dd-a99a-9df4c7c312e9/name HTTP/1.1
User-Agent: selenium/4.1.2 (java windows)
Cache-Control: no-cache
Content-Type: application/json; charset=utf-8
host: localhost:59912
accept: */*

Response DefaultHttpResponse(decodeResult: success, version: HTTP/1.1)
HTTP/1.1 200 OK
Content-Type: application/json; charset=utf-8
cache-control: no-cache
content-length: 18

12:22:20.391 [AsyncHttpClient-1-11] DEBUG org.asynchttpclient.netty.channel.ChannelManager - Adding key: http://localhost:59912 for channel [id: 0x3ddd8b5c, L:/127.0.0.1:50016 - R:localhost/127.0.0.1:59912]
12:22:20.392 [Forwarding getElementTagName on session e86d70f450ecf92fe44720725baecfb4 to remote] DEBUG org.asynchttpclient.netty.request.NettyRequestSender - Using pooled Channel '[id: 0x3ddd8b5c, L:/127.0.0.1:50016 - R:localhost/127.0.0.1:59912]' for 'GET' to 'http://localhost:59912/session/e86d70f450ecf92fe44720725baecfb4/element/88910551-425f-44dd-a99a-9df4c7c312e9/name'
12:22:20.393 [Forwarding getElementTagName on session e86d70f450ecf92fe44720725baecfb4 to remote] DEBUG org.asynchttpclient.netty.request.NettyRequestSender - Using open Channel [id: 0x3ddd8b5c, L:/127.0.0.1:50016 - R:localhost/127.0.0.1:59912] for GET '/session/e86d70f450ecf92fe44720725baecfb4/element/88910551-425f-44dd-a99a-9df4c7c312e9/name'
12:22:20.405 [AsyncHttpClient-1-11] DEBUG org.asynchttpclient.netty.handler.HttpHandler - 

Request DefaultFullHttpRequest(decodeResult: success, version: HTTP/1.1, content: EmptyByteBufBE)
GET /session/e86d70f450ecf92fe44720725baecfb4/element/88910551-425f-44dd-a99a-9df4c7c312e9/name HTTP/1.1
User-Agent: selenium/4.1.2 (java windows)
Cache-Control: no-cache
Content-Type: application/json; charset=utf-8
host: localhost:59912
accept: */*

Response DefaultHttpResponse(decodeResult: success, version: HTTP/1.1)
HTTP/1.1 200 OK
Content-Type: application/json; charset=utf-8
cache-control: no-cache
content-length: 18

12:22:20.406 [AsyncHttpClient-1-11] DEBUG org.asynchttpclient.netty.channel.ChannelManager - Adding key: http://localhost:59912 for channel [id: 0x3ddd8b5c, L:/127.0.0.1:50016 - R:localhost/127.0.0.1:59912]
12:22:20.408 [Forwarding isElementEnabled on session e86d70f450ecf92fe44720725baecfb4 to remote] DEBUG org.asynchttpclient.netty.request.NettyRequestSender - Using pooled Channel '[id: 0x3ddd8b5c, L:/127.0.0.1:50016 - R:localhost/127.0.0.1:59912]' for 'GET' to 'http://localhost:59912/session/e86d70f450ecf92fe44720725baecfb4/element/88910551-425f-44dd-a99a-9df4c7c312e9/enabled'
12:22:20.408 [Forwarding isElementEnabled on session e86d70f450ecf92fe44720725baecfb4 to remote] DEBUG org.asynchttpclient.netty.request.NettyRequestSender - Using open Channel [id: 0x3ddd8b5c, L:/127.0.0.1:50016 - R:localhost/127.0.0.1:59912] for GET '/session/e86d70f450ecf92fe44720725baecfb4/element/88910551-425f-44dd-a99a-9df4c7c312e9/enabled'
12:22:20.423 [AsyncHttpClient-1-11] DEBUG org.asynchttpclient.netty.handler.HttpHandler - 

Request DefaultFullHttpRequest(decodeResult: success, version: HTTP/1.1, content: EmptyByteBufBE)
GET /session/e86d70f450ecf92fe44720725baecfb4/element/88910551-425f-44dd-a99a-9df4c7c312e9/enabled HTTP/1.1
User-Agent: selenium/4.1.2 (java windows)
Cache-Control: no-cache
Content-Type: application/json; charset=utf-8
host: localhost:59912
accept: */*

Response DefaultHttpResponse(decodeResult: success, version: HTTP/1.1)
HTTP/1.1 200 OK
Content-Type: application/json; charset=utf-8
cache-control: no-cache
content-length: 14

12:22:20.423 [AsyncHttpClient-1-11] DEBUG org.asynchttpclient.netty.channel.ChannelManager - Adding key: http://localhost:59912 for channel [id: 0x3ddd8b5c, L:/127.0.0.1:50016 - R:localhost/127.0.0.1:59912]
12:22:20.424 [Forwarding isElementEnabled on session e86d70f450ecf92fe44720725baecfb4 to remote] DEBUG org.asynchttpclient.netty.request.NettyRequestSender - Using pooled Channel '[id: 0x3ddd8b5c, L:/127.0.0.1:50016 - R:localhost/127.0.0.1:59912]' for 'GET' to 'http://localhost:59912/session/e86d70f450ecf92fe44720725baecfb4/element/88910551-425f-44dd-a99a-9df4c7c312e9/enabled'
12:22:20.424 [Forwarding isElementEnabled on session e86d70f450ecf92fe44720725baecfb4 to remote] DEBUG org.asynchttpclient.netty.request.NettyRequestSender - Using open Channel [id: 0x3ddd8b5c, L:/127.0.0.1:50016 - R:localhost/127.0.0.1:59912] for GET '/session/e86d70f450ecf92fe44720725baecfb4/element/88910551-425f-44dd-a99a-9df4c7c312e9/enabled'
12:22:20.438 [AsyncHttpClient-1-11] DEBUG org.asynchttpclient.netty.handler.HttpHandler - 

Request DefaultFullHttpRequest(decodeResult: success, version: HTTP/1.1, content: EmptyByteBufBE)
GET /session/e86d70f450ecf92fe44720725baecfb4/element/88910551-425f-44dd-a99a-9df4c7c312e9/enabled HTTP/1.1
User-Agent: selenium/4.1.2 (java windows)
Cache-Control: no-cache
Content-Type: application/json; charset=utf-8
host: localhost:59912
accept: */*

Response DefaultHttpResponse(decodeResult: success, version: HTTP/1.1)
HTTP/1.1 200 OK
Content-Type: application/json; charset=utf-8
cache-control: no-cache
content-length: 14

12:22:20.438 [AsyncHttpClient-1-11] DEBUG org.asynchttpclient.netty.channel.ChannelManager - Adding key: http://localhost:59912 for channel [id: 0x3ddd8b5c, L:/127.0.0.1:50016 - R:localhost/127.0.0.1:59912]
12:22:20.440 [Forwarding findElement on session e86d70f450ecf92fe44720725baecfb4 to remote] DEBUG org.asynchttpclient.netty.request.NettyRequestSender - Using pooled Channel '[id: 0x3ddd8b5c, L:/127.0.0.1:50016 - R:localhost/127.0.0.1:59912]' for 'POST' to 'http://localhost:59912/session/e86d70f450ecf92fe44720725baecfb4/element'
12:22:20.440 [Forwarding findElement on session e86d70f450ecf92fe44720725baecfb4 to remote] DEBUG org.asynchttpclient.netty.request.NettyRequestSender - Using open Channel [id: 0x3ddd8b5c, L:/127.0.0.1:50016 - R:localhost/127.0.0.1:59912] for POST '/session/e86d70f450ecf92fe44720725baecfb4/element'
12:22:20.453 [AsyncHttpClient-1-11] DEBUG org.asynchttpclient.netty.handler.HttpHandler - 

Request DefaultHttpRequest(decodeResult: success, version: HTTP/1.1)
POST /session/e86d70f450ecf92fe44720725baecfb4/element HTTP/1.1
User-Agent: selenium/4.1.2 (java windows)
Content-Length: 151
Content-Type: application/json; charset=utf-8
host: localhost:59912
accept: */*

Response DefaultHttpResponse(decodeResult: success, version: HTTP/1.1)
HTTP/1.1 200 OK
Content-Type: application/json; charset=utf-8
cache-control: no-cache
content-length: 88

12:22:20.453 [AsyncHttpClient-1-11] DEBUG org.asynchttpclient.netty.channel.ChannelManager - Adding key: http://localhost:59912 for channel [id: 0x3ddd8b5c, L:/127.0.0.1:50016 - R:localhost/127.0.0.1:59912]
12:22:20.454 [Forwarding clickElement on session e86d70f450ecf92fe44720725baecfb4 to remote] DEBUG org.asynchttpclient.netty.request.NettyRequestSender - Using pooled Channel '[id: 0x3ddd8b5c, L:/127.0.0.1:50016 - R:localhost/127.0.0.1:59912]' for 'POST' to 'http://localhost:59912/session/e86d70f450ecf92fe44720725baecfb4/element/88910551-425f-44dd-a99a-9df4c7c312e9/click'
12:22:20.454 [Forwarding clickElement on session e86d70f450ecf92fe44720725baecfb4 to remote] DEBUG org.asynchttpclient.netty.request.NettyRequestSender - Using open Channel [id: 0x3ddd8b5c, L:/127.0.0.1:50016 - R:localhost/127.0.0.1:59912] for POST '/session/e86d70f450ecf92fe44720725baecfb4/element/88910551-425f-44dd-a99a-9df4c7c312e9/click'
12:22:20.501 [AsyncHttpClient-1-11] DEBUG org.asynchttpclient.netty.handler.HttpHandler - 

Request DefaultHttpRequest(decodeResult: success, version: HTTP/1.1)
POST /session/e86d70f450ecf92fe44720725baecfb4/element/88910551-425f-44dd-a99a-9df4c7c312e9/click HTTP/1.1
User-Agent: selenium/4.1.2 (java windows)
Content-Length: 50
Content-Type: application/json; charset=utf-8
host: localhost:59912
accept: */*

Response DefaultHttpResponse(decodeResult: success, version: HTTP/1.1)
HTTP/1.1 200 OK
Content-Type: application/json; charset=utf-8
cache-control: no-cache
content-length: 14

12:22:20.501 [AsyncHttpClient-1-11] DEBUG org.asynchttpclient.netty.channel.ChannelManager - Adding key: http://localhost:59912 for channel [id: 0x3ddd8b5c, L:/127.0.0.1:50016 - R:localhost/127.0.0.1:59912]
12:22:20.507 [Forwarding screenshot on session e86d70f450ecf92fe44720725baecfb4 to remote] DEBUG org.asynchttpclient.netty.request.NettyRequestSender - Using pooled Channel '[id: 0x3ddd8b5c, L:/127.0.0.1:50016 - R:localhost/127.0.0.1:59912]' for 'GET' to 'http://localhost:59912/session/e86d70f450ecf92fe44720725baecfb4/screenshot'
12:22:20.507 [Forwarding screenshot on session e86d70f450ecf92fe44720725baecfb4 to remote] DEBUG org.asynchttpclient.netty.request.NettyRequestSender - Using open Channel [id: 0x3ddd8b5c, L:/127.0.0.1:50016 - R:localhost/127.0.0.1:59912] for GET '/session/e86d70f450ecf92fe44720725baecfb4/screenshot'
12:22:20.696 [AsyncHttpClient-1-11] DEBUG org.asynchttpclient.netty.handler.HttpHandler - 

Request DefaultFullHttpRequest(decodeResult: success, version: HTTP/1.1, content: EmptyByteBufBE)
GET /session/e86d70f450ecf92fe44720725baecfb4/screenshot HTTP/1.1
User-Agent: selenium/4.1.2 (java windows)
Cache-Control: no-cache
Content-Type: application/json; charset=utf-8
host: localhost:59912
accept: */*

Response DefaultHttpResponse(decodeResult: success, version: HTTP/1.1)
HTTP/1.1 200 OK
Content-Type: application/json; charset=utf-8
cache-control: no-cache
content-length: 32048

12:22:20.697 [AsyncHttpClient-1-11] DEBUG org.asynchttpclient.netty.channel.ChannelManager - Adding key: http://localhost:59912 for channel [id: 0x3ddd8b5c, L:/127.0.0.1:50016 - R:localhost/127.0.0.1:59912]
12:22:20.699 [main] DEBUG net.serenitybdd.core.photography.Darkroom - Send negative for processing for target\site\serenity\fc5273e064fbed5479fac2872c5b259e410b117949144f421d681730bc3a815c.png
12:22:20.699 [main] DEBUG net.thucydides.core.steps.StepInterceptor - STEP DONE: clickRegisterIcon
12:22:20.699 [Darkroom Processing Line] DEBUG net.serenitybdd.core.photography.DarkroomProcessingLine - Processing screenshot image in /var/screenshots/screenshot-14357541990602961932
12:22:20.699 [Darkroom Processing Line] DEBUG net.serenitybdd.core.photography.DarkroomProcessingLine - Saving screenshot to target\site\serenity\fc5273e064fbed5479fac2872c5b259e410b117949144f421d681730bc3a815c.png
12:22:20.705 [main] DEBUG net.thucydides.core.steps.StepInterceptor - STARTING STEP: RegisterSteps.ontheLoginPage - validateonLoginPage
12:22:20.707 [Forwarding findElement on session e86d70f450ecf92fe44720725baecfb4 to remote] DEBUG org.asynchttpclient.netty.request.NettyRequestSender - Using pooled Channel '[id: 0x3ddd8b5c, L:/127.0.0.1:50016 - R:localhost/127.0.0.1:59912]' for 'POST' to 'http://localhost:59912/session/e86d70f450ecf92fe44720725baecfb4/element'
12:22:20.707 [Forwarding findElement on session e86d70f450ecf92fe44720725baecfb4 to remote] DEBUG org.asynchttpclient.netty.request.NettyRequestSender - Using open Channel [id: 0x3ddd8b5c, L:/127.0.0.1:50016 - R:localhost/127.0.0.1:59912] for POST '/session/e86d70f450ecf92fe44720725baecfb4/element'
12:22:20.722 [AsyncHttpClient-1-1] DEBUG org.asynchttpclient.netty.channel.DefaultChannelPool - Entry count for : http://localhost:50017 : 1
12:22:20.727 [AsyncHttpClient-1-11] DEBUG org.asynchttpclient.netty.handler.HttpHandler - 

Request DefaultHttpRequest(decodeResult: success, version: HTTP/1.1)
POST /session/e86d70f450ecf92fe44720725baecfb4/element HTTP/1.1
User-Agent: selenium/4.1.2 (java windows)
Content-Length: 102
Content-Type: application/json; charset=utf-8
host: localhost:59912
accept: */*

Response DefaultHttpResponse(decodeResult: success, version: HTTP/1.1)
HTTP/1.1 200 OK
Content-Type: application/json; charset=utf-8
cache-control: no-cache
content-length: 88

12:22:20.727 [AsyncHttpClient-1-11] DEBUG org.asynchttpclient.netty.channel.ChannelManager - Adding key: http://localhost:59912 for channel [id: 0x3ddd8b5c, L:/127.0.0.1:50016 - R:localhost/127.0.0.1:59912]
12:22:20.732 [Forwarding isElementDisplayed on session e86d70f450ecf92fe44720725baecfb4 to remote] DEBUG org.asynchttpclient.netty.request.NettyRequestSender - Using pooled Channel '[id: 0x3ddd8b5c, L:/127.0.0.1:50016 - R:localhost/127.0.0.1:59912]' for 'POST' to 'http://localhost:59912/session/e86d70f450ecf92fe44720725baecfb4/execute/sync'
12:22:20.732 [Forwarding isElementDisplayed on session e86d70f450ecf92fe44720725baecfb4 to remote] DEBUG org.asynchttpclient.netty.request.NettyRequestSender - Using open Channel [id: 0x3ddd8b5c, L:/127.0.0.1:50016 - R:localhost/127.0.0.1:59912] for POST '/session/e86d70f450ecf92fe44720725baecfb4/execute/sync'
12:22:20.753 [AsyncHttpClient-1-11] DEBUG org.asynchttpclient.netty.handler.HttpHandler - 

Request DefaultHttpRequest(decodeResult: success, version: HTTP/1.1)
POST /session/e86d70f450ecf92fe44720725baecfb4/execute/sync HTTP/1.1
User-Agent: selenium/4.1.2 (java windows)
Content-Length: 48780
Content-Type: application/json; charset=utf-8
host: localhost:59912
accept: */*

Response DefaultHttpResponse(decodeResult: success, version: HTTP/1.1)
HTTP/1.1 200 OK
Content-Type: application/json; charset=utf-8
cache-control: no-cache
content-length: 14

12:22:20.753 [AsyncHttpClient-1-11] DEBUG org.asynchttpclient.netty.channel.ChannelManager - Adding key: http://localhost:59912 for channel [id: 0x3ddd8b5c, L:/127.0.0.1:50016 - R:localhost/127.0.0.1:59912]
12:22:20.758 [Forwarding screenshot on session e86d70f450ecf92fe44720725baecfb4 to remote] DEBUG org.asynchttpclient.netty.request.NettyRequestSender - Using pooled Channel '[id: 0x3ddd8b5c, L:/127.0.0.1:50016 - R:localhost/127.0.0.1:59912]' for 'GET' to 'http://localhost:59912/session/e86d70f450ecf92fe44720725baecfb4/screenshot'
12:22:20.758 [Forwarding screenshot on session e86d70f450ecf92fe44720725baecfb4 to remote] DEBUG org.asynchttpclient.netty.request.NettyRequestSender - Using open Channel [id: 0x3ddd8b5c, L:/127.0.0.1:50016 - R:localhost/127.0.0.1:59912] for GET '/session/e86d70f450ecf92fe44720725baecfb4/screenshot'
12:22:20.939 [AsyncHttpClient-1-11] DEBUG org.asynchttpclient.netty.handler.HttpHandler - 

Request DefaultFullHttpRequest(decodeResult: success, version: HTTP/1.1, content: EmptyByteBufBE)
GET /session/e86d70f450ecf92fe44720725baecfb4/screenshot HTTP/1.1
User-Agent: selenium/4.1.2 (java windows)
Cache-Control: no-cache
Content-Type: application/json; charset=utf-8
host: localhost:59912
accept: */*

Response DefaultHttpResponse(decodeResult: success, version: HTTP/1.1)
HTTP/1.1 200 OK
Content-Type: application/json; charset=utf-8
cache-control: no-cache
content-length: 31380

12:22:20.939 [AsyncHttpClient-1-11] DEBUG org.asynchttpclient.netty.channel.ChannelManager - Adding key: http://localhost:59912 for channel [id: 0x3ddd8b5c, L:/127.0.0.1:50016 - R:localhost/127.0.0.1:59912]
12:22:20.941 [main] DEBUG net.serenitybdd.core.photography.Darkroom - Send negative for processing for target\site\serenity\d28bfb7e9f878649d27257e4ffa9485f5bed504abd594bdff3855debdacaf7a2.png
12:22:20.941 [main] DEBUG net.thucydides.core.steps.StepInterceptor - STEP DONE: validateonLoginPage
  &amp#27;[32mGiven &amp#27;[0m&amp#27;[32muser on register page&amp#27;[0m                      &amp#27;[90m# starter.definitions.RegisterSteps.ontheLoginPage()&amp#27;[0m
12:22:20.942 [Darkroom Processing Line] DEBUG net.serenitybdd.core.photography.DarkroomProcessingLine - Processing screenshot image in /var/screenshots/screenshot-15967418102905224697
12:22:20.942 [Darkroom Processing Line] DEBUG net.serenitybdd.core.photography.DarkroomProcessingLine - Saving screenshot to target\site\serenity\d28bfb7e9f878649d27257e4ffa9485f5bed504abd594bdff3855debdacaf7a2.png
12:22:20.956 [main] DEBUG net.thucydides.core.steps.StepInterceptor - STARTING STEP: RegisterSteps.ValidFullname - inputFullName
12:22:20.958 [Forwarding findElement on session e86d70f450ecf92fe44720725baecfb4 to remote] DEBUG org.asynchttpclient.netty.request.NettyRequestSender - Using pooled Channel '[id: 0x3ddd8b5c, L:/127.0.0.1:50016 - R:localhost/127.0.0.1:59912]' for 'POST' to 'http://localhost:59912/session/e86d70f450ecf92fe44720725baecfb4/element'
12:22:20.958 [Forwarding findElement on session e86d70f450ecf92fe44720725baecfb4 to remote] DEBUG org.asynchttpclient.netty.request.NettyRequestSender - Using open Channel [id: 0x3ddd8b5c, L:/127.0.0.1:50016 - R:localhost/127.0.0.1:59912] for POST '/session/e86d70f450ecf92fe44720725baecfb4/element'
12:22:20.975 [AsyncHttpClient-1-11] DEBUG org.asynchttpclient.netty.handler.HttpHandler - 

Request DefaultHttpRequest(decodeResult: success, version: HTTP/1.1)
POST /session/e86d70f450ecf92fe44720725baecfb4/element HTTP/1.1
User-Agent: selenium/4.1.2 (java windows)
Content-Length: 117
Content-Type: application/json; charset=utf-8
host: localhost:59912
accept: */*

Response DefaultHttpResponse(decodeResult: success, version: HTTP/1.1)
HTTP/1.1 200 OK
Content-Type: application/json; charset=utf-8
cache-control: no-cache
content-length: 88

12:22:20.975 [AsyncHttpClient-1-11] DEBUG org.asynchttpclient.netty.channel.ChannelManager - Adding key: http://localhost:59912 for channel [id: 0x3ddd8b5c, L:/127.0.0.1:50016 - R:localhost/127.0.0.1:59912]
12:22:20.976 [Forwarding clearElement on session e86d70f450ecf92fe44720725baecfb4 to remote] DEBUG org.asynchttpclient.netty.request.NettyRequestSender - Using pooled Channel '[id: 0x3ddd8b5c, L:/127.0.0.1:50016 - R:localhost/127.0.0.1:59912]' for 'POST' to 'http://localhost:59912/session/e86d70f450ecf92fe44720725baecfb4/element/ff0f8813-fc5a-4887-bc78-68ffab435f35/clear'
12:22:20.976 [Forwarding clearElement on session e86d70f450ecf92fe44720725baecfb4 to remote] DEBUG org.asynchttpclient.netty.request.NettyRequestSender - Using open Channel [id: 0x3ddd8b5c, L:/127.0.0.1:50016 - R:localhost/127.0.0.1:59912] for POST '/session/e86d70f450ecf92fe44720725baecfb4/element/ff0f8813-fc5a-4887-bc78-68ffab435f35/clear'
12:22:21.018 [AsyncHttpClient-1-11] DEBUG org.asynchttpclient.netty.handler.HttpHandler - 

Request DefaultHttpRequest(decodeResult: success, version: HTTP/1.1)
POST /session/e86d70f450ecf92fe44720725baecfb4/element/ff0f8813-fc5a-4887-bc78-68ffab435f35/clear HTTP/1.1
User-Agent: selenium/4.1.2 (java windows)
Content-Length: 50
Content-Type: application/json; charset=utf-8
host: localhost:59912
accept: */*

Response DefaultHttpResponse(decodeResult: success, version: HTTP/1.1)
HTTP/1.1 200 OK
Content-Type: application/json; charset=utf-8
cache-control: no-cache
content-length: 14

12:22:21.018 [AsyncHttpClient-1-11] DEBUG org.asynchttpclient.netty.channel.ChannelManager - Adding key: http://localhost:59912 for channel [id: 0x3ddd8b5c, L:/127.0.0.1:50016 - R:localhost/127.0.0.1:59912]
12:22:21.021 [Forwarding sendKeysToElement on session e86d70f450ecf92fe44720725baecfb4 to remote] DEBUG org.asynchttpclient.netty.request.NettyRequestSender - Using pooled Channel '[id: 0x3ddd8b5c, L:/127.0.0.1:50016 - R:localhost/127.0.0.1:59912]' for 'POST' to 'http://localhost:59912/session/e86d70f450ecf92fe44720725baecfb4/element/ff0f8813-fc5a-4887-bc78-68ffab435f35/value'
12:22:21.021 [Forwarding sendKeysToElement on session e86d70f450ecf92fe44720725baecfb4 to remote] DEBUG org.asynchttpclient.netty.request.NettyRequestSender - Using open Channel [id: 0x3ddd8b5c, L:/127.0.0.1:50016 - R:localhost/127.0.0.1:59912] for POST '/session/e86d70f450ecf92fe44720725baecfb4/element/ff0f8813-fc5a-4887-bc78-68ffab435f35/value'
12:22:21.103 [AsyncHttpClient-1-11] DEBUG org.asynchttpclient.netty.handler.HttpHandler - 

Request DefaultHttpRequest(decodeResult: success, version: HTTP/1.1)
POST /session/e86d70f450ecf92fe44720725baecfb4/element/ff0f8813-fc5a-4887-bc78-68ffab435f35/value HTTP/1.1
User-Agent: selenium/4.1.2 (java windows)
Content-Length: 121
Content-Type: application/json; charset=utf-8
host: localhost:59912
accept: */*

Response DefaultHttpResponse(decodeResult: success, version: HTTP/1.1)
HTTP/1.1 200 OK
Content-Type: application/json; charset=utf-8
cache-control: no-cache
content-length: 14

12:22:21.103 [AsyncHttpClient-1-11] DEBUG org.asynchttpclient.netty.channel.ChannelManager - Adding key: http://localhost:59912 for channel [id: 0x3ddd8b5c, L:/127.0.0.1:50016 - R:localhost/127.0.0.1:59912]
12:22:21.109 [Forwarding screenshot on session e86d70f450ecf92fe44720725baecfb4 to remote] DEBUG org.asynchttpclient.netty.request.NettyRequestSender - Using pooled Channel '[id: 0x3ddd8b5c, L:/127.0.0.1:50016 - R:localhost/127.0.0.1:59912]' for 'GET' to 'http://localhost:59912/session/e86d70f450ecf92fe44720725baecfb4/screenshot'
12:22:21.109 [Forwarding screenshot on session e86d70f450ecf92fe44720725baecfb4 to remote] DEBUG org.asynchttpclient.netty.request.NettyRequestSender - Using open Channel [id: 0x3ddd8b5c, L:/127.0.0.1:50016 - R:localhost/127.0.0.1:59912] for GET '/session/e86d70f450ecf92fe44720725baecfb4/screenshot'
12:22:21.332 [AsyncHttpClient-1-11] DEBUG org.asynchttpclient.netty.handler.HttpHandler - 

Request DefaultFullHttpRequest(decodeResult: success, version: HTTP/1.1, content: EmptyByteBufBE)
GET /session/e86d70f450ecf92fe44720725baecfb4/screenshot HTTP/1.1
User-Agent: selenium/4.1.2 (java windows)
Cache-Control: no-cache
Content-Type: application/json; charset=utf-8
host: localhost:59912
accept: */*

Response DefaultHttpResponse(decodeResult: success, version: HTTP/1.1)
HTTP/1.1 200 OK
Content-Type: application/json; charset=utf-8
cache-control: no-cache
content-length: 34752

12:22:21.333 [AsyncHttpClient-1-11] DEBUG org.asynchttpclient.netty.channel.ChannelManager - Adding key: http://localhost:59912 for channel [id: 0x3ddd8b5c, L:/127.0.0.1:50016 - R:localhost/127.0.0.1:59912]
12:22:21.335 [main] DEBUG net.serenitybdd.core.photography.Darkroom - Send negative for processing for target\site\serenity\2ddb3adb998942a8fb286a72c16311f0860910fcd01d7c03bab29b2cb159b660.png
12:22:21.335 [main] DEBUG net.thucydides.core.steps.StepInterceptor - STEP DONE: inputFullName
  &amp#27;[32mWhen &amp#27;[0m&amp#27;[32muser input full name&amp#27;[0m                        &amp#27;[90m# starter.definitions.RegisterSteps.ValidFullname()&amp#27;[0m
12:22:21.336 [Darkroom Processing Line] DEBUG net.serenitybdd.core.photography.DarkroomProcessingLine - Processing screenshot image in /var/screenshots/screenshot-7464799721277571199
12:22:21.336 [Darkroom Processing Line] DEBUG net.serenitybdd.core.photography.DarkroomProcessingLine - Saving screenshot to target\site\serenity\2ddb3adb998942a8fb286a72c16311f0860910fcd01d7c03bab29b2cb159b660.png
12:22:21.350 [main] DEBUG net.thucydides.core.steps.StepInterceptor - STARTING STEP: RegisterSteps.ValidEmail - inputEmail
12:22:21.352 [Forwarding findElement on session e86d70f450ecf92fe44720725baecfb4 to remote] DEBUG org.asynchttpclient.netty.request.NettyRequestSender - Using pooled Channel '[id: 0x3ddd8b5c, L:/127.0.0.1:50016 - R:localhost/127.0.0.1:59912]' for 'POST' to 'http://localhost:59912/session/e86d70f450ecf92fe44720725baecfb4/element'
12:22:21.352 [Forwarding findElement on session e86d70f450ecf92fe44720725baecfb4 to remote] DEBUG org.asynchttpclient.netty.request.NettyRequestSender - Using open Channel [id: 0x3ddd8b5c, L:/127.0.0.1:50016 - R:localhost/127.0.0.1:59912] for POST '/session/e86d70f450ecf92fe44720725baecfb4/element'
12:22:21.367 [AsyncHttpClient-1-11] DEBUG org.asynchttpclient.netty.handler.HttpHandler - 

Request DefaultHttpRequest(decodeResult: success, version: HTTP/1.1)
POST /session/e86d70f450ecf92fe44720725baecfb4/element HTTP/1.1
User-Agent: selenium/4.1.2 (java windows)
Content-Length: 110
Content-Type: application/json; charset=utf-8
host: localhost:59912
accept: */*

Response DefaultHttpResponse(decodeResult: success, version: HTTP/1.1)
HTTP/1.1 200 OK
Content-Type: application/json; charset=utf-8
cache-control: no-cache
content-length: 88

12:22:21.367 [AsyncHttpClient-1-11] DEBUG org.asynchttpclient.netty.channel.ChannelManager - Adding key: http://localhost:59912 for channel [id: 0x3ddd8b5c, L:/127.0.0.1:50016 - R:localhost/127.0.0.1:59912]
12:22:21.369 [Forwarding clearElement on session e86d70f450ecf92fe44720725baecfb4 to remote] DEBUG org.asynchttpclient.netty.request.NettyRequestSender - Using pooled Channel '[id: 0x3ddd8b5c, L:/127.0.0.1:50016 - R:localhost/127.0.0.1:59912]' for 'POST' to 'http://localhost:59912/session/e86d70f450ecf92fe44720725baecfb4/element/851c57a9-6296-49d7-9a7a-b759dec06a0b/clear'
12:22:21.369 [Forwarding clearElement on session e86d70f450ecf92fe44720725baecfb4 to remote] DEBUG org.asynchttpclient.netty.request.NettyRequestSender - Using open Channel [id: 0x3ddd8b5c, L:/127.0.0.1:50016 - R:localhost/127.0.0.1:59912] for POST '/session/e86d70f450ecf92fe44720725baecfb4/element/851c57a9-6296-49d7-9a7a-b759dec06a0b/clear'
12:22:21.400 [AsyncHttpClient-1-11] DEBUG org.asynchttpclient.netty.handler.HttpHandler - 

Request DefaultHttpRequest(decodeResult: success, version: HTTP/1.1)
POST /session/e86d70f450ecf92fe44720725baecfb4/element/851c57a9-6296-49d7-9a7a-b759dec06a0b/clear HTTP/1.1
User-Agent: selenium/4.1.2 (java windows)
Content-Length: 50
Content-Type: application/json; charset=utf-8
host: localhost:59912
accept: */*

Response DefaultHttpResponse(decodeResult: success, version: HTTP/1.1)
HTTP/1.1 200 OK
Content-Type: application/json; charset=utf-8
cache-control: no-cache
content-length: 14

12:22:21.400 [AsyncHttpClient-1-11] DEBUG org.asynchttpclient.netty.channel.ChannelManager - Adding key: http://localhost:59912 for channel [id: 0x3ddd8b5c, L:/127.0.0.1:50016 - R:localhost/127.0.0.1:59912]
12:22:21.403 [Forwarding sendKeysToElement on session e86d70f450ecf92fe44720725baecfb4 to remote] DEBUG org.asynchttpclient.netty.request.NettyRequestSender - Using pooled Channel '[id: 0x3ddd8b5c, L:/127.0.0.1:50016 - R:localhost/127.0.0.1:59912]' for 'POST' to 'http://localhost:59912/session/e86d70f450ecf92fe44720725baecfb4/element/851c57a9-6296-49d7-9a7a-b759dec06a0b/value'
12:22:21.403 [Forwarding sendKeysToElement on session e86d70f450ecf92fe44720725baecfb4 to remote] DEBUG org.asynchttpclient.netty.request.NettyRequestSender - Using open Channel [id: 0x3ddd8b5c, L:/127.0.0.1:50016 - R:localhost/127.0.0.1:59912] for POST '/session/e86d70f450ecf92fe44720725baecfb4/element/851c57a9-6296-49d7-9a7a-b759dec06a0b/value'
12:22:21.512 [AsyncHttpClient-1-11] DEBUG org.asynchttpclient.netty.handler.HttpHandler - 

Request DefaultHttpRequest(decodeResult: success, version: HTTP/1.1)
POST /session/e86d70f450ecf92fe44720725baecfb4/element/851c57a9-6296-49d7-9a7a-b759dec06a0b/value HTTP/1.1
User-Agent: selenium/4.1.2 (java windows)
Content-Length: 271
Content-Type: application/json; charset=utf-8
host: localhost:59912
accept: */*

Response DefaultHttpResponse(decodeResult: success, version: HTTP/1.1)
HTTP/1.1 200 OK
Content-Type: application/json; charset=utf-8
cache-control: no-cache
content-length: 14

12:22:21.513 [AsyncHttpClient-1-11] DEBUG org.asynchttpclient.netty.channel.ChannelManager - Adding key: http://localhost:59912 for channel [id: 0x3ddd8b5c, L:/127.0.0.1:50016 - R:localhost/127.0.0.1:59912]
12:22:21.519 [Forwarding screenshot on session e86d70f450ecf92fe44720725baecfb4 to remote] DEBUG org.asynchttpclient.netty.request.NettyRequestSender - Using pooled Channel '[id: 0x3ddd8b5c, L:/127.0.0.1:50016 - R:localhost/127.0.0.1:59912]' for 'GET' to 'http://localhost:59912/session/e86d70f450ecf92fe44720725baecfb4/screenshot'
12:22:21.519 [Forwarding screenshot on session e86d70f450ecf92fe44720725baecfb4 to remote] DEBUG org.asynchttpclient.netty.request.NettyRequestSender - Using open Channel [id: 0x3ddd8b5c, L:/127.0.0.1:50016 - R:localhost/127.0.0.1:59912] for GET '/session/e86d70f450ecf92fe44720725baecfb4/screenshot'
12:22:21.714 [AsyncHttpClient-1-11] DEBUG org.asynchttpclient.netty.handler.HttpHandler - 

Request DefaultFullHttpRequest(decodeResult: success, version: HTTP/1.1, content: EmptyByteBufBE)
GET /session/e86d70f450ecf92fe44720725baecfb4/screenshot HTTP/1.1
User-Agent: selenium/4.1.2 (java windows)
Cache-Control: no-cache
Content-Type: application/json; charset=utf-8
host: localhost:59912
accept: */*

Response DefaultHttpResponse(decodeResult: success, version: HTTP/1.1)
HTTP/1.1 200 OK
Content-Type: application/json; charset=utf-8
cache-control: no-cache
content-length: 38632

12:22:21.715 [AsyncHttpClient-1-11] DEBUG org.asynchttpclient.netty.channel.ChannelManager - Adding key: http://localhost:59912 for channel [id: 0x3ddd8b5c, L:/127.0.0.1:50016 - R:localhost/127.0.0.1:59912]
12:22:21.717 [main] DEBUG net.serenitybdd.core.photography.Darkroom - Send negative for processing for target\site\serenity\03b61cc01b83bf60d2884e0911fb5759364c67dcefaf68d937396273b6b6e8ab.png
12:22:21.717 [main] DEBUG net.thucydides.core.steps.StepInterceptor - STEP DONE: inputEmail
12:22:21.717 [Darkroom Processing Line] DEBUG net.serenitybdd.core.photography.DarkroomProcessingLine - Processing screenshot image in /var/screenshots/screenshot-1343966210082957822
12:22:21.717 [Darkroom Processing Line] DEBUG net.serenitybdd.core.photography.DarkroomProcessingLine - Saving screenshot to target\site\serenity\03b61cc01b83bf60d2884e0911fb5759364c67dcefaf68d937396273b6b6e8ab.png
  &amp#27;[32mAnd &amp#27;[0m&amp#27;[32muser input email&amp#27;[0m                             &amp#27;[90m# starter.definitions.RegisterSteps.ValidEmail()&amp#27;[0m
12:22:21.730 [main] DEBUG net.thucydides.core.steps.StepInterceptor - STARTING STEP: RegisterSteps.ValidPassword - inputPassword
12:22:21.737 [Forwarding findElement on session e86d70f450ecf92fe44720725baecfb4 to remote] DEBUG org.asynchttpclient.netty.request.NettyRequestSender - Using pooled Channel '[id: 0x3ddd8b5c, L:/127.0.0.1:50016 - R:localhost/127.0.0.1:59912]' for 'POST' to 'http://localhost:59912/session/e86d70f450ecf92fe44720725baecfb4/element'
12:22:21.737 [Forwarding findElement on session e86d70f450ecf92fe44720725baecfb4 to remote] DEBUG org.asynchttpclient.netty.request.NettyRequestSender - Using open Channel [id: 0x3ddd8b5c, L:/127.0.0.1:50016 - R:localhost/127.0.0.1:59912] for POST '/session/e86d70f450ecf92fe44720725baecfb4/element'
12:22:21.752 [AsyncHttpClient-1-11] DEBUG org.asynchttpclient.netty.handler.HttpHandler - 

Request DefaultHttpRequest(decodeResult: success, version: HTTP/1.1)
POST /session/e86d70f450ecf92fe44720725baecfb4/element HTTP/1.1
User-Agent: selenium/4.1.2 (java windows)
Content-Length: 113
Content-Type: application/json; charset=utf-8
host: localhost:59912
accept: */*

Response DefaultHttpResponse(decodeResult: success, version: HTTP/1.1)
HTTP/1.1 200 OK
Content-Type: application/json; charset=utf-8
cache-control: no-cache
content-length: 88

12:22:21.752 [AsyncHttpClient-1-11] DEBUG org.asynchttpclient.netty.channel.ChannelManager - Adding key: http://localhost:59912 for channel [id: 0x3ddd8b5c, L:/127.0.0.1:50016 - R:localhost/127.0.0.1:59912]
12:22:21.754 [Forwarding clearElement on session e86d70f450ecf92fe44720725baecfb4 to remote] DEBUG org.asynchttpclient.netty.request.NettyRequestSender - Using pooled Channel '[id: 0x3ddd8b5c, L:/127.0.0.1:50016 - R:localhost/127.0.0.1:59912]' for 'POST' to 'http://localhost:59912/session/e86d70f450ecf92fe44720725baecfb4/element/0f155c8d-a053-42fa-b9b3-98602d6e61d1/clear'
12:22:21.754 [Forwarding clearElement on session e86d70f450ecf92fe44720725baecfb4 to remote] DEBUG org.asynchttpclient.netty.request.NettyRequestSender - Using open Channel [id: 0x3ddd8b5c, L:/127.0.0.1:50016 - R:localhost/127.0.0.1:59912] for POST '/session/e86d70f450ecf92fe44720725baecfb4/element/0f155c8d-a053-42fa-b9b3-98602d6e61d1/clear'
12:22:21.796 [AsyncHttpClient-1-11] DEBUG org.asynchttpclient.netty.handler.HttpHandler - 

Request DefaultHttpRequest(decodeResult: success, version: HTTP/1.1)
POST /session/e86d70f450ecf92fe44720725baecfb4/element/0f155c8d-a053-42fa-b9b3-98602d6e61d1/clear HTTP/1.1
User-Agent: selenium/4.1.2 (java windows)
Content-Length: 50
Content-Type: application/json; charset=utf-8
host: localhost:59912
accept: */*

Response DefaultHttpResponse(decodeResult: success, version: HTTP/1.1)
HTTP/1.1 200 OK
Content-Type: application/json; charset=utf-8
cache-control: no-cache
content-length: 14

12:22:21.797 [AsyncHttpClient-1-11] DEBUG org.asynchttpclient.netty.channel.ChannelManager - Adding key: http://localhost:59912 for channel [id: 0x3ddd8b5c, L:/127.0.0.1:50016 - R:localhost/127.0.0.1:59912]
12:22:21.798 [Forwarding sendKeysToElement on session e86d70f450ecf92fe44720725baecfb4 to remote] DEBUG org.asynchttpclient.netty.request.NettyRequestSender - Using pooled Channel '[id: 0x3ddd8b5c, L:/127.0.0.1:50016 - R:localhost/127.0.0.1:59912]' for 'POST' to 'http://localhost:59912/session/e86d70f450ecf92fe44720725baecfb4/element/0f155c8d-a053-42fa-b9b3-98602d6e61d1/value'
12:22:21.799 [Forwarding sendKeysToElement on session e86d70f450ecf92fe44720725baecfb4 to remote] DEBUG org.asynchttpclient.netty.request.NettyRequestSender - Using open Channel [id: 0x3ddd8b5c, L:/127.0.0.1:50016 - R:localhost/127.0.0.1:59912] for POST '/session/e86d70f450ecf92fe44720725baecfb4/element/0f155c8d-a053-42fa-b9b3-98602d6e61d1/value'
12:22:21.823 [AsyncHttpClient-1-1] DEBUG org.asynchttpclient.netty.channel.DefaultChannelPool - Entry count for : http://localhost:50017 : 1
12:22:21.891 [AsyncHttpClient-1-11] DEBUG org.asynchttpclient.netty.handler.HttpHandler - 

Request DefaultHttpRequest(decodeResult: success, version: HTTP/1.1)
POST /session/e86d70f450ecf92fe44720725baecfb4/element/0f155c8d-a053-42fa-b9b3-98602d6e61d1/value HTTP/1.1
User-Agent: selenium/4.1.2 (java windows)
Content-Length: 161
Content-Type: application/json; charset=utf-8
host: localhost:59912
accept: */*

Response DefaultHttpResponse(decodeResult: success, version: HTTP/1.1)
HTTP/1.1 200 OK
Content-Type: application/json; charset=utf-8
cache-control: no-cache
content-length: 14

12:22:21.892 [AsyncHttpClient-1-11] DEBUG org.asynchttpclient.netty.channel.ChannelManager - Adding key: http://localhost:59912 for channel [id: 0x3ddd8b5c, L:/127.0.0.1:50016 - R:localhost/127.0.0.1:59912]
12:22:21.897 [Forwarding screenshot on session e86d70f450ecf92fe44720725baecfb4 to remote] DEBUG org.asynchttpclient.netty.request.NettyRequestSender - Using pooled Channel '[id: 0x3ddd8b5c, L:/127.0.0.1:50016 - R:localhost/127.0.0.1:59912]' for 'GET' to 'http://localhost:59912/session/e86d70f450ecf92fe44720725baecfb4/screenshot'
12:22:21.897 [Forwarding screenshot on session e86d70f450ecf92fe44720725baecfb4 to remote] DEBUG org.asynchttpclient.netty.request.NettyRequestSender - Using open Channel [id: 0x3ddd8b5c, L:/127.0.0.1:50016 - R:localhost/127.0.0.1:59912] for GET '/session/e86d70f450ecf92fe44720725baecfb4/screenshot'
12:22:22.101 [AsyncHttpClient-1-11] DEBUG org.asynchttpclient.netty.handler.HttpHandler - 

Request DefaultFullHttpRequest(decodeResult: success, version: HTTP/1.1, content: EmptyByteBufBE)
GET /session/e86d70f450ecf92fe44720725baecfb4/screenshot HTTP/1.1
User-Agent: selenium/4.1.2 (java windows)
Cache-Control: no-cache
Content-Type: application/json; charset=utf-8
host: localhost:59912
accept: */*

Response DefaultHttpResponse(decodeResult: success, version: HTTP/1.1)
HTTP/1.1 200 OK
Content-Type: application/json; charset=utf-8
cache-control: no-cache
content-length: 39584

12:22:22.102 [AsyncHttpClient-1-11] DEBUG org.asynchttpclient.netty.channel.ChannelManager - Adding key: http://localhost:59912 for channel [id: 0x3ddd8b5c, L:/127.0.0.1:50016 - R:localhost/127.0.0.1:59912]
12:22:22.104 [main] DEBUG net.serenitybdd.core.photography.Darkroom - Send negative for processing for target\site\serenity\662643664a9972f5250529acc21cf944b3d74bcfc2414f7eaf1eba2a35ab7de3.png
12:22:22.104 [main] DEBUG net.thucydides.core.steps.StepInterceptor - STEP DONE: inputPassword
  &amp#27;[32mAnd &amp#27;[0m&amp#27;[32muser input password&amp#27;[0m                          &amp#27;[90m# starter.definitions.RegisterSteps.ValidPassword()&amp#27;[0m
12:22:22.104 [Darkroom Processing Line] DEBUG net.serenitybdd.core.photography.DarkroomProcessingLine - Processing screenshot image in /var/screenshots/screenshot-13810561131330464594
12:22:22.104 [Darkroom Processing Line] DEBUG net.serenitybdd.core.photography.DarkroomProcessingLine - Saving screenshot to target\site\serenity\662643664a9972f5250529acc21cf944b3d74bcfc2414f7eaf1eba2a35ab7de3.png
12:22:22.117 [main] DEBUG net.thucydides.core.steps.StepInterceptor - STARTING STEP: RegisterSteps.RegisterButton - clickRegisterbutton
12:22:22.119 [Forwarding findElement on session e86d70f450ecf92fe44720725baecfb4 to remote] DEBUG org.asynchttpclient.netty.request.NettyRequestSender - Using pooled Channel '[id: 0x3ddd8b5c, L:/127.0.0.1:50016 - R:localhost/127.0.0.1:59912]' for 'POST' to 'http://localhost:59912/session/e86d70f450ecf92fe44720725baecfb4/element'
12:22:22.119 [Forwarding findElement on session e86d70f450ecf92fe44720725baecfb4 to remote] DEBUG org.asynchttpclient.netty.request.NettyRequestSender - Using open Channel [id: 0x3ddd8b5c, L:/127.0.0.1:50016 - R:localhost/127.0.0.1:59912] for POST '/session/e86d70f450ecf92fe44720725baecfb4/element'
12:22:22.132 [AsyncHttpClient-1-11] DEBUG org.asynchttpclient.netty.handler.HttpHandler - 

Request DefaultHttpRequest(decodeResult: success, version: HTTP/1.1)
POST /session/e86d70f450ecf92fe44720725baecfb4/element HTTP/1.1
User-Agent: selenium/4.1.2 (java windows)
Content-Length: 102
Content-Type: application/json; charset=utf-8
host: localhost:59912
accept: */*

Response DefaultHttpResponse(decodeResult: success, version: HTTP/1.1)
HTTP/1.1 200 OK
Content-Type: application/json; charset=utf-8
cache-control: no-cache
content-length: 88

12:22:22.133 [AsyncHttpClient-1-11] DEBUG org.asynchttpclient.netty.channel.ChannelManager - Adding key: http://localhost:59912 for channel [id: 0x3ddd8b5c, L:/127.0.0.1:50016 - R:localhost/127.0.0.1:59912]
12:22:22.135 [Forwarding getElementTagName on session e86d70f450ecf92fe44720725baecfb4 to remote] DEBUG org.asynchttpclient.netty.request.NettyRequestSender - Using pooled Channel '[id: 0x3ddd8b5c, L:/127.0.0.1:50016 - R:localhost/127.0.0.1:59912]' for 'GET' to 'http://localhost:59912/session/e86d70f450ecf92fe44720725baecfb4/element/88910551-425f-44dd-a99a-9df4c7c312e9/name'
12:22:22.135 [Forwarding getElementTagName on session e86d70f450ecf92fe44720725baecfb4 to remote] DEBUG org.asynchttpclient.netty.request.NettyRequestSender - Using open Channel [id: 0x3ddd8b5c, L:/127.0.0.1:50016 - R:localhost/127.0.0.1:59912] for GET '/session/e86d70f450ecf92fe44720725baecfb4/element/88910551-425f-44dd-a99a-9df4c7c312e9/name'
12:22:22.148 [AsyncHttpClient-1-11] DEBUG org.asynchttpclient.netty.handler.HttpHandler - 

Request DefaultFullHttpRequest(decodeResult: success, version: HTTP/1.1, content: EmptyByteBufBE)
GET /session/e86d70f450ecf92fe44720725baecfb4/element/88910551-425f-44dd-a99a-9df4c7c312e9/name HTTP/1.1
User-Agent: selenium/4.1.2 (java windows)
Cache-Control: no-cache
Content-Type: application/json; charset=utf-8
host: localhost:59912
accept: */*

Response DefaultHttpResponse(decodeResult: success, version: HTTP/1.1)
HTTP/1.1 200 OK
Content-Type: application/json; charset=utf-8
cache-control: no-cache
content-length: 18

12:22:22.148 [AsyncHttpClient-1-11] DEBUG org.asynchttpclient.netty.channel.ChannelManager - Adding key: http://localhost:59912 for channel [id: 0x3ddd8b5c, L:/127.0.0.1:50016 - R:localhost/127.0.0.1:59912]
12:22:22.150 [Forwarding getElementTagName on session e86d70f450ecf92fe44720725baecfb4 to remote] DEBUG org.asynchttpclient.netty.request.NettyRequestSender - Using pooled Channel '[id: 0x3ddd8b5c, L:/127.0.0.1:50016 - R:localhost/127.0.0.1:59912]' for 'GET' to 'http://localhost:59912/session/e86d70f450ecf92fe44720725baecfb4/element/88910551-425f-44dd-a99a-9df4c7c312e9/name'
12:22:22.150 [Forwarding getElementTagName on session e86d70f450ecf92fe44720725baecfb4 to remote] DEBUG org.asynchttpclient.netty.request.NettyRequestSender - Using open Channel [id: 0x3ddd8b5c, L:/127.0.0.1:50016 - R:localhost/127.0.0.1:59912] for GET '/session/e86d70f450ecf92fe44720725baecfb4/element/88910551-425f-44dd-a99a-9df4c7c312e9/name'
12:22:22.160 [AsyncHttpClient-1-11] DEBUG org.asynchttpclient.netty.handler.HttpHandler - 

Request DefaultFullHttpRequest(decodeResult: success, version: HTTP/1.1, content: EmptyByteBufBE)
GET /session/e86d70f450ecf92fe44720725baecfb4/element/88910551-425f-44dd-a99a-9df4c7c312e9/name HTTP/1.1
User-Agent: selenium/4.1.2 (java windows)
Cache-Control: no-cache
Content-Type: application/json; charset=utf-8
host: localhost:59912
accept: */*

Response DefaultHttpResponse(decodeResult: success, version: HTTP/1.1)
HTTP/1.1 200 OK
Content-Type: application/json; charset=utf-8
cache-control: no-cache
content-length: 18

12:22:22.161 [AsyncHttpClient-1-11] DEBUG org.asynchttpclient.netty.channel.ChannelManager - Adding key: http://localhost:59912 for channel [id: 0x3ddd8b5c, L:/127.0.0.1:50016 - R:localhost/127.0.0.1:59912]
12:22:22.163 [Forwarding isElementEnabled on session e86d70f450ecf92fe44720725baecfb4 to remote] DEBUG org.asynchttpclient.netty.request.NettyRequestSender - Using pooled Channel '[id: 0x3ddd8b5c, L:/127.0.0.1:50016 - R:localhost/127.0.0.1:59912]' for 'GET' to 'http://localhost:59912/session/e86d70f450ecf92fe44720725baecfb4/element/88910551-425f-44dd-a99a-9df4c7c312e9/enabled'
12:22:22.163 [Forwarding isElementEnabled on session e86d70f450ecf92fe44720725baecfb4 to remote] DEBUG org.asynchttpclient.netty.request.NettyRequestSender - Using open Channel [id: 0x3ddd8b5c, L:/127.0.0.1:50016 - R:localhost/127.0.0.1:59912] for GET '/session/e86d70f450ecf92fe44720725baecfb4/element/88910551-425f-44dd-a99a-9df4c7c312e9/enabled'
12:22:22.175 [AsyncHttpClient-1-11] DEBUG org.asynchttpclient.netty.handler.HttpHandler - 

Request DefaultFullHttpRequest(decodeResult: success, version: HTTP/1.1, content: EmptyByteBufBE)
GET /session/e86d70f450ecf92fe44720725baecfb4/element/88910551-425f-44dd-a99a-9df4c7c312e9/enabled HTTP/1.1
User-Agent: selenium/4.1.2 (java windows)
Cache-Control: no-cache
Content-Type: application/json; charset=utf-8
host: localhost:59912
accept: */*

Response DefaultHttpResponse(decodeResult: success, version: HTTP/1.1)
HTTP/1.1 200 OK
Content-Type: application/json; charset=utf-8
cache-control: no-cache
content-length: 14

12:22:22.176 [AsyncHttpClient-1-11] DEBUG org.asynchttpclient.netty.channel.ChannelManager - Adding key: http://localhost:59912 for channel [id: 0x3ddd8b5c, L:/127.0.0.1:50016 - R:localhost/127.0.0.1:59912]
12:22:22.177 [Forwarding isElementEnabled on session e86d70f450ecf92fe44720725baecfb4 to remote] DEBUG org.asynchttpclient.netty.request.NettyRequestSender - Using pooled Channel '[id: 0x3ddd8b5c, L:/127.0.0.1:50016 - R:localhost/127.0.0.1:59912]' for 'GET' to 'http://localhost:59912/session/e86d70f450ecf92fe44720725baecfb4/element/88910551-425f-44dd-a99a-9df4c7c312e9/enabled'
12:22:22.177 [Forwarding isElementEnabled on session e86d70f450ecf92fe44720725baecfb4 to remote] DEBUG org.asynchttpclient.netty.request.NettyRequestSender - Using open Channel [id: 0x3ddd8b5c, L:/127.0.0.1:50016 - R:localhost/127.0.0.1:59912] for GET '/session/e86d70f450ecf92fe44720725baecfb4/element/88910551-425f-44dd-a99a-9df4c7c312e9/enabled'
12:22:22.187 [AsyncHttpClient-1-11] DEBUG org.asynchttpclient.netty.handler.HttpHandler - 

Request DefaultFullHttpRequest(decodeResult: success, version: HTTP/1.1, content: EmptyByteBufBE)
GET /session/e86d70f450ecf92fe44720725baecfb4/element/88910551-425f-44dd-a99a-9df4c7c312e9/enabled HTTP/1.1
User-Agent: selenium/4.1.2 (java windows)
Cache-Control: no-cache
Content-Type: application/json; charset=utf-8
host: localhost:59912
accept: */*

Response DefaultHttpResponse(decodeResult: success, version: HTTP/1.1)
HTTP/1.1 200 OK
Content-Type: application/json; charset=utf-8
cache-control: no-cache
content-length: 14

12:22:22.187 [AsyncHttpClient-1-11] DEBUG org.asynchttpclient.netty.channel.ChannelManager - Adding key: http://localhost:59912 for channel [id: 0x3ddd8b5c, L:/127.0.0.1:50016 - R:localhost/127.0.0.1:59912]
12:22:22.189 [Forwarding findElement on session e86d70f450ecf92fe44720725baecfb4 to remote] DEBUG org.asynchttpclient.netty.request.NettyRequestSender - Using pooled Channel '[id: 0x3ddd8b5c, L:/127.0.0.1:50016 - R:localhost/127.0.0.1:59912]' for 'POST' to 'http://localhost:59912/session/e86d70f450ecf92fe44720725baecfb4/element'
12:22:22.189 [Forwarding findElement on session e86d70f450ecf92fe44720725baecfb4 to remote] DEBUG org.asynchttpclient.netty.request.NettyRequestSender - Using open Channel [id: 0x3ddd8b5c, L:/127.0.0.1:50016 - R:localhost/127.0.0.1:59912] for POST '/session/e86d70f450ecf92fe44720725baecfb4/element'
12:22:22.200 [AsyncHttpClient-1-11] DEBUG org.asynchttpclient.netty.handler.HttpHandler - 

Request DefaultHttpRequest(decodeResult: success, version: HTTP/1.1)
POST /session/e86d70f450ecf92fe44720725baecfb4/element HTTP/1.1
User-Agent: selenium/4.1.2 (java windows)
Content-Length: 102
Content-Type: application/json; charset=utf-8
host: localhost:59912
accept: */*

Response DefaultHttpResponse(decodeResult: success, version: HTTP/1.1)
HTTP/1.1 200 OK
Content-Type: application/json; charset=utf-8
cache-control: no-cache
content-length: 88

12:22:22.200 [AsyncHttpClient-1-11] DEBUG org.asynchttpclient.netty.channel.ChannelManager - Adding key: http://localhost:59912 for channel [id: 0x3ddd8b5c, L:/127.0.0.1:50016 - R:localhost/127.0.0.1:59912]
12:22:22.201 [Forwarding clickElement on session e86d70f450ecf92fe44720725baecfb4 to remote] DEBUG org.asynchttpclient.netty.request.NettyRequestSender - Using pooled Channel '[id: 0x3ddd8b5c, L:/127.0.0.1:50016 - R:localhost/127.0.0.1:59912]' for 'POST' to 'http://localhost:59912/session/e86d70f450ecf92fe44720725baecfb4/element/88910551-425f-44dd-a99a-9df4c7c312e9/click'
12:22:22.202 [Forwarding clickElement on session e86d70f450ecf92fe44720725baecfb4 to remote] DEBUG org.asynchttpclient.netty.request.NettyRequestSender - Using open Channel [id: 0x3ddd8b5c, L:/127.0.0.1:50016 - R:localhost/127.0.0.1:59912] for POST '/session/e86d70f450ecf92fe44720725baecfb4/element/88910551-425f-44dd-a99a-9df4c7c312e9/click'
12:22:22.247 [AsyncHttpClient-1-11] DEBUG org.asynchttpclient.netty.handler.HttpHandler - 

Request DefaultHttpRequest(decodeResult: success, version: HTTP/1.1)
POST /session/e86d70f450ecf92fe44720725baecfb4/element/88910551-425f-44dd-a99a-9df4c7c312e9/click HTTP/1.1
User-Agent: selenium/4.1.2 (java windows)
Content-Length: 50
Content-Type: application/json; charset=utf-8
host: localhost:59912
accept: */*

Response DefaultHttpResponse(decodeResult: success, version: HTTP/1.1)
HTTP/1.1 200 OK
Content-Type: application/json; charset=utf-8
cache-control: no-cache
content-length: 14

12:22:22.247 [AsyncHttpClient-1-11] DEBUG org.asynchttpclient.netty.channel.ChannelManager - Adding key: http://localhost:59912 for channel [id: 0x3ddd8b5c, L:/127.0.0.1:50016 - R:localhost/127.0.0.1:59912]
12:22:22.253 [Forwarding screenshot on session e86d70f450ecf92fe44720725baecfb4 to remote] DEBUG org.asynchttpclient.netty.request.NettyRequestSender - Using pooled Channel '[id: 0x3ddd8b5c, L:/127.0.0.1:50016 - R:localhost/127.0.0.1:59912]' for 'GET' to 'http://localhost:59912/session/e86d70f450ecf92fe44720725baecfb4/screenshot'
12:22:22.254 [Forwarding screenshot on session e86d70f450ecf92fe44720725baecfb4 to remote] DEBUG org.asynchttpclient.netty.request.NettyRequestSender - Using open Channel [id: 0x3ddd8b5c, L:/127.0.0.1:50016 - R:localhost/127.0.0.1:59912] for GET '/session/e86d70f450ecf92fe44720725baecfb4/screenshot'
12:22:22.446 [AsyncHttpClient-1-11] DEBUG org.asynchttpclient.netty.handler.HttpHandler - 

Request DefaultFullHttpRequest(decodeResult: success, version: HTTP/1.1, content: EmptyByteBufBE)
GET /session/e86d70f450ecf92fe44720725baecfb4/screenshot HTTP/1.1
User-Agent: selenium/4.1.2 (java windows)
Cache-Control: no-cache
Content-Type: application/json; charset=utf-8
host: localhost:59912
accept: */*

Response DefaultHttpResponse(decodeResult: success, version: HTTP/1.1)
HTTP/1.1 200 OK
Content-Type: application/json; charset=utf-8
cache-control: no-cache
content-length: 39600

12:22:22.447 [AsyncHttpClient-1-11] DEBUG org.asynchttpclient.netty.channel.ChannelManager - Adding key: http://localhost:59912 for channel [id: 0x3ddd8b5c, L:/127.0.0.1:50016 - R:localhost/127.0.0.1:59912]
12:22:22.449 [main] DEBUG net.serenitybdd.core.photography.Darkroom - Send negative for processing for target\site\serenity\7952e6457fe0e6b62fa2050678344c9b4bf391c79137d2fa7a2af6ba60c26c36.png
12:22:22.449 [main] DEBUG net.thucydides.core.steps.StepInterceptor - STEP DONE: clickRegisterbutton
  &amp#27;[32mAnd &amp#27;[0m&amp#27;[32mclick register button&amp#27;[0m                        &amp#27;[90m# starter.definitions.RegisterSteps.RegisterButton()&amp#27;[0m
12:22:22.449 [Darkroom Processing Line] DEBUG net.serenitybdd.core.photography.DarkroomProcessingLine - Processing screenshot image in /var/screenshots/screenshot-17343027801685870218
12:22:22.449 [Darkroom Processing Line] DEBUG net.serenitybdd.core.photography.DarkroomProcessingLine - Saving screenshot to target\site\serenity\7952e6457fe0e6b62fa2050678344c9b4bf391c79137d2fa7a2af6ba60c26c36.png
12:22:22.462 [main] DEBUG net.thucydides.core.steps.StepInterceptor - STARTING STEP: RegisterSteps.LoginPage - validateonLoginPage
12:22:22.464 [Forwarding findElement on session e86d70f450ecf92fe44720725baecfb4 to remote] DEBUG org.asynchttpclient.netty.request.NettyRequestSender - Using pooled Channel '[id: 0x3ddd8b5c, L:/127.0.0.1:50016 - R:localhost/127.0.0.1:59912]' for 'POST' to 'http://localhost:59912/session/e86d70f450ecf92fe44720725baecfb4/element'
12:22:22.464 [Forwarding findElement on session e86d70f450ecf92fe44720725baecfb4 to remote] DEBUG org.asynchttpclient.netty.request.NettyRequestSender - Using open Channel [id: 0x3ddd8b5c, L:/127.0.0.1:50016 - R:localhost/127.0.0.1:59912] for POST '/session/e86d70f450ecf92fe44720725baecfb4/element'
12:22:22.477 [AsyncHttpClient-1-11] DEBUG org.asynchttpclient.netty.handler.HttpHandler - 

Request DefaultHttpRequest(decodeResult: success, version: HTTP/1.1)
POST /session/e86d70f450ecf92fe44720725baecfb4/element HTTP/1.1
User-Agent: selenium/4.1.2 (java windows)
Content-Length: 102
Content-Type: application/json; charset=utf-8
host: localhost:59912
accept: */*

Response DefaultHttpResponse(decodeResult: success, version: HTTP/1.1)
HTTP/1.1 200 OK
Content-Type: application/json; charset=utf-8
cache-control: no-cache
content-length: 88

12:22:22.477 [AsyncHttpClient-1-11] DEBUG org.asynchttpclient.netty.channel.ChannelManager - Adding key: http://localhost:59912 for channel [id: 0x3ddd8b5c, L:/127.0.0.1:50016 - R:localhost/127.0.0.1:59912]
12:22:22.481 [Forwarding isElementDisplayed on session e86d70f450ecf92fe44720725baecfb4 to remote] DEBUG org.asynchttpclient.netty.request.NettyRequestSender - Using pooled Channel '[id: 0x3ddd8b5c, L:/127.0.0.1:50016 - R:localhost/127.0.0.1:59912]' for 'POST' to 'http://localhost:59912/session/e86d70f450ecf92fe44720725baecfb4/execute/sync'
12:22:22.481 [Forwarding isElementDisplayed on session e86d70f450ecf92fe44720725baecfb4 to remote] DEBUG org.asynchttpclient.netty.request.NettyRequestSender - Using open Channel [id: 0x3ddd8b5c, L:/127.0.0.1:50016 - R:localhost/127.0.0.1:59912] for POST '/session/e86d70f450ecf92fe44720725baecfb4/execute/sync'
12:22:22.505 [AsyncHttpClient-1-11] DEBUG org.asynchttpclient.netty.handler.HttpHandler - 

Request DefaultHttpRequest(decodeResult: success, version: HTTP/1.1)
POST /session/e86d70f450ecf92fe44720725baecfb4/execute/sync HTTP/1.1
User-Agent: selenium/4.1.2 (java windows)
Content-Length: 48780
Content-Type: application/json; charset=utf-8
host: localhost:59912
accept: */*

Response DefaultHttpResponse(decodeResult: success, version: HTTP/1.1)
HTTP/1.1 200 OK
Content-Type: application/json; charset=utf-8
cache-control: no-cache
content-length: 14

12:22:22.505 [AsyncHttpClient-1-11] DEBUG org.asynchttpclient.netty.channel.ChannelManager - Adding key: http://localhost:59912 for channel [id: 0x3ddd8b5c, L:/127.0.0.1:50016 - R:localhost/127.0.0.1:59912]
12:22:22.510 [Forwarding screenshot on session e86d70f450ecf92fe44720725baecfb4 to remote] DEBUG org.asynchttpclient.netty.request.NettyRequestSender - Using pooled Channel '[id: 0x3ddd8b5c, L:/127.0.0.1:50016 - R:localhost/127.0.0.1:59912]' for 'GET' to 'http://localhost:59912/session/e86d70f450ecf92fe44720725baecfb4/screenshot'
12:22:22.510 [Forwarding screenshot on session e86d70f450ecf92fe44720725baecfb4 to remote] DEBUG org.asynchttpclient.netty.request.NettyRequestSender - Using open Channel [id: 0x3ddd8b5c, L:/127.0.0.1:50016 - R:localhost/127.0.0.1:59912] for GET '/session/e86d70f450ecf92fe44720725baecfb4/screenshot'
12:22:22.701 [AsyncHttpClient-1-11] DEBUG org.asynchttpclient.netty.handler.HttpHandler - 

Request DefaultFullHttpRequest(decodeResult: success, version: HTTP/1.1, content: EmptyByteBufBE)
GET /session/e86d70f450ecf92fe44720725baecfb4/screenshot HTTP/1.1
User-Agent: selenium/4.1.2 (java windows)
Cache-Control: no-cache
Content-Type: application/json; charset=utf-8
host: localhost:59912
accept: */*

Response DefaultHttpResponse(decodeResult: success, version: HTTP/1.1)
HTTP/1.1 200 OK
Content-Type: application/json; charset=utf-8
cache-control: no-cache
content-length: 38916

12:22:22.701 [AsyncHttpClient-1-11] DEBUG org.asynchttpclient.netty.channel.ChannelManager - Adding key: http://localhost:59912 for channel [id: 0x3ddd8b5c, L:/127.0.0.1:50016 - R:localhost/127.0.0.1:59912]
12:22:22.703 [main] DEBUG net.serenitybdd.core.photography.Darkroom - Send negative for processing for target\site\serenity\ade3866ea8ee7828295f44c62045e464bdac19b327583d0527211f41b24156fd.png
12:22:22.704 [main] DEBUG net.thucydides.core.steps.StepInterceptor - STEP DONE: validateonLoginPage
  &amp#27;[32mThen &amp#27;[0m&amp#27;[32muser redirected to login page&amp#27;[0m               &amp#27;[90m# starter.definitions.RegisterSteps.LoginPage()&amp#27;[0m
12:22:22.704 [Darkroom Processing Line] DEBUG net.serenitybdd.core.photography.DarkroomProcessingLine - Processing screenshot image in /var/screenshots/screenshot-5652452098391889366
12:22:22.704 [Darkroom Processing Line] DEBUG net.serenitybdd.core.photography.DarkroomProcessingLine - Saving screenshot to target\site\serenity\ade3866ea8ee7828295f44c62045e464bdac19b327583d0527211f41b24156fd.png
12:22:22.708 [main] INFO  - 
  _____   ___   ___   _____     ___     _     ___   ___   ___   ___  
 |_   _| | __| / __| |_   _|   | _ \   /_\   / __| / __| | __| |   \ 
   | |   | _|  \__ \   | |     |  _/  / _ \  \__ \ \__ \ | _|  | |) |
   |_|   |___| |___/   |_|     |_|   /_/ \_\ |___/ |___/ |___| |___/ 

As a user i want registered successfully
----------------------------------------------------------------------
12:22:22.710 [AsyncHttpClient-1-13] DEBUG org.asynchttpclient.netty.handler.WebSocketHandler - Channel Closed: [id: 0x3993f7ed, L:/127.0.0.1:50024 ! R:localhost/127.0.0.1:50017] with attribute NettyResponseFuture{currentRetry=5,
	isDone=1,
	isCancelled=0,
	asyncHandler=org.asynchttpclient.ws.WebSocketUpgradeHandler@1a2d232e,
	nettyRequest=org.asynchttpclient.netty.request.NettyRequest@5f2fae0f,
	future=java.util.concurrent.CompletableFuture@65828a0c[Completed normally],
	uri=ws://localhost:50017/devtools/browser/25966762-1f58-4a16-a334-8f45efe02556,
	keepAlive=true,
	redirectCount=0,
	timeoutsHolder=null,
	inAuth=0,
	touch=1652242937962}
12:22:22.710 [AsyncHttpClient-1-13] DEBUG org.asynchttpclient.netty.channel.ChannelManager - Closing Channel [id: 0x3993f7ed, L:/127.0.0.1:50024 ! R:localhost/127.0.0.1:50017] 
12:22:22.715 [Driver Command Executor] DEBUG org.asynchttpclient.netty.request.NettyRequestSender - Using pooled Channel '[id: 0x3ddd8b5c, L:/127.0.0.1:50016 - R:localhost/127.0.0.1:59912]' for 'DELETE' to 'http://localhost:59912/session/e86d70f450ecf92fe44720725baecfb4'
12:22:22.715 [Driver Command Executor] DEBUG org.asynchttpclient.netty.request.NettyRequestSender - Using open Channel [id: 0x3ddd8b5c, L:/127.0.0.1:50016 - R:localhost/127.0.0.1:59912] for DELETE '/session/e86d70f450ecf92fe44720725baecfb4'
12:22:22.774 [AsyncHttpClient-1-12] DEBUG org.asynchttpclient.netty.handler.HttpHandler - Unexpected I/O exception on channel [id: 0xeae0b3cc, L:/127.0.0.1:50023 - R:localhost/127.0.0.1:50017]
java.net.SocketException: Connection reset
	at java.base/sun.nio.ch.SocketChannelImpl.throwConnectionReset(SocketChannelImpl.java:394)
	at java.base/sun.nio.ch.SocketChannelImpl.read(SocketChannelImpl.java:426)
	at io.netty.buffer.PooledByteBuf.setBytes(PooledByteBuf.java:258)
	at io.netty.buffer.AbstractByteBuf.writeBytes(AbstractByteBuf.java:1132)
	at io.netty.channel.socket.nio.NioSocketChannel.doReadBytes(NioSocketChannel.java:350)
	at io.netty.channel.nio.AbstractNioByteChannel$NioByteUnsafe.read(AbstractNioByteChannel.java:151)
	at io.netty.channel.nio.NioEventLoop.processSelectedKey(NioEventLoop.java:722)
	at io.netty.channel.nio.NioEventLoop.processSelectedKeysOptimized(NioEventLoop.java:658)
	at io.netty.channel.nio.NioEventLoop.processSelectedKeys(NioEventLoop.java:584)
	at io.netty.channel.nio.NioEventLoop.run(NioEventLoop.java:496)
	at io.netty.util.concurrent.SingleThreadEventExecutor$4.run(SingleThreadEventExecutor.java:986)
	at io.netty.util.internal.ThreadExecutorMap$2.run(ThreadExecutorMap.java:74)
	at io.netty.util.concurrent.FastThreadLocalRunnable.run(FastThreadLocalRunnable.java:30)
	at java.base/java.lang.Thread.run(Thread.java:833)
12:22:22.774 [AsyncHttpClient-1-12] DEBUG org.asynchttpclient.netty.channel.ChannelManager - Closing Channel [id: 0xeae0b3cc, L:/127.0.0.1:50023 - R:localhost/127.0.0.1:50017] 
12:22:22.774 [AsyncHttpClient-1-12] DEBUG org.asynchttpclient.netty.handler.HttpHandler - Channel Closed: [id: 0xeae0b3cc, L:/127.0.0.1:50023 ! R:localhost/127.0.0.1:50017] with attribute DISCARD
12:22:22.930 [AsyncHttpClient-1-1] DEBUG org.asynchttpclient.netty.channel.DefaultChannelPool - Entry count for : http://localhost:50017 : 1
12:22:22.930 [AsyncHttpClient-1-1] DEBUG org.asynchttpclient.netty.channel.DefaultChannelPool - Adding Candidate expired Channel [id: 0xeae0b3cc, L:/127.0.0.1:50023 ! R:localhost/127.0.0.1:50017] isIdleTimeoutExpired=false isRemotelyClosed=true isTtlExpired=false
12:22:22.930 [AsyncHttpClient-1-1] DEBUG org.asynchttpclient.netty.channel.DefaultChannelPool - Closing Idle Channel [id: 0xeae0b3cc, L:/127.0.0.1:50023 ! R:localhost/127.0.0.1:50017]
12:22:22.930 [AsyncHttpClient-1-1] DEBUG org.asynchttpclient.netty.channel.DefaultChannelPool - Closed 1 connections out of 1 in 0 ms
12:22:22.945 [AsyncHttpClient-1-11] DEBUG org.asynchttpclient.netty.handler.HttpHandler - 

Request DefaultFullHttpRequest(decodeResult: success, version: HTTP/1.1, content: EmptyByteBufBE)
DELETE /session/e86d70f450ecf92fe44720725baecfb4 HTTP/1.1
User-Agent: selenium/4.1.2 (java windows)
Content-Type: application/json; charset=utf-8
host: localhost:59912
accept: */*

Response DefaultHttpResponse(decodeResult: success, version: HTTP/1.1)
HTTP/1.1 200 OK
Content-Type: application/json; charset=utf-8
cache-control: no-cache
content-length: 14

12:22:22.945 [AsyncHttpClient-1-11] DEBUG org.asynchttpclient.netty.channel.ChannelManager - Adding key: http://localhost:59912 for channel [id: 0x3ddd8b5c, L:/127.0.0.1:50016 - R:localhost/127.0.0.1:59912]
12:22:23.490 [AsyncHttpClient-1-11] DEBUG org.asynchttpclient.netty.handler.HttpHandler - Channel Closed: [id: 0x3ddd8b5c, L:/127.0.0.1:50016 ! R:localhost/127.0.0.1:59912] with attribute DISCARD
]]></system-out>
    <system-err><![CDATA[Starting ChromeDriver 101.0.4951.41 (93c720db8323b3ec10d056025ab95c23a31997c9-refs/branch-heads/4951@{#904}) on port 59912
Only local connections are allowed.
Please see https://chromedriver.chromium.org/security-considerations for suggestions on keeping ChromeDriver safe.
ChromeDriver was started successfully.
May 11, 2022 12:22:17 PM org.openqa.selenium.remote.ProtocolHandshake createSession
INFO: Detected dialect: W3C
May 11, 2022 12:22:17 PM org.openqa.selenium.devtools.CdpVersionFinder findNearestMatch
WARNING: Unable to find an exact match for CDP version 101, so returning the closest version found: 97
May 11, 2022 12:22:17 PM org.openqa.selenium.devtools.CdpVersionFinder findNearestMatch
INFO: Found CDP implementation for version 101 of 97
]]></system-err>
  </testcase>
  <testcase name="as a user choose helath category" classname="as a user choose the desired category such as the health category" time="5.176">
    <system-out><![CDATA[12:22:23.506 [main] INFO io.cucumber.core.plugin.SerenityReporter - Running feature from file:///D:/alta%20folder/final%20project/web%20testing/src/test/resources/features/SelectCategory.feature
12:22:23.508 [main] DEBUG net.thucydides.core.steps.StepEventBus - Test suite started for story net.thucydides.core.model.Story@64a97f89
12:22:23.508 [main] INFO  - Test Suite Started: as a user choose the desired category such as the health category

Scenario: as a user choose helath category &amp#27;[90m# src/test/resources/features/SelectCategory.feature:3&amp#27;[0m
12:22:23.513 [main] INFO io.cucumber.core.plugin.SerenityReporter - Running feature from file:///D:/alta%20folder/final%20project/web%20testing/src/test/resources/features/SelectCategory.feature
12:22:23.514 [main] INFO  - 
  _____   ___   ___   _____     ___   _____     _     ___   _____   ___   ___  
 |_   _| | __| / __| |_   _|   / __| |_   _|   /_\   | _ \ |_   _| | __| |   \ 
   | |   | _|  \__ \   | |     \__ \   | |    / _ \  |   /   | |   | _|  | |) |
   |_|   |___| |___/   |_|     |___/   |_|   /_/ \_\ |_|_\   |_|   |___| |___/ 

as a user choose helath category(as-a-user-choose-the-desired-category-such-as-the-health-category;as-a-user-choose-helath-category)
--------------------------------------------------------------------------------
12:22:23.591 [main] DEBUG net.thucydides.core.steps.StepInterceptor - STARTING STEP: SelectCategorySteps.useronhomepage - openPage
12:22:23.592 [main] INFO net.serenitybdd.core.webdriver.driverproviders.ChromeDriverProvider - Using automatically driver download
12:22:23.721 [main] DEBUG io.github.bonigarcia.wdm.cache.ResolutionCache - Resolution chrome=101 in cache (valid until 13:12:06 11/05/2022 WITA)
12:22:23.724 [main] DEBUG io.github.bonigarcia.wdm.cache.ResolutionCache - Resolution chrome101=101.0.4951.41 in cache (valid until 21:51:26 11/05/2022 WITA)
12:22:23.725 [main] INFO io.github.bonigarcia.wdm.WebDriverManager - Using chromedriver 101.0.4951.41 (resolved driver for Chrome 101)
12:22:23.734 [main] DEBUG io.github.bonigarcia.wdm.WebDriverManager - Driver chromedriver 101.0.4951.41 found in cache
12:22:23.734 [main] INFO io.github.bonigarcia.wdm.WebDriverManager - Exporting webdriver.chrome.driver as C:\Users\Rev\.cache\selenium\chromedriver\win32\101.0.4951.41\chromedriver.exe
12:22:23.850 [main] DEBUG net.serenitybdd.core.webdriver.driverproviders.ProvideNewDriver - Instantiating driver
12:22:23.850 [main] DEBUG net.serenitybdd.core.webdriver.driverproviders.ProvideNewDriver - Driver capabilities: Capabilities {acceptInsecureCerts: false, base.url: https://qa.alta.id, browserName: chrome, chrome.driver: webdriver/chromedriver.exe, driver: chrome, goog:chromeOptions: {args: [], extensions: []}}
12:22:24.029 [AsyncHttpClient-1-1] DEBUG org.asynchttpclient.netty.channel.DefaultChannelPool - Entry count for : http://localhost:59912 : 1
12:22:24.029 [AsyncHttpClient-1-1] DEBUG org.asynchttpclient.netty.channel.DefaultChannelPool - Adding Candidate expired Channel [id: 0x3ddd8b5c, L:/127.0.0.1:50016 ! R:localhost/127.0.0.1:59912] isIdleTimeoutExpired=false isRemotelyClosed=true isTtlExpired=false
12:22:24.030 [AsyncHttpClient-1-1] DEBUG org.asynchttpclient.netty.channel.DefaultChannelPool - Closing Idle Channel [id: 0x3ddd8b5c, L:/127.0.0.1:50016 ! R:localhost/127.0.0.1:59912]
12:22:24.030 [AsyncHttpClient-1-1] DEBUG org.asynchttpclient.netty.channel.DefaultChannelPool - Closed 1 connections out of 1 in 1 ms
12:22:24.228 [AsyncHttpClient-1-14] DEBUG org.asynchttpclient.netty.channel.NettyConnectListener - Using new Channel '[id: 0x3e39a358, L:/127.0.0.1:50046 - R:localhost/127.0.0.1:60024]' for 'POST' to '/session'
12:22:25.132 [AsyncHttpClient-1-14] DEBUG org.asynchttpclient.netty.handler.HttpHandler - 

Request DefaultHttpRequest(decodeResult: success, version: HTTP/1.1)
POST /session HTTP/1.1
User-Agent: selenium/4.1.2 (java windows)
Content-Length: 565
Content-Type: application/json; charset=utf-8
host: localhost:60024
accept: */*

Response DefaultHttpResponse(decodeResult: success, version: HTTP/1.1)
HTTP/1.1 200 OK
Content-Type: application/json; charset=utf-8
cache-control: no-cache
content-length: 786

12:22:25.135 [AsyncHttpClient-1-14] DEBUG org.asynchttpclient.netty.channel.ChannelManager - Adding key: http://localhost:60024 for channel [id: 0x3e39a358, L:/127.0.0.1:50046 - R:localhost/127.0.0.1:60024]
12:22:25.153 [AsyncHttpClient-1-15] DEBUG org.asynchttpclient.netty.channel.NettyConnectListener - Using new Channel '[id: 0x533a0da1, L:/127.0.0.1:50053 - R:localhost/127.0.0.1:50047]' for 'GET' to '/json/version'
12:22:25.159 [AsyncHttpClient-1-15] DEBUG org.asynchttpclient.netty.handler.HttpHandler - 

Request DefaultFullHttpRequest(decodeResult: success, version: HTTP/1.1, content: EmptyByteBufBE)
GET /json/version HTTP/1.1
User-Agent: selenium/4.1.2 (java windows)
host: localhost:50047
accept: */*

Response DefaultHttpResponse(decodeResult: success, version: HTTP/1.1)
HTTP/1.1 200 OK
Content-Type: application/json; charset=UTF-8
content-length: 427

12:22:25.160 [AsyncHttpClient-1-15] DEBUG org.asynchttpclient.netty.channel.ChannelManager - Adding key: http://localhost:50047 for channel [id: 0x533a0da1, L:/127.0.0.1:50053 - R:localhost/127.0.0.1:50047]
12:22:25.163 [AsyncHttpClient-1-16] DEBUG org.asynchttpclient.netty.channel.NettyConnectListener - Using new Channel '[id: 0x8a22a24f, L:/127.0.0.1:50054 - R:localhost/127.0.0.1:50047]' for 'GET' to '/devtools/browser/0e0dd1fc-af64-46db-99c1-93bb49396f5e'
12:22:25.171 [AsyncHttpClient-1-16] DEBUG org.asynchttpclient.netty.handler.WebSocketHandler - 

Request DefaultFullHttpRequest(decodeResult: success, version: HTTP/1.1, content: EmptyByteBufBE)
GET /devtools/browser/0e0dd1fc-af64-46db-99c1-93bb49396f5e HTTP/1.1
upgrade: websocket
connection: upgrade
sec-websocket-key: zhyJJhBFcqWYEpv1w18Bhg==
sec-websocket-version: 13
origin: http://localhost:50047
host: localhost:50047
accept: */*
user-agent: AHC/2.1

Response DefaultHttpResponse(decodeResult: success, version: HTTP/1.1)
HTTP/1.1 101 WebSocket Protocol Handshake
Upgrade: WebSocket
Connection: Upgrade
Sec-WebSocket-Accept: IqVdKGR9Kc0nG6c4cOMUDzlhKw8=

12:22:25.175 [Forwarding get on session cd7b45b524a9a4d4ba67a5c2d3890bfb to remote] DEBUG org.asynchttpclient.netty.request.NettyRequestSender - Using pooled Channel '[id: 0x3e39a358, L:/127.0.0.1:50046 - R:localhost/127.0.0.1:60024]' for 'POST' to 'http://localhost:60024/session/cd7b45b524a9a4d4ba67a5c2d3890bfb/url'
12:22:25.175 [Forwarding get on session cd7b45b524a9a4d4ba67a5c2d3890bfb to remote] DEBUG org.asynchttpclient.netty.request.NettyRequestSender - Using open Channel [id: 0x3e39a358, L:/127.0.0.1:50046 - R:localhost/127.0.0.1:60024] for POST '/session/cd7b45b524a9a4d4ba67a5c2d3890bfb/url'
12:22:25.724 [AsyncHttpClient-1-14] DEBUG org.asynchttpclient.netty.handler.HttpHandler - 

Request DefaultHttpRequest(decodeResult: success, version: HTTP/1.1)
POST /session/cd7b45b524a9a4d4ba67a5c2d3890bfb/url HTTP/1.1
User-Agent: selenium/4.1.2 (java windows)
Content-Length: 43
Content-Type: application/json; charset=utf-8
host: localhost:60024
accept: */*

Response DefaultHttpResponse(decodeResult: success, version: HTTP/1.1)
HTTP/1.1 200 OK
Content-Type: application/json; charset=utf-8
cache-control: no-cache
content-length: 14

12:22:25.724 [AsyncHttpClient-1-14] DEBUG org.asynchttpclient.netty.channel.ChannelManager - Adding key: http://localhost:60024 for channel [id: 0x3e39a358, L:/127.0.0.1:50046 - R:localhost/127.0.0.1:60024]
12:22:25.726 [Forwarding setTimeout on session cd7b45b524a9a4d4ba67a5c2d3890bfb to remote] DEBUG org.asynchttpclient.netty.request.NettyRequestSender - Using pooled Channel '[id: 0x3e39a358, L:/127.0.0.1:50046 - R:localhost/127.0.0.1:60024]' for 'POST' to 'http://localhost:60024/session/cd7b45b524a9a4d4ba67a5c2d3890bfb/timeouts'
12:22:25.726 [Forwarding setTimeout on session cd7b45b524a9a4d4ba67a5c2d3890bfb to remote] DEBUG org.asynchttpclient.netty.request.NettyRequestSender - Using open Channel [id: 0x3e39a358, L:/127.0.0.1:50046 - R:localhost/127.0.0.1:60024] for POST '/session/cd7b45b524a9a4d4ba67a5c2d3890bfb/timeouts'
12:22:25.733 [AsyncHttpClient-1-14] DEBUG org.asynchttpclient.netty.handler.HttpHandler - 

Request DefaultHttpRequest(decodeResult: success, version: HTTP/1.1)
POST /session/cd7b45b524a9a4d4ba67a5c2d3890bfb/timeouts HTTP/1.1
User-Agent: selenium/4.1.2 (java windows)
Content-Length: 22
Content-Type: application/json; charset=utf-8
host: localhost:60024
accept: */*

Response DefaultHttpResponse(decodeResult: success, version: HTTP/1.1)
HTTP/1.1 200 OK
Content-Type: application/json; charset=utf-8
cache-control: no-cache
content-length: 14

12:22:25.733 [AsyncHttpClient-1-14] DEBUG org.asynchttpclient.netty.channel.ChannelManager - Adding key: http://localhost:60024 for channel [id: 0x3e39a358, L:/127.0.0.1:50046 - R:localhost/127.0.0.1:60024]
12:22:25.737 [Forwarding getCurrentUrl on session cd7b45b524a9a4d4ba67a5c2d3890bfb to remote] DEBUG org.asynchttpclient.netty.request.NettyRequestSender - Using pooled Channel '[id: 0x3e39a358, L:/127.0.0.1:50046 - R:localhost/127.0.0.1:60024]' for 'GET' to 'http://localhost:60024/session/cd7b45b524a9a4d4ba67a5c2d3890bfb/url'
12:22:25.737 [Forwarding getCurrentUrl on session cd7b45b524a9a4d4ba67a5c2d3890bfb to remote] DEBUG org.asynchttpclient.netty.request.NettyRequestSender - Using open Channel [id: 0x3e39a358, L:/127.0.0.1:50046 - R:localhost/127.0.0.1:60024] for GET '/session/cd7b45b524a9a4d4ba67a5c2d3890bfb/url'
12:22:25.754 [AsyncHttpClient-1-14] DEBUG org.asynchttpclient.netty.handler.HttpHandler - 

Request DefaultFullHttpRequest(decodeResult: success, version: HTTP/1.1, content: EmptyByteBufBE)
GET /session/cd7b45b524a9a4d4ba67a5c2d3890bfb/url HTTP/1.1
User-Agent: selenium/4.1.2 (java windows)
Cache-Control: no-cache
Content-Type: application/json; charset=utf-8
host: localhost:60024
accept: */*

Response DefaultHttpResponse(decodeResult: success, version: HTTP/1.1)
HTTP/1.1 200 OK
Content-Type: application/json; charset=utf-8
cache-control: no-cache
content-length: 31

12:22:25.754 [AsyncHttpClient-1-14] DEBUG org.asynchttpclient.netty.channel.ChannelManager - Adding key: http://localhost:60024 for channel [id: 0x3e39a358, L:/127.0.0.1:50046 - R:localhost/127.0.0.1:60024]
12:22:25.757 [Forwarding getCurrentUrl on session cd7b45b524a9a4d4ba67a5c2d3890bfb to remote] DEBUG org.asynchttpclient.netty.request.NettyRequestSender - Using pooled Channel '[id: 0x3e39a358, L:/127.0.0.1:50046 - R:localhost/127.0.0.1:60024]' for 'GET' to 'http://localhost:60024/session/cd7b45b524a9a4d4ba67a5c2d3890bfb/url'
12:22:25.757 [Forwarding getCurrentUrl on session cd7b45b524a9a4d4ba67a5c2d3890bfb to remote] DEBUG org.asynchttpclient.netty.request.NettyRequestSender - Using open Channel [id: 0x3e39a358, L:/127.0.0.1:50046 - R:localhost/127.0.0.1:60024] for GET '/session/cd7b45b524a9a4d4ba67a5c2d3890bfb/url'
12:22:25.766 [AsyncHttpClient-1-14] DEBUG org.asynchttpclient.netty.handler.HttpHandler - 

Request DefaultFullHttpRequest(decodeResult: success, version: HTTP/1.1, content: EmptyByteBufBE)
GET /session/cd7b45b524a9a4d4ba67a5c2d3890bfb/url HTTP/1.1
User-Agent: selenium/4.1.2 (java windows)
Cache-Control: no-cache
Content-Type: application/json; charset=utf-8
host: localhost:60024
accept: */*

Response DefaultHttpResponse(decodeResult: success, version: HTTP/1.1)
HTTP/1.1 200 OK
Content-Type: application/json; charset=utf-8
cache-control: no-cache
content-length: 31

12:22:25.766 [AsyncHttpClient-1-14] DEBUG org.asynchttpclient.netty.channel.ChannelManager - Adding key: http://localhost:60024 for channel [id: 0x3e39a358, L:/127.0.0.1:50046 - R:localhost/127.0.0.1:60024]
12:22:25.773 [main] DEBUG net.serenitybdd.core.photography.Darkroom - Opening darkroom
12:22:25.774 [Forwarding screenshot on session cd7b45b524a9a4d4ba67a5c2d3890bfb to remote] DEBUG org.asynchttpclient.netty.request.NettyRequestSender - Using pooled Channel '[id: 0x3e39a358, L:/127.0.0.1:50046 - R:localhost/127.0.0.1:60024]' for 'GET' to 'http://localhost:60024/session/cd7b45b524a9a4d4ba67a5c2d3890bfb/screenshot'
12:22:25.774 [Forwarding screenshot on session cd7b45b524a9a4d4ba67a5c2d3890bfb to remote] DEBUG org.asynchttpclient.netty.request.NettyRequestSender - Using open Channel [id: 0x3e39a358, L:/127.0.0.1:50046 - R:localhost/127.0.0.1:60024] for GET '/session/cd7b45b524a9a4d4ba67a5c2d3890bfb/screenshot'
12:22:25.777 [Darkroom Processing Line] DEBUG net.serenitybdd.core.photography.DarkroomProcessingLine - Darkroom processing line starting up
12:22:26.230 [AsyncHttpClient-1-1] DEBUG org.asynchttpclient.netty.channel.DefaultChannelPool - Entry count for : http://localhost:50047 : 1
12:22:26.614 [AsyncHttpClient-1-14] DEBUG org.asynchttpclient.netty.handler.HttpHandler - 

Request DefaultFullHttpRequest(decodeResult: success, version: HTTP/1.1, content: EmptyByteBufBE)
GET /session/cd7b45b524a9a4d4ba67a5c2d3890bfb/screenshot HTTP/1.1
User-Agent: selenium/4.1.2 (java windows)
Cache-Control: no-cache
Content-Type: application/json; charset=utf-8
host: localhost:60024
accept: */*

Response DefaultHttpResponse(decodeResult: success, version: HTTP/1.1)
HTTP/1.1 200 OK
Content-Type: application/json; charset=utf-8
cache-control: no-cache
content-length: 62216

12:22:26.615 [AsyncHttpClient-1-14] DEBUG org.asynchttpclient.netty.channel.ChannelManager - Adding key: http://localhost:60024 for channel [id: 0x3e39a358, L:/127.0.0.1:50046 - R:localhost/127.0.0.1:60024]
12:22:26.617 [main] DEBUG net.serenitybdd.core.photography.Darkroom - Send negative for processing for target\site\serenity\d0e3a11f519378e75e145ca7ec5945fbcf8430ec8f85d49df1f8c9df9c016d51.png
12:22:26.617 [main] DEBUG net.thucydides.core.steps.StepInterceptor - STEP DONE: openPage
12:22:26.623 [main] DEBUG net.thucydides.core.steps.StepInterceptor - STARTING STEP: SelectCategorySteps.useronhomepage - homepage
12:22:26.625 [Forwarding findElement on session cd7b45b524a9a4d4ba67a5c2d3890bfb to remote] DEBUG org.asynchttpclient.netty.request.NettyRequestSender - Using pooled Channel '[id: 0x3e39a358, L:/127.0.0.1:50046 - R:localhost/127.0.0.1:60024]' for 'POST' to 'http://localhost:60024/session/cd7b45b524a9a4d4ba67a5c2d3890bfb/element'
12:22:26.625 [Forwarding findElement on session cd7b45b524a9a4d4ba67a5c2d3890bfb to remote] DEBUG org.asynchttpclient.netty.request.NettyRequestSender - Using open Channel [id: 0x3e39a358, L:/127.0.0.1:50046 - R:localhost/127.0.0.1:60024] for POST '/session/cd7b45b524a9a4d4ba67a5c2d3890bfb/element'
12:22:26.642 [AsyncHttpClient-1-14] DEBUG org.asynchttpclient.netty.handler.HttpHandler - 

Request DefaultHttpRequest(decodeResult: success, version: HTTP/1.1)
POST /session/cd7b45b524a9a4d4ba67a5c2d3890bfb/element HTTP/1.1
User-Agent: selenium/4.1.2 (java windows)
Content-Length: 85
Content-Type: application/json; charset=utf-8
host: localhost:60024
accept: */*

Response DefaultHttpResponse(decodeResult: success, version: HTTP/1.1)
HTTP/1.1 200 OK
Content-Type: application/json; charset=utf-8
cache-control: no-cache
content-length: 88

12:22:26.642 [AsyncHttpClient-1-14] DEBUG org.asynchttpclient.netty.channel.ChannelManager - Adding key: http://localhost:60024 for channel [id: 0x3e39a358, L:/127.0.0.1:50046 - R:localhost/127.0.0.1:60024]
12:22:26.646 [Forwarding isElementDisplayed on session cd7b45b524a9a4d4ba67a5c2d3890bfb to remote] DEBUG org.asynchttpclient.netty.request.NettyRequestSender - Using pooled Channel '[id: 0x3e39a358, L:/127.0.0.1:50046 - R:localhost/127.0.0.1:60024]' for 'POST' to 'http://localhost:60024/session/cd7b45b524a9a4d4ba67a5c2d3890bfb/execute/sync'
12:22:26.646 [Forwarding isElementDisplayed on session cd7b45b524a9a4d4ba67a5c2d3890bfb to remote] DEBUG org.asynchttpclient.netty.request.NettyRequestSender - Using open Channel [id: 0x3e39a358, L:/127.0.0.1:50046 - R:localhost/127.0.0.1:60024] for POST '/session/cd7b45b524a9a4d4ba67a5c2d3890bfb/execute/sync'
12:22:26.662 [AsyncHttpClient-1-14] DEBUG org.asynchttpclient.netty.handler.HttpHandler - 

Request DefaultHttpRequest(decodeResult: success, version: HTTP/1.1)
POST /session/cd7b45b524a9a4d4ba67a5c2d3890bfb/execute/sync HTTP/1.1
User-Agent: selenium/4.1.2 (java windows)
Content-Length: 48780
Content-Type: application/json; charset=utf-8
host: localhost:60024
accept: */*

Response DefaultHttpResponse(decodeResult: success, version: HTTP/1.1)
HTTP/1.1 200 OK
Content-Type: application/json; charset=utf-8
cache-control: no-cache
content-length: 14

12:22:26.662 [AsyncHttpClient-1-14] DEBUG org.asynchttpclient.netty.channel.ChannelManager - Adding key: http://localhost:60024 for channel [id: 0x3e39a358, L:/127.0.0.1:50046 - R:localhost/127.0.0.1:60024]
12:22:26.667 [Forwarding screenshot on session cd7b45b524a9a4d4ba67a5c2d3890bfb to remote] DEBUG org.asynchttpclient.netty.request.NettyRequestSender - Using pooled Channel '[id: 0x3e39a358, L:/127.0.0.1:50046 - R:localhost/127.0.0.1:60024]' for 'GET' to 'http://localhost:60024/session/cd7b45b524a9a4d4ba67a5c2d3890bfb/screenshot'
12:22:26.667 [Forwarding screenshot on session cd7b45b524a9a4d4ba67a5c2d3890bfb to remote] DEBUG org.asynchttpclient.netty.request.NettyRequestSender - Using open Channel [id: 0x3e39a358, L:/127.0.0.1:50046 - R:localhost/127.0.0.1:60024] for GET '/session/cd7b45b524a9a4d4ba67a5c2d3890bfb/screenshot'
12:22:26.765 [AsyncHttpClient-1-14] DEBUG org.asynchttpclient.netty.handler.HttpHandler - 

Request DefaultFullHttpRequest(decodeResult: success, version: HTTP/1.1, content: EmptyByteBufBE)
GET /session/cd7b45b524a9a4d4ba67a5c2d3890bfb/screenshot HTTP/1.1
User-Agent: selenium/4.1.2 (java windows)
Cache-Control: no-cache
Content-Type: application/json; charset=utf-8
host: localhost:60024
accept: */*

Response DefaultHttpResponse(decodeResult: success, version: HTTP/1.1)
HTTP/1.1 200 OK
Content-Type: application/json; charset=utf-8
cache-control: no-cache
content-length: 62216

12:22:26.765 [AsyncHttpClient-1-14] DEBUG org.asynchttpclient.netty.channel.ChannelManager - Adding key: http://localhost:60024 for channel [id: 0x3e39a358, L:/127.0.0.1:50046 - R:localhost/127.0.0.1:60024]
12:22:26.768 [main] DEBUG net.serenitybdd.core.photography.Darkroom - Send negative for processing for target\site\serenity\d0e3a11f519378e75e145ca7ec5945fbcf8430ec8f85d49df1f8c9df9c016d51.png
12:22:26.768 [main] DEBUG net.thucydides.core.steps.StepInterceptor - STEP DONE: homepage
  &amp#27;[32mGiven &amp#27;[0m&amp#27;[32mas a user on home page&amp#27;[0m             &amp#27;[90m# starter.definitions.SelectCategorySteps.useronhomepage()&amp#27;[0m
12:22:26.782 [main] DEBUG net.thucydides.core.steps.StepInterceptor - STARTING STEP: SelectCategorySteps.userclickselectcategory - validateclickselectcategory
12:22:26.785 [Forwarding findElement on session cd7b45b524a9a4d4ba67a5c2d3890bfb to remote] DEBUG org.asynchttpclient.netty.request.NettyRequestSender - Using pooled Channel '[id: 0x3e39a358, L:/127.0.0.1:50046 - R:localhost/127.0.0.1:60024]' for 'POST' to 'http://localhost:60024/session/cd7b45b524a9a4d4ba67a5c2d3890bfb/element'
12:22:26.785 [Forwarding findElement on session cd7b45b524a9a4d4ba67a5c2d3890bfb to remote] DEBUG org.asynchttpclient.netty.request.NettyRequestSender - Using open Channel [id: 0x3e39a358, L:/127.0.0.1:50046 - R:localhost/127.0.0.1:60024] for POST '/session/cd7b45b524a9a4d4ba67a5c2d3890bfb/element'
12:22:26.802 [AsyncHttpClient-1-14] DEBUG org.asynchttpclient.netty.handler.HttpHandler - 

Request DefaultHttpRequest(decodeResult: success, version: HTTP/1.1)
POST /session/cd7b45b524a9a4d4ba67a5c2d3890bfb/element HTTP/1.1
User-Agent: selenium/4.1.2 (java windows)
Content-Length: 94
Content-Type: application/json; charset=utf-8
host: localhost:60024
accept: */*

Response DefaultHttpResponse(decodeResult: success, version: HTTP/1.1)
HTTP/1.1 200 OK
Content-Type: application/json; charset=utf-8
cache-control: no-cache
content-length: 88

12:22:26.802 [AsyncHttpClient-1-14] DEBUG org.asynchttpclient.netty.channel.ChannelManager - Adding key: http://localhost:60024 for channel [id: 0x3e39a358, L:/127.0.0.1:50046 - R:localhost/127.0.0.1:60024]
12:22:26.803 [Forwarding getElementTagName on session cd7b45b524a9a4d4ba67a5c2d3890bfb to remote] DEBUG org.asynchttpclient.netty.request.NettyRequestSender - Using pooled Channel '[id: 0x3e39a358, L:/127.0.0.1:50046 - R:localhost/127.0.0.1:60024]' for 'GET' to 'http://localhost:60024/session/cd7b45b524a9a4d4ba67a5c2d3890bfb/element/bdba1361-be04-4e7b-af78-5825f1f4dcc5/name'
12:22:26.804 [Forwarding getElementTagName on session cd7b45b524a9a4d4ba67a5c2d3890bfb to remote] DEBUG org.asynchttpclient.netty.request.NettyRequestSender - Using open Channel [id: 0x3e39a358, L:/127.0.0.1:50046 - R:localhost/127.0.0.1:60024] for GET '/session/cd7b45b524a9a4d4ba67a5c2d3890bfb/element/bdba1361-be04-4e7b-af78-5825f1f4dcc5/name'
12:22:26.811 [AsyncHttpClient-1-14] DEBUG org.asynchttpclient.netty.handler.HttpHandler - 

Request DefaultFullHttpRequest(decodeResult: success, version: HTTP/1.1, content: EmptyByteBufBE)
GET /session/cd7b45b524a9a4d4ba67a5c2d3890bfb/element/bdba1361-be04-4e7b-af78-5825f1f4dcc5/name HTTP/1.1
User-Agent: selenium/4.1.2 (java windows)
Cache-Control: no-cache
Content-Type: application/json; charset=utf-8
host: localhost:60024
accept: */*

Response DefaultHttpResponse(decodeResult: success, version: HTTP/1.1)
HTTP/1.1 200 OK
Content-Type: application/json; charset=utf-8
cache-control: no-cache
content-length: 15

12:22:26.811 [AsyncHttpClient-1-14] DEBUG org.asynchttpclient.netty.channel.ChannelManager - Adding key: http://localhost:60024 for channel [id: 0x3e39a358, L:/127.0.0.1:50046 - R:localhost/127.0.0.1:60024]
12:22:26.812 [Forwarding getElementTagName on session cd7b45b524a9a4d4ba67a5c2d3890bfb to remote] DEBUG org.asynchttpclient.netty.request.NettyRequestSender - Using pooled Channel '[id: 0x3e39a358, L:/127.0.0.1:50046 - R:localhost/127.0.0.1:60024]' for 'GET' to 'http://localhost:60024/session/cd7b45b524a9a4d4ba67a5c2d3890bfb/element/bdba1361-be04-4e7b-af78-5825f1f4dcc5/name'
12:22:26.813 [Forwarding getElementTagName on session cd7b45b524a9a4d4ba67a5c2d3890bfb to remote] DEBUG org.asynchttpclient.netty.request.NettyRequestSender - Using open Channel [id: 0x3e39a358, L:/127.0.0.1:50046 - R:localhost/127.0.0.1:60024] for GET '/session/cd7b45b524a9a4d4ba67a5c2d3890bfb/element/bdba1361-be04-4e7b-af78-5825f1f4dcc5/name'
12:22:26.822 [AsyncHttpClient-1-14] DEBUG org.asynchttpclient.netty.handler.HttpHandler - 

Request DefaultFullHttpRequest(decodeResult: success, version: HTTP/1.1, content: EmptyByteBufBE)
GET /session/cd7b45b524a9a4d4ba67a5c2d3890bfb/element/bdba1361-be04-4e7b-af78-5825f1f4dcc5/name HTTP/1.1
User-Agent: selenium/4.1.2 (java windows)
Cache-Control: no-cache
Content-Type: application/json; charset=utf-8
host: localhost:60024
accept: */*

Response DefaultHttpResponse(decodeResult: success, version: HTTP/1.1)
HTTP/1.1 200 OK
Content-Type: application/json; charset=utf-8
cache-control: no-cache
content-length: 15

12:22:26.822 [AsyncHttpClient-1-14] DEBUG org.asynchttpclient.netty.channel.ChannelManager - Adding key: http://localhost:60024 for channel [id: 0x3e39a358, L:/127.0.0.1:50046 - R:localhost/127.0.0.1:60024]
12:22:26.824 [Forwarding findElement on session cd7b45b524a9a4d4ba67a5c2d3890bfb to remote] DEBUG org.asynchttpclient.netty.request.NettyRequestSender - Using pooled Channel '[id: 0x3e39a358, L:/127.0.0.1:50046 - R:localhost/127.0.0.1:60024]' for 'POST' to 'http://localhost:60024/session/cd7b45b524a9a4d4ba67a5c2d3890bfb/element'
12:22:26.824 [Forwarding findElement on session cd7b45b524a9a4d4ba67a5c2d3890bfb to remote] DEBUG org.asynchttpclient.netty.request.NettyRequestSender - Using open Channel [id: 0x3e39a358, L:/127.0.0.1:50046 - R:localhost/127.0.0.1:60024] for POST '/session/cd7b45b524a9a4d4ba67a5c2d3890bfb/element'
12:22:26.836 [AsyncHttpClient-1-14] DEBUG org.asynchttpclient.netty.handler.HttpHandler - 

Request DefaultHttpRequest(decodeResult: success, version: HTTP/1.1)
POST /session/cd7b45b524a9a4d4ba67a5c2d3890bfb/element HTTP/1.1
User-Agent: selenium/4.1.2 (java windows)
Content-Length: 94
Content-Type: application/json; charset=utf-8
host: localhost:60024
accept: */*

Response DefaultHttpResponse(decodeResult: success, version: HTTP/1.1)
HTTP/1.1 200 OK
Content-Type: application/json; charset=utf-8
cache-control: no-cache
content-length: 88

12:22:26.836 [AsyncHttpClient-1-14] DEBUG org.asynchttpclient.netty.channel.ChannelManager - Adding key: http://localhost:60024 for channel [id: 0x3e39a358, L:/127.0.0.1:50046 - R:localhost/127.0.0.1:60024]
12:22:26.838 [Forwarding clickElement on session cd7b45b524a9a4d4ba67a5c2d3890bfb to remote] DEBUG org.asynchttpclient.netty.request.NettyRequestSender - Using pooled Channel '[id: 0x3e39a358, L:/127.0.0.1:50046 - R:localhost/127.0.0.1:60024]' for 'POST' to 'http://localhost:60024/session/cd7b45b524a9a4d4ba67a5c2d3890bfb/element/bdba1361-be04-4e7b-af78-5825f1f4dcc5/click'
12:22:26.838 [Forwarding clickElement on session cd7b45b524a9a4d4ba67a5c2d3890bfb to remote] DEBUG org.asynchttpclient.netty.request.NettyRequestSender - Using open Channel [id: 0x3e39a358, L:/127.0.0.1:50046 - R:localhost/127.0.0.1:60024] for POST '/session/cd7b45b524a9a4d4ba67a5c2d3890bfb/element/bdba1361-be04-4e7b-af78-5825f1f4dcc5/click'
12:22:26.918 [AsyncHttpClient-1-14] DEBUG org.asynchttpclient.netty.handler.HttpHandler - 

Request DefaultHttpRequest(decodeResult: success, version: HTTP/1.1)
POST /session/cd7b45b524a9a4d4ba67a5c2d3890bfb/element/bdba1361-be04-4e7b-af78-5825f1f4dcc5/click HTTP/1.1
User-Agent: selenium/4.1.2 (java windows)
Content-Length: 50
Content-Type: application/json; charset=utf-8
host: localhost:60024
accept: */*

Response DefaultHttpResponse(decodeResult: success, version: HTTP/1.1)
HTTP/1.1 200 OK
Content-Type: application/json; charset=utf-8
cache-control: no-cache
content-length: 14

12:22:26.919 [AsyncHttpClient-1-14] DEBUG org.asynchttpclient.netty.channel.ChannelManager - Adding key: http://localhost:60024 for channel [id: 0x3e39a358, L:/127.0.0.1:50046 - R:localhost/127.0.0.1:60024]
12:22:26.925 [Forwarding screenshot on session cd7b45b524a9a4d4ba67a5c2d3890bfb to remote] DEBUG org.asynchttpclient.netty.request.NettyRequestSender - Using pooled Channel '[id: 0x3e39a358, L:/127.0.0.1:50046 - R:localhost/127.0.0.1:60024]' for 'GET' to 'http://localhost:60024/session/cd7b45b524a9a4d4ba67a5c2d3890bfb/screenshot'
12:22:26.925 [Forwarding screenshot on session cd7b45b524a9a4d4ba67a5c2d3890bfb to remote] DEBUG org.asynchttpclient.netty.request.NettyRequestSender - Using open Channel [id: 0x3e39a358, L:/127.0.0.1:50046 - R:localhost/127.0.0.1:60024] for GET '/session/cd7b45b524a9a4d4ba67a5c2d3890bfb/screenshot'
12:22:27.179 [AsyncHttpClient-1-14] DEBUG org.asynchttpclient.netty.handler.HttpHandler - 

Request DefaultFullHttpRequest(decodeResult: success, version: HTTP/1.1, content: EmptyByteBufBE)
GET /session/cd7b45b524a9a4d4ba67a5c2d3890bfb/screenshot HTTP/1.1
User-Agent: selenium/4.1.2 (java windows)
Cache-Control: no-cache
Content-Type: application/json; charset=utf-8
host: localhost:60024
accept: */*

Response DefaultHttpResponse(decodeResult: success, version: HTTP/1.1)
HTTP/1.1 200 OK
Content-Type: application/json; charset=utf-8
cache-control: no-cache
content-length: 67556

12:22:27.179 [AsyncHttpClient-1-14] DEBUG org.asynchttpclient.netty.channel.ChannelManager - Adding key: http://localhost:60024 for channel [id: 0x3e39a358, L:/127.0.0.1:50046 - R:localhost/127.0.0.1:60024]
12:22:27.182 [main] DEBUG net.serenitybdd.core.photography.Darkroom - Send negative for processing for target\site\serenity\7496e59c1a9721c30404143e74969ec489bbe07c69833136c2c46913748b9d2a.png
12:22:27.182 [main] DEBUG net.thucydides.core.steps.StepInterceptor - STEP DONE: validateclickselectcategory
  &amp#27;[32mWhen &amp#27;[0m&amp#27;[32mas a user click select category&amp#27;[0m     &amp#27;[90m# starter.definitions.SelectCategorySteps.userclickselectcategory()&amp#27;[0m
12:22:27.182 [Darkroom Processing Line] DEBUG net.serenitybdd.core.photography.DarkroomProcessingLine - Processing screenshot image in /var/screenshots/screenshot-1406049377158080476
12:22:27.183 [Darkroom Processing Line] DEBUG net.serenitybdd.core.photography.DarkroomProcessingLine - Saving screenshot to target\site\serenity\7496e59c1a9721c30404143e74969ec489bbe07c69833136c2c46913748b9d2a.png
12:22:27.197 [main] DEBUG net.thucydides.core.steps.StepInterceptor - STARTING STEP: SelectCategorySteps.userchoosehealtycategory - userchoseehealtycategory
12:22:27.200 [Forwarding findElement on session cd7b45b524a9a4d4ba67a5c2d3890bfb to remote] DEBUG org.asynchttpclient.netty.request.NettyRequestSender - Using pooled Channel '[id: 0x3e39a358, L:/127.0.0.1:50046 - R:localhost/127.0.0.1:60024]' for 'POST' to 'http://localhost:60024/session/cd7b45b524a9a4d4ba67a5c2d3890bfb/element'
12:22:27.200 [Forwarding findElement on session cd7b45b524a9a4d4ba67a5c2d3890bfb to remote] DEBUG org.asynchttpclient.netty.request.NettyRequestSender - Using open Channel [id: 0x3e39a358, L:/127.0.0.1:50046 - R:localhost/127.0.0.1:60024] for POST '/session/cd7b45b524a9a4d4ba67a5c2d3890bfb/element'
12:22:27.219 [AsyncHttpClient-1-14] DEBUG org.asynchttpclient.netty.handler.HttpHandler - 

Request DefaultHttpRequest(decodeResult: success, version: HTTP/1.1)
POST /session/cd7b45b524a9a4d4ba67a5c2d3890bfb/element HTTP/1.1
User-Agent: selenium/4.1.2 (java windows)
Content-Length: 92
Content-Type: application/json; charset=utf-8
host: localhost:60024
accept: */*

Response DefaultHttpResponse(decodeResult: success, version: HTTP/1.1)
HTTP/1.1 200 OK
Content-Type: application/json; charset=utf-8
cache-control: no-cache
content-length: 88

12:22:27.219 [AsyncHttpClient-1-14] DEBUG org.asynchttpclient.netty.channel.ChannelManager - Adding key: http://localhost:60024 for channel [id: 0x3e39a358, L:/127.0.0.1:50046 - R:localhost/127.0.0.1:60024]
12:22:27.221 [Forwarding getElementTagName on session cd7b45b524a9a4d4ba67a5c2d3890bfb to remote] DEBUG org.asynchttpclient.netty.request.NettyRequestSender - Using pooled Channel '[id: 0x3e39a358, L:/127.0.0.1:50046 - R:localhost/127.0.0.1:60024]' for 'GET' to 'http://localhost:60024/session/cd7b45b524a9a4d4ba67a5c2d3890bfb/element/14c07932-41ea-4d9d-8c07-6597e08fdb0c/name'
12:22:27.221 [Forwarding getElementTagName on session cd7b45b524a9a4d4ba67a5c2d3890bfb to remote] DEBUG org.asynchttpclient.netty.request.NettyRequestSender - Using open Channel [id: 0x3e39a358, L:/127.0.0.1:50046 - R:localhost/127.0.0.1:60024] for GET '/session/cd7b45b524a9a4d4ba67a5c2d3890bfb/element/14c07932-41ea-4d9d-8c07-6597e08fdb0c/name'
12:22:27.231 [AsyncHttpClient-1-14] DEBUG org.asynchttpclient.netty.handler.HttpHandler - 

Request DefaultFullHttpRequest(decodeResult: success, version: HTTP/1.1, content: EmptyByteBufBE)
GET /session/cd7b45b524a9a4d4ba67a5c2d3890bfb/element/14c07932-41ea-4d9d-8c07-6597e08fdb0c/name HTTP/1.1
User-Agent: selenium/4.1.2 (java windows)
Cache-Control: no-cache
Content-Type: application/json; charset=utf-8
host: localhost:60024
accept: */*

Response DefaultHttpResponse(decodeResult: success, version: HTTP/1.1)
HTTP/1.1 200 OK
Content-Type: application/json; charset=utf-8
cache-control: no-cache
content-length: 15

12:22:27.231 [AsyncHttpClient-1-14] DEBUG org.asynchttpclient.netty.channel.ChannelManager - Adding key: http://localhost:60024 for channel [id: 0x3e39a358, L:/127.0.0.1:50046 - R:localhost/127.0.0.1:60024]
12:22:27.233 [Forwarding getElementTagName on session cd7b45b524a9a4d4ba67a5c2d3890bfb to remote] DEBUG org.asynchttpclient.netty.request.NettyRequestSender - Using pooled Channel '[id: 0x3e39a358, L:/127.0.0.1:50046 - R:localhost/127.0.0.1:60024]' for 'GET' to 'http://localhost:60024/session/cd7b45b524a9a4d4ba67a5c2d3890bfb/element/14c07932-41ea-4d9d-8c07-6597e08fdb0c/name'
12:22:27.233 [Forwarding getElementTagName on session cd7b45b524a9a4d4ba67a5c2d3890bfb to remote] DEBUG org.asynchttpclient.netty.request.NettyRequestSender - Using open Channel [id: 0x3e39a358, L:/127.0.0.1:50046 - R:localhost/127.0.0.1:60024] for GET '/session/cd7b45b524a9a4d4ba67a5c2d3890bfb/element/14c07932-41ea-4d9d-8c07-6597e08fdb0c/name'
12:22:27.244 [AsyncHttpClient-1-14] DEBUG org.asynchttpclient.netty.handler.HttpHandler - 

Request DefaultFullHttpRequest(decodeResult: success, version: HTTP/1.1, content: EmptyByteBufBE)
GET /session/cd7b45b524a9a4d4ba67a5c2d3890bfb/element/14c07932-41ea-4d9d-8c07-6597e08fdb0c/name HTTP/1.1
User-Agent: selenium/4.1.2 (java windows)
Cache-Control: no-cache
Content-Type: application/json; charset=utf-8
host: localhost:60024
accept: */*

Response DefaultHttpResponse(decodeResult: success, version: HTTP/1.1)
HTTP/1.1 200 OK
Content-Type: application/json; charset=utf-8
cache-control: no-cache
content-length: 15

12:22:27.244 [AsyncHttpClient-1-14] DEBUG org.asynchttpclient.netty.channel.ChannelManager - Adding key: http://localhost:60024 for channel [id: 0x3e39a358, L:/127.0.0.1:50046 - R:localhost/127.0.0.1:60024]
12:22:27.246 [Forwarding findElement on session cd7b45b524a9a4d4ba67a5c2d3890bfb to remote] DEBUG org.asynchttpclient.netty.request.NettyRequestSender - Using pooled Channel '[id: 0x3e39a358, L:/127.0.0.1:50046 - R:localhost/127.0.0.1:60024]' for 'POST' to 'http://localhost:60024/session/cd7b45b524a9a4d4ba67a5c2d3890bfb/element'
12:22:27.246 [Forwarding findElement on session cd7b45b524a9a4d4ba67a5c2d3890bfb to remote] DEBUG org.asynchttpclient.netty.request.NettyRequestSender - Using open Channel [id: 0x3e39a358, L:/127.0.0.1:50046 - R:localhost/127.0.0.1:60024] for POST '/session/cd7b45b524a9a4d4ba67a5c2d3890bfb/element'
12:22:27.261 [AsyncHttpClient-1-14] DEBUG org.asynchttpclient.netty.handler.HttpHandler - 

Request DefaultHttpRequest(decodeResult: success, version: HTTP/1.1)
POST /session/cd7b45b524a9a4d4ba67a5c2d3890bfb/element HTTP/1.1
User-Agent: selenium/4.1.2 (java windows)
Content-Length: 92
Content-Type: application/json; charset=utf-8
host: localhost:60024
accept: */*

Response DefaultHttpResponse(decodeResult: success, version: HTTP/1.1)
HTTP/1.1 200 OK
Content-Type: application/json; charset=utf-8
cache-control: no-cache
content-length: 88

12:22:27.262 [AsyncHttpClient-1-14] DEBUG org.asynchttpclient.netty.channel.ChannelManager - Adding key: http://localhost:60024 for channel [id: 0x3e39a358, L:/127.0.0.1:50046 - R:localhost/127.0.0.1:60024]
12:22:27.263 [Forwarding clickElement on session cd7b45b524a9a4d4ba67a5c2d3890bfb to remote] DEBUG org.asynchttpclient.netty.request.NettyRequestSender - Using pooled Channel '[id: 0x3e39a358, L:/127.0.0.1:50046 - R:localhost/127.0.0.1:60024]' for 'POST' to 'http://localhost:60024/session/cd7b45b524a9a4d4ba67a5c2d3890bfb/element/14c07932-41ea-4d9d-8c07-6597e08fdb0c/click'
12:22:27.263 [Forwarding clickElement on session cd7b45b524a9a4d4ba67a5c2d3890bfb to remote] DEBUG org.asynchttpclient.netty.request.NettyRequestSender - Using open Channel [id: 0x3e39a358, L:/127.0.0.1:50046 - R:localhost/127.0.0.1:60024] for POST '/session/cd7b45b524a9a4d4ba67a5c2d3890bfb/element/14c07932-41ea-4d9d-8c07-6597e08fdb0c/click'
12:22:27.322 [AsyncHttpClient-1-1] DEBUG org.asynchttpclient.netty.channel.DefaultChannelPool - Entry count for : http://localhost:50047 : 1
12:22:27.384 [AsyncHttpClient-1-14] DEBUG org.asynchttpclient.netty.handler.HttpHandler - 

Request DefaultHttpRequest(decodeResult: success, version: HTTP/1.1)
POST /session/cd7b45b524a9a4d4ba67a5c2d3890bfb/element/14c07932-41ea-4d9d-8c07-6597e08fdb0c/click HTTP/1.1
User-Agent: selenium/4.1.2 (java windows)
Content-Length: 50
Content-Type: application/json; charset=utf-8
host: localhost:60024
accept: */*

Response DefaultHttpResponse(decodeResult: success, version: HTTP/1.1)
HTTP/1.1 200 OK
Content-Type: application/json; charset=utf-8
cache-control: no-cache
content-length: 14

12:22:27.384 [AsyncHttpClient-1-14] DEBUG org.asynchttpclient.netty.channel.ChannelManager - Adding key: http://localhost:60024 for channel [id: 0x3e39a358, L:/127.0.0.1:50046 - R:localhost/127.0.0.1:60024]
12:22:27.390 [Forwarding screenshot on session cd7b45b524a9a4d4ba67a5c2d3890bfb to remote] DEBUG org.asynchttpclient.netty.request.NettyRequestSender - Using pooled Channel '[id: 0x3e39a358, L:/127.0.0.1:50046 - R:localhost/127.0.0.1:60024]' for 'GET' to 'http://localhost:60024/session/cd7b45b524a9a4d4ba67a5c2d3890bfb/screenshot'
12:22:27.390 [Forwarding screenshot on session cd7b45b524a9a4d4ba67a5c2d3890bfb to remote] DEBUG org.asynchttpclient.netty.request.NettyRequestSender - Using open Channel [id: 0x3e39a358, L:/127.0.0.1:50046 - R:localhost/127.0.0.1:60024] for GET '/session/cd7b45b524a9a4d4ba67a5c2d3890bfb/screenshot'
12:22:27.562 [AsyncHttpClient-1-14] DEBUG org.asynchttpclient.netty.handler.HttpHandler - 

Request DefaultFullHttpRequest(decodeResult: success, version: HTTP/1.1, content: EmptyByteBufBE)
GET /session/cd7b45b524a9a4d4ba67a5c2d3890bfb/screenshot HTTP/1.1
User-Agent: selenium/4.1.2 (java windows)
Cache-Control: no-cache
Content-Type: application/json; charset=utf-8
host: localhost:60024
accept: */*

Response DefaultHttpResponse(decodeResult: success, version: HTTP/1.1)
HTTP/1.1 200 OK
Content-Type: application/json; charset=utf-8
cache-control: no-cache
content-length: 35060

12:22:27.562 [AsyncHttpClient-1-14] DEBUG org.asynchttpclient.netty.channel.ChannelManager - Adding key: http://localhost:60024 for channel [id: 0x3e39a358, L:/127.0.0.1:50046 - R:localhost/127.0.0.1:60024]
12:22:27.564 [main] DEBUG net.serenitybdd.core.photography.Darkroom - Send negative for processing for target\site\serenity\c7f04478a48834072c8b913f7435cc1a152074bbc3476f22cad9186a6e8e2502.png
12:22:27.564 [main] DEBUG net.thucydides.core.steps.StepInterceptor - STEP DONE: userchoseehealtycategory
  &amp#27;[32mAnd &amp#27;[0m&amp#27;[32muser choose healty category&amp#27;[0m          &amp#27;[90m# starter.definitions.SelectCategorySteps.userchoosehealtycategory()&amp#27;[0m
12:22:27.565 [Darkroom Processing Line] DEBUG net.serenitybdd.core.photography.DarkroomProcessingLine - Processing screenshot image in /var/screenshots/screenshot-13984373418088967417
12:22:27.565 [Darkroom Processing Line] DEBUG net.serenitybdd.core.photography.DarkroomProcessingLine - Saving screenshot to target\site\serenity\c7f04478a48834072c8b913f7435cc1a152074bbc3476f22cad9186a6e8e2502.png
12:22:27.579 [main] DEBUG net.thucydides.core.steps.StepInterceptor - STARTING STEP: SelectCategorySteps.sucsessclickhealtycategory - userclickcategory
12:22:27.582 [Forwarding findElement on session cd7b45b524a9a4d4ba67a5c2d3890bfb to remote] DEBUG org.asynchttpclient.netty.request.NettyRequestSender - Using pooled Channel '[id: 0x3e39a358, L:/127.0.0.1:50046 - R:localhost/127.0.0.1:60024]' for 'POST' to 'http://localhost:60024/session/cd7b45b524a9a4d4ba67a5c2d3890bfb/element'
12:22:27.582 [Forwarding findElement on session cd7b45b524a9a4d4ba67a5c2d3890bfb to remote] DEBUG org.asynchttpclient.netty.request.NettyRequestSender - Using open Channel [id: 0x3e39a358, L:/127.0.0.1:50046 - R:localhost/127.0.0.1:60024] for POST '/session/cd7b45b524a9a4d4ba67a5c2d3890bfb/element'
12:22:27.597 [AsyncHttpClient-1-14] DEBUG org.asynchttpclient.netty.handler.HttpHandler - 

Request DefaultHttpRequest(decodeResult: success, version: HTTP/1.1)
POST /session/cd7b45b524a9a4d4ba67a5c2d3890bfb/element HTTP/1.1
User-Agent: selenium/4.1.2 (java windows)
Content-Length: 88
Content-Type: application/json; charset=utf-8
host: localhost:60024
accept: */*

Response DefaultHttpResponse(decodeResult: success, version: HTTP/1.1)
HTTP/1.1 200 OK
Content-Type: application/json; charset=utf-8
cache-control: no-cache
content-length: 88

12:22:27.597 [AsyncHttpClient-1-14] DEBUG org.asynchttpclient.netty.channel.ChannelManager - Adding key: http://localhost:60024 for channel [id: 0x3e39a358, L:/127.0.0.1:50046 - R:localhost/127.0.0.1:60024]
12:22:27.599 [Forwarding getElementTagName on session cd7b45b524a9a4d4ba67a5c2d3890bfb to remote] DEBUG org.asynchttpclient.netty.request.NettyRequestSender - Using pooled Channel '[id: 0x3e39a358, L:/127.0.0.1:50046 - R:localhost/127.0.0.1:60024]' for 'GET' to 'http://localhost:60024/session/cd7b45b524a9a4d4ba67a5c2d3890bfb/element/20c960af-23f7-4841-8f46-b490a8902f09/name'
12:22:27.599 [Forwarding getElementTagName on session cd7b45b524a9a4d4ba67a5c2d3890bfb to remote] DEBUG org.asynchttpclient.netty.request.NettyRequestSender - Using open Channel [id: 0x3e39a358, L:/127.0.0.1:50046 - R:localhost/127.0.0.1:60024] for GET '/session/cd7b45b524a9a4d4ba67a5c2d3890bfb/element/20c960af-23f7-4841-8f46-b490a8902f09/name'
12:22:27.609 [AsyncHttpClient-1-14] DEBUG org.asynchttpclient.netty.handler.HttpHandler - 

Request DefaultFullHttpRequest(decodeResult: success, version: HTTP/1.1, content: EmptyByteBufBE)
GET /session/cd7b45b524a9a4d4ba67a5c2d3890bfb/element/20c960af-23f7-4841-8f46-b490a8902f09/name HTTP/1.1
User-Agent: selenium/4.1.2 (java windows)
Cache-Control: no-cache
Content-Type: application/json; charset=utf-8
host: localhost:60024
accept: */*

Response DefaultHttpResponse(decodeResult: success, version: HTTP/1.1)
HTTP/1.1 200 OK
Content-Type: application/json; charset=utf-8
cache-control: no-cache
content-length: 15

12:22:27.609 [AsyncHttpClient-1-14] DEBUG org.asynchttpclient.netty.channel.ChannelManager - Adding key: http://localhost:60024 for channel [id: 0x3e39a358, L:/127.0.0.1:50046 - R:localhost/127.0.0.1:60024]
12:22:27.611 [Forwarding getElementTagName on session cd7b45b524a9a4d4ba67a5c2d3890bfb to remote] DEBUG org.asynchttpclient.netty.request.NettyRequestSender - Using pooled Channel '[id: 0x3e39a358, L:/127.0.0.1:50046 - R:localhost/127.0.0.1:60024]' for 'GET' to 'http://localhost:60024/session/cd7b45b524a9a4d4ba67a5c2d3890bfb/element/20c960af-23f7-4841-8f46-b490a8902f09/name'
12:22:27.611 [Forwarding getElementTagName on session cd7b45b524a9a4d4ba67a5c2d3890bfb to remote] DEBUG org.asynchttpclient.netty.request.NettyRequestSender - Using open Channel [id: 0x3e39a358, L:/127.0.0.1:50046 - R:localhost/127.0.0.1:60024] for GET '/session/cd7b45b524a9a4d4ba67a5c2d3890bfb/element/20c960af-23f7-4841-8f46-b490a8902f09/name'
12:22:27.619 [AsyncHttpClient-1-14] DEBUG org.asynchttpclient.netty.handler.HttpHandler - 

Request DefaultFullHttpRequest(decodeResult: success, version: HTTP/1.1, content: EmptyByteBufBE)
GET /session/cd7b45b524a9a4d4ba67a5c2d3890bfb/element/20c960af-23f7-4841-8f46-b490a8902f09/name HTTP/1.1
User-Agent: selenium/4.1.2 (java windows)
Cache-Control: no-cache
Content-Type: application/json; charset=utf-8
host: localhost:60024
accept: */*

Response DefaultHttpResponse(decodeResult: success, version: HTTP/1.1)
HTTP/1.1 200 OK
Content-Type: application/json; charset=utf-8
cache-control: no-cache
content-length: 15

12:22:27.619 [AsyncHttpClient-1-14] DEBUG org.asynchttpclient.netty.channel.ChannelManager - Adding key: http://localhost:60024 for channel [id: 0x3e39a358, L:/127.0.0.1:50046 - R:localhost/127.0.0.1:60024]
12:22:27.623 [Forwarding findElement on session cd7b45b524a9a4d4ba67a5c2d3890bfb to remote] DEBUG org.asynchttpclient.netty.request.NettyRequestSender - Using pooled Channel '[id: 0x3e39a358, L:/127.0.0.1:50046 - R:localhost/127.0.0.1:60024]' for 'POST' to 'http://localhost:60024/session/cd7b45b524a9a4d4ba67a5c2d3890bfb/element'
12:22:27.623 [Forwarding findElement on session cd7b45b524a9a4d4ba67a5c2d3890bfb to remote] DEBUG org.asynchttpclient.netty.request.NettyRequestSender - Using open Channel [id: 0x3e39a358, L:/127.0.0.1:50046 - R:localhost/127.0.0.1:60024] for POST '/session/cd7b45b524a9a4d4ba67a5c2d3890bfb/element'
12:22:27.635 [AsyncHttpClient-1-14] DEBUG org.asynchttpclient.netty.handler.HttpHandler - 

Request DefaultHttpRequest(decodeResult: success, version: HTTP/1.1)
POST /session/cd7b45b524a9a4d4ba67a5c2d3890bfb/element HTTP/1.1
User-Agent: selenium/4.1.2 (java windows)
Content-Length: 88
Content-Type: application/json; charset=utf-8
host: localhost:60024
accept: */*

Response DefaultHttpResponse(decodeResult: success, version: HTTP/1.1)
HTTP/1.1 200 OK
Content-Type: application/json; charset=utf-8
cache-control: no-cache
content-length: 88

12:22:27.635 [AsyncHttpClient-1-14] DEBUG org.asynchttpclient.netty.channel.ChannelManager - Adding key: http://localhost:60024 for channel [id: 0x3e39a358, L:/127.0.0.1:50046 - R:localhost/127.0.0.1:60024]
12:22:27.637 [Forwarding clickElement on session cd7b45b524a9a4d4ba67a5c2d3890bfb to remote] DEBUG org.asynchttpclient.netty.request.NettyRequestSender - Using pooled Channel '[id: 0x3e39a358, L:/127.0.0.1:50046 - R:localhost/127.0.0.1:60024]' for 'POST' to 'http://localhost:60024/session/cd7b45b524a9a4d4ba67a5c2d3890bfb/element/20c960af-23f7-4841-8f46-b490a8902f09/click'
12:22:27.637 [Forwarding clickElement on session cd7b45b524a9a4d4ba67a5c2d3890bfb to remote] DEBUG org.asynchttpclient.netty.request.NettyRequestSender - Using open Channel [id: 0x3e39a358, L:/127.0.0.1:50046 - R:localhost/127.0.0.1:60024] for POST '/session/cd7b45b524a9a4d4ba67a5c2d3890bfb/element/20c960af-23f7-4841-8f46-b490a8902f09/click'
12:22:27.690 [AsyncHttpClient-1-14] DEBUG org.asynchttpclient.netty.handler.HttpHandler - 

Request DefaultHttpRequest(decodeResult: success, version: HTTP/1.1)
POST /session/cd7b45b524a9a4d4ba67a5c2d3890bfb/element/20c960af-23f7-4841-8f46-b490a8902f09/click HTTP/1.1
User-Agent: selenium/4.1.2 (java windows)
Content-Length: 50
Content-Type: application/json; charset=utf-8
host: localhost:60024
accept: */*

Response DefaultHttpResponse(decodeResult: success, version: HTTP/1.1)
HTTP/1.1 200 OK
Content-Type: application/json; charset=utf-8
cache-control: no-cache
content-length: 14

12:22:27.690 [AsyncHttpClient-1-14] DEBUG org.asynchttpclient.netty.channel.ChannelManager - Adding key: http://localhost:60024 for channel [id: 0x3e39a358, L:/127.0.0.1:50046 - R:localhost/127.0.0.1:60024]
12:22:27.696 [Forwarding screenshot on session cd7b45b524a9a4d4ba67a5c2d3890bfb to remote] DEBUG org.asynchttpclient.netty.request.NettyRequestSender - Using pooled Channel '[id: 0x3e39a358, L:/127.0.0.1:50046 - R:localhost/127.0.0.1:60024]' for 'GET' to 'http://localhost:60024/session/cd7b45b524a9a4d4ba67a5c2d3890bfb/screenshot'
12:22:27.696 [Forwarding screenshot on session cd7b45b524a9a4d4ba67a5c2d3890bfb to remote] DEBUG org.asynchttpclient.netty.request.NettyRequestSender - Using open Channel [id: 0x3e39a358, L:/127.0.0.1:50046 - R:localhost/127.0.0.1:60024] for GET '/session/cd7b45b524a9a4d4ba67a5c2d3890bfb/screenshot'
12:22:27.875 [AsyncHttpClient-1-14] DEBUG org.asynchttpclient.netty.handler.HttpHandler - 

Request DefaultFullHttpRequest(decodeResult: success, version: HTTP/1.1, content: EmptyByteBufBE)
GET /session/cd7b45b524a9a4d4ba67a5c2d3890bfb/screenshot HTTP/1.1
User-Agent: selenium/4.1.2 (java windows)
Cache-Control: no-cache
Content-Type: application/json; charset=utf-8
host: localhost:60024
accept: */*

Response DefaultHttpResponse(decodeResult: success, version: HTTP/1.1)
HTTP/1.1 200 OK
Content-Type: application/json; charset=utf-8
cache-control: no-cache
content-length: 33928

12:22:27.875 [AsyncHttpClient-1-14] DEBUG org.asynchttpclient.netty.channel.ChannelManager - Adding key: http://localhost:60024 for channel [id: 0x3e39a358, L:/127.0.0.1:50046 - R:localhost/127.0.0.1:60024]
12:22:27.877 [main] DEBUG net.serenitybdd.core.photography.Darkroom - Send negative for processing for target\site\serenity\05f86e486a737028b88e93fe75c1541293b56cb76b6250d26e3d87b4633cd8fc.png
12:22:27.877 [main] DEBUG net.thucydides.core.steps.StepInterceptor - STEP DONE: userclickcategory
  &amp#27;[32mThen &amp#27;[0m&amp#27;[32mUser sucsess click healty category&amp#27;[0m  &amp#27;[90m# starter.definitions.SelectCategorySteps.sucsessclickhealtycategory()&amp#27;[0m
12:22:27.878 [Darkroom Processing Line] DEBUG net.serenitybdd.core.photography.DarkroomProcessingLine - Processing screenshot image in /var/screenshots/screenshot-13262833630919636471
12:22:27.878 [Darkroom Processing Line] DEBUG net.serenitybdd.core.photography.DarkroomProcessingLine - Saving screenshot to target\site\serenity\05f86e486a737028b88e93fe75c1541293b56cb76b6250d26e3d87b4633cd8fc.png
12:22:27.882 [main] INFO  - 
  _____   ___   ___   _____     ___     _     ___   ___   ___   ___  
 |_   _| | __| / __| |_   _|   | _ \   /_\   / __| / __| | __| |   \ 
   | |   | _|  \__ \   | |     |  _/  / _ \  \__ \ \__ \ | _|  | |) |
   |_|   |___| |___/   |_|     |_|   /_/ \_\ |___/ |___/ |___| |___/ 

as a user choose helath category
----------------------------------------------------------------------
12:22:27.884 [AsyncHttpClient-1-16] DEBUG org.asynchttpclient.netty.handler.WebSocketHandler - Channel Closed: [id: 0x8a22a24f, L:/127.0.0.1:50054 ! R:localhost/127.0.0.1:50047] with attribute NettyResponseFuture{currentRetry=5,
	isDone=1,
	isCancelled=0,
	asyncHandler=org.asynchttpclient.ws.WebSocketUpgradeHandler@5f7af720,
	nettyRequest=org.asynchttpclient.netty.request.NettyRequest@1a7872ab,
	future=java.util.concurrent.CompletableFuture@5bd90da8[Completed normally],
	uri=ws://localhost:50047/devtools/browser/0e0dd1fc-af64-46db-99c1-93bb49396f5e,
	keepAlive=true,
	redirectCount=0,
	timeoutsHolder=null,
	inAuth=0,
	touch=1652242945171}
12:22:27.884 [AsyncHttpClient-1-16] DEBUG org.asynchttpclient.netty.channel.ChannelManager - Closing Channel [id: 0x8a22a24f, L:/127.0.0.1:50054 ! R:localhost/127.0.0.1:50047] 
12:22:27.886 [Driver Command Executor] DEBUG org.asynchttpclient.netty.request.NettyRequestSender - Using pooled Channel '[id: 0x3e39a358, L:/127.0.0.1:50046 - R:localhost/127.0.0.1:60024]' for 'DELETE' to 'http://localhost:60024/session/cd7b45b524a9a4d4ba67a5c2d3890bfb'
12:22:27.886 [Driver Command Executor] DEBUG org.asynchttpclient.netty.request.NettyRequestSender - Using open Channel [id: 0x3e39a358, L:/127.0.0.1:50046 - R:localhost/127.0.0.1:60024] for DELETE '/session/cd7b45b524a9a4d4ba67a5c2d3890bfb'
12:22:28.072 [AsyncHttpClient-1-15] DEBUG org.asynchttpclient.netty.handler.HttpHandler - Unexpected I/O exception on channel [id: 0x533a0da1, L:/127.0.0.1:50053 - R:localhost/127.0.0.1:50047]
java.net.SocketException: Connection reset
	at java.base/sun.nio.ch.SocketChannelImpl.throwConnectionReset(SocketChannelImpl.java:394)
	at java.base/sun.nio.ch.SocketChannelImpl.read(SocketChannelImpl.java:426)
	at io.netty.buffer.PooledByteBuf.setBytes(PooledByteBuf.java:258)
	at io.netty.buffer.AbstractByteBuf.writeBytes(AbstractByteBuf.java:1132)
	at io.netty.channel.socket.nio.NioSocketChannel.doReadBytes(NioSocketChannel.java:350)
	at io.netty.channel.nio.AbstractNioByteChannel$NioByteUnsafe.read(AbstractNioByteChannel.java:151)
	at io.netty.channel.nio.NioEventLoop.processSelectedKey(NioEventLoop.java:722)
	at io.netty.channel.nio.NioEventLoop.processSelectedKeysOptimized(NioEventLoop.java:658)
	at io.netty.channel.nio.NioEventLoop.processSelectedKeys(NioEventLoop.java:584)
	at io.netty.channel.nio.NioEventLoop.run(NioEventLoop.java:496)
	at io.netty.util.concurrent.SingleThreadEventExecutor$4.run(SingleThreadEventExecutor.java:986)
	at io.netty.util.internal.ThreadExecutorMap$2.run(ThreadExecutorMap.java:74)
	at io.netty.util.concurrent.FastThreadLocalRunnable.run(FastThreadLocalRunnable.java:30)
	at java.base/java.lang.Thread.run(Thread.java:833)
12:22:28.072 [AsyncHttpClient-1-15] DEBUG org.asynchttpclient.netty.channel.ChannelManager - Closing Channel [id: 0x533a0da1, L:/127.0.0.1:50053 - R:localhost/127.0.0.1:50047] 
12:22:28.073 [AsyncHttpClient-1-15] DEBUG org.asynchttpclient.netty.handler.HttpHandler - Channel Closed: [id: 0x533a0da1, L:/127.0.0.1:50053 ! R:localhost/127.0.0.1:50047] with attribute DISCARD
12:22:28.088 [AsyncHttpClient-1-14] DEBUG org.asynchttpclient.netty.handler.HttpHandler - 

Request DefaultFullHttpRequest(decodeResult: success, version: HTTP/1.1, content: EmptyByteBufBE)
DELETE /session/cd7b45b524a9a4d4ba67a5c2d3890bfb HTTP/1.1
User-Agent: selenium/4.1.2 (java windows)
Content-Type: application/json; charset=utf-8
host: localhost:60024
accept: */*

Response DefaultHttpResponse(decodeResult: success, version: HTTP/1.1)
HTTP/1.1 200 OK
Content-Type: application/json; charset=utf-8
cache-control: no-cache
content-length: 14

12:22:28.088 [AsyncHttpClient-1-14] DEBUG org.asynchttpclient.netty.channel.ChannelManager - Adding key: http://localhost:60024 for channel [id: 0x3e39a358, L:/127.0.0.1:50046 - R:localhost/127.0.0.1:60024]
12:22:28.432 [AsyncHttpClient-1-1] DEBUG org.asynchttpclient.netty.channel.DefaultChannelPool - Entry count for : http://localhost:60024 : 1
12:22:28.432 [AsyncHttpClient-1-1] DEBUG org.asynchttpclient.netty.channel.DefaultChannelPool - Entry count for : http://localhost:50047 : 1
12:22:28.432 [AsyncHttpClient-1-1] DEBUG org.asynchttpclient.netty.channel.DefaultChannelPool - Adding Candidate expired Channel [id: 0x533a0da1, L:/127.0.0.1:50053 ! R:localhost/127.0.0.1:50047] isIdleTimeoutExpired=false isRemotelyClosed=true isTtlExpired=false
12:22:28.432 [AsyncHttpClient-1-1] DEBUG org.asynchttpclient.netty.channel.DefaultChannelPool - Closing Idle Channel [id: 0x533a0da1, L:/127.0.0.1:50053 ! R:localhost/127.0.0.1:50047]
12:22:28.432 [AsyncHttpClient-1-1] DEBUG org.asynchttpclient.netty.channel.DefaultChannelPool - Closed 1 connections out of 2 in 0 ms
12:22:28.607 [AsyncHttpClient-1-14] DEBUG org.asynchttpclient.netty.handler.HttpHandler - Channel Closed: [id: 0x3e39a358, L:/127.0.0.1:50046 ! R:localhost/127.0.0.1:60024] with attribute DISCARD
]]></system-out>
    <system-err><![CDATA[Starting ChromeDriver 101.0.4951.41 (93c720db8323b3ec10d056025ab95c23a31997c9-refs/branch-heads/4951@{#904}) on port 60024
Only local connections are allowed.
Please see https://chromedriver.chromium.org/security-considerations for suggestions on keeping ChromeDriver safe.
ChromeDriver was started successfully.
May 11, 2022 12:22:25 PM org.openqa.selenium.remote.ProtocolHandshake createSession
INFO: Detected dialect: W3C
May 11, 2022 12:22:25 PM org.openqa.selenium.devtools.CdpVersionFinder findNearestMatch
WARNING: Unable to find an exact match for CDP version 101, so returning the closest version found: 97
May 11, 2022 12:22:25 PM org.openqa.selenium.devtools.CdpVersionFinder findNearestMatch
INFO: Found CDP implementation for version 101 of 97
]]></system-err>
  </testcase>
</testsuite>