<?xml version="1.0" encoding="UTF-8"?>
<testsuite xmlns:xsi="http://www.w3.org/2001/XMLSchema-instance" xsi:noNamespaceSchemaLocation="https://maven.apache.org/surefire/maven-failsafe-plugin/xsd/failsafe-test-report-3.0.xsd" version="3.0" name="starter.CucumberTestSuite" time="49.606" tests="5" errors="0" skipped="0" failures="0">
  <properties>
    <property name="java.specification.version" value="17"/>
    <property name="webdriver.chrome.driver" value="C:\Users\Rev\.cache\selenium\chromedriver\win32\101.0.4951.41\chromedriver.exe"/>
    <property name="sun.cpu.isalist" value="amd64"/>
    <property name="sun.jnu.encoding" value="Cp1252"/>
    <property name="java.class.path" value="D:\alta folder\New folder\Web Testing\target\test-classes;C:\Users\Rev\.m2\repository\net\serenity-bdd\serenity-core\3.2.1\serenity-core-3.2.1.jar;C:\Users\Rev\.m2\repository\net\serenity-bdd\serenity-model\3.2.1\serenity-model-3.2.1.jar;C:\Users\Rev\.m2\repository\org\apache\commons\commons-text\1.9\commons-text-1.9.jar;C:\Users\Rev\.m2\repository\commons-net\commons-net\3.8.0\commons-net-3.8.0.jar;C:\Users\Rev\.m2\repository\com\google\guava\guava\31.1-jre\guava-31.1-jre.jar;C:\Users\Rev\.m2\repository\com\google\guava\failureaccess\1.0.1\failureaccess-1.0.1.jar;C:\Users\Rev\.m2\repository\com\google\guava\listenablefuture\9999.0-empty-to-avoid-conflict-with-guava\listenablefuture-9999.0-empty-to-avoid-conflict-with-guava.jar;C:\Users\Rev\.m2\repository\com\google\code\findbugs\jsr305\3.0.2\jsr305-3.0.2.jar;C:\Users\Rev\.m2\repository\org\checkerframework\checker-qual\3.12.0\checker-qual-3.12.0.jar;C:\Users\Rev\.m2\repository\com\google\errorprone\error_prone_annotations\2.11.0\error_prone_annotations-2.11.0.jar;C:\Users\Rev\.m2\repository\com\google\j2objc\j2objc-annotations\1.3\j2objc-annotations-1.3.jar;C:\Users\Rev\.m2\repository\com\google\inject\guice\5.1.0\guice-5.1.0.jar;C:\Users\Rev\.m2\repository\javax\inject\javax.inject\1\javax.inject-1.jar;C:\Users\Rev\.m2\repository\aopalliance\aopalliance\1.0\aopalliance-1.0.jar;C:\Users\Rev\.m2\repository\org\jsoup\jsoup\1.14.3\jsoup-1.14.3.jar;C:\Users\Rev\.m2\repository\com\thoughtworks\xstream\xstream\1.4.19\xstream-1.4.19.jar;C:\Users\Rev\.m2\repository\io\github\x-stream\mxparser\1.2.2\mxparser-1.2.2.jar;C:\Users\Rev\.m2\repository\xmlpull\xmlpull\1.1.3.1\xmlpull-1.1.3.1.jar;C:\Users\Rev\.m2\repository\io\cucumber\cucumber-java\7.2.3\cucumber-java-7.2.3.jar;C:\Users\Rev\.m2\repository\com\typesafe\config\1.4.2\config-1.4.2.jar;C:\Users\Rev\.m2\repository\org\imgscalr\imgscalr-lib\4.2\imgscalr-lib-4.2.jar;C:\Users\Rev\.m2\repository\org\awaitility\awaitility\4.2.0\awaitility-4.2.0.jar;C:\Users\Rev\.m2\repository\org\freemarker\freemarker\2.3.31\freemarker-2.3.31.jar;C:\Users\Rev\.m2\repository\io\github\classgraph\classgraph\4.8.138\classgraph-4.8.138.jar;C:\Users\Rev\.m2\repository\net\sourceforge\jexcelapi\jxl\2.6.12\jxl-2.6.12.jar;C:\Users\Rev\.m2\repository\net\bytebuddy\byte-buddy\1.12.8\byte-buddy-1.12.8.jar;C:\Users\Rev\.m2\repository\net\bytebuddy\byte-buddy-agent\1.12.8\byte-buddy-agent-1.12.8.jar;C:\Users\Rev\.m2\repository\org\objenesis\objenesis\3.1\objenesis-3.1.jar;C:\Users\Rev\.m2\repository\net\serenity-bdd\serenity-reports\3.2.1\serenity-reports-3.2.1.jar;C:\Users\Rev\.m2\repository\net\serenity-bdd\serenity-stats\3.2.1\serenity-stats-3.2.1.jar;C:\Users\Rev\.m2\repository\net\serenity-bdd\serenity-reports-configuration\3.2.1\serenity-reports-configuration-3.2.1.jar;C:\Users\Rev\.m2\repository\com\vladsch\flexmark\flexmark-all\0.34.30\flexmark-all-0.34.30.jar;C:\Users\Rev\.m2\repository\com\vladsch\flexmark\flexmark\0.34.30\flexmark-0.34.30.jar;C:\Users\Rev\.m2\repository\com\vladsch\flexmark\flexmark-ext-abbreviation\0.34.30\flexmark-ext-abbreviation-0.34.30.jar;C:\Users\Rev\.m2\repository\com\vladsch\flexmark\flexmark-ext-admonition\0.34.30\flexmark-ext-admonition-0.34.30.jar;C:\Users\Rev\.m2\repository\com\vladsch\flexmark\flexmark-ext-anchorlink\0.34.30\flexmark-ext-anchorlink-0.34.30.jar;C:\Users\Rev\.m2\repository\com\vladsch\flexmark\flexmark-ext-aside\0.34.30\flexmark-ext-aside-0.34.30.jar;C:\Users\Rev\.m2\repository\com\vladsch\flexmark\flexmark-ext-attributes\0.34.30\flexmark-ext-attributes-0.34.30.jar;C:\Users\Rev\.m2\repository\com\vladsch\flexmark\flexmark-ext-autolink\0.34.30\flexmark-ext-autolink-0.34.30.jar;C:\Users\Rev\.m2\repository\org\nibor\autolink\autolink\0.6.0\autolink-0.6.0.jar;C:\Users\Rev\.m2\repository\com\vladsch\flexmark\flexmark-ext-definition\0.34.30\flexmark-ext-definition-0.34.30.jar;C:\Users\Rev\.m2\repository\com\vladsch\flexmark\flexmark-ext-emoji\0.34.30\flexmark-ext-emoji-0.34.30.jar;C:\Users\Rev\.m2\repository\com\vladsch\flexmark\flexmark-ext-enumerated-reference\0.34.30\flexmark-ext-enumerated-reference-0.34.30.jar;C:\Users\Rev\.m2\repository\com\vladsch\flexmark\flexmark-ext-escaped-character\0.34.30\flexmark-ext-escaped-character-0.34.30.jar;C:\Users\Rev\.m2\repository\com\vladsch\flexmark\flexmark-ext-footnotes\0.34.30\flexmark-ext-footnotes-0.34.30.jar;C:\Users\Rev\.m2\repository\com\vladsch\flexmark\flexmark-ext-gfm-issues\0.34.30\flexmark-ext-gfm-issues-0.34.30.jar;C:\Users\Rev\.m2\repository\com\vladsch\flexmark\flexmark-ext-gfm-strikethrough\0.34.30\flexmark-ext-gfm-strikethrough-0.34.30.jar;C:\Users\Rev\.m2\repository\com\vladsch\flexmark\flexmark-ext-gfm-tables\0.34.30\flexmark-ext-gfm-tables-0.34.30.jar;C:\Users\Rev\.m2\repository\com\vladsch\flexmark\flexmark-ext-gfm-tasklist\0.34.30\flexmark-ext-gfm-tasklist-0.34.30.jar;C:\Users\Rev\.m2\repository\com\vladsch\flexmark\flexmark-ext-gfm-users\0.34.30\flexmark-ext-gfm-users-0.34.30.jar;C:\Users\Rev\.m2\repository\com\vladsch\flexmark\flexmark-ext-gitlab\0.34.30\flexmark-ext-gitlab-0.34.30.jar;C:\Users\Rev\.m2\repository\com\vladsch\flexmark\flexmark-ext-jekyll-front-matter\0.34.30\flexmark-ext-jekyll-front-matter-0.34.30.jar;C:\Users\Rev\.m2\repository\com\vladsch\flexmark\flexmark-ext-jekyll-tag\0.34.30\flexmark-ext-jekyll-tag-0.34.30.jar;C:\Users\Rev\.m2\repository\com\vladsch\flexmark\flexmark-ext-media-tags\0.34.30\flexmark-ext-media-tags-0.34.30.jar;C:\Users\Rev\.m2\repository\com\vladsch\flexmark\flexmark-test-util\0.34.30\flexmark-test-util-0.34.30.jar;C:\Users\Rev\.m2\repository\com\vladsch\flexmark\flexmark-ext-ins\0.34.30\flexmark-ext-ins-0.34.30.jar;C:\Users\Rev\.m2\repository\com\vladsch\flexmark\flexmark-ext-xwiki-macros\0.34.30\flexmark-ext-xwiki-macros-0.34.30.jar;C:\Users\Rev\.m2\repository\com\vladsch\flexmark\flexmark-ext-superscript\0.34.30\flexmark-ext-superscript-0.34.30.jar;C:\Users\Rev\.m2\repository\com\vladsch\flexmark\flexmark-ext-tables\0.34.30\flexmark-ext-tables-0.34.30.jar;C:\Users\Rev\.m2\repository\com\vladsch\flexmark\flexmark-ext-toc\0.34.30\flexmark-ext-toc-0.34.30.jar;C:\Users\Rev\.m2\repository\com\vladsch\flexmark\flexmark-ext-typographic\0.34.30\flexmark-ext-typographic-0.34.30.jar;C:\Users\Rev\.m2\repository\com\vladsch\flexmark\flexmark-ext-wikilink\0.34.30\flexmark-ext-wikilink-0.34.30.jar;C:\Users\Rev\.m2\repository\com\vladsch\flexmark\flexmark-ext-yaml-front-matter\0.34.30\flexmark-ext-yaml-front-matter-0.34.30.jar;C:\Users\Rev\.m2\repository\com\vladsch\flexmark\flexmark-ext-youtube-embedded\0.34.30\flexmark-ext-youtube-embedded-0.34.30.jar;C:\Users\Rev\.m2\repository\com\vladsch\flexmark\flexmark-formatter\0.34.30\flexmark-formatter-0.34.30.jar;C:\Users\Rev\.m2\repository\com\vladsch\flexmark\flexmark-html-parser\0.34.30\flexmark-html-parser-0.34.30.jar;C:\Users\Rev\.m2\repository\com\vladsch\flexmark\flexmark-jira-converter\0.34.30\flexmark-jira-converter-0.34.30.jar;C:\Users\Rev\.m2\repository\com\vladsch\flexmark\flexmark-pdf-converter\0.34.30\flexmark-pdf-converter-0.34.30.jar;C:\Users\Rev\.m2\repository\com\openhtmltopdf\openhtmltopdf-core\0.0.1-RC13\openhtmltopdf-core-0.0.1-RC13.jar;C:\Users\Rev\.m2\repository\com\openhtmltopdf\openhtmltopdf-pdfbox\0.0.1-RC13\openhtmltopdf-pdfbox-0.0.1-RC13.jar;C:\Users\Rev\.m2\repository\org\apache\pdfbox\pdfbox\2.0.8\pdfbox-2.0.8.jar;C:\Users\Rev\.m2\repository\org\apache\pdfbox\fontbox\2.0.8\fontbox-2.0.8.jar;C:\Users\Rev\.m2\repository\commons-logging\commons-logging\1.2\commons-logging-1.2.jar;C:\Users\Rev\.m2\repository\org\apache\pdfbox\xmpbox\2.0.8\xmpbox-2.0.8.jar;C:\Users\Rev\.m2\repository\de\rototor\pdfbox\graphics2d\0.12\graphics2d-0.12.jar;C:\Users\Rev\.m2\repository\com\openhtmltopdf\openhtmltopdf-rtl-support\0.0.1-RC13\openhtmltopdf-rtl-support-0.0.1-RC13.jar;C:\Users\Rev\.m2\repository\com\ibm\icu\icu4j\59.1\icu4j-59.1.jar;C:\Users\Rev\.m2\repository\com\openhtmltopdf\openhtmltopdf-jsoup-dom-converter\0.0.1-RC13\openhtmltopdf-jsoup-dom-converter-0.0.1-RC13.jar;C:\Users\Rev\.m2\repository\com\vladsch\flexmark\flexmark-profile-pegdown\0.34.30\flexmark-profile-pegdown-0.34.30.jar;C:\Users\Rev\.m2\repository\com\vladsch\flexmark\flexmark-util\0.34.30\flexmark-util-0.34.30.jar;C:\Users\Rev\.m2\repository\com\vladsch\flexmark\flexmark-youtrack-converter\0.34.30\flexmark-youtrack-converter-0.34.30.jar;C:\Users\Rev\.m2\repository\es\nitaur\markdown\txtmark\0.16\txtmark-0.16.jar;C:\Users\Rev\.m2\repository\net\serenity-bdd\serenity-report-resources\3.2.1\serenity-report-resources-3.2.1.jar;C:\Users\Rev\.m2\repository\com\google\code\gson\gson\2.9.0\gson-2.9.0.jar;C:\Users\Rev\.m2\repository\com\fasterxml\jackson\core\jackson-core\2.13.2\jackson-core-2.13.2.jar;C:\Users\Rev\.m2\repository\com\fasterxml\jackson\core\jackson-databind\2.13.2\jackson-databind-2.13.2.jar;C:\Users\Rev\.m2\repository\com\fasterxml\jackson\core\jackson-annotations\2.13.2\jackson-annotations-2.13.2.jar;C:\Users\Rev\.m2\repository\commons-codec\commons-codec\1.15\commons-codec-1.15.jar;C:\Users\Rev\.m2\repository\commons-io\commons-io\2.11.0\commons-io-2.11.0.jar;C:\Users\Rev\.m2\repository\org\seleniumhq\selenium\selenium-java\4.1.2\selenium-java-4.1.2.jar;C:\Users\Rev\.m2\repository\org\seleniumhq\selenium\selenium-devtools-v85\4.1.2\selenium-devtools-v85-4.1.2.jar;C:\Users\Rev\.m2\repository\org\seleniumhq\selenium\selenium-devtools-v95\4.1.2\selenium-devtools-v95-4.1.2.jar;C:\Users\Rev\.m2\repository\org\seleniumhq\selenium\selenium-devtools-v96\4.1.2\selenium-devtools-v96-4.1.2.jar;C:\Users\Rev\.m2\repository\org\seleniumhq\selenium\selenium-devtools-v97\4.1.2\selenium-devtools-v97-4.1.2.jar;C:\Users\Rev\.m2\repository\org\seleniumhq\selenium\selenium-firefox-xpi-driver\4.1.2\selenium-firefox-xpi-driver-4.1.2.jar;C:\Users\Rev\.m2\repository\org\seleniumhq\selenium\selenium-opera-driver\4.1.2\selenium-opera-driver-4.1.2.jar;C:\Users\Rev\.m2\repository\org\seleniumhq\selenium\selenium-remote-driver\4.1.2\selenium-remote-driver-4.1.2.jar;C:\Users\Rev\.m2\repository\com\beust\jcommander\1.82\jcommander-1.82.jar;C:\Users\Rev\.m2\repository\io\netty\netty-buffer\4.1.73.Final\netty-buffer-4.1.73.Final.jar;C:\Users\Rev\.m2\repository\io\netty\netty-codec-http\4.1.73.Final\netty-codec-http-4.1.73.Final.jar;C:\Users\Rev\.m2\repository\io\netty\netty-codec\4.1.73.Final\netty-codec-4.1.73.Final.jar;C:\Users\Rev\.m2\repository\io\netty\netty-handler\4.1.73.Final\netty-handler-4.1.73.Final.jar;C:\Users\Rev\.m2\repository\io\netty\netty-tcnative-classes\2.0.46.Final\netty-tcnative-classes-2.0.46.Final.jar;C:\Users\Rev\.m2\repository\io\netty\netty-common\4.1.73.Final\netty-common-4.1.73.Final.jar;C:\Users\Rev\.m2\repository\io\netty\netty-transport-classes-epoll\4.1.73.Final\netty-transport-classes-epoll-4.1.73.Final.jar;C:\Users\Rev\.m2\repository\io\netty\netty-transport-classes-kqueue\4.1.73.Final\netty-transport-classes-kqueue-4.1.73.Final.jar;C:\Users\Rev\.m2\repository\io\netty\netty-transport-native-epoll\4.1.73.Final\netty-transport-native-epoll-4.1.73.Final.jar;C:\Users\Rev\.m2\repository\io\netty\netty-transport-native-kqueue\4.1.73.Final\netty-transport-native-kqueue-4.1.73.Final.jar;C:\Users\Rev\.m2\repository\io\netty\netty-transport-native-unix-common\4.1.73.Final\netty-transport-native-unix-common-4.1.73.Final.jar;C:\Users\Rev\.m2\repository\io\netty\netty-transport\4.1.73.Final\netty-transport-4.1.73.Final.jar;C:\Users\Rev\.m2\repository\io\netty\netty-resolver\4.1.73.Final\netty-resolver-4.1.73.Final.jar;C:\Users\Rev\.m2\repository\io\opentelemetry\opentelemetry-api\1.10.1\opentelemetry-api-1.10.1.jar;C:\Users\Rev\.m2\repository\io\opentelemetry\opentelemetry-context\1.10.1\opentelemetry-context-1.10.1.jar;C:\Users\Rev\.m2\repository\io\opentelemetry\opentelemetry-exporter-logging\1.10.1\opentelemetry-exporter-logging-1.10.1.jar;C:\Users\Rev\.m2\repository\io\opentelemetry\opentelemetry-sdk-metrics\1.10.1-alpha\opentelemetry-sdk-metrics-1.10.1-alpha.jar;C:\Users\Rev\.m2\repository\io\opentelemetry\opentelemetry-sdk-logs\1.10.1-alpha\opentelemetry-sdk-logs-1.10.1-alpha.jar;C:\Users\Rev\.m2\repository\io\opentelemetry\opentelemetry-sdk-common\1.10.1\opentelemetry-sdk-common-1.10.1.jar;C:\Users\Rev\.m2\repository\io\opentelemetry\opentelemetry-sdk-extension-autoconfigure-spi\1.10.1\opentelemetry-sdk-extension-autoconfigure-spi-1.10.1.jar;C:\Users\Rev\.m2\repository\io\opentelemetry\opentelemetry-sdk-extension-autoconfigure\1.10.1-alpha\opentelemetry-sdk-extension-autoconfigure-1.10.1-alpha.jar;C:\Users\Rev\.m2\repository\io\opentelemetry\opentelemetry-sdk-trace\1.10.1\opentelemetry-sdk-trace-1.10.1.jar;C:\Users\Rev\.m2\repository\io\opentelemetry\opentelemetry-sdk\1.10.1\opentelemetry-sdk-1.10.1.jar;C:\Users\Rev\.m2\repository\io\opentelemetry\opentelemetry-semconv\1.10.1-alpha\opentelemetry-semconv-1.10.1-alpha.jar;C:\Users\Rev\.m2\repository\io\ous\jtoml\2.0.0\jtoml-2.0.0.jar;C:\Users\Rev\.m2\repository\org\apache\commons\commons-exec\1.3\commons-exec-1.3.jar;C:\Users\Rev\.m2\repository\org\asynchttpclient\async-http-client\2.12.3\async-http-client-2.12.3.jar;C:\Users\Rev\.m2\repository\org\asynchttpclient\async-http-client-netty-utils\2.12.3\async-http-client-netty-utils-2.12.3.jar;C:\Users\Rev\.m2\repository\io\netty\netty-codec-socks\4.1.60.Final\netty-codec-socks-4.1.60.Final.jar;C:\Users\Rev\.m2\repository\io\netty\netty-handler-proxy\4.1.60.Final\netty-handler-proxy-4.1.60.Final.jar;C:\Users\Rev\.m2\repository\io\netty\netty-transport-native-epoll\4.1.60.Final\netty-transport-native-epoll-4.1.60.Final-linux-x86_64.jar;C:\Users\Rev\.m2\repository\io\netty\netty-transport-native-kqueue\4.1.60.Final\netty-transport-native-kqueue-4.1.60.Final-osx-x86_64.jar;C:\Users\Rev\.m2\repository\org\reactivestreams\reactive-streams\1.0.3\reactive-streams-1.0.3.jar;C:\Users\Rev\.m2\repository\com\typesafe\netty\netty-reactive-streams\2.0.4\netty-reactive-streams-2.0.4.jar;C:\Users\Rev\.m2\repository\org\seleniumhq\selenium\selenium-http\4.1.2\selenium-http-4.1.2.jar;C:\Users\Rev\.m2\repository\net\jodah\failsafe\2.4.4\failsafe-2.4.4.jar;C:\Users\Rev\.m2\repository\org\seleniumhq\selenium\selenium-safari-driver\4.1.2\selenium-safari-driver-4.1.2.jar;C:\Users\Rev\.m2\repository\org\seleniumhq\selenium\selenium-api\4.1.2\selenium-api-4.1.2.jar;C:\Users\Rev\.m2\repository\org\seleniumhq\selenium\selenium-support\4.1.2\selenium-support-4.1.2.jar;C:\Users\Rev\.m2\repository\com\google\auto\service\auto-service-annotations\1.0.1\auto-service-annotations-1.0.1.jar;C:\Users\Rev\.m2\repository\com\google\auto\service\auto-service\1.0.1\auto-service-1.0.1.jar;C:\Users\Rev\.m2\repository\com\google\auto\auto-common\1.2\auto-common-1.2.jar;C:\Users\Rev\.m2\repository\org\seleniumhq\selenium\selenium-json\4.1.2\selenium-json-4.1.2.jar;C:\Users\Rev\.m2\repository\org\seleniumhq\selenium\selenium-chrome-driver\4.1.2\selenium-chrome-driver-4.1.2.jar;C:\Users\Rev\.m2\repository\org\seleniumhq\selenium\selenium-chromium-driver\4.1.2\selenium-chromium-driver-4.1.2.jar;C:\Users\Rev\.m2\repository\org\seleniumhq\selenium\selenium-firefox-driver\4.1.2\selenium-firefox-driver-4.1.2.jar;C:\Users\Rev\.m2\repository\org\seleniumhq\selenium\selenium-edge-driver\4.1.2\selenium-edge-driver-4.1.2.jar;C:\Users\Rev\.m2\repository\org\seleniumhq\selenium\selenium-ie-driver\4.1.2\selenium-ie-driver-4.1.2.jar;C:\Users\Rev\.m2\repository\org\projectlombok\lombok\1.18.20\lombok-1.18.20.jar;C:\Users\Rev\.m2\repository\io\appium\java-client\8.0.0\java-client-8.0.0.jar;C:\Users\Rev\.m2\repository\commons-validator\commons-validator\1.7\commons-validator-1.7.jar;C:\Users\Rev\.m2\repository\commons-digester\commons-digester\2.1\commons-digester-2.1.jar;C:\Users\Rev\.m2\repository\org\aspectj\aspectjweaver\1.9.8\aspectjweaver-1.9.8.jar;C:\Users\Rev\.m2\repository\org\codehaus\groovy\groovy\3.0.10\groovy-3.0.10.jar;C:\Users\Rev\.m2\repository\net\sf\opencsv\opencsv\2.0\opencsv-2.0.jar;C:\Users\Rev\.m2\repository\commons-beanutils\commons-beanutils\1.9.4\commons-beanutils-1.9.4.jar;C:\Users\Rev\.m2\repository\org\apache\commons\commons-lang3\3.12.0\commons-lang3-3.12.0.jar;C:\Users\Rev\.m2\repository\commons-collections\commons-collections\3.2.2\commons-collections-3.2.2.jar;C:\Users\Rev\.m2\repository\org\fluentlenium\fluentlenium-core\0.10.2\fluentlenium-core-0.10.2.jar;C:\Users\Rev\.m2\repository\io\github\bonigarcia\webdrivermanager\5.1.0\webdrivermanager-5.1.0.jar;C:\Users\Rev\.m2\repository\com\github\docker-java\docker-java\3.2.13\docker-java-3.2.13.jar;C:\Users\Rev\.m2\repository\com\github\docker-java\docker-java-core\3.2.13\docker-java-core-3.2.13.jar;C:\Users\Rev\.m2\repository\com\github\docker-java\docker-java-api\3.2.13\docker-java-api-3.2.13.jar;C:\Users\Rev\.m2\repository\org\apache\commons\commons-compress\1.21\commons-compress-1.21.jar;C:\Users\Rev\.m2\repository\org\bouncycastle\bcpkix-jdk15on\1.64\bcpkix-jdk15on-1.64.jar;C:\Users\Rev\.m2\repository\org\bouncycastle\bcprov-jdk15on\1.64\bcprov-jdk15on-1.64.jar;C:\Users\Rev\.m2\repository\org\slf4j\jcl-over-slf4j\1.7.30\jcl-over-slf4j-1.7.30.jar;C:\Users\Rev\.m2\repository\com\github\docker-java\docker-java-transport-httpclient5\3.2.13\docker-java-transport-httpclient5-3.2.13.jar;C:\Users\Rev\.m2\repository\com\github\docker-java\docker-java-transport\3.2.13\docker-java-transport-3.2.13.jar;C:\Users\Rev\.m2\repository\org\apache\httpcomponents\client5\httpclient5\5.0.3\httpclient5-5.0.3.jar;C:\Users\Rev\.m2\repository\org\apache\httpcomponents\core5\httpcore5\5.0.2\httpcore5-5.0.2.jar;C:\Users\Rev\.m2\repository\net\java\dev\jna\jna\5.8.0\jna-5.8.0.jar;C:\Users\Rev\.m2\repository\org\brotli\dec\0.1.2\dec-0.1.2.jar;C:\Users\Rev\.m2\repository\com\jhlabs\filters\2.0.235\filters-2.0.235.jar;C:\Users\Rev\.m2\repository\com\paulhammant\ngwebdriver\1.1.6\ngwebdriver-1.1.6.jar;C:\Users\Rev\.m2\repository\joda-time\joda-time\2.8.2\joda-time-2.8.2.jar;C:\Users\Rev\.m2\repository\org\hamcrest\hamcrest\2.2\hamcrest-2.2.jar;C:\Users\Rev\.m2\repository\com\google\jimfs\jimfs\1.2\jimfs-1.2.jar;C:\Users\Rev\.m2\repository\org\mockito\mockito-core\3.3.3\mockito-core-3.3.3.jar;C:\Users\Rev\.m2\repository\javax\xml\bind\jaxb-api\2.3.1\jaxb-api-2.3.1.jar;C:\Users\Rev\.m2\repository\javax\activation\javax.activation-api\1.2.0\javax.activation-api-1.2.0.jar;C:\Users\Rev\.m2\repository\com\sun\xml\bind\jaxb-core\2.3.0.1\jaxb-core-2.3.0.1.jar;C:\Users\Rev\.m2\repository\com\sun\xml\bind\jaxb-impl\2.3.3\jaxb-impl-2.3.3.jar;C:\Users\Rev\.m2\repository\jakarta\xml\bind\jakarta.xml.bind-api\2.3.3\jakarta.xml.bind-api-2.3.3.jar;C:\Users\Rev\.m2\repository\com\sun\activation\jakarta.activation\1.2.2\jakarta.activation-1.2.2.jar;C:\Users\Rev\.m2\repository\javax\activation\activation\1.1.1\activation-1.1.1.jar;C:\Users\Rev\.m2\repository\net\serenity-bdd\serenity-cucumber\3.2.1\serenity-cucumber-3.2.1.jar;C:\Users\Rev\.m2\repository\io\cucumber\cucumber-core\7.2.3\cucumber-core-7.2.3.jar;C:\Users\Rev\.m2\repository\io\cucumber\cucumber-gherkin\7.2.3\cucumber-gherkin-7.2.3.jar;C:\Users\Rev\.m2\repository\io\cucumber\cucumber-gherkin-messages\7.2.3\cucumber-gherkin-messages-7.2.3.jar;C:\Users\Rev\.m2\repository\io\cucumber\messages\17.1.1\messages-17.1.1.jar;C:\Users\Rev\.m2\repository\io\cucumber\tag-expressions\4.1.0\tag-expressions-4.1.0.jar;C:\Users\Rev\.m2\repository\io\cucumber\cucumber-expressions\15.0.1\cucumber-expressions-15.0.1.jar;C:\Users\Rev\.m2\repository\io\cucumber\datatable\7.2.3\datatable-7.2.3.jar;C:\Users\Rev\.m2\repository\io\cucumber\cucumber-plugin\7.2.3\cucumber-plugin-7.2.3.jar;C:\Users\Rev\.m2\repository\io\cucumber\docstring\7.2.3\docstring-7.2.3.jar;C:\Users\Rev\.m2\repository\io\cucumber\html-formatter\17.0.0\html-formatter-17.0.0.jar;C:\Users\Rev\.m2\repository\io\cucumber\ci-environment\8.1.0\ci-environment-8.1.0.jar;C:\Users\Rev\.m2\repository\io\cucumber\cucumber-junit\7.2.3\cucumber-junit-7.2.3.jar;C:\Users\Rev\.m2\repository\org\apache\commons\commons-csv\1.5\commons-csv-1.5.jar;C:\Users\Rev\.m2\repository\net\serenity-bdd\serenity-screenplay\3.2.1\serenity-screenplay-3.2.1.jar;C:\Users\Rev\.m2\repository\net\serenity-bdd\serenity-screenplay-webdriver\3.2.1\serenity-screenplay-webdriver-3.2.1.jar;C:\Users\Rev\.m2\repository\net\serenity-bdd\serenity-ensure\3.2.1\serenity-ensure-3.2.1.jar;C:\Users\Rev\.m2\repository\net\serenity-bdd\serenity-junit\3.2.1\serenity-junit-3.2.1.jar;C:\Users\Rev\.m2\repository\org\jetbrains\kotlin\kotlin-stdlib\1.6.0\kotlin-stdlib-1.6.0.jar;C:\Users\Rev\.m2\repository\org\jetbrains\annotations\13.0\annotations-13.0.jar;C:\Users\Rev\.m2\repository\org\jetbrains\kotlin\kotlin-stdlib-common\1.6.0\kotlin-stdlib-common-1.6.0.jar;C:\Users\Rev\.m2\repository\org\junit\platform\junit-platform-launcher\1.8.1\junit-platform-launcher-1.8.1.jar;C:\Users\Rev\.m2\repository\org\junit\platform\junit-platform-engine\1.8.1\junit-platform-engine-1.8.1.jar;C:\Users\Rev\.m2\repository\org\opentest4j\opentest4j\1.2.0\opentest4j-1.2.0.jar;C:\Users\Rev\.m2\repository\org\junit\platform\junit-platform-commons\1.8.1\junit-platform-commons-1.8.1.jar;C:\Users\Rev\.m2\repository\org\apiguardian\apiguardian-api\1.1.2\apiguardian-api-1.1.2.jar;C:\Users\Rev\.m2\repository\org\junit\jupiter\junit-jupiter-engine\5.8.2\junit-jupiter-engine-5.8.2.jar;C:\Users\Rev\.m2\repository\org\junit\jupiter\junit-jupiter-api\5.8.2\junit-jupiter-api-5.8.2.jar;C:\Users\Rev\.m2\repository\org\junit\vintage\junit-vintage-engine\5.8.2\junit-vintage-engine-5.8.2.jar;C:\Users\Rev\.m2\repository\junit\junit\4.13.2\junit-4.13.2.jar;C:\Users\Rev\.m2\repository\org\hamcrest\hamcrest-core\1.3\hamcrest-core-1.3.jar;C:\Users\Rev\.m2\repository\ch\qos\logback\logback-classic\1.2.10\logback-classic-1.2.10.jar;C:\Users\Rev\.m2\repository\ch\qos\logback\logback-core\1.2.10\logback-core-1.2.10.jar;C:\Users\Rev\.m2\repository\org\slf4j\slf4j-api\1.7.32\slf4j-api-1.7.32.jar;C:\Users\Rev\.m2\repository\org\assertj\assertj-core\3.6.2\assertj-core-3.6.2.jar;"/>
    <property name="java.vm.vendor" value="Oracle Corporation"/>
    <property name="sun.arch.data.model" value="64"/>
    <property name="user.variant" value=""/>
    <property name="java.vendor.url" value="https://java.oracle.com/"/>
    <property name="user.timezone" value="Asia/Makassar"/>
    <property name="log4j2.formatMsgNoLookups" value="true"/>
    <property name="os.name" value="Windows 10"/>
    <property name="java.vm.specification.version" value="17"/>
    <property name="sun.java.launcher" value="SUN_STANDARD"/>
    <property name="user.country" value="GB"/>
    <property name="sun.boot.library.path" value="C:\Program Files\Java\jdk-17.0.2\bin"/>
    <property name="sun.java.command" value="org.apache.maven.surefire.booter.ForkedBooter C:\Users\Rev\AppData\Local\Temp\surefire5709882434807061683 2022-05-11T12-11-59_969-jvmRun1 surefire4017835863098603686tmp surefire_011107204911821325832tmp"/>
    <property name="jdk.debug" value="release"/>
    <property name="surefire.test.class.path" value="D:\alta folder\New folder\Web Testing\target\test-classes;C:\Users\Rev\.m2\repository\net\serenity-bdd\serenity-core\3.2.1\serenity-core-3.2.1.jar;C:\Users\Rev\.m2\repository\net\serenity-bdd\serenity-model\3.2.1\serenity-model-3.2.1.jar;C:\Users\Rev\.m2\repository\org\apache\commons\commons-text\1.9\commons-text-1.9.jar;C:\Users\Rev\.m2\repository\commons-net\commons-net\3.8.0\commons-net-3.8.0.jar;C:\Users\Rev\.m2\repository\com\google\guava\guava\31.1-jre\guava-31.1-jre.jar;C:\Users\Rev\.m2\repository\com\google\guava\failureaccess\1.0.1\failureaccess-1.0.1.jar;C:\Users\Rev\.m2\repository\com\google\guava\listenablefuture\9999.0-empty-to-avoid-conflict-with-guava\listenablefuture-9999.0-empty-to-avoid-conflict-with-guava.jar;C:\Users\Rev\.m2\repository\com\google\code\findbugs\jsr305\3.0.2\jsr305-3.0.2.jar;C:\Users\Rev\.m2\repository\org\checkerframework\checker-qual\3.12.0\checker-qual-3.12.0.jar;C:\Users\Rev\.m2\repository\com\google\errorprone\error_prone_annotations\2.11.0\error_prone_annotations-2.11.0.jar;C:\Users\Rev\.m2\repository\com\google\j2objc\j2objc-annotations\1.3\j2objc-annotations-1.3.jar;C:\Users\Rev\.m2\repository\com\google\inject\guice\5.1.0\guice-5.1.0.jar;C:\Users\Rev\.m2\repository\javax\inject\javax.inject\1\javax.inject-1.jar;C:\Users\Rev\.m2\repository\aopalliance\aopalliance\1.0\aopalliance-1.0.jar;C:\Users\Rev\.m2\repository\org\jsoup\jsoup\1.14.3\jsoup-1.14.3.jar;C:\Users\Rev\.m2\repository\com\thoughtworks\xstream\xstream\1.4.19\xstream-1.4.19.jar;C:\Users\Rev\.m2\repository\io\github\x-stream\mxparser\1.2.2\mxparser-1.2.2.jar;C:\Users\Rev\.m2\repository\xmlpull\xmlpull\1.1.3.1\xmlpull-1.1.3.1.jar;C:\Users\Rev\.m2\repository\io\cucumber\cucumber-java\7.2.3\cucumber-java-7.2.3.jar;C:\Users\Rev\.m2\repository\com\typesafe\config\1.4.2\config-1.4.2.jar;C:\Users\Rev\.m2\repository\org\imgscalr\imgscalr-lib\4.2\imgscalr-lib-4.2.jar;C:\Users\Rev\.m2\repository\org\awaitility\awaitility\4.2.0\awaitility-4.2.0.jar;C:\Users\Rev\.m2\repository\org\freemarker\freemarker\2.3.31\freemarker-2.3.31.jar;C:\Users\Rev\.m2\repository\io\github\classgraph\classgraph\4.8.138\classgraph-4.8.138.jar;C:\Users\Rev\.m2\repository\net\sourceforge\jexcelapi\jxl\2.6.12\jxl-2.6.12.jar;C:\Users\Rev\.m2\repository\net\bytebuddy\byte-buddy\1.12.8\byte-buddy-1.12.8.jar;C:\Users\Rev\.m2\repository\net\bytebuddy\byte-buddy-agent\1.12.8\byte-buddy-agent-1.12.8.jar;C:\Users\Rev\.m2\repository\org\objenesis\objenesis\3.1\objenesis-3.1.jar;C:\Users\Rev\.m2\repository\net\serenity-bdd\serenity-reports\3.2.1\serenity-reports-3.2.1.jar;C:\Users\Rev\.m2\repository\net\serenity-bdd\serenity-stats\3.2.1\serenity-stats-3.2.1.jar;C:\Users\Rev\.m2\repository\net\serenity-bdd\serenity-reports-configuration\3.2.1\serenity-reports-configuration-3.2.1.jar;C:\Users\Rev\.m2\repository\com\vladsch\flexmark\flexmark-all\0.34.30\flexmark-all-0.34.30.jar;C:\Users\Rev\.m2\repository\com\vladsch\flexmark\flexmark\0.34.30\flexmark-0.34.30.jar;C:\Users\Rev\.m2\repository\com\vladsch\flexmark\flexmark-ext-abbreviation\0.34.30\flexmark-ext-abbreviation-0.34.30.jar;C:\Users\Rev\.m2\repository\com\vladsch\flexmark\flexmark-ext-admonition\0.34.30\flexmark-ext-admonition-0.34.30.jar;C:\Users\Rev\.m2\repository\com\vladsch\flexmark\flexmark-ext-anchorlink\0.34.30\flexmark-ext-anchorlink-0.34.30.jar;C:\Users\Rev\.m2\repository\com\vladsch\flexmark\flexmark-ext-aside\0.34.30\flexmark-ext-aside-0.34.30.jar;C:\Users\Rev\.m2\repository\com\vladsch\flexmark\flexmark-ext-attributes\0.34.30\flexmark-ext-attributes-0.34.30.jar;C:\Users\Rev\.m2\repository\com\vladsch\flexmark\flexmark-ext-autolink\0.34.30\flexmark-ext-autolink-0.34.30.jar;C:\Users\Rev\.m2\repository\org\nibor\autolink\autolink\0.6.0\autolink-0.6.0.jar;C:\Users\Rev\.m2\repository\com\vladsch\flexmark\flexmark-ext-definition\0.34.30\flexmark-ext-definition-0.34.30.jar;C:\Users\Rev\.m2\repository\com\vladsch\flexmark\flexmark-ext-emoji\0.34.30\flexmark-ext-emoji-0.34.30.jar;C:\Users\Rev\.m2\repository\com\vladsch\flexmark\flexmark-ext-enumerated-reference\0.34.30\flexmark-ext-enumerated-reference-0.34.30.jar;C:\Users\Rev\.m2\repository\com\vladsch\flexmark\flexmark-ext-escaped-character\0.34.30\flexmark-ext-escaped-character-0.34.30.jar;C:\Users\Rev\.m2\repository\com\vladsch\flexmark\flexmark-ext-footnotes\0.34.30\flexmark-ext-footnotes-0.34.30.jar;C:\Users\Rev\.m2\repository\com\vladsch\flexmark\flexmark-ext-gfm-issues\0.34.30\flexmark-ext-gfm-issues-0.34.30.jar;C:\Users\Rev\.m2\repository\com\vladsch\flexmark\flexmark-ext-gfm-strikethrough\0.34.30\flexmark-ext-gfm-strikethrough-0.34.30.jar;C:\Users\Rev\.m2\repository\com\vladsch\flexmark\flexmark-ext-gfm-tables\0.34.30\flexmark-ext-gfm-tables-0.34.30.jar;C:\Users\Rev\.m2\repository\com\vladsch\flexmark\flexmark-ext-gfm-tasklist\0.34.30\flexmark-ext-gfm-tasklist-0.34.30.jar;C:\Users\Rev\.m2\repository\com\vladsch\flexmark\flexmark-ext-gfm-users\0.34.30\flexmark-ext-gfm-users-0.34.30.jar;C:\Users\Rev\.m2\repository\com\vladsch\flexmark\flexmark-ext-gitlab\0.34.30\flexmark-ext-gitlab-0.34.30.jar;C:\Users\Rev\.m2\repository\com\vladsch\flexmark\flexmark-ext-jekyll-front-matter\0.34.30\flexmark-ext-jekyll-front-matter-0.34.30.jar;C:\Users\Rev\.m2\repository\com\vladsch\flexmark\flexmark-ext-jekyll-tag\0.34.30\flexmark-ext-jekyll-tag-0.34.30.jar;C:\Users\Rev\.m2\repository\com\vladsch\flexmark\flexmark-ext-media-tags\0.34.30\flexmark-ext-media-tags-0.34.30.jar;C:\Users\Rev\.m2\repository\com\vladsch\flexmark\flexmark-test-util\0.34.30\flexmark-test-util-0.34.30.jar;C:\Users\Rev\.m2\repository\com\vladsch\flexmark\flexmark-ext-ins\0.34.30\flexmark-ext-ins-0.34.30.jar;C:\Users\Rev\.m2\repository\com\vladsch\flexmark\flexmark-ext-xwiki-macros\0.34.30\flexmark-ext-xwiki-macros-0.34.30.jar;C:\Users\Rev\.m2\repository\com\vladsch\flexmark\flexmark-ext-superscript\0.34.30\flexmark-ext-superscript-0.34.30.jar;C:\Users\Rev\.m2\repository\com\vladsch\flexmark\flexmark-ext-tables\0.34.30\flexmark-ext-tables-0.34.30.jar;C:\Users\Rev\.m2\repository\com\vladsch\flexmark\flexmark-ext-toc\0.34.30\flexmark-ext-toc-0.34.30.jar;C:\Users\Rev\.m2\repository\com\vladsch\flexmark\flexmark-ext-typographic\0.34.30\flexmark-ext-typographic-0.34.30.jar;C:\Users\Rev\.m2\repository\com\vladsch\flexmark\flexmark-ext-wikilink\0.34.30\flexmark-ext-wikilink-0.34.30.jar;C:\Users\Rev\.m2\repository\com\vladsch\flexmark\flexmark-ext-yaml-front-matter\0.34.30\flexmark-ext-yaml-front-matter-0.34.30.jar;C:\Users\Rev\.m2\repository\com\vladsch\flexmark\flexmark-ext-youtube-embedded\0.34.30\flexmark-ext-youtube-embedded-0.34.30.jar;C:\Users\Rev\.m2\repository\com\vladsch\flexmark\flexmark-formatter\0.34.30\flexmark-formatter-0.34.30.jar;C:\Users\Rev\.m2\repository\com\vladsch\flexmark\flexmark-html-parser\0.34.30\flexmark-html-parser-0.34.30.jar;C:\Users\Rev\.m2\repository\com\vladsch\flexmark\flexmark-jira-converter\0.34.30\flexmark-jira-converter-0.34.30.jar;C:\Users\Rev\.m2\repository\com\vladsch\flexmark\flexmark-pdf-converter\0.34.30\flexmark-pdf-converter-0.34.30.jar;C:\Users\Rev\.m2\repository\com\openhtmltopdf\openhtmltopdf-core\0.0.1-RC13\openhtmltopdf-core-0.0.1-RC13.jar;C:\Users\Rev\.m2\repository\com\openhtmltopdf\openhtmltopdf-pdfbox\0.0.1-RC13\openhtmltopdf-pdfbox-0.0.1-RC13.jar;C:\Users\Rev\.m2\repository\org\apache\pdfbox\pdfbox\2.0.8\pdfbox-2.0.8.jar;C:\Users\Rev\.m2\repository\org\apache\pdfbox\fontbox\2.0.8\fontbox-2.0.8.jar;C:\Users\Rev\.m2\repository\commons-logging\commons-logging\1.2\commons-logging-1.2.jar;C:\Users\Rev\.m2\repository\org\apache\pdfbox\xmpbox\2.0.8\xmpbox-2.0.8.jar;C:\Users\Rev\.m2\repository\de\rototor\pdfbox\graphics2d\0.12\graphics2d-0.12.jar;C:\Users\Rev\.m2\repository\com\openhtmltopdf\openhtmltopdf-rtl-support\0.0.1-RC13\openhtmltopdf-rtl-support-0.0.1-RC13.jar;C:\Users\Rev\.m2\repository\com\ibm\icu\icu4j\59.1\icu4j-59.1.jar;C:\Users\Rev\.m2\repository\com\openhtmltopdf\openhtmltopdf-jsoup-dom-converter\0.0.1-RC13\openhtmltopdf-jsoup-dom-converter-0.0.1-RC13.jar;C:\Users\Rev\.m2\repository\com\vladsch\flexmark\flexmark-profile-pegdown\0.34.30\flexmark-profile-pegdown-0.34.30.jar;C:\Users\Rev\.m2\repository\com\vladsch\flexmark\flexmark-util\0.34.30\flexmark-util-0.34.30.jar;C:\Users\Rev\.m2\repository\com\vladsch\flexmark\flexmark-youtrack-converter\0.34.30\flexmark-youtrack-converter-0.34.30.jar;C:\Users\Rev\.m2\repository\es\nitaur\markdown\txtmark\0.16\txtmark-0.16.jar;C:\Users\Rev\.m2\repository\net\serenity-bdd\serenity-report-resources\3.2.1\serenity-report-resources-3.2.1.jar;C:\Users\Rev\.m2\repository\com\google\code\gson\gson\2.9.0\gson-2.9.0.jar;C:\Users\Rev\.m2\repository\com\fasterxml\jackson\core\jackson-core\2.13.2\jackson-core-2.13.2.jar;C:\Users\Rev\.m2\repository\com\fasterxml\jackson\core\jackson-databind\2.13.2\jackson-databind-2.13.2.jar;C:\Users\Rev\.m2\repository\com\fasterxml\jackson\core\jackson-annotations\2.13.2\jackson-annotations-2.13.2.jar;C:\Users\Rev\.m2\repository\commons-codec\commons-codec\1.15\commons-codec-1.15.jar;C:\Users\Rev\.m2\repository\commons-io\commons-io\2.11.0\commons-io-2.11.0.jar;C:\Users\Rev\.m2\repository\org\seleniumhq\selenium\selenium-java\4.1.2\selenium-java-4.1.2.jar;C:\Users\Rev\.m2\repository\org\seleniumhq\selenium\selenium-devtools-v85\4.1.2\selenium-devtools-v85-4.1.2.jar;C:\Users\Rev\.m2\repository\org\seleniumhq\selenium\selenium-devtools-v95\4.1.2\selenium-devtools-v95-4.1.2.jar;C:\Users\Rev\.m2\repository\org\seleniumhq\selenium\selenium-devtools-v96\4.1.2\selenium-devtools-v96-4.1.2.jar;C:\Users\Rev\.m2\repository\org\seleniumhq\selenium\selenium-devtools-v97\4.1.2\selenium-devtools-v97-4.1.2.jar;C:\Users\Rev\.m2\repository\org\seleniumhq\selenium\selenium-firefox-xpi-driver\4.1.2\selenium-firefox-xpi-driver-4.1.2.jar;C:\Users\Rev\.m2\repository\org\seleniumhq\selenium\selenium-opera-driver\4.1.2\selenium-opera-driver-4.1.2.jar;C:\Users\Rev\.m2\repository\org\seleniumhq\selenium\selenium-remote-driver\4.1.2\selenium-remote-driver-4.1.2.jar;C:\Users\Rev\.m2\repository\com\beust\jcommander\1.82\jcommander-1.82.jar;C:\Users\Rev\.m2\repository\io\netty\netty-buffer\4.1.73.Final\netty-buffer-4.1.73.Final.jar;C:\Users\Rev\.m2\repository\io\netty\netty-codec-http\4.1.73.Final\netty-codec-http-4.1.73.Final.jar;C:\Users\Rev\.m2\repository\io\netty\netty-codec\4.1.73.Final\netty-codec-4.1.73.Final.jar;C:\Users\Rev\.m2\repository\io\netty\netty-handler\4.1.73.Final\netty-handler-4.1.73.Final.jar;C:\Users\Rev\.m2\repository\io\netty\netty-tcnative-classes\2.0.46.Final\netty-tcnative-classes-2.0.46.Final.jar;C:\Users\Rev\.m2\repository\io\netty\netty-common\4.1.73.Final\netty-common-4.1.73.Final.jar;C:\Users\Rev\.m2\repository\io\netty\netty-transport-classes-epoll\4.1.73.Final\netty-transport-classes-epoll-4.1.73.Final.jar;C:\Users\Rev\.m2\repository\io\netty\netty-transport-classes-kqueue\4.1.73.Final\netty-transport-classes-kqueue-4.1.73.Final.jar;C:\Users\Rev\.m2\repository\io\netty\netty-transport-native-epoll\4.1.73.Final\netty-transport-native-epoll-4.1.73.Final.jar;C:\Users\Rev\.m2\repository\io\netty\netty-transport-native-kqueue\4.1.73.Final\netty-transport-native-kqueue-4.1.73.Final.jar;C:\Users\Rev\.m2\repository\io\netty\netty-transport-native-unix-common\4.1.73.Final\netty-transport-native-unix-common-4.1.73.Final.jar;C:\Users\Rev\.m2\repository\io\netty\netty-transport\4.1.73.Final\netty-transport-4.1.73.Final.jar;C:\Users\Rev\.m2\repository\io\netty\netty-resolver\4.1.73.Final\netty-resolver-4.1.73.Final.jar;C:\Users\Rev\.m2\repository\io\opentelemetry\opentelemetry-api\1.10.1\opentelemetry-api-1.10.1.jar;C:\Users\Rev\.m2\repository\io\opentelemetry\opentelemetry-context\1.10.1\opentelemetry-context-1.10.1.jar;C:\Users\Rev\.m2\repository\io\opentelemetry\opentelemetry-exporter-logging\1.10.1\opentelemetry-exporter-logging-1.10.1.jar;C:\Users\Rev\.m2\repository\io\opentelemetry\opentelemetry-sdk-metrics\1.10.1-alpha\opentelemetry-sdk-metrics-1.10.1-alpha.jar;C:\Users\Rev\.m2\repository\io\opentelemetry\opentelemetry-sdk-logs\1.10.1-alpha\opentelemetry-sdk-logs-1.10.1-alpha.jar;C:\Users\Rev\.m2\repository\io\opentelemetry\opentelemetry-sdk-common\1.10.1\opentelemetry-sdk-common-1.10.1.jar;C:\Users\Rev\.m2\repository\io\opentelemetry\opentelemetry-sdk-extension-autoconfigure-spi\1.10.1\opentelemetry-sdk-extension-autoconfigure-spi-1.10.1.jar;C:\Users\Rev\.m2\repository\io\opentelemetry\opentelemetry-sdk-extension-autoconfigure\1.10.1-alpha\opentelemetry-sdk-extension-autoconfigure-1.10.1-alpha.jar;C:\Users\Rev\.m2\repository\io\opentelemetry\opentelemetry-sdk-trace\1.10.1\opentelemetry-sdk-trace-1.10.1.jar;C:\Users\Rev\.m2\repository\io\opentelemetry\opentelemetry-sdk\1.10.1\opentelemetry-sdk-1.10.1.jar;C:\Users\Rev\.m2\repository\io\opentelemetry\opentelemetry-semconv\1.10.1-alpha\opentelemetry-semconv-1.10.1-alpha.jar;C:\Users\Rev\.m2\repository\io\ous\jtoml\2.0.0\jtoml-2.0.0.jar;C:\Users\Rev\.m2\repository\org\apache\commons\commons-exec\1.3\commons-exec-1.3.jar;C:\Users\Rev\.m2\repository\org\asynchttpclient\async-http-client\2.12.3\async-http-client-2.12.3.jar;C:\Users\Rev\.m2\repository\org\asynchttpclient\async-http-client-netty-utils\2.12.3\async-http-client-netty-utils-2.12.3.jar;C:\Users\Rev\.m2\repository\io\netty\netty-codec-socks\4.1.60.Final\netty-codec-socks-4.1.60.Final.jar;C:\Users\Rev\.m2\repository\io\netty\netty-handler-proxy\4.1.60.Final\netty-handler-proxy-4.1.60.Final.jar;C:\Users\Rev\.m2\repository\io\netty\netty-transport-native-epoll\4.1.60.Final\netty-transport-native-epoll-4.1.60.Final-linux-x86_64.jar;C:\Users\Rev\.m2\repository\io\netty\netty-transport-native-kqueue\4.1.60.Final\netty-transport-native-kqueue-4.1.60.Final-osx-x86_64.jar;C:\Users\Rev\.m2\repository\org\reactivestreams\reactive-streams\1.0.3\reactive-streams-1.0.3.jar;C:\Users\Rev\.m2\repository\com\typesafe\netty\netty-reactive-streams\2.0.4\netty-reactive-streams-2.0.4.jar;C:\Users\Rev\.m2\repository\org\seleniumhq\selenium\selenium-http\4.1.2\selenium-http-4.1.2.jar;C:\Users\Rev\.m2\repository\net\jodah\failsafe\2.4.4\failsafe-2.4.4.jar;C:\Users\Rev\.m2\repository\org\seleniumhq\selenium\selenium-safari-driver\4.1.2\selenium-safari-driver-4.1.2.jar;C:\Users\Rev\.m2\repository\org\seleniumhq\selenium\selenium-api\4.1.2\selenium-api-4.1.2.jar;C:\Users\Rev\.m2\repository\org\seleniumhq\selenium\selenium-support\4.1.2\selenium-support-4.1.2.jar;C:\Users\Rev\.m2\repository\com\google\auto\service\auto-service-annotations\1.0.1\auto-service-annotations-1.0.1.jar;C:\Users\Rev\.m2\repository\com\google\auto\service\auto-service\1.0.1\auto-service-1.0.1.jar;C:\Users\Rev\.m2\repository\com\google\auto\auto-common\1.2\auto-common-1.2.jar;C:\Users\Rev\.m2\repository\org\seleniumhq\selenium\selenium-json\4.1.2\selenium-json-4.1.2.jar;C:\Users\Rev\.m2\repository\org\seleniumhq\selenium\selenium-chrome-driver\4.1.2\selenium-chrome-driver-4.1.2.jar;C:\Users\Rev\.m2\repository\org\seleniumhq\selenium\selenium-chromium-driver\4.1.2\selenium-chromium-driver-4.1.2.jar;C:\Users\Rev\.m2\repository\org\seleniumhq\selenium\selenium-firefox-driver\4.1.2\selenium-firefox-driver-4.1.2.jar;C:\Users\Rev\.m2\repository\org\seleniumhq\selenium\selenium-edge-driver\4.1.2\selenium-edge-driver-4.1.2.jar;C:\Users\Rev\.m2\repository\org\seleniumhq\selenium\selenium-ie-driver\4.1.2\selenium-ie-driver-4.1.2.jar;C:\Users\Rev\.m2\repository\org\projectlombok\lombok\1.18.20\lombok-1.18.20.jar;C:\Users\Rev\.m2\repository\io\appium\java-client\8.0.0\java-client-8.0.0.jar;C:\Users\Rev\.m2\repository\commons-validator\commons-validator\1.7\commons-validator-1.7.jar;C:\Users\Rev\.m2\repository\commons-digester\commons-digester\2.1\commons-digester-2.1.jar;C:\Users\Rev\.m2\repository\org\aspectj\aspectjweaver\1.9.8\aspectjweaver-1.9.8.jar;C:\Users\Rev\.m2\repository\org\codehaus\groovy\groovy\3.0.10\groovy-3.0.10.jar;C:\Users\Rev\.m2\repository\net\sf\opencsv\opencsv\2.0\opencsv-2.0.jar;C:\Users\Rev\.m2\repository\commons-beanutils\commons-beanutils\1.9.4\commons-beanutils-1.9.4.jar;C:\Users\Rev\.m2\repository\org\apache\commons\commons-lang3\3.12.0\commons-lang3-3.12.0.jar;C:\Users\Rev\.m2\repository\commons-collections\commons-collections\3.2.2\commons-collections-3.2.2.jar;C:\Users\Rev\.m2\repository\org\fluentlenium\fluentlenium-core\0.10.2\fluentlenium-core-0.10.2.jar;C:\Users\Rev\.m2\repository\io\github\bonigarcia\webdrivermanager\5.1.0\webdrivermanager-5.1.0.jar;C:\Users\Rev\.m2\repository\com\github\docker-java\docker-java\3.2.13\docker-java-3.2.13.jar;C:\Users\Rev\.m2\repository\com\github\docker-java\docker-java-core\3.2.13\docker-java-core-3.2.13.jar;C:\Users\Rev\.m2\repository\com\github\docker-java\docker-java-api\3.2.13\docker-java-api-3.2.13.jar;C:\Users\Rev\.m2\repository\org\apache\commons\commons-compress\1.21\commons-compress-1.21.jar;C:\Users\Rev\.m2\repository\org\bouncycastle\bcpkix-jdk15on\1.64\bcpkix-jdk15on-1.64.jar;C:\Users\Rev\.m2\repository\org\bouncycastle\bcprov-jdk15on\1.64\bcprov-jdk15on-1.64.jar;C:\Users\Rev\.m2\repository\org\slf4j\jcl-over-slf4j\1.7.30\jcl-over-slf4j-1.7.30.jar;C:\Users\Rev\.m2\repository\com\github\docker-java\docker-java-transport-httpclient5\3.2.13\docker-java-transport-httpclient5-3.2.13.jar;C:\Users\Rev\.m2\repository\com\github\docker-java\docker-java-transport\3.2.13\docker-java-transport-3.2.13.jar;C:\Users\Rev\.m2\repository\org\apache\httpcomponents\client5\httpclient5\5.0.3\httpclient5-5.0.3.jar;C:\Users\Rev\.m2\repository\org\apache\httpcomponents\core5\httpcore5\5.0.2\httpcore5-5.0.2.jar;C:\Users\Rev\.m2\repository\net\java\dev\jna\jna\5.8.0\jna-5.8.0.jar;C:\Users\Rev\.m2\repository\org\brotli\dec\0.1.2\dec-0.1.2.jar;C:\Users\Rev\.m2\repository\com\jhlabs\filters\2.0.235\filters-2.0.235.jar;C:\Users\Rev\.m2\repository\com\paulhammant\ngwebdriver\1.1.6\ngwebdriver-1.1.6.jar;C:\Users\Rev\.m2\repository\joda-time\joda-time\2.8.2\joda-time-2.8.2.jar;C:\Users\Rev\.m2\repository\org\hamcrest\hamcrest\2.2\hamcrest-2.2.jar;C:\Users\Rev\.m2\repository\com\google\jimfs\jimfs\1.2\jimfs-1.2.jar;C:\Users\Rev\.m2\repository\org\mockito\mockito-core\3.3.3\mockito-core-3.3.3.jar;C:\Users\Rev\.m2\repository\javax\xml\bind\jaxb-api\2.3.1\jaxb-api-2.3.1.jar;C:\Users\Rev\.m2\repository\javax\activation\javax.activation-api\1.2.0\javax.activation-api-1.2.0.jar;C:\Users\Rev\.m2\repository\com\sun\xml\bind\jaxb-core\2.3.0.1\jaxb-core-2.3.0.1.jar;C:\Users\Rev\.m2\repository\com\sun\xml\bind\jaxb-impl\2.3.3\jaxb-impl-2.3.3.jar;C:\Users\Rev\.m2\repository\jakarta\xml\bind\jakarta.xml.bind-api\2.3.3\jakarta.xml.bind-api-2.3.3.jar;C:\Users\Rev\.m2\repository\com\sun\activation\jakarta.activation\1.2.2\jakarta.activation-1.2.2.jar;C:\Users\Rev\.m2\repository\javax\activation\activation\1.1.1\activation-1.1.1.jar;C:\Users\Rev\.m2\repository\net\serenity-bdd\serenity-cucumber\3.2.1\serenity-cucumber-3.2.1.jar;C:\Users\Rev\.m2\repository\io\cucumber\cucumber-core\7.2.3\cucumber-core-7.2.3.jar;C:\Users\Rev\.m2\repository\io\cucumber\cucumber-gherkin\7.2.3\cucumber-gherkin-7.2.3.jar;C:\Users\Rev\.m2\repository\io\cucumber\cucumber-gherkin-messages\7.2.3\cucumber-gherkin-messages-7.2.3.jar;C:\Users\Rev\.m2\repository\io\cucumber\messages\17.1.1\messages-17.1.1.jar;C:\Users\Rev\.m2\repository\io\cucumber\tag-expressions\4.1.0\tag-expressions-4.1.0.jar;C:\Users\Rev\.m2\repository\io\cucumber\cucumber-expressions\15.0.1\cucumber-expressions-15.0.1.jar;C:\Users\Rev\.m2\repository\io\cucumber\datatable\7.2.3\datatable-7.2.3.jar;C:\Users\Rev\.m2\repository\io\cucumber\cucumber-plugin\7.2.3\cucumber-plugin-7.2.3.jar;C:\Users\Rev\.m2\repository\io\cucumber\docstring\7.2.3\docstring-7.2.3.jar;C:\Users\Rev\.m2\repository\io\cucumber\html-formatter\17.0.0\html-formatter-17.0.0.jar;C:\Users\Rev\.m2\repository\io\cucumber\ci-environment\8.1.0\ci-environment-8.1.0.jar;C:\Users\Rev\.m2\repository\io\cucumber\cucumber-junit\7.2.3\cucumber-junit-7.2.3.jar;C:\Users\Rev\.m2\repository\org\apache\commons\commons-csv\1.5\commons-csv-1.5.jar;C:\Users\Rev\.m2\repository\net\serenity-bdd\serenity-screenplay\3.2.1\serenity-screenplay-3.2.1.jar;C:\Users\Rev\.m2\repository\net\serenity-bdd\serenity-screenplay-webdriver\3.2.1\serenity-screenplay-webdriver-3.2.1.jar;C:\Users\Rev\.m2\repository\net\serenity-bdd\serenity-ensure\3.2.1\serenity-ensure-3.2.1.jar;C:\Users\Rev\.m2\repository\net\serenity-bdd\serenity-junit\3.2.1\serenity-junit-3.2.1.jar;C:\Users\Rev\.m2\repository\org\jetbrains\kotlin\kotlin-stdlib\1.6.0\kotlin-stdlib-1.6.0.jar;C:\Users\Rev\.m2\repository\org\jetbrains\annotations\13.0\annotations-13.0.jar;C:\Users\Rev\.m2\repository\org\jetbrains\kotlin\kotlin-stdlib-common\1.6.0\kotlin-stdlib-common-1.6.0.jar;C:\Users\Rev\.m2\repository\org\junit\platform\junit-platform-launcher\1.8.1\junit-platform-launcher-1.8.1.jar;C:\Users\Rev\.m2\repository\org\junit\platform\junit-platform-engine\1.8.1\junit-platform-engine-1.8.1.jar;C:\Users\Rev\.m2\repository\org\opentest4j\opentest4j\1.2.0\opentest4j-1.2.0.jar;C:\Users\Rev\.m2\repository\org\junit\platform\junit-platform-commons\1.8.1\junit-platform-commons-1.8.1.jar;C:\Users\Rev\.m2\repository\org\apiguardian\apiguardian-api\1.1.2\apiguardian-api-1.1.2.jar;C:\Users\Rev\.m2\repository\org\junit\jupiter\junit-jupiter-engine\5.8.2\junit-jupiter-engine-5.8.2.jar;C:\Users\Rev\.m2\repository\org\junit\jupiter\junit-jupiter-api\5.8.2\junit-jupiter-api-5.8.2.jar;C:\Users\Rev\.m2\repository\org\junit\vintage\junit-vintage-engine\5.8.2\junit-vintage-engine-5.8.2.jar;C:\Users\Rev\.m2\repository\junit\junit\4.13.2\junit-4.13.2.jar;C:\Users\Rev\.m2\repository\org\hamcrest\hamcrest-core\1.3\hamcrest-core-1.3.jar;C:\Users\Rev\.m2\repository\ch\qos\logback\logback-classic\1.2.10\logback-classic-1.2.10.jar;C:\Users\Rev\.m2\repository\ch\qos\logback\logback-core\1.2.10\logback-core-1.2.10.jar;C:\Users\Rev\.m2\repository\org\slf4j\slf4j-api\1.7.32\slf4j-api-1.7.32.jar;C:\Users\Rev\.m2\repository\org\assertj\assertj-core\3.6.2\assertj-core-3.6.2.jar;"/>
    <property name="sun.cpu.endian" value="little"/>
    <property name="user.home" value="C:\Users\Rev"/>
    <property name="user.language" value="en"/>
    <property name="java.specification.vendor" value="Oracle Corporation"/>
    <property name="jdk.module.path" value="D:\alta folder\New folder\Web Testing\target\finalProject-1.0-SNAPSHOT.jar"/>
    <property name="java.version.date" value="2022-01-18"/>
    <property name="java.home" value="C:\Program Files\Java\jdk-17.0.2"/>
    <property name="file.separator" value="\"/>
    <property name="basedir" value="D:\alta folder\New folder\Web Testing"/>
    <property name="java.vm.compressedOopsMode" value="Zero based"/>
    <property name="line.separator" value="&#10;"/>
    <property name="java.vm.specification.vendor" value="Oracle Corporation"/>
    <property name="java.specification.name" value="Java Platform API Specification"/>
    <property name="surefire.real.class.path" value="C:\Users\Rev\.m2\repository\org\apache\maven\surefire\surefire-booter\3.0.0-M5\surefire-booter-3.0.0-M5.jar;C:\Users\Rev\.m2\repository\org\apache\maven\surefire\surefire-api\3.0.0-M5\surefire-api-3.0.0-M5.jar;C:\Users\Rev\.m2\repository\org\apache\maven\surefire\surefire-logger-api\3.0.0-M5\surefire-logger-api-3.0.0-M5.jar;C:\Users\Rev\.m2\repository\org\apache\maven\surefire\surefire-shared-utils\3.0.0-M4\surefire-shared-utils-3.0.0-M4.jar;C:\Users\Rev\.m2\repository\org\apache\maven\surefire\surefire-extensions-spi\3.0.0-M5\surefire-extensions-spi-3.0.0-M5.jar;D:\alta folder\New folder\Web Testing\target\test-classes;C:\Users\Rev\.m2\repository\net\serenity-bdd\serenity-core\3.2.1\serenity-core-3.2.1.jar;C:\Users\Rev\.m2\repository\net\serenity-bdd\serenity-model\3.2.1\serenity-model-3.2.1.jar;C:\Users\Rev\.m2\repository\org\apache\commons\commons-text\1.9\commons-text-1.9.jar;C:\Users\Rev\.m2\repository\commons-net\commons-net\3.8.0\commons-net-3.8.0.jar;C:\Users\Rev\.m2\repository\com\google\guava\guava\31.1-jre\guava-31.1-jre.jar;C:\Users\Rev\.m2\repository\com\google\guava\failureaccess\1.0.1\failureaccess-1.0.1.jar;C:\Users\Rev\.m2\repository\com\google\guava\listenablefuture\9999.0-empty-to-avoid-conflict-with-guava\listenablefuture-9999.0-empty-to-avoid-conflict-with-guava.jar;C:\Users\Rev\.m2\repository\com\google\code\findbugs\jsr305\3.0.2\jsr305-3.0.2.jar;C:\Users\Rev\.m2\repository\org\checkerframework\checker-qual\3.12.0\checker-qual-3.12.0.jar;C:\Users\Rev\.m2\repository\com\google\errorprone\error_prone_annotations\2.11.0\error_prone_annotations-2.11.0.jar;C:\Users\Rev\.m2\repository\com\google\j2objc\j2objc-annotations\1.3\j2objc-annotations-1.3.jar;C:\Users\Rev\.m2\repository\com\google\inject\guice\5.1.0\guice-5.1.0.jar;C:\Users\Rev\.m2\repository\javax\inject\javax.inject\1\javax.inject-1.jar;C:\Users\Rev\.m2\repository\aopalliance\aopalliance\1.0\aopalliance-1.0.jar;C:\Users\Rev\.m2\repository\org\jsoup\jsoup\1.14.3\jsoup-1.14.3.jar;C:\Users\Rev\.m2\repository\com\thoughtworks\xstream\xstream\1.4.19\xstream-1.4.19.jar;C:\Users\Rev\.m2\repository\io\github\x-stream\mxparser\1.2.2\mxparser-1.2.2.jar;C:\Users\Rev\.m2\repository\xmlpull\xmlpull\1.1.3.1\xmlpull-1.1.3.1.jar;C:\Users\Rev\.m2\repository\io\cucumber\cucumber-java\7.2.3\cucumber-java-7.2.3.jar;C:\Users\Rev\.m2\repository\com\typesafe\config\1.4.2\config-1.4.2.jar;C:\Users\Rev\.m2\repository\org\imgscalr\imgscalr-lib\4.2\imgscalr-lib-4.2.jar;C:\Users\Rev\.m2\repository\org\awaitility\awaitility\4.2.0\awaitility-4.2.0.jar;C:\Users\Rev\.m2\repository\org\freemarker\freemarker\2.3.31\freemarker-2.3.31.jar;C:\Users\Rev\.m2\repository\io\github\classgraph\classgraph\4.8.138\classgraph-4.8.138.jar;C:\Users\Rev\.m2\repository\net\sourceforge\jexcelapi\jxl\2.6.12\jxl-2.6.12.jar;C:\Users\Rev\.m2\repository\net\bytebuddy\byte-buddy\1.12.8\byte-buddy-1.12.8.jar;C:\Users\Rev\.m2\repository\net\bytebuddy\byte-buddy-agent\1.12.8\byte-buddy-agent-1.12.8.jar;C:\Users\Rev\.m2\repository\org\objenesis\objenesis\3.1\objenesis-3.1.jar;C:\Users\Rev\.m2\repository\net\serenity-bdd\serenity-reports\3.2.1\serenity-reports-3.2.1.jar;C:\Users\Rev\.m2\repository\net\serenity-bdd\serenity-stats\3.2.1\serenity-stats-3.2.1.jar;C:\Users\Rev\.m2\repository\net\serenity-bdd\serenity-reports-configuration\3.2.1\serenity-reports-configuration-3.2.1.jar;C:\Users\Rev\.m2\repository\com\vladsch\flexmark\flexmark-all\0.34.30\flexmark-all-0.34.30.jar;C:\Users\Rev\.m2\repository\com\vladsch\flexmark\flexmark\0.34.30\flexmark-0.34.30.jar;C:\Users\Rev\.m2\repository\com\vladsch\flexmark\flexmark-ext-abbreviation\0.34.30\flexmark-ext-abbreviation-0.34.30.jar;C:\Users\Rev\.m2\repository\com\vladsch\flexmark\flexmark-ext-admonition\0.34.30\flexmark-ext-admonition-0.34.30.jar;C:\Users\Rev\.m2\repository\com\vladsch\flexmark\flexmark-ext-anchorlink\0.34.30\flexmark-ext-anchorlink-0.34.30.jar;C:\Users\Rev\.m2\repository\com\vladsch\flexmark\flexmark-ext-aside\0.34.30\flexmark-ext-aside-0.34.30.jar;C:\Users\Rev\.m2\repository\com\vladsch\flexmark\flexmark-ext-attributes\0.34.30\flexmark-ext-attributes-0.34.30.jar;C:\Users\Rev\.m2\repository\com\vladsch\flexmark\flexmark-ext-autolink\0.34.30\flexmark-ext-autolink-0.34.30.jar;C:\Users\Rev\.m2\repository\org\nibor\autolink\autolink\0.6.0\autolink-0.6.0.jar;C:\Users\Rev\.m2\repository\com\vladsch\flexmark\flexmark-ext-definition\0.34.30\flexmark-ext-definition-0.34.30.jar;C:\Users\Rev\.m2\repository\com\vladsch\flexmark\flexmark-ext-emoji\0.34.30\flexmark-ext-emoji-0.34.30.jar;C:\Users\Rev\.m2\repository\com\vladsch\flexmark\flexmark-ext-enumerated-reference\0.34.30\flexmark-ext-enumerated-reference-0.34.30.jar;C:\Users\Rev\.m2\repository\com\vladsch\flexmark\flexmark-ext-escaped-character\0.34.30\flexmark-ext-escaped-character-0.34.30.jar;C:\Users\Rev\.m2\repository\com\vladsch\flexmark\flexmark-ext-footnotes\0.34.30\flexmark-ext-footnotes-0.34.30.jar;C:\Users\Rev\.m2\repository\com\vladsch\flexmark\flexmark-ext-gfm-issues\0.34.30\flexmark-ext-gfm-issues-0.34.30.jar;C:\Users\Rev\.m2\repository\com\vladsch\flexmark\flexmark-ext-gfm-strikethrough\0.34.30\flexmark-ext-gfm-strikethrough-0.34.30.jar;C:\Users\Rev\.m2\repository\com\vladsch\flexmark\flexmark-ext-gfm-tables\0.34.30\flexmark-ext-gfm-tables-0.34.30.jar;C:\Users\Rev\.m2\repository\com\vladsch\flexmark\flexmark-ext-gfm-tasklist\0.34.30\flexmark-ext-gfm-tasklist-0.34.30.jar;C:\Users\Rev\.m2\repository\com\vladsch\flexmark\flexmark-ext-gfm-users\0.34.30\flexmark-ext-gfm-users-0.34.30.jar;C:\Users\Rev\.m2\repository\com\vladsch\flexmark\flexmark-ext-gitlab\0.34.30\flexmark-ext-gitlab-0.34.30.jar;C:\Users\Rev\.m2\repository\com\vladsch\flexmark\flexmark-ext-jekyll-front-matter\0.34.30\flexmark-ext-jekyll-front-matter-0.34.30.jar;C:\Users\Rev\.m2\repository\com\vladsch\flexmark\flexmark-ext-jekyll-tag\0.34.30\flexmark-ext-jekyll-tag-0.34.30.jar;C:\Users\Rev\.m2\repository\com\vladsch\flexmark\flexmark-ext-media-tags\0.34.30\flexmark-ext-media-tags-0.34.30.jar;C:\Users\Rev\.m2\repository\com\vladsch\flexmark\flexmark-test-util\0.34.30\flexmark-test-util-0.34.30.jar;C:\Users\Rev\.m2\repository\com\vladsch\flexmark\flexmark-ext-ins\0.34.30\flexmark-ext-ins-0.34.30.jar;C:\Users\Rev\.m2\repository\com\vladsch\flexmark\flexmark-ext-xwiki-macros\0.34.30\flexmark-ext-xwiki-macros-0.34.30.jar;C:\Users\Rev\.m2\repository\com\vladsch\flexmark\flexmark-ext-superscript\0.34.30\flexmark-ext-superscript-0.34.30.jar;C:\Users\Rev\.m2\repository\com\vladsch\flexmark\flexmark-ext-tables\0.34.30\flexmark-ext-tables-0.34.30.jar;C:\Users\Rev\.m2\repository\com\vladsch\flexmark\flexmark-ext-toc\0.34.30\flexmark-ext-toc-0.34.30.jar;C:\Users\Rev\.m2\repository\com\vladsch\flexmark\flexmark-ext-typographic\0.34.30\flexmark-ext-typographic-0.34.30.jar;C:\Users\Rev\.m2\repository\com\vladsch\flexmark\flexmark-ext-wikilink\0.34.30\flexmark-ext-wikilink-0.34.30.jar;C:\Users\Rev\.m2\repository\com\vladsch\flexmark\flexmark-ext-yaml-front-matter\0.34.30\flexmark-ext-yaml-front-matter-0.34.30.jar;C:\Users\Rev\.m2\repository\com\vladsch\flexmark\flexmark-ext-youtube-embedded\0.34.30\flexmark-ext-youtube-embedded-0.34.30.jar;C:\Users\Rev\.m2\repository\com\vladsch\flexmark\flexmark-formatter\0.34.30\flexmark-formatter-0.34.30.jar;C:\Users\Rev\.m2\repository\com\vladsch\flexmark\flexmark-html-parser\0.34.30\flexmark-html-parser-0.34.30.jar;C:\Users\Rev\.m2\repository\com\vladsch\flexmark\flexmark-jira-converter\0.34.30\flexmark-jira-converter-0.34.30.jar;C:\Users\Rev\.m2\repository\com\vladsch\flexmark\flexmark-pdf-converter\0.34.30\flexmark-pdf-converter-0.34.30.jar;C:\Users\Rev\.m2\repository\com\openhtmltopdf\openhtmltopdf-core\0.0.1-RC13\openhtmltopdf-core-0.0.1-RC13.jar;C:\Users\Rev\.m2\repository\com\openhtmltopdf\openhtmltopdf-pdfbox\0.0.1-RC13\openhtmltopdf-pdfbox-0.0.1-RC13.jar;C:\Users\Rev\.m2\repository\org\apache\pdfbox\pdfbox\2.0.8\pdfbox-2.0.8.jar;C:\Users\Rev\.m2\repository\org\apache\pdfbox\fontbox\2.0.8\fontbox-2.0.8.jar;C:\Users\Rev\.m2\repository\commons-logging\commons-logging\1.2\commons-logging-1.2.jar;C:\Users\Rev\.m2\repository\org\apache\pdfbox\xmpbox\2.0.8\xmpbox-2.0.8.jar;C:\Users\Rev\.m2\repository\de\rototor\pdfbox\graphics2d\0.12\graphics2d-0.12.jar;C:\Users\Rev\.m2\repository\com\openhtmltopdf\openhtmltopdf-rtl-support\0.0.1-RC13\openhtmltopdf-rtl-support-0.0.1-RC13.jar;C:\Users\Rev\.m2\repository\com\ibm\icu\icu4j\59.1\icu4j-59.1.jar;C:\Users\Rev\.m2\repository\com\openhtmltopdf\openhtmltopdf-jsoup-dom-converter\0.0.1-RC13\openhtmltopdf-jsoup-dom-converter-0.0.1-RC13.jar;C:\Users\Rev\.m2\repository\com\vladsch\flexmark\flexmark-profile-pegdown\0.34.30\flexmark-profile-pegdown-0.34.30.jar;C:\Users\Rev\.m2\repository\com\vladsch\flexmark\flexmark-util\0.34.30\flexmark-util-0.34.30.jar;C:\Users\Rev\.m2\repository\com\vladsch\flexmark\flexmark-youtrack-converter\0.34.30\flexmark-youtrack-converter-0.34.30.jar;C:\Users\Rev\.m2\repository\es\nitaur\markdown\txtmark\0.16\txtmark-0.16.jar;C:\Users\Rev\.m2\repository\net\serenity-bdd\serenity-report-resources\3.2.1\serenity-report-resources-3.2.1.jar;C:\Users\Rev\.m2\repository\com\google\code\gson\gson\2.9.0\gson-2.9.0.jar;C:\Users\Rev\.m2\repository\com\fasterxml\jackson\core\jackson-core\2.13.2\jackson-core-2.13.2.jar;C:\Users\Rev\.m2\repository\com\fasterxml\jackson\core\jackson-databind\2.13.2\jackson-databind-2.13.2.jar;C:\Users\Rev\.m2\repository\com\fasterxml\jackson\core\jackson-annotations\2.13.2\jackson-annotations-2.13.2.jar;C:\Users\Rev\.m2\repository\commons-codec\commons-codec\1.15\commons-codec-1.15.jar;C:\Users\Rev\.m2\repository\commons-io\commons-io\2.11.0\commons-io-2.11.0.jar;C:\Users\Rev\.m2\repository\org\seleniumhq\selenium\selenium-java\4.1.2\selenium-java-4.1.2.jar;C:\Users\Rev\.m2\repository\org\seleniumhq\selenium\selenium-devtools-v85\4.1.2\selenium-devtools-v85-4.1.2.jar;C:\Users\Rev\.m2\repository\org\seleniumhq\selenium\selenium-devtools-v95\4.1.2\selenium-devtools-v95-4.1.2.jar;C:\Users\Rev\.m2\repository\org\seleniumhq\selenium\selenium-devtools-v96\4.1.2\selenium-devtools-v96-4.1.2.jar;C:\Users\Rev\.m2\repository\org\seleniumhq\selenium\selenium-devtools-v97\4.1.2\selenium-devtools-v97-4.1.2.jar;C:\Users\Rev\.m2\repository\org\seleniumhq\selenium\selenium-firefox-xpi-driver\4.1.2\selenium-firefox-xpi-driver-4.1.2.jar;C:\Users\Rev\.m2\repository\org\seleniumhq\selenium\selenium-opera-driver\4.1.2\selenium-opera-driver-4.1.2.jar;C:\Users\Rev\.m2\repository\org\seleniumhq\selenium\selenium-remote-driver\4.1.2\selenium-remote-driver-4.1.2.jar;C:\Users\Rev\.m2\repository\com\beust\jcommander\1.82\jcommander-1.82.jar;C:\Users\Rev\.m2\repository\io\netty\netty-buffer\4.1.73.Final\netty-buffer-4.1.73.Final.jar;C:\Users\Rev\.m2\repository\io\netty\netty-codec-http\4.1.73.Final\netty-codec-http-4.1.73.Final.jar;C:\Users\Rev\.m2\repository\io\netty\netty-codec\4.1.73.Final\netty-codec-4.1.73.Final.jar;C:\Users\Rev\.m2\repository\io\netty\netty-handler\4.1.73.Final\netty-handler-4.1.73.Final.jar;C:\Users\Rev\.m2\repository\io\netty\netty-tcnative-classes\2.0.46.Final\netty-tcnative-classes-2.0.46.Final.jar;C:\Users\Rev\.m2\repository\io\netty\netty-common\4.1.73.Final\netty-common-4.1.73.Final.jar;C:\Users\Rev\.m2\repository\io\netty\netty-transport-classes-epoll\4.1.73.Final\netty-transport-classes-epoll-4.1.73.Final.jar;C:\Users\Rev\.m2\repository\io\netty\netty-transport-classes-kqueue\4.1.73.Final\netty-transport-classes-kqueue-4.1.73.Final.jar;C:\Users\Rev\.m2\repository\io\netty\netty-transport-native-epoll\4.1.73.Final\netty-transport-native-epoll-4.1.73.Final.jar;C:\Users\Rev\.m2\repository\io\netty\netty-transport-native-kqueue\4.1.73.Final\netty-transport-native-kqueue-4.1.73.Final.jar;C:\Users\Rev\.m2\repository\io\netty\netty-transport-native-unix-common\4.1.73.Final\netty-transport-native-unix-common-4.1.73.Final.jar;C:\Users\Rev\.m2\repository\io\netty\netty-transport\4.1.73.Final\netty-transport-4.1.73.Final.jar;C:\Users\Rev\.m2\repository\io\netty\netty-resolver\4.1.73.Final\netty-resolver-4.1.73.Final.jar;C:\Users\Rev\.m2\repository\io\opentelemetry\opentelemetry-api\1.10.1\opentelemetry-api-1.10.1.jar;C:\Users\Rev\.m2\repository\io\opentelemetry\opentelemetry-context\1.10.1\opentelemetry-context-1.10.1.jar;C:\Users\Rev\.m2\repository\io\opentelemetry\opentelemetry-exporter-logging\1.10.1\opentelemetry-exporter-logging-1.10.1.jar;C:\Users\Rev\.m2\repository\io\opentelemetry\opentelemetry-sdk-metrics\1.10.1-alpha\opentelemetry-sdk-metrics-1.10.1-alpha.jar;C:\Users\Rev\.m2\repository\io\opentelemetry\opentelemetry-sdk-logs\1.10.1-alpha\opentelemetry-sdk-logs-1.10.1-alpha.jar;C:\Users\Rev\.m2\repository\io\opentelemetry\opentelemetry-sdk-common\1.10.1\opentelemetry-sdk-common-1.10.1.jar;C:\Users\Rev\.m2\repository\io\opentelemetry\opentelemetry-sdk-extension-autoconfigure-spi\1.10.1\opentelemetry-sdk-extension-autoconfigure-spi-1.10.1.jar;C:\Users\Rev\.m2\repository\io\opentelemetry\opentelemetry-sdk-extension-autoconfigure\1.10.1-alpha\opentelemetry-sdk-extension-autoconfigure-1.10.1-alpha.jar;C:\Users\Rev\.m2\repository\io\opentelemetry\opentelemetry-sdk-trace\1.10.1\opentelemetry-sdk-trace-1.10.1.jar;C:\Users\Rev\.m2\repository\io\opentelemetry\opentelemetry-sdk\1.10.1\opentelemetry-sdk-1.10.1.jar;C:\Users\Rev\.m2\repository\io\opentelemetry\opentelemetry-semconv\1.10.1-alpha\opentelemetry-semconv-1.10.1-alpha.jar;C:\Users\Rev\.m2\repository\io\ous\jtoml\2.0.0\jtoml-2.0.0.jar;C:\Users\Rev\.m2\repository\org\apache\commons\commons-exec\1.3\commons-exec-1.3.jar;C:\Users\Rev\.m2\repository\org\asynchttpclient\async-http-client\2.12.3\async-http-client-2.12.3.jar;C:\Users\Rev\.m2\repository\org\asynchttpclient\async-http-client-netty-utils\2.12.3\async-http-client-netty-utils-2.12.3.jar;C:\Users\Rev\.m2\repository\io\netty\netty-codec-socks\4.1.60.Final\netty-codec-socks-4.1.60.Final.jar;C:\Users\Rev\.m2\repository\io\netty\netty-handler-proxy\4.1.60.Final\netty-handler-proxy-4.1.60.Final.jar;C:\Users\Rev\.m2\repository\io\netty\netty-transport-native-epoll\4.1.60.Final\netty-transport-native-epoll-4.1.60.Final-linux-x86_64.jar;C:\Users\Rev\.m2\repository\io\netty\netty-transport-native-kqueue\4.1.60.Final\netty-transport-native-kqueue-4.1.60.Final-osx-x86_64.jar;C:\Users\Rev\.m2\repository\org\reactivestreams\reactive-streams\1.0.3\reactive-streams-1.0.3.jar;C:\Users\Rev\.m2\repository\com\typesafe\netty\netty-reactive-streams\2.0.4\netty-reactive-streams-2.0.4.jar;C:\Users\Rev\.m2\repository\org\seleniumhq\selenium\selenium-http\4.1.2\selenium-http-4.1.2.jar;C:\Users\Rev\.m2\repository\net\jodah\failsafe\2.4.4\failsafe-2.4.4.jar;C:\Users\Rev\.m2\repository\org\seleniumhq\selenium\selenium-safari-driver\4.1.2\selenium-safari-driver-4.1.2.jar;C:\Users\Rev\.m2\repository\org\seleniumhq\selenium\selenium-api\4.1.2\selenium-api-4.1.2.jar;C:\Users\Rev\.m2\repository\org\seleniumhq\selenium\selenium-support\4.1.2\selenium-support-4.1.2.jar;C:\Users\Rev\.m2\repository\com\google\auto\service\auto-service-annotations\1.0.1\auto-service-annotations-1.0.1.jar;C:\Users\Rev\.m2\repository\com\google\auto\service\auto-service\1.0.1\auto-service-1.0.1.jar;C:\Users\Rev\.m2\repository\com\google\auto\auto-common\1.2\auto-common-1.2.jar;C:\Users\Rev\.m2\repository\org\seleniumhq\selenium\selenium-json\4.1.2\selenium-json-4.1.2.jar;C:\Users\Rev\.m2\repository\org\seleniumhq\selenium\selenium-chrome-driver\4.1.2\selenium-chrome-driver-4.1.2.jar;C:\Users\Rev\.m2\repository\org\seleniumhq\selenium\selenium-chromium-driver\4.1.2\selenium-chromium-driver-4.1.2.jar;C:\Users\Rev\.m2\repository\org\seleniumhq\selenium\selenium-firefox-driver\4.1.2\selenium-firefox-driver-4.1.2.jar;C:\Users\Rev\.m2\repository\org\seleniumhq\selenium\selenium-edge-driver\4.1.2\selenium-edge-driver-4.1.2.jar;C:\Users\Rev\.m2\repository\org\seleniumhq\selenium\selenium-ie-driver\4.1.2\selenium-ie-driver-4.1.2.jar;C:\Users\Rev\.m2\repository\org\projectlombok\lombok\1.18.20\lombok-1.18.20.jar;C:\Users\Rev\.m2\repository\io\appium\java-client\8.0.0\java-client-8.0.0.jar;C:\Users\Rev\.m2\repository\commons-validator\commons-validator\1.7\commons-validator-1.7.jar;C:\Users\Rev\.m2\repository\commons-digester\commons-digester\2.1\commons-digester-2.1.jar;C:\Users\Rev\.m2\repository\org\aspectj\aspectjweaver\1.9.8\aspectjweaver-1.9.8.jar;C:\Users\Rev\.m2\repository\org\codehaus\groovy\groovy\3.0.10\groovy-3.0.10.jar;C:\Users\Rev\.m2\repository\net\sf\opencsv\opencsv\2.0\opencsv-2.0.jar;C:\Users\Rev\.m2\repository\commons-beanutils\commons-beanutils\1.9.4\commons-beanutils-1.9.4.jar;C:\Users\Rev\.m2\repository\org\apache\commons\commons-lang3\3.12.0\commons-lang3-3.12.0.jar;C:\Users\Rev\.m2\repository\commons-collections\commons-collections\3.2.2\commons-collections-3.2.2.jar;C:\Users\Rev\.m2\repository\org\fluentlenium\fluentlenium-core\0.10.2\fluentlenium-core-0.10.2.jar;C:\Users\Rev\.m2\repository\io\github\bonigarcia\webdrivermanager\5.1.0\webdrivermanager-5.1.0.jar;C:\Users\Rev\.m2\repository\com\github\docker-java\docker-java\3.2.13\docker-java-3.2.13.jar;C:\Users\Rev\.m2\repository\com\github\docker-java\docker-java-core\3.2.13\docker-java-core-3.2.13.jar;C:\Users\Rev\.m2\repository\com\github\docker-java\docker-java-api\3.2.13\docker-java-api-3.2.13.jar;C:\Users\Rev\.m2\repository\org\apache\commons\commons-compress\1.21\commons-compress-1.21.jar;C:\Users\Rev\.m2\repository\org\bouncycastle\bcpkix-jdk15on\1.64\bcpkix-jdk15on-1.64.jar;C:\Users\Rev\.m2\repository\org\bouncycastle\bcprov-jdk15on\1.64\bcprov-jdk15on-1.64.jar;C:\Users\Rev\.m2\repository\org\slf4j\jcl-over-slf4j\1.7.30\jcl-over-slf4j-1.7.30.jar;C:\Users\Rev\.m2\repository\com\github\docker-java\docker-java-transport-httpclient5\3.2.13\docker-java-transport-httpclient5-3.2.13.jar;C:\Users\Rev\.m2\repository\com\github\docker-java\docker-java-transport\3.2.13\docker-java-transport-3.2.13.jar;C:\Users\Rev\.m2\repository\org\apache\httpcomponents\client5\httpclient5\5.0.3\httpclient5-5.0.3.jar;C:\Users\Rev\.m2\repository\org\apache\httpcomponents\core5\httpcore5\5.0.2\httpcore5-5.0.2.jar;C:\Users\Rev\.m2\repository\net\java\dev\jna\jna\5.8.0\jna-5.8.0.jar;C:\Users\Rev\.m2\repository\org\brotli\dec\0.1.2\dec-0.1.2.jar;C:\Users\Rev\.m2\repository\com\jhlabs\filters\2.0.235\filters-2.0.235.jar;C:\Users\Rev\.m2\repository\com\paulhammant\ngwebdriver\1.1.6\ngwebdriver-1.1.6.jar;C:\Users\Rev\.m2\repository\joda-time\joda-time\2.8.2\joda-time-2.8.2.jar;C:\Users\Rev\.m2\repository\org\hamcrest\hamcrest\2.2\hamcrest-2.2.jar;C:\Users\Rev\.m2\repository\com\google\jimfs\jimfs\1.2\jimfs-1.2.jar;C:\Users\Rev\.m2\repository\org\mockito\mockito-core\3.3.3\mockito-core-3.3.3.jar;C:\Users\Rev\.m2\repository\javax\xml\bind\jaxb-api\2.3.1\jaxb-api-2.3.1.jar;C:\Users\Rev\.m2\repository\javax\activation\javax.activation-api\1.2.0\javax.activation-api-1.2.0.jar;C:\Users\Rev\.m2\repository\com\sun\xml\bind\jaxb-core\2.3.0.1\jaxb-core-2.3.0.1.jar;C:\Users\Rev\.m2\repository\com\sun\xml\bind\jaxb-impl\2.3.3\jaxb-impl-2.3.3.jar;C:\Users\Rev\.m2\repository\jakarta\xml\bind\jakarta.xml.bind-api\2.3.3\jakarta.xml.bind-api-2.3.3.jar;C:\Users\Rev\.m2\repository\com\sun\activation\jakarta.activation\1.2.2\jakarta.activation-1.2.2.jar;C:\Users\Rev\.m2\repository\javax\activation\activation\1.1.1\activation-1.1.1.jar;C:\Users\Rev\.m2\repository\net\serenity-bdd\serenity-cucumber\3.2.1\serenity-cucumber-3.2.1.jar;C:\Users\Rev\.m2\repository\io\cucumber\cucumber-core\7.2.3\cucumber-core-7.2.3.jar;C:\Users\Rev\.m2\repository\io\cucumber\cucumber-gherkin\7.2.3\cucumber-gherkin-7.2.3.jar;C:\Users\Rev\.m2\repository\io\cucumber\cucumber-gherkin-messages\7.2.3\cucumber-gherkin-messages-7.2.3.jar;C:\Users\Rev\.m2\repository\io\cucumber\messages\17.1.1\messages-17.1.1.jar;C:\Users\Rev\.m2\repository\io\cucumber\tag-expressions\4.1.0\tag-expressions-4.1.0.jar;C:\Users\Rev\.m2\repository\io\cucumber\cucumber-expressions\15.0.1\cucumber-expressions-15.0.1.jar;C:\Users\Rev\.m2\repository\io\cucumber\datatable\7.2.3\datatable-7.2.3.jar;C:\Users\Rev\.m2\repository\io\cucumber\cucumber-plugin\7.2.3\cucumber-plugin-7.2.3.jar;C:\Users\Rev\.m2\repository\io\cucumber\docstring\7.2.3\docstring-7.2.3.jar;C:\Users\Rev\.m2\repository\io\cucumber\html-formatter\17.0.0\html-formatter-17.0.0.jar;C:\Users\Rev\.m2\repository\io\cucumber\ci-environment\8.1.0\ci-environment-8.1.0.jar;C:\Users\Rev\.m2\repository\io\cucumber\cucumber-junit\7.2.3\cucumber-junit-7.2.3.jar;C:\Users\Rev\.m2\repository\org\apache\commons\commons-csv\1.5\commons-csv-1.5.jar;C:\Users\Rev\.m2\repository\net\serenity-bdd\serenity-screenplay\3.2.1\serenity-screenplay-3.2.1.jar;C:\Users\Rev\.m2\repository\net\serenity-bdd\serenity-screenplay-webdriver\3.2.1\serenity-screenplay-webdriver-3.2.1.jar;C:\Users\Rev\.m2\repository\net\serenity-bdd\serenity-ensure\3.2.1\serenity-ensure-3.2.1.jar;C:\Users\Rev\.m2\repository\net\serenity-bdd\serenity-junit\3.2.1\serenity-junit-3.2.1.jar;C:\Users\Rev\.m2\repository\org\jetbrains\kotlin\kotlin-stdlib\1.6.0\kotlin-stdlib-1.6.0.jar;C:\Users\Rev\.m2\repository\org\jetbrains\annotations\13.0\annotations-13.0.jar;C:\Users\Rev\.m2\repository\org\jetbrains\kotlin\kotlin-stdlib-common\1.6.0\kotlin-stdlib-common-1.6.0.jar;C:\Users\Rev\.m2\repository\org\junit\platform\junit-platform-launcher\1.8.1\junit-platform-launcher-1.8.1.jar;C:\Users\Rev\.m2\repository\org\junit\platform\junit-platform-engine\1.8.1\junit-platform-engine-1.8.1.jar;C:\Users\Rev\.m2\repository\org\opentest4j\opentest4j\1.2.0\opentest4j-1.2.0.jar;C:\Users\Rev\.m2\repository\org\junit\platform\junit-platform-commons\1.8.1\junit-platform-commons-1.8.1.jar;C:\Users\Rev\.m2\repository\org\apiguardian\apiguardian-api\1.1.2\apiguardian-api-1.1.2.jar;C:\Users\Rev\.m2\repository\org\junit\jupiter\junit-jupiter-engine\5.8.2\junit-jupiter-engine-5.8.2.jar;C:\Users\Rev\.m2\repository\org\junit\jupiter\junit-jupiter-api\5.8.2\junit-jupiter-api-5.8.2.jar;C:\Users\Rev\.m2\repository\org\junit\vintage\junit-vintage-engine\5.8.2\junit-vintage-engine-5.8.2.jar;C:\Users\Rev\.m2\repository\junit\junit\4.13.2\junit-4.13.2.jar;C:\Users\Rev\.m2\repository\org\hamcrest\hamcrest-core\1.3\hamcrest-core-1.3.jar;C:\Users\Rev\.m2\repository\ch\qos\logback\logback-classic\1.2.10\logback-classic-1.2.10.jar;C:\Users\Rev\.m2\repository\ch\qos\logback\logback-core\1.2.10\logback-core-1.2.10.jar;C:\Users\Rev\.m2\repository\org\slf4j\slf4j-api\1.7.32\slf4j-api-1.7.32.jar;C:\Users\Rev\.m2\repository\org\assertj\assertj-core\3.6.2\assertj-core-3.6.2.jar;C:\Users\Rev\.m2\repository\org\apache\maven\surefire\surefire-junit-platform\3.0.0-M5\surefire-junit-platform-3.0.0-M5.jar;C:\Users\Rev\.m2\repository\org\apache\maven\surefire\common-java5\3.0.0-M5\common-java5-3.0.0-M5.jar"/>
    <property name="user.script" value=""/>
    <property name="java.protocol.handler.pkgs" value="com.google.common"/>
    <property name="sun.management.compiler" value="HotSpot 64-Bit Tiered Compilers"/>
    <property name="java.runtime.version" value="17.0.2+8-LTS-86"/>
    <property name="user.name" value="Rev"/>
    <property name="path.separator" value=";"/>
    <property name="os.version" value="10.0"/>
    <property name="java.runtime.name" value="Java(TM) SE Runtime Environment"/>
    <property name="file.encoding" value="Cp1252"/>
    <property name="webdriver.base.url" value=""/>
    <property name="java.vm.name" value="Java HotSpot(TM) 64-Bit Server VM"/>
    <property name="localRepository" value="C:\Users\Rev\.m2\repository"/>
    <property name="java.vendor.url.bug" value="https://bugreport.java.com/bugreport/"/>
    <property name="java.io.tmpdir" value="C:\Users\Rev\AppData\Local\Temp\"/>
    <property name="java.version" value="17.0.2"/>
    <property name="user.dir" value="D:\alta folder\New folder\Web Testing"/>
    <property name="os.arch" value="amd64"/>
    <property name="java.vm.specification.name" value="Java Virtual Machine Specification"/>
    <property name="sun.os.patch.level" value=""/>
    <property name="native.encoding" value="Cp1252"/>
    <property name="java.library.path" value="C:\Program Files\Java\jdk-17.0.2\bin;C:\Windows\Sun\Java\bin;C:\Windows\system32;C:\Windows;C:\Program Files\Common Files\Oracle\Java\javapath;C:\Windows\system32;C:\Windows;C:\Windows\System32\Wbem;C:\Windows\System32\WindowsPowerShell\v1.0\;C:\Windows\System32\OpenSSH\;C:\Program Files (x86)\dotnet\;C:\Program Files\NVIDIA Corporation\NVIDIA NvDLISR;C:\Program Files\MATLAB\R2017a\runtime\win64;C:\Program Files\MATLAB\R2017a\bin;C:\Program Files (x86)\NVIDIA Corporation\PhysX\Common;C:\Program Files\Git\cmd;C:\Program Files\apache-maven-3.8.5\bin;C:\Program Files\nodejs\;C:\Users\Rev\AppData\Local\Android\Sdk\platform-tools;C:\Program Files\Microsoft SQL Server\110\Tools\Binn\;C:\Users\Rev\AppData\Local\Microsoft\WindowsApps;;C:\IntelliJ IDEA Community Edition 2021.3.2\bin;;C:\Users\Rev\AppData\Roaming\npm;."/>
    <property name="java.vm.info" value="mixed mode"/>
    <property name="java.vendor" value="Oracle Corporation"/>
    <property name="java.vm.version" value="17.0.2+8-LTS-86"/>
    <property name="sun.io.unicode.encoding" value="UnicodeLittle"/>
    <property name="java.class.version" value="61.0"/>
  </properties>
  <testcase name="As a user, i able to login successfully" classname="As a user, I want to login so that i can see my homepage" time="18.302">
    <system-out><![CDATA[12:12:04.068 [main] INFO io.cucumber.core.plugin.SerenityReporter - Running feature from file:///D:/alta%20folder/New%20folder/Web%20Testing/src/test/resources/features/Login.feature
12:12:04.278 [main] INFO  - 

-------------------------------------------------------------------------------------
     _______. _______ .______       _______ .__   __.  __  .___________.____    ____ 
    /       ||   ____||   _  \     |   ____||  \ |  | |  | |           |\   \  /   / 
   |   (----`|  |__   |  |_)  |    |  |__   |   \|  | |  | `---|  |----` \   \/   /  
    \   \    |   __|  |      /     |   __|  |  . `  | |  |     |  |       \_    _/   
.----)   |   |  |____ |  |\  \----.|  |____ |  |\   | |  |     |  |         |  |     
|_______/    |_______|| _| `._____||_______||__| \__| |__|     |__|         |__|    
                                                                                     
 News and tutorials at http://www.serenity-bdd.info                                  
 Documentation at https://wakaleo.gitbooks.io/the-serenity-book/content/             
 Join the Serenity Community on Gitter: https://gitter.im/serenity-bdd/serenity-core 
 Serenity BDD Support and Training at http://serenity-bdd.info/#/trainingandsupport  
-------------------------------------------------------------------------------------

12:12:04.281 [main] DEBUG net.thucydides.core.steps.StepEventBus - Test suite started for story net.thucydides.core.model.Story@24968e21
12:12:04.284 [main] INFO  - Test Suite Started: As a user, I want to login so that i can see my homepage
12:12:04.303 [main] INFO io.cucumber.core.plugin.SerenityReporter - Running feature from file:///D:/alta%20folder/New%20folder/Web%20Testing/src/test/resources/features/Order.feature
12:12:04.307 [main] DEBUG net.thucydides.core.steps.StepEventBus - Test suite started for story net.thucydides.core.model.Story@bed6f419
12:12:04.308 [main] INFO  - Test Suite Started: As user I want to order product so that i can have it
12:12:04.308 [main] INFO io.cucumber.core.plugin.SerenityReporter - Running feature from file:///D:/alta%20folder/New%20folder/Web%20Testing/src/test/resources/features/RatingsProduct.feature
12:12:04.311 [main] DEBUG net.thucydides.core.steps.StepEventBus - Test suite started for story net.thucydides.core.model.Story@5b28db70
12:12:04.312 [main] INFO  - Test Suite Started: user can see detail or rating of products
12:12:04.312 [main] INFO io.cucumber.core.plugin.SerenityReporter - Running feature from file:///D:/alta%20folder/New%20folder/Web%20Testing/src/test/resources/features/Register.feature
12:12:04.316 [main] DEBUG net.thucydides.core.steps.StepEventBus - Test suite started for story net.thucydides.core.model.Story@506a188d
12:12:04.317 [main] INFO  - Test Suite Started: As a user i want to register for my account so that i can go shop
12:12:04.317 [main] INFO io.cucumber.core.plugin.SerenityReporter - Running feature from file:///D:/alta%20folder/New%20folder/Web%20Testing/src/test/resources/features/SelectCategory.feature
12:12:04.320 [main] DEBUG net.thucydides.core.steps.StepEventBus - Test suite started for story net.thucydides.core.model.Story@64a97f89
12:12:04.321 [main] INFO  - Test Suite Started: as a user choose the desired category such as the health category
12:12:04.321 [main] INFO io.cucumber.core.plugin.SerenityReporter - Running feature from file:///D:/alta%20folder/New%20folder/Web%20Testing/src/test/resources/features/Login.feature
12:12:04.324 [main] DEBUG net.thucydides.core.steps.StepEventBus - Test suite started for story net.thucydides.core.model.Story@24968e21
12:12:04.324 [main] INFO  - Test Suite Started: As a user, I want to login so that i can see my homepage

Scenario: As a user, i able to login successfully &amp#27;[90m# src/test/resources/features/Login.feature:3&amp#27;[0m
12:12:04.416 [main] INFO io.cucumber.core.plugin.SerenityReporter - Running feature from file:///D:/alta%20folder/New%20folder/Web%20Testing/src/test/resources/features/Login.feature
12:12:04.544 [main] INFO  - 
  _____   ___   ___   _____     ___   _____     _     ___   _____   ___   ___  
 |_   _| | __| / __| |_   _|   / __| |_   _|   /_\   | _ \ |_   _| | __| |   \ 
   | |   | _|  \__ \   | |     \__ \   | |    / _ \  |   /   | |   | _|  | |) |
   |_|   |___| |___/   |_|     |___/   |_|   /_/ \_\ |_|_\   |_|   |___| |___/ 

As a user, i able to login successfully(as-a-user--i-want-to-login-so-that-i-can-see-my-homepage;as-a-user--i-able-to-login-successfully)
--------------------------------------------------------------------------------
12:12:05.316 [main] DEBUG net.thucydides.core.steps.StepInterceptor - STARTING STEP: LoginSteps.ontheLoginPage - openPage
12:12:05.356 [main] INFO net.serenitybdd.core.webdriver.driverproviders.ChromeDriverProvider - Using automatically driver download
12:12:06.127 [main] DEBUG io.github.bonigarcia.wdm.cache.ResolutionCache - Removing resolution chrome=101 from cache (expired on Tue May 10 22:51:26 WITA 2022)
12:12:06.153 [main] DEBUG org.apache.hc.client5.http.impl.classic.InternalHttpClient - ex-00000001: preparing request execution
12:12:06.159 [main] DEBUG org.apache.hc.client5.http.protocol.RequestAddCookies - Cookie spec selected: strict
12:12:06.165 [main] DEBUG org.apache.hc.client5.http.protocol.RequestAuthCache - Auth cache not set in the context
12:12:06.165 [main] DEBUG org.apache.hc.client5.http.impl.classic.ProtocolExec - ex-00000001: target auth state: UNCHALLENGED
12:12:06.166 [main] DEBUG org.apache.hc.client5.http.impl.classic.ProtocolExec - ex-00000001: proxy auth state: UNCHALLENGED
12:12:06.166 [main] DEBUG org.apache.hc.client5.http.impl.classic.ConnectExec - ex-00000001: acquiring connection with route {s}->https://raw.githubusercontent.com:443
12:12:06.166 [main] DEBUG org.apache.hc.client5.http.impl.classic.InternalHttpClient - ex-00000001: acquiring endpoint (3 MINUTES)
12:12:06.168 [main] DEBUG org.apache.hc.client5.http.impl.io.PoolingHttpClientConnectionManager - ex-00000001: endpoint lease request (3 MINUTES) [route: {s}->https://raw.githubusercontent.com:443][total available: 0; route allocated: 0 of 5; total allocated: 0 of 25]
12:12:06.172 [main] DEBUG org.apache.hc.client5.http.impl.io.PoolingHttpClientConnectionManager - ex-00000001: endpoint leased [route: {s}->https://raw.githubusercontent.com:443][total available: 0; route allocated: 1 of 5; total allocated: 1 of 25]
12:12:06.184 [main] DEBUG org.apache.hc.client5.http.impl.io.PoolingHttpClientConnectionManager - ex-00000001: acquired ep-00000000
12:12:06.185 [main] DEBUG org.apache.hc.client5.http.impl.classic.InternalHttpClient - ex-00000001: acquired endpoint ep-00000000
12:12:06.185 [main] DEBUG org.apache.hc.client5.http.impl.classic.ConnectExec - ex-00000001: opening connection {s}->https://raw.githubusercontent.com:443
12:12:06.186 [main] DEBUG org.apache.hc.client5.http.impl.classic.InternalHttpClient - ep-00000000: connecting endpoint (30 SECONDS)
12:12:06.186 [main] DEBUG org.apache.hc.client5.http.impl.io.PoolingHttpClientConnectionManager - ep-00000000: connecting endpoint to https://raw.githubusercontent.com:443 (30 SECONDS)
12:12:06.203 [main] DEBUG org.apache.hc.client5.http.impl.io.DefaultHttpClientConnectionOperator - http-outgoing-0: connecting to raw.githubusercontent.com/185.199.108.133:443
12:12:06.204 [main] DEBUG org.apache.hc.client5.http.ssl.SSLConnectionSocketFactory - Connecting socket to raw.githubusercontent.com/185.199.108.133:443 with timeout 30 SECONDS
12:12:06.273 [main] DEBUG org.apache.hc.client5.http.ssl.SSLConnectionSocketFactory - Enabled protocols: [TLSv1.3, TLSv1.2]
12:12:06.273 [main] DEBUG org.apache.hc.client5.http.ssl.SSLConnectionSocketFactory - Enabled cipher suites: [TLS_AES_256_GCM_SHA384, TLS_AES_128_GCM_SHA256, TLS_CHACHA20_POLY1305_SHA256, TLS_ECDHE_ECDSA_WITH_AES_256_GCM_SHA384, TLS_ECDHE_ECDSA_WITH_AES_128_GCM_SHA256, TLS_ECDHE_ECDSA_WITH_CHACHA20_POLY1305_SHA256, TLS_ECDHE_RSA_WITH_AES_256_GCM_SHA384, TLS_ECDHE_RSA_WITH_CHACHA20_POLY1305_SHA256, TLS_ECDHE_RSA_WITH_AES_128_GCM_SHA256, TLS_DHE_RSA_WITH_AES_256_GCM_SHA384, TLS_DHE_RSA_WITH_CHACHA20_POLY1305_SHA256, TLS_DHE_DSS_WITH_AES_256_GCM_SHA384, TLS_DHE_RSA_WITH_AES_128_GCM_SHA256, TLS_DHE_DSS_WITH_AES_128_GCM_SHA256, TLS_ECDHE_ECDSA_WITH_AES_256_CBC_SHA384, TLS_ECDHE_RSA_WITH_AES_256_CBC_SHA384, TLS_ECDHE_ECDSA_WITH_AES_128_CBC_SHA256, TLS_ECDHE_RSA_WITH_AES_128_CBC_SHA256, TLS_DHE_RSA_WITH_AES_256_CBC_SHA256, TLS_DHE_DSS_WITH_AES_256_CBC_SHA256, TLS_DHE_RSA_WITH_AES_128_CBC_SHA256, TLS_DHE_DSS_WITH_AES_128_CBC_SHA256, TLS_ECDH_ECDSA_WITH_AES_256_GCM_SHA384, TLS_ECDH_RSA_WITH_AES_256_GCM_SHA384, TLS_ECDH_ECDSA_WITH_AES_128_GCM_SHA256, TLS_ECDH_RSA_WITH_AES_128_GCM_SHA256, TLS_ECDH_ECDSA_WITH_AES_256_CBC_SHA384, TLS_ECDH_RSA_WITH_AES_256_CBC_SHA384, TLS_ECDH_ECDSA_WITH_AES_128_CBC_SHA256, TLS_ECDH_RSA_WITH_AES_128_CBC_SHA256, TLS_ECDHE_ECDSA_WITH_AES_256_CBC_SHA, TLS_ECDHE_RSA_WITH_AES_256_CBC_SHA, TLS_ECDHE_ECDSA_WITH_AES_128_CBC_SHA, TLS_ECDHE_RSA_WITH_AES_128_CBC_SHA, TLS_DHE_RSA_WITH_AES_256_CBC_SHA, TLS_DHE_DSS_WITH_AES_256_CBC_SHA, TLS_DHE_RSA_WITH_AES_128_CBC_SHA, TLS_DHE_DSS_WITH_AES_128_CBC_SHA, TLS_ECDH_ECDSA_WITH_AES_256_CBC_SHA, TLS_ECDH_RSA_WITH_AES_256_CBC_SHA, TLS_ECDH_ECDSA_WITH_AES_128_CBC_SHA, TLS_ECDH_RSA_WITH_AES_128_CBC_SHA, TLS_RSA_WITH_AES_256_GCM_SHA384, TLS_RSA_WITH_AES_128_GCM_SHA256, TLS_RSA_WITH_AES_256_CBC_SHA256, TLS_RSA_WITH_AES_128_CBC_SHA256, TLS_RSA_WITH_AES_256_CBC_SHA, TLS_RSA_WITH_AES_128_CBC_SHA, TLS_EMPTY_RENEGOTIATION_INFO_SCSV]
12:12:06.273 [main] DEBUG org.apache.hc.client5.http.ssl.SSLConnectionSocketFactory - Starting handshake
12:12:06.373 [main] DEBUG org.apache.hc.client5.http.ssl.SSLConnectionSocketFactory - Secure session established
12:12:06.373 [main] DEBUG org.apache.hc.client5.http.ssl.SSLConnectionSocketFactory -  negotiated protocol: TLSv1.3
12:12:06.373 [main] DEBUG org.apache.hc.client5.http.ssl.SSLConnectionSocketFactory -  negotiated cipher suite: TLS_AES_256_GCM_SHA384
12:12:06.373 [main] DEBUG org.apache.hc.client5.http.ssl.SSLConnectionSocketFactory -  peer principal: CN=*.github.io, O="GitHub, Inc.", L=San Francisco, ST=California, C=US
12:12:06.375 [main] DEBUG org.apache.hc.client5.http.ssl.SSLConnectionSocketFactory -  peer alternative names: [*.github.io, github.com, *.github.com, www.github.com, github.io, githubusercontent.com, *.githubusercontent.com]
12:12:06.375 [main] DEBUG org.apache.hc.client5.http.ssl.SSLConnectionSocketFactory -  issuer principal: CN=DigiCert TLS RSA SHA256 2020 CA1, O=DigiCert Inc, C=US
12:12:06.375 [main] DEBUG org.apache.hc.client5.http.impl.io.DefaultHttpClientConnectionOperator - http-outgoing-0: connection established 192.168.1.9:49416<->185.199.108.133:443
12:12:06.376 [main] DEBUG org.apache.hc.client5.http.impl.io.PoolingHttpClientConnectionManager - ep-00000000: connected http-outgoing-0
12:12:06.376 [main] DEBUG org.apache.hc.client5.http.impl.classic.InternalHttpClient - ep-00000000: endpoint connected
12:12:06.377 [main] DEBUG org.apache.hc.client5.http.impl.classic.MainClientExec - ex-00000001: executing GET /bonigarcia/webdrivermanager/master/src/main/resources/commands.properties HTTP/1.1
12:12:06.377 [main] DEBUG org.apache.hc.client5.http.impl.classic.InternalHttpClient - ep-00000000: start execution ex-00000001
12:12:06.377 [main] DEBUG org.apache.hc.client5.http.impl.io.PoolingHttpClientConnectionManager - ep-00000000: executing exchange ex-00000001 over http-outgoing-0
12:12:06.378 [main] DEBUG org.apache.hc.client5.http.headers - http-outgoing-0 >> GET /bonigarcia/webdrivermanager/master/src/main/resources/commands.properties HTTP/1.1
12:12:06.378 [main] DEBUG org.apache.hc.client5.http.headers - http-outgoing-0 >> user-agent: Apache-HttpClient/5.0
12:12:06.378 [main] DEBUG org.apache.hc.client5.http.headers - http-outgoing-0 >> accept-encoding: gzip, deflate, br
12:12:06.378 [main] DEBUG org.apache.hc.client5.http.headers - http-outgoing-0 >> cache-control: max-age=0
12:12:06.378 [main] DEBUG org.apache.hc.client5.http.headers - http-outgoing-0 >> connection: keep-alive
12:12:06.378 [main] DEBUG org.apache.hc.client5.http.headers - http-outgoing-0 >> Host: raw.githubusercontent.com
12:12:06.378 [main] DEBUG org.apache.hc.client5.http.wire - http-outgoing-0 >> "GET /bonigarcia/webdrivermanager/master/src/main/resources/commands.properties HTTP/1.1[\r][\n]"
12:12:06.378 [main] DEBUG org.apache.hc.client5.http.wire - http-outgoing-0 >> "user-agent: Apache-HttpClient/5.0[\r][\n]"
12:12:06.378 [main] DEBUG org.apache.hc.client5.http.wire - http-outgoing-0 >> "accept-encoding: gzip, deflate, br[\r][\n]"
12:12:06.378 [main] DEBUG org.apache.hc.client5.http.wire - http-outgoing-0 >> "cache-control: max-age=0[\r][\n]"
12:12:06.378 [main] DEBUG org.apache.hc.client5.http.wire - http-outgoing-0 >> "connection: keep-alive[\r][\n]"
12:12:06.378 [main] DEBUG org.apache.hc.client5.http.wire - http-outgoing-0 >> "Host: raw.githubusercontent.com[\r][\n]"
12:12:06.378 [main] DEBUG org.apache.hc.client5.http.wire - http-outgoing-0 >> "[\r][\n]"
12:12:06.397 [main] DEBUG org.apache.hc.client5.http.wire - http-outgoing-0 << "HTTP/1.1 200 OK[\r][\n]"
12:12:06.397 [main] DEBUG org.apache.hc.client5.http.wire - http-outgoing-0 << "Connection: keep-alive[\r][\n]"
12:12:06.397 [main] DEBUG org.apache.hc.client5.http.wire - http-outgoing-0 << "Content-Length: 723[\r][\n]"
12:12:06.397 [main] DEBUG org.apache.hc.client5.http.wire - http-outgoing-0 << "Cache-Control: max-age=300[\r][\n]"
12:12:06.397 [main] DEBUG org.apache.hc.client5.http.wire - http-outgoing-0 << "Content-Security-Policy: default-src 'none'; style-src 'unsafe-inline'; sandbox[\r][\n]"
12:12:06.398 [main] DEBUG org.apache.hc.client5.http.wire - http-outgoing-0 << "Content-Type: text/plain; charset=utf-8[\r][\n]"
12:12:06.398 [main] DEBUG org.apache.hc.client5.http.wire - http-outgoing-0 << "ETag: W/"e82b438271e9e8680c688b0b680efd0bdd22faa6d6f0a32fc1fd8accc486b67e"[\r][\n]"
12:12:06.398 [main] DEBUG org.apache.hc.client5.http.wire - http-outgoing-0 << "Strict-Transport-Security: max-age=31536000[\r][\n]"
12:12:06.398 [main] DEBUG org.apache.hc.client5.http.wire - http-outgoing-0 << "X-Content-Type-Options: nosniff[\r][\n]"
12:12:06.398 [main] DEBUG org.apache.hc.client5.http.wire - http-outgoing-0 << "X-Frame-Options: deny[\r][\n]"
12:12:06.398 [main] DEBUG org.apache.hc.client5.http.wire - http-outgoing-0 << "X-XSS-Protection: 1; mode=block[\r][\n]"
12:12:06.398 [main] DEBUG org.apache.hc.client5.http.wire - http-outgoing-0 << "X-GitHub-Request-Id: 838C:6DC1:1C99DF:2CAE53:62707C45[\r][\n]"
12:12:06.398 [main] DEBUG org.apache.hc.client5.http.wire - http-outgoing-0 << "Content-Encoding: gzip[\r][\n]"
12:12:06.398 [main] DEBUG org.apache.hc.client5.http.wire - http-outgoing-0 << "Accept-Ranges: bytes[\r][\n]"
12:12:06.398 [main] DEBUG org.apache.hc.client5.http.wire - http-outgoing-0 << "Date: Wed, 11 May 2022 04:11:39 GMT[\r][\n]"
12:12:06.398 [main] DEBUG org.apache.hc.client5.http.wire - http-outgoing-0 << "Via: 1.1 varnish[\r][\n]"
12:12:06.398 [main] DEBUG org.apache.hc.client5.http.wire - http-outgoing-0 << "X-Served-By: cache-qpg1271-QPG[\r][\n]"
12:12:06.398 [main] DEBUG org.apache.hc.client5.http.wire - http-outgoing-0 << "X-Cache: HIT[\r][\n]"
12:12:06.398 [main] DEBUG org.apache.hc.client5.http.wire - http-outgoing-0 << "X-Cache-Hits: 1[\r][\n]"
12:12:06.398 [main] DEBUG org.apache.hc.client5.http.wire - http-outgoing-0 << "X-Timer: S1652242299.003525,VS0,VE1[\r][\n]"
12:12:06.398 [main] DEBUG org.apache.hc.client5.http.wire - http-outgoing-0 << "Vary: Authorization,Accept-Encoding,Origin[\r][\n]"
12:12:06.398 [main] DEBUG org.apache.hc.client5.http.wire - http-outgoing-0 << "Access-Control-Allow-Origin: *[\r][\n]"
12:12:06.398 [main] DEBUG org.apache.hc.client5.http.wire - http-outgoing-0 << "X-Fastly-Request-ID: 1bd7cfaa873e3783c14a462aa0927f922210a8b4[\r][\n]"
12:12:06.398 [main] DEBUG org.apache.hc.client5.http.wire - http-outgoing-0 << "Expires: Wed, 11 May 2022 04:16:39 GMT[\r][\n]"
12:12:06.398 [main] DEBUG org.apache.hc.client5.http.wire - http-outgoing-0 << "Source-Age: 73[\r][\n]"
12:12:06.398 [main] DEBUG org.apache.hc.client5.http.wire - http-outgoing-0 << "[\r][\n]"
12:12:06.401 [main] DEBUG org.apache.hc.client5.http.headers - http-outgoing-0 << HTTP/1.1 200 OK
12:12:06.401 [main] DEBUG org.apache.hc.client5.http.headers - http-outgoing-0 << Connection: keep-alive
12:12:06.401 [main] DEBUG org.apache.hc.client5.http.headers - http-outgoing-0 << Content-Length: 723
12:12:06.401 [main] DEBUG org.apache.hc.client5.http.headers - http-outgoing-0 << Cache-Control: max-age=300
12:12:06.401 [main] DEBUG org.apache.hc.client5.http.headers - http-outgoing-0 << Content-Security-Policy: default-src 'none'; style-src 'unsafe-inline'; sandbox
12:12:06.401 [main] DEBUG org.apache.hc.client5.http.headers - http-outgoing-0 << Content-Type: text/plain; charset=utf-8
12:12:06.401 [main] DEBUG org.apache.hc.client5.http.headers - http-outgoing-0 << ETag: W/"e82b438271e9e8680c688b0b680efd0bdd22faa6d6f0a32fc1fd8accc486b67e"
12:12:06.401 [main] DEBUG org.apache.hc.client5.http.headers - http-outgoing-0 << Strict-Transport-Security: max-age=31536000
12:12:06.401 [main] DEBUG org.apache.hc.client5.http.headers - http-outgoing-0 << X-Content-Type-Options: nosniff
12:12:06.401 [main] DEBUG org.apache.hc.client5.http.headers - http-outgoing-0 << X-Frame-Options: deny
12:12:06.401 [main] DEBUG org.apache.hc.client5.http.headers - http-outgoing-0 << X-XSS-Protection: 1; mode=block
12:12:06.401 [main] DEBUG org.apache.hc.client5.http.headers - http-outgoing-0 << X-GitHub-Request-Id: 838C:6DC1:1C99DF:2CAE53:62707C45
12:12:06.401 [main] DEBUG org.apache.hc.client5.http.headers - http-outgoing-0 << Content-Encoding: gzip
12:12:06.401 [main] DEBUG org.apache.hc.client5.http.headers - http-outgoing-0 << Accept-Ranges: bytes
12:12:06.401 [main] DEBUG org.apache.hc.client5.http.headers - http-outgoing-0 << Date: Wed, 11 May 2022 04:11:39 GMT
12:12:06.401 [main] DEBUG org.apache.hc.client5.http.headers - http-outgoing-0 << Via: 1.1 varnish
12:12:06.402 [main] DEBUG org.apache.hc.client5.http.headers - http-outgoing-0 << X-Served-By: cache-qpg1271-QPG
12:12:06.402 [main] DEBUG org.apache.hc.client5.http.headers - http-outgoing-0 << X-Cache: HIT
12:12:06.402 [main] DEBUG org.apache.hc.client5.http.headers - http-outgoing-0 << X-Cache-Hits: 1
12:12:06.402 [main] DEBUG org.apache.hc.client5.http.headers - http-outgoing-0 << X-Timer: S1652242299.003525,VS0,VE1
12:12:06.402 [main] DEBUG org.apache.hc.client5.http.headers - http-outgoing-0 << Vary: Authorization,Accept-Encoding,Origin
12:12:06.402 [main] DEBUG org.apache.hc.client5.http.headers - http-outgoing-0 << Access-Control-Allow-Origin: *
12:12:06.402 [main] DEBUG org.apache.hc.client5.http.headers - http-outgoing-0 << X-Fastly-Request-ID: 1bd7cfaa873e3783c14a462aa0927f922210a8b4
12:12:06.402 [main] DEBUG org.apache.hc.client5.http.headers - http-outgoing-0 << Expires: Wed, 11 May 2022 04:16:39 GMT
12:12:06.402 [main] DEBUG org.apache.hc.client5.http.headers - http-outgoing-0 << Source-Age: 73
12:12:06.405 [main] DEBUG org.apache.hc.client5.http.impl.classic.MainClientExec - ex-00000001: connection can be kept alive for 3 MINUTES
12:12:06.409 [main] DEBUG org.apache.hc.client5.http.wire - http-outgoing-0 << "[0x1f][0xffffff8b][0x8][0x0][0x0][0x0][0x0][0x0][0x0][0x3][0xffffffb5]V]o[0xffffffda]0[0x14]}[0xffffffe7]W\[0xffffff81]*[0xffffffb5][0x12][0x1f][[M[0xffffffd3]$[0x1e]hF[0xffffffbb]i [0x18][0xffffffb4][0xffffffdd]&[0xfffffff9][0xffffffc5]$7[0xffffffc1]R[0x12]#;[0xffffff94]v[0xffffffbf]~[0xffffffb6][0xfffffff3]1[0xffffff92][0xffffff9a][0xffffffc1][0x1a]x[0xffffffcb][0xffffffb5][0xffffffaf][0xffffffcf]9[0xffffffbe][0xfffffff7]8v[0xb][0x1c][0x1e]E4[0xfffffff6]$x4[0xffffffa1][0xb]*[0xffffffb1][0xffffffd1][0xffffff82][0xfffffffb]%[0xffffff93][0xffffffe0][0xffffffb3][0x10][0xffffffc1][0xffffffe5]qBY,!Y[0xffffffea] KM8,[0x10][0xfffffff0][0x19][0xffffffdd]u[0xffffff82][0x1e][0xffffffb0][0xffffffd8]L[0xffffffcb]%[0xffffff86][0xffffffa1][0xe][0xffffffb8][0xfffffff0]P[0xffffffe8]$[0xf][0x13]t[0x13]3[0xfffffff9][0xffffff84]B2[0xffffffae][0xffffffe6]|@[0xfffffff5][0x1d][0x8][0xffffffc4][0x18][0x16][0xffffff82]o[0xffffffa4][0xffffff9a]P[0xffffff94][0xffffffe7][0xffffffce]R[0xfffffff0][0x8][0xffffffdb]p[0xffffffcb][0x4][0xfffffffa][0xfffffffc][0xffffffb9][\r][0xffffff93][0x15][\n]"
12:12:06.410 [main] DEBUG org.apache.hc.client5.http.wire - http-outgoing-0 << "[0xffffffda][0xffffff86][0xffffffa1][0x17][0xffffffa8]Q3[0xffffffcb][0xffffffd6][0xffffffd1][0xffffff85][0xffffffc6][0xfffffff7][0xffffff98][0xffffffef][0xffffffa3][0xffffffc0]8[0x1][0xffffffae]s[0x12][0x16][0x7] _d[0xffffff82][0xffffff91][0xffffff84][0xfffffff3][0x1f],[0xfffffff6][0x14]j[0x1b]F,^+[0xffffff98]1ua2[0xffffffbf]h([0xffffff8e][0xffffff94][0xffffffa2][0xffffff91]m[0xffffffa3][0xffffffeb][0xffffff9a][0xffffffb0][0xffffffbb]I[0x17]t[0xffffffdf][0xffffffbd][0xffffffef][0xffffffbb][0xffffff91][0xffffffd7]U[0xffffffbb][0xffffff82][0xffffff9e][0x3][0xffffff9b][0xffffff88][0xffffffb9][0xffffffa6]$[0xffffffa6][0xc][0xffffff9b][0xffffffa5][0xffffffe2][0xffffff83][0xffffff98]F[0xffffffd8]o[0xffffff9e]Mg[0xffffff93][0xffffffbb][0xffffffd9]`|[0xfffffffb]u4[0xffffff9c][0x7f]"}B[0xffffffce][0x8][0xffffffb9][0xffffffe3]<[0x8][0xffffff91][0xffffff90][0xffffff94][0xffffff82][0xffffff90][0xffffffc1]j[0x15]2WI[0xffffffe3]1![0x19][0xffffff91]BnB[0xffffff80][0x9]<f[0xffffffb5][0xffffffe8]=[0xffffffd1]p[0xffffffbd][[0xffffffcf][0xffffffe5][0x1b][0xfffffff4][0xffffff9c][0xffffffff][0xfffffffc][0xfffffff8][0xffffffe1][0xffffffe2][0xffffff94][0xffffffa2][0xffffffae][0xe][0x14]5[0xffffff9a]8[0xffffff83][0xffffffd1]`:[0xfffffffd]<[0xffffffb8][0x1f][0xffffff9c]R[0xffffffcf]u[0x7f]6[0xffffffbc][0xffffff83][0xffffffef][0xf][0xffffffc3][0xffffffd9]/[0xfffffff8][0xfffffff2][0xffffffcd]y s[0xffffffee]'[0x1b]*0g[0xffffffcb][0xffffffc8]nF7H][0xffffff83][0xffffff97]{[0xffffffb1]Q[0x5][\r][0xffffffb5]c[0xffffffb4][0xf][0x2][0xffffffb3][0xffffffb4][0xffffff93][0xe]C[0xffffffa7][0xffffffb3]kAD][0xffffff9d][0xffffffde][0xffffffdb][0xffffffda][0xffffff88][0xffffffec][0xffffffa5][0xffffffbc][0xffffff99][0xffffffd9][0xffffffba]t[0xffffffb5][0xffffffea]9[0xffffffea][0x10])[0xffffffb7][0xffffffca][0xffffff9e][0xfffffff2][0xffffffe2]d^N[0xffffffd8]FW[0x16][0xffffffcd][0xffffffdc]_[0x10][0xfffffff9]i|[0x1c][0xffffff93][0xffffff8e][0xfffffff9]o[0x16][0xffffff86]4'!$G[0xffffffdf]W[0xfffffff4]W*j[[0xfffffff3]xR[0xffffffae][0xffffffb6][0xc][0xffffffd0],; #[0xffffffa9][0xffffff92]5[0xffffffb5][0x7][0xffffff9c][0xffffffb5][0xffffffd0][0x7f][0xffffff90][0xffffffc7]jgs[0xfffffffc][0xffffffc2][0xb][0xffffffd9][0x0]t[0xffffff9e]^'Y[0xfffffffb][0xffffff9f][0xffffffb1][0xffffffd8]:[0xffffffbf][0xffffff8d][0xffffffa5][0xffffff9a][0xffffffad][0x7f]m[0x5]&[0xffffffaa][0xffffffa0]^[0xffffff9b][0xffffffcb][0x5]f[0xffffffae][0xffffffe0]RU[0xffffff82][0x10]MS9l[0xffffff91]4t[0xfffffffb][0xffffff8a]][0xffffffd6][0xfffffff4][0xffffff96][0xffffffa6][0xffffff9f]P[0xffffffce][0xffffffd5][0xffffffce][0xffffff93][0xffffffff][0xffffff97][0xffffffcc]p[0xfffffffd][0xfffffff3][0xffffffe8][0x1b][0xffffffcc][0xffffffa2][0xffffffd9]Q[0xffffffbe][0xffffffb2][0xffffffa3][0xffffffc7]m'[0xffffffdf][0xffffffe4][[0xfffffffb]^[0xffffffb0][0xffffff9a][0xffffffbe][0xffffffda][0xffffffda]_[0xffffffce][0xffffff80][0xffffffd2][0xffffffc1]7[0xffffffb7]][0xffffffc1]b[0xffffffee][0xffffffb5][0xffffffff]w[0xffffff83][0xffffffed][0xffffffa7];[0x15]<[0x10]4[0xffffff92][0xffffff84][0x18][\n]"
12:12:06.410 [main] DEBUG org.apache.hc.client5.http.wire - http-outgoing-0 << "BB[0xffffffba][0xffffff8e]][0xffffffb5]jo[0xffffffb9]+"[0xffffffea][0xffffffb4][0xffffffff]h"[0xffffffea]\?5[0xffffffa9][0xffffffaf]k[0xffffffec][0xffffffff]P[0xffffffea][\n]"
12:12:06.410 [main] DEBUG org.apache.hc.client5.http.wire - http-outgoing-0 << "w[0xffffffe1]K[0x13][0xffffffda][0xffffffec][0xffffff98][0xffffffe6]Y[0xfffffffd]h8m6[0xffffff9c]T[0xffffffc1][0xfffffff2][0xffffffa7][0xffffff91]z_[0xffffff95]o85p[0x1c][0x13][0xffffffe6][0xfffffff0]5[0xffffffee][0xfffffffc][0xffffff92][0xffffff96][0xffffffda][0xfffffff7][0xffffffcf][0xffffffb1][0x5][0x1d][0xffffffea]K[0xffffff9b]9[0xffffff8e][0xffffffad]e[0xfffffff7][0xffffff93][0xffffffa8]`[0xffffffda][0xffffffff][0x1a][0xffffffd2][0xffffff88][0xffffff85][0xfffffffd][0xfffffff2][0xffffff91]N[0xfffffff6]`[0xffffffdf]2[0xffffffcf][0xffffffae]E[0xffffff97][0xffffffc5][0xffffffa2][0xffffff9d][0xffffffef]'[0xffffff9d]mun.[0xffffffd3]f^[0xffffffc7][0xffffff82][0xffffffda][0xffffff82]9[0xfffffff5][0xffffffa9]`[0x5][0xffffffbc]4[0xffffffa1][0x1d]<M[0xffffffb5]A[0xffffffa7]3[[0xffffffc0][0x7f][0x0][0xffffffc1][0xffffffd0]$[0xffffff85][0x1d][\r][0x0][0x0]"
12:12:06.411 [main] DEBUG org.apache.hc.client5.http.impl.classic.InternalHttpClient - ep-00000000: releasing valid endpoint
12:12:06.411 [main] DEBUG org.apache.hc.client5.http.impl.io.PoolingHttpClientConnectionManager - ep-00000000: releasing endpoint
12:12:06.412 [main] DEBUG org.apache.hc.client5.http.impl.io.PoolingHttpClientConnectionManager - ep-00000000: connection http-outgoing-0 can be kept alive for 3 MINUTES
12:12:06.412 [main] DEBUG org.apache.hc.client5.http.impl.io.PoolingHttpClientConnectionManager - ep-00000000: connection released [route: {s}->https://raw.githubusercontent.com:443][total available: 1; route allocated: 1 of 5; total allocated: 1 of 25]
12:12:06.412 [main] DEBUG io.github.bonigarcia.wdm.versions.VersionDetector - Detecting chrome version using online commands.properties
12:12:06.415 [main] DEBUG io.github.bonigarcia.wdm.versions.Shell - Running command on the shell: [cmd.exe, /C, wmic, datafile, where, name="%PROGRAMFILES:\=\\%\\Google\\Chrome\\Application\\chrome.exe", get, Version, /value]
12:12:06.693 [main] DEBUG io.github.bonigarcia.wdm.versions.Shell - Result: Version=101.0.4951.54
12:12:06.696 [main] DEBUG io.github.bonigarcia.wdm.cache.ResolutionCache - Resolution chrome101=101.0.4951.41 in cache (valid until 21:51:26 11/05/2022 WITA)
12:12:06.698 [main] INFO io.github.bonigarcia.wdm.WebDriverManager - Using chromedriver 101.0.4951.41 (resolved driver for Chrome 101)
12:12:06.703 [main] DEBUG io.github.bonigarcia.wdm.cache.ResolutionCache - Storing resolution chrome=101 in cache (valid until 13:12:06 11/05/2022 WITA)
12:12:06.719 [main] DEBUG io.github.bonigarcia.wdm.WebDriverManager - Driver chromedriver 101.0.4951.41 found in cache
12:12:06.720 [main] INFO io.github.bonigarcia.wdm.WebDriverManager - Exporting webdriver.chrome.driver as C:\Users\Rev\.cache\selenium\chromedriver\win32\101.0.4951.41\chromedriver.exe
12:12:07.478 [main] DEBUG net.thucydides.core.reflection.ClassFinder - Could not load class .starter.CucumberTestSuite
12:12:07.478 [main] DEBUG net.thucydides.core.reflection.ClassFinder - Could not load class .starter.definitions.LoginSteps
12:12:07.478 [main] DEBUG net.thucydides.core.reflection.ClassFinder - Could not load class .starter.definitions.OrderSteps
12:12:07.478 [main] DEBUG net.thucydides.core.reflection.ClassFinder - Could not load class .starter.definitions.RatingProductSteps
12:12:07.479 [main] DEBUG net.thucydides.core.reflection.ClassFinder - Could not load class .starter.definitions.RegisterSteps
12:12:07.479 [main] DEBUG net.thucydides.core.reflection.ClassFinder - Could not load class .starter.definitions.SelectCategorySteps
12:12:07.479 [main] DEBUG net.thucydides.core.reflection.ClassFinder - Could not load class .starter.pages.HomePage
12:12:07.479 [main] DEBUG net.thucydides.core.reflection.ClassFinder - Could not load class .starter.pages.LoginPage
12:12:07.479 [main] DEBUG net.thucydides.core.reflection.ClassFinder - Could not load class .starter.pages.OrderPage
12:12:07.479 [main] DEBUG net.thucydides.core.reflection.ClassFinder - Could not load class .starter.pages.RatingProductPage
12:12:07.479 [main] DEBUG net.thucydides.core.reflection.ClassFinder - Could not load class .starter.pages.RegisterPage
12:12:07.479 [main] DEBUG net.thucydides.core.reflection.ClassFinder - Could not load class .starter.pages.SelectCategoryPage
12:12:07.480 [main] DEBUG net.thucydides.core.reflection.ClassFinder - Could not load class META-INF.versions.9.com.sun.istack.logging.StackHelper
12:12:07.481 [main] DEBUG net.thucydides.core.reflection.ClassFinder - Could not load class META-INF.versions.9.com.sun.xml.bind.v2.runtime.reflect.opt.AccessorInjector
12:12:07.481 [main] DEBUG net.thucydides.core.reflection.ClassFinder - Could not load class META-INF.versions.9.com.sun.xml.bind.v2.runtime.reflect.opt.Injector
12:12:07.481 [main] DEBUG net.thucydides.core.reflection.ClassFinder - Could not load class META-INF.versions.9.com.sun.xml.bind.v2.runtime.reflect.opt.OptimizedAccessorFactory
12:12:07.482 [main] DEBUG net.thucydides.core.reflection.ClassFinder - Could not load class META-INF.versions.9.com.sun.xml.bind.v2.runtime.reflect.opt.OptimizedTransducedAccessorFactory
12:12:07.482 [main] DEBUG net.thucydides.core.reflection.ClassFinder - Could not load class META-INF.versions.9.io.opentelemetry.sdk.internal.CurrentJavaVersionSpecific
12:12:07.482 [main] DEBUG net.thucydides.core.reflection.ClassFinder - Could not load class META-INF.versions.9.io.opentelemetry.sdk.internal.Java9VersionSpecific
12:12:07.483 [main] DEBUG net.thucydides.core.reflection.ClassFinder - Could not load class META-INF.versions.9.javax.xml.bind.ModuleUtil
12:12:07.483 [main] DEBUG net.thucydides.core.reflection.ClassFinder - Could not load class META-INF.versions.9.module-info
12:12:07.484 [main] DEBUG net.thucydides.core.reflection.ClassFinder - Could not load class META-INF.versions.9.org.junit.platform.commons.util.ModuleUtils
12:12:07.856 [main] DEBUG net.thucydides.core.reflection.ClassFinder - Could not load class com.google.gson.internal.
12:12:08.027 [main] DEBUG net.thucydides.core.reflection.ClassFinder - Could not load class com.sun.xml.bind.v2.runtime.output.FastInfosetStreamWriterOutput
12:12:08.465 [main] DEBUG net.thucydides.core.reflection.ClassFinder - Could not load class module-info
12:12:11.313 [main] DEBUG io.netty.util.internal.logging.InternalLoggerFactory - Using SLF4J as the default logging framework
12:12:11.320 [main] DEBUG io.netty.util.ResourceLeakDetector - -Dio.netty.leakDetection.level: simple
12:12:11.321 [main] DEBUG io.netty.util.ResourceLeakDetector - -Dio.netty.leakDetection.targetRecords: 4
12:12:11.325 [main] DEBUG io.netty.util.ResourceLeakDetectorFactory - Loaded default ResourceLeakDetector: io.netty.util.ResourceLeakDetector@2cd2fdd8
12:12:11.347 [main] DEBUG io.netty.util.internal.PlatformDependent0 - -Dio.netty.noUnsafe: false
12:12:11.347 [main] DEBUG io.netty.util.internal.PlatformDependent0 - Java version: 17
12:12:11.348 [main] DEBUG io.netty.util.internal.PlatformDependent0 - sun.misc.Unsafe.theUnsafe: available
12:12:11.349 [main] DEBUG io.netty.util.internal.PlatformDependent0 - sun.misc.Unsafe.copyMemory: available
12:12:11.349 [main] DEBUG io.netty.util.internal.PlatformDependent0 - java.nio.Buffer.address: available
12:12:11.350 [main] DEBUG io.netty.util.internal.PlatformDependent0 - direct buffer constructor: unavailable: Reflective setAccessible(true) disabled
12:12:11.350 [main] DEBUG io.netty.util.internal.PlatformDependent0 - java.nio.Bits.unaligned: available, true
12:12:11.352 [main] DEBUG io.netty.util.internal.PlatformDependent0 - jdk.internal.misc.Unsafe.allocateUninitializedArray(int): unavailable: class io.netty.util.internal.PlatformDependent0$6 cannot access class jdk.internal.misc.Unsafe (in module java.base) because module java.base does not export jdk.internal.misc to unnamed module @e7edb54
12:12:11.354 [main] DEBUG io.netty.util.internal.PlatformDependent0 - java.nio.DirectByteBuffer.<init>(long, int): unavailable
12:12:11.355 [main] DEBUG io.netty.util.internal.PlatformDependent - sun.misc.Unsafe: available
12:12:11.357 [main] DEBUG io.netty.util.internal.PlatformDependent - maxDirectMemory: 4276092928 bytes (maybe)
12:12:11.357 [main] DEBUG io.netty.util.internal.PlatformDependent - -Dio.netty.tmpdir: C:\Users\Rev\AppData\Local\Temp (java.io.tmpdir)
12:12:11.357 [main] DEBUG io.netty.util.internal.PlatformDependent - -Dio.netty.bitMode: 64 (sun.arch.data.model)
12:12:11.358 [main] DEBUG io.netty.util.internal.PlatformDependent - Platform: Windows
12:12:11.358 [main] DEBUG io.netty.util.internal.PlatformDependent - -Dio.netty.maxDirectMemory: -1 bytes
12:12:11.358 [main] DEBUG io.netty.util.internal.PlatformDependent - -Dio.netty.uninitializedArrayAllocationThreshold: -1
12:12:11.359 [main] DEBUG io.netty.util.internal.CleanerJava9 - java.nio.ByteBuffer.cleaner(): available
12:12:11.360 [main] DEBUG io.netty.util.internal.PlatformDependent - -Dio.netty.noPreferDirect: false
12:12:11.368 [main] DEBUG io.netty.util.internal.PlatformDependent - org.jctools-core.MpscChunkedArrayQueue: available
12:12:11.392 [main] DEBUG io.netty.util.internal.InternalThreadLocalMap - -Dio.netty.threadLocalMap.stringBuilder.initialSize: 1024
12:12:11.392 [main] DEBUG io.netty.util.internal.InternalThreadLocalMap - -Dio.netty.threadLocalMap.stringBuilder.maxSize: 4096
12:12:11.410 [main] DEBUG io.netty.handler.ssl.JdkSslContext - Default protocols (JDK): [TLSv1.3, TLSv1.2] 
12:12:11.410 [main] DEBUG io.netty.handler.ssl.JdkSslContext - Default cipher suites (JDK): [TLS_ECDHE_ECDSA_WITH_AES_256_GCM_SHA384, TLS_ECDHE_ECDSA_WITH_AES_128_GCM_SHA256, TLS_ECDHE_RSA_WITH_AES_128_GCM_SHA256, TLS_ECDHE_RSA_WITH_AES_256_GCM_SHA384, TLS_ECDHE_RSA_WITH_AES_128_CBC_SHA, TLS_ECDHE_RSA_WITH_AES_256_CBC_SHA, TLS_RSA_WITH_AES_128_GCM_SHA256, TLS_RSA_WITH_AES_128_CBC_SHA, TLS_RSA_WITH_AES_256_CBC_SHA, TLS_AES_128_GCM_SHA256, TLS_AES_256_GCM_SHA384]
12:12:11.442 [main] DEBUG io.netty.channel.MultithreadEventLoopGroup - -Dio.netty.eventLoopThreads: 24
12:12:11.456 [main] DEBUG io.netty.channel.nio.NioEventLoop - -Dio.netty.noKeySetOptimization: false
12:12:11.456 [main] DEBUG io.netty.channel.nio.NioEventLoop - -Dio.netty.selectorAutoRebuildThreshold: 512
12:12:11.536 [main] DEBUG io.netty.buffer.PooledByteBufAllocator - -Dio.netty.allocator.numHeapArenas: 24
12:12:11.536 [main] DEBUG io.netty.buffer.PooledByteBufAllocator - -Dio.netty.allocator.numDirectArenas: 24
12:12:11.537 [main] DEBUG io.netty.buffer.PooledByteBufAllocator - -Dio.netty.allocator.pageSize: 8192
12:12:11.537 [main] DEBUG io.netty.buffer.PooledByteBufAllocator - -Dio.netty.allocator.maxOrder: 11
12:12:11.537 [main] DEBUG io.netty.buffer.PooledByteBufAllocator - -Dio.netty.allocator.chunkSize: 16777216
12:12:11.537 [main] DEBUG io.netty.buffer.PooledByteBufAllocator - -Dio.netty.allocator.smallCacheSize: 256
12:12:11.537 [main] DEBUG io.netty.buffer.PooledByteBufAllocator - -Dio.netty.allocator.normalCacheSize: 64
12:12:11.537 [main] DEBUG io.netty.buffer.PooledByteBufAllocator - -Dio.netty.allocator.maxCachedBufferCapacity: 32768
12:12:11.537 [main] DEBUG io.netty.buffer.PooledByteBufAllocator - -Dio.netty.allocator.cacheTrimInterval: 8192
12:12:11.537 [main] DEBUG io.netty.buffer.PooledByteBufAllocator - -Dio.netty.allocator.cacheTrimIntervalMillis: 0
12:12:11.537 [main] DEBUG io.netty.buffer.PooledByteBufAllocator - -Dio.netty.allocator.useCacheForAllThreads: true
12:12:11.537 [main] DEBUG io.netty.buffer.PooledByteBufAllocator - -Dio.netty.allocator.maxCachedByteBuffersPerChunk: 1023
12:12:11.548 [main] DEBUG io.netty.buffer.ByteBufUtil - -Dio.netty.allocator.type: pooled
12:12:11.548 [main] DEBUG io.netty.buffer.ByteBufUtil - -Dio.netty.threadLocalDirectBufferSize: 0
12:12:11.549 [main] DEBUG io.netty.buffer.ByteBufUtil - -Dio.netty.maxThreadLocalCharBufferSize: 16384
12:12:11.770 [main] DEBUG net.serenitybdd.core.webdriver.driverproviders.ProvideNewDriver - Instantiating driver
12:12:11.770 [main] DEBUG net.serenitybdd.core.webdriver.driverproviders.ProvideNewDriver - Driver capabilities: Capabilities {acceptInsecureCerts: false, base.url: https://qa.alta.id, browserName: chrome, chrome.driver: webdriver/chromedriver.exe, driver: chrome, goog:chromeOptions: {args: [], extensions: []}}
12:12:12.994 [Forwarding newSession on session null to remote] DEBUG io.netty.channel.DefaultChannelId - -Dio.netty.processId: 14972 (auto-detected)
12:12:12.996 [Forwarding newSession on session null to remote] DEBUG io.netty.util.NetUtil - -Djava.net.preferIPv4Stack: false
12:12:12.996 [Forwarding newSession on session null to remote] DEBUG io.netty.util.NetUtil - -Djava.net.preferIPv6Addresses: false
12:12:13.001 [Forwarding newSession on session null to remote] DEBUG io.netty.util.NetUtilInitializations - Loopback interface: lo (Software Loopback Interface 1, 127.0.0.1)
12:12:13.002 [Forwarding newSession on session null to remote] DEBUG io.netty.util.NetUtil - Failed to get SOMAXCONN from sysctl and file \proc\sys\net\core\somaxconn. Default: 200
12:12:13.011 [Forwarding newSession on session null to remote] DEBUG io.netty.channel.DefaultChannelId - -Dio.netty.machineId: a8:a1:59:ff:fe:85:ba:89 (auto-detected)
12:12:13.065 [AsyncHttpClient-1-2] DEBUG io.netty.buffer.AbstractByteBuf - -Dio.netty.buffer.checkAccessible: true
12:12:13.065 [AsyncHttpClient-1-2] DEBUG io.netty.buffer.AbstractByteBuf - -Dio.netty.buffer.checkBounds: true
12:12:13.065 [AsyncHttpClient-1-2] DEBUG io.netty.util.ResourceLeakDetectorFactory - Loaded default ResourceLeakDetector: io.netty.util.ResourceLeakDetector@5cdbee2
12:12:13.080 [AsyncHttpClient-1-2] DEBUG org.asynchttpclient.netty.channel.NettyConnectListener - Using new Channel '[id: 0x200c9da4, L:/127.0.0.1:49432 - R:localhost/127.0.0.1:54370]' for 'POST' to '/session'
12:12:13.098 [AsyncHttpClient-1-2] DEBUG io.netty.util.Recycler - -Dio.netty.recycler.maxCapacityPerThread: 4096
12:12:13.098 [AsyncHttpClient-1-2] DEBUG io.netty.util.Recycler - -Dio.netty.recycler.ratio: 8
12:12:13.098 [AsyncHttpClient-1-2] DEBUG io.netty.util.Recycler - -Dio.netty.recycler.chunkSize: 32
12:12:13.098 [AsyncHttpClient-1-2] DEBUG io.netty.util.Recycler - -Dio.netty.recycler.blocking: false
12:12:14.108 [AsyncHttpClient-1-2] DEBUG io.netty.handler.codec.compression.Brotli - brotli4j not in the classpath; Brotli support will be unavailable.
12:12:14.108 [AsyncHttpClient-1-2] DEBUG org.asynchttpclient.netty.handler.HttpHandler - 

Request DefaultHttpRequest(decodeResult: success, version: HTTP/1.1)
POST /session HTTP/1.1
User-Agent: selenium/4.1.2 (java windows)
Content-Length: 565
Content-Type: application/json; charset=utf-8
host: localhost:54370
accept: */*

Response DefaultHttpResponse(decodeResult: success, version: HTTP/1.1)
HTTP/1.1 200 OK
Content-Type: application/json; charset=utf-8
cache-control: no-cache
content-length: 787

12:12:14.115 [AsyncHttpClient-1-2] DEBUG org.asynchttpclient.netty.channel.ChannelManager - Adding key: http://localhost:54370 for channel [id: 0x200c9da4, L:/127.0.0.1:49432 - R:localhost/127.0.0.1:54370]
12:12:14.188 [AsyncHttpClient-1-3] DEBUG org.asynchttpclient.netty.channel.NettyConnectListener - Using new Channel '[id: 0xd850e6e8, L:/127.0.0.1:49439 - R:localhost/127.0.0.1:49433]' for 'GET' to '/json/version'
12:12:14.196 [AsyncHttpClient-1-3] DEBUG org.asynchttpclient.netty.handler.HttpHandler - 

Request DefaultFullHttpRequest(decodeResult: success, version: HTTP/1.1, content: EmptyByteBufBE)
GET /json/version HTTP/1.1
User-Agent: selenium/4.1.2 (java windows)
host: localhost:49433
accept: */*

Response DefaultHttpResponse(decodeResult: success, version: HTTP/1.1)
HTTP/1.1 200 OK
Content-Type: application/json; charset=UTF-8
content-length: 427

12:12:14.196 [AsyncHttpClient-1-3] DEBUG org.asynchttpclient.netty.channel.ChannelManager - Adding key: http://localhost:49433 for channel [id: 0xd850e6e8, L:/127.0.0.1:49439 - R:localhost/127.0.0.1:49433]
12:12:14.203 [main] DEBUG io.netty.util.internal.ThreadLocalRandom - -Dio.netty.initialSeedUniquifier: 0x27b00064519302ad
12:12:14.208 [AsyncHttpClient-1-4] DEBUG org.asynchttpclient.netty.channel.NettyConnectListener - Using new Channel '[id: 0xba443f76, L:/127.0.0.1:49440 - R:localhost/127.0.0.1:49433]' for 'GET' to '/devtools/browser/56a4538d-6465-4fbe-ab4d-052a9ce79d7e'
12:12:14.215 [AsyncHttpClient-1-4] DEBUG org.asynchttpclient.netty.handler.WebSocketHandler - 

Request DefaultFullHttpRequest(decodeResult: success, version: HTTP/1.1, content: EmptyByteBufBE)
GET /devtools/browser/56a4538d-6465-4fbe-ab4d-052a9ce79d7e HTTP/1.1
upgrade: websocket
connection: upgrade
sec-websocket-key: SF6dFRea9GWk/j7gwHFvhg==
sec-websocket-version: 13
origin: http://localhost:49433
host: localhost:49433
accept: */*
user-agent: AHC/2.1

Response DefaultHttpResponse(decodeResult: success, version: HTTP/1.1)
HTTP/1.1 101 WebSocket Protocol Handshake
Upgrade: WebSocket
Connection: Upgrade
Sec-WebSocket-Accept: kdYFpcdKtoYTvieP1IlGx51eTbQ=

12:12:14.675 [AsyncHttpClient-1-1] DEBUG org.asynchttpclient.netty.channel.DefaultChannelPool - Entry count for : http://localhost:49433 : 1
12:12:14.675 [AsyncHttpClient-1-1] DEBUG org.asynchttpclient.netty.channel.DefaultChannelPool - Entry count for : http://localhost:54370 : 1
12:12:15.172 [main] DEBUG net.thucydides.core.reflection.ClassFinder - Could not load class .starter.CucumberTestSuite
12:12:15.172 [main] DEBUG net.thucydides.core.reflection.ClassFinder - Could not load class .starter.definitions.LoginSteps
12:12:15.172 [main] DEBUG net.thucydides.core.reflection.ClassFinder - Could not load class .starter.definitions.OrderSteps
12:12:15.172 [main] DEBUG net.thucydides.core.reflection.ClassFinder - Could not load class .starter.definitions.RatingProductSteps
12:12:15.172 [main] DEBUG net.thucydides.core.reflection.ClassFinder - Could not load class .starter.definitions.RegisterSteps
12:12:15.172 [main] DEBUG net.thucydides.core.reflection.ClassFinder - Could not load class .starter.definitions.SelectCategorySteps
12:12:15.173 [main] DEBUG net.thucydides.core.reflection.ClassFinder - Could not load class .starter.pages.HomePage
12:12:15.173 [main] DEBUG net.thucydides.core.reflection.ClassFinder - Could not load class .starter.pages.LoginPage
12:12:15.173 [main] DEBUG net.thucydides.core.reflection.ClassFinder - Could not load class .starter.pages.OrderPage
12:12:15.173 [main] DEBUG net.thucydides.core.reflection.ClassFinder - Could not load class .starter.pages.RatingProductPage
12:12:15.173 [main] DEBUG net.thucydides.core.reflection.ClassFinder - Could not load class .starter.pages.RegisterPage
12:12:15.173 [main] DEBUG net.thucydides.core.reflection.ClassFinder - Could not load class .starter.pages.SelectCategoryPage
12:12:15.174 [main] DEBUG net.thucydides.core.reflection.ClassFinder - Could not load class META-INF.versions.9.com.sun.istack.logging.StackHelper
12:12:15.174 [main] DEBUG net.thucydides.core.reflection.ClassFinder - Could not load class META-INF.versions.9.com.sun.xml.bind.v2.runtime.reflect.opt.AccessorInjector
12:12:15.174 [main] DEBUG net.thucydides.core.reflection.ClassFinder - Could not load class META-INF.versions.9.com.sun.xml.bind.v2.runtime.reflect.opt.Injector
12:12:15.175 [main] DEBUG net.thucydides.core.reflection.ClassFinder - Could not load class META-INF.versions.9.com.sun.xml.bind.v2.runtime.reflect.opt.OptimizedAccessorFactory
12:12:15.175 [main] DEBUG net.thucydides.core.reflection.ClassFinder - Could not load class META-INF.versions.9.com.sun.xml.bind.v2.runtime.reflect.opt.OptimizedTransducedAccessorFactory
12:12:15.175 [main] DEBUG net.thucydides.core.reflection.ClassFinder - Could not load class META-INF.versions.9.io.opentelemetry.sdk.internal.CurrentJavaVersionSpecific
12:12:15.175 [main] DEBUG net.thucydides.core.reflection.ClassFinder - Could not load class META-INF.versions.9.io.opentelemetry.sdk.internal.Java9VersionSpecific
12:12:15.177 [main] DEBUG net.thucydides.core.reflection.ClassFinder - Could not load class META-INF.versions.9.javax.xml.bind.ModuleUtil
12:12:15.177 [main] DEBUG net.thucydides.core.reflection.ClassFinder - Could not load class META-INF.versions.9.module-info
12:12:15.178 [main] DEBUG net.thucydides.core.reflection.ClassFinder - Could not load class META-INF.versions.9.org.junit.platform.commons.util.ModuleUtils
12:12:15.180 [main] DEBUG net.thucydides.core.reflection.ClassFinder - Could not load class com.google.gson.internal.
12:12:15.182 [main] DEBUG net.thucydides.core.reflection.ClassFinder - Could not load class com.sun.xml.bind.v2.runtime.output.FastInfosetStreamWriterOutput
12:12:15.185 [main] DEBUG net.thucydides.core.reflection.ClassFinder - Could not load class module-info
12:12:15.213 [Forwarding get on session 7e68bebf4f631384ef0c8284bc97caa9 to remote] DEBUG org.asynchttpclient.netty.request.NettyRequestSender - Using pooled Channel '[id: 0x200c9da4, L:/127.0.0.1:49432 - R:localhost/127.0.0.1:54370]' for 'POST' to 'http://localhost:54370/session/7e68bebf4f631384ef0c8284bc97caa9/url'
12:12:15.213 [Forwarding get on session 7e68bebf4f631384ef0c8284bc97caa9 to remote] DEBUG org.asynchttpclient.netty.request.NettyRequestSender - Using open Channel [id: 0x200c9da4, L:/127.0.0.1:49432 - R:localhost/127.0.0.1:54370] for POST '/session/7e68bebf4f631384ef0c8284bc97caa9/url'
12:12:15.773 [AsyncHttpClient-1-1] DEBUG org.asynchttpclient.netty.channel.DefaultChannelPool - Entry count for : http://localhost:49433 : 1
12:12:15.789 [AsyncHttpClient-1-2] DEBUG org.asynchttpclient.netty.handler.HttpHandler - 

Request DefaultHttpRequest(decodeResult: success, version: HTTP/1.1)
POST /session/7e68bebf4f631384ef0c8284bc97caa9/url HTTP/1.1
User-Agent: selenium/4.1.2 (java windows)
Content-Length: 43
Content-Type: application/json; charset=utf-8
host: localhost:54370
accept: */*

Response DefaultHttpResponse(decodeResult: success, version: HTTP/1.1)
HTTP/1.1 200 OK
Content-Type: application/json; charset=utf-8
cache-control: no-cache
content-length: 14

12:12:15.790 [AsyncHttpClient-1-2] DEBUG org.asynchttpclient.netty.channel.ChannelManager - Adding key: http://localhost:54370 for channel [id: 0x200c9da4, L:/127.0.0.1:49432 - R:localhost/127.0.0.1:54370]
12:12:15.795 [Forwarding setTimeout on session 7e68bebf4f631384ef0c8284bc97caa9 to remote] DEBUG org.asynchttpclient.netty.request.NettyRequestSender - Using pooled Channel '[id: 0x200c9da4, L:/127.0.0.1:49432 - R:localhost/127.0.0.1:54370]' for 'POST' to 'http://localhost:54370/session/7e68bebf4f631384ef0c8284bc97caa9/timeouts'
12:12:15.795 [Forwarding setTimeout on session 7e68bebf4f631384ef0c8284bc97caa9 to remote] DEBUG org.asynchttpclient.netty.request.NettyRequestSender - Using open Channel [id: 0x200c9da4, L:/127.0.0.1:49432 - R:localhost/127.0.0.1:54370] for POST '/session/7e68bebf4f631384ef0c8284bc97caa9/timeouts'
12:12:15.825 [AsyncHttpClient-1-2] DEBUG org.asynchttpclient.netty.handler.HttpHandler - 

Request DefaultHttpRequest(decodeResult: success, version: HTTP/1.1)
POST /session/7e68bebf4f631384ef0c8284bc97caa9/timeouts HTTP/1.1
User-Agent: selenium/4.1.2 (java windows)
Content-Length: 22
Content-Type: application/json; charset=utf-8
host: localhost:54370
accept: */*

Response DefaultHttpResponse(decodeResult: success, version: HTTP/1.1)
HTTP/1.1 200 OK
Content-Type: application/json; charset=utf-8
cache-control: no-cache
content-length: 14

12:12:15.826 [AsyncHttpClient-1-2] DEBUG org.asynchttpclient.netty.channel.ChannelManager - Adding key: http://localhost:54370 for channel [id: 0x200c9da4, L:/127.0.0.1:49432 - R:localhost/127.0.0.1:54370]
12:12:15.831 [Forwarding getCurrentUrl on session 7e68bebf4f631384ef0c8284bc97caa9 to remote] DEBUG org.asynchttpclient.netty.request.NettyRequestSender - Using pooled Channel '[id: 0x200c9da4, L:/127.0.0.1:49432 - R:localhost/127.0.0.1:54370]' for 'GET' to 'http://localhost:54370/session/7e68bebf4f631384ef0c8284bc97caa9/url'
12:12:15.831 [Forwarding getCurrentUrl on session 7e68bebf4f631384ef0c8284bc97caa9 to remote] DEBUG org.asynchttpclient.netty.request.NettyRequestSender - Using open Channel [id: 0x200c9da4, L:/127.0.0.1:49432 - R:localhost/127.0.0.1:54370] for GET '/session/7e68bebf4f631384ef0c8284bc97caa9/url'
12:12:15.858 [AsyncHttpClient-1-2] DEBUG org.asynchttpclient.netty.handler.HttpHandler - 

Request DefaultFullHttpRequest(decodeResult: success, version: HTTP/1.1, content: EmptyByteBufBE)
GET /session/7e68bebf4f631384ef0c8284bc97caa9/url HTTP/1.1
User-Agent: selenium/4.1.2 (java windows)
Cache-Control: no-cache
Content-Type: application/json; charset=utf-8
host: localhost:54370
accept: */*

Response DefaultHttpResponse(decodeResult: success, version: HTTP/1.1)
HTTP/1.1 200 OK
Content-Type: application/json; charset=utf-8
cache-control: no-cache
content-length: 31

12:12:15.858 [AsyncHttpClient-1-2] DEBUG org.asynchttpclient.netty.channel.ChannelManager - Adding key: http://localhost:54370 for channel [id: 0x200c9da4, L:/127.0.0.1:49432 - R:localhost/127.0.0.1:54370]
12:12:15.863 [Forwarding getCurrentUrl on session 7e68bebf4f631384ef0c8284bc97caa9 to remote] DEBUG org.asynchttpclient.netty.request.NettyRequestSender - Using pooled Channel '[id: 0x200c9da4, L:/127.0.0.1:49432 - R:localhost/127.0.0.1:54370]' for 'GET' to 'http://localhost:54370/session/7e68bebf4f631384ef0c8284bc97caa9/url'
12:12:15.863 [Forwarding getCurrentUrl on session 7e68bebf4f631384ef0c8284bc97caa9 to remote] DEBUG org.asynchttpclient.netty.request.NettyRequestSender - Using open Channel [id: 0x200c9da4, L:/127.0.0.1:49432 - R:localhost/127.0.0.1:54370] for GET '/session/7e68bebf4f631384ef0c8284bc97caa9/url'
12:12:15.881 [AsyncHttpClient-1-2] DEBUG org.asynchttpclient.netty.handler.HttpHandler - 

Request DefaultFullHttpRequest(decodeResult: success, version: HTTP/1.1, content: EmptyByteBufBE)
GET /session/7e68bebf4f631384ef0c8284bc97caa9/url HTTP/1.1
User-Agent: selenium/4.1.2 (java windows)
Cache-Control: no-cache
Content-Type: application/json; charset=utf-8
host: localhost:54370
accept: */*

Response DefaultHttpResponse(decodeResult: success, version: HTTP/1.1)
HTTP/1.1 200 OK
Content-Type: application/json; charset=utf-8
cache-control: no-cache
content-length: 31

12:12:15.881 [AsyncHttpClient-1-2] DEBUG org.asynchttpclient.netty.channel.ChannelManager - Adding key: http://localhost:54370 for channel [id: 0x200c9da4, L:/127.0.0.1:49432 - R:localhost/127.0.0.1:54370]
12:12:15.902 [main] DEBUG net.serenitybdd.core.photography.Darkroom - Opening darkroom
12:12:15.903 [Forwarding screenshot on session 7e68bebf4f631384ef0c8284bc97caa9 to remote] DEBUG org.asynchttpclient.netty.request.NettyRequestSender - Using pooled Channel '[id: 0x200c9da4, L:/127.0.0.1:49432 - R:localhost/127.0.0.1:54370]' for 'GET' to 'http://localhost:54370/session/7e68bebf4f631384ef0c8284bc97caa9/screenshot'
12:12:15.903 [Forwarding screenshot on session 7e68bebf4f631384ef0c8284bc97caa9 to remote] DEBUG org.asynchttpclient.netty.request.NettyRequestSender - Using open Channel [id: 0x200c9da4, L:/127.0.0.1:49432 - R:localhost/127.0.0.1:54370] for GET '/session/7e68bebf4f631384ef0c8284bc97caa9/screenshot'
12:12:15.908 [Darkroom Processing Line] DEBUG net.serenitybdd.core.photography.DarkroomProcessingLine - Darkroom processing line starting up
12:12:16.570 [AsyncHttpClient-1-2] DEBUG org.asynchttpclient.netty.handler.HttpHandler - 

Request DefaultFullHttpRequest(decodeResult: success, version: HTTP/1.1, content: EmptyByteBufBE)
GET /session/7e68bebf4f631384ef0c8284bc97caa9/screenshot HTTP/1.1
User-Agent: selenium/4.1.2 (java windows)
Cache-Control: no-cache
Content-Type: application/json; charset=utf-8
host: localhost:54370
accept: */*

Response DefaultHttpResponse(decodeResult: success, version: HTTP/1.1)
HTTP/1.1 200 OK
Content-Type: application/json; charset=utf-8
cache-control: no-cache
content-length: 31284

12:12:16.571 [AsyncHttpClient-1-2] DEBUG org.asynchttpclient.netty.channel.ChannelManager - Adding key: http://localhost:54370 for channel [id: 0x200c9da4, L:/127.0.0.1:49432 - R:localhost/127.0.0.1:54370]
12:12:16.653 [main] DEBUG net.serenitybdd.core.photography.Darkroom - Send negative for processing for target\site\serenity\d3c91f9798899c9e9b53b6af8143fc1f8b03d78479799f4588d2b0c31bc388c6.png
12:12:16.653 [Darkroom Processing Line] DEBUG net.serenitybdd.core.photography.DarkroomProcessingLine - Processing screenshot image in /var/screenshots/screenshot-571672813752277731
12:12:16.654 [Darkroom Processing Line] DEBUG net.serenitybdd.core.photography.DarkroomProcessingLine - Saving screenshot to target\site\serenity\d3c91f9798899c9e9b53b6af8143fc1f8b03d78479799f4588d2b0c31bc388c6.png
12:12:16.662 [main] DEBUG net.thucydides.core.steps.StepInterceptor - STEP DONE: openPage
12:12:16.671 [main] DEBUG net.thucydides.core.steps.StepInterceptor - STARTING STEP: LoginSteps.ontheLoginPage - clickLoginIcon
12:12:16.679 [Forwarding findElement on session 7e68bebf4f631384ef0c8284bc97caa9 to remote] DEBUG org.asynchttpclient.netty.request.NettyRequestSender - Using pooled Channel '[id: 0x200c9da4, L:/127.0.0.1:49432 - R:localhost/127.0.0.1:54370]' for 'POST' to 'http://localhost:54370/session/7e68bebf4f631384ef0c8284bc97caa9/element'
12:12:16.679 [Forwarding findElement on session 7e68bebf4f631384ef0c8284bc97caa9 to remote] DEBUG org.asynchttpclient.netty.request.NettyRequestSender - Using open Channel [id: 0x200c9da4, L:/127.0.0.1:49432 - R:localhost/127.0.0.1:54370] for POST '/session/7e68bebf4f631384ef0c8284bc97caa9/element'
12:12:16.725 [AsyncHttpClient-1-2] DEBUG org.asynchttpclient.netty.handler.HttpHandler - 

Request DefaultHttpRequest(decodeResult: success, version: HTTP/1.1)
POST /session/7e68bebf4f631384ef0c8284bc97caa9/element HTTP/1.1
User-Agent: selenium/4.1.2 (java windows)
Content-Length: 139
Content-Type: application/json; charset=utf-8
host: localhost:54370
accept: */*

Response DefaultHttpResponse(decodeResult: success, version: HTTP/1.1)
HTTP/1.1 200 OK
Content-Type: application/json; charset=utf-8
cache-control: no-cache
content-length: 88

12:12:16.726 [AsyncHttpClient-1-2] DEBUG org.asynchttpclient.netty.channel.ChannelManager - Adding key: http://localhost:54370 for channel [id: 0x200c9da4, L:/127.0.0.1:49432 - R:localhost/127.0.0.1:54370]
12:12:16.729 [Forwarding getElementTagName on session 7e68bebf4f631384ef0c8284bc97caa9 to remote] DEBUG org.asynchttpclient.netty.request.NettyRequestSender - Using pooled Channel '[id: 0x200c9da4, L:/127.0.0.1:49432 - R:localhost/127.0.0.1:54370]' for 'GET' to 'http://localhost:54370/session/7e68bebf4f631384ef0c8284bc97caa9/element/af14b5d8-abfb-44f1-91bf-145c9043b196/name'
12:12:16.729 [Forwarding getElementTagName on session 7e68bebf4f631384ef0c8284bc97caa9 to remote] DEBUG org.asynchttpclient.netty.request.NettyRequestSender - Using open Channel [id: 0x200c9da4, L:/127.0.0.1:49432 - R:localhost/127.0.0.1:54370] for GET '/session/7e68bebf4f631384ef0c8284bc97caa9/element/af14b5d8-abfb-44f1-91bf-145c9043b196/name'
12:12:16.875 [AsyncHttpClient-1-1] DEBUG org.asynchttpclient.netty.channel.DefaultChannelPool - Entry count for : http://localhost:49433 : 1
12:12:16.908 [AsyncHttpClient-1-2] DEBUG org.asynchttpclient.netty.handler.HttpHandler - 

Request DefaultFullHttpRequest(decodeResult: success, version: HTTP/1.1, content: EmptyByteBufBE)
GET /session/7e68bebf4f631384ef0c8284bc97caa9/element/af14b5d8-abfb-44f1-91bf-145c9043b196/name HTTP/1.1
User-Agent: selenium/4.1.2 (java windows)
Cache-Control: no-cache
Content-Type: application/json; charset=utf-8
host: localhost:54370
accept: */*

Response DefaultHttpResponse(decodeResult: success, version: HTTP/1.1)
HTTP/1.1 200 OK
Content-Type: application/json; charset=utf-8
cache-control: no-cache
content-length: 18

12:12:16.909 [AsyncHttpClient-1-2] DEBUG org.asynchttpclient.netty.channel.ChannelManager - Adding key: http://localhost:54370 for channel [id: 0x200c9da4, L:/127.0.0.1:49432 - R:localhost/127.0.0.1:54370]
12:12:16.911 [Forwarding getElementTagName on session 7e68bebf4f631384ef0c8284bc97caa9 to remote] DEBUG org.asynchttpclient.netty.request.NettyRequestSender - Using pooled Channel '[id: 0x200c9da4, L:/127.0.0.1:49432 - R:localhost/127.0.0.1:54370]' for 'GET' to 'http://localhost:54370/session/7e68bebf4f631384ef0c8284bc97caa9/element/af14b5d8-abfb-44f1-91bf-145c9043b196/name'
12:12:16.911 [Forwarding getElementTagName on session 7e68bebf4f631384ef0c8284bc97caa9 to remote] DEBUG org.asynchttpclient.netty.request.NettyRequestSender - Using open Channel [id: 0x200c9da4, L:/127.0.0.1:49432 - R:localhost/127.0.0.1:54370] for GET '/session/7e68bebf4f631384ef0c8284bc97caa9/element/af14b5d8-abfb-44f1-91bf-145c9043b196/name'
12:12:16.967 [AsyncHttpClient-1-2] DEBUG org.asynchttpclient.netty.handler.HttpHandler - 

Request DefaultFullHttpRequest(decodeResult: success, version: HTTP/1.1, content: EmptyByteBufBE)
GET /session/7e68bebf4f631384ef0c8284bc97caa9/element/af14b5d8-abfb-44f1-91bf-145c9043b196/name HTTP/1.1
User-Agent: selenium/4.1.2 (java windows)
Cache-Control: no-cache
Content-Type: application/json; charset=utf-8
host: localhost:54370
accept: */*

Response DefaultHttpResponse(decodeResult: success, version: HTTP/1.1)
HTTP/1.1 200 OK
Content-Type: application/json; charset=utf-8
cache-control: no-cache
content-length: 18

12:12:16.968 [AsyncHttpClient-1-2] DEBUG org.asynchttpclient.netty.channel.ChannelManager - Adding key: http://localhost:54370 for channel [id: 0x200c9da4, L:/127.0.0.1:49432 - R:localhost/127.0.0.1:54370]
12:12:16.972 [Forwarding isElementEnabled on session 7e68bebf4f631384ef0c8284bc97caa9 to remote] DEBUG org.asynchttpclient.netty.request.NettyRequestSender - Using pooled Channel '[id: 0x200c9da4, L:/127.0.0.1:49432 - R:localhost/127.0.0.1:54370]' for 'GET' to 'http://localhost:54370/session/7e68bebf4f631384ef0c8284bc97caa9/element/af14b5d8-abfb-44f1-91bf-145c9043b196/enabled'
12:12:16.972 [Forwarding isElementEnabled on session 7e68bebf4f631384ef0c8284bc97caa9 to remote] DEBUG org.asynchttpclient.netty.request.NettyRequestSender - Using open Channel [id: 0x200c9da4, L:/127.0.0.1:49432 - R:localhost/127.0.0.1:54370] for GET '/session/7e68bebf4f631384ef0c8284bc97caa9/element/af14b5d8-abfb-44f1-91bf-145c9043b196/enabled'
12:12:17.063 [AsyncHttpClient-1-2] DEBUG org.asynchttpclient.netty.handler.HttpHandler - 

Request DefaultFullHttpRequest(decodeResult: success, version: HTTP/1.1, content: EmptyByteBufBE)
GET /session/7e68bebf4f631384ef0c8284bc97caa9/element/af14b5d8-abfb-44f1-91bf-145c9043b196/enabled HTTP/1.1
User-Agent: selenium/4.1.2 (java windows)
Cache-Control: no-cache
Content-Type: application/json; charset=utf-8
host: localhost:54370
accept: */*

Response DefaultHttpResponse(decodeResult: success, version: HTTP/1.1)
HTTP/1.1 200 OK
Content-Type: application/json; charset=utf-8
cache-control: no-cache
content-length: 14

12:12:17.063 [AsyncHttpClient-1-2] DEBUG org.asynchttpclient.netty.channel.ChannelManager - Adding key: http://localhost:54370 for channel [id: 0x200c9da4, L:/127.0.0.1:49432 - R:localhost/127.0.0.1:54370]
12:12:17.066 [Forwarding isElementEnabled on session 7e68bebf4f631384ef0c8284bc97caa9 to remote] DEBUG org.asynchttpclient.netty.request.NettyRequestSender - Using pooled Channel '[id: 0x200c9da4, L:/127.0.0.1:49432 - R:localhost/127.0.0.1:54370]' for 'GET' to 'http://localhost:54370/session/7e68bebf4f631384ef0c8284bc97caa9/element/af14b5d8-abfb-44f1-91bf-145c9043b196/enabled'
12:12:17.066 [Forwarding isElementEnabled on session 7e68bebf4f631384ef0c8284bc97caa9 to remote] DEBUG org.asynchttpclient.netty.request.NettyRequestSender - Using open Channel [id: 0x200c9da4, L:/127.0.0.1:49432 - R:localhost/127.0.0.1:54370] for GET '/session/7e68bebf4f631384ef0c8284bc97caa9/element/af14b5d8-abfb-44f1-91bf-145c9043b196/enabled'
12:12:17.084 [AsyncHttpClient-1-2] DEBUG org.asynchttpclient.netty.handler.HttpHandler - 

Request DefaultFullHttpRequest(decodeResult: success, version: HTTP/1.1, content: EmptyByteBufBE)
GET /session/7e68bebf4f631384ef0c8284bc97caa9/element/af14b5d8-abfb-44f1-91bf-145c9043b196/enabled HTTP/1.1
User-Agent: selenium/4.1.2 (java windows)
Cache-Control: no-cache
Content-Type: application/json; charset=utf-8
host: localhost:54370
accept: */*

Response DefaultHttpResponse(decodeResult: success, version: HTTP/1.1)
HTTP/1.1 200 OK
Content-Type: application/json; charset=utf-8
cache-control: no-cache
content-length: 14

12:12:17.085 [AsyncHttpClient-1-2] DEBUG org.asynchttpclient.netty.channel.ChannelManager - Adding key: http://localhost:54370 for channel [id: 0x200c9da4, L:/127.0.0.1:49432 - R:localhost/127.0.0.1:54370]
12:12:17.088 [Forwarding findElement on session 7e68bebf4f631384ef0c8284bc97caa9 to remote] DEBUG org.asynchttpclient.netty.request.NettyRequestSender - Using pooled Channel '[id: 0x200c9da4, L:/127.0.0.1:49432 - R:localhost/127.0.0.1:54370]' for 'POST' to 'http://localhost:54370/session/7e68bebf4f631384ef0c8284bc97caa9/element'
12:12:17.088 [Forwarding findElement on session 7e68bebf4f631384ef0c8284bc97caa9 to remote] DEBUG org.asynchttpclient.netty.request.NettyRequestSender - Using open Channel [id: 0x200c9da4, L:/127.0.0.1:49432 - R:localhost/127.0.0.1:54370] for POST '/session/7e68bebf4f631384ef0c8284bc97caa9/element'
12:12:17.132 [AsyncHttpClient-1-2] DEBUG org.asynchttpclient.netty.handler.HttpHandler - 

Request DefaultHttpRequest(decodeResult: success, version: HTTP/1.1)
POST /session/7e68bebf4f631384ef0c8284bc97caa9/element HTTP/1.1
User-Agent: selenium/4.1.2 (java windows)
Content-Length: 139
Content-Type: application/json; charset=utf-8
host: localhost:54370
accept: */*

Response DefaultHttpResponse(decodeResult: success, version: HTTP/1.1)
HTTP/1.1 200 OK
Content-Type: application/json; charset=utf-8
cache-control: no-cache
content-length: 88

12:12:17.132 [AsyncHttpClient-1-2] DEBUG org.asynchttpclient.netty.channel.ChannelManager - Adding key: http://localhost:54370 for channel [id: 0x200c9da4, L:/127.0.0.1:49432 - R:localhost/127.0.0.1:54370]
12:12:17.134 [Forwarding clickElement on session 7e68bebf4f631384ef0c8284bc97caa9 to remote] DEBUG org.asynchttpclient.netty.request.NettyRequestSender - Using pooled Channel '[id: 0x200c9da4, L:/127.0.0.1:49432 - R:localhost/127.0.0.1:54370]' for 'POST' to 'http://localhost:54370/session/7e68bebf4f631384ef0c8284bc97caa9/element/af14b5d8-abfb-44f1-91bf-145c9043b196/click'
12:12:17.134 [Forwarding clickElement on session 7e68bebf4f631384ef0c8284bc97caa9 to remote] DEBUG org.asynchttpclient.netty.request.NettyRequestSender - Using open Channel [id: 0x200c9da4, L:/127.0.0.1:49432 - R:localhost/127.0.0.1:54370] for POST '/session/7e68bebf4f631384ef0c8284bc97caa9/element/af14b5d8-abfb-44f1-91bf-145c9043b196/click'
12:12:17.513 [AsyncHttpClient-1-2] DEBUG org.asynchttpclient.netty.handler.HttpHandler - 

Request DefaultHttpRequest(decodeResult: success, version: HTTP/1.1)
POST /session/7e68bebf4f631384ef0c8284bc97caa9/element/af14b5d8-abfb-44f1-91bf-145c9043b196/click HTTP/1.1
User-Agent: selenium/4.1.2 (java windows)
Content-Length: 50
Content-Type: application/json; charset=utf-8
host: localhost:54370
accept: */*

Response DefaultHttpResponse(decodeResult: success, version: HTTP/1.1)
HTTP/1.1 200 OK
Content-Type: application/json; charset=utf-8
cache-control: no-cache
content-length: 14

12:12:17.513 [AsyncHttpClient-1-2] DEBUG org.asynchttpclient.netty.channel.ChannelManager - Adding key: http://localhost:54370 for channel [id: 0x200c9da4, L:/127.0.0.1:49432 - R:localhost/127.0.0.1:54370]
12:12:17.521 [Forwarding screenshot on session 7e68bebf4f631384ef0c8284bc97caa9 to remote] DEBUG org.asynchttpclient.netty.request.NettyRequestSender - Using pooled Channel '[id: 0x200c9da4, L:/127.0.0.1:49432 - R:localhost/127.0.0.1:54370]' for 'GET' to 'http://localhost:54370/session/7e68bebf4f631384ef0c8284bc97caa9/screenshot'
12:12:17.521 [Forwarding screenshot on session 7e68bebf4f631384ef0c8284bc97caa9 to remote] DEBUG org.asynchttpclient.netty.request.NettyRequestSender - Using open Channel [id: 0x200c9da4, L:/127.0.0.1:49432 - R:localhost/127.0.0.1:54370] for GET '/session/7e68bebf4f631384ef0c8284bc97caa9/screenshot'
12:12:17.771 [AsyncHttpClient-1-2] DEBUG org.asynchttpclient.netty.handler.HttpHandler - 

Request DefaultFullHttpRequest(decodeResult: success, version: HTTP/1.1, content: EmptyByteBufBE)
GET /session/7e68bebf4f631384ef0c8284bc97caa9/screenshot HTTP/1.1
User-Agent: selenium/4.1.2 (java windows)
Cache-Control: no-cache
Content-Type: application/json; charset=utf-8
host: localhost:54370
accept: */*

Response DefaultHttpResponse(decodeResult: success, version: HTTP/1.1)
HTTP/1.1 200 OK
Content-Type: application/json; charset=utf-8
cache-control: no-cache
content-length: 26036

12:12:17.772 [AsyncHttpClient-1-2] DEBUG org.asynchttpclient.netty.channel.ChannelManager - Adding key: http://localhost:54370 for channel [id: 0x200c9da4, L:/127.0.0.1:49432 - R:localhost/127.0.0.1:54370]
12:12:17.774 [main] DEBUG net.serenitybdd.core.photography.Darkroom - Send negative for processing for target\site\serenity\e3f7f818dd4f104cfbc0e1ca8bf6a7f68882830214582b537ffcb594825ddaa6.png
12:12:17.774 [main] DEBUG net.thucydides.core.steps.StepInterceptor - STEP DONE: clickLoginIcon
12:12:17.775 [Darkroom Processing Line] DEBUG net.serenitybdd.core.photography.DarkroomProcessingLine - Processing screenshot image in /var/screenshots/screenshot-6020169326044072113
12:12:17.775 [Darkroom Processing Line] DEBUG net.serenitybdd.core.photography.DarkroomProcessingLine - Saving screenshot to target\site\serenity\e3f7f818dd4f104cfbc0e1ca8bf6a7f68882830214582b537ffcb594825ddaa6.png
12:12:17.781 [main] DEBUG net.thucydides.core.steps.StepInterceptor - STARTING STEP: LoginSteps.ontheLoginPage - validateonLoginPage
12:12:17.783 [Forwarding findElement on session 7e68bebf4f631384ef0c8284bc97caa9 to remote] DEBUG org.asynchttpclient.netty.request.NettyRequestSender - Using pooled Channel '[id: 0x200c9da4, L:/127.0.0.1:49432 - R:localhost/127.0.0.1:54370]' for 'POST' to 'http://localhost:54370/session/7e68bebf4f631384ef0c8284bc97caa9/element'
12:12:17.783 [Forwarding findElement on session 7e68bebf4f631384ef0c8284bc97caa9 to remote] DEBUG org.asynchttpclient.netty.request.NettyRequestSender - Using open Channel [id: 0x200c9da4, L:/127.0.0.1:49432 - R:localhost/127.0.0.1:54370] for POST '/session/7e68bebf4f631384ef0c8284bc97caa9/element'
12:12:17.902 [AsyncHttpClient-1-2] DEBUG org.asynchttpclient.netty.handler.HttpHandler - 

Request DefaultHttpRequest(decodeResult: success, version: HTTP/1.1)
POST /session/7e68bebf4f631384ef0c8284bc97caa9/element HTTP/1.1
User-Agent: selenium/4.1.2 (java windows)
Content-Length: 99
Content-Type: application/json; charset=utf-8
host: localhost:54370
accept: */*

Response DefaultHttpResponse(decodeResult: success, version: HTTP/1.1)
HTTP/1.1 200 OK
Content-Type: application/json; charset=utf-8
cache-control: no-cache
content-length: 88

12:12:17.903 [AsyncHttpClient-1-2] DEBUG org.asynchttpclient.netty.channel.ChannelManager - Adding key: http://localhost:54370 for channel [id: 0x200c9da4, L:/127.0.0.1:49432 - R:localhost/127.0.0.1:54370]
12:12:17.910 [Forwarding isElementDisplayed on session 7e68bebf4f631384ef0c8284bc97caa9 to remote] DEBUG org.asynchttpclient.netty.request.NettyRequestSender - Using pooled Channel '[id: 0x200c9da4, L:/127.0.0.1:49432 - R:localhost/127.0.0.1:54370]' for 'POST' to 'http://localhost:54370/session/7e68bebf4f631384ef0c8284bc97caa9/execute/sync'
12:12:17.911 [Forwarding isElementDisplayed on session 7e68bebf4f631384ef0c8284bc97caa9 to remote] DEBUG org.asynchttpclient.netty.request.NettyRequestSender - Using open Channel [id: 0x200c9da4, L:/127.0.0.1:49432 - R:localhost/127.0.0.1:54370] for POST '/session/7e68bebf4f631384ef0c8284bc97caa9/execute/sync'
12:12:17.974 [AsyncHttpClient-1-1] DEBUG org.asynchttpclient.netty.channel.DefaultChannelPool - Entry count for : http://localhost:49433 : 1
12:12:17.974 [AsyncHttpClient-1-2] DEBUG org.asynchttpclient.netty.handler.HttpHandler - 

Request DefaultHttpRequest(decodeResult: success, version: HTTP/1.1)
POST /session/7e68bebf4f631384ef0c8284bc97caa9/execute/sync HTTP/1.1
User-Agent: selenium/4.1.2 (java windows)
Content-Length: 48780
Content-Type: application/json; charset=utf-8
host: localhost:54370
accept: */*

Response DefaultHttpResponse(decodeResult: success, version: HTTP/1.1)
HTTP/1.1 200 OK
Content-Type: application/json; charset=utf-8
cache-control: no-cache
content-length: 14

12:12:17.974 [AsyncHttpClient-1-2] DEBUG org.asynchttpclient.netty.channel.ChannelManager - Adding key: http://localhost:54370 for channel [id: 0x200c9da4, L:/127.0.0.1:49432 - R:localhost/127.0.0.1:54370]
12:12:17.980 [Forwarding screenshot on session 7e68bebf4f631384ef0c8284bc97caa9 to remote] DEBUG org.asynchttpclient.netty.request.NettyRequestSender - Using pooled Channel '[id: 0x200c9da4, L:/127.0.0.1:49432 - R:localhost/127.0.0.1:54370]' for 'GET' to 'http://localhost:54370/session/7e68bebf4f631384ef0c8284bc97caa9/screenshot'
12:12:17.980 [Forwarding screenshot on session 7e68bebf4f631384ef0c8284bc97caa9 to remote] DEBUG org.asynchttpclient.netty.request.NettyRequestSender - Using open Channel [id: 0x200c9da4, L:/127.0.0.1:49432 - R:localhost/127.0.0.1:54370] for GET '/session/7e68bebf4f631384ef0c8284bc97caa9/screenshot'
12:12:18.084 [AsyncHttpClient-1-2] DEBUG org.asynchttpclient.netty.handler.HttpHandler - 

Request DefaultFullHttpRequest(decodeResult: success, version: HTTP/1.1, content: EmptyByteBufBE)
GET /session/7e68bebf4f631384ef0c8284bc97caa9/screenshot HTTP/1.1
User-Agent: selenium/4.1.2 (java windows)
Cache-Control: no-cache
Content-Type: application/json; charset=utf-8
host: localhost:54370
accept: */*

Response DefaultHttpResponse(decodeResult: success, version: HTTP/1.1)
HTTP/1.1 200 OK
Content-Type: application/json; charset=utf-8
cache-control: no-cache
content-length: 25940

12:12:18.085 [AsyncHttpClient-1-2] DEBUG org.asynchttpclient.netty.channel.ChannelManager - Adding key: http://localhost:54370 for channel [id: 0x200c9da4, L:/127.0.0.1:49432 - R:localhost/127.0.0.1:54370]
12:12:18.088 [main] DEBUG net.serenitybdd.core.photography.Darkroom - Send negative for processing for target\site\serenity\0eb23078dbc8f6bc59d6784c6b2f08a8c7fb03bc717cb34cbedbd556b937f699.png
12:12:18.088 [main] DEBUG net.thucydides.core.steps.StepInterceptor - STEP DONE: validateonLoginPage
12:12:18.089 [Darkroom Processing Line] DEBUG net.serenitybdd.core.photography.DarkroomProcessingLine - Processing screenshot image in /var/screenshots/screenshot-10707266786257814919
12:12:18.089 [Darkroom Processing Line] DEBUG net.serenitybdd.core.photography.DarkroomProcessingLine - Saving screenshot to target\site\serenity\0eb23078dbc8f6bc59d6784c6b2f08a8c7fb03bc717cb34cbedbd556b937f699.png
  &amp#27;[32mGiven &amp#27;[0m&amp#27;[32muser on login page&amp#27;[0m                        &amp#27;[90m# starter.definitions.LoginSteps.ontheLoginPage()&amp#27;[0m
12:12:18.118 [main] DEBUG net.thucydides.core.steps.StepInterceptor - STARTING STEP: LoginSteps.ValidEmail - inputEmail
12:12:18.121 [Forwarding findElement on session 7e68bebf4f631384ef0c8284bc97caa9 to remote] DEBUG org.asynchttpclient.netty.request.NettyRequestSender - Using pooled Channel '[id: 0x200c9da4, L:/127.0.0.1:49432 - R:localhost/127.0.0.1:54370]' for 'POST' to 'http://localhost:54370/session/7e68bebf4f631384ef0c8284bc97caa9/element'
12:12:18.121 [Forwarding findElement on session 7e68bebf4f631384ef0c8284bc97caa9 to remote] DEBUG org.asynchttpclient.netty.request.NettyRequestSender - Using open Channel [id: 0x200c9da4, L:/127.0.0.1:49432 - R:localhost/127.0.0.1:54370] for POST '/session/7e68bebf4f631384ef0c8284bc97caa9/element'
12:12:18.165 [AsyncHttpClient-1-2] DEBUG org.asynchttpclient.netty.handler.HttpHandler - 

Request DefaultHttpRequest(decodeResult: success, version: HTTP/1.1)
POST /session/7e68bebf4f631384ef0c8284bc97caa9/element HTTP/1.1
User-Agent: selenium/4.1.2 (java windows)
Content-Length: 110
Content-Type: application/json; charset=utf-8
host: localhost:54370
accept: */*

Response DefaultHttpResponse(decodeResult: success, version: HTTP/1.1)
HTTP/1.1 200 OK
Content-Type: application/json; charset=utf-8
cache-control: no-cache
content-length: 88

12:12:18.165 [AsyncHttpClient-1-2] DEBUG org.asynchttpclient.netty.channel.ChannelManager - Adding key: http://localhost:54370 for channel [id: 0x200c9da4, L:/127.0.0.1:49432 - R:localhost/127.0.0.1:54370]
12:12:18.167 [Forwarding clearElement on session 7e68bebf4f631384ef0c8284bc97caa9 to remote] DEBUG org.asynchttpclient.netty.request.NettyRequestSender - Using pooled Channel '[id: 0x200c9da4, L:/127.0.0.1:49432 - R:localhost/127.0.0.1:54370]' for 'POST' to 'http://localhost:54370/session/7e68bebf4f631384ef0c8284bc97caa9/element/c3f2ffb8-f292-4c80-b4d8-f9420e680202/clear'
12:12:18.168 [Forwarding clearElement on session 7e68bebf4f631384ef0c8284bc97caa9 to remote] DEBUG org.asynchttpclient.netty.request.NettyRequestSender - Using open Channel [id: 0x200c9da4, L:/127.0.0.1:49432 - R:localhost/127.0.0.1:54370] for POST '/session/7e68bebf4f631384ef0c8284bc97caa9/element/c3f2ffb8-f292-4c80-b4d8-f9420e680202/clear'
12:12:18.283 [AsyncHttpClient-1-2] DEBUG org.asynchttpclient.netty.handler.HttpHandler - 

Request DefaultHttpRequest(decodeResult: success, version: HTTP/1.1)
POST /session/7e68bebf4f631384ef0c8284bc97caa9/element/c3f2ffb8-f292-4c80-b4d8-f9420e680202/clear HTTP/1.1
User-Agent: selenium/4.1.2 (java windows)
Content-Length: 50
Content-Type: application/json; charset=utf-8
host: localhost:54370
accept: */*

Response DefaultHttpResponse(decodeResult: success, version: HTTP/1.1)
HTTP/1.1 200 OK
Content-Type: application/json; charset=utf-8
cache-control: no-cache
content-length: 14

12:12:18.284 [AsyncHttpClient-1-2] DEBUG org.asynchttpclient.netty.channel.ChannelManager - Adding key: http://localhost:54370 for channel [id: 0x200c9da4, L:/127.0.0.1:49432 - R:localhost/127.0.0.1:54370]
12:12:18.288 [Forwarding sendKeysToElement on session 7e68bebf4f631384ef0c8284bc97caa9 to remote] DEBUG org.asynchttpclient.netty.request.NettyRequestSender - Using pooled Channel '[id: 0x200c9da4, L:/127.0.0.1:49432 - R:localhost/127.0.0.1:54370]' for 'POST' to 'http://localhost:54370/session/7e68bebf4f631384ef0c8284bc97caa9/element/c3f2ffb8-f292-4c80-b4d8-f9420e680202/value'
12:12:18.292 [Forwarding sendKeysToElement on session 7e68bebf4f631384ef0c8284bc97caa9 to remote] DEBUG org.asynchttpclient.netty.request.NettyRequestSender - Using open Channel [id: 0x200c9da4, L:/127.0.0.1:49432 - R:localhost/127.0.0.1:54370] for POST '/session/7e68bebf4f631384ef0c8284bc97caa9/element/c3f2ffb8-f292-4c80-b4d8-f9420e680202/value'
12:12:18.524 [AsyncHttpClient-1-2] DEBUG org.asynchttpclient.netty.handler.HttpHandler - 

Request DefaultHttpRequest(decodeResult: success, version: HTTP/1.1)
POST /session/7e68bebf4f631384ef0c8284bc97caa9/element/c3f2ffb8-f292-4c80-b4d8-f9420e680202/value HTTP/1.1
User-Agent: selenium/4.1.2 (java windows)
Content-Length: 241
Content-Type: application/json; charset=utf-8
host: localhost:54370
accept: */*

Response DefaultHttpResponse(decodeResult: success, version: HTTP/1.1)
HTTP/1.1 200 OK
Content-Type: application/json; charset=utf-8
cache-control: no-cache
content-length: 14

12:12:18.524 [AsyncHttpClient-1-2] DEBUG org.asynchttpclient.netty.channel.ChannelManager - Adding key: http://localhost:54370 for channel [id: 0x200c9da4, L:/127.0.0.1:49432 - R:localhost/127.0.0.1:54370]
12:12:18.531 [Forwarding screenshot on session 7e68bebf4f631384ef0c8284bc97caa9 to remote] DEBUG org.asynchttpclient.netty.request.NettyRequestSender - Using pooled Channel '[id: 0x200c9da4, L:/127.0.0.1:49432 - R:localhost/127.0.0.1:54370]' for 'GET' to 'http://localhost:54370/session/7e68bebf4f631384ef0c8284bc97caa9/screenshot'
12:12:18.531 [Forwarding screenshot on session 7e68bebf4f631384ef0c8284bc97caa9 to remote] DEBUG org.asynchttpclient.netty.request.NettyRequestSender - Using open Channel [id: 0x200c9da4, L:/127.0.0.1:49432 - R:localhost/127.0.0.1:54370] for GET '/session/7e68bebf4f631384ef0c8284bc97caa9/screenshot'
12:12:18.782 [AsyncHttpClient-1-2] DEBUG org.asynchttpclient.netty.handler.HttpHandler - 

Request DefaultFullHttpRequest(decodeResult: success, version: HTTP/1.1, content: EmptyByteBufBE)
GET /session/7e68bebf4f631384ef0c8284bc97caa9/screenshot HTTP/1.1
User-Agent: selenium/4.1.2 (java windows)
Cache-Control: no-cache
Content-Type: application/json; charset=utf-8
host: localhost:54370
accept: */*

Response DefaultHttpResponse(decodeResult: success, version: HTTP/1.1)
HTTP/1.1 200 OK
Content-Type: application/json; charset=utf-8
cache-control: no-cache
content-length: 29976

12:12:18.782 [AsyncHttpClient-1-2] DEBUG org.asynchttpclient.netty.channel.ChannelManager - Adding key: http://localhost:54370 for channel [id: 0x200c9da4, L:/127.0.0.1:49432 - R:localhost/127.0.0.1:54370]
12:12:18.784 [main] DEBUG net.serenitybdd.core.photography.Darkroom - Send negative for processing for target\site\serenity\f7959de30c90857e8f1a37e8fea2984229efd22eae33af3390ad2ba7ec997e71.png
12:12:18.785 [main] DEBUG net.thucydides.core.steps.StepInterceptor - STEP DONE: inputEmail
  &amp#27;[32mWhen &amp#27;[0m&amp#27;[32muser input valid email&amp#27;[0m                     &amp#27;[90m# starter.definitions.LoginSteps.ValidEmail()&amp#27;[0m
12:12:18.785 [Darkroom Processing Line] DEBUG net.serenitybdd.core.photography.DarkroomProcessingLine - Processing screenshot image in /var/screenshots/screenshot-48004343025099777
12:12:18.785 [Darkroom Processing Line] DEBUG net.serenitybdd.core.photography.DarkroomProcessingLine - Saving screenshot to target\site\serenity\f7959de30c90857e8f1a37e8fea2984229efd22eae33af3390ad2ba7ec997e71.png
12:12:18.801 [main] DEBUG net.thucydides.core.steps.StepInterceptor - STARTING STEP: LoginSteps.ValidPassword - inputPassword
12:12:18.805 [Forwarding findElement on session 7e68bebf4f631384ef0c8284bc97caa9 to remote] DEBUG org.asynchttpclient.netty.request.NettyRequestSender - Using pooled Channel '[id: 0x200c9da4, L:/127.0.0.1:49432 - R:localhost/127.0.0.1:54370]' for 'POST' to 'http://localhost:54370/session/7e68bebf4f631384ef0c8284bc97caa9/element'
12:12:18.805 [Forwarding findElement on session 7e68bebf4f631384ef0c8284bc97caa9 to remote] DEBUG org.asynchttpclient.netty.request.NettyRequestSender - Using open Channel [id: 0x200c9da4, L:/127.0.0.1:49432 - R:localhost/127.0.0.1:54370] for POST '/session/7e68bebf4f631384ef0c8284bc97caa9/element'
12:12:18.945 [AsyncHttpClient-1-2] DEBUG org.asynchttpclient.netty.handler.HttpHandler - 

Request DefaultHttpRequest(decodeResult: success, version: HTTP/1.1)
POST /session/7e68bebf4f631384ef0c8284bc97caa9/element HTTP/1.1
User-Agent: selenium/4.1.2 (java windows)
Content-Length: 113
Content-Type: application/json; charset=utf-8
host: localhost:54370
accept: */*

Response DefaultHttpResponse(decodeResult: success, version: HTTP/1.1)
HTTP/1.1 200 OK
Content-Type: application/json; charset=utf-8
cache-control: no-cache
content-length: 88

12:12:18.945 [AsyncHttpClient-1-2] DEBUG org.asynchttpclient.netty.channel.ChannelManager - Adding key: http://localhost:54370 for channel [id: 0x200c9da4, L:/127.0.0.1:49432 - R:localhost/127.0.0.1:54370]
12:12:18.947 [Forwarding clearElement on session 7e68bebf4f631384ef0c8284bc97caa9 to remote] DEBUG org.asynchttpclient.netty.request.NettyRequestSender - Using pooled Channel '[id: 0x200c9da4, L:/127.0.0.1:49432 - R:localhost/127.0.0.1:54370]' for 'POST' to 'http://localhost:54370/session/7e68bebf4f631384ef0c8284bc97caa9/element/530660ae-831e-4b02-807c-557f00d112fa/clear'
12:12:18.947 [Forwarding clearElement on session 7e68bebf4f631384ef0c8284bc97caa9 to remote] DEBUG org.asynchttpclient.netty.request.NettyRequestSender - Using open Channel [id: 0x200c9da4, L:/127.0.0.1:49432 - R:localhost/127.0.0.1:54370] for POST '/session/7e68bebf4f631384ef0c8284bc97caa9/element/530660ae-831e-4b02-807c-557f00d112fa/clear'
12:12:19.082 [AsyncHttpClient-1-1] DEBUG org.asynchttpclient.netty.channel.DefaultChannelPool - Entry count for : http://localhost:49433 : 1
12:12:19.093 [AsyncHttpClient-1-2] DEBUG org.asynchttpclient.netty.handler.HttpHandler - 

Request DefaultHttpRequest(decodeResult: success, version: HTTP/1.1)
POST /session/7e68bebf4f631384ef0c8284bc97caa9/element/530660ae-831e-4b02-807c-557f00d112fa/clear HTTP/1.1
User-Agent: selenium/4.1.2 (java windows)
Content-Length: 50
Content-Type: application/json; charset=utf-8
host: localhost:54370
accept: */*

Response DefaultHttpResponse(decodeResult: success, version: HTTP/1.1)
HTTP/1.1 200 OK
Content-Type: application/json; charset=utf-8
cache-control: no-cache
content-length: 14

12:12:19.093 [AsyncHttpClient-1-2] DEBUG org.asynchttpclient.netty.channel.ChannelManager - Adding key: http://localhost:54370 for channel [id: 0x200c9da4, L:/127.0.0.1:49432 - R:localhost/127.0.0.1:54370]
12:12:19.095 [Forwarding sendKeysToElement on session 7e68bebf4f631384ef0c8284bc97caa9 to remote] DEBUG org.asynchttpclient.netty.request.NettyRequestSender - Using pooled Channel '[id: 0x200c9da4, L:/127.0.0.1:49432 - R:localhost/127.0.0.1:54370]' for 'POST' to 'http://localhost:54370/session/7e68bebf4f631384ef0c8284bc97caa9/element/530660ae-831e-4b02-807c-557f00d112fa/value'
12:12:19.096 [Forwarding sendKeysToElement on session 7e68bebf4f631384ef0c8284bc97caa9 to remote] DEBUG org.asynchttpclient.netty.request.NettyRequestSender - Using open Channel [id: 0x200c9da4, L:/127.0.0.1:49432 - R:localhost/127.0.0.1:54370] for POST '/session/7e68bebf4f631384ef0c8284bc97caa9/element/530660ae-831e-4b02-807c-557f00d112fa/value'
12:12:19.193 [AsyncHttpClient-1-2] DEBUG org.asynchttpclient.netty.handler.HttpHandler - 

Request DefaultHttpRequest(decodeResult: success, version: HTTP/1.1)
POST /session/7e68bebf4f631384ef0c8284bc97caa9/element/530660ae-831e-4b02-807c-557f00d112fa/value HTTP/1.1
User-Agent: selenium/4.1.2 (java windows)
Content-Length: 121
Content-Type: application/json; charset=utf-8
host: localhost:54370
accept: */*

Response DefaultHttpResponse(decodeResult: success, version: HTTP/1.1)
HTTP/1.1 200 OK
Content-Type: application/json; charset=utf-8
cache-control: no-cache
content-length: 14

12:12:19.194 [AsyncHttpClient-1-2] DEBUG org.asynchttpclient.netty.channel.ChannelManager - Adding key: http://localhost:54370 for channel [id: 0x200c9da4, L:/127.0.0.1:49432 - R:localhost/127.0.0.1:54370]
12:12:19.200 [Forwarding screenshot on session 7e68bebf4f631384ef0c8284bc97caa9 to remote] DEBUG org.asynchttpclient.netty.request.NettyRequestSender - Using pooled Channel '[id: 0x200c9da4, L:/127.0.0.1:49432 - R:localhost/127.0.0.1:54370]' for 'GET' to 'http://localhost:54370/session/7e68bebf4f631384ef0c8284bc97caa9/screenshot'
12:12:19.200 [Forwarding screenshot on session 7e68bebf4f631384ef0c8284bc97caa9 to remote] DEBUG org.asynchttpclient.netty.request.NettyRequestSender - Using open Channel [id: 0x200c9da4, L:/127.0.0.1:49432 - R:localhost/127.0.0.1:54370] for GET '/session/7e68bebf4f631384ef0c8284bc97caa9/screenshot'
12:12:19.319 [AsyncHttpClient-1-2] DEBUG org.asynchttpclient.netty.handler.HttpHandler - 

Request DefaultFullHttpRequest(decodeResult: success, version: HTTP/1.1, content: EmptyByteBufBE)
GET /session/7e68bebf4f631384ef0c8284bc97caa9/screenshot HTTP/1.1
User-Agent: selenium/4.1.2 (java windows)
Cache-Control: no-cache
Content-Type: application/json; charset=utf-8
host: localhost:54370
accept: */*

Response DefaultHttpResponse(decodeResult: success, version: HTTP/1.1)
HTTP/1.1 200 OK
Content-Type: application/json; charset=utf-8
cache-control: no-cache
content-length: 29848

12:12:19.319 [AsyncHttpClient-1-2] DEBUG org.asynchttpclient.netty.channel.ChannelManager - Adding key: http://localhost:54370 for channel [id: 0x200c9da4, L:/127.0.0.1:49432 - R:localhost/127.0.0.1:54370]
12:12:19.321 [main] DEBUG net.serenitybdd.core.photography.Darkroom - Send negative for processing for target\site\serenity\835258ad643b9cafb1b15f985177ae440c5c3389a74a9bc1a65eeba3ba465269.png
12:12:19.322 [main] DEBUG net.thucydides.core.steps.StepInterceptor - STEP DONE: inputPassword
  &amp#27;[32mAnd &amp#27;[0m&amp#27;[32muser input valid password&amp#27;[0m                   &amp#27;[90m# starter.definitions.LoginSteps.ValidPassword()&amp#27;[0m
12:12:19.322 [Darkroom Processing Line] DEBUG net.serenitybdd.core.photography.DarkroomProcessingLine - Processing screenshot image in /var/screenshots/screenshot-11297033105922775448
12:12:19.322 [Darkroom Processing Line] DEBUG net.serenitybdd.core.photography.DarkroomProcessingLine - Saving screenshot to target\site\serenity\835258ad643b9cafb1b15f985177ae440c5c3389a74a9bc1a65eeba3ba465269.png
12:12:19.337 [main] DEBUG net.thucydides.core.steps.StepInterceptor - STARTING STEP: LoginSteps.LoginButton - clickloginButton
12:12:19.340 [Forwarding findElement on session 7e68bebf4f631384ef0c8284bc97caa9 to remote] DEBUG org.asynchttpclient.netty.request.NettyRequestSender - Using pooled Channel '[id: 0x200c9da4, L:/127.0.0.1:49432 - R:localhost/127.0.0.1:54370]' for 'POST' to 'http://localhost:54370/session/7e68bebf4f631384ef0c8284bc97caa9/element'
12:12:19.341 [Forwarding findElement on session 7e68bebf4f631384ef0c8284bc97caa9 to remote] DEBUG org.asynchttpclient.netty.request.NettyRequestSender - Using open Channel [id: 0x200c9da4, L:/127.0.0.1:49432 - R:localhost/127.0.0.1:54370] for POST '/session/7e68bebf4f631384ef0c8284bc97caa9/element'
12:12:19.355 [AsyncHttpClient-1-2] DEBUG org.asynchttpclient.netty.handler.HttpHandler - 

Request DefaultHttpRequest(decodeResult: success, version: HTTP/1.1)
POST /session/7e68bebf4f631384ef0c8284bc97caa9/element HTTP/1.1
User-Agent: selenium/4.1.2 (java windows)
Content-Length: 99
Content-Type: application/json; charset=utf-8
host: localhost:54370
accept: */*

Response DefaultHttpResponse(decodeResult: success, version: HTTP/1.1)
HTTP/1.1 200 OK
Content-Type: application/json; charset=utf-8
cache-control: no-cache
content-length: 88

12:12:19.356 [AsyncHttpClient-1-2] DEBUG org.asynchttpclient.netty.channel.ChannelManager - Adding key: http://localhost:54370 for channel [id: 0x200c9da4, L:/127.0.0.1:49432 - R:localhost/127.0.0.1:54370]
12:12:19.358 [Forwarding getElementTagName on session 7e68bebf4f631384ef0c8284bc97caa9 to remote] DEBUG org.asynchttpclient.netty.request.NettyRequestSender - Using pooled Channel '[id: 0x200c9da4, L:/127.0.0.1:49432 - R:localhost/127.0.0.1:54370]' for 'GET' to 'http://localhost:54370/session/7e68bebf4f631384ef0c8284bc97caa9/element/361e6ba4-2288-48e0-bc4b-99c78117ce8f/name'
12:12:19.358 [Forwarding getElementTagName on session 7e68bebf4f631384ef0c8284bc97caa9 to remote] DEBUG org.asynchttpclient.netty.request.NettyRequestSender - Using open Channel [id: 0x200c9da4, L:/127.0.0.1:49432 - R:localhost/127.0.0.1:54370] for GET '/session/7e68bebf4f631384ef0c8284bc97caa9/element/361e6ba4-2288-48e0-bc4b-99c78117ce8f/name'
12:12:19.416 [AsyncHttpClient-1-2] DEBUG org.asynchttpclient.netty.handler.HttpHandler - 

Request DefaultFullHttpRequest(decodeResult: success, version: HTTP/1.1, content: EmptyByteBufBE)
GET /session/7e68bebf4f631384ef0c8284bc97caa9/element/361e6ba4-2288-48e0-bc4b-99c78117ce8f/name HTTP/1.1
User-Agent: selenium/4.1.2 (java windows)
Cache-Control: no-cache
Content-Type: application/json; charset=utf-8
host: localhost:54370
accept: */*

Response DefaultHttpResponse(decodeResult: success, version: HTTP/1.1)
HTTP/1.1 200 OK
Content-Type: application/json; charset=utf-8
cache-control: no-cache
content-length: 18

12:12:19.417 [AsyncHttpClient-1-2] DEBUG org.asynchttpclient.netty.channel.ChannelManager - Adding key: http://localhost:54370 for channel [id: 0x200c9da4, L:/127.0.0.1:49432 - R:localhost/127.0.0.1:54370]
12:12:19.419 [Forwarding getElementTagName on session 7e68bebf4f631384ef0c8284bc97caa9 to remote] DEBUG org.asynchttpclient.netty.request.NettyRequestSender - Using pooled Channel '[id: 0x200c9da4, L:/127.0.0.1:49432 - R:localhost/127.0.0.1:54370]' for 'GET' to 'http://localhost:54370/session/7e68bebf4f631384ef0c8284bc97caa9/element/361e6ba4-2288-48e0-bc4b-99c78117ce8f/name'
12:12:19.419 [Forwarding getElementTagName on session 7e68bebf4f631384ef0c8284bc97caa9 to remote] DEBUG org.asynchttpclient.netty.request.NettyRequestSender - Using open Channel [id: 0x200c9da4, L:/127.0.0.1:49432 - R:localhost/127.0.0.1:54370] for GET '/session/7e68bebf4f631384ef0c8284bc97caa9/element/361e6ba4-2288-48e0-bc4b-99c78117ce8f/name'
12:12:19.428 [AsyncHttpClient-1-2] DEBUG org.asynchttpclient.netty.handler.HttpHandler - 

Request DefaultFullHttpRequest(decodeResult: success, version: HTTP/1.1, content: EmptyByteBufBE)
GET /session/7e68bebf4f631384ef0c8284bc97caa9/element/361e6ba4-2288-48e0-bc4b-99c78117ce8f/name HTTP/1.1
User-Agent: selenium/4.1.2 (java windows)
Cache-Control: no-cache
Content-Type: application/json; charset=utf-8
host: localhost:54370
accept: */*

Response DefaultHttpResponse(decodeResult: success, version: HTTP/1.1)
HTTP/1.1 200 OK
Content-Type: application/json; charset=utf-8
cache-control: no-cache
content-length: 18

12:12:19.428 [AsyncHttpClient-1-2] DEBUG org.asynchttpclient.netty.channel.ChannelManager - Adding key: http://localhost:54370 for channel [id: 0x200c9da4, L:/127.0.0.1:49432 - R:localhost/127.0.0.1:54370]
12:12:19.431 [Forwarding isElementEnabled on session 7e68bebf4f631384ef0c8284bc97caa9 to remote] DEBUG org.asynchttpclient.netty.request.NettyRequestSender - Using pooled Channel '[id: 0x200c9da4, L:/127.0.0.1:49432 - R:localhost/127.0.0.1:54370]' for 'GET' to 'http://localhost:54370/session/7e68bebf4f631384ef0c8284bc97caa9/element/361e6ba4-2288-48e0-bc4b-99c78117ce8f/enabled'
12:12:19.431 [Forwarding isElementEnabled on session 7e68bebf4f631384ef0c8284bc97caa9 to remote] DEBUG org.asynchttpclient.netty.request.NettyRequestSender - Using open Channel [id: 0x200c9da4, L:/127.0.0.1:49432 - R:localhost/127.0.0.1:54370] for GET '/session/7e68bebf4f631384ef0c8284bc97caa9/element/361e6ba4-2288-48e0-bc4b-99c78117ce8f/enabled'
12:12:19.454 [AsyncHttpClient-1-2] DEBUG org.asynchttpclient.netty.handler.HttpHandler - 

Request DefaultFullHttpRequest(decodeResult: success, version: HTTP/1.1, content: EmptyByteBufBE)
GET /session/7e68bebf4f631384ef0c8284bc97caa9/element/361e6ba4-2288-48e0-bc4b-99c78117ce8f/enabled HTTP/1.1
User-Agent: selenium/4.1.2 (java windows)
Cache-Control: no-cache
Content-Type: application/json; charset=utf-8
host: localhost:54370
accept: */*

Response DefaultHttpResponse(decodeResult: success, version: HTTP/1.1)
HTTP/1.1 200 OK
Content-Type: application/json; charset=utf-8
cache-control: no-cache
content-length: 14

12:12:19.455 [AsyncHttpClient-1-2] DEBUG org.asynchttpclient.netty.channel.ChannelManager - Adding key: http://localhost:54370 for channel [id: 0x200c9da4, L:/127.0.0.1:49432 - R:localhost/127.0.0.1:54370]
12:12:19.457 [Forwarding isElementEnabled on session 7e68bebf4f631384ef0c8284bc97caa9 to remote] DEBUG org.asynchttpclient.netty.request.NettyRequestSender - Using pooled Channel '[id: 0x200c9da4, L:/127.0.0.1:49432 - R:localhost/127.0.0.1:54370]' for 'GET' to 'http://localhost:54370/session/7e68bebf4f631384ef0c8284bc97caa9/element/361e6ba4-2288-48e0-bc4b-99c78117ce8f/enabled'
12:12:19.457 [Forwarding isElementEnabled on session 7e68bebf4f631384ef0c8284bc97caa9 to remote] DEBUG org.asynchttpclient.netty.request.NettyRequestSender - Using open Channel [id: 0x200c9da4, L:/127.0.0.1:49432 - R:localhost/127.0.0.1:54370] for GET '/session/7e68bebf4f631384ef0c8284bc97caa9/element/361e6ba4-2288-48e0-bc4b-99c78117ce8f/enabled'
12:12:19.571 [AsyncHttpClient-1-2] DEBUG org.asynchttpclient.netty.handler.HttpHandler - 

Request DefaultFullHttpRequest(decodeResult: success, version: HTTP/1.1, content: EmptyByteBufBE)
GET /session/7e68bebf4f631384ef0c8284bc97caa9/element/361e6ba4-2288-48e0-bc4b-99c78117ce8f/enabled HTTP/1.1
User-Agent: selenium/4.1.2 (java windows)
Cache-Control: no-cache
Content-Type: application/json; charset=utf-8
host: localhost:54370
accept: */*

Response DefaultHttpResponse(decodeResult: success, version: HTTP/1.1)
HTTP/1.1 200 OK
Content-Type: application/json; charset=utf-8
cache-control: no-cache
content-length: 14

12:12:19.572 [AsyncHttpClient-1-2] DEBUG org.asynchttpclient.netty.channel.ChannelManager - Adding key: http://localhost:54370 for channel [id: 0x200c9da4, L:/127.0.0.1:49432 - R:localhost/127.0.0.1:54370]
12:12:19.574 [Forwarding findElement on session 7e68bebf4f631384ef0c8284bc97caa9 to remote] DEBUG org.asynchttpclient.netty.request.NettyRequestSender - Using pooled Channel '[id: 0x200c9da4, L:/127.0.0.1:49432 - R:localhost/127.0.0.1:54370]' for 'POST' to 'http://localhost:54370/session/7e68bebf4f631384ef0c8284bc97caa9/element'
12:12:19.574 [Forwarding findElement on session 7e68bebf4f631384ef0c8284bc97caa9 to remote] DEBUG org.asynchttpclient.netty.request.NettyRequestSender - Using open Channel [id: 0x200c9da4, L:/127.0.0.1:49432 - R:localhost/127.0.0.1:54370] for POST '/session/7e68bebf4f631384ef0c8284bc97caa9/element'
12:12:19.686 [AsyncHttpClient-1-2] DEBUG org.asynchttpclient.netty.handler.HttpHandler - 

Request DefaultHttpRequest(decodeResult: success, version: HTTP/1.1)
POST /session/7e68bebf4f631384ef0c8284bc97caa9/element HTTP/1.1
User-Agent: selenium/4.1.2 (java windows)
Content-Length: 99
Content-Type: application/json; charset=utf-8
host: localhost:54370
accept: */*

Response DefaultHttpResponse(decodeResult: success, version: HTTP/1.1)
HTTP/1.1 200 OK
Content-Type: application/json; charset=utf-8
cache-control: no-cache
content-length: 88

12:12:19.686 [AsyncHttpClient-1-2] DEBUG org.asynchttpclient.netty.channel.ChannelManager - Adding key: http://localhost:54370 for channel [id: 0x200c9da4, L:/127.0.0.1:49432 - R:localhost/127.0.0.1:54370]
12:12:19.688 [Forwarding clickElement on session 7e68bebf4f631384ef0c8284bc97caa9 to remote] DEBUG org.asynchttpclient.netty.request.NettyRequestSender - Using pooled Channel '[id: 0x200c9da4, L:/127.0.0.1:49432 - R:localhost/127.0.0.1:54370]' for 'POST' to 'http://localhost:54370/session/7e68bebf4f631384ef0c8284bc97caa9/element/361e6ba4-2288-48e0-bc4b-99c78117ce8f/click'
12:12:19.688 [Forwarding clickElement on session 7e68bebf4f631384ef0c8284bc97caa9 to remote] DEBUG org.asynchttpclient.netty.request.NettyRequestSender - Using open Channel [id: 0x200c9da4, L:/127.0.0.1:49432 - R:localhost/127.0.0.1:54370] for POST '/session/7e68bebf4f631384ef0c8284bc97caa9/element/361e6ba4-2288-48e0-bc4b-99c78117ce8f/click'
12:12:19.776 [AsyncHttpClient-1-2] DEBUG org.asynchttpclient.netty.handler.HttpHandler - 

Request DefaultHttpRequest(decodeResult: success, version: HTTP/1.1)
POST /session/7e68bebf4f631384ef0c8284bc97caa9/element/361e6ba4-2288-48e0-bc4b-99c78117ce8f/click HTTP/1.1
User-Agent: selenium/4.1.2 (java windows)
Content-Length: 50
Content-Type: application/json; charset=utf-8
host: localhost:54370
accept: */*

Response DefaultHttpResponse(decodeResult: success, version: HTTP/1.1)
HTTP/1.1 200 OK
Content-Type: application/json; charset=utf-8
cache-control: no-cache
content-length: 14

12:12:19.776 [AsyncHttpClient-1-2] DEBUG org.asynchttpclient.netty.channel.ChannelManager - Adding key: http://localhost:54370 for channel [id: 0x200c9da4, L:/127.0.0.1:49432 - R:localhost/127.0.0.1:54370]
12:12:19.782 [Forwarding screenshot on session 7e68bebf4f631384ef0c8284bc97caa9 to remote] DEBUG org.asynchttpclient.netty.request.NettyRequestSender - Using pooled Channel '[id: 0x200c9da4, L:/127.0.0.1:49432 - R:localhost/127.0.0.1:54370]' for 'GET' to 'http://localhost:54370/session/7e68bebf4f631384ef0c8284bc97caa9/screenshot'
12:12:19.783 [Forwarding screenshot on session 7e68bebf4f631384ef0c8284bc97caa9 to remote] DEBUG org.asynchttpclient.netty.request.NettyRequestSender - Using open Channel [id: 0x200c9da4, L:/127.0.0.1:49432 - R:localhost/127.0.0.1:54370] for GET '/session/7e68bebf4f631384ef0c8284bc97caa9/screenshot'
12:12:20.181 [AsyncHttpClient-1-1] DEBUG org.asynchttpclient.netty.channel.DefaultChannelPool - Entry count for : http://localhost:49433 : 1
12:12:20.921 [AsyncHttpClient-1-2] DEBUG org.asynchttpclient.netty.handler.HttpHandler - 

Request DefaultFullHttpRequest(decodeResult: success, version: HTTP/1.1, content: EmptyByteBufBE)
GET /session/7e68bebf4f631384ef0c8284bc97caa9/screenshot HTTP/1.1
User-Agent: selenium/4.1.2 (java windows)
Cache-Control: no-cache
Content-Type: application/json; charset=utf-8
host: localhost:54370
accept: */*

Response DefaultHttpResponse(decodeResult: success, version: HTTP/1.1)
HTTP/1.1 200 OK
Content-Type: application/json; charset=utf-8
cache-control: no-cache
content-length: 25372

12:12:20.922 [AsyncHttpClient-1-2] DEBUG org.asynchttpclient.netty.channel.ChannelManager - Adding key: http://localhost:54370 for channel [id: 0x200c9da4, L:/127.0.0.1:49432 - R:localhost/127.0.0.1:54370]
12:12:20.924 [main] DEBUG net.serenitybdd.core.photography.Darkroom - Send negative for processing for target\site\serenity\5902cf1f6a6edef51753759cd9273a0dd095afe2c5a24e701774fc8f0ba59893.png
12:12:20.924 [main] DEBUG net.thucydides.core.steps.StepInterceptor - STEP DONE: clickloginButton
  &amp#27;[32mAnd &amp#27;[0m&amp#27;[32mclick login button&amp#27;[0m                          &amp#27;[90m# starter.definitions.LoginSteps.LoginButton()&amp#27;[0m
12:12:20.924 [Darkroom Processing Line] DEBUG net.serenitybdd.core.photography.DarkroomProcessingLine - Processing screenshot image in /var/screenshots/screenshot-10272656248856512588
12:12:20.925 [Darkroom Processing Line] DEBUG net.serenitybdd.core.photography.DarkroomProcessingLine - Saving screenshot to target\site\serenity\5902cf1f6a6edef51753759cd9273a0dd095afe2c5a24e701774fc8f0ba59893.png
12:12:20.940 [main] DEBUG net.thucydides.core.steps.StepInterceptor - STARTING STEP: LoginSteps.HomePage - validateHomepage
12:12:20.942 [Forwarding findElement on session 7e68bebf4f631384ef0c8284bc97caa9 to remote] DEBUG org.asynchttpclient.netty.request.NettyRequestSender - Using pooled Channel '[id: 0x200c9da4, L:/127.0.0.1:49432 - R:localhost/127.0.0.1:54370]' for 'POST' to 'http://localhost:54370/session/7e68bebf4f631384ef0c8284bc97caa9/element'
12:12:20.943 [Forwarding findElement on session 7e68bebf4f631384ef0c8284bc97caa9 to remote] DEBUG org.asynchttpclient.netty.request.NettyRequestSender - Using open Channel [id: 0x200c9da4, L:/127.0.0.1:49432 - R:localhost/127.0.0.1:54370] for POST '/session/7e68bebf4f631384ef0c8284bc97caa9/element'
12:12:20.978 [AsyncHttpClient-1-2] DEBUG org.asynchttpclient.netty.handler.HttpHandler - 

Request DefaultHttpRequest(decodeResult: success, version: HTTP/1.1)
POST /session/7e68bebf4f631384ef0c8284bc97caa9/element HTTP/1.1
User-Agent: selenium/4.1.2 (java windows)
Content-Length: 85
Content-Type: application/json; charset=utf-8
host: localhost:54370
accept: */*

Response DefaultHttpResponse(decodeResult: success, version: HTTP/1.1)
HTTP/1.1 200 OK
Content-Type: application/json; charset=utf-8
cache-control: no-cache
content-length: 88

12:12:20.978 [AsyncHttpClient-1-2] DEBUG org.asynchttpclient.netty.channel.ChannelManager - Adding key: http://localhost:54370 for channel [id: 0x200c9da4, L:/127.0.0.1:49432 - R:localhost/127.0.0.1:54370]
12:12:20.984 [Forwarding isElementDisplayed on session 7e68bebf4f631384ef0c8284bc97caa9 to remote] DEBUG org.asynchttpclient.netty.request.NettyRequestSender - Using pooled Channel '[id: 0x200c9da4, L:/127.0.0.1:49432 - R:localhost/127.0.0.1:54370]' for 'POST' to 'http://localhost:54370/session/7e68bebf4f631384ef0c8284bc97caa9/execute/sync'
12:12:20.984 [Forwarding isElementDisplayed on session 7e68bebf4f631384ef0c8284bc97caa9 to remote] DEBUG org.asynchttpclient.netty.request.NettyRequestSender - Using open Channel [id: 0x200c9da4, L:/127.0.0.1:49432 - R:localhost/127.0.0.1:54370] for POST '/session/7e68bebf4f631384ef0c8284bc97caa9/execute/sync'
12:12:21.020 [AsyncHttpClient-1-2] DEBUG org.asynchttpclient.netty.handler.HttpHandler - 

Request DefaultHttpRequest(decodeResult: success, version: HTTP/1.1)
POST /session/7e68bebf4f631384ef0c8284bc97caa9/execute/sync HTTP/1.1
User-Agent: selenium/4.1.2 (java windows)
Content-Length: 48780
Content-Type: application/json; charset=utf-8
host: localhost:54370
accept: */*

Response DefaultHttpResponse(decodeResult: success, version: HTTP/1.1)
HTTP/1.1 200 OK
Content-Type: application/json; charset=utf-8
cache-control: no-cache
content-length: 14

12:12:21.021 [AsyncHttpClient-1-2] DEBUG org.asynchttpclient.netty.channel.ChannelManager - Adding key: http://localhost:54370 for channel [id: 0x200c9da4, L:/127.0.0.1:49432 - R:localhost/127.0.0.1:54370]
12:12:21.026 [Forwarding screenshot on session 7e68bebf4f631384ef0c8284bc97caa9 to remote] DEBUG org.asynchttpclient.netty.request.NettyRequestSender - Using pooled Channel '[id: 0x200c9da4, L:/127.0.0.1:49432 - R:localhost/127.0.0.1:54370]' for 'GET' to 'http://localhost:54370/session/7e68bebf4f631384ef0c8284bc97caa9/screenshot'
12:12:21.026 [Forwarding screenshot on session 7e68bebf4f631384ef0c8284bc97caa9 to remote] DEBUG org.asynchttpclient.netty.request.NettyRequestSender - Using open Channel [id: 0x200c9da4, L:/127.0.0.1:49432 - R:localhost/127.0.0.1:54370] for GET '/session/7e68bebf4f631384ef0c8284bc97caa9/screenshot'
12:12:21.139 [AsyncHttpClient-1-2] DEBUG org.asynchttpclient.netty.handler.HttpHandler - 

Request DefaultFullHttpRequest(decodeResult: success, version: HTTP/1.1, content: EmptyByteBufBE)
GET /session/7e68bebf4f631384ef0c8284bc97caa9/screenshot HTTP/1.1
User-Agent: selenium/4.1.2 (java windows)
Cache-Control: no-cache
Content-Type: application/json; charset=utf-8
host: localhost:54370
accept: */*

Response DefaultHttpResponse(decodeResult: success, version: HTTP/1.1)
HTTP/1.1 200 OK
Content-Type: application/json; charset=utf-8
cache-control: no-cache
content-length: 62148

12:12:21.140 [AsyncHttpClient-1-2] DEBUG org.asynchttpclient.netty.channel.ChannelManager - Adding key: http://localhost:54370 for channel [id: 0x200c9da4, L:/127.0.0.1:49432 - R:localhost/127.0.0.1:54370]
12:12:21.143 [main] DEBUG net.serenitybdd.core.photography.Darkroom - Send negative for processing for target\site\serenity\0408724e5f98ce401f7a7772f0b9bcf796df9e488d6e00aa1bb1de887ee2619e.png
12:12:21.143 [main] DEBUG net.thucydides.core.steps.StepInterceptor - STEP DONE: validateHomepage
  &amp#27;[32mThen &amp#27;[0m&amp#27;[32muser can see the profile page&amp#27;[0m              &amp#27;[90m# starter.definitions.LoginSteps.HomePage()&amp#27;[0m
12:12:21.143 [Darkroom Processing Line] DEBUG net.serenitybdd.core.photography.DarkroomProcessingLine - Processing screenshot image in /var/screenshots/screenshot-12827272035838162647
12:12:21.143 [Darkroom Processing Line] DEBUG net.serenitybdd.core.photography.DarkroomProcessingLine - Saving screenshot to target\site\serenity\0408724e5f98ce401f7a7772f0b9bcf796df9e488d6e00aa1bb1de887ee2619e.png
12:12:21.150 [main] INFO  - 
  _____   ___   ___   _____     ___     _     ___   ___   ___   ___  
 |_   _| | __| / __| |_   _|   | _ \   /_\   / __| / __| | __| |   \ 
   | |   | _|  \__ \   | |     |  _/  / _ \  \__ \ \__ \ | _|  | |) |
   |_|   |___| |___/   |_|     |_|   /_/ \_\ |___/ |___/ |___| |___/ 

As a user, i able to login successfully
----------------------------------------------------------------------
12:12:21.274 [AsyncHttpClient-1-4] DEBUG org.asynchttpclient.netty.handler.WebSocketHandler - Channel Closed: [id: 0xba443f76, L:/127.0.0.1:49440 ! R:localhost/127.0.0.1:49433] with attribute NettyResponseFuture{currentRetry=5,
	isDone=1,
	isCancelled=0,
	asyncHandler=org.asynchttpclient.ws.WebSocketUpgradeHandler@7a5caf7f,
	nettyRequest=org.asynchttpclient.netty.request.NettyRequest@287aaf48,
	future=java.util.concurrent.CompletableFuture@3c9b579f[Completed normally],
	uri=ws://localhost:49433/devtools/browser/56a4538d-6465-4fbe-ab4d-052a9ce79d7e,
	keepAlive=true,
	redirectCount=0,
	timeoutsHolder=null,
	inAuth=0,
	touch=1652242334226}
12:12:21.274 [AsyncHttpClient-1-4] DEBUG org.asynchttpclient.netty.channel.ChannelManager - Closing Channel [id: 0xba443f76, L:/127.0.0.1:49440 ! R:localhost/127.0.0.1:49433] 
12:12:21.275 [AsyncHttpClient-1-1] DEBUG org.asynchttpclient.netty.channel.DefaultChannelPool - Entry count for : http://localhost:49433 : 1
12:12:21.275 [AsyncHttpClient-1-1] DEBUG org.asynchttpclient.netty.channel.DefaultChannelPool - Entry count for : http://localhost:54370 : 1
12:12:21.277 [Driver Command Executor] DEBUG org.asynchttpclient.netty.request.NettyRequestSender - Using pooled Channel '[id: 0x200c9da4, L:/127.0.0.1:49432 - R:localhost/127.0.0.1:54370]' for 'DELETE' to 'http://localhost:54370/session/7e68bebf4f631384ef0c8284bc97caa9'
12:12:21.278 [Driver Command Executor] DEBUG org.asynchttpclient.netty.request.NettyRequestSender - Using open Channel [id: 0x200c9da4, L:/127.0.0.1:49432 - R:localhost/127.0.0.1:54370] for DELETE '/session/7e68bebf4f631384ef0c8284bc97caa9'
12:12:21.567 [AsyncHttpClient-1-2] DEBUG org.asynchttpclient.netty.handler.HttpHandler - 

Request DefaultFullHttpRequest(decodeResult: success, version: HTTP/1.1, content: EmptyByteBufBE)
DELETE /session/7e68bebf4f631384ef0c8284bc97caa9 HTTP/1.1
User-Agent: selenium/4.1.2 (java windows)
Content-Type: application/json; charset=utf-8
host: localhost:54370
accept: */*

Response DefaultHttpResponse(decodeResult: success, version: HTTP/1.1)
HTTP/1.1 200 OK
Content-Type: application/json; charset=utf-8
cache-control: no-cache
content-length: 14

12:12:21.567 [AsyncHttpClient-1-2] DEBUG org.asynchttpclient.netty.channel.ChannelManager - Adding key: http://localhost:54370 for channel [id: 0x200c9da4, L:/127.0.0.1:49432 - R:localhost/127.0.0.1:54370]
12:12:21.594 [AsyncHttpClient-1-3] DEBUG org.asynchttpclient.netty.handler.HttpHandler - Unexpected I/O exception on channel [id: 0xd850e6e8, L:/127.0.0.1:49439 - R:localhost/127.0.0.1:49433]
java.net.SocketException: Connection reset
	at java.base/sun.nio.ch.SocketChannelImpl.throwConnectionReset(SocketChannelImpl.java:394)
	at java.base/sun.nio.ch.SocketChannelImpl.read(SocketChannelImpl.java:426)
	at io.netty.buffer.PooledByteBuf.setBytes(PooledByteBuf.java:258)
	at io.netty.buffer.AbstractByteBuf.writeBytes(AbstractByteBuf.java:1132)
	at io.netty.channel.socket.nio.NioSocketChannel.doReadBytes(NioSocketChannel.java:350)
	at io.netty.channel.nio.AbstractNioByteChannel$NioByteUnsafe.read(AbstractNioByteChannel.java:151)
	at io.netty.channel.nio.NioEventLoop.processSelectedKey(NioEventLoop.java:722)
	at io.netty.channel.nio.NioEventLoop.processSelectedKeysOptimized(NioEventLoop.java:658)
	at io.netty.channel.nio.NioEventLoop.processSelectedKeys(NioEventLoop.java:584)
	at io.netty.channel.nio.NioEventLoop.run(NioEventLoop.java:496)
	at io.netty.util.concurrent.SingleThreadEventExecutor$4.run(SingleThreadEventExecutor.java:986)
	at io.netty.util.internal.ThreadExecutorMap$2.run(ThreadExecutorMap.java:74)
	at io.netty.util.concurrent.FastThreadLocalRunnable.run(FastThreadLocalRunnable.java:30)
	at java.base/java.lang.Thread.run(Thread.java:833)
12:12:21.594 [AsyncHttpClient-1-3] DEBUG org.asynchttpclient.netty.channel.ChannelManager - Closing Channel [id: 0xd850e6e8, L:/127.0.0.1:49439 - R:localhost/127.0.0.1:49433] 
12:12:21.595 [AsyncHttpClient-1-3] DEBUG org.asynchttpclient.netty.handler.HttpHandler - Channel Closed: [id: 0xd850e6e8, L:/127.0.0.1:49439 ! R:localhost/127.0.0.1:49433] with attribute DISCARD
12:12:22.373 [AsyncHttpClient-1-1] DEBUG org.asynchttpclient.netty.channel.DefaultChannelPool - Entry count for : http://localhost:49433 : 1
12:12:22.373 [AsyncHttpClient-1-1] DEBUG org.asynchttpclient.netty.channel.DefaultChannelPool - Entry count for : http://localhost:54370 : 1
12:12:22.373 [AsyncHttpClient-1-1] DEBUG org.asynchttpclient.netty.channel.DefaultChannelPool - Adding Candidate expired Channel [id: 0xd850e6e8, L:/127.0.0.1:49439 ! R:localhost/127.0.0.1:49433] isIdleTimeoutExpired=false isRemotelyClosed=true isTtlExpired=false
12:12:22.374 [AsyncHttpClient-1-1] DEBUG org.asynchttpclient.netty.channel.DefaultChannelPool - Closing Idle Channel [id: 0xd850e6e8, L:/127.0.0.1:49439 ! R:localhost/127.0.0.1:49433]
12:12:22.374 [AsyncHttpClient-1-1] DEBUG org.asynchttpclient.netty.channel.DefaultChannelPool - Closed 1 connections out of 2 in 1 ms
12:12:22.576 [AsyncHttpClient-1-2] DEBUG org.asynchttpclient.netty.handler.HttpHandler - Unexpected I/O exception on channel [id: 0x200c9da4, L:/127.0.0.1:49432 - R:localhost/127.0.0.1:54370]
java.net.SocketException: Connection reset
	at java.base/sun.nio.ch.SocketChannelImpl.throwConnectionReset(SocketChannelImpl.java:394)
	at java.base/sun.nio.ch.SocketChannelImpl.read(SocketChannelImpl.java:426)
	at io.netty.buffer.PooledByteBuf.setBytes(PooledByteBuf.java:258)
	at io.netty.buffer.AbstractByteBuf.writeBytes(AbstractByteBuf.java:1132)
	at io.netty.channel.socket.nio.NioSocketChannel.doReadBytes(NioSocketChannel.java:350)
	at io.netty.channel.nio.AbstractNioByteChannel$NioByteUnsafe.read(AbstractNioByteChannel.java:151)
	at io.netty.channel.nio.NioEventLoop.processSelectedKey(NioEventLoop.java:722)
	at io.netty.channel.nio.NioEventLoop.processSelectedKeysOptimized(NioEventLoop.java:658)
	at io.netty.channel.nio.NioEventLoop.processSelectedKeys(NioEventLoop.java:584)
	at io.netty.channel.nio.NioEventLoop.run(NioEventLoop.java:496)
	at io.netty.util.concurrent.SingleThreadEventExecutor$4.run(SingleThreadEventExecutor.java:986)
	at io.netty.util.internal.ThreadExecutorMap$2.run(ThreadExecutorMap.java:74)
	at io.netty.util.concurrent.FastThreadLocalRunnable.run(FastThreadLocalRunnable.java:30)
	at java.base/java.lang.Thread.run(Thread.java:833)
12:12:22.576 [AsyncHttpClient-1-2] DEBUG org.asynchttpclient.netty.channel.ChannelManager - Closing Channel [id: 0x200c9da4, L:/127.0.0.1:49432 - R:localhost/127.0.0.1:54370] 
12:12:22.576 [AsyncHttpClient-1-2] DEBUG org.asynchttpclient.netty.handler.HttpHandler - Channel Closed: [id: 0x200c9da4, L:/127.0.0.1:49432 ! R:localhost/127.0.0.1:54370] with attribute DISCARD
]]></system-out>
    <system-err><![CDATA[Starting ChromeDriver 101.0.4951.41 (93c720db8323b3ec10d056025ab95c23a31997c9-refs/branch-heads/4951@{#904}) on port 54370
Only local connections are allowed.
Please see https://chromedriver.chromium.org/security-considerations for suggestions on keeping ChromeDriver safe.
ChromeDriver was started successfully.
May 11, 2022 12:12:14 PM org.openqa.selenium.remote.ProtocolHandshake createSession
INFO: Detected dialect: W3C
May 11, 2022 12:12:14 PM org.openqa.selenium.devtools.CdpVersionFinder findNearestMatch
WARNING: Unable to find an exact match for CDP version 101, so returning the closest version found: 97
May 11, 2022 12:12:14 PM org.openqa.selenium.devtools.CdpVersionFinder findNearestMatch
INFO: Found CDP implementation for version 101 of 97
]]></system-err>
  </testcase>
  <testcase name="As user i want to order &quot;tensi darah elektrik&quot;" classname="As user I want to order product so that i can have it" time="6.328">
    <system-out><![CDATA[12:12:22.631 [main] INFO io.cucumber.core.plugin.SerenityReporter - Running feature from file:///D:/alta%20folder/New%20folder/Web%20Testing/src/test/resources/features/Order.feature
12:12:22.633 [main] DEBUG net.thucydides.core.steps.StepEventBus - Test suite started for story net.thucydides.core.model.Story@bed6f419
12:12:22.634 [main] INFO  - Test Suite Started: As user I want to order product so that i can have it

Scenario: As user i want to order "tensi darah elektrik" &amp#27;[90m# src/test/resources/features/Order.feature:3&amp#27;[0m
12:12:22.641 [main] INFO io.cucumber.core.plugin.SerenityReporter - Running feature from file:///D:/alta%20folder/New%20folder/Web%20Testing/src/test/resources/features/Order.feature
12:12:22.643 [main] INFO  - 
  _____   ___   ___   _____     ___   _____     _     ___   _____   ___   ___  
 |_   _| | __| / __| |_   _|   / __| |_   _|   /_\   | _ \ |_   _| | __| |   \ 
   | |   | _|  \__ \   | |     \__ \   | |    / _ \  |   /   | |   | _|  | |) |
   |_|   |___| |___/   |_|     |___/   |_|   /_/ \_\ |_|_\   |_|   |___| |___/ 

As user i want to order "tensi darah elektrik"(as-user-i-want-to-order-product-so-that-i-can-have-it;as-user-i-want-to-order-"tensi-darah-elektrik")
--------------------------------------------------------------------------------
12:12:22.724 [main] DEBUG net.thucydides.core.steps.StepInterceptor - STARTING STEP: OrderSteps.UserOnHomePage - openPage
12:12:22.725 [main] INFO net.serenitybdd.core.webdriver.driverproviders.ChromeDriverProvider - Using automatically driver download
12:12:22.868 [main] DEBUG io.github.bonigarcia.wdm.cache.ResolutionCache - Resolution chrome=101 in cache (valid until 13:12:06 11/05/2022 WITA)
12:12:22.873 [main] DEBUG io.github.bonigarcia.wdm.cache.ResolutionCache - Resolution chrome101=101.0.4951.41 in cache (valid until 21:51:26 11/05/2022 WITA)
12:12:22.875 [main] INFO io.github.bonigarcia.wdm.WebDriverManager - Using chromedriver 101.0.4951.41 (resolved driver for Chrome 101)
12:12:22.887 [main] DEBUG io.github.bonigarcia.wdm.WebDriverManager - Driver chromedriver 101.0.4951.41 found in cache
12:12:22.887 [main] INFO io.github.bonigarcia.wdm.WebDriverManager - Exporting webdriver.chrome.driver as C:\Users\Rev\.cache\selenium\chromedriver\win32\101.0.4951.41\chromedriver.exe
12:12:23.013 [main] DEBUG net.serenitybdd.core.webdriver.driverproviders.ProvideNewDriver - Instantiating driver
12:12:23.013 [main] DEBUG net.serenitybdd.core.webdriver.driverproviders.ProvideNewDriver - Driver capabilities: Capabilities {acceptInsecureCerts: false, base.url: https://qa.alta.id, browserName: chrome, chrome.driver: webdriver/chromedriver.exe, driver: chrome, goog:chromeOptions: {args: [], extensions: []}}
12:12:23.239 [AsyncHttpClient-1-5] DEBUG org.asynchttpclient.netty.channel.NettyConnectListener - Using new Channel '[id: 0x92802198, L:/127.0.0.1:49461 - R:localhost/127.0.0.1:55510]' for 'POST' to '/session'
12:12:23.479 [AsyncHttpClient-1-1] DEBUG org.asynchttpclient.netty.channel.DefaultChannelPool - Entry count for : http://localhost:54370 : 1
12:12:23.479 [AsyncHttpClient-1-1] DEBUG org.asynchttpclient.netty.channel.DefaultChannelPool - Adding Candidate expired Channel [id: 0x200c9da4, L:/127.0.0.1:49432 ! R:localhost/127.0.0.1:54370] isIdleTimeoutExpired=false isRemotelyClosed=true isTtlExpired=false
12:12:23.479 [AsyncHttpClient-1-1] DEBUG org.asynchttpclient.netty.channel.DefaultChannelPool - Closing Idle Channel [id: 0x200c9da4, L:/127.0.0.1:49432 ! R:localhost/127.0.0.1:54370]
12:12:23.479 [AsyncHttpClient-1-1] DEBUG org.asynchttpclient.netty.channel.DefaultChannelPool - Closed 1 connections out of 1 in 0 ms
12:12:24.348 [AsyncHttpClient-1-5] DEBUG org.asynchttpclient.netty.handler.HttpHandler - 

Request DefaultHttpRequest(decodeResult: success, version: HTTP/1.1)
POST /session HTTP/1.1
User-Agent: selenium/4.1.2 (java windows)
Content-Length: 565
Content-Type: application/json; charset=utf-8
host: localhost:55510
accept: */*

Response DefaultHttpResponse(decodeResult: success, version: HTTP/1.1)
HTTP/1.1 200 OK
Content-Type: application/json; charset=utf-8
cache-control: no-cache
content-length: 786

12:12:24.348 [AsyncHttpClient-1-5] DEBUG org.asynchttpclient.netty.channel.ChannelManager - Adding key: http://localhost:55510 for channel [id: 0x92802198, L:/127.0.0.1:49461 - R:localhost/127.0.0.1:55510]
12:12:24.357 [AsyncHttpClient-1-6] DEBUG org.asynchttpclient.netty.channel.NettyConnectListener - Using new Channel '[id: 0xe1e28699, L:/127.0.0.1:49468 - R:localhost/127.0.0.1:49462]' for 'GET' to '/json/version'
12:12:24.366 [AsyncHttpClient-1-6] DEBUG org.asynchttpclient.netty.handler.HttpHandler - 

Request DefaultFullHttpRequest(decodeResult: success, version: HTTP/1.1, content: EmptyByteBufBE)
GET /json/version HTTP/1.1
User-Agent: selenium/4.1.2 (java windows)
host: localhost:49462
accept: */*

Response DefaultHttpResponse(decodeResult: success, version: HTTP/1.1)
HTTP/1.1 200 OK
Content-Type: application/json; charset=UTF-8
content-length: 427

12:12:24.367 [AsyncHttpClient-1-6] DEBUG org.asynchttpclient.netty.channel.ChannelManager - Adding key: http://localhost:49462 for channel [id: 0xe1e28699, L:/127.0.0.1:49468 - R:localhost/127.0.0.1:49462]
12:12:24.373 [AsyncHttpClient-1-7] DEBUG org.asynchttpclient.netty.channel.NettyConnectListener - Using new Channel '[id: 0x027eec38, L:/127.0.0.1:49469 - R:localhost/127.0.0.1:49462]' for 'GET' to '/devtools/browser/c02356f9-4fbe-499e-bbd7-c3d0013e1532'
12:12:24.381 [AsyncHttpClient-1-7] DEBUG org.asynchttpclient.netty.handler.WebSocketHandler - 

Request DefaultFullHttpRequest(decodeResult: success, version: HTTP/1.1, content: EmptyByteBufBE)
GET /devtools/browser/c02356f9-4fbe-499e-bbd7-c3d0013e1532 HTTP/1.1
upgrade: websocket
connection: upgrade
sec-websocket-key: 4oyC9jM06zt2mbWQm6EH8Q==
sec-websocket-version: 13
origin: http://localhost:49462
host: localhost:49462
accept: */*
user-agent: AHC/2.1

Response DefaultHttpResponse(decodeResult: success, version: HTTP/1.1)
HTTP/1.1 101 WebSocket Protocol Handshake
Upgrade: WebSocket
Connection: Upgrade
Sec-WebSocket-Accept: D7Wtcs+n2KoWaMDjD1kS3vX6uA0=

12:12:24.385 [Forwarding get on session 9921f2321a8677e45c1a61a06ef3c3b4 to remote] DEBUG org.asynchttpclient.netty.request.NettyRequestSender - Using pooled Channel '[id: 0x92802198, L:/127.0.0.1:49461 - R:localhost/127.0.0.1:55510]' for 'POST' to 'http://localhost:55510/session/9921f2321a8677e45c1a61a06ef3c3b4/url'
12:12:24.386 [Forwarding get on session 9921f2321a8677e45c1a61a06ef3c3b4 to remote] DEBUG org.asynchttpclient.netty.request.NettyRequestSender - Using open Channel [id: 0x92802198, L:/127.0.0.1:49461 - R:localhost/127.0.0.1:55510] for POST '/session/9921f2321a8677e45c1a61a06ef3c3b4/url'
12:12:24.608 [AsyncHttpClient-1-1] DEBUG org.asynchttpclient.netty.channel.DefaultChannelPool - Entry count for : http://localhost:49462 : 1
12:12:24.878 [AsyncHttpClient-1-5] DEBUG org.asynchttpclient.netty.handler.HttpHandler - 

Request DefaultHttpRequest(decodeResult: success, version: HTTP/1.1)
POST /session/9921f2321a8677e45c1a61a06ef3c3b4/url HTTP/1.1
User-Agent: selenium/4.1.2 (java windows)
Content-Length: 43
Content-Type: application/json; charset=utf-8
host: localhost:55510
accept: */*

Response DefaultHttpResponse(decodeResult: success, version: HTTP/1.1)
HTTP/1.1 200 OK
Content-Type: application/json; charset=utf-8
cache-control: no-cache
content-length: 14

12:12:24.878 [AsyncHttpClient-1-5] DEBUG org.asynchttpclient.netty.channel.ChannelManager - Adding key: http://localhost:55510 for channel [id: 0x92802198, L:/127.0.0.1:49461 - R:localhost/127.0.0.1:55510]
12:12:24.880 [Forwarding setTimeout on session 9921f2321a8677e45c1a61a06ef3c3b4 to remote] DEBUG org.asynchttpclient.netty.request.NettyRequestSender - Using pooled Channel '[id: 0x92802198, L:/127.0.0.1:49461 - R:localhost/127.0.0.1:55510]' for 'POST' to 'http://localhost:55510/session/9921f2321a8677e45c1a61a06ef3c3b4/timeouts'
12:12:24.880 [Forwarding setTimeout on session 9921f2321a8677e45c1a61a06ef3c3b4 to remote] DEBUG org.asynchttpclient.netty.request.NettyRequestSender - Using open Channel [id: 0x92802198, L:/127.0.0.1:49461 - R:localhost/127.0.0.1:55510] for POST '/session/9921f2321a8677e45c1a61a06ef3c3b4/timeouts'
12:12:24.883 [AsyncHttpClient-1-5] DEBUG org.asynchttpclient.netty.handler.HttpHandler - 

Request DefaultHttpRequest(decodeResult: success, version: HTTP/1.1)
POST /session/9921f2321a8677e45c1a61a06ef3c3b4/timeouts HTTP/1.1
User-Agent: selenium/4.1.2 (java windows)
Content-Length: 22
Content-Type: application/json; charset=utf-8
host: localhost:55510
accept: */*

Response DefaultHttpResponse(decodeResult: success, version: HTTP/1.1)
HTTP/1.1 200 OK
Content-Type: application/json; charset=utf-8
cache-control: no-cache
content-length: 14

12:12:24.884 [AsyncHttpClient-1-5] DEBUG org.asynchttpclient.netty.channel.ChannelManager - Adding key: http://localhost:55510 for channel [id: 0x92802198, L:/127.0.0.1:49461 - R:localhost/127.0.0.1:55510]
12:12:24.887 [Forwarding getCurrentUrl on session 9921f2321a8677e45c1a61a06ef3c3b4 to remote] DEBUG org.asynchttpclient.netty.request.NettyRequestSender - Using pooled Channel '[id: 0x92802198, L:/127.0.0.1:49461 - R:localhost/127.0.0.1:55510]' for 'GET' to 'http://localhost:55510/session/9921f2321a8677e45c1a61a06ef3c3b4/url'
12:12:24.887 [Forwarding getCurrentUrl on session 9921f2321a8677e45c1a61a06ef3c3b4 to remote] DEBUG org.asynchttpclient.netty.request.NettyRequestSender - Using open Channel [id: 0x92802198, L:/127.0.0.1:49461 - R:localhost/127.0.0.1:55510] for GET '/session/9921f2321a8677e45c1a61a06ef3c3b4/url'
12:12:24.898 [AsyncHttpClient-1-5] DEBUG org.asynchttpclient.netty.handler.HttpHandler - 

Request DefaultFullHttpRequest(decodeResult: success, version: HTTP/1.1, content: EmptyByteBufBE)
GET /session/9921f2321a8677e45c1a61a06ef3c3b4/url HTTP/1.1
User-Agent: selenium/4.1.2 (java windows)
Cache-Control: no-cache
Content-Type: application/json; charset=utf-8
host: localhost:55510
accept: */*

Response DefaultHttpResponse(decodeResult: success, version: HTTP/1.1)
HTTP/1.1 200 OK
Content-Type: application/json; charset=utf-8
cache-control: no-cache
content-length: 31

12:12:24.898 [AsyncHttpClient-1-5] DEBUG org.asynchttpclient.netty.channel.ChannelManager - Adding key: http://localhost:55510 for channel [id: 0x92802198, L:/127.0.0.1:49461 - R:localhost/127.0.0.1:55510]
12:12:24.901 [Forwarding getCurrentUrl on session 9921f2321a8677e45c1a61a06ef3c3b4 to remote] DEBUG org.asynchttpclient.netty.request.NettyRequestSender - Using pooled Channel '[id: 0x92802198, L:/127.0.0.1:49461 - R:localhost/127.0.0.1:55510]' for 'GET' to 'http://localhost:55510/session/9921f2321a8677e45c1a61a06ef3c3b4/url'
12:12:24.901 [Forwarding getCurrentUrl on session 9921f2321a8677e45c1a61a06ef3c3b4 to remote] DEBUG org.asynchttpclient.netty.request.NettyRequestSender - Using open Channel [id: 0x92802198, L:/127.0.0.1:49461 - R:localhost/127.0.0.1:55510] for GET '/session/9921f2321a8677e45c1a61a06ef3c3b4/url'
12:12:24.914 [AsyncHttpClient-1-5] DEBUG org.asynchttpclient.netty.handler.HttpHandler - 

Request DefaultFullHttpRequest(decodeResult: success, version: HTTP/1.1, content: EmptyByteBufBE)
GET /session/9921f2321a8677e45c1a61a06ef3c3b4/url HTTP/1.1
User-Agent: selenium/4.1.2 (java windows)
Cache-Control: no-cache
Content-Type: application/json; charset=utf-8
host: localhost:55510
accept: */*

Response DefaultHttpResponse(decodeResult: success, version: HTTP/1.1)
HTTP/1.1 200 OK
Content-Type: application/json; charset=utf-8
cache-control: no-cache
content-length: 31

12:12:24.915 [AsyncHttpClient-1-5] DEBUG org.asynchttpclient.netty.channel.ChannelManager - Adding key: http://localhost:55510 for channel [id: 0x92802198, L:/127.0.0.1:49461 - R:localhost/127.0.0.1:55510]
12:12:24.920 [main] DEBUG net.serenitybdd.core.photography.Darkroom - Opening darkroom
12:12:24.921 [Forwarding screenshot on session 9921f2321a8677e45c1a61a06ef3c3b4 to remote] DEBUG org.asynchttpclient.netty.request.NettyRequestSender - Using pooled Channel '[id: 0x92802198, L:/127.0.0.1:49461 - R:localhost/127.0.0.1:55510]' for 'GET' to 'http://localhost:55510/session/9921f2321a8677e45c1a61a06ef3c3b4/screenshot'
12:12:24.921 [Forwarding screenshot on session 9921f2321a8677e45c1a61a06ef3c3b4 to remote] DEBUG org.asynchttpclient.netty.request.NettyRequestSender - Using open Channel [id: 0x92802198, L:/127.0.0.1:49461 - R:localhost/127.0.0.1:55510] for GET '/session/9921f2321a8677e45c1a61a06ef3c3b4/screenshot'
12:12:24.932 [Darkroom Processing Line] DEBUG net.serenitybdd.core.photography.DarkroomProcessingLine - Darkroom processing line starting up
12:12:25.679 [AsyncHttpClient-1-1] DEBUG org.asynchttpclient.netty.channel.DefaultChannelPool - Entry count for : http://localhost:49462 : 1
12:12:25.820 [AsyncHttpClient-1-5] DEBUG org.asynchttpclient.netty.handler.HttpHandler - 

Request DefaultFullHttpRequest(decodeResult: success, version: HTTP/1.1, content: EmptyByteBufBE)
GET /session/9921f2321a8677e45c1a61a06ef3c3b4/screenshot HTTP/1.1
User-Agent: selenium/4.1.2 (java windows)
Cache-Control: no-cache
Content-Type: application/json; charset=utf-8
host: localhost:55510
accept: */*

Response DefaultHttpResponse(decodeResult: success, version: HTTP/1.1)
HTTP/1.1 200 OK
Content-Type: application/json; charset=utf-8
cache-control: no-cache
content-length: 62216

12:12:25.821 [AsyncHttpClient-1-5] DEBUG org.asynchttpclient.netty.channel.ChannelManager - Adding key: http://localhost:55510 for channel [id: 0x92802198, L:/127.0.0.1:49461 - R:localhost/127.0.0.1:55510]
12:12:25.824 [main] DEBUG net.serenitybdd.core.photography.Darkroom - Send negative for processing for target\site\serenity\5320a82275251c60efc748d741a19e517d5b0788e778bf86039494f1361bc915.png
12:12:25.824 [main] DEBUG net.thucydides.core.steps.StepInterceptor - STEP DONE: openPage
12:12:25.825 [Darkroom Processing Line] DEBUG net.serenitybdd.core.photography.DarkroomProcessingLine - Processing screenshot image in /var/screenshots/screenshot-2261011959147308048
12:12:25.825 [Darkroom Processing Line] DEBUG net.serenitybdd.core.photography.DarkroomProcessingLine - Saving screenshot to target\site\serenity\5320a82275251c60efc748d741a19e517d5b0788e778bf86039494f1361bc915.png
12:12:25.831 [main] DEBUG net.thucydides.core.steps.StepInterceptor - STARTING STEP: OrderSteps.UserOnHomePage - homepage
12:12:25.833 [Forwarding findElement on session 9921f2321a8677e45c1a61a06ef3c3b4 to remote] DEBUG org.asynchttpclient.netty.request.NettyRequestSender - Using pooled Channel '[id: 0x92802198, L:/127.0.0.1:49461 - R:localhost/127.0.0.1:55510]' for 'POST' to 'http://localhost:55510/session/9921f2321a8677e45c1a61a06ef3c3b4/element'
12:12:25.834 [Forwarding findElement on session 9921f2321a8677e45c1a61a06ef3c3b4 to remote] DEBUG org.asynchttpclient.netty.request.NettyRequestSender - Using open Channel [id: 0x92802198, L:/127.0.0.1:49461 - R:localhost/127.0.0.1:55510] for POST '/session/9921f2321a8677e45c1a61a06ef3c3b4/element'
12:12:25.850 [AsyncHttpClient-1-5] DEBUG org.asynchttpclient.netty.handler.HttpHandler - 

Request DefaultHttpRequest(decodeResult: success, version: HTTP/1.1)
POST /session/9921f2321a8677e45c1a61a06ef3c3b4/element HTTP/1.1
User-Agent: selenium/4.1.2 (java windows)
Content-Length: 85
Content-Type: application/json; charset=utf-8
host: localhost:55510
accept: */*

Response DefaultHttpResponse(decodeResult: success, version: HTTP/1.1)
HTTP/1.1 200 OK
Content-Type: application/json; charset=utf-8
cache-control: no-cache
content-length: 88

12:12:25.851 [AsyncHttpClient-1-5] DEBUG org.asynchttpclient.netty.channel.ChannelManager - Adding key: http://localhost:55510 for channel [id: 0x92802198, L:/127.0.0.1:49461 - R:localhost/127.0.0.1:55510]
12:12:25.855 [Forwarding isElementDisplayed on session 9921f2321a8677e45c1a61a06ef3c3b4 to remote] DEBUG org.asynchttpclient.netty.request.NettyRequestSender - Using pooled Channel '[id: 0x92802198, L:/127.0.0.1:49461 - R:localhost/127.0.0.1:55510]' for 'POST' to 'http://localhost:55510/session/9921f2321a8677e45c1a61a06ef3c3b4/execute/sync'
12:12:25.855 [Forwarding isElementDisplayed on session 9921f2321a8677e45c1a61a06ef3c3b4 to remote] DEBUG org.asynchttpclient.netty.request.NettyRequestSender - Using open Channel [id: 0x92802198, L:/127.0.0.1:49461 - R:localhost/127.0.0.1:55510] for POST '/session/9921f2321a8677e45c1a61a06ef3c3b4/execute/sync'
12:12:25.873 [AsyncHttpClient-1-5] DEBUG org.asynchttpclient.netty.handler.HttpHandler - 

Request DefaultHttpRequest(decodeResult: success, version: HTTP/1.1)
POST /session/9921f2321a8677e45c1a61a06ef3c3b4/execute/sync HTTP/1.1
User-Agent: selenium/4.1.2 (java windows)
Content-Length: 48780
Content-Type: application/json; charset=utf-8
host: localhost:55510
accept: */*

Response DefaultHttpResponse(decodeResult: success, version: HTTP/1.1)
HTTP/1.1 200 OK
Content-Type: application/json; charset=utf-8
cache-control: no-cache
content-length: 14

12:12:25.873 [AsyncHttpClient-1-5] DEBUG org.asynchttpclient.netty.channel.ChannelManager - Adding key: http://localhost:55510 for channel [id: 0x92802198, L:/127.0.0.1:49461 - R:localhost/127.0.0.1:55510]
12:12:25.879 [Forwarding screenshot on session 9921f2321a8677e45c1a61a06ef3c3b4 to remote] DEBUG org.asynchttpclient.netty.request.NettyRequestSender - Using pooled Channel '[id: 0x92802198, L:/127.0.0.1:49461 - R:localhost/127.0.0.1:55510]' for 'GET' to 'http://localhost:55510/session/9921f2321a8677e45c1a61a06ef3c3b4/screenshot'
12:12:25.879 [Forwarding screenshot on session 9921f2321a8677e45c1a61a06ef3c3b4 to remote] DEBUG org.asynchttpclient.netty.request.NettyRequestSender - Using open Channel [id: 0x92802198, L:/127.0.0.1:49461 - R:localhost/127.0.0.1:55510] for GET '/session/9921f2321a8677e45c1a61a06ef3c3b4/screenshot'
12:12:25.971 [AsyncHttpClient-1-5] DEBUG org.asynchttpclient.netty.handler.HttpHandler - 

Request DefaultFullHttpRequest(decodeResult: success, version: HTTP/1.1, content: EmptyByteBufBE)
GET /session/9921f2321a8677e45c1a61a06ef3c3b4/screenshot HTTP/1.1
User-Agent: selenium/4.1.2 (java windows)
Cache-Control: no-cache
Content-Type: application/json; charset=utf-8
host: localhost:55510
accept: */*

Response DefaultHttpResponse(decodeResult: success, version: HTTP/1.1)
HTTP/1.1 200 OK
Content-Type: application/json; charset=utf-8
cache-control: no-cache
content-length: 62216

12:12:25.971 [AsyncHttpClient-1-5] DEBUG org.asynchttpclient.netty.channel.ChannelManager - Adding key: http://localhost:55510 for channel [id: 0x92802198, L:/127.0.0.1:49461 - R:localhost/127.0.0.1:55510]
12:12:25.974 [main] DEBUG net.serenitybdd.core.photography.Darkroom - Send negative for processing for target\site\serenity\5320a82275251c60efc748d741a19e517d5b0788e778bf86039494f1361bc915.png
12:12:25.975 [main] DEBUG net.thucydides.core.steps.StepInterceptor - STEP DONE: homepage
  &amp#27;[32mGiven &amp#27;[0m&amp#27;[32mUser on Home page&amp#27;[0m                                &amp#27;[90m# starter.definitions.OrderSteps.UserOnHomePage()&amp#27;[0m
12:12:25.990 [main] DEBUG net.thucydides.core.steps.StepInterceptor - STARTING STEP: OrderSteps.clickProduct - validateclickproduct
12:12:25.993 [Forwarding findElement on session 9921f2321a8677e45c1a61a06ef3c3b4 to remote] DEBUG org.asynchttpclient.netty.request.NettyRequestSender - Using pooled Channel '[id: 0x92802198, L:/127.0.0.1:49461 - R:localhost/127.0.0.1:55510]' for 'POST' to 'http://localhost:55510/session/9921f2321a8677e45c1a61a06ef3c3b4/element'
12:12:25.993 [Forwarding findElement on session 9921f2321a8677e45c1a61a06ef3c3b4 to remote] DEBUG org.asynchttpclient.netty.request.NettyRequestSender - Using open Channel [id: 0x92802198, L:/127.0.0.1:49461 - R:localhost/127.0.0.1:55510] for POST '/session/9921f2321a8677e45c1a61a06ef3c3b4/element'
12:12:26.009 [AsyncHttpClient-1-5] DEBUG org.asynchttpclient.netty.handler.HttpHandler - 

Request DefaultHttpRequest(decodeResult: success, version: HTTP/1.1)
POST /session/9921f2321a8677e45c1a61a06ef3c3b4/element HTTP/1.1
User-Agent: selenium/4.1.2 (java windows)
Content-Length: 94
Content-Type: application/json; charset=utf-8
host: localhost:55510
accept: */*

Response DefaultHttpResponse(decodeResult: success, version: HTTP/1.1)
HTTP/1.1 200 OK
Content-Type: application/json; charset=utf-8
cache-control: no-cache
content-length: 88

12:12:26.009 [AsyncHttpClient-1-5] DEBUG org.asynchttpclient.netty.channel.ChannelManager - Adding key: http://localhost:55510 for channel [id: 0x92802198, L:/127.0.0.1:49461 - R:localhost/127.0.0.1:55510]
12:12:26.011 [Forwarding getElementTagName on session 9921f2321a8677e45c1a61a06ef3c3b4 to remote] DEBUG org.asynchttpclient.netty.request.NettyRequestSender - Using pooled Channel '[id: 0x92802198, L:/127.0.0.1:49461 - R:localhost/127.0.0.1:55510]' for 'GET' to 'http://localhost:55510/session/9921f2321a8677e45c1a61a06ef3c3b4/element/6ee58845-4119-49eb-96b0-189ef3d9f49c/name'
12:12:26.011 [Forwarding getElementTagName on session 9921f2321a8677e45c1a61a06ef3c3b4 to remote] DEBUG org.asynchttpclient.netty.request.NettyRequestSender - Using open Channel [id: 0x92802198, L:/127.0.0.1:49461 - R:localhost/127.0.0.1:55510] for GET '/session/9921f2321a8677e45c1a61a06ef3c3b4/element/6ee58845-4119-49eb-96b0-189ef3d9f49c/name'
12:12:26.021 [AsyncHttpClient-1-5] DEBUG org.asynchttpclient.netty.handler.HttpHandler - 

Request DefaultFullHttpRequest(decodeResult: success, version: HTTP/1.1, content: EmptyByteBufBE)
GET /session/9921f2321a8677e45c1a61a06ef3c3b4/element/6ee58845-4119-49eb-96b0-189ef3d9f49c/name HTTP/1.1
User-Agent: selenium/4.1.2 (java windows)
Cache-Control: no-cache
Content-Type: application/json; charset=utf-8
host: localhost:55510
accept: */*

Response DefaultHttpResponse(decodeResult: success, version: HTTP/1.1)
HTTP/1.1 200 OK
Content-Type: application/json; charset=utf-8
cache-control: no-cache
content-length: 18

12:12:26.022 [AsyncHttpClient-1-5] DEBUG org.asynchttpclient.netty.channel.ChannelManager - Adding key: http://localhost:55510 for channel [id: 0x92802198, L:/127.0.0.1:49461 - R:localhost/127.0.0.1:55510]
12:12:26.024 [Forwarding getElementTagName on session 9921f2321a8677e45c1a61a06ef3c3b4 to remote] DEBUG org.asynchttpclient.netty.request.NettyRequestSender - Using pooled Channel '[id: 0x92802198, L:/127.0.0.1:49461 - R:localhost/127.0.0.1:55510]' for 'GET' to 'http://localhost:55510/session/9921f2321a8677e45c1a61a06ef3c3b4/element/6ee58845-4119-49eb-96b0-189ef3d9f49c/name'
12:12:26.024 [Forwarding getElementTagName on session 9921f2321a8677e45c1a61a06ef3c3b4 to remote] DEBUG org.asynchttpclient.netty.request.NettyRequestSender - Using open Channel [id: 0x92802198, L:/127.0.0.1:49461 - R:localhost/127.0.0.1:55510] for GET '/session/9921f2321a8677e45c1a61a06ef3c3b4/element/6ee58845-4119-49eb-96b0-189ef3d9f49c/name'
12:12:26.031 [AsyncHttpClient-1-5] DEBUG org.asynchttpclient.netty.handler.HttpHandler - 

Request DefaultFullHttpRequest(decodeResult: success, version: HTTP/1.1, content: EmptyByteBufBE)
GET /session/9921f2321a8677e45c1a61a06ef3c3b4/element/6ee58845-4119-49eb-96b0-189ef3d9f49c/name HTTP/1.1
User-Agent: selenium/4.1.2 (java windows)
Cache-Control: no-cache
Content-Type: application/json; charset=utf-8
host: localhost:55510
accept: */*

Response DefaultHttpResponse(decodeResult: success, version: HTTP/1.1)
HTTP/1.1 200 OK
Content-Type: application/json; charset=utf-8
cache-control: no-cache
content-length: 18

12:12:26.032 [AsyncHttpClient-1-5] DEBUG org.asynchttpclient.netty.channel.ChannelManager - Adding key: http://localhost:55510 for channel [id: 0x92802198, L:/127.0.0.1:49461 - R:localhost/127.0.0.1:55510]
12:12:26.034 [Forwarding isElementEnabled on session 9921f2321a8677e45c1a61a06ef3c3b4 to remote] DEBUG org.asynchttpclient.netty.request.NettyRequestSender - Using pooled Channel '[id: 0x92802198, L:/127.0.0.1:49461 - R:localhost/127.0.0.1:55510]' for 'GET' to 'http://localhost:55510/session/9921f2321a8677e45c1a61a06ef3c3b4/element/6ee58845-4119-49eb-96b0-189ef3d9f49c/enabled'
12:12:26.034 [Forwarding isElementEnabled on session 9921f2321a8677e45c1a61a06ef3c3b4 to remote] DEBUG org.asynchttpclient.netty.request.NettyRequestSender - Using open Channel [id: 0x92802198, L:/127.0.0.1:49461 - R:localhost/127.0.0.1:55510] for GET '/session/9921f2321a8677e45c1a61a06ef3c3b4/element/6ee58845-4119-49eb-96b0-189ef3d9f49c/enabled'
12:12:26.048 [AsyncHttpClient-1-5] DEBUG org.asynchttpclient.netty.handler.HttpHandler - 

Request DefaultFullHttpRequest(decodeResult: success, version: HTTP/1.1, content: EmptyByteBufBE)
GET /session/9921f2321a8677e45c1a61a06ef3c3b4/element/6ee58845-4119-49eb-96b0-189ef3d9f49c/enabled HTTP/1.1
User-Agent: selenium/4.1.2 (java windows)
Cache-Control: no-cache
Content-Type: application/json; charset=utf-8
host: localhost:55510
accept: */*

Response DefaultHttpResponse(decodeResult: success, version: HTTP/1.1)
HTTP/1.1 200 OK
Content-Type: application/json; charset=utf-8
cache-control: no-cache
content-length: 14

12:12:26.049 [AsyncHttpClient-1-5] DEBUG org.asynchttpclient.netty.channel.ChannelManager - Adding key: http://localhost:55510 for channel [id: 0x92802198, L:/127.0.0.1:49461 - R:localhost/127.0.0.1:55510]
12:12:26.050 [Forwarding isElementEnabled on session 9921f2321a8677e45c1a61a06ef3c3b4 to remote] DEBUG org.asynchttpclient.netty.request.NettyRequestSender - Using pooled Channel '[id: 0x92802198, L:/127.0.0.1:49461 - R:localhost/127.0.0.1:55510]' for 'GET' to 'http://localhost:55510/session/9921f2321a8677e45c1a61a06ef3c3b4/element/6ee58845-4119-49eb-96b0-189ef3d9f49c/enabled'
12:12:26.050 [Forwarding isElementEnabled on session 9921f2321a8677e45c1a61a06ef3c3b4 to remote] DEBUG org.asynchttpclient.netty.request.NettyRequestSender - Using open Channel [id: 0x92802198, L:/127.0.0.1:49461 - R:localhost/127.0.0.1:55510] for GET '/session/9921f2321a8677e45c1a61a06ef3c3b4/element/6ee58845-4119-49eb-96b0-189ef3d9f49c/enabled'
12:12:26.063 [AsyncHttpClient-1-5] DEBUG org.asynchttpclient.netty.handler.HttpHandler - 

Request DefaultFullHttpRequest(decodeResult: success, version: HTTP/1.1, content: EmptyByteBufBE)
GET /session/9921f2321a8677e45c1a61a06ef3c3b4/element/6ee58845-4119-49eb-96b0-189ef3d9f49c/enabled HTTP/1.1
User-Agent: selenium/4.1.2 (java windows)
Cache-Control: no-cache
Content-Type: application/json; charset=utf-8
host: localhost:55510
accept: */*

Response DefaultHttpResponse(decodeResult: success, version: HTTP/1.1)
HTTP/1.1 200 OK
Content-Type: application/json; charset=utf-8
cache-control: no-cache
content-length: 14

12:12:26.064 [AsyncHttpClient-1-5] DEBUG org.asynchttpclient.netty.channel.ChannelManager - Adding key: http://localhost:55510 for channel [id: 0x92802198, L:/127.0.0.1:49461 - R:localhost/127.0.0.1:55510]
12:12:26.066 [Forwarding findElement on session 9921f2321a8677e45c1a61a06ef3c3b4 to remote] DEBUG org.asynchttpclient.netty.request.NettyRequestSender - Using pooled Channel '[id: 0x92802198, L:/127.0.0.1:49461 - R:localhost/127.0.0.1:55510]' for 'POST' to 'http://localhost:55510/session/9921f2321a8677e45c1a61a06ef3c3b4/element'
12:12:26.066 [Forwarding findElement on session 9921f2321a8677e45c1a61a06ef3c3b4 to remote] DEBUG org.asynchttpclient.netty.request.NettyRequestSender - Using open Channel [id: 0x92802198, L:/127.0.0.1:49461 - R:localhost/127.0.0.1:55510] for POST '/session/9921f2321a8677e45c1a61a06ef3c3b4/element'
12:12:26.079 [AsyncHttpClient-1-5] DEBUG org.asynchttpclient.netty.handler.HttpHandler - 

Request DefaultHttpRequest(decodeResult: success, version: HTTP/1.1)
POST /session/9921f2321a8677e45c1a61a06ef3c3b4/element HTTP/1.1
User-Agent: selenium/4.1.2 (java windows)
Content-Length: 94
Content-Type: application/json; charset=utf-8
host: localhost:55510
accept: */*

Response DefaultHttpResponse(decodeResult: success, version: HTTP/1.1)
HTTP/1.1 200 OK
Content-Type: application/json; charset=utf-8
cache-control: no-cache
content-length: 88

12:12:26.079 [AsyncHttpClient-1-5] DEBUG org.asynchttpclient.netty.channel.ChannelManager - Adding key: http://localhost:55510 for channel [id: 0x92802198, L:/127.0.0.1:49461 - R:localhost/127.0.0.1:55510]
12:12:26.081 [Forwarding clickElement on session 9921f2321a8677e45c1a61a06ef3c3b4 to remote] DEBUG org.asynchttpclient.netty.request.NettyRequestSender - Using pooled Channel '[id: 0x92802198, L:/127.0.0.1:49461 - R:localhost/127.0.0.1:55510]' for 'POST' to 'http://localhost:55510/session/9921f2321a8677e45c1a61a06ef3c3b4/element/6ee58845-4119-49eb-96b0-189ef3d9f49c/click'
12:12:26.081 [Forwarding clickElement on session 9921f2321a8677e45c1a61a06ef3c3b4 to remote] DEBUG org.asynchttpclient.netty.request.NettyRequestSender - Using open Channel [id: 0x92802198, L:/127.0.0.1:49461 - R:localhost/127.0.0.1:55510] for POST '/session/9921f2321a8677e45c1a61a06ef3c3b4/element/6ee58845-4119-49eb-96b0-189ef3d9f49c/click'
12:12:26.144 [AsyncHttpClient-1-5] DEBUG org.asynchttpclient.netty.handler.HttpHandler - 

Request DefaultHttpRequest(decodeResult: success, version: HTTP/1.1)
POST /session/9921f2321a8677e45c1a61a06ef3c3b4/element/6ee58845-4119-49eb-96b0-189ef3d9f49c/click HTTP/1.1
User-Agent: selenium/4.1.2 (java windows)
Content-Length: 50
Content-Type: application/json; charset=utf-8
host: localhost:55510
accept: */*

Response DefaultHttpResponse(decodeResult: success, version: HTTP/1.1)
HTTP/1.1 200 OK
Content-Type: application/json; charset=utf-8
cache-control: no-cache
content-length: 14

12:12:26.145 [AsyncHttpClient-1-5] DEBUG org.asynchttpclient.netty.channel.ChannelManager - Adding key: http://localhost:55510 for channel [id: 0x92802198, L:/127.0.0.1:49461 - R:localhost/127.0.0.1:55510]
12:12:26.151 [Forwarding screenshot on session 9921f2321a8677e45c1a61a06ef3c3b4 to remote] DEBUG org.asynchttpclient.netty.request.NettyRequestSender - Using pooled Channel '[id: 0x92802198, L:/127.0.0.1:49461 - R:localhost/127.0.0.1:55510]' for 'GET' to 'http://localhost:55510/session/9921f2321a8677e45c1a61a06ef3c3b4/screenshot'
12:12:26.151 [Forwarding screenshot on session 9921f2321a8677e45c1a61a06ef3c3b4 to remote] DEBUG org.asynchttpclient.netty.request.NettyRequestSender - Using open Channel [id: 0x92802198, L:/127.0.0.1:49461 - R:localhost/127.0.0.1:55510] for GET '/session/9921f2321a8677e45c1a61a06ef3c3b4/screenshot'
12:12:26.287 [AsyncHttpClient-1-5] DEBUG org.asynchttpclient.netty.handler.HttpHandler - 

Request DefaultFullHttpRequest(decodeResult: success, version: HTTP/1.1, content: EmptyByteBufBE)
GET /session/9921f2321a8677e45c1a61a06ef3c3b4/screenshot HTTP/1.1
User-Agent: selenium/4.1.2 (java windows)
Cache-Control: no-cache
Content-Type: application/json; charset=utf-8
host: localhost:55510
accept: */*

Response DefaultHttpResponse(decodeResult: success, version: HTTP/1.1)
HTTP/1.1 200 OK
Content-Type: application/json; charset=utf-8
cache-control: no-cache
content-length: 63744

12:12:26.287 [AsyncHttpClient-1-5] DEBUG org.asynchttpclient.netty.channel.ChannelManager - Adding key: http://localhost:55510 for channel [id: 0x92802198, L:/127.0.0.1:49461 - R:localhost/127.0.0.1:55510]
12:12:26.291 [main] DEBUG net.serenitybdd.core.photography.Darkroom - Send negative for processing for target\site\serenity\52e7ed579b2c4d1f87aa0c3bc0b5760b8be5bd9a845643eb944e738f6b64b240.png
12:12:26.291 [main] DEBUG net.thucydides.core.steps.StepInterceptor - STEP DONE: validateclickproduct
  &amp#27;[32mWhen &amp#27;[0m&amp#27;[32mUser click tensi darah elektrik&amp#27;[0m                   &amp#27;[90m# starter.definitions.OrderSteps.clickProduct()&amp#27;[0m
12:12:26.291 [Darkroom Processing Line] DEBUG net.serenitybdd.core.photography.DarkroomProcessingLine - Processing screenshot image in /var/screenshots/screenshot-7299165845101863951
12:12:26.291 [Darkroom Processing Line] DEBUG net.serenitybdd.core.photography.DarkroomProcessingLine - Saving screenshot to target\site\serenity\52e7ed579b2c4d1f87aa0c3bc0b5760b8be5bd9a845643eb944e738f6b64b240.png
12:12:26.307 [main] DEBUG net.thucydides.core.steps.StepInterceptor - STARTING STEP: OrderSteps.ClickCart - userClickCart
12:12:26.310 [Forwarding findElement on session 9921f2321a8677e45c1a61a06ef3c3b4 to remote] DEBUG org.asynchttpclient.netty.request.NettyRequestSender - Using pooled Channel '[id: 0x92802198, L:/127.0.0.1:49461 - R:localhost/127.0.0.1:55510]' for 'POST' to 'http://localhost:55510/session/9921f2321a8677e45c1a61a06ef3c3b4/element'
12:12:26.310 [Forwarding findElement on session 9921f2321a8677e45c1a61a06ef3c3b4 to remote] DEBUG org.asynchttpclient.netty.request.NettyRequestSender - Using open Channel [id: 0x92802198, L:/127.0.0.1:49461 - R:localhost/127.0.0.1:55510] for POST '/session/9921f2321a8677e45c1a61a06ef3c3b4/element'
12:12:26.330 [AsyncHttpClient-1-5] DEBUG org.asynchttpclient.netty.handler.HttpHandler - 

Request DefaultHttpRequest(decodeResult: success, version: HTTP/1.1)
POST /session/9921f2321a8677e45c1a61a06ef3c3b4/element HTTP/1.1
User-Agent: selenium/4.1.2 (java windows)
Content-Length: 139
Content-Type: application/json; charset=utf-8
host: localhost:55510
accept: */*

Response DefaultHttpResponse(decodeResult: success, version: HTTP/1.1)
HTTP/1.1 200 OK
Content-Type: application/json; charset=utf-8
cache-control: no-cache
content-length: 88

12:12:26.331 [AsyncHttpClient-1-5] DEBUG org.asynchttpclient.netty.channel.ChannelManager - Adding key: http://localhost:55510 for channel [id: 0x92802198, L:/127.0.0.1:49461 - R:localhost/127.0.0.1:55510]
12:12:26.333 [Forwarding getElementTagName on session 9921f2321a8677e45c1a61a06ef3c3b4 to remote] DEBUG org.asynchttpclient.netty.request.NettyRequestSender - Using pooled Channel '[id: 0x92802198, L:/127.0.0.1:49461 - R:localhost/127.0.0.1:55510]' for 'GET' to 'http://localhost:55510/session/9921f2321a8677e45c1a61a06ef3c3b4/element/f918f6bf-95dd-45be-af5a-3c005bb99982/name'
12:12:26.333 [Forwarding getElementTagName on session 9921f2321a8677e45c1a61a06ef3c3b4 to remote] DEBUG org.asynchttpclient.netty.request.NettyRequestSender - Using open Channel [id: 0x92802198, L:/127.0.0.1:49461 - R:localhost/127.0.0.1:55510] for GET '/session/9921f2321a8677e45c1a61a06ef3c3b4/element/f918f6bf-95dd-45be-af5a-3c005bb99982/name'
12:12:26.348 [AsyncHttpClient-1-5] DEBUG org.asynchttpclient.netty.handler.HttpHandler - 

Request DefaultFullHttpRequest(decodeResult: success, version: HTTP/1.1, content: EmptyByteBufBE)
GET /session/9921f2321a8677e45c1a61a06ef3c3b4/element/f918f6bf-95dd-45be-af5a-3c005bb99982/name HTTP/1.1
User-Agent: selenium/4.1.2 (java windows)
Cache-Control: no-cache
Content-Type: application/json; charset=utf-8
host: localhost:55510
accept: */*

Response DefaultHttpResponse(decodeResult: success, version: HTTP/1.1)
HTTP/1.1 200 OK
Content-Type: application/json; charset=utf-8
cache-control: no-cache
content-length: 18

12:12:26.348 [AsyncHttpClient-1-5] DEBUG org.asynchttpclient.netty.channel.ChannelManager - Adding key: http://localhost:55510 for channel [id: 0x92802198, L:/127.0.0.1:49461 - R:localhost/127.0.0.1:55510]
12:12:26.350 [Forwarding getElementTagName on session 9921f2321a8677e45c1a61a06ef3c3b4 to remote] DEBUG org.asynchttpclient.netty.request.NettyRequestSender - Using pooled Channel '[id: 0x92802198, L:/127.0.0.1:49461 - R:localhost/127.0.0.1:55510]' for 'GET' to 'http://localhost:55510/session/9921f2321a8677e45c1a61a06ef3c3b4/element/f918f6bf-95dd-45be-af5a-3c005bb99982/name'
12:12:26.350 [Forwarding getElementTagName on session 9921f2321a8677e45c1a61a06ef3c3b4 to remote] DEBUG org.asynchttpclient.netty.request.NettyRequestSender - Using open Channel [id: 0x92802198, L:/127.0.0.1:49461 - R:localhost/127.0.0.1:55510] for GET '/session/9921f2321a8677e45c1a61a06ef3c3b4/element/f918f6bf-95dd-45be-af5a-3c005bb99982/name'
12:12:26.360 [AsyncHttpClient-1-5] DEBUG org.asynchttpclient.netty.handler.HttpHandler - 

Request DefaultFullHttpRequest(decodeResult: success, version: HTTP/1.1, content: EmptyByteBufBE)
GET /session/9921f2321a8677e45c1a61a06ef3c3b4/element/f918f6bf-95dd-45be-af5a-3c005bb99982/name HTTP/1.1
User-Agent: selenium/4.1.2 (java windows)
Cache-Control: no-cache
Content-Type: application/json; charset=utf-8
host: localhost:55510
accept: */*

Response DefaultHttpResponse(decodeResult: success, version: HTTP/1.1)
HTTP/1.1 200 OK
Content-Type: application/json; charset=utf-8
cache-control: no-cache
content-length: 18

12:12:26.360 [AsyncHttpClient-1-5] DEBUG org.asynchttpclient.netty.channel.ChannelManager - Adding key: http://localhost:55510 for channel [id: 0x92802198, L:/127.0.0.1:49461 - R:localhost/127.0.0.1:55510]
12:12:26.363 [Forwarding isElementEnabled on session 9921f2321a8677e45c1a61a06ef3c3b4 to remote] DEBUG org.asynchttpclient.netty.request.NettyRequestSender - Using pooled Channel '[id: 0x92802198, L:/127.0.0.1:49461 - R:localhost/127.0.0.1:55510]' for 'GET' to 'http://localhost:55510/session/9921f2321a8677e45c1a61a06ef3c3b4/element/f918f6bf-95dd-45be-af5a-3c005bb99982/enabled'
12:12:26.363 [Forwarding isElementEnabled on session 9921f2321a8677e45c1a61a06ef3c3b4 to remote] DEBUG org.asynchttpclient.netty.request.NettyRequestSender - Using open Channel [id: 0x92802198, L:/127.0.0.1:49461 - R:localhost/127.0.0.1:55510] for GET '/session/9921f2321a8677e45c1a61a06ef3c3b4/element/f918f6bf-95dd-45be-af5a-3c005bb99982/enabled'
12:12:26.377 [AsyncHttpClient-1-5] DEBUG org.asynchttpclient.netty.handler.HttpHandler - 

Request DefaultFullHttpRequest(decodeResult: success, version: HTTP/1.1, content: EmptyByteBufBE)
GET /session/9921f2321a8677e45c1a61a06ef3c3b4/element/f918f6bf-95dd-45be-af5a-3c005bb99982/enabled HTTP/1.1
User-Agent: selenium/4.1.2 (java windows)
Cache-Control: no-cache
Content-Type: application/json; charset=utf-8
host: localhost:55510
accept: */*

Response DefaultHttpResponse(decodeResult: success, version: HTTP/1.1)
HTTP/1.1 200 OK
Content-Type: application/json; charset=utf-8
cache-control: no-cache
content-length: 14

12:12:26.377 [AsyncHttpClient-1-5] DEBUG org.asynchttpclient.netty.channel.ChannelManager - Adding key: http://localhost:55510 for channel [id: 0x92802198, L:/127.0.0.1:49461 - R:localhost/127.0.0.1:55510]
12:12:26.379 [Forwarding isElementEnabled on session 9921f2321a8677e45c1a61a06ef3c3b4 to remote] DEBUG org.asynchttpclient.netty.request.NettyRequestSender - Using pooled Channel '[id: 0x92802198, L:/127.0.0.1:49461 - R:localhost/127.0.0.1:55510]' for 'GET' to 'http://localhost:55510/session/9921f2321a8677e45c1a61a06ef3c3b4/element/f918f6bf-95dd-45be-af5a-3c005bb99982/enabled'
12:12:26.379 [Forwarding isElementEnabled on session 9921f2321a8677e45c1a61a06ef3c3b4 to remote] DEBUG org.asynchttpclient.netty.request.NettyRequestSender - Using open Channel [id: 0x92802198, L:/127.0.0.1:49461 - R:localhost/127.0.0.1:55510] for GET '/session/9921f2321a8677e45c1a61a06ef3c3b4/element/f918f6bf-95dd-45be-af5a-3c005bb99982/enabled'
12:12:26.390 [AsyncHttpClient-1-5] DEBUG org.asynchttpclient.netty.handler.HttpHandler - 

Request DefaultFullHttpRequest(decodeResult: success, version: HTTP/1.1, content: EmptyByteBufBE)
GET /session/9921f2321a8677e45c1a61a06ef3c3b4/element/f918f6bf-95dd-45be-af5a-3c005bb99982/enabled HTTP/1.1
User-Agent: selenium/4.1.2 (java windows)
Cache-Control: no-cache
Content-Type: application/json; charset=utf-8
host: localhost:55510
accept: */*

Response DefaultHttpResponse(decodeResult: success, version: HTTP/1.1)
HTTP/1.1 200 OK
Content-Type: application/json; charset=utf-8
cache-control: no-cache
content-length: 14

12:12:26.390 [AsyncHttpClient-1-5] DEBUG org.asynchttpclient.netty.channel.ChannelManager - Adding key: http://localhost:55510 for channel [id: 0x92802198, L:/127.0.0.1:49461 - R:localhost/127.0.0.1:55510]
12:12:26.397 [Forwarding findElement on session 9921f2321a8677e45c1a61a06ef3c3b4 to remote] DEBUG org.asynchttpclient.netty.request.NettyRequestSender - Using pooled Channel '[id: 0x92802198, L:/127.0.0.1:49461 - R:localhost/127.0.0.1:55510]' for 'POST' to 'http://localhost:55510/session/9921f2321a8677e45c1a61a06ef3c3b4/element'
12:12:26.397 [Forwarding findElement on session 9921f2321a8677e45c1a61a06ef3c3b4 to remote] DEBUG org.asynchttpclient.netty.request.NettyRequestSender - Using open Channel [id: 0x92802198, L:/127.0.0.1:49461 - R:localhost/127.0.0.1:55510] for POST '/session/9921f2321a8677e45c1a61a06ef3c3b4/element'
12:12:26.410 [AsyncHttpClient-1-5] DEBUG org.asynchttpclient.netty.handler.HttpHandler - 

Request DefaultHttpRequest(decodeResult: success, version: HTTP/1.1)
POST /session/9921f2321a8677e45c1a61a06ef3c3b4/element HTTP/1.1
User-Agent: selenium/4.1.2 (java windows)
Content-Length: 139
Content-Type: application/json; charset=utf-8
host: localhost:55510
accept: */*

Response DefaultHttpResponse(decodeResult: success, version: HTTP/1.1)
HTTP/1.1 200 OK
Content-Type: application/json; charset=utf-8
cache-control: no-cache
content-length: 88

12:12:26.410 [AsyncHttpClient-1-5] DEBUG org.asynchttpclient.netty.channel.ChannelManager - Adding key: http://localhost:55510 for channel [id: 0x92802198, L:/127.0.0.1:49461 - R:localhost/127.0.0.1:55510]
12:12:26.412 [Forwarding clickElement on session 9921f2321a8677e45c1a61a06ef3c3b4 to remote] DEBUG org.asynchttpclient.netty.request.NettyRequestSender - Using pooled Channel '[id: 0x92802198, L:/127.0.0.1:49461 - R:localhost/127.0.0.1:55510]' for 'POST' to 'http://localhost:55510/session/9921f2321a8677e45c1a61a06ef3c3b4/element/f918f6bf-95dd-45be-af5a-3c005bb99982/click'
12:12:26.412 [Forwarding clickElement on session 9921f2321a8677e45c1a61a06ef3c3b4 to remote] DEBUG org.asynchttpclient.netty.request.NettyRequestSender - Using open Channel [id: 0x92802198, L:/127.0.0.1:49461 - R:localhost/127.0.0.1:55510] for POST '/session/9921f2321a8677e45c1a61a06ef3c3b4/element/f918f6bf-95dd-45be-af5a-3c005bb99982/click'
12:12:26.458 [AsyncHttpClient-1-5] DEBUG org.asynchttpclient.netty.handler.HttpHandler - 

Request DefaultHttpRequest(decodeResult: success, version: HTTP/1.1)
POST /session/9921f2321a8677e45c1a61a06ef3c3b4/element/f918f6bf-95dd-45be-af5a-3c005bb99982/click HTTP/1.1
User-Agent: selenium/4.1.2 (java windows)
Content-Length: 50
Content-Type: application/json; charset=utf-8
host: localhost:55510
accept: */*

Response DefaultHttpResponse(decodeResult: success, version: HTTP/1.1)
HTTP/1.1 200 OK
Content-Type: application/json; charset=utf-8
cache-control: no-cache
content-length: 14

12:12:26.458 [AsyncHttpClient-1-5] DEBUG org.asynchttpclient.netty.channel.ChannelManager - Adding key: http://localhost:55510 for channel [id: 0x92802198, L:/127.0.0.1:49461 - R:localhost/127.0.0.1:55510]
12:12:26.464 [Forwarding screenshot on session 9921f2321a8677e45c1a61a06ef3c3b4 to remote] DEBUG org.asynchttpclient.netty.request.NettyRequestSender - Using pooled Channel '[id: 0x92802198, L:/127.0.0.1:49461 - R:localhost/127.0.0.1:55510]' for 'GET' to 'http://localhost:55510/session/9921f2321a8677e45c1a61a06ef3c3b4/screenshot'
12:12:26.464 [Forwarding screenshot on session 9921f2321a8677e45c1a61a06ef3c3b4 to remote] DEBUG org.asynchttpclient.netty.request.NettyRequestSender - Using open Channel [id: 0x92802198, L:/127.0.0.1:49461 - R:localhost/127.0.0.1:55510] for GET '/session/9921f2321a8677e45c1a61a06ef3c3b4/screenshot'
12:12:26.774 [AsyncHttpClient-1-1] DEBUG org.asynchttpclient.netty.channel.DefaultChannelPool - Entry count for : http://localhost:49462 : 1
12:12:26.794 [AsyncHttpClient-1-5] DEBUG org.asynchttpclient.netty.handler.HttpHandler - 

Request DefaultFullHttpRequest(decodeResult: success, version: HTTP/1.1, content: EmptyByteBufBE)
GET /session/9921f2321a8677e45c1a61a06ef3c3b4/screenshot HTTP/1.1
User-Agent: selenium/4.1.2 (java windows)
Cache-Control: no-cache
Content-Type: application/json; charset=utf-8
host: localhost:55510
accept: */*

Response DefaultHttpResponse(decodeResult: success, version: HTTP/1.1)
HTTP/1.1 200 OK
Content-Type: application/json; charset=utf-8
cache-control: no-cache
content-length: 32952

12:12:26.794 [AsyncHttpClient-1-5] DEBUG org.asynchttpclient.netty.channel.ChannelManager - Adding key: http://localhost:55510 for channel [id: 0x92802198, L:/127.0.0.1:49461 - R:localhost/127.0.0.1:55510]
12:12:26.796 [main] DEBUG net.serenitybdd.core.photography.Darkroom - Send negative for processing for target\site\serenity\7bb56e56983518428c8751c822e650f0b2cfb5147b744562178093fc187885b7.png
12:12:26.797 [main] DEBUG net.thucydides.core.steps.StepInterceptor - STEP DONE: userClickCart
  &amp#27;[32mAnd &amp#27;[0m&amp#27;[32mUser click cart&amp#27;[0m                                    &amp#27;[90m# starter.definitions.OrderSteps.ClickCart()&amp#27;[0m
12:12:26.797 [Darkroom Processing Line] DEBUG net.serenitybdd.core.photography.DarkroomProcessingLine - Processing screenshot image in /var/screenshots/screenshot-17172172664719639026
12:12:26.797 [Darkroom Processing Line] DEBUG net.serenitybdd.core.photography.DarkroomProcessingLine - Saving screenshot to target\site\serenity\7bb56e56983518428c8751c822e650f0b2cfb5147b744562178093fc187885b7.png
12:12:26.811 [main] DEBUG net.thucydides.core.steps.StepInterceptor - STARTING STEP: OrderSteps.ClickBayar - clickbayar
12:12:26.814 [Forwarding findElement on session 9921f2321a8677e45c1a61a06ef3c3b4 to remote] DEBUG org.asynchttpclient.netty.request.NettyRequestSender - Using pooled Channel '[id: 0x92802198, L:/127.0.0.1:49461 - R:localhost/127.0.0.1:55510]' for 'POST' to 'http://localhost:55510/session/9921f2321a8677e45c1a61a06ef3c3b4/element'
12:12:26.814 [Forwarding findElement on session 9921f2321a8677e45c1a61a06ef3c3b4 to remote] DEBUG org.asynchttpclient.netty.request.NettyRequestSender - Using open Channel [id: 0x92802198, L:/127.0.0.1:49461 - R:localhost/127.0.0.1:55510] for POST '/session/9921f2321a8677e45c1a61a06ef3c3b4/element'
12:12:26.829 [AsyncHttpClient-1-5] DEBUG org.asynchttpclient.netty.handler.HttpHandler - 

Request DefaultHttpRequest(decodeResult: success, version: HTTP/1.1)
POST /session/9921f2321a8677e45c1a61a06ef3c3b4/element HTTP/1.1
User-Agent: selenium/4.1.2 (java windows)
Content-Length: 149
Content-Type: application/json; charset=utf-8
host: localhost:55510
accept: */*

Response DefaultHttpResponse(decodeResult: success, version: HTTP/1.1)
HTTP/1.1 200 OK
Content-Type: application/json; charset=utf-8
cache-control: no-cache
content-length: 88

12:12:26.829 [AsyncHttpClient-1-5] DEBUG org.asynchttpclient.netty.channel.ChannelManager - Adding key: http://localhost:55510 for channel [id: 0x92802198, L:/127.0.0.1:49461 - R:localhost/127.0.0.1:55510]
12:12:26.831 [Forwarding getElementTagName on session 9921f2321a8677e45c1a61a06ef3c3b4 to remote] DEBUG org.asynchttpclient.netty.request.NettyRequestSender - Using pooled Channel '[id: 0x92802198, L:/127.0.0.1:49461 - R:localhost/127.0.0.1:55510]' for 'GET' to 'http://localhost:55510/session/9921f2321a8677e45c1a61a06ef3c3b4/element/2d23dd6a-9e4f-4c63-ad3a-9ec6c9bd2512/name'
12:12:26.831 [Forwarding getElementTagName on session 9921f2321a8677e45c1a61a06ef3c3b4 to remote] DEBUG org.asynchttpclient.netty.request.NettyRequestSender - Using open Channel [id: 0x92802198, L:/127.0.0.1:49461 - R:localhost/127.0.0.1:55510] for GET '/session/9921f2321a8677e45c1a61a06ef3c3b4/element/2d23dd6a-9e4f-4c63-ad3a-9ec6c9bd2512/name'
12:12:26.843 [AsyncHttpClient-1-5] DEBUG org.asynchttpclient.netty.handler.HttpHandler - 

Request DefaultFullHttpRequest(decodeResult: success, version: HTTP/1.1, content: EmptyByteBufBE)
GET /session/9921f2321a8677e45c1a61a06ef3c3b4/element/2d23dd6a-9e4f-4c63-ad3a-9ec6c9bd2512/name HTTP/1.1
User-Agent: selenium/4.1.2 (java windows)
Cache-Control: no-cache
Content-Type: application/json; charset=utf-8
host: localhost:55510
accept: */*

Response DefaultHttpResponse(decodeResult: success, version: HTTP/1.1)
HTTP/1.1 200 OK
Content-Type: application/json; charset=utf-8
cache-control: no-cache
content-length: 18

12:12:26.844 [AsyncHttpClient-1-5] DEBUG org.asynchttpclient.netty.channel.ChannelManager - Adding key: http://localhost:55510 for channel [id: 0x92802198, L:/127.0.0.1:49461 - R:localhost/127.0.0.1:55510]
12:12:26.845 [Forwarding getElementTagName on session 9921f2321a8677e45c1a61a06ef3c3b4 to remote] DEBUG org.asynchttpclient.netty.request.NettyRequestSender - Using pooled Channel '[id: 0x92802198, L:/127.0.0.1:49461 - R:localhost/127.0.0.1:55510]' for 'GET' to 'http://localhost:55510/session/9921f2321a8677e45c1a61a06ef3c3b4/element/2d23dd6a-9e4f-4c63-ad3a-9ec6c9bd2512/name'
12:12:26.846 [Forwarding getElementTagName on session 9921f2321a8677e45c1a61a06ef3c3b4 to remote] DEBUG org.asynchttpclient.netty.request.NettyRequestSender - Using open Channel [id: 0x92802198, L:/127.0.0.1:49461 - R:localhost/127.0.0.1:55510] for GET '/session/9921f2321a8677e45c1a61a06ef3c3b4/element/2d23dd6a-9e4f-4c63-ad3a-9ec6c9bd2512/name'
12:12:26.854 [AsyncHttpClient-1-5] DEBUG org.asynchttpclient.netty.handler.HttpHandler - 

Request DefaultFullHttpRequest(decodeResult: success, version: HTTP/1.1, content: EmptyByteBufBE)
GET /session/9921f2321a8677e45c1a61a06ef3c3b4/element/2d23dd6a-9e4f-4c63-ad3a-9ec6c9bd2512/name HTTP/1.1
User-Agent: selenium/4.1.2 (java windows)
Cache-Control: no-cache
Content-Type: application/json; charset=utf-8
host: localhost:55510
accept: */*

Response DefaultHttpResponse(decodeResult: success, version: HTTP/1.1)
HTTP/1.1 200 OK
Content-Type: application/json; charset=utf-8
cache-control: no-cache
content-length: 18

12:12:26.854 [AsyncHttpClient-1-5] DEBUG org.asynchttpclient.netty.channel.ChannelManager - Adding key: http://localhost:55510 for channel [id: 0x92802198, L:/127.0.0.1:49461 - R:localhost/127.0.0.1:55510]
12:12:26.857 [Forwarding isElementEnabled on session 9921f2321a8677e45c1a61a06ef3c3b4 to remote] DEBUG org.asynchttpclient.netty.request.NettyRequestSender - Using pooled Channel '[id: 0x92802198, L:/127.0.0.1:49461 - R:localhost/127.0.0.1:55510]' for 'GET' to 'http://localhost:55510/session/9921f2321a8677e45c1a61a06ef3c3b4/element/2d23dd6a-9e4f-4c63-ad3a-9ec6c9bd2512/enabled'
12:12:26.857 [Forwarding isElementEnabled on session 9921f2321a8677e45c1a61a06ef3c3b4 to remote] DEBUG org.asynchttpclient.netty.request.NettyRequestSender - Using open Channel [id: 0x92802198, L:/127.0.0.1:49461 - R:localhost/127.0.0.1:55510] for GET '/session/9921f2321a8677e45c1a61a06ef3c3b4/element/2d23dd6a-9e4f-4c63-ad3a-9ec6c9bd2512/enabled'
12:12:26.874 [AsyncHttpClient-1-5] DEBUG org.asynchttpclient.netty.handler.HttpHandler - 

Request DefaultFullHttpRequest(decodeResult: success, version: HTTP/1.1, content: EmptyByteBufBE)
GET /session/9921f2321a8677e45c1a61a06ef3c3b4/element/2d23dd6a-9e4f-4c63-ad3a-9ec6c9bd2512/enabled HTTP/1.1
User-Agent: selenium/4.1.2 (java windows)
Cache-Control: no-cache
Content-Type: application/json; charset=utf-8
host: localhost:55510
accept: */*

Response DefaultHttpResponse(decodeResult: success, version: HTTP/1.1)
HTTP/1.1 200 OK
Content-Type: application/json; charset=utf-8
cache-control: no-cache
content-length: 14

12:12:26.875 [AsyncHttpClient-1-5] DEBUG org.asynchttpclient.netty.channel.ChannelManager - Adding key: http://localhost:55510 for channel [id: 0x92802198, L:/127.0.0.1:49461 - R:localhost/127.0.0.1:55510]
12:12:26.876 [Forwarding isElementEnabled on session 9921f2321a8677e45c1a61a06ef3c3b4 to remote] DEBUG org.asynchttpclient.netty.request.NettyRequestSender - Using pooled Channel '[id: 0x92802198, L:/127.0.0.1:49461 - R:localhost/127.0.0.1:55510]' for 'GET' to 'http://localhost:55510/session/9921f2321a8677e45c1a61a06ef3c3b4/element/2d23dd6a-9e4f-4c63-ad3a-9ec6c9bd2512/enabled'
12:12:26.876 [Forwarding isElementEnabled on session 9921f2321a8677e45c1a61a06ef3c3b4 to remote] DEBUG org.asynchttpclient.netty.request.NettyRequestSender - Using open Channel [id: 0x92802198, L:/127.0.0.1:49461 - R:localhost/127.0.0.1:55510] for GET '/session/9921f2321a8677e45c1a61a06ef3c3b4/element/2d23dd6a-9e4f-4c63-ad3a-9ec6c9bd2512/enabled'
12:12:26.885 [AsyncHttpClient-1-5] DEBUG org.asynchttpclient.netty.handler.HttpHandler - 

Request DefaultFullHttpRequest(decodeResult: success, version: HTTP/1.1, content: EmptyByteBufBE)
GET /session/9921f2321a8677e45c1a61a06ef3c3b4/element/2d23dd6a-9e4f-4c63-ad3a-9ec6c9bd2512/enabled HTTP/1.1
User-Agent: selenium/4.1.2 (java windows)
Cache-Control: no-cache
Content-Type: application/json; charset=utf-8
host: localhost:55510
accept: */*

Response DefaultHttpResponse(decodeResult: success, version: HTTP/1.1)
HTTP/1.1 200 OK
Content-Type: application/json; charset=utf-8
cache-control: no-cache
content-length: 14

12:12:26.886 [AsyncHttpClient-1-5] DEBUG org.asynchttpclient.netty.channel.ChannelManager - Adding key: http://localhost:55510 for channel [id: 0x92802198, L:/127.0.0.1:49461 - R:localhost/127.0.0.1:55510]
12:12:26.888 [Forwarding findElement on session 9921f2321a8677e45c1a61a06ef3c3b4 to remote] DEBUG org.asynchttpclient.netty.request.NettyRequestSender - Using pooled Channel '[id: 0x92802198, L:/127.0.0.1:49461 - R:localhost/127.0.0.1:55510]' for 'POST' to 'http://localhost:55510/session/9921f2321a8677e45c1a61a06ef3c3b4/element'
12:12:26.888 [Forwarding findElement on session 9921f2321a8677e45c1a61a06ef3c3b4 to remote] DEBUG org.asynchttpclient.netty.request.NettyRequestSender - Using open Channel [id: 0x92802198, L:/127.0.0.1:49461 - R:localhost/127.0.0.1:55510] for POST '/session/9921f2321a8677e45c1a61a06ef3c3b4/element'
12:12:26.902 [AsyncHttpClient-1-5] DEBUG org.asynchttpclient.netty.handler.HttpHandler - 

Request DefaultHttpRequest(decodeResult: success, version: HTTP/1.1)
POST /session/9921f2321a8677e45c1a61a06ef3c3b4/element HTTP/1.1
User-Agent: selenium/4.1.2 (java windows)
Content-Length: 149
Content-Type: application/json; charset=utf-8
host: localhost:55510
accept: */*

Response DefaultHttpResponse(decodeResult: success, version: HTTP/1.1)
HTTP/1.1 200 OK
Content-Type: application/json; charset=utf-8
cache-control: no-cache
content-length: 88

12:12:26.902 [AsyncHttpClient-1-5] DEBUG org.asynchttpclient.netty.channel.ChannelManager - Adding key: http://localhost:55510 for channel [id: 0x92802198, L:/127.0.0.1:49461 - R:localhost/127.0.0.1:55510]
12:12:26.904 [Forwarding clickElement on session 9921f2321a8677e45c1a61a06ef3c3b4 to remote] DEBUG org.asynchttpclient.netty.request.NettyRequestSender - Using pooled Channel '[id: 0x92802198, L:/127.0.0.1:49461 - R:localhost/127.0.0.1:55510]' for 'POST' to 'http://localhost:55510/session/9921f2321a8677e45c1a61a06ef3c3b4/element/2d23dd6a-9e4f-4c63-ad3a-9ec6c9bd2512/click'
12:12:26.904 [Forwarding clickElement on session 9921f2321a8677e45c1a61a06ef3c3b4 to remote] DEBUG org.asynchttpclient.netty.request.NettyRequestSender - Using open Channel [id: 0x92802198, L:/127.0.0.1:49461 - R:localhost/127.0.0.1:55510] for POST '/session/9921f2321a8677e45c1a61a06ef3c3b4/element/2d23dd6a-9e4f-4c63-ad3a-9ec6c9bd2512/click'
12:12:26.950 [AsyncHttpClient-1-5] DEBUG org.asynchttpclient.netty.handler.HttpHandler - 

Request DefaultHttpRequest(decodeResult: success, version: HTTP/1.1)
POST /session/9921f2321a8677e45c1a61a06ef3c3b4/element/2d23dd6a-9e4f-4c63-ad3a-9ec6c9bd2512/click HTTP/1.1
User-Agent: selenium/4.1.2 (java windows)
Content-Length: 50
Content-Type: application/json; charset=utf-8
host: localhost:55510
accept: */*

Response DefaultHttpResponse(decodeResult: success, version: HTTP/1.1)
HTTP/1.1 200 OK
Content-Type: application/json; charset=utf-8
cache-control: no-cache
content-length: 14

12:12:26.950 [AsyncHttpClient-1-5] DEBUG org.asynchttpclient.netty.channel.ChannelManager - Adding key: http://localhost:55510 for channel [id: 0x92802198, L:/127.0.0.1:49461 - R:localhost/127.0.0.1:55510]
12:12:26.956 [Forwarding screenshot on session 9921f2321a8677e45c1a61a06ef3c3b4 to remote] DEBUG org.asynchttpclient.netty.request.NettyRequestSender - Using pooled Channel '[id: 0x92802198, L:/127.0.0.1:49461 - R:localhost/127.0.0.1:55510]' for 'GET' to 'http://localhost:55510/session/9921f2321a8677e45c1a61a06ef3c3b4/screenshot'
12:12:26.957 [Forwarding screenshot on session 9921f2321a8677e45c1a61a06ef3c3b4 to remote] DEBUG org.asynchttpclient.netty.request.NettyRequestSender - Using open Channel [id: 0x92802198, L:/127.0.0.1:49461 - R:localhost/127.0.0.1:55510] for GET '/session/9921f2321a8677e45c1a61a06ef3c3b4/screenshot'
12:12:27.154 [AsyncHttpClient-1-5] DEBUG org.asynchttpclient.netty.handler.HttpHandler - 

Request DefaultFullHttpRequest(decodeResult: success, version: HTTP/1.1, content: EmptyByteBufBE)
GET /session/9921f2321a8677e45c1a61a06ef3c3b4/screenshot HTTP/1.1
User-Agent: selenium/4.1.2 (java windows)
Cache-Control: no-cache
Content-Type: application/json; charset=utf-8
host: localhost:55510
accept: */*

Response DefaultHttpResponse(decodeResult: success, version: HTTP/1.1)
HTTP/1.1 200 OK
Content-Type: application/json; charset=utf-8
cache-control: no-cache
content-length: 26076

12:12:27.155 [AsyncHttpClient-1-5] DEBUG org.asynchttpclient.netty.channel.ChannelManager - Adding key: http://localhost:55510 for channel [id: 0x92802198, L:/127.0.0.1:49461 - R:localhost/127.0.0.1:55510]
12:12:27.157 [main] DEBUG net.serenitybdd.core.photography.Darkroom - Send negative for processing for target\site\serenity\1278bd017a40f421e62445276b3077bf8de31fc0f22ddeefa050cdfd4e445116.png
12:12:27.157 [main] DEBUG net.thucydides.core.steps.StepInterceptor - STEP DONE: clickbayar
  &amp#27;[32mAnd &amp#27;[0m&amp#27;[32mUser click Bayar&amp#27;[0m                                   &amp#27;[90m# starter.definitions.OrderSteps.ClickBayar()&amp#27;[0m
12:12:27.157 [Darkroom Processing Line] DEBUG net.serenitybdd.core.photography.DarkroomProcessingLine - Processing screenshot image in /var/screenshots/screenshot-1234220218435741943
12:12:27.157 [Darkroom Processing Line] DEBUG net.serenitybdd.core.photography.DarkroomProcessingLine - Saving screenshot to target\site\serenity\1278bd017a40f421e62445276b3077bf8de31fc0f22ddeefa050cdfd4e445116.png
12:12:27.170 [main] DEBUG net.thucydides.core.steps.StepInterceptor - STARTING STEP: OrderSteps.seeAllTransactions - seeAllTransactions
12:12:27.174 [main] DEBUG net.thucydides.core.steps.StepInterceptor - STEP DONE: seeAllTransactions
  &amp#27;[32mThen &amp#27;[0m&amp#27;[32mUser see all the transaction&amp#27;[0m                      &amp#27;[90m# starter.definitions.OrderSteps.seeAllTransactions()&amp#27;[0m
12:12:27.179 [main] INFO  - 
  _____   ___   ___   _____     ___     _     ___   ___   ___   ___  
 |_   _| | __| / __| |_   _|   | _ \   /_\   / __| / __| | __| |   \ 
   | |   | _|  \__ \   | |     |  _/  / _ \  \__ \ \__ \ | _|  | |) |
   |_|   |___| |___/   |_|     |_|   /_/ \_\ |___/ |___/ |___| |___/ 

As user i want to order "tensi darah elektrik"
----------------------------------------------------------------------
12:12:27.180 [AsyncHttpClient-1-7] DEBUG org.asynchttpclient.netty.handler.WebSocketHandler - Channel Closed: [id: 0x027eec38, L:/127.0.0.1:49469 ! R:localhost/127.0.0.1:49462] with attribute NettyResponseFuture{currentRetry=5,
	isDone=1,
	isCancelled=0,
	asyncHandler=org.asynchttpclient.ws.WebSocketUpgradeHandler@e3ef9e8,
	nettyRequest=org.asynchttpclient.netty.request.NettyRequest@4b3c764b,
	future=java.util.concurrent.CompletableFuture@7bde7fe6[Completed normally],
	uri=ws://localhost:49462/devtools/browser/c02356f9-4fbe-499e-bbd7-c3d0013e1532,
	keepAlive=true,
	redirectCount=0,
	timeoutsHolder=null,
	inAuth=0,
	touch=1652242344381}
12:12:27.180 [AsyncHttpClient-1-7] DEBUG org.asynchttpclient.netty.channel.ChannelManager - Closing Channel [id: 0x027eec38, L:/127.0.0.1:49469 ! R:localhost/127.0.0.1:49462] 
12:12:27.184 [Driver Command Executor] DEBUG org.asynchttpclient.netty.request.NettyRequestSender - Using pooled Channel '[id: 0x92802198, L:/127.0.0.1:49461 - R:localhost/127.0.0.1:55510]' for 'DELETE' to 'http://localhost:55510/session/9921f2321a8677e45c1a61a06ef3c3b4'
12:12:27.185 [Driver Command Executor] DEBUG org.asynchttpclient.netty.request.NettyRequestSender - Using open Channel [id: 0x92802198, L:/127.0.0.1:49461 - R:localhost/127.0.0.1:55510] for DELETE '/session/9921f2321a8677e45c1a61a06ef3c3b4'
12:12:27.585 [AsyncHttpClient-1-6] DEBUG org.asynchttpclient.netty.handler.HttpHandler - Unexpected I/O exception on channel [id: 0xe1e28699, L:/127.0.0.1:49468 - R:localhost/127.0.0.1:49462]
java.net.SocketException: Connection reset
	at java.base/sun.nio.ch.SocketChannelImpl.throwConnectionReset(SocketChannelImpl.java:394)
	at java.base/sun.nio.ch.SocketChannelImpl.read(SocketChannelImpl.java:426)
	at io.netty.buffer.PooledByteBuf.setBytes(PooledByteBuf.java:258)
	at io.netty.buffer.AbstractByteBuf.writeBytes(AbstractByteBuf.java:1132)
	at io.netty.channel.socket.nio.NioSocketChannel.doReadBytes(NioSocketChannel.java:350)
	at io.netty.channel.nio.AbstractNioByteChannel$NioByteUnsafe.read(AbstractNioByteChannel.java:151)
	at io.netty.channel.nio.NioEventLoop.processSelectedKey(NioEventLoop.java:722)
	at io.netty.channel.nio.NioEventLoop.processSelectedKeysOptimized(NioEventLoop.java:658)
	at io.netty.channel.nio.NioEventLoop.processSelectedKeys(NioEventLoop.java:584)
	at io.netty.channel.nio.NioEventLoop.run(NioEventLoop.java:496)
	at io.netty.util.concurrent.SingleThreadEventExecutor$4.run(SingleThreadEventExecutor.java:986)
	at io.netty.util.internal.ThreadExecutorMap$2.run(ThreadExecutorMap.java:74)
	at io.netty.util.concurrent.FastThreadLocalRunnable.run(FastThreadLocalRunnable.java:30)
	at java.base/java.lang.Thread.run(Thread.java:833)
12:12:27.585 [AsyncHttpClient-1-6] DEBUG org.asynchttpclient.netty.channel.ChannelManager - Closing Channel [id: 0xe1e28699, L:/127.0.0.1:49468 - R:localhost/127.0.0.1:49462] 
12:12:27.585 [AsyncHttpClient-1-6] DEBUG org.asynchttpclient.netty.handler.HttpHandler - Channel Closed: [id: 0xe1e28699, L:/127.0.0.1:49468 ! R:localhost/127.0.0.1:49462] with attribute DISCARD
12:12:27.641 [AsyncHttpClient-1-5] DEBUG org.asynchttpclient.netty.handler.HttpHandler - 

Request DefaultFullHttpRequest(decodeResult: success, version: HTTP/1.1, content: EmptyByteBufBE)
DELETE /session/9921f2321a8677e45c1a61a06ef3c3b4 HTTP/1.1
User-Agent: selenium/4.1.2 (java windows)
Content-Type: application/json; charset=utf-8
host: localhost:55510
accept: */*

Response DefaultHttpResponse(decodeResult: success, version: HTTP/1.1)
HTTP/1.1 200 OK
Content-Type: application/json; charset=utf-8
cache-control: no-cache
content-length: 14

12:12:27.641 [AsyncHttpClient-1-5] DEBUG org.asynchttpclient.netty.channel.ChannelManager - Adding key: http://localhost:55510 for channel [id: 0x92802198, L:/127.0.0.1:49461 - R:localhost/127.0.0.1:55510]
12:12:27.873 [AsyncHttpClient-1-1] DEBUG org.asynchttpclient.netty.channel.DefaultChannelPool - Entry count for : http://localhost:49462 : 1
12:12:27.873 [AsyncHttpClient-1-1] DEBUG org.asynchttpclient.netty.channel.DefaultChannelPool - Entry count for : http://localhost:55510 : 1
12:12:27.873 [AsyncHttpClient-1-1] DEBUG org.asynchttpclient.netty.channel.DefaultChannelPool - Adding Candidate expired Channel [id: 0xe1e28699, L:/127.0.0.1:49468 ! R:localhost/127.0.0.1:49462] isIdleTimeoutExpired=false isRemotelyClosed=true isTtlExpired=false
12:12:27.873 [AsyncHttpClient-1-1] DEBUG org.asynchttpclient.netty.channel.DefaultChannelPool - Closing Idle Channel [id: 0xe1e28699, L:/127.0.0.1:49468 ! R:localhost/127.0.0.1:49462]
12:12:27.873 [AsyncHttpClient-1-1] DEBUG org.asynchttpclient.netty.channel.DefaultChannelPool - Closed 1 connections out of 2 in 0 ms
12:12:28.917 [AsyncHttpClient-1-5] DEBUG org.asynchttpclient.netty.handler.HttpHandler - Unexpected I/O exception on channel [id: 0x92802198, L:/127.0.0.1:49461 - R:localhost/127.0.0.1:55510]
java.net.SocketException: Connection reset
	at java.base/sun.nio.ch.SocketChannelImpl.throwConnectionReset(SocketChannelImpl.java:394)
	at java.base/sun.nio.ch.SocketChannelImpl.read(SocketChannelImpl.java:426)
	at io.netty.buffer.PooledByteBuf.setBytes(PooledByteBuf.java:258)
	at io.netty.buffer.AbstractByteBuf.writeBytes(AbstractByteBuf.java:1132)
	at io.netty.channel.socket.nio.NioSocketChannel.doReadBytes(NioSocketChannel.java:350)
	at io.netty.channel.nio.AbstractNioByteChannel$NioByteUnsafe.read(AbstractNioByteChannel.java:151)
	at io.netty.channel.nio.NioEventLoop.processSelectedKey(NioEventLoop.java:722)
	at io.netty.channel.nio.NioEventLoop.processSelectedKeysOptimized(NioEventLoop.java:658)
	at io.netty.channel.nio.NioEventLoop.processSelectedKeys(NioEventLoop.java:584)
	at io.netty.channel.nio.NioEventLoop.run(NioEventLoop.java:496)
	at io.netty.util.concurrent.SingleThreadEventExecutor$4.run(SingleThreadEventExecutor.java:986)
	at io.netty.util.internal.ThreadExecutorMap$2.run(ThreadExecutorMap.java:74)
	at io.netty.util.concurrent.FastThreadLocalRunnable.run(FastThreadLocalRunnable.java:30)
	at java.base/java.lang.Thread.run(Thread.java:833)
12:12:28.917 [AsyncHttpClient-1-5] DEBUG org.asynchttpclient.netty.channel.ChannelManager - Closing Channel [id: 0x92802198, L:/127.0.0.1:49461 - R:localhost/127.0.0.1:55510] 
12:12:28.917 [AsyncHttpClient-1-5] DEBUG org.asynchttpclient.netty.handler.HttpHandler - Channel Closed: [id: 0x92802198, L:/127.0.0.1:49461 ! R:localhost/127.0.0.1:55510] with attribute DISCARD
]]></system-out>
    <system-err><![CDATA[Starting ChromeDriver 101.0.4951.41 (93c720db8323b3ec10d056025ab95c23a31997c9-refs/branch-heads/4951@{#904}) on port 55510
Only local connections are allowed.
Please see https://chromedriver.chromium.org/security-considerations for suggestions on keeping ChromeDriver safe.
ChromeDriver was started successfully.
May 11, 2022 12:12:24 PM org.openqa.selenium.remote.ProtocolHandshake createSession
INFO: Detected dialect: W3C
May 11, 2022 12:12:24 PM org.openqa.selenium.devtools.CdpVersionFinder findNearestMatch
WARNING: Unable to find an exact match for CDP version 101, so returning the closest version found: 97
May 11, 2022 12:12:24 PM org.openqa.selenium.devtools.CdpVersionFinder findNearestMatch
INFO: Found CDP implementation for version 101 of 97
]]></system-err>
  </testcase>
  <testcase name="user see detail or rating tensi darah elektrik" classname="user can see detail or rating of products" time="6.093">
    <system-out><![CDATA[12:12:28.963 [main] INFO io.cucumber.core.plugin.SerenityReporter - Running feature from file:///D:/alta%20folder/New%20folder/Web%20Testing/src/test/resources/features/RatingsProduct.feature
12:12:28.965 [main] DEBUG net.thucydides.core.steps.StepEventBus - Test suite started for story net.thucydides.core.model.Story@5b28db70
12:12:28.965 [main] INFO  - Test Suite Started: user can see detail or rating of products

Scenario: user see detail or rating tensi darah elektrik &amp#27;[90m# src/test/resources/features/RatingsProduct.feature:3&amp#27;[0m
12:12:28.971 [main] INFO io.cucumber.core.plugin.SerenityReporter - Running feature from file:///D:/alta%20folder/New%20folder/Web%20Testing/src/test/resources/features/RatingsProduct.feature
12:12:28.972 [main] INFO  - 
  _____   ___   ___   _____     ___   _____     _     ___   _____   ___   ___  
 |_   _| | __| / __| |_   _|   / __| |_   _|   /_\   | _ \ |_   _| | __| |   \ 
   | |   | _|  \__ \   | |     \__ \   | |    / _ \  |   /   | |   | _|  | |) |
   |_|   |___| |___/   |_|     |___/   |_|   /_/ \_\ |_|_\   |_|   |___| |___/ 

user see detail or rating tensi darah elektrik(user-can-see-detail-or-rating-of-products;user-see-detail-or-rating-tensi-darah-elektrik)
--------------------------------------------------------------------------------
12:12:28.982 [AsyncHttpClient-1-1] DEBUG org.asynchttpclient.netty.channel.DefaultChannelPool - Entry count for : http://localhost:55510 : 1
12:12:28.982 [AsyncHttpClient-1-1] DEBUG org.asynchttpclient.netty.channel.DefaultChannelPool - Adding Candidate expired Channel [id: 0x92802198, L:/127.0.0.1:49461 ! R:localhost/127.0.0.1:55510] isIdleTimeoutExpired=false isRemotelyClosed=true isTtlExpired=false
12:12:28.982 [AsyncHttpClient-1-1] DEBUG org.asynchttpclient.netty.channel.DefaultChannelPool - Closing Idle Channel [id: 0x92802198, L:/127.0.0.1:49461 ! R:localhost/127.0.0.1:55510]
12:12:28.982 [AsyncHttpClient-1-1] DEBUG org.asynchttpclient.netty.channel.DefaultChannelPool - Closed 1 connections out of 1 in 0 ms
12:12:29.045 [main] DEBUG net.thucydides.core.steps.StepInterceptor - STARTING STEP: RatingProductSteps.useronhomepage - openPage
12:12:29.046 [main] INFO net.serenitybdd.core.webdriver.driverproviders.ChromeDriverProvider - Using automatically driver download
12:12:29.172 [main] DEBUG io.github.bonigarcia.wdm.cache.ResolutionCache - Resolution chrome=101 in cache (valid until 13:12:06 11/05/2022 WITA)
12:12:29.175 [main] DEBUG io.github.bonigarcia.wdm.cache.ResolutionCache - Resolution chrome101=101.0.4951.41 in cache (valid until 21:51:26 11/05/2022 WITA)
12:12:29.176 [main] INFO io.github.bonigarcia.wdm.WebDriverManager - Using chromedriver 101.0.4951.41 (resolved driver for Chrome 101)
12:12:29.187 [main] DEBUG io.github.bonigarcia.wdm.WebDriverManager - Driver chromedriver 101.0.4951.41 found in cache
12:12:29.188 [main] INFO io.github.bonigarcia.wdm.WebDriverManager - Exporting webdriver.chrome.driver as C:\Users\Rev\.cache\selenium\chromedriver\win32\101.0.4951.41\chromedriver.exe
12:12:29.320 [main] DEBUG net.serenitybdd.core.webdriver.driverproviders.ProvideNewDriver - Instantiating driver
12:12:29.320 [main] DEBUG net.serenitybdd.core.webdriver.driverproviders.ProvideNewDriver - Driver capabilities: Capabilities {acceptInsecureCerts: false, base.url: https://qa.alta.id, browserName: chrome, chrome.driver: webdriver/chromedriver.exe, driver: chrome, goog:chromeOptions: {args: [], extensions: []}}
12:12:29.548 [AsyncHttpClient-1-8] DEBUG org.asynchttpclient.netty.channel.NettyConnectListener - Using new Channel '[id: 0x22e88b66, L:/127.0.0.1:49488 - R:localhost/127.0.0.1:59219]' for 'POST' to '/session'
12:12:30.417 [AsyncHttpClient-1-8] DEBUG org.asynchttpclient.netty.handler.HttpHandler - 

Request DefaultHttpRequest(decodeResult: success, version: HTTP/1.1)
POST /session HTTP/1.1
User-Agent: selenium/4.1.2 (java windows)
Content-Length: 565
Content-Type: application/json; charset=utf-8
host: localhost:59219
accept: */*

Response DefaultHttpResponse(decodeResult: success, version: HTTP/1.1)
HTTP/1.1 200 OK
Content-Type: application/json; charset=utf-8
cache-control: no-cache
content-length: 787

12:12:30.417 [AsyncHttpClient-1-8] DEBUG org.asynchttpclient.netty.channel.ChannelManager - Adding key: http://localhost:59219 for channel [id: 0x22e88b66, L:/127.0.0.1:49488 - R:localhost/127.0.0.1:59219]
12:12:30.437 [AsyncHttpClient-1-9] DEBUG org.asynchttpclient.netty.channel.NettyConnectListener - Using new Channel '[id: 0xd04ed8a8, L:/127.0.0.1:49495 - R:localhost/127.0.0.1:49489]' for 'GET' to '/json/version'
12:12:30.444 [AsyncHttpClient-1-9] DEBUG org.asynchttpclient.netty.handler.HttpHandler - 

Request DefaultFullHttpRequest(decodeResult: success, version: HTTP/1.1, content: EmptyByteBufBE)
GET /json/version HTTP/1.1
User-Agent: selenium/4.1.2 (java windows)
host: localhost:49489
accept: */*

Response DefaultHttpResponse(decodeResult: success, version: HTTP/1.1)
HTTP/1.1 200 OK
Content-Type: application/json; charset=UTF-8
content-length: 427

12:12:30.444 [AsyncHttpClient-1-9] DEBUG org.asynchttpclient.netty.channel.ChannelManager - Adding key: http://localhost:49489 for channel [id: 0xd04ed8a8, L:/127.0.0.1:49495 - R:localhost/127.0.0.1:49489]
12:12:30.447 [AsyncHttpClient-1-10] DEBUG org.asynchttpclient.netty.channel.NettyConnectListener - Using new Channel '[id: 0xc7fb6941, L:/127.0.0.1:49496 - R:localhost/127.0.0.1:49489]' for 'GET' to '/devtools/browser/101c740f-b2d3-4457-8982-0ffba7a4ea78'
12:12:30.454 [AsyncHttpClient-1-10] DEBUG org.asynchttpclient.netty.handler.WebSocketHandler - 

Request DefaultFullHttpRequest(decodeResult: success, version: HTTP/1.1, content: EmptyByteBufBE)
GET /devtools/browser/101c740f-b2d3-4457-8982-0ffba7a4ea78 HTTP/1.1
upgrade: websocket
connection: upgrade
sec-websocket-key: 2B12MVprJ06D6yVmSaKbwg==
sec-websocket-version: 13
origin: http://localhost:49489
host: localhost:49489
accept: */*
user-agent: AHC/2.1

Response DefaultHttpResponse(decodeResult: success, version: HTTP/1.1)
HTTP/1.1 101 WebSocket Protocol Handshake
Upgrade: WebSocket
Connection: Upgrade
Sec-WebSocket-Accept: qolMU+HHpTnTN7ej6VR/8TPGe0k=

12:12:30.459 [Forwarding get on session d32d18b90564ea0ec8a4e2e3eb839c5d to remote] DEBUG org.asynchttpclient.netty.request.NettyRequestSender - Using pooled Channel '[id: 0x22e88b66, L:/127.0.0.1:49488 - R:localhost/127.0.0.1:59219]' for 'POST' to 'http://localhost:59219/session/d32d18b90564ea0ec8a4e2e3eb839c5d/url'
12:12:30.459 [Forwarding get on session d32d18b90564ea0ec8a4e2e3eb839c5d to remote] DEBUG org.asynchttpclient.netty.request.NettyRequestSender - Using open Channel [id: 0x22e88b66, L:/127.0.0.1:49488 - R:localhost/127.0.0.1:59219] for POST '/session/d32d18b90564ea0ec8a4e2e3eb839c5d/url'
12:12:31.164 [AsyncHttpClient-1-8] DEBUG org.asynchttpclient.netty.handler.HttpHandler - 

Request DefaultHttpRequest(decodeResult: success, version: HTTP/1.1)
POST /session/d32d18b90564ea0ec8a4e2e3eb839c5d/url HTTP/1.1
User-Agent: selenium/4.1.2 (java windows)
Content-Length: 43
Content-Type: application/json; charset=utf-8
host: localhost:59219
accept: */*

Response DefaultHttpResponse(decodeResult: success, version: HTTP/1.1)
HTTP/1.1 200 OK
Content-Type: application/json; charset=utf-8
cache-control: no-cache
content-length: 14

12:12:31.164 [AsyncHttpClient-1-8] DEBUG org.asynchttpclient.netty.channel.ChannelManager - Adding key: http://localhost:59219 for channel [id: 0x22e88b66, L:/127.0.0.1:49488 - R:localhost/127.0.0.1:59219]
12:12:31.166 [Forwarding setTimeout on session d32d18b90564ea0ec8a4e2e3eb839c5d to remote] DEBUG org.asynchttpclient.netty.request.NettyRequestSender - Using pooled Channel '[id: 0x22e88b66, L:/127.0.0.1:49488 - R:localhost/127.0.0.1:59219]' for 'POST' to 'http://localhost:59219/session/d32d18b90564ea0ec8a4e2e3eb839c5d/timeouts'
12:12:31.166 [Forwarding setTimeout on session d32d18b90564ea0ec8a4e2e3eb839c5d to remote] DEBUG org.asynchttpclient.netty.request.NettyRequestSender - Using open Channel [id: 0x22e88b66, L:/127.0.0.1:49488 - R:localhost/127.0.0.1:59219] for POST '/session/d32d18b90564ea0ec8a4e2e3eb839c5d/timeouts'
12:12:31.169 [AsyncHttpClient-1-8] DEBUG org.asynchttpclient.netty.handler.HttpHandler - 

Request DefaultHttpRequest(decodeResult: success, version: HTTP/1.1)
POST /session/d32d18b90564ea0ec8a4e2e3eb839c5d/timeouts HTTP/1.1
User-Agent: selenium/4.1.2 (java windows)
Content-Length: 22
Content-Type: application/json; charset=utf-8
host: localhost:59219
accept: */*

Response DefaultHttpResponse(decodeResult: success, version: HTTP/1.1)
HTTP/1.1 200 OK
Content-Type: application/json; charset=utf-8
cache-control: no-cache
content-length: 14

12:12:31.170 [AsyncHttpClient-1-8] DEBUG org.asynchttpclient.netty.channel.ChannelManager - Adding key: http://localhost:59219 for channel [id: 0x22e88b66, L:/127.0.0.1:49488 - R:localhost/127.0.0.1:59219]
12:12:31.173 [Forwarding getCurrentUrl on session d32d18b90564ea0ec8a4e2e3eb839c5d to remote] DEBUG org.asynchttpclient.netty.request.NettyRequestSender - Using pooled Channel '[id: 0x22e88b66, L:/127.0.0.1:49488 - R:localhost/127.0.0.1:59219]' for 'GET' to 'http://localhost:59219/session/d32d18b90564ea0ec8a4e2e3eb839c5d/url'
12:12:31.173 [Forwarding getCurrentUrl on session d32d18b90564ea0ec8a4e2e3eb839c5d to remote] DEBUG org.asynchttpclient.netty.request.NettyRequestSender - Using open Channel [id: 0x22e88b66, L:/127.0.0.1:49488 - R:localhost/127.0.0.1:59219] for GET '/session/d32d18b90564ea0ec8a4e2e3eb839c5d/url'
12:12:31.189 [AsyncHttpClient-1-1] DEBUG org.asynchttpclient.netty.channel.DefaultChannelPool - Entry count for : http://localhost:49489 : 1
12:12:31.195 [AsyncHttpClient-1-8] DEBUG org.asynchttpclient.netty.handler.HttpHandler - 

Request DefaultFullHttpRequest(decodeResult: success, version: HTTP/1.1, content: EmptyByteBufBE)
GET /session/d32d18b90564ea0ec8a4e2e3eb839c5d/url HTTP/1.1
User-Agent: selenium/4.1.2 (java windows)
Cache-Control: no-cache
Content-Type: application/json; charset=utf-8
host: localhost:59219
accept: */*

Response DefaultHttpResponse(decodeResult: success, version: HTTP/1.1)
HTTP/1.1 200 OK
Content-Type: application/json; charset=utf-8
cache-control: no-cache
content-length: 31

12:12:31.195 [AsyncHttpClient-1-8] DEBUG org.asynchttpclient.netty.channel.ChannelManager - Adding key: http://localhost:59219 for channel [id: 0x22e88b66, L:/127.0.0.1:49488 - R:localhost/127.0.0.1:59219]
12:12:31.198 [Forwarding getCurrentUrl on session d32d18b90564ea0ec8a4e2e3eb839c5d to remote] DEBUG org.asynchttpclient.netty.request.NettyRequestSender - Using pooled Channel '[id: 0x22e88b66, L:/127.0.0.1:49488 - R:localhost/127.0.0.1:59219]' for 'GET' to 'http://localhost:59219/session/d32d18b90564ea0ec8a4e2e3eb839c5d/url'
12:12:31.198 [Forwarding getCurrentUrl on session d32d18b90564ea0ec8a4e2e3eb839c5d to remote] DEBUG org.asynchttpclient.netty.request.NettyRequestSender - Using open Channel [id: 0x22e88b66, L:/127.0.0.1:49488 - R:localhost/127.0.0.1:59219] for GET '/session/d32d18b90564ea0ec8a4e2e3eb839c5d/url'
12:12:31.208 [AsyncHttpClient-1-8] DEBUG org.asynchttpclient.netty.handler.HttpHandler - 

Request DefaultFullHttpRequest(decodeResult: success, version: HTTP/1.1, content: EmptyByteBufBE)
GET /session/d32d18b90564ea0ec8a4e2e3eb839c5d/url HTTP/1.1
User-Agent: selenium/4.1.2 (java windows)
Cache-Control: no-cache
Content-Type: application/json; charset=utf-8
host: localhost:59219
accept: */*

Response DefaultHttpResponse(decodeResult: success, version: HTTP/1.1)
HTTP/1.1 200 OK
Content-Type: application/json; charset=utf-8
cache-control: no-cache
content-length: 31

12:12:31.209 [AsyncHttpClient-1-8] DEBUG org.asynchttpclient.netty.channel.ChannelManager - Adding key: http://localhost:59219 for channel [id: 0x22e88b66, L:/127.0.0.1:49488 - R:localhost/127.0.0.1:59219]
12:12:31.213 [main] DEBUG net.serenitybdd.core.photography.Darkroom - Opening darkroom
12:12:31.214 [Forwarding screenshot on session d32d18b90564ea0ec8a4e2e3eb839c5d to remote] DEBUG org.asynchttpclient.netty.request.NettyRequestSender - Using pooled Channel '[id: 0x22e88b66, L:/127.0.0.1:49488 - R:localhost/127.0.0.1:59219]' for 'GET' to 'http://localhost:59219/session/d32d18b90564ea0ec8a4e2e3eb839c5d/screenshot'
12:12:31.214 [Forwarding screenshot on session d32d18b90564ea0ec8a4e2e3eb839c5d to remote] DEBUG org.asynchttpclient.netty.request.NettyRequestSender - Using open Channel [id: 0x22e88b66, L:/127.0.0.1:49488 - R:localhost/127.0.0.1:59219] for GET '/session/d32d18b90564ea0ec8a4e2e3eb839c5d/screenshot'
12:12:31.218 [Darkroom Processing Line] DEBUG net.serenitybdd.core.photography.DarkroomProcessingLine - Darkroom processing line starting up
12:12:32.084 [AsyncHttpClient-1-8] DEBUG org.asynchttpclient.netty.handler.HttpHandler - 

Request DefaultFullHttpRequest(decodeResult: success, version: HTTP/1.1, content: EmptyByteBufBE)
GET /session/d32d18b90564ea0ec8a4e2e3eb839c5d/screenshot HTTP/1.1
User-Agent: selenium/4.1.2 (java windows)
Cache-Control: no-cache
Content-Type: application/json; charset=utf-8
host: localhost:59219
accept: */*

Response DefaultHttpResponse(decodeResult: success, version: HTTP/1.1)
HTTP/1.1 200 OK
Content-Type: application/json; charset=utf-8
cache-control: no-cache
content-length: 62216

12:12:32.085 [AsyncHttpClient-1-8] DEBUG org.asynchttpclient.netty.channel.ChannelManager - Adding key: http://localhost:59219 for channel [id: 0x22e88b66, L:/127.0.0.1:49488 - R:localhost/127.0.0.1:59219]
12:12:32.087 [main] DEBUG net.serenitybdd.core.photography.Darkroom - Send negative for processing for target\site\serenity\5320a82275251c60efc748d741a19e517d5b0788e778bf86039494f1361bc915.png
12:12:32.088 [main] DEBUG net.thucydides.core.steps.StepInterceptor - STEP DONE: openPage
12:12:32.093 [main] DEBUG net.thucydides.core.steps.StepInterceptor - STARTING STEP: RatingProductSteps.useronhomepage - homepage
12:12:32.095 [Forwarding findElement on session d32d18b90564ea0ec8a4e2e3eb839c5d to remote] DEBUG org.asynchttpclient.netty.request.NettyRequestSender - Using pooled Channel '[id: 0x22e88b66, L:/127.0.0.1:49488 - R:localhost/127.0.0.1:59219]' for 'POST' to 'http://localhost:59219/session/d32d18b90564ea0ec8a4e2e3eb839c5d/element'
12:12:32.095 [Forwarding findElement on session d32d18b90564ea0ec8a4e2e3eb839c5d to remote] DEBUG org.asynchttpclient.netty.request.NettyRequestSender - Using open Channel [id: 0x22e88b66, L:/127.0.0.1:49488 - R:localhost/127.0.0.1:59219] for POST '/session/d32d18b90564ea0ec8a4e2e3eb839c5d/element'
12:12:32.114 [AsyncHttpClient-1-8] DEBUG org.asynchttpclient.netty.handler.HttpHandler - 

Request DefaultHttpRequest(decodeResult: success, version: HTTP/1.1)
POST /session/d32d18b90564ea0ec8a4e2e3eb839c5d/element HTTP/1.1
User-Agent: selenium/4.1.2 (java windows)
Content-Length: 85
Content-Type: application/json; charset=utf-8
host: localhost:59219
accept: */*

Response DefaultHttpResponse(decodeResult: success, version: HTTP/1.1)
HTTP/1.1 200 OK
Content-Type: application/json; charset=utf-8
cache-control: no-cache
content-length: 88

12:12:32.114 [AsyncHttpClient-1-8] DEBUG org.asynchttpclient.netty.channel.ChannelManager - Adding key: http://localhost:59219 for channel [id: 0x22e88b66, L:/127.0.0.1:49488 - R:localhost/127.0.0.1:59219]
12:12:32.119 [Forwarding isElementDisplayed on session d32d18b90564ea0ec8a4e2e3eb839c5d to remote] DEBUG org.asynchttpclient.netty.request.NettyRequestSender - Using pooled Channel '[id: 0x22e88b66, L:/127.0.0.1:49488 - R:localhost/127.0.0.1:59219]' for 'POST' to 'http://localhost:59219/session/d32d18b90564ea0ec8a4e2e3eb839c5d/execute/sync'
12:12:32.119 [Forwarding isElementDisplayed on session d32d18b90564ea0ec8a4e2e3eb839c5d to remote] DEBUG org.asynchttpclient.netty.request.NettyRequestSender - Using open Channel [id: 0x22e88b66, L:/127.0.0.1:49488 - R:localhost/127.0.0.1:59219] for POST '/session/d32d18b90564ea0ec8a4e2e3eb839c5d/execute/sync'
12:12:32.136 [AsyncHttpClient-1-8] DEBUG org.asynchttpclient.netty.handler.HttpHandler - 

Request DefaultHttpRequest(decodeResult: success, version: HTTP/1.1)
POST /session/d32d18b90564ea0ec8a4e2e3eb839c5d/execute/sync HTTP/1.1
User-Agent: selenium/4.1.2 (java windows)
Content-Length: 48780
Content-Type: application/json; charset=utf-8
host: localhost:59219
accept: */*

Response DefaultHttpResponse(decodeResult: success, version: HTTP/1.1)
HTTP/1.1 200 OK
Content-Type: application/json; charset=utf-8
cache-control: no-cache
content-length: 14

12:12:32.137 [AsyncHttpClient-1-8] DEBUG org.asynchttpclient.netty.channel.ChannelManager - Adding key: http://localhost:59219 for channel [id: 0x22e88b66, L:/127.0.0.1:49488 - R:localhost/127.0.0.1:59219]
12:12:32.141 [Forwarding screenshot on session d32d18b90564ea0ec8a4e2e3eb839c5d to remote] DEBUG org.asynchttpclient.netty.request.NettyRequestSender - Using pooled Channel '[id: 0x22e88b66, L:/127.0.0.1:49488 - R:localhost/127.0.0.1:59219]' for 'GET' to 'http://localhost:59219/session/d32d18b90564ea0ec8a4e2e3eb839c5d/screenshot'
12:12:32.141 [Forwarding screenshot on session d32d18b90564ea0ec8a4e2e3eb839c5d to remote] DEBUG org.asynchttpclient.netty.request.NettyRequestSender - Using open Channel [id: 0x22e88b66, L:/127.0.0.1:49488 - R:localhost/127.0.0.1:59219] for GET '/session/d32d18b90564ea0ec8a4e2e3eb839c5d/screenshot'
12:12:32.235 [AsyncHttpClient-1-8] DEBUG org.asynchttpclient.netty.handler.HttpHandler - 

Request DefaultFullHttpRequest(decodeResult: success, version: HTTP/1.1, content: EmptyByteBufBE)
GET /session/d32d18b90564ea0ec8a4e2e3eb839c5d/screenshot HTTP/1.1
User-Agent: selenium/4.1.2 (java windows)
Cache-Control: no-cache
Content-Type: application/json; charset=utf-8
host: localhost:59219
accept: */*

Response DefaultHttpResponse(decodeResult: success, version: HTTP/1.1)
HTTP/1.1 200 OK
Content-Type: application/json; charset=utf-8
cache-control: no-cache
content-length: 62216

12:12:32.236 [AsyncHttpClient-1-8] DEBUG org.asynchttpclient.netty.channel.ChannelManager - Adding key: http://localhost:59219 for channel [id: 0x22e88b66, L:/127.0.0.1:49488 - R:localhost/127.0.0.1:59219]
12:12:32.238 [main] DEBUG net.serenitybdd.core.photography.Darkroom - Send negative for processing for target\site\serenity\5320a82275251c60efc748d741a19e517d5b0788e778bf86039494f1361bc915.png
12:12:32.238 [main] DEBUG net.thucydides.core.steps.StepInterceptor - STEP DONE: homepage
  &amp#27;[32mGiven &amp#27;[0m&amp#27;[32mUser on home page&amp#27;[0m                                &amp#27;[90m# starter.definitions.RatingProductSteps.useronhomepage()&amp#27;[0m
12:12:32.253 [main] DEBUG net.thucydides.core.steps.StepInterceptor - STARTING STEP: RatingProductSteps.userclickdetailtensidarahelektrik - validateclickdetailtensidarahlistrik
12:12:32.256 [Forwarding findElement on session d32d18b90564ea0ec8a4e2e3eb839c5d to remote] DEBUG org.asynchttpclient.netty.request.NettyRequestSender - Using pooled Channel '[id: 0x22e88b66, L:/127.0.0.1:49488 - R:localhost/127.0.0.1:59219]' for 'POST' to 'http://localhost:59219/session/d32d18b90564ea0ec8a4e2e3eb839c5d/element'
12:12:32.256 [Forwarding findElement on session d32d18b90564ea0ec8a4e2e3eb839c5d to remote] DEBUG org.asynchttpclient.netty.request.NettyRequestSender - Using open Channel [id: 0x22e88b66, L:/127.0.0.1:49488 - R:localhost/127.0.0.1:59219] for POST '/session/d32d18b90564ea0ec8a4e2e3eb839c5d/element'
12:12:32.273 [AsyncHttpClient-1-8] DEBUG org.asynchttpclient.netty.handler.HttpHandler - 

Request DefaultHttpRequest(decodeResult: success, version: HTTP/1.1)
POST /session/d32d18b90564ea0ec8a4e2e3eb839c5d/element HTTP/1.1
User-Agent: selenium/4.1.2 (java windows)
Content-Length: 96
Content-Type: application/json; charset=utf-8
host: localhost:59219
accept: */*

Response DefaultHttpResponse(decodeResult: success, version: HTTP/1.1)
HTTP/1.1 200 OK
Content-Type: application/json; charset=utf-8
cache-control: no-cache
content-length: 88

12:12:32.274 [AsyncHttpClient-1-8] DEBUG org.asynchttpclient.netty.channel.ChannelManager - Adding key: http://localhost:59219 for channel [id: 0x22e88b66, L:/127.0.0.1:49488 - R:localhost/127.0.0.1:59219]
12:12:32.275 [Forwarding getElementTagName on session d32d18b90564ea0ec8a4e2e3eb839c5d to remote] DEBUG org.asynchttpclient.netty.request.NettyRequestSender - Using pooled Channel '[id: 0x22e88b66, L:/127.0.0.1:49488 - R:localhost/127.0.0.1:59219]' for 'GET' to 'http://localhost:59219/session/d32d18b90564ea0ec8a4e2e3eb839c5d/element/1950ced7-773c-434c-95e7-850f26d84950/name'
12:12:32.275 [AsyncHttpClient-1-1] DEBUG org.asynchttpclient.netty.channel.DefaultChannelPool - Entry count for : http://localhost:49489 : 1
12:12:32.275 [Forwarding getElementTagName on session d32d18b90564ea0ec8a4e2e3eb839c5d to remote] DEBUG org.asynchttpclient.netty.request.NettyRequestSender - Using open Channel [id: 0x22e88b66, L:/127.0.0.1:49488 - R:localhost/127.0.0.1:59219] for GET '/session/d32d18b90564ea0ec8a4e2e3eb839c5d/element/1950ced7-773c-434c-95e7-850f26d84950/name'
12:12:32.283 [AsyncHttpClient-1-8] DEBUG org.asynchttpclient.netty.handler.HttpHandler - 

Request DefaultFullHttpRequest(decodeResult: success, version: HTTP/1.1, content: EmptyByteBufBE)
GET /session/d32d18b90564ea0ec8a4e2e3eb839c5d/element/1950ced7-773c-434c-95e7-850f26d84950/name HTTP/1.1
User-Agent: selenium/4.1.2 (java windows)
Cache-Control: no-cache
Content-Type: application/json; charset=utf-8
host: localhost:59219
accept: */*

Response DefaultHttpResponse(decodeResult: success, version: HTTP/1.1)
HTTP/1.1 200 OK
Content-Type: application/json; charset=utf-8
cache-control: no-cache
content-length: 18

12:12:32.283 [AsyncHttpClient-1-8] DEBUG org.asynchttpclient.netty.channel.ChannelManager - Adding key: http://localhost:59219 for channel [id: 0x22e88b66, L:/127.0.0.1:49488 - R:localhost/127.0.0.1:59219]
12:12:32.285 [Forwarding getElementTagName on session d32d18b90564ea0ec8a4e2e3eb839c5d to remote] DEBUG org.asynchttpclient.netty.request.NettyRequestSender - Using pooled Channel '[id: 0x22e88b66, L:/127.0.0.1:49488 - R:localhost/127.0.0.1:59219]' for 'GET' to 'http://localhost:59219/session/d32d18b90564ea0ec8a4e2e3eb839c5d/element/1950ced7-773c-434c-95e7-850f26d84950/name'
12:12:32.285 [Forwarding getElementTagName on session d32d18b90564ea0ec8a4e2e3eb839c5d to remote] DEBUG org.asynchttpclient.netty.request.NettyRequestSender - Using open Channel [id: 0x22e88b66, L:/127.0.0.1:49488 - R:localhost/127.0.0.1:59219] for GET '/session/d32d18b90564ea0ec8a4e2e3eb839c5d/element/1950ced7-773c-434c-95e7-850f26d84950/name'
12:12:32.297 [AsyncHttpClient-1-8] DEBUG org.asynchttpclient.netty.handler.HttpHandler - 

Request DefaultFullHttpRequest(decodeResult: success, version: HTTP/1.1, content: EmptyByteBufBE)
GET /session/d32d18b90564ea0ec8a4e2e3eb839c5d/element/1950ced7-773c-434c-95e7-850f26d84950/name HTTP/1.1
User-Agent: selenium/4.1.2 (java windows)
Cache-Control: no-cache
Content-Type: application/json; charset=utf-8
host: localhost:59219
accept: */*

Response DefaultHttpResponse(decodeResult: success, version: HTTP/1.1)
HTTP/1.1 200 OK
Content-Type: application/json; charset=utf-8
cache-control: no-cache
content-length: 18

12:12:32.298 [AsyncHttpClient-1-8] DEBUG org.asynchttpclient.netty.channel.ChannelManager - Adding key: http://localhost:59219 for channel [id: 0x22e88b66, L:/127.0.0.1:49488 - R:localhost/127.0.0.1:59219]
12:12:32.300 [Forwarding isElementEnabled on session d32d18b90564ea0ec8a4e2e3eb839c5d to remote] DEBUG org.asynchttpclient.netty.request.NettyRequestSender - Using pooled Channel '[id: 0x22e88b66, L:/127.0.0.1:49488 - R:localhost/127.0.0.1:59219]' for 'GET' to 'http://localhost:59219/session/d32d18b90564ea0ec8a4e2e3eb839c5d/element/1950ced7-773c-434c-95e7-850f26d84950/enabled'
12:12:32.300 [Forwarding isElementEnabled on session d32d18b90564ea0ec8a4e2e3eb839c5d to remote] DEBUG org.asynchttpclient.netty.request.NettyRequestSender - Using open Channel [id: 0x22e88b66, L:/127.0.0.1:49488 - R:localhost/127.0.0.1:59219] for GET '/session/d32d18b90564ea0ec8a4e2e3eb839c5d/element/1950ced7-773c-434c-95e7-850f26d84950/enabled'
12:12:32.313 [AsyncHttpClient-1-8] DEBUG org.asynchttpclient.netty.handler.HttpHandler - 

Request DefaultFullHttpRequest(decodeResult: success, version: HTTP/1.1, content: EmptyByteBufBE)
GET /session/d32d18b90564ea0ec8a4e2e3eb839c5d/element/1950ced7-773c-434c-95e7-850f26d84950/enabled HTTP/1.1
User-Agent: selenium/4.1.2 (java windows)
Cache-Control: no-cache
Content-Type: application/json; charset=utf-8
host: localhost:59219
accept: */*

Response DefaultHttpResponse(decodeResult: success, version: HTTP/1.1)
HTTP/1.1 200 OK
Content-Type: application/json; charset=utf-8
cache-control: no-cache
content-length: 14

12:12:32.313 [AsyncHttpClient-1-8] DEBUG org.asynchttpclient.netty.channel.ChannelManager - Adding key: http://localhost:59219 for channel [id: 0x22e88b66, L:/127.0.0.1:49488 - R:localhost/127.0.0.1:59219]
12:12:32.315 [Forwarding isElementEnabled on session d32d18b90564ea0ec8a4e2e3eb839c5d to remote] DEBUG org.asynchttpclient.netty.request.NettyRequestSender - Using pooled Channel '[id: 0x22e88b66, L:/127.0.0.1:49488 - R:localhost/127.0.0.1:59219]' for 'GET' to 'http://localhost:59219/session/d32d18b90564ea0ec8a4e2e3eb839c5d/element/1950ced7-773c-434c-95e7-850f26d84950/enabled'
12:12:32.315 [Forwarding isElementEnabled on session d32d18b90564ea0ec8a4e2e3eb839c5d to remote] DEBUG org.asynchttpclient.netty.request.NettyRequestSender - Using open Channel [id: 0x22e88b66, L:/127.0.0.1:49488 - R:localhost/127.0.0.1:59219] for GET '/session/d32d18b90564ea0ec8a4e2e3eb839c5d/element/1950ced7-773c-434c-95e7-850f26d84950/enabled'
12:12:32.324 [AsyncHttpClient-1-8] DEBUG org.asynchttpclient.netty.handler.HttpHandler - 

Request DefaultFullHttpRequest(decodeResult: success, version: HTTP/1.1, content: EmptyByteBufBE)
GET /session/d32d18b90564ea0ec8a4e2e3eb839c5d/element/1950ced7-773c-434c-95e7-850f26d84950/enabled HTTP/1.1
User-Agent: selenium/4.1.2 (java windows)
Cache-Control: no-cache
Content-Type: application/json; charset=utf-8
host: localhost:59219
accept: */*

Response DefaultHttpResponse(decodeResult: success, version: HTTP/1.1)
HTTP/1.1 200 OK
Content-Type: application/json; charset=utf-8
cache-control: no-cache
content-length: 14

12:12:32.324 [AsyncHttpClient-1-8] DEBUG org.asynchttpclient.netty.channel.ChannelManager - Adding key: http://localhost:59219 for channel [id: 0x22e88b66, L:/127.0.0.1:49488 - R:localhost/127.0.0.1:59219]
12:12:32.327 [Forwarding findElement on session d32d18b90564ea0ec8a4e2e3eb839c5d to remote] DEBUG org.asynchttpclient.netty.request.NettyRequestSender - Using pooled Channel '[id: 0x22e88b66, L:/127.0.0.1:49488 - R:localhost/127.0.0.1:59219]' for 'POST' to 'http://localhost:59219/session/d32d18b90564ea0ec8a4e2e3eb839c5d/element'
12:12:32.327 [Forwarding findElement on session d32d18b90564ea0ec8a4e2e3eb839c5d to remote] DEBUG org.asynchttpclient.netty.request.NettyRequestSender - Using open Channel [id: 0x22e88b66, L:/127.0.0.1:49488 - R:localhost/127.0.0.1:59219] for POST '/session/d32d18b90564ea0ec8a4e2e3eb839c5d/element'
12:12:32.337 [AsyncHttpClient-1-8] DEBUG org.asynchttpclient.netty.handler.HttpHandler - 

Request DefaultHttpRequest(decodeResult: success, version: HTTP/1.1)
POST /session/d32d18b90564ea0ec8a4e2e3eb839c5d/element HTTP/1.1
User-Agent: selenium/4.1.2 (java windows)
Content-Length: 96
Content-Type: application/json; charset=utf-8
host: localhost:59219
accept: */*

Response DefaultHttpResponse(decodeResult: success, version: HTTP/1.1)
HTTP/1.1 200 OK
Content-Type: application/json; charset=utf-8
cache-control: no-cache
content-length: 88

12:12:32.337 [AsyncHttpClient-1-8] DEBUG org.asynchttpclient.netty.channel.ChannelManager - Adding key: http://localhost:59219 for channel [id: 0x22e88b66, L:/127.0.0.1:49488 - R:localhost/127.0.0.1:59219]
12:12:32.339 [Forwarding clickElement on session d32d18b90564ea0ec8a4e2e3eb839c5d to remote] DEBUG org.asynchttpclient.netty.request.NettyRequestSender - Using pooled Channel '[id: 0x22e88b66, L:/127.0.0.1:49488 - R:localhost/127.0.0.1:59219]' for 'POST' to 'http://localhost:59219/session/d32d18b90564ea0ec8a4e2e3eb839c5d/element/1950ced7-773c-434c-95e7-850f26d84950/click'
12:12:32.339 [Forwarding clickElement on session d32d18b90564ea0ec8a4e2e3eb839c5d to remote] DEBUG org.asynchttpclient.netty.request.NettyRequestSender - Using open Channel [id: 0x22e88b66, L:/127.0.0.1:49488 - R:localhost/127.0.0.1:59219] for POST '/session/d32d18b90564ea0ec8a4e2e3eb839c5d/element/1950ced7-773c-434c-95e7-850f26d84950/click'
12:12:32.397 [AsyncHttpClient-1-8] DEBUG org.asynchttpclient.netty.handler.HttpHandler - 

Request DefaultHttpRequest(decodeResult: success, version: HTTP/1.1)
POST /session/d32d18b90564ea0ec8a4e2e3eb839c5d/element/1950ced7-773c-434c-95e7-850f26d84950/click HTTP/1.1
User-Agent: selenium/4.1.2 (java windows)
Content-Length: 50
Content-Type: application/json; charset=utf-8
host: localhost:59219
accept: */*

Response DefaultHttpResponse(decodeResult: success, version: HTTP/1.1)
HTTP/1.1 200 OK
Content-Type: application/json; charset=utf-8
cache-control: no-cache
content-length: 14

12:12:32.397 [AsyncHttpClient-1-8] DEBUG org.asynchttpclient.netty.channel.ChannelManager - Adding key: http://localhost:59219 for channel [id: 0x22e88b66, L:/127.0.0.1:49488 - R:localhost/127.0.0.1:59219]
12:12:32.404 [Forwarding screenshot on session d32d18b90564ea0ec8a4e2e3eb839c5d to remote] DEBUG org.asynchttpclient.netty.request.NettyRequestSender - Using pooled Channel '[id: 0x22e88b66, L:/127.0.0.1:49488 - R:localhost/127.0.0.1:59219]' for 'GET' to 'http://localhost:59219/session/d32d18b90564ea0ec8a4e2e3eb839c5d/screenshot'
12:12:32.404 [Forwarding screenshot on session d32d18b90564ea0ec8a4e2e3eb839c5d to remote] DEBUG org.asynchttpclient.netty.request.NettyRequestSender - Using open Channel [id: 0x22e88b66, L:/127.0.0.1:49488 - R:localhost/127.0.0.1:59219] for GET '/session/d32d18b90564ea0ec8a4e2e3eb839c5d/screenshot'
12:12:32.698 [AsyncHttpClient-1-8] DEBUG org.asynchttpclient.netty.handler.HttpHandler - 

Request DefaultFullHttpRequest(decodeResult: success, version: HTTP/1.1, content: EmptyByteBufBE)
GET /session/d32d18b90564ea0ec8a4e2e3eb839c5d/screenshot HTTP/1.1
User-Agent: selenium/4.1.2 (java windows)
Cache-Control: no-cache
Content-Type: application/json; charset=utf-8
host: localhost:59219
accept: */*

Response DefaultHttpResponse(decodeResult: success, version: HTTP/1.1)
HTTP/1.1 200 OK
Content-Type: application/json; charset=utf-8
cache-control: no-cache
content-length: 30228

12:12:32.699 [AsyncHttpClient-1-8] DEBUG org.asynchttpclient.netty.channel.ChannelManager - Adding key: http://localhost:59219 for channel [id: 0x22e88b66, L:/127.0.0.1:49488 - R:localhost/127.0.0.1:59219]
12:12:32.700 [main] DEBUG net.serenitybdd.core.photography.Darkroom - Send negative for processing for target\site\serenity\b205d8b9ee88b7d4869bf8d9a8dd1ceed82718e2d095c9c1fa41fa566372f516.png
12:12:32.701 [main] DEBUG net.thucydides.core.steps.StepInterceptor - STEP DONE: validateclickdetailtensidarahlistrik
  &amp#27;[32mWhen &amp#27;[0m&amp#27;[32mUser click detail tensi darah elektrik&amp#27;[0m            &amp#27;[90m# starter.definitions.RatingProductSteps.userclickdetailtensidarahelektrik()&amp#27;[0m
12:12:32.701 [Darkroom Processing Line] DEBUG net.serenitybdd.core.photography.DarkroomProcessingLine - Processing screenshot image in /var/screenshots/screenshot-10471634168347556056
12:12:32.701 [Darkroom Processing Line] DEBUG net.serenitybdd.core.photography.DarkroomProcessingLine - Saving screenshot to target\site\serenity\b205d8b9ee88b7d4869bf8d9a8dd1ceed82718e2d095c9c1fa41fa566372f516.png
  &amp#27;[32mAnd &amp#27;[0m&amp#27;[32muser can see detail and rating of product&amp#27;[0m          &amp#27;[90m# starter.definitions.RatingProductSteps.usercanseedetailandratingofproduct()&amp#27;[0m
  &amp#27;[32mThen &amp#27;[0m&amp#27;[32muser sucsess see detail and rating of product&amp#27;[0m     &amp#27;[90m# starter.definitions.RatingProductSteps.usersucsessseedetailandratingofproduct()&amp#27;[0m
12:12:32.724 [main] INFO  - 
  _____   ___   ___   _____     ___     _     ___   ___   ___   ___  
 |_   _| | __| / __| |_   _|   | _ \   /_\   / __| / __| | __| |   \ 
   | |   | _|  \__ \   | |     |  _/  / _ \  \__ \ \__ \ | _|  | |) |
   |_|   |___| |___/   |_|     |_|   /_/ \_\ |___/ |___/ |___| |___/ 

user see detail or rating tensi darah elektrik
----------------------------------------------------------------------
12:12:32.725 [AsyncHttpClient-1-10] DEBUG org.asynchttpclient.netty.handler.WebSocketHandler - Channel Closed: [id: 0xc7fb6941, L:/127.0.0.1:49496 ! R:localhost/127.0.0.1:49489] with attribute NettyResponseFuture{currentRetry=5,
	isDone=1,
	isCancelled=0,
	asyncHandler=org.asynchttpclient.ws.WebSocketUpgradeHandler@7cfbb9da,
	nettyRequest=org.asynchttpclient.netty.request.NettyRequest@39f93821,
	future=java.util.concurrent.CompletableFuture@51872b36[Completed normally],
	uri=ws://localhost:49489/devtools/browser/101c740f-b2d3-4457-8982-0ffba7a4ea78,
	keepAlive=true,
	redirectCount=0,
	timeoutsHolder=null,
	inAuth=0,
	touch=1652242350455}
12:12:32.725 [AsyncHttpClient-1-10] DEBUG org.asynchttpclient.netty.channel.ChannelManager - Closing Channel [id: 0xc7fb6941, L:/127.0.0.1:49496 ! R:localhost/127.0.0.1:49489] 
12:12:32.727 [Driver Command Executor] DEBUG org.asynchttpclient.netty.request.NettyRequestSender - Using pooled Channel '[id: 0x22e88b66, L:/127.0.0.1:49488 - R:localhost/127.0.0.1:59219]' for 'DELETE' to 'http://localhost:59219/session/d32d18b90564ea0ec8a4e2e3eb839c5d'
12:12:32.727 [Driver Command Executor] DEBUG org.asynchttpclient.netty.request.NettyRequestSender - Using open Channel [id: 0x22e88b66, L:/127.0.0.1:49488 - R:localhost/127.0.0.1:59219] for DELETE '/session/d32d18b90564ea0ec8a4e2e3eb839c5d'
12:12:33.346 [AsyncHttpClient-1-9] DEBUG org.asynchttpclient.netty.handler.HttpHandler - Unexpected I/O exception on channel [id: 0xd04ed8a8, L:/127.0.0.1:49495 - R:localhost/127.0.0.1:49489]
java.net.SocketException: Connection reset
	at java.base/sun.nio.ch.SocketChannelImpl.throwConnectionReset(SocketChannelImpl.java:394)
	at java.base/sun.nio.ch.SocketChannelImpl.read(SocketChannelImpl.java:426)
	at io.netty.buffer.PooledByteBuf.setBytes(PooledByteBuf.java:258)
	at io.netty.buffer.AbstractByteBuf.writeBytes(AbstractByteBuf.java:1132)
	at io.netty.channel.socket.nio.NioSocketChannel.doReadBytes(NioSocketChannel.java:350)
	at io.netty.channel.nio.AbstractNioByteChannel$NioByteUnsafe.read(AbstractNioByteChannel.java:151)
	at io.netty.channel.nio.NioEventLoop.processSelectedKey(NioEventLoop.java:722)
	at io.netty.channel.nio.NioEventLoop.processSelectedKeysOptimized(NioEventLoop.java:658)
	at io.netty.channel.nio.NioEventLoop.processSelectedKeys(NioEventLoop.java:584)
	at io.netty.channel.nio.NioEventLoop.run(NioEventLoop.java:496)
	at io.netty.util.concurrent.SingleThreadEventExecutor$4.run(SingleThreadEventExecutor.java:986)
	at io.netty.util.internal.ThreadExecutorMap$2.run(ThreadExecutorMap.java:74)
	at io.netty.util.concurrent.FastThreadLocalRunnable.run(FastThreadLocalRunnable.java:30)
	at java.base/java.lang.Thread.run(Thread.java:833)
12:12:33.346 [AsyncHttpClient-1-9] DEBUG org.asynchttpclient.netty.channel.ChannelManager - Closing Channel [id: 0xd04ed8a8, L:/127.0.0.1:49495 - R:localhost/127.0.0.1:49489] 
12:12:33.347 [AsyncHttpClient-1-9] DEBUG org.asynchttpclient.netty.handler.HttpHandler - Channel Closed: [id: 0xd04ed8a8, L:/127.0.0.1:49495 ! R:localhost/127.0.0.1:49489] with attribute DISCARD
12:12:33.379 [AsyncHttpClient-1-1] DEBUG org.asynchttpclient.netty.channel.DefaultChannelPool - Entry count for : http://localhost:49489 : 1
12:12:33.379 [AsyncHttpClient-1-1] DEBUG org.asynchttpclient.netty.channel.DefaultChannelPool - Adding Candidate expired Channel [id: 0xd04ed8a8, L:/127.0.0.1:49495 ! R:localhost/127.0.0.1:49489] isIdleTimeoutExpired=false isRemotelyClosed=true isTtlExpired=false
12:12:33.379 [AsyncHttpClient-1-1] DEBUG org.asynchttpclient.netty.channel.DefaultChannelPool - Closing Idle Channel [id: 0xd04ed8a8, L:/127.0.0.1:49495 ! R:localhost/127.0.0.1:49489]
12:12:33.379 [AsyncHttpClient-1-1] DEBUG org.asynchttpclient.netty.channel.DefaultChannelPool - Closed 1 connections out of 1 in 0 ms
12:12:33.416 [AsyncHttpClient-1-8] DEBUG org.asynchttpclient.netty.handler.HttpHandler - 

Request DefaultFullHttpRequest(decodeResult: success, version: HTTP/1.1, content: EmptyByteBufBE)
DELETE /session/d32d18b90564ea0ec8a4e2e3eb839c5d HTTP/1.1
User-Agent: selenium/4.1.2 (java windows)
Content-Type: application/json; charset=utf-8
host: localhost:59219
accept: */*

Response DefaultHttpResponse(decodeResult: success, version: HTTP/1.1)
HTTP/1.1 200 OK
Content-Type: application/json; charset=utf-8
cache-control: no-cache
content-length: 14

12:12:33.416 [AsyncHttpClient-1-8] DEBUG org.asynchttpclient.netty.channel.ChannelManager - Adding key: http://localhost:59219 for channel [id: 0x22e88b66, L:/127.0.0.1:49488 - R:localhost/127.0.0.1:59219]
12:12:34.474 [AsyncHttpClient-1-1] DEBUG org.asynchttpclient.netty.channel.DefaultChannelPool - Entry count for : http://localhost:59219 : 1
12:12:34.989 [AsyncHttpClient-1-8] DEBUG org.asynchttpclient.netty.handler.HttpHandler - Unexpected I/O exception on channel [id: 0x22e88b66, L:/127.0.0.1:49488 - R:localhost/127.0.0.1:59219]
java.net.SocketException: Connection reset
	at java.base/sun.nio.ch.SocketChannelImpl.throwConnectionReset(SocketChannelImpl.java:394)
	at java.base/sun.nio.ch.SocketChannelImpl.read(SocketChannelImpl.java:426)
	at io.netty.buffer.PooledByteBuf.setBytes(PooledByteBuf.java:258)
	at io.netty.buffer.AbstractByteBuf.writeBytes(AbstractByteBuf.java:1132)
	at io.netty.channel.socket.nio.NioSocketChannel.doReadBytes(NioSocketChannel.java:350)
	at io.netty.channel.nio.AbstractNioByteChannel$NioByteUnsafe.read(AbstractNioByteChannel.java:151)
	at io.netty.channel.nio.NioEventLoop.processSelectedKey(NioEventLoop.java:722)
	at io.netty.channel.nio.NioEventLoop.processSelectedKeysOptimized(NioEventLoop.java:658)
	at io.netty.channel.nio.NioEventLoop.processSelectedKeys(NioEventLoop.java:584)
	at io.netty.channel.nio.NioEventLoop.run(NioEventLoop.java:496)
	at io.netty.util.concurrent.SingleThreadEventExecutor$4.run(SingleThreadEventExecutor.java:986)
	at io.netty.util.internal.ThreadExecutorMap$2.run(ThreadExecutorMap.java:74)
	at io.netty.util.concurrent.FastThreadLocalRunnable.run(FastThreadLocalRunnable.java:30)
	at java.base/java.lang.Thread.run(Thread.java:833)
12:12:34.989 [AsyncHttpClient-1-8] DEBUG org.asynchttpclient.netty.channel.ChannelManager - Closing Channel [id: 0x22e88b66, L:/127.0.0.1:49488 - R:localhost/127.0.0.1:59219] 
12:12:34.989 [AsyncHttpClient-1-8] DEBUG org.asynchttpclient.netty.handler.HttpHandler - Channel Closed: [id: 0x22e88b66, L:/127.0.0.1:49488 ! R:localhost/127.0.0.1:59219] with attribute DISCARD
]]></system-out>
    <system-err><![CDATA[Starting ChromeDriver 101.0.4951.41 (93c720db8323b3ec10d056025ab95c23a31997c9-refs/branch-heads/4951@{#904}) on port 59219
Only local connections are allowed.
Please see https://chromedriver.chromium.org/security-considerations for suggestions on keeping ChromeDriver safe.
ChromeDriver was started successfully.
May 11, 2022 12:12:30 PM org.openqa.selenium.remote.ProtocolHandshake createSession
INFO: Detected dialect: W3C
May 11, 2022 12:12:30 PM org.openqa.selenium.devtools.CdpVersionFinder findNearestMatch
WARNING: Unable to find an exact match for CDP version 101, so returning the closest version found: 97
May 11, 2022 12:12:30 PM org.openqa.selenium.devtools.CdpVersionFinder findNearestMatch
INFO: Found CDP implementation for version 101 of 97
]]></system-err>
  </testcase>
  <testcase name="As a user i want registered successfully" classname="As a user i want to register for my account so that i can go shop" time="7.387">
    <system-out><![CDATA[12:12:35.059 [main] INFO io.cucumber.core.plugin.SerenityReporter - Running feature from file:///D:/alta%20folder/New%20folder/Web%20Testing/src/test/resources/features/Register.feature
12:12:35.061 [main] DEBUG net.thucydides.core.steps.StepEventBus - Test suite started for story net.thucydides.core.model.Story@506a188d
12:12:35.061 [main] INFO  - Test Suite Started: As a user i want to register for my account so that i can go shop

Scenario: As a user i want registered successfully &amp#27;[90m# src/test/resources/features/Register.feature:3&amp#27;[0m
12:12:35.067 [main] INFO io.cucumber.core.plugin.SerenityReporter - Running feature from file:///D:/alta%20folder/New%20folder/Web%20Testing/src/test/resources/features/Register.feature
12:12:35.068 [main] INFO  - 
  _____   ___   ___   _____     ___   _____     _     ___   _____   ___   ___  
 |_   _| | __| / __| |_   _|   / __| |_   _|   /_\   | _ \ |_   _| | __| |   \ 
   | |   | _|  \__ \   | |     \__ \   | |    / _ \  |   /   | |   | _|  | |) |
   |_|   |___| |___/   |_|     |___/   |_|   /_/ \_\ |_|_\   |_|   |___| |___/ 

As a user i want registered successfully(as-a-user-i-want-to-register-for-my-account-so-that-i-can-go-shop;as-a-user-i-want-registered-successfully)
--------------------------------------------------------------------------------
12:12:35.138 [main] DEBUG net.thucydides.core.steps.StepInterceptor - STARTING STEP: RegisterSteps.ontheLoginPage - openPage
12:12:35.139 [main] INFO net.serenitybdd.core.webdriver.driverproviders.ChromeDriverProvider - Using automatically driver download
12:12:35.267 [main] DEBUG io.github.bonigarcia.wdm.cache.ResolutionCache - Resolution chrome=101 in cache (valid until 13:12:06 11/05/2022 WITA)
12:12:35.270 [main] DEBUG io.github.bonigarcia.wdm.cache.ResolutionCache - Resolution chrome101=101.0.4951.41 in cache (valid until 21:51:26 11/05/2022 WITA)
12:12:35.272 [main] INFO io.github.bonigarcia.wdm.WebDriverManager - Using chromedriver 101.0.4951.41 (resolved driver for Chrome 101)
12:12:35.282 [main] DEBUG io.github.bonigarcia.wdm.WebDriverManager - Driver chromedriver 101.0.4951.41 found in cache
12:12:35.283 [main] INFO io.github.bonigarcia.wdm.WebDriverManager - Exporting webdriver.chrome.driver as C:\Users\Rev\.cache\selenium\chromedriver\win32\101.0.4951.41\chromedriver.exe
12:12:35.413 [main] DEBUG net.serenitybdd.core.webdriver.driverproviders.ProvideNewDriver - Instantiating driver
12:12:35.413 [main] DEBUG net.serenitybdd.core.webdriver.driverproviders.ProvideNewDriver - Driver capabilities: Capabilities {acceptInsecureCerts: false, base.url: https://qa.alta.id, browserName: chrome, chrome.driver: webdriver/chromedriver.exe, driver: chrome, goog:chromeOptions: {args: [], extensions: []}}
12:12:35.581 [AsyncHttpClient-1-1] DEBUG org.asynchttpclient.netty.channel.DefaultChannelPool - Entry count for : http://localhost:59219 : 1
12:12:35.582 [AsyncHttpClient-1-1] DEBUG org.asynchttpclient.netty.channel.DefaultChannelPool - Adding Candidate expired Channel [id: 0x22e88b66, L:/127.0.0.1:49488 ! R:localhost/127.0.0.1:59219] isIdleTimeoutExpired=false isRemotelyClosed=true isTtlExpired=false
12:12:35.582 [AsyncHttpClient-1-1] DEBUG org.asynchttpclient.netty.channel.DefaultChannelPool - Closing Idle Channel [id: 0x22e88b66, L:/127.0.0.1:49488 ! R:localhost/127.0.0.1:59219]
12:12:35.582 [AsyncHttpClient-1-1] DEBUG org.asynchttpclient.netty.channel.DefaultChannelPool - Closed 1 connections out of 1 in 1 ms
12:12:35.627 [AsyncHttpClient-1-11] DEBUG org.asynchttpclient.netty.channel.NettyConnectListener - Using new Channel '[id: 0x06349e59, L:/127.0.0.1:49515 - R:localhost/127.0.0.1:60737]' for 'POST' to '/session'
12:12:36.784 [AsyncHttpClient-1-11] DEBUG org.asynchttpclient.netty.handler.HttpHandler - 

Request DefaultHttpRequest(decodeResult: success, version: HTTP/1.1)
POST /session HTTP/1.1
User-Agent: selenium/4.1.2 (java windows)
Content-Length: 565
Content-Type: application/json; charset=utf-8
host: localhost:60737
accept: */*

Response DefaultHttpResponse(decodeResult: success, version: HTTP/1.1)
HTTP/1.1 200 OK
Content-Type: application/json; charset=utf-8
cache-control: no-cache
content-length: 788

12:12:36.785 [AsyncHttpClient-1-11] DEBUG org.asynchttpclient.netty.channel.ChannelManager - Adding key: http://localhost:60737 for channel [id: 0x06349e59, L:/127.0.0.1:49515 - R:localhost/127.0.0.1:60737]
12:12:36.801 [AsyncHttpClient-1-12] DEBUG org.asynchttpclient.netty.channel.NettyConnectListener - Using new Channel '[id: 0xd01c2003, L:/127.0.0.1:49527 - R:localhost/127.0.0.1:49516]' for 'GET' to '/json/version'
12:12:36.810 [AsyncHttpClient-1-12] DEBUG org.asynchttpclient.netty.handler.HttpHandler - 

Request DefaultFullHttpRequest(decodeResult: success, version: HTTP/1.1, content: EmptyByteBufBE)
GET /json/version HTTP/1.1
User-Agent: selenium/4.1.2 (java windows)
host: localhost:49516
accept: */*

Response DefaultHttpResponse(decodeResult: success, version: HTTP/1.1)
HTTP/1.1 200 OK
Content-Type: application/json; charset=UTF-8
content-length: 427

12:12:36.810 [AsyncHttpClient-1-12] DEBUG org.asynchttpclient.netty.channel.ChannelManager - Adding key: http://localhost:49516 for channel [id: 0xd01c2003, L:/127.0.0.1:49527 - R:localhost/127.0.0.1:49516]
12:12:36.822 [AsyncHttpClient-1-13] DEBUG org.asynchttpclient.netty.channel.NettyConnectListener - Using new Channel '[id: 0xf139a075, L:/127.0.0.1:49528 - R:localhost/127.0.0.1:49516]' for 'GET' to '/devtools/browser/580d01cc-e71d-44c9-9899-b98713d55136'
12:12:36.829 [AsyncHttpClient-1-13] DEBUG org.asynchttpclient.netty.handler.WebSocketHandler - 

Request DefaultFullHttpRequest(decodeResult: success, version: HTTP/1.1, content: EmptyByteBufBE)
GET /devtools/browser/580d01cc-e71d-44c9-9899-b98713d55136 HTTP/1.1
upgrade: websocket
connection: upgrade
sec-websocket-key: fcbmSz+hAldBUgNB6kQ7HQ==
sec-websocket-version: 13
origin: http://localhost:49516
host: localhost:49516
accept: */*
user-agent: AHC/2.1

Response DefaultHttpResponse(decodeResult: success, version: HTTP/1.1)
HTTP/1.1 101 WebSocket Protocol Handshake
Upgrade: WebSocket
Connection: Upgrade
Sec-WebSocket-Accept: 20dVeptHCdJJ5DFPR6XgrlxrUvE=

12:12:36.834 [Forwarding get on session 26fb44b34cfd0a126dbb891fb941aaa6 to remote] DEBUG org.asynchttpclient.netty.request.NettyRequestSender - Using pooled Channel '[id: 0x06349e59, L:/127.0.0.1:49515 - R:localhost/127.0.0.1:60737]' for 'POST' to 'http://localhost:60737/session/26fb44b34cfd0a126dbb891fb941aaa6/url'
12:12:36.834 [Forwarding get on session 26fb44b34cfd0a126dbb891fb941aaa6 to remote] DEBUG org.asynchttpclient.netty.request.NettyRequestSender - Using open Channel [id: 0x06349e59, L:/127.0.0.1:49515 - R:localhost/127.0.0.1:60737] for POST '/session/26fb44b34cfd0a126dbb891fb941aaa6/url'
12:12:37.394 [AsyncHttpClient-1-11] DEBUG org.asynchttpclient.netty.handler.HttpHandler - 

Request DefaultHttpRequest(decodeResult: success, version: HTTP/1.1)
POST /session/26fb44b34cfd0a126dbb891fb941aaa6/url HTTP/1.1
User-Agent: selenium/4.1.2 (java windows)
Content-Length: 43
Content-Type: application/json; charset=utf-8
host: localhost:60737
accept: */*

Response DefaultHttpResponse(decodeResult: success, version: HTTP/1.1)
HTTP/1.1 200 OK
Content-Type: application/json; charset=utf-8
cache-control: no-cache
content-length: 14

12:12:37.394 [AsyncHttpClient-1-11] DEBUG org.asynchttpclient.netty.channel.ChannelManager - Adding key: http://localhost:60737 for channel [id: 0x06349e59, L:/127.0.0.1:49515 - R:localhost/127.0.0.1:60737]
12:12:37.396 [Forwarding setTimeout on session 26fb44b34cfd0a126dbb891fb941aaa6 to remote] DEBUG org.asynchttpclient.netty.request.NettyRequestSender - Using pooled Channel '[id: 0x06349e59, L:/127.0.0.1:49515 - R:localhost/127.0.0.1:60737]' for 'POST' to 'http://localhost:60737/session/26fb44b34cfd0a126dbb891fb941aaa6/timeouts'
12:12:37.396 [Forwarding setTimeout on session 26fb44b34cfd0a126dbb891fb941aaa6 to remote] DEBUG org.asynchttpclient.netty.request.NettyRequestSender - Using open Channel [id: 0x06349e59, L:/127.0.0.1:49515 - R:localhost/127.0.0.1:60737] for POST '/session/26fb44b34cfd0a126dbb891fb941aaa6/timeouts'
12:12:37.407 [AsyncHttpClient-1-11] DEBUG org.asynchttpclient.netty.handler.HttpHandler - 

Request DefaultHttpRequest(decodeResult: success, version: HTTP/1.1)
POST /session/26fb44b34cfd0a126dbb891fb941aaa6/timeouts HTTP/1.1
User-Agent: selenium/4.1.2 (java windows)
Content-Length: 22
Content-Type: application/json; charset=utf-8
host: localhost:60737
accept: */*

Response DefaultHttpResponse(decodeResult: success, version: HTTP/1.1)
HTTP/1.1 200 OK
Content-Type: application/json; charset=utf-8
cache-control: no-cache
content-length: 14

12:12:37.407 [AsyncHttpClient-1-11] DEBUG org.asynchttpclient.netty.channel.ChannelManager - Adding key: http://localhost:60737 for channel [id: 0x06349e59, L:/127.0.0.1:49515 - R:localhost/127.0.0.1:60737]
12:12:37.410 [Forwarding getCurrentUrl on session 26fb44b34cfd0a126dbb891fb941aaa6 to remote] DEBUG org.asynchttpclient.netty.request.NettyRequestSender - Using pooled Channel '[id: 0x06349e59, L:/127.0.0.1:49515 - R:localhost/127.0.0.1:60737]' for 'GET' to 'http://localhost:60737/session/26fb44b34cfd0a126dbb891fb941aaa6/url'
12:12:37.410 [Forwarding getCurrentUrl on session 26fb44b34cfd0a126dbb891fb941aaa6 to remote] DEBUG org.asynchttpclient.netty.request.NettyRequestSender - Using open Channel [id: 0x06349e59, L:/127.0.0.1:49515 - R:localhost/127.0.0.1:60737] for GET '/session/26fb44b34cfd0a126dbb891fb941aaa6/url'
12:12:37.424 [AsyncHttpClient-1-11] DEBUG org.asynchttpclient.netty.handler.HttpHandler - 

Request DefaultFullHttpRequest(decodeResult: success, version: HTTP/1.1, content: EmptyByteBufBE)
GET /session/26fb44b34cfd0a126dbb891fb941aaa6/url HTTP/1.1
User-Agent: selenium/4.1.2 (java windows)
Cache-Control: no-cache
Content-Type: application/json; charset=utf-8
host: localhost:60737
accept: */*

Response DefaultHttpResponse(decodeResult: success, version: HTTP/1.1)
HTTP/1.1 200 OK
Content-Type: application/json; charset=utf-8
cache-control: no-cache
content-length: 31

12:12:37.424 [AsyncHttpClient-1-11] DEBUG org.asynchttpclient.netty.channel.ChannelManager - Adding key: http://localhost:60737 for channel [id: 0x06349e59, L:/127.0.0.1:49515 - R:localhost/127.0.0.1:60737]
12:12:37.427 [Forwarding getCurrentUrl on session 26fb44b34cfd0a126dbb891fb941aaa6 to remote] DEBUG org.asynchttpclient.netty.request.NettyRequestSender - Using pooled Channel '[id: 0x06349e59, L:/127.0.0.1:49515 - R:localhost/127.0.0.1:60737]' for 'GET' to 'http://localhost:60737/session/26fb44b34cfd0a126dbb891fb941aaa6/url'
12:12:37.427 [Forwarding getCurrentUrl on session 26fb44b34cfd0a126dbb891fb941aaa6 to remote] DEBUG org.asynchttpclient.netty.request.NettyRequestSender - Using open Channel [id: 0x06349e59, L:/127.0.0.1:49515 - R:localhost/127.0.0.1:60737] for GET '/session/26fb44b34cfd0a126dbb891fb941aaa6/url'
12:12:37.439 [AsyncHttpClient-1-11] DEBUG org.asynchttpclient.netty.handler.HttpHandler - 

Request DefaultFullHttpRequest(decodeResult: success, version: HTTP/1.1, content: EmptyByteBufBE)
GET /session/26fb44b34cfd0a126dbb891fb941aaa6/url HTTP/1.1
User-Agent: selenium/4.1.2 (java windows)
Cache-Control: no-cache
Content-Type: application/json; charset=utf-8
host: localhost:60737
accept: */*

Response DefaultHttpResponse(decodeResult: success, version: HTTP/1.1)
HTTP/1.1 200 OK
Content-Type: application/json; charset=utf-8
cache-control: no-cache
content-length: 31

12:12:37.439 [AsyncHttpClient-1-11] DEBUG org.asynchttpclient.netty.channel.ChannelManager - Adding key: http://localhost:60737 for channel [id: 0x06349e59, L:/127.0.0.1:49515 - R:localhost/127.0.0.1:60737]
12:12:37.444 [main] DEBUG net.serenitybdd.core.photography.Darkroom - Opening darkroom
12:12:37.445 [Forwarding screenshot on session 26fb44b34cfd0a126dbb891fb941aaa6 to remote] DEBUG org.asynchttpclient.netty.request.NettyRequestSender - Using pooled Channel '[id: 0x06349e59, L:/127.0.0.1:49515 - R:localhost/127.0.0.1:60737]' for 'GET' to 'http://localhost:60737/session/26fb44b34cfd0a126dbb891fb941aaa6/screenshot'
12:12:37.445 [Forwarding screenshot on session 26fb44b34cfd0a126dbb891fb941aaa6 to remote] DEBUG org.asynchttpclient.netty.request.NettyRequestSender - Using open Channel [id: 0x06349e59, L:/127.0.0.1:49515 - R:localhost/127.0.0.1:60737] for GET '/session/26fb44b34cfd0a126dbb891fb941aaa6/screenshot'
12:12:37.447 [Darkroom Processing Line] DEBUG net.serenitybdd.core.photography.DarkroomProcessingLine - Darkroom processing line starting up
12:12:37.782 [AsyncHttpClient-1-1] DEBUG org.asynchttpclient.netty.channel.DefaultChannelPool - Entry count for : http://localhost:49516 : 1
12:12:38.316 [AsyncHttpClient-1-11] DEBUG org.asynchttpclient.netty.handler.HttpHandler - 

Request DefaultFullHttpRequest(decodeResult: success, version: HTTP/1.1, content: EmptyByteBufBE)
GET /session/26fb44b34cfd0a126dbb891fb941aaa6/screenshot HTTP/1.1
User-Agent: selenium/4.1.2 (java windows)
Cache-Control: no-cache
Content-Type: application/json; charset=utf-8
host: localhost:60737
accept: */*

Response DefaultHttpResponse(decodeResult: success, version: HTTP/1.1)
HTTP/1.1 200 OK
Content-Type: application/json; charset=utf-8
cache-control: no-cache
content-length: 62216

12:12:38.317 [AsyncHttpClient-1-11] DEBUG org.asynchttpclient.netty.channel.ChannelManager - Adding key: http://localhost:60737 for channel [id: 0x06349e59, L:/127.0.0.1:49515 - R:localhost/127.0.0.1:60737]
12:12:38.319 [main] DEBUG net.serenitybdd.core.photography.Darkroom - Send negative for processing for target\site\serenity\5320a82275251c60efc748d741a19e517d5b0788e778bf86039494f1361bc915.png
12:12:38.320 [main] DEBUG net.thucydides.core.steps.StepInterceptor - STEP DONE: openPage
12:12:38.325 [main] DEBUG net.thucydides.core.steps.StepInterceptor - STARTING STEP: RegisterSteps.ontheLoginPage - clickLoginIcon
12:12:38.328 [Forwarding findElement on session 26fb44b34cfd0a126dbb891fb941aaa6 to remote] DEBUG org.asynchttpclient.netty.request.NettyRequestSender - Using pooled Channel '[id: 0x06349e59, L:/127.0.0.1:49515 - R:localhost/127.0.0.1:60737]' for 'POST' to 'http://localhost:60737/session/26fb44b34cfd0a126dbb891fb941aaa6/element'
12:12:38.328 [Forwarding findElement on session 26fb44b34cfd0a126dbb891fb941aaa6 to remote] DEBUG org.asynchttpclient.netty.request.NettyRequestSender - Using open Channel [id: 0x06349e59, L:/127.0.0.1:49515 - R:localhost/127.0.0.1:60737] for POST '/session/26fb44b34cfd0a126dbb891fb941aaa6/element'
12:12:38.343 [AsyncHttpClient-1-11] DEBUG org.asynchttpclient.netty.handler.HttpHandler - 

Request DefaultHttpRequest(decodeResult: success, version: HTTP/1.1)
POST /session/26fb44b34cfd0a126dbb891fb941aaa6/element HTTP/1.1
User-Agent: selenium/4.1.2 (java windows)
Content-Length: 139
Content-Type: application/json; charset=utf-8
host: localhost:60737
accept: */*

Response DefaultHttpResponse(decodeResult: success, version: HTTP/1.1)
HTTP/1.1 200 OK
Content-Type: application/json; charset=utf-8
cache-control: no-cache
content-length: 88

12:12:38.343 [AsyncHttpClient-1-11] DEBUG org.asynchttpclient.netty.channel.ChannelManager - Adding key: http://localhost:60737 for channel [id: 0x06349e59, L:/127.0.0.1:49515 - R:localhost/127.0.0.1:60737]
12:12:38.345 [Forwarding getElementTagName on session 26fb44b34cfd0a126dbb891fb941aaa6 to remote] DEBUG org.asynchttpclient.netty.request.NettyRequestSender - Using pooled Channel '[id: 0x06349e59, L:/127.0.0.1:49515 - R:localhost/127.0.0.1:60737]' for 'GET' to 'http://localhost:60737/session/26fb44b34cfd0a126dbb891fb941aaa6/element/6172c353-b4b3-43c4-aa09-eaf425257041/name'
12:12:38.345 [Forwarding getElementTagName on session 26fb44b34cfd0a126dbb891fb941aaa6 to remote] DEBUG org.asynchttpclient.netty.request.NettyRequestSender - Using open Channel [id: 0x06349e59, L:/127.0.0.1:49515 - R:localhost/127.0.0.1:60737] for GET '/session/26fb44b34cfd0a126dbb891fb941aaa6/element/6172c353-b4b3-43c4-aa09-eaf425257041/name'
12:12:38.352 [AsyncHttpClient-1-11] DEBUG org.asynchttpclient.netty.handler.HttpHandler - 

Request DefaultFullHttpRequest(decodeResult: success, version: HTTP/1.1, content: EmptyByteBufBE)
GET /session/26fb44b34cfd0a126dbb891fb941aaa6/element/6172c353-b4b3-43c4-aa09-eaf425257041/name HTTP/1.1
User-Agent: selenium/4.1.2 (java windows)
Cache-Control: no-cache
Content-Type: application/json; charset=utf-8
host: localhost:60737
accept: */*

Response DefaultHttpResponse(decodeResult: success, version: HTTP/1.1)
HTTP/1.1 200 OK
Content-Type: application/json; charset=utf-8
cache-control: no-cache
content-length: 18

12:12:38.352 [AsyncHttpClient-1-11] DEBUG org.asynchttpclient.netty.channel.ChannelManager - Adding key: http://localhost:60737 for channel [id: 0x06349e59, L:/127.0.0.1:49515 - R:localhost/127.0.0.1:60737]
12:12:38.354 [Forwarding getElementTagName on session 26fb44b34cfd0a126dbb891fb941aaa6 to remote] DEBUG org.asynchttpclient.netty.request.NettyRequestSender - Using pooled Channel '[id: 0x06349e59, L:/127.0.0.1:49515 - R:localhost/127.0.0.1:60737]' for 'GET' to 'http://localhost:60737/session/26fb44b34cfd0a126dbb891fb941aaa6/element/6172c353-b4b3-43c4-aa09-eaf425257041/name'
12:12:38.354 [Forwarding getElementTagName on session 26fb44b34cfd0a126dbb891fb941aaa6 to remote] DEBUG org.asynchttpclient.netty.request.NettyRequestSender - Using open Channel [id: 0x06349e59, L:/127.0.0.1:49515 - R:localhost/127.0.0.1:60737] for GET '/session/26fb44b34cfd0a126dbb891fb941aaa6/element/6172c353-b4b3-43c4-aa09-eaf425257041/name'
12:12:38.361 [AsyncHttpClient-1-11] DEBUG org.asynchttpclient.netty.handler.HttpHandler - 

Request DefaultFullHttpRequest(decodeResult: success, version: HTTP/1.1, content: EmptyByteBufBE)
GET /session/26fb44b34cfd0a126dbb891fb941aaa6/element/6172c353-b4b3-43c4-aa09-eaf425257041/name HTTP/1.1
User-Agent: selenium/4.1.2 (java windows)
Cache-Control: no-cache
Content-Type: application/json; charset=utf-8
host: localhost:60737
accept: */*

Response DefaultHttpResponse(decodeResult: success, version: HTTP/1.1)
HTTP/1.1 200 OK
Content-Type: application/json; charset=utf-8
cache-control: no-cache
content-length: 18

12:12:38.361 [AsyncHttpClient-1-11] DEBUG org.asynchttpclient.netty.channel.ChannelManager - Adding key: http://localhost:60737 for channel [id: 0x06349e59, L:/127.0.0.1:49515 - R:localhost/127.0.0.1:60737]
12:12:38.364 [Forwarding isElementEnabled on session 26fb44b34cfd0a126dbb891fb941aaa6 to remote] DEBUG org.asynchttpclient.netty.request.NettyRequestSender - Using pooled Channel '[id: 0x06349e59, L:/127.0.0.1:49515 - R:localhost/127.0.0.1:60737]' for 'GET' to 'http://localhost:60737/session/26fb44b34cfd0a126dbb891fb941aaa6/element/6172c353-b4b3-43c4-aa09-eaf425257041/enabled'
12:12:38.364 [Forwarding isElementEnabled on session 26fb44b34cfd0a126dbb891fb941aaa6 to remote] DEBUG org.asynchttpclient.netty.request.NettyRequestSender - Using open Channel [id: 0x06349e59, L:/127.0.0.1:49515 - R:localhost/127.0.0.1:60737] for GET '/session/26fb44b34cfd0a126dbb891fb941aaa6/element/6172c353-b4b3-43c4-aa09-eaf425257041/enabled'
12:12:38.375 [AsyncHttpClient-1-11] DEBUG org.asynchttpclient.netty.handler.HttpHandler - 

Request DefaultFullHttpRequest(decodeResult: success, version: HTTP/1.1, content: EmptyByteBufBE)
GET /session/26fb44b34cfd0a126dbb891fb941aaa6/element/6172c353-b4b3-43c4-aa09-eaf425257041/enabled HTTP/1.1
User-Agent: selenium/4.1.2 (java windows)
Cache-Control: no-cache
Content-Type: application/json; charset=utf-8
host: localhost:60737
accept: */*

Response DefaultHttpResponse(decodeResult: success, version: HTTP/1.1)
HTTP/1.1 200 OK
Content-Type: application/json; charset=utf-8
cache-control: no-cache
content-length: 14

12:12:38.375 [AsyncHttpClient-1-11] DEBUG org.asynchttpclient.netty.channel.ChannelManager - Adding key: http://localhost:60737 for channel [id: 0x06349e59, L:/127.0.0.1:49515 - R:localhost/127.0.0.1:60737]
12:12:38.377 [Forwarding isElementEnabled on session 26fb44b34cfd0a126dbb891fb941aaa6 to remote] DEBUG org.asynchttpclient.netty.request.NettyRequestSender - Using pooled Channel '[id: 0x06349e59, L:/127.0.0.1:49515 - R:localhost/127.0.0.1:60737]' for 'GET' to 'http://localhost:60737/session/26fb44b34cfd0a126dbb891fb941aaa6/element/6172c353-b4b3-43c4-aa09-eaf425257041/enabled'
12:12:38.377 [Forwarding isElementEnabled on session 26fb44b34cfd0a126dbb891fb941aaa6 to remote] DEBUG org.asynchttpclient.netty.request.NettyRequestSender - Using open Channel [id: 0x06349e59, L:/127.0.0.1:49515 - R:localhost/127.0.0.1:60737] for GET '/session/26fb44b34cfd0a126dbb891fb941aaa6/element/6172c353-b4b3-43c4-aa09-eaf425257041/enabled'
12:12:38.387 [AsyncHttpClient-1-11] DEBUG org.asynchttpclient.netty.handler.HttpHandler - 

Request DefaultFullHttpRequest(decodeResult: success, version: HTTP/1.1, content: EmptyByteBufBE)
GET /session/26fb44b34cfd0a126dbb891fb941aaa6/element/6172c353-b4b3-43c4-aa09-eaf425257041/enabled HTTP/1.1
User-Agent: selenium/4.1.2 (java windows)
Cache-Control: no-cache
Content-Type: application/json; charset=utf-8
host: localhost:60737
accept: */*

Response DefaultHttpResponse(decodeResult: success, version: HTTP/1.1)
HTTP/1.1 200 OK
Content-Type: application/json; charset=utf-8
cache-control: no-cache
content-length: 14

12:12:38.388 [AsyncHttpClient-1-11] DEBUG org.asynchttpclient.netty.channel.ChannelManager - Adding key: http://localhost:60737 for channel [id: 0x06349e59, L:/127.0.0.1:49515 - R:localhost/127.0.0.1:60737]
12:12:38.390 [Forwarding findElement on session 26fb44b34cfd0a126dbb891fb941aaa6 to remote] DEBUG org.asynchttpclient.netty.request.NettyRequestSender - Using pooled Channel '[id: 0x06349e59, L:/127.0.0.1:49515 - R:localhost/127.0.0.1:60737]' for 'POST' to 'http://localhost:60737/session/26fb44b34cfd0a126dbb891fb941aaa6/element'
12:12:38.390 [Forwarding findElement on session 26fb44b34cfd0a126dbb891fb941aaa6 to remote] DEBUG org.asynchttpclient.netty.request.NettyRequestSender - Using open Channel [id: 0x06349e59, L:/127.0.0.1:49515 - R:localhost/127.0.0.1:60737] for POST '/session/26fb44b34cfd0a126dbb891fb941aaa6/element'
12:12:38.403 [AsyncHttpClient-1-11] DEBUG org.asynchttpclient.netty.handler.HttpHandler - 

Request DefaultHttpRequest(decodeResult: success, version: HTTP/1.1)
POST /session/26fb44b34cfd0a126dbb891fb941aaa6/element HTTP/1.1
User-Agent: selenium/4.1.2 (java windows)
Content-Length: 139
Content-Type: application/json; charset=utf-8
host: localhost:60737
accept: */*

Response DefaultHttpResponse(decodeResult: success, version: HTTP/1.1)
HTTP/1.1 200 OK
Content-Type: application/json; charset=utf-8
cache-control: no-cache
content-length: 88

12:12:38.404 [AsyncHttpClient-1-11] DEBUG org.asynchttpclient.netty.channel.ChannelManager - Adding key: http://localhost:60737 for channel [id: 0x06349e59, L:/127.0.0.1:49515 - R:localhost/127.0.0.1:60737]
12:12:38.405 [Forwarding clickElement on session 26fb44b34cfd0a126dbb891fb941aaa6 to remote] DEBUG org.asynchttpclient.netty.request.NettyRequestSender - Using pooled Channel '[id: 0x06349e59, L:/127.0.0.1:49515 - R:localhost/127.0.0.1:60737]' for 'POST' to 'http://localhost:60737/session/26fb44b34cfd0a126dbb891fb941aaa6/element/6172c353-b4b3-43c4-aa09-eaf425257041/click'
12:12:38.405 [Forwarding clickElement on session 26fb44b34cfd0a126dbb891fb941aaa6 to remote] DEBUG org.asynchttpclient.netty.request.NettyRequestSender - Using open Channel [id: 0x06349e59, L:/127.0.0.1:49515 - R:localhost/127.0.0.1:60737] for POST '/session/26fb44b34cfd0a126dbb891fb941aaa6/element/6172c353-b4b3-43c4-aa09-eaf425257041/click'
12:12:38.449 [AsyncHttpClient-1-11] DEBUG org.asynchttpclient.netty.handler.HttpHandler - 

Request DefaultHttpRequest(decodeResult: success, version: HTTP/1.1)
POST /session/26fb44b34cfd0a126dbb891fb941aaa6/element/6172c353-b4b3-43c4-aa09-eaf425257041/click HTTP/1.1
User-Agent: selenium/4.1.2 (java windows)
Content-Length: 50
Content-Type: application/json; charset=utf-8
host: localhost:60737
accept: */*

Response DefaultHttpResponse(decodeResult: success, version: HTTP/1.1)
HTTP/1.1 200 OK
Content-Type: application/json; charset=utf-8
cache-control: no-cache
content-length: 14

12:12:38.449 [AsyncHttpClient-1-11] DEBUG org.asynchttpclient.netty.channel.ChannelManager - Adding key: http://localhost:60737 for channel [id: 0x06349e59, L:/127.0.0.1:49515 - R:localhost/127.0.0.1:60737]
12:12:38.456 [Forwarding screenshot on session 26fb44b34cfd0a126dbb891fb941aaa6 to remote] DEBUG org.asynchttpclient.netty.request.NettyRequestSender - Using pooled Channel '[id: 0x06349e59, L:/127.0.0.1:49515 - R:localhost/127.0.0.1:60737]' for 'GET' to 'http://localhost:60737/session/26fb44b34cfd0a126dbb891fb941aaa6/screenshot'
12:12:38.456 [Forwarding screenshot on session 26fb44b34cfd0a126dbb891fb941aaa6 to remote] DEBUG org.asynchttpclient.netty.request.NettyRequestSender - Using open Channel [id: 0x06349e59, L:/127.0.0.1:49515 - R:localhost/127.0.0.1:60737] for GET '/session/26fb44b34cfd0a126dbb891fb941aaa6/screenshot'
12:12:38.791 [AsyncHttpClient-1-11] DEBUG org.asynchttpclient.netty.handler.HttpHandler - 

Request DefaultFullHttpRequest(decodeResult: success, version: HTTP/1.1, content: EmptyByteBufBE)
GET /session/26fb44b34cfd0a126dbb891fb941aaa6/screenshot HTTP/1.1
User-Agent: selenium/4.1.2 (java windows)
Cache-Control: no-cache
Content-Type: application/json; charset=utf-8
host: localhost:60737
accept: */*

Response DefaultHttpResponse(decodeResult: success, version: HTTP/1.1)
HTTP/1.1 200 OK
Content-Type: application/json; charset=utf-8
cache-control: no-cache
content-length: 26128

12:12:38.792 [AsyncHttpClient-1-11] DEBUG org.asynchttpclient.netty.channel.ChannelManager - Adding key: http://localhost:60737 for channel [id: 0x06349e59, L:/127.0.0.1:49515 - R:localhost/127.0.0.1:60737]
12:12:38.793 [main] DEBUG net.serenitybdd.core.photography.Darkroom - Send negative for processing for target\site\serenity\e45e41ed291a3d9e98df0d8c18be0f21d9bbb8a02cdbbaac6866d75f7cfbc5a8.png
12:12:38.794 [main] DEBUG net.thucydides.core.steps.StepInterceptor - STEP DONE: clickLoginIcon
12:12:38.794 [Darkroom Processing Line] DEBUG net.serenitybdd.core.photography.DarkroomProcessingLine - Processing screenshot image in /var/screenshots/screenshot-14454763356718096274
12:12:38.794 [Darkroom Processing Line] DEBUG net.serenitybdd.core.photography.DarkroomProcessingLine - Saving screenshot to target\site\serenity\e45e41ed291a3d9e98df0d8c18be0f21d9bbb8a02cdbbaac6866d75f7cfbc5a8.png
12:12:38.799 [main] DEBUG net.thucydides.core.steps.StepInterceptor - STARTING STEP: RegisterSteps.ontheLoginPage - clickRegister
12:12:38.802 [Forwarding findElement on session 26fb44b34cfd0a126dbb891fb941aaa6 to remote] DEBUG org.asynchttpclient.netty.request.NettyRequestSender - Using pooled Channel '[id: 0x06349e59, L:/127.0.0.1:49515 - R:localhost/127.0.0.1:60737]' for 'POST' to 'http://localhost:60737/session/26fb44b34cfd0a126dbb891fb941aaa6/element'
12:12:38.802 [Forwarding findElement on session 26fb44b34cfd0a126dbb891fb941aaa6 to remote] DEBUG org.asynchttpclient.netty.request.NettyRequestSender - Using open Channel [id: 0x06349e59, L:/127.0.0.1:49515 - R:localhost/127.0.0.1:60737] for POST '/session/26fb44b34cfd0a126dbb891fb941aaa6/element'
12:12:38.821 [AsyncHttpClient-1-11] DEBUG org.asynchttpclient.netty.handler.HttpHandler - 

Request DefaultHttpRequest(decodeResult: success, version: HTTP/1.1)
POST /session/26fb44b34cfd0a126dbb891fb941aaa6/element HTTP/1.1
User-Agent: selenium/4.1.2 (java windows)
Content-Length: 79
Content-Type: application/json; charset=utf-8
host: localhost:60737
accept: */*

Response DefaultHttpResponse(decodeResult: success, version: HTTP/1.1)
HTTP/1.1 200 OK
Content-Type: application/json; charset=utf-8
cache-control: no-cache
content-length: 88

12:12:38.821 [AsyncHttpClient-1-11] DEBUG org.asynchttpclient.netty.channel.ChannelManager - Adding key: http://localhost:60737 for channel [id: 0x06349e59, L:/127.0.0.1:49515 - R:localhost/127.0.0.1:60737]
12:12:38.823 [Forwarding getElementTagName on session 26fb44b34cfd0a126dbb891fb941aaa6 to remote] DEBUG org.asynchttpclient.netty.request.NettyRequestSender - Using pooled Channel '[id: 0x06349e59, L:/127.0.0.1:49515 - R:localhost/127.0.0.1:60737]' for 'GET' to 'http://localhost:60737/session/26fb44b34cfd0a126dbb891fb941aaa6/element/e7a08951-4813-4c9e-80e6-e247b2854577/name'
12:12:38.823 [Forwarding getElementTagName on session 26fb44b34cfd0a126dbb891fb941aaa6 to remote] DEBUG org.asynchttpclient.netty.request.NettyRequestSender - Using open Channel [id: 0x06349e59, L:/127.0.0.1:49515 - R:localhost/127.0.0.1:60737] for GET '/session/26fb44b34cfd0a126dbb891fb941aaa6/element/e7a08951-4813-4c9e-80e6-e247b2854577/name'
12:12:38.838 [AsyncHttpClient-1-11] DEBUG org.asynchttpclient.netty.handler.HttpHandler - 

Request DefaultFullHttpRequest(decodeResult: success, version: HTTP/1.1, content: EmptyByteBufBE)
GET /session/26fb44b34cfd0a126dbb891fb941aaa6/element/e7a08951-4813-4c9e-80e6-e247b2854577/name HTTP/1.1
User-Agent: selenium/4.1.2 (java windows)
Cache-Control: no-cache
Content-Type: application/json; charset=utf-8
host: localhost:60737
accept: */*

Response DefaultHttpResponse(decodeResult: success, version: HTTP/1.1)
HTTP/1.1 200 OK
Content-Type: application/json; charset=utf-8
cache-control: no-cache
content-length: 13

12:12:38.838 [AsyncHttpClient-1-11] DEBUG org.asynchttpclient.netty.channel.ChannelManager - Adding key: http://localhost:60737 for channel [id: 0x06349e59, L:/127.0.0.1:49515 - R:localhost/127.0.0.1:60737]
12:12:38.840 [Forwarding getElementTagName on session 26fb44b34cfd0a126dbb891fb941aaa6 to remote] DEBUG org.asynchttpclient.netty.request.NettyRequestSender - Using pooled Channel '[id: 0x06349e59, L:/127.0.0.1:49515 - R:localhost/127.0.0.1:60737]' for 'GET' to 'http://localhost:60737/session/26fb44b34cfd0a126dbb891fb941aaa6/element/e7a08951-4813-4c9e-80e6-e247b2854577/name'
12:12:38.840 [Forwarding getElementTagName on session 26fb44b34cfd0a126dbb891fb941aaa6 to remote] DEBUG org.asynchttpclient.netty.request.NettyRequestSender - Using open Channel [id: 0x06349e59, L:/127.0.0.1:49515 - R:localhost/127.0.0.1:60737] for GET '/session/26fb44b34cfd0a126dbb891fb941aaa6/element/e7a08951-4813-4c9e-80e6-e247b2854577/name'
12:12:38.851 [AsyncHttpClient-1-11] DEBUG org.asynchttpclient.netty.handler.HttpHandler - 

Request DefaultFullHttpRequest(decodeResult: success, version: HTTP/1.1, content: EmptyByteBufBE)
GET /session/26fb44b34cfd0a126dbb891fb941aaa6/element/e7a08951-4813-4c9e-80e6-e247b2854577/name HTTP/1.1
User-Agent: selenium/4.1.2 (java windows)
Cache-Control: no-cache
Content-Type: application/json; charset=utf-8
host: localhost:60737
accept: */*

Response DefaultHttpResponse(decodeResult: success, version: HTTP/1.1)
HTTP/1.1 200 OK
Content-Type: application/json; charset=utf-8
cache-control: no-cache
content-length: 13

12:12:38.851 [AsyncHttpClient-1-11] DEBUG org.asynchttpclient.netty.channel.ChannelManager - Adding key: http://localhost:60737 for channel [id: 0x06349e59, L:/127.0.0.1:49515 - R:localhost/127.0.0.1:60737]
12:12:38.853 [Forwarding findElement on session 26fb44b34cfd0a126dbb891fb941aaa6 to remote] DEBUG org.asynchttpclient.netty.request.NettyRequestSender - Using pooled Channel '[id: 0x06349e59, L:/127.0.0.1:49515 - R:localhost/127.0.0.1:60737]' for 'POST' to 'http://localhost:60737/session/26fb44b34cfd0a126dbb891fb941aaa6/element'
12:12:38.854 [Forwarding findElement on session 26fb44b34cfd0a126dbb891fb941aaa6 to remote] DEBUG org.asynchttpclient.netty.request.NettyRequestSender - Using open Channel [id: 0x06349e59, L:/127.0.0.1:49515 - R:localhost/127.0.0.1:60737] for POST '/session/26fb44b34cfd0a126dbb891fb941aaa6/element'
12:12:38.874 [AsyncHttpClient-1-11] DEBUG org.asynchttpclient.netty.handler.HttpHandler - 

Request DefaultHttpRequest(decodeResult: success, version: HTTP/1.1)
POST /session/26fb44b34cfd0a126dbb891fb941aaa6/element HTTP/1.1
User-Agent: selenium/4.1.2 (java windows)
Content-Length: 79
Content-Type: application/json; charset=utf-8
host: localhost:60737
accept: */*

Response DefaultHttpResponse(decodeResult: success, version: HTTP/1.1)
HTTP/1.1 200 OK
Content-Type: application/json; charset=utf-8
cache-control: no-cache
content-length: 88

12:12:38.875 [AsyncHttpClient-1-11] DEBUG org.asynchttpclient.netty.channel.ChannelManager - Adding key: http://localhost:60737 for channel [id: 0x06349e59, L:/127.0.0.1:49515 - R:localhost/127.0.0.1:60737]
12:12:38.876 [Forwarding clickElement on session 26fb44b34cfd0a126dbb891fb941aaa6 to remote] DEBUG org.asynchttpclient.netty.request.NettyRequestSender - Using pooled Channel '[id: 0x06349e59, L:/127.0.0.1:49515 - R:localhost/127.0.0.1:60737]' for 'POST' to 'http://localhost:60737/session/26fb44b34cfd0a126dbb891fb941aaa6/element/e7a08951-4813-4c9e-80e6-e247b2854577/click'
12:12:38.876 [Forwarding clickElement on session 26fb44b34cfd0a126dbb891fb941aaa6 to remote] DEBUG org.asynchttpclient.netty.request.NettyRequestSender - Using open Channel [id: 0x06349e59, L:/127.0.0.1:49515 - R:localhost/127.0.0.1:60737] for POST '/session/26fb44b34cfd0a126dbb891fb941aaa6/element/e7a08951-4813-4c9e-80e6-e247b2854577/click'
12:12:38.886 [AsyncHttpClient-1-1] DEBUG org.asynchttpclient.netty.channel.DefaultChannelPool - Entry count for : http://localhost:49516 : 1
12:12:38.950 [AsyncHttpClient-1-11] DEBUG org.asynchttpclient.netty.handler.HttpHandler - 

Request DefaultHttpRequest(decodeResult: success, version: HTTP/1.1)
POST /session/26fb44b34cfd0a126dbb891fb941aaa6/element/e7a08951-4813-4c9e-80e6-e247b2854577/click HTTP/1.1
User-Agent: selenium/4.1.2 (java windows)
Content-Length: 50
Content-Type: application/json; charset=utf-8
host: localhost:60737
accept: */*

Response DefaultHttpResponse(decodeResult: success, version: HTTP/1.1)
HTTP/1.1 200 OK
Content-Type: application/json; charset=utf-8
cache-control: no-cache
content-length: 14

12:12:38.951 [AsyncHttpClient-1-11] DEBUG org.asynchttpclient.netty.channel.ChannelManager - Adding key: http://localhost:60737 for channel [id: 0x06349e59, L:/127.0.0.1:49515 - R:localhost/127.0.0.1:60737]
12:12:38.958 [Forwarding screenshot on session 26fb44b34cfd0a126dbb891fb941aaa6 to remote] DEBUG org.asynchttpclient.netty.request.NettyRequestSender - Using pooled Channel '[id: 0x06349e59, L:/127.0.0.1:49515 - R:localhost/127.0.0.1:60737]' for 'GET' to 'http://localhost:60737/session/26fb44b34cfd0a126dbb891fb941aaa6/screenshot'
12:12:38.958 [Forwarding screenshot on session 26fb44b34cfd0a126dbb891fb941aaa6 to remote] DEBUG org.asynchttpclient.netty.request.NettyRequestSender - Using open Channel [id: 0x06349e59, L:/127.0.0.1:49515 - R:localhost/127.0.0.1:60737] for GET '/session/26fb44b34cfd0a126dbb891fb941aaa6/screenshot'
12:12:39.131 [AsyncHttpClient-1-11] DEBUG org.asynchttpclient.netty.handler.HttpHandler - 

Request DefaultFullHttpRequest(decodeResult: success, version: HTTP/1.1, content: EmptyByteBufBE)
GET /session/26fb44b34cfd0a126dbb891fb941aaa6/screenshot HTTP/1.1
User-Agent: selenium/4.1.2 (java windows)
Cache-Control: no-cache
Content-Type: application/json; charset=utf-8
host: localhost:60737
accept: */*

Response DefaultHttpResponse(decodeResult: success, version: HTTP/1.1)
HTTP/1.1 200 OK
Content-Type: application/json; charset=utf-8
cache-control: no-cache
content-length: 30644

12:12:39.131 [AsyncHttpClient-1-11] DEBUG org.asynchttpclient.netty.channel.ChannelManager - Adding key: http://localhost:60737 for channel [id: 0x06349e59, L:/127.0.0.1:49515 - R:localhost/127.0.0.1:60737]
12:12:39.133 [main] DEBUG net.serenitybdd.core.photography.Darkroom - Send negative for processing for target\site\serenity\b0d94db96b6e536bf0c143c40cd6444aaea218ffa64006a4cafa89a2f6238297.png
12:12:39.133 [main] DEBUG net.thucydides.core.steps.StepInterceptor - STEP DONE: clickRegister
12:12:39.134 [Darkroom Processing Line] DEBUG net.serenitybdd.core.photography.DarkroomProcessingLine - Processing screenshot image in /var/screenshots/screenshot-11786947749298502740
12:12:39.134 [Darkroom Processing Line] DEBUG net.serenitybdd.core.photography.DarkroomProcessingLine - Saving screenshot to target\site\serenity\b0d94db96b6e536bf0c143c40cd6444aaea218ffa64006a4cafa89a2f6238297.png
12:12:39.139 [main] DEBUG net.thucydides.core.steps.StepInterceptor - STARTING STEP: RegisterSteps.ontheLoginPage - validateonLoginPage
12:12:39.141 [Forwarding findElement on session 26fb44b34cfd0a126dbb891fb941aaa6 to remote] DEBUG org.asynchttpclient.netty.request.NettyRequestSender - Using pooled Channel '[id: 0x06349e59, L:/127.0.0.1:49515 - R:localhost/127.0.0.1:60737]' for 'POST' to 'http://localhost:60737/session/26fb44b34cfd0a126dbb891fb941aaa6/element'
12:12:39.141 [Forwarding findElement on session 26fb44b34cfd0a126dbb891fb941aaa6 to remote] DEBUG org.asynchttpclient.netty.request.NettyRequestSender - Using open Channel [id: 0x06349e59, L:/127.0.0.1:49515 - R:localhost/127.0.0.1:60737] for POST '/session/26fb44b34cfd0a126dbb891fb941aaa6/element'
12:12:39.158 [AsyncHttpClient-1-11] DEBUG org.asynchttpclient.netty.handler.HttpHandler - 

Request DefaultHttpRequest(decodeResult: success, version: HTTP/1.1)
POST /session/26fb44b34cfd0a126dbb891fb941aaa6/element HTTP/1.1
User-Agent: selenium/4.1.2 (java windows)
Content-Length: 102
Content-Type: application/json; charset=utf-8
host: localhost:60737
accept: */*

Response DefaultHttpResponse(decodeResult: success, version: HTTP/1.1)
HTTP/1.1 200 OK
Content-Type: application/json; charset=utf-8
cache-control: no-cache
content-length: 88

12:12:39.158 [AsyncHttpClient-1-11] DEBUG org.asynchttpclient.netty.channel.ChannelManager - Adding key: http://localhost:60737 for channel [id: 0x06349e59, L:/127.0.0.1:49515 - R:localhost/127.0.0.1:60737]
12:12:39.162 [Forwarding isElementDisplayed on session 26fb44b34cfd0a126dbb891fb941aaa6 to remote] DEBUG org.asynchttpclient.netty.request.NettyRequestSender - Using pooled Channel '[id: 0x06349e59, L:/127.0.0.1:49515 - R:localhost/127.0.0.1:60737]' for 'POST' to 'http://localhost:60737/session/26fb44b34cfd0a126dbb891fb941aaa6/execute/sync'
12:12:39.162 [Forwarding isElementDisplayed on session 26fb44b34cfd0a126dbb891fb941aaa6 to remote] DEBUG org.asynchttpclient.netty.request.NettyRequestSender - Using open Channel [id: 0x06349e59, L:/127.0.0.1:49515 - R:localhost/127.0.0.1:60737] for POST '/session/26fb44b34cfd0a126dbb891fb941aaa6/execute/sync'
12:12:39.181 [AsyncHttpClient-1-11] DEBUG org.asynchttpclient.netty.handler.HttpHandler - 

Request DefaultHttpRequest(decodeResult: success, version: HTTP/1.1)
POST /session/26fb44b34cfd0a126dbb891fb941aaa6/execute/sync HTTP/1.1
User-Agent: selenium/4.1.2 (java windows)
Content-Length: 48780
Content-Type: application/json; charset=utf-8
host: localhost:60737
accept: */*

Response DefaultHttpResponse(decodeResult: success, version: HTTP/1.1)
HTTP/1.1 200 OK
Content-Type: application/json; charset=utf-8
cache-control: no-cache
content-length: 14

12:12:39.181 [AsyncHttpClient-1-11] DEBUG org.asynchttpclient.netty.channel.ChannelManager - Adding key: http://localhost:60737 for channel [id: 0x06349e59, L:/127.0.0.1:49515 - R:localhost/127.0.0.1:60737]
12:12:39.186 [Forwarding screenshot on session 26fb44b34cfd0a126dbb891fb941aaa6 to remote] DEBUG org.asynchttpclient.netty.request.NettyRequestSender - Using pooled Channel '[id: 0x06349e59, L:/127.0.0.1:49515 - R:localhost/127.0.0.1:60737]' for 'GET' to 'http://localhost:60737/session/26fb44b34cfd0a126dbb891fb941aaa6/screenshot'
12:12:39.186 [Forwarding screenshot on session 26fb44b34cfd0a126dbb891fb941aaa6 to remote] DEBUG org.asynchttpclient.netty.request.NettyRequestSender - Using open Channel [id: 0x06349e59, L:/127.0.0.1:49515 - R:localhost/127.0.0.1:60737] for GET '/session/26fb44b34cfd0a126dbb891fb941aaa6/screenshot'
12:12:39.334 [AsyncHttpClient-1-11] DEBUG org.asynchttpclient.netty.handler.HttpHandler - 

Request DefaultFullHttpRequest(decodeResult: success, version: HTTP/1.1, content: EmptyByteBufBE)
GET /session/26fb44b34cfd0a126dbb891fb941aaa6/screenshot HTTP/1.1
User-Agent: selenium/4.1.2 (java windows)
Cache-Control: no-cache
Content-Type: application/json; charset=utf-8
host: localhost:60737
accept: */*

Response DefaultHttpResponse(decodeResult: success, version: HTTP/1.1)
HTTP/1.1 200 OK
Content-Type: application/json; charset=utf-8
cache-control: no-cache
content-length: 29816

12:12:39.334 [AsyncHttpClient-1-11] DEBUG org.asynchttpclient.netty.channel.ChannelManager - Adding key: http://localhost:60737 for channel [id: 0x06349e59, L:/127.0.0.1:49515 - R:localhost/127.0.0.1:60737]
12:12:39.336 [main] DEBUG net.serenitybdd.core.photography.Darkroom - Send negative for processing for target\site\serenity\68d4bc6c7a9a39b84d5a1fdb65f4082e5a846eaabd534b2ec0c5e6f852b32a19.png
12:12:39.336 [main] DEBUG net.thucydides.core.steps.StepInterceptor - STEP DONE: validateonLoginPage
  &amp#27;[32mGiven &amp#27;[0m&amp#27;[32muser on register page&amp#27;[0m                      &amp#27;[90m# starter.definitions.RegisterSteps.ontheLoginPage()&amp#27;[0m
12:12:39.336 [Darkroom Processing Line] DEBUG net.serenitybdd.core.photography.DarkroomProcessingLine - Processing screenshot image in /var/screenshots/screenshot-768845278263437222
12:12:39.336 [Darkroom Processing Line] DEBUG net.serenitybdd.core.photography.DarkroomProcessingLine - Saving screenshot to target\site\serenity\68d4bc6c7a9a39b84d5a1fdb65f4082e5a846eaabd534b2ec0c5e6f852b32a19.png
12:12:39.350 [main] DEBUG net.thucydides.core.steps.StepInterceptor - STARTING STEP: RegisterSteps.ValidFullname - inputFullName
12:12:39.353 [Forwarding findElement on session 26fb44b34cfd0a126dbb891fb941aaa6 to remote] DEBUG org.asynchttpclient.netty.request.NettyRequestSender - Using pooled Channel '[id: 0x06349e59, L:/127.0.0.1:49515 - R:localhost/127.0.0.1:60737]' for 'POST' to 'http://localhost:60737/session/26fb44b34cfd0a126dbb891fb941aaa6/element'
12:12:39.353 [Forwarding findElement on session 26fb44b34cfd0a126dbb891fb941aaa6 to remote] DEBUG org.asynchttpclient.netty.request.NettyRequestSender - Using open Channel [id: 0x06349e59, L:/127.0.0.1:49515 - R:localhost/127.0.0.1:60737] for POST '/session/26fb44b34cfd0a126dbb891fb941aaa6/element'
12:12:39.367 [AsyncHttpClient-1-11] DEBUG org.asynchttpclient.netty.handler.HttpHandler - 

Request DefaultHttpRequest(decodeResult: success, version: HTTP/1.1)
POST /session/26fb44b34cfd0a126dbb891fb941aaa6/element HTTP/1.1
User-Agent: selenium/4.1.2 (java windows)
Content-Length: 117
Content-Type: application/json; charset=utf-8
host: localhost:60737
accept: */*

Response DefaultHttpResponse(decodeResult: success, version: HTTP/1.1)
HTTP/1.1 200 OK
Content-Type: application/json; charset=utf-8
cache-control: no-cache
content-length: 88

12:12:39.367 [AsyncHttpClient-1-11] DEBUG org.asynchttpclient.netty.channel.ChannelManager - Adding key: http://localhost:60737 for channel [id: 0x06349e59, L:/127.0.0.1:49515 - R:localhost/127.0.0.1:60737]
12:12:39.369 [Forwarding clearElement on session 26fb44b34cfd0a126dbb891fb941aaa6 to remote] DEBUG org.asynchttpclient.netty.request.NettyRequestSender - Using pooled Channel '[id: 0x06349e59, L:/127.0.0.1:49515 - R:localhost/127.0.0.1:60737]' for 'POST' to 'http://localhost:60737/session/26fb44b34cfd0a126dbb891fb941aaa6/element/cfcdd471-8d5d-4533-84af-7a2fc351d0ed/clear'
12:12:39.369 [Forwarding clearElement on session 26fb44b34cfd0a126dbb891fb941aaa6 to remote] DEBUG org.asynchttpclient.netty.request.NettyRequestSender - Using open Channel [id: 0x06349e59, L:/127.0.0.1:49515 - R:localhost/127.0.0.1:60737] for POST '/session/26fb44b34cfd0a126dbb891fb941aaa6/element/cfcdd471-8d5d-4533-84af-7a2fc351d0ed/clear'
12:12:39.402 [AsyncHttpClient-1-11] DEBUG org.asynchttpclient.netty.handler.HttpHandler - 

Request DefaultHttpRequest(decodeResult: success, version: HTTP/1.1)
POST /session/26fb44b34cfd0a126dbb891fb941aaa6/element/cfcdd471-8d5d-4533-84af-7a2fc351d0ed/clear HTTP/1.1
User-Agent: selenium/4.1.2 (java windows)
Content-Length: 50
Content-Type: application/json; charset=utf-8
host: localhost:60737
accept: */*

Response DefaultHttpResponse(decodeResult: success, version: HTTP/1.1)
HTTP/1.1 200 OK
Content-Type: application/json; charset=utf-8
cache-control: no-cache
content-length: 14

12:12:39.402 [AsyncHttpClient-1-11] DEBUG org.asynchttpclient.netty.channel.ChannelManager - Adding key: http://localhost:60737 for channel [id: 0x06349e59, L:/127.0.0.1:49515 - R:localhost/127.0.0.1:60737]
12:12:39.405 [Forwarding sendKeysToElement on session 26fb44b34cfd0a126dbb891fb941aaa6 to remote] DEBUG org.asynchttpclient.netty.request.NettyRequestSender - Using pooled Channel '[id: 0x06349e59, L:/127.0.0.1:49515 - R:localhost/127.0.0.1:60737]' for 'POST' to 'http://localhost:60737/session/26fb44b34cfd0a126dbb891fb941aaa6/element/cfcdd471-8d5d-4533-84af-7a2fc351d0ed/value'
12:12:39.405 [Forwarding sendKeysToElement on session 26fb44b34cfd0a126dbb891fb941aaa6 to remote] DEBUG org.asynchttpclient.netty.request.NettyRequestSender - Using open Channel [id: 0x06349e59, L:/127.0.0.1:49515 - R:localhost/127.0.0.1:60737] for POST '/session/26fb44b34cfd0a126dbb891fb941aaa6/element/cfcdd471-8d5d-4533-84af-7a2fc351d0ed/value'
12:12:39.462 [AsyncHttpClient-1-11] DEBUG org.asynchttpclient.netty.handler.HttpHandler - 

Request DefaultHttpRequest(decodeResult: success, version: HTTP/1.1)
POST /session/26fb44b34cfd0a126dbb891fb941aaa6/element/cfcdd471-8d5d-4533-84af-7a2fc351d0ed/value HTTP/1.1
User-Agent: selenium/4.1.2 (java windows)
Content-Length: 121
Content-Type: application/json; charset=utf-8
host: localhost:60737
accept: */*

Response DefaultHttpResponse(decodeResult: success, version: HTTP/1.1)
HTTP/1.1 200 OK
Content-Type: application/json; charset=utf-8
cache-control: no-cache
content-length: 14

12:12:39.462 [AsyncHttpClient-1-11] DEBUG org.asynchttpclient.netty.channel.ChannelManager - Adding key: http://localhost:60737 for channel [id: 0x06349e59, L:/127.0.0.1:49515 - R:localhost/127.0.0.1:60737]
12:12:39.468 [Forwarding screenshot on session 26fb44b34cfd0a126dbb891fb941aaa6 to remote] DEBUG org.asynchttpclient.netty.request.NettyRequestSender - Using pooled Channel '[id: 0x06349e59, L:/127.0.0.1:49515 - R:localhost/127.0.0.1:60737]' for 'GET' to 'http://localhost:60737/session/26fb44b34cfd0a126dbb891fb941aaa6/screenshot'
12:12:39.468 [Forwarding screenshot on session 26fb44b34cfd0a126dbb891fb941aaa6 to remote] DEBUG org.asynchttpclient.netty.request.NettyRequestSender - Using open Channel [id: 0x06349e59, L:/127.0.0.1:49515 - R:localhost/127.0.0.1:60737] for GET '/session/26fb44b34cfd0a126dbb891fb941aaa6/screenshot'
12:12:39.782 [AsyncHttpClient-1-11] DEBUG org.asynchttpclient.netty.handler.HttpHandler - 

Request DefaultFullHttpRequest(decodeResult: success, version: HTTP/1.1, content: EmptyByteBufBE)
GET /session/26fb44b34cfd0a126dbb891fb941aaa6/screenshot HTTP/1.1
User-Agent: selenium/4.1.2 (java windows)
Cache-Control: no-cache
Content-Type: application/json; charset=utf-8
host: localhost:60737
accept: */*

Response DefaultHttpResponse(decodeResult: success, version: HTTP/1.1)
HTTP/1.1 200 OK
Content-Type: application/json; charset=utf-8
cache-control: no-cache
content-length: 30584

12:12:39.783 [AsyncHttpClient-1-11] DEBUG org.asynchttpclient.netty.channel.ChannelManager - Adding key: http://localhost:60737 for channel [id: 0x06349e59, L:/127.0.0.1:49515 - R:localhost/127.0.0.1:60737]
12:12:39.785 [main] DEBUG net.serenitybdd.core.photography.Darkroom - Send negative for processing for target\site\serenity\d259ec5a54feb5c5dc7cf52e4f53247106465a15db7de8287157fe4d78cbc8ac.png
12:12:39.785 [main] DEBUG net.thucydides.core.steps.StepInterceptor - STEP DONE: inputFullName
  &amp#27;[32mWhen &amp#27;[0m&amp#27;[32muser input full name&amp#27;[0m                        &amp#27;[90m# starter.definitions.RegisterSteps.ValidFullname()&amp#27;[0m
12:12:39.785 [Darkroom Processing Line] DEBUG net.serenitybdd.core.photography.DarkroomProcessingLine - Processing screenshot image in /var/screenshots/screenshot-1174480748555310721
12:12:39.785 [Darkroom Processing Line] DEBUG net.serenitybdd.core.photography.DarkroomProcessingLine - Saving screenshot to target\site\serenity\d259ec5a54feb5c5dc7cf52e4f53247106465a15db7de8287157fe4d78cbc8ac.png
12:12:39.800 [main] DEBUG net.thucydides.core.steps.StepInterceptor - STARTING STEP: RegisterSteps.ValidEmail - inputEmail
12:12:39.803 [Forwarding findElement on session 26fb44b34cfd0a126dbb891fb941aaa6 to remote] DEBUG org.asynchttpclient.netty.request.NettyRequestSender - Using pooled Channel '[id: 0x06349e59, L:/127.0.0.1:49515 - R:localhost/127.0.0.1:60737]' for 'POST' to 'http://localhost:60737/session/26fb44b34cfd0a126dbb891fb941aaa6/element'
12:12:39.803 [Forwarding findElement on session 26fb44b34cfd0a126dbb891fb941aaa6 to remote] DEBUG org.asynchttpclient.netty.request.NettyRequestSender - Using open Channel [id: 0x06349e59, L:/127.0.0.1:49515 - R:localhost/127.0.0.1:60737] for POST '/session/26fb44b34cfd0a126dbb891fb941aaa6/element'
12:12:39.819 [AsyncHttpClient-1-11] DEBUG org.asynchttpclient.netty.handler.HttpHandler - 

Request DefaultHttpRequest(decodeResult: success, version: HTTP/1.1)
POST /session/26fb44b34cfd0a126dbb891fb941aaa6/element HTTP/1.1
User-Agent: selenium/4.1.2 (java windows)
Content-Length: 110
Content-Type: application/json; charset=utf-8
host: localhost:60737
accept: */*

Response DefaultHttpResponse(decodeResult: success, version: HTTP/1.1)
HTTP/1.1 200 OK
Content-Type: application/json; charset=utf-8
cache-control: no-cache
content-length: 88

12:12:39.819 [AsyncHttpClient-1-11] DEBUG org.asynchttpclient.netty.channel.ChannelManager - Adding key: http://localhost:60737 for channel [id: 0x06349e59, L:/127.0.0.1:49515 - R:localhost/127.0.0.1:60737]
12:12:39.821 [Forwarding clearElement on session 26fb44b34cfd0a126dbb891fb941aaa6 to remote] DEBUG org.asynchttpclient.netty.request.NettyRequestSender - Using pooled Channel '[id: 0x06349e59, L:/127.0.0.1:49515 - R:localhost/127.0.0.1:60737]' for 'POST' to 'http://localhost:60737/session/26fb44b34cfd0a126dbb891fb941aaa6/element/51377700-cdbf-42a9-a10e-020f282e0a8f/clear'
12:12:39.821 [Forwarding clearElement on session 26fb44b34cfd0a126dbb891fb941aaa6 to remote] DEBUG org.asynchttpclient.netty.request.NettyRequestSender - Using open Channel [id: 0x06349e59, L:/127.0.0.1:49515 - R:localhost/127.0.0.1:60737] for POST '/session/26fb44b34cfd0a126dbb891fb941aaa6/element/51377700-cdbf-42a9-a10e-020f282e0a8f/clear'
12:12:39.859 [AsyncHttpClient-1-11] DEBUG org.asynchttpclient.netty.handler.HttpHandler - 

Request DefaultHttpRequest(decodeResult: success, version: HTTP/1.1)
POST /session/26fb44b34cfd0a126dbb891fb941aaa6/element/51377700-cdbf-42a9-a10e-020f282e0a8f/clear HTTP/1.1
User-Agent: selenium/4.1.2 (java windows)
Content-Length: 50
Content-Type: application/json; charset=utf-8
host: localhost:60737
accept: */*

Response DefaultHttpResponse(decodeResult: success, version: HTTP/1.1)
HTTP/1.1 200 OK
Content-Type: application/json; charset=utf-8
cache-control: no-cache
content-length: 14

12:12:39.860 [AsyncHttpClient-1-11] DEBUG org.asynchttpclient.netty.channel.ChannelManager - Adding key: http://localhost:60737 for channel [id: 0x06349e59, L:/127.0.0.1:49515 - R:localhost/127.0.0.1:60737]
12:12:39.862 [Forwarding sendKeysToElement on session 26fb44b34cfd0a126dbb891fb941aaa6 to remote] DEBUG org.asynchttpclient.netty.request.NettyRequestSender - Using pooled Channel '[id: 0x06349e59, L:/127.0.0.1:49515 - R:localhost/127.0.0.1:60737]' for 'POST' to 'http://localhost:60737/session/26fb44b34cfd0a126dbb891fb941aaa6/element/51377700-cdbf-42a9-a10e-020f282e0a8f/value'
12:12:39.862 [Forwarding sendKeysToElement on session 26fb44b34cfd0a126dbb891fb941aaa6 to remote] DEBUG org.asynchttpclient.netty.request.NettyRequestSender - Using open Channel [id: 0x06349e59, L:/127.0.0.1:49515 - R:localhost/127.0.0.1:60737] for POST '/session/26fb44b34cfd0a126dbb891fb941aaa6/element/51377700-cdbf-42a9-a10e-020f282e0a8f/value'
12:12:39.958 [AsyncHttpClient-1-11] DEBUG org.asynchttpclient.netty.handler.HttpHandler - 

Request DefaultHttpRequest(decodeResult: success, version: HTTP/1.1)
POST /session/26fb44b34cfd0a126dbb891fb941aaa6/element/51377700-cdbf-42a9-a10e-020f282e0a8f/value HTTP/1.1
User-Agent: selenium/4.1.2 (java windows)
Content-Length: 251
Content-Type: application/json; charset=utf-8
host: localhost:60737
accept: */*

Response DefaultHttpResponse(decodeResult: success, version: HTTP/1.1)
HTTP/1.1 200 OK
Content-Type: application/json; charset=utf-8
cache-control: no-cache
content-length: 14

12:12:39.958 [AsyncHttpClient-1-11] DEBUG org.asynchttpclient.netty.channel.ChannelManager - Adding key: http://localhost:60737 for channel [id: 0x06349e59, L:/127.0.0.1:49515 - R:localhost/127.0.0.1:60737]
12:12:39.965 [Forwarding screenshot on session 26fb44b34cfd0a126dbb891fb941aaa6 to remote] DEBUG org.asynchttpclient.netty.request.NettyRequestSender - Using pooled Channel '[id: 0x06349e59, L:/127.0.0.1:49515 - R:localhost/127.0.0.1:60737]' for 'GET' to 'http://localhost:60737/session/26fb44b34cfd0a126dbb891fb941aaa6/screenshot'
12:12:39.965 [Forwarding screenshot on session 26fb44b34cfd0a126dbb891fb941aaa6 to remote] DEBUG org.asynchttpclient.netty.request.NettyRequestSender - Using open Channel [id: 0x06349e59, L:/127.0.0.1:49515 - R:localhost/127.0.0.1:60737] for GET '/session/26fb44b34cfd0a126dbb891fb941aaa6/screenshot'
12:12:39.980 [AsyncHttpClient-1-1] DEBUG org.asynchttpclient.netty.channel.DefaultChannelPool - Entry count for : http://localhost:49516 : 1
12:12:40.148 [AsyncHttpClient-1-11] DEBUG org.asynchttpclient.netty.handler.HttpHandler - 

Request DefaultFullHttpRequest(decodeResult: success, version: HTTP/1.1, content: EmptyByteBufBE)
GET /session/26fb44b34cfd0a126dbb891fb941aaa6/screenshot HTTP/1.1
User-Agent: selenium/4.1.2 (java windows)
Cache-Control: no-cache
Content-Type: application/json; charset=utf-8
host: localhost:60737
accept: */*

Response DefaultHttpResponse(decodeResult: success, version: HTTP/1.1)
HTTP/1.1 200 OK
Content-Type: application/json; charset=utf-8
cache-control: no-cache
content-length: 33900

12:12:40.149 [AsyncHttpClient-1-11] DEBUG org.asynchttpclient.netty.channel.ChannelManager - Adding key: http://localhost:60737 for channel [id: 0x06349e59, L:/127.0.0.1:49515 - R:localhost/127.0.0.1:60737]
12:12:40.151 [main] DEBUG net.serenitybdd.core.photography.Darkroom - Send negative for processing for target\site\serenity\b9b7c7163fdde97a1c7e016413fdb83ca1ff50d8ef90c751c9acc1e6143b06b2.png
12:12:40.151 [main] DEBUG net.thucydides.core.steps.StepInterceptor - STEP DONE: inputEmail
  &amp#27;[32mAnd &amp#27;[0m&amp#27;[32muser input email&amp#27;[0m                             &amp#27;[90m# starter.definitions.RegisterSteps.ValidEmail()&amp#27;[0m
12:12:40.151 [Darkroom Processing Line] DEBUG net.serenitybdd.core.photography.DarkroomProcessingLine - Processing screenshot image in /var/screenshots/screenshot-8820979224705909960
12:12:40.151 [Darkroom Processing Line] DEBUG net.serenitybdd.core.photography.DarkroomProcessingLine - Saving screenshot to target\site\serenity\b9b7c7163fdde97a1c7e016413fdb83ca1ff50d8ef90c751c9acc1e6143b06b2.png
12:12:40.165 [main] DEBUG net.thucydides.core.steps.StepInterceptor - STARTING STEP: RegisterSteps.ValidPassword - inputPassword
12:12:40.168 [Forwarding findElement on session 26fb44b34cfd0a126dbb891fb941aaa6 to remote] DEBUG org.asynchttpclient.netty.request.NettyRequestSender - Using pooled Channel '[id: 0x06349e59, L:/127.0.0.1:49515 - R:localhost/127.0.0.1:60737]' for 'POST' to 'http://localhost:60737/session/26fb44b34cfd0a126dbb891fb941aaa6/element'
12:12:40.168 [Forwarding findElement on session 26fb44b34cfd0a126dbb891fb941aaa6 to remote] DEBUG org.asynchttpclient.netty.request.NettyRequestSender - Using open Channel [id: 0x06349e59, L:/127.0.0.1:49515 - R:localhost/127.0.0.1:60737] for POST '/session/26fb44b34cfd0a126dbb891fb941aaa6/element'
12:12:40.187 [AsyncHttpClient-1-11] DEBUG org.asynchttpclient.netty.handler.HttpHandler - 

Request DefaultHttpRequest(decodeResult: success, version: HTTP/1.1)
POST /session/26fb44b34cfd0a126dbb891fb941aaa6/element HTTP/1.1
User-Agent: selenium/4.1.2 (java windows)
Content-Length: 113
Content-Type: application/json; charset=utf-8
host: localhost:60737
accept: */*

Response DefaultHttpResponse(decodeResult: success, version: HTTP/1.1)
HTTP/1.1 200 OK
Content-Type: application/json; charset=utf-8
cache-control: no-cache
content-length: 88

12:12:40.187 [AsyncHttpClient-1-11] DEBUG org.asynchttpclient.netty.channel.ChannelManager - Adding key: http://localhost:60737 for channel [id: 0x06349e59, L:/127.0.0.1:49515 - R:localhost/127.0.0.1:60737]
12:12:40.189 [Forwarding clearElement on session 26fb44b34cfd0a126dbb891fb941aaa6 to remote] DEBUG org.asynchttpclient.netty.request.NettyRequestSender - Using pooled Channel '[id: 0x06349e59, L:/127.0.0.1:49515 - R:localhost/127.0.0.1:60737]' for 'POST' to 'http://localhost:60737/session/26fb44b34cfd0a126dbb891fb941aaa6/element/dcc63ac7-0ae0-4292-8255-c63e4a4d50f5/clear'
12:12:40.189 [Forwarding clearElement on session 26fb44b34cfd0a126dbb891fb941aaa6 to remote] DEBUG org.asynchttpclient.netty.request.NettyRequestSender - Using open Channel [id: 0x06349e59, L:/127.0.0.1:49515 - R:localhost/127.0.0.1:60737] for POST '/session/26fb44b34cfd0a126dbb891fb941aaa6/element/dcc63ac7-0ae0-4292-8255-c63e4a4d50f5/clear'
12:12:40.228 [AsyncHttpClient-1-11] DEBUG org.asynchttpclient.netty.handler.HttpHandler - 

Request DefaultHttpRequest(decodeResult: success, version: HTTP/1.1)
POST /session/26fb44b34cfd0a126dbb891fb941aaa6/element/dcc63ac7-0ae0-4292-8255-c63e4a4d50f5/clear HTTP/1.1
User-Agent: selenium/4.1.2 (java windows)
Content-Length: 50
Content-Type: application/json; charset=utf-8
host: localhost:60737
accept: */*

Response DefaultHttpResponse(decodeResult: success, version: HTTP/1.1)
HTTP/1.1 200 OK
Content-Type: application/json; charset=utf-8
cache-control: no-cache
content-length: 14

12:12:40.228 [AsyncHttpClient-1-11] DEBUG org.asynchttpclient.netty.channel.ChannelManager - Adding key: http://localhost:60737 for channel [id: 0x06349e59, L:/127.0.0.1:49515 - R:localhost/127.0.0.1:60737]
12:12:40.230 [Forwarding sendKeysToElement on session 26fb44b34cfd0a126dbb891fb941aaa6 to remote] DEBUG org.asynchttpclient.netty.request.NettyRequestSender - Using pooled Channel '[id: 0x06349e59, L:/127.0.0.1:49515 - R:localhost/127.0.0.1:60737]' for 'POST' to 'http://localhost:60737/session/26fb44b34cfd0a126dbb891fb941aaa6/element/dcc63ac7-0ae0-4292-8255-c63e4a4d50f5/value'
12:12:40.230 [Forwarding sendKeysToElement on session 26fb44b34cfd0a126dbb891fb941aaa6 to remote] DEBUG org.asynchttpclient.netty.request.NettyRequestSender - Using open Channel [id: 0x06349e59, L:/127.0.0.1:49515 - R:localhost/127.0.0.1:60737] for POST '/session/26fb44b34cfd0a126dbb891fb941aaa6/element/dcc63ac7-0ae0-4292-8255-c63e4a4d50f5/value'
12:12:40.285 [AsyncHttpClient-1-11] DEBUG org.asynchttpclient.netty.handler.HttpHandler - 

Request DefaultHttpRequest(decodeResult: success, version: HTTP/1.1)
POST /session/26fb44b34cfd0a126dbb891fb941aaa6/element/dcc63ac7-0ae0-4292-8255-c63e4a4d50f5/value HTTP/1.1
User-Agent: selenium/4.1.2 (java windows)
Content-Length: 131
Content-Type: application/json; charset=utf-8
host: localhost:60737
accept: */*

Response DefaultHttpResponse(decodeResult: success, version: HTTP/1.1)
HTTP/1.1 200 OK
Content-Type: application/json; charset=utf-8
cache-control: no-cache
content-length: 14

12:12:40.285 [AsyncHttpClient-1-11] DEBUG org.asynchttpclient.netty.channel.ChannelManager - Adding key: http://localhost:60737 for channel [id: 0x06349e59, L:/127.0.0.1:49515 - R:localhost/127.0.0.1:60737]
12:12:40.292 [Forwarding screenshot on session 26fb44b34cfd0a126dbb891fb941aaa6 to remote] DEBUG org.asynchttpclient.netty.request.NettyRequestSender - Using pooled Channel '[id: 0x06349e59, L:/127.0.0.1:49515 - R:localhost/127.0.0.1:60737]' for 'GET' to 'http://localhost:60737/session/26fb44b34cfd0a126dbb891fb941aaa6/screenshot'
12:12:40.292 [Forwarding screenshot on session 26fb44b34cfd0a126dbb891fb941aaa6 to remote] DEBUG org.asynchttpclient.netty.request.NettyRequestSender - Using open Channel [id: 0x06349e59, L:/127.0.0.1:49515 - R:localhost/127.0.0.1:60737] for GET '/session/26fb44b34cfd0a126dbb891fb941aaa6/screenshot'
12:12:40.478 [AsyncHttpClient-1-11] DEBUG org.asynchttpclient.netty.handler.HttpHandler - 

Request DefaultFullHttpRequest(decodeResult: success, version: HTTP/1.1, content: EmptyByteBufBE)
GET /session/26fb44b34cfd0a126dbb891fb941aaa6/screenshot HTTP/1.1
User-Agent: selenium/4.1.2 (java windows)
Cache-Control: no-cache
Content-Type: application/json; charset=utf-8
host: localhost:60737
accept: */*

Response DefaultHttpResponse(decodeResult: success, version: HTTP/1.1)
HTTP/1.1 200 OK
Content-Type: application/json; charset=utf-8
cache-control: no-cache
content-length: 34760

12:12:40.479 [AsyncHttpClient-1-11] DEBUG org.asynchttpclient.netty.channel.ChannelManager - Adding key: http://localhost:60737 for channel [id: 0x06349e59, L:/127.0.0.1:49515 - R:localhost/127.0.0.1:60737]
12:12:40.481 [main] DEBUG net.serenitybdd.core.photography.Darkroom - Send negative for processing for target\site\serenity\f32a984763789787e879e597780fce79c9e1212fac9e3483a8a7367d1f951b9f.png
12:12:40.481 [main] DEBUG net.thucydides.core.steps.StepInterceptor - STEP DONE: inputPassword
  &amp#27;[32mAnd &amp#27;[0m&amp#27;[32muser input password&amp#27;[0m                          &amp#27;[90m# starter.definitions.RegisterSteps.ValidPassword()&amp#27;[0m
12:12:40.481 [Darkroom Processing Line] DEBUG net.serenitybdd.core.photography.DarkroomProcessingLine - Processing screenshot image in /var/screenshots/screenshot-2133609303053903294
12:12:40.481 [Darkroom Processing Line] DEBUG net.serenitybdd.core.photography.DarkroomProcessingLine - Saving screenshot to target\site\serenity\f32a984763789787e879e597780fce79c9e1212fac9e3483a8a7367d1f951b9f.png
12:12:40.498 [main] DEBUG net.thucydides.core.steps.StepInterceptor - STARTING STEP: RegisterSteps.RegisterButton - clickRegisterbutton
12:12:40.500 [Forwarding findElement on session 26fb44b34cfd0a126dbb891fb941aaa6 to remote] DEBUG org.asynchttpclient.netty.request.NettyRequestSender - Using pooled Channel '[id: 0x06349e59, L:/127.0.0.1:49515 - R:localhost/127.0.0.1:60737]' for 'POST' to 'http://localhost:60737/session/26fb44b34cfd0a126dbb891fb941aaa6/element'
12:12:40.500 [Forwarding findElement on session 26fb44b34cfd0a126dbb891fb941aaa6 to remote] DEBUG org.asynchttpclient.netty.request.NettyRequestSender - Using open Channel [id: 0x06349e59, L:/127.0.0.1:49515 - R:localhost/127.0.0.1:60737] for POST '/session/26fb44b34cfd0a126dbb891fb941aaa6/element'
12:12:40.509 [AsyncHttpClient-1-11] DEBUG org.asynchttpclient.netty.handler.HttpHandler - 

Request DefaultHttpRequest(decodeResult: success, version: HTTP/1.1)
POST /session/26fb44b34cfd0a126dbb891fb941aaa6/element HTTP/1.1
User-Agent: selenium/4.1.2 (java windows)
Content-Length: 102
Content-Type: application/json; charset=utf-8
host: localhost:60737
accept: */*

Response DefaultHttpResponse(decodeResult: success, version: HTTP/1.1)
HTTP/1.1 200 OK
Content-Type: application/json; charset=utf-8
cache-control: no-cache
content-length: 88

12:12:40.509 [AsyncHttpClient-1-11] DEBUG org.asynchttpclient.netty.channel.ChannelManager - Adding key: http://localhost:60737 for channel [id: 0x06349e59, L:/127.0.0.1:49515 - R:localhost/127.0.0.1:60737]
12:12:40.511 [Forwarding getElementTagName on session 26fb44b34cfd0a126dbb891fb941aaa6 to remote] DEBUG org.asynchttpclient.netty.request.NettyRequestSender - Using pooled Channel '[id: 0x06349e59, L:/127.0.0.1:49515 - R:localhost/127.0.0.1:60737]' for 'GET' to 'http://localhost:60737/session/26fb44b34cfd0a126dbb891fb941aaa6/element/c9afbce1-1537-47a0-a3f6-b5c3cac0a4c3/name'
12:12:40.511 [Forwarding getElementTagName on session 26fb44b34cfd0a126dbb891fb941aaa6 to remote] DEBUG org.asynchttpclient.netty.request.NettyRequestSender - Using open Channel [id: 0x06349e59, L:/127.0.0.1:49515 - R:localhost/127.0.0.1:60737] for GET '/session/26fb44b34cfd0a126dbb891fb941aaa6/element/c9afbce1-1537-47a0-a3f6-b5c3cac0a4c3/name'
12:12:40.515 [AsyncHttpClient-1-11] DEBUG org.asynchttpclient.netty.handler.HttpHandler - 

Request DefaultFullHttpRequest(decodeResult: success, version: HTTP/1.1, content: EmptyByteBufBE)
GET /session/26fb44b34cfd0a126dbb891fb941aaa6/element/c9afbce1-1537-47a0-a3f6-b5c3cac0a4c3/name HTTP/1.1
User-Agent: selenium/4.1.2 (java windows)
Cache-Control: no-cache
Content-Type: application/json; charset=utf-8
host: localhost:60737
accept: */*

Response DefaultHttpResponse(decodeResult: success, version: HTTP/1.1)
HTTP/1.1 200 OK
Content-Type: application/json; charset=utf-8
cache-control: no-cache
content-length: 18

12:12:40.515 [AsyncHttpClient-1-11] DEBUG org.asynchttpclient.netty.channel.ChannelManager - Adding key: http://localhost:60737 for channel [id: 0x06349e59, L:/127.0.0.1:49515 - R:localhost/127.0.0.1:60737]
12:12:40.516 [Forwarding getElementTagName on session 26fb44b34cfd0a126dbb891fb941aaa6 to remote] DEBUG org.asynchttpclient.netty.request.NettyRequestSender - Using pooled Channel '[id: 0x06349e59, L:/127.0.0.1:49515 - R:localhost/127.0.0.1:60737]' for 'GET' to 'http://localhost:60737/session/26fb44b34cfd0a126dbb891fb941aaa6/element/c9afbce1-1537-47a0-a3f6-b5c3cac0a4c3/name'
12:12:40.517 [Forwarding getElementTagName on session 26fb44b34cfd0a126dbb891fb941aaa6 to remote] DEBUG org.asynchttpclient.netty.request.NettyRequestSender - Using open Channel [id: 0x06349e59, L:/127.0.0.1:49515 - R:localhost/127.0.0.1:60737] for GET '/session/26fb44b34cfd0a126dbb891fb941aaa6/element/c9afbce1-1537-47a0-a3f6-b5c3cac0a4c3/name'
12:12:40.520 [AsyncHttpClient-1-11] DEBUG org.asynchttpclient.netty.handler.HttpHandler - 

Request DefaultFullHttpRequest(decodeResult: success, version: HTTP/1.1, content: EmptyByteBufBE)
GET /session/26fb44b34cfd0a126dbb891fb941aaa6/element/c9afbce1-1537-47a0-a3f6-b5c3cac0a4c3/name HTTP/1.1
User-Agent: selenium/4.1.2 (java windows)
Cache-Control: no-cache
Content-Type: application/json; charset=utf-8
host: localhost:60737
accept: */*

Response DefaultHttpResponse(decodeResult: success, version: HTTP/1.1)
HTTP/1.1 200 OK
Content-Type: application/json; charset=utf-8
cache-control: no-cache
content-length: 18

12:12:40.520 [AsyncHttpClient-1-11] DEBUG org.asynchttpclient.netty.channel.ChannelManager - Adding key: http://localhost:60737 for channel [id: 0x06349e59, L:/127.0.0.1:49515 - R:localhost/127.0.0.1:60737]
12:12:40.522 [Forwarding isElementEnabled on session 26fb44b34cfd0a126dbb891fb941aaa6 to remote] DEBUG org.asynchttpclient.netty.request.NettyRequestSender - Using pooled Channel '[id: 0x06349e59, L:/127.0.0.1:49515 - R:localhost/127.0.0.1:60737]' for 'GET' to 'http://localhost:60737/session/26fb44b34cfd0a126dbb891fb941aaa6/element/c9afbce1-1537-47a0-a3f6-b5c3cac0a4c3/enabled'
12:12:40.522 [Forwarding isElementEnabled on session 26fb44b34cfd0a126dbb891fb941aaa6 to remote] DEBUG org.asynchttpclient.netty.request.NettyRequestSender - Using open Channel [id: 0x06349e59, L:/127.0.0.1:49515 - R:localhost/127.0.0.1:60737] for GET '/session/26fb44b34cfd0a126dbb891fb941aaa6/element/c9afbce1-1537-47a0-a3f6-b5c3cac0a4c3/enabled'
12:12:40.530 [AsyncHttpClient-1-11] DEBUG org.asynchttpclient.netty.handler.HttpHandler - 

Request DefaultFullHttpRequest(decodeResult: success, version: HTTP/1.1, content: EmptyByteBufBE)
GET /session/26fb44b34cfd0a126dbb891fb941aaa6/element/c9afbce1-1537-47a0-a3f6-b5c3cac0a4c3/enabled HTTP/1.1
User-Agent: selenium/4.1.2 (java windows)
Cache-Control: no-cache
Content-Type: application/json; charset=utf-8
host: localhost:60737
accept: */*

Response DefaultHttpResponse(decodeResult: success, version: HTTP/1.1)
HTTP/1.1 200 OK
Content-Type: application/json; charset=utf-8
cache-control: no-cache
content-length: 14

12:12:40.530 [AsyncHttpClient-1-11] DEBUG org.asynchttpclient.netty.channel.ChannelManager - Adding key: http://localhost:60737 for channel [id: 0x06349e59, L:/127.0.0.1:49515 - R:localhost/127.0.0.1:60737]
12:12:40.532 [Forwarding isElementEnabled on session 26fb44b34cfd0a126dbb891fb941aaa6 to remote] DEBUG org.asynchttpclient.netty.request.NettyRequestSender - Using pooled Channel '[id: 0x06349e59, L:/127.0.0.1:49515 - R:localhost/127.0.0.1:60737]' for 'GET' to 'http://localhost:60737/session/26fb44b34cfd0a126dbb891fb941aaa6/element/c9afbce1-1537-47a0-a3f6-b5c3cac0a4c3/enabled'
12:12:40.532 [Forwarding isElementEnabled on session 26fb44b34cfd0a126dbb891fb941aaa6 to remote] DEBUG org.asynchttpclient.netty.request.NettyRequestSender - Using open Channel [id: 0x06349e59, L:/127.0.0.1:49515 - R:localhost/127.0.0.1:60737] for GET '/session/26fb44b34cfd0a126dbb891fb941aaa6/element/c9afbce1-1537-47a0-a3f6-b5c3cac0a4c3/enabled'
12:12:40.537 [AsyncHttpClient-1-11] DEBUG org.asynchttpclient.netty.handler.HttpHandler - 

Request DefaultFullHttpRequest(decodeResult: success, version: HTTP/1.1, content: EmptyByteBufBE)
GET /session/26fb44b34cfd0a126dbb891fb941aaa6/element/c9afbce1-1537-47a0-a3f6-b5c3cac0a4c3/enabled HTTP/1.1
User-Agent: selenium/4.1.2 (java windows)
Cache-Control: no-cache
Content-Type: application/json; charset=utf-8
host: localhost:60737
accept: */*

Response DefaultHttpResponse(decodeResult: success, version: HTTP/1.1)
HTTP/1.1 200 OK
Content-Type: application/json; charset=utf-8
cache-control: no-cache
content-length: 14

12:12:40.537 [AsyncHttpClient-1-11] DEBUG org.asynchttpclient.netty.channel.ChannelManager - Adding key: http://localhost:60737 for channel [id: 0x06349e59, L:/127.0.0.1:49515 - R:localhost/127.0.0.1:60737]
12:12:40.539 [Forwarding findElement on session 26fb44b34cfd0a126dbb891fb941aaa6 to remote] DEBUG org.asynchttpclient.netty.request.NettyRequestSender - Using pooled Channel '[id: 0x06349e59, L:/127.0.0.1:49515 - R:localhost/127.0.0.1:60737]' for 'POST' to 'http://localhost:60737/session/26fb44b34cfd0a126dbb891fb941aaa6/element'
12:12:40.540 [Forwarding findElement on session 26fb44b34cfd0a126dbb891fb941aaa6 to remote] DEBUG org.asynchttpclient.netty.request.NettyRequestSender - Using open Channel [id: 0x06349e59, L:/127.0.0.1:49515 - R:localhost/127.0.0.1:60737] for POST '/session/26fb44b34cfd0a126dbb891fb941aaa6/element'
12:12:40.547 [AsyncHttpClient-1-11] DEBUG org.asynchttpclient.netty.handler.HttpHandler - 

Request DefaultHttpRequest(decodeResult: success, version: HTTP/1.1)
POST /session/26fb44b34cfd0a126dbb891fb941aaa6/element HTTP/1.1
User-Agent: selenium/4.1.2 (java windows)
Content-Length: 102
Content-Type: application/json; charset=utf-8
host: localhost:60737
accept: */*

Response DefaultHttpResponse(decodeResult: success, version: HTTP/1.1)
HTTP/1.1 200 OK
Content-Type: application/json; charset=utf-8
cache-control: no-cache
content-length: 88

12:12:40.547 [AsyncHttpClient-1-11] DEBUG org.asynchttpclient.netty.channel.ChannelManager - Adding key: http://localhost:60737 for channel [id: 0x06349e59, L:/127.0.0.1:49515 - R:localhost/127.0.0.1:60737]
12:12:40.548 [Forwarding clickElement on session 26fb44b34cfd0a126dbb891fb941aaa6 to remote] DEBUG org.asynchttpclient.netty.request.NettyRequestSender - Using pooled Channel '[id: 0x06349e59, L:/127.0.0.1:49515 - R:localhost/127.0.0.1:60737]' for 'POST' to 'http://localhost:60737/session/26fb44b34cfd0a126dbb891fb941aaa6/element/c9afbce1-1537-47a0-a3f6-b5c3cac0a4c3/click'
12:12:40.548 [Forwarding clickElement on session 26fb44b34cfd0a126dbb891fb941aaa6 to remote] DEBUG org.asynchttpclient.netty.request.NettyRequestSender - Using open Channel [id: 0x06349e59, L:/127.0.0.1:49515 - R:localhost/127.0.0.1:60737] for POST '/session/26fb44b34cfd0a126dbb891fb941aaa6/element/c9afbce1-1537-47a0-a3f6-b5c3cac0a4c3/click'
12:12:40.588 [AsyncHttpClient-1-11] DEBUG org.asynchttpclient.netty.handler.HttpHandler - 

Request DefaultHttpRequest(decodeResult: success, version: HTTP/1.1)
POST /session/26fb44b34cfd0a126dbb891fb941aaa6/element/c9afbce1-1537-47a0-a3f6-b5c3cac0a4c3/click HTTP/1.1
User-Agent: selenium/4.1.2 (java windows)
Content-Length: 50
Content-Type: application/json; charset=utf-8
host: localhost:60737
accept: */*

Response DefaultHttpResponse(decodeResult: success, version: HTTP/1.1)
HTTP/1.1 200 OK
Content-Type: application/json; charset=utf-8
cache-control: no-cache
content-length: 14

12:12:40.588 [AsyncHttpClient-1-11] DEBUG org.asynchttpclient.netty.channel.ChannelManager - Adding key: http://localhost:60737 for channel [id: 0x06349e59, L:/127.0.0.1:49515 - R:localhost/127.0.0.1:60737]
12:12:40.594 [Forwarding screenshot on session 26fb44b34cfd0a126dbb891fb941aaa6 to remote] DEBUG org.asynchttpclient.netty.request.NettyRequestSender - Using pooled Channel '[id: 0x06349e59, L:/127.0.0.1:49515 - R:localhost/127.0.0.1:60737]' for 'GET' to 'http://localhost:60737/session/26fb44b34cfd0a126dbb891fb941aaa6/screenshot'
12:12:40.594 [Forwarding screenshot on session 26fb44b34cfd0a126dbb891fb941aaa6 to remote] DEBUG org.asynchttpclient.netty.request.NettyRequestSender - Using open Channel [id: 0x06349e59, L:/127.0.0.1:49515 - R:localhost/127.0.0.1:60737] for GET '/session/26fb44b34cfd0a126dbb891fb941aaa6/screenshot'
12:12:40.785 [AsyncHttpClient-1-11] DEBUG org.asynchttpclient.netty.handler.HttpHandler - 

Request DefaultFullHttpRequest(decodeResult: success, version: HTTP/1.1, content: EmptyByteBufBE)
GET /session/26fb44b34cfd0a126dbb891fb941aaa6/screenshot HTTP/1.1
User-Agent: selenium/4.1.2 (java windows)
Cache-Control: no-cache
Content-Type: application/json; charset=utf-8
host: localhost:60737
accept: */*

Response DefaultHttpResponse(decodeResult: success, version: HTTP/1.1)
HTTP/1.1 200 OK
Content-Type: application/json; charset=utf-8
cache-control: no-cache
content-length: 36220

12:12:40.786 [AsyncHttpClient-1-11] DEBUG org.asynchttpclient.netty.channel.ChannelManager - Adding key: http://localhost:60737 for channel [id: 0x06349e59, L:/127.0.0.1:49515 - R:localhost/127.0.0.1:60737]
12:12:40.787 [main] DEBUG net.serenitybdd.core.photography.Darkroom - Send negative for processing for target\site\serenity\67752aeb70bc36185673a07963601b884ae9ea9782f0fb3e9cc9689816430d3f.png
12:12:40.788 [main] DEBUG net.thucydides.core.steps.StepInterceptor - STEP DONE: clickRegisterbutton
  &amp#27;[32mAnd &amp#27;[0m&amp#27;[32mclick register button&amp#27;[0m                        &amp#27;[90m# starter.definitions.RegisterSteps.RegisterButton()&amp#27;[0m
12:12:40.788 [Darkroom Processing Line] DEBUG net.serenitybdd.core.photography.DarkroomProcessingLine - Processing screenshot image in /var/screenshots/screenshot-2784423915340631102
12:12:40.788 [Darkroom Processing Line] DEBUG net.serenitybdd.core.photography.DarkroomProcessingLine - Saving screenshot to target\site\serenity\67752aeb70bc36185673a07963601b884ae9ea9782f0fb3e9cc9689816430d3f.png
12:12:40.801 [main] DEBUG net.thucydides.core.steps.StepInterceptor - STARTING STEP: RegisterSteps.LoginPage - validateonLoginPage
12:12:40.803 [Forwarding findElement on session 26fb44b34cfd0a126dbb891fb941aaa6 to remote] DEBUG org.asynchttpclient.netty.request.NettyRequestSender - Using pooled Channel '[id: 0x06349e59, L:/127.0.0.1:49515 - R:localhost/127.0.0.1:60737]' for 'POST' to 'http://localhost:60737/session/26fb44b34cfd0a126dbb891fb941aaa6/element'
12:12:40.803 [Forwarding findElement on session 26fb44b34cfd0a126dbb891fb941aaa6 to remote] DEBUG org.asynchttpclient.netty.request.NettyRequestSender - Using open Channel [id: 0x06349e59, L:/127.0.0.1:49515 - R:localhost/127.0.0.1:60737] for POST '/session/26fb44b34cfd0a126dbb891fb941aaa6/element'
12:12:40.829 [AsyncHttpClient-1-11] DEBUG org.asynchttpclient.netty.handler.HttpHandler - 

Request DefaultHttpRequest(decodeResult: success, version: HTTP/1.1)
POST /session/26fb44b34cfd0a126dbb891fb941aaa6/element HTTP/1.1
User-Agent: selenium/4.1.2 (java windows)
Content-Length: 102
Content-Type: application/json; charset=utf-8
host: localhost:60737
accept: */*

Response DefaultHttpResponse(decodeResult: success, version: HTTP/1.1)
HTTP/1.1 200 OK
Content-Type: application/json; charset=utf-8
cache-control: no-cache
content-length: 88

12:12:40.830 [AsyncHttpClient-1-11] DEBUG org.asynchttpclient.netty.channel.ChannelManager - Adding key: http://localhost:60737 for channel [id: 0x06349e59, L:/127.0.0.1:49515 - R:localhost/127.0.0.1:60737]
12:12:40.833 [Forwarding isElementDisplayed on session 26fb44b34cfd0a126dbb891fb941aaa6 to remote] DEBUG org.asynchttpclient.netty.request.NettyRequestSender - Using pooled Channel '[id: 0x06349e59, L:/127.0.0.1:49515 - R:localhost/127.0.0.1:60737]' for 'POST' to 'http://localhost:60737/session/26fb44b34cfd0a126dbb891fb941aaa6/execute/sync'
12:12:40.833 [Forwarding isElementDisplayed on session 26fb44b34cfd0a126dbb891fb941aaa6 to remote] DEBUG org.asynchttpclient.netty.request.NettyRequestSender - Using open Channel [id: 0x06349e59, L:/127.0.0.1:49515 - R:localhost/127.0.0.1:60737] for POST '/session/26fb44b34cfd0a126dbb891fb941aaa6/execute/sync'
12:12:40.858 [AsyncHttpClient-1-11] DEBUG org.asynchttpclient.netty.handler.HttpHandler - 

Request DefaultHttpRequest(decodeResult: success, version: HTTP/1.1)
POST /session/26fb44b34cfd0a126dbb891fb941aaa6/execute/sync HTTP/1.1
User-Agent: selenium/4.1.2 (java windows)
Content-Length: 48780
Content-Type: application/json; charset=utf-8
host: localhost:60737
accept: */*

Response DefaultHttpResponse(decodeResult: success, version: HTTP/1.1)
HTTP/1.1 200 OK
Content-Type: application/json; charset=utf-8
cache-control: no-cache
content-length: 14

12:12:40.858 [AsyncHttpClient-1-11] DEBUG org.asynchttpclient.netty.channel.ChannelManager - Adding key: http://localhost:60737 for channel [id: 0x06349e59, L:/127.0.0.1:49515 - R:localhost/127.0.0.1:60737]
12:12:40.862 [Forwarding screenshot on session 26fb44b34cfd0a126dbb891fb941aaa6 to remote] DEBUG org.asynchttpclient.netty.request.NettyRequestSender - Using pooled Channel '[id: 0x06349e59, L:/127.0.0.1:49515 - R:localhost/127.0.0.1:60737]' for 'GET' to 'http://localhost:60737/session/26fb44b34cfd0a126dbb891fb941aaa6/screenshot'
12:12:40.862 [Forwarding screenshot on session 26fb44b34cfd0a126dbb891fb941aaa6 to remote] DEBUG org.asynchttpclient.netty.request.NettyRequestSender - Using open Channel [id: 0x06349e59, L:/127.0.0.1:49515 - R:localhost/127.0.0.1:60737] for GET '/session/26fb44b34cfd0a126dbb891fb941aaa6/screenshot'
12:12:41.064 [AsyncHttpClient-1-11] DEBUG org.asynchttpclient.netty.handler.HttpHandler - 

Request DefaultFullHttpRequest(decodeResult: success, version: HTTP/1.1, content: EmptyByteBufBE)
GET /session/26fb44b34cfd0a126dbb891fb941aaa6/screenshot HTTP/1.1
User-Agent: selenium/4.1.2 (java windows)
Cache-Control: no-cache
Content-Type: application/json; charset=utf-8
host: localhost:60737
accept: */*

Response DefaultHttpResponse(decodeResult: success, version: HTTP/1.1)
HTTP/1.1 200 OK
Content-Type: application/json; charset=utf-8
cache-control: no-cache
content-length: 35568

12:12:41.065 [AsyncHttpClient-1-11] DEBUG org.asynchttpclient.netty.channel.ChannelManager - Adding key: http://localhost:60737 for channel [id: 0x06349e59, L:/127.0.0.1:49515 - R:localhost/127.0.0.1:60737]
12:12:41.067 [main] DEBUG net.serenitybdd.core.photography.Darkroom - Send negative for processing for target\site\serenity\3edc525047010c309cbe9464d56bbfa7c04682d88d192735845d8fad3ae7d860.png
12:12:41.067 [main] DEBUG net.thucydides.core.steps.StepInterceptor - STEP DONE: validateonLoginPage
  &amp#27;[32mThen &amp#27;[0m&amp#27;[32muser redirected to login page&amp#27;[0m               &amp#27;[90m# starter.definitions.RegisterSteps.LoginPage()&amp#27;[0m
12:12:41.067 [Darkroom Processing Line] DEBUG net.serenitybdd.core.photography.DarkroomProcessingLine - Processing screenshot image in /var/screenshots/screenshot-11358311406471068593
12:12:41.067 [Darkroom Processing Line] DEBUG net.serenitybdd.core.photography.DarkroomProcessingLine - Saving screenshot to target\site\serenity\3edc525047010c309cbe9464d56bbfa7c04682d88d192735845d8fad3ae7d860.png
12:12:41.072 [main] INFO  - 
  _____   ___   ___   _____     ___     _     ___   ___   ___   ___  
 |_   _| | __| / __| |_   _|   | _ \   /_\   / __| / __| | __| |   \ 
   | |   | _|  \__ \   | |     |  _/  / _ \  \__ \ \__ \ | _|  | |) |
   |_|   |___| |___/   |_|     |_|   /_/ \_\ |___/ |___/ |___| |___/ 

As a user i want registered successfully
----------------------------------------------------------------------
12:12:41.073 [AsyncHttpClient-1-13] DEBUG org.asynchttpclient.netty.handler.WebSocketHandler - Channel Closed: [id: 0xf139a075, L:/127.0.0.1:49528 ! R:localhost/127.0.0.1:49516] with attribute NettyResponseFuture{currentRetry=5,
	isDone=1,
	isCancelled=0,
	asyncHandler=org.asynchttpclient.ws.WebSocketUpgradeHandler@39467310,
	nettyRequest=org.asynchttpclient.netty.request.NettyRequest@7c44fa5c,
	future=java.util.concurrent.CompletableFuture@3f7a90ac[Completed normally],
	uri=ws://localhost:49516/devtools/browser/580d01cc-e71d-44c9-9899-b98713d55136,
	keepAlive=true,
	redirectCount=0,
	timeoutsHolder=null,
	inAuth=0,
	touch=1652242356830}
12:12:41.073 [AsyncHttpClient-1-13] DEBUG org.asynchttpclient.netty.channel.ChannelManager - Closing Channel [id: 0xf139a075, L:/127.0.0.1:49528 ! R:localhost/127.0.0.1:49516] 
12:12:41.075 [Driver Command Executor] DEBUG org.asynchttpclient.netty.request.NettyRequestSender - Using pooled Channel '[id: 0x06349e59, L:/127.0.0.1:49515 - R:localhost/127.0.0.1:60737]' for 'DELETE' to 'http://localhost:60737/session/26fb44b34cfd0a126dbb891fb941aaa6'
12:12:41.075 [Driver Command Executor] DEBUG org.asynchttpclient.netty.request.NettyRequestSender - Using open Channel [id: 0x06349e59, L:/127.0.0.1:49515 - R:localhost/127.0.0.1:60737] for DELETE '/session/26fb44b34cfd0a126dbb891fb941aaa6'
12:12:41.077 [AsyncHttpClient-1-1] DEBUG org.asynchttpclient.netty.channel.DefaultChannelPool - Entry count for : http://localhost:49516 : 1
12:12:41.269 [AsyncHttpClient-1-12] DEBUG org.asynchttpclient.netty.handler.HttpHandler - Unexpected I/O exception on channel [id: 0xd01c2003, L:/127.0.0.1:49527 - R:localhost/127.0.0.1:49516]
java.net.SocketException: Connection reset
	at java.base/sun.nio.ch.SocketChannelImpl.throwConnectionReset(SocketChannelImpl.java:394)
	at java.base/sun.nio.ch.SocketChannelImpl.read(SocketChannelImpl.java:426)
	at io.netty.buffer.PooledByteBuf.setBytes(PooledByteBuf.java:258)
	at io.netty.buffer.AbstractByteBuf.writeBytes(AbstractByteBuf.java:1132)
	at io.netty.channel.socket.nio.NioSocketChannel.doReadBytes(NioSocketChannel.java:350)
	at io.netty.channel.nio.AbstractNioByteChannel$NioByteUnsafe.read(AbstractNioByteChannel.java:151)
	at io.netty.channel.nio.NioEventLoop.processSelectedKey(NioEventLoop.java:722)
	at io.netty.channel.nio.NioEventLoop.processSelectedKeysOptimized(NioEventLoop.java:658)
	at io.netty.channel.nio.NioEventLoop.processSelectedKeys(NioEventLoop.java:584)
	at io.netty.channel.nio.NioEventLoop.run(NioEventLoop.java:496)
	at io.netty.util.concurrent.SingleThreadEventExecutor$4.run(SingleThreadEventExecutor.java:986)
	at io.netty.util.internal.ThreadExecutorMap$2.run(ThreadExecutorMap.java:74)
	at io.netty.util.concurrent.FastThreadLocalRunnable.run(FastThreadLocalRunnable.java:30)
	at java.base/java.lang.Thread.run(Thread.java:833)
12:12:41.270 [AsyncHttpClient-1-12] DEBUG org.asynchttpclient.netty.channel.ChannelManager - Closing Channel [id: 0xd01c2003, L:/127.0.0.1:49527 - R:localhost/127.0.0.1:49516] 
12:12:41.270 [AsyncHttpClient-1-12] DEBUG org.asynchttpclient.netty.handler.HttpHandler - Channel Closed: [id: 0xd01c2003, L:/127.0.0.1:49527 ! R:localhost/127.0.0.1:49516] with attribute DISCARD
12:12:41.347 [AsyncHttpClient-1-11] DEBUG org.asynchttpclient.netty.handler.HttpHandler - 

Request DefaultFullHttpRequest(decodeResult: success, version: HTTP/1.1, content: EmptyByteBufBE)
DELETE /session/26fb44b34cfd0a126dbb891fb941aaa6 HTTP/1.1
User-Agent: selenium/4.1.2 (java windows)
Content-Type: application/json; charset=utf-8
host: localhost:60737
accept: */*

Response DefaultHttpResponse(decodeResult: success, version: HTTP/1.1)
HTTP/1.1 200 OK
Content-Type: application/json; charset=utf-8
cache-control: no-cache
content-length: 14

12:12:41.347 [AsyncHttpClient-1-11] DEBUG org.asynchttpclient.netty.channel.ChannelManager - Adding key: http://localhost:60737 for channel [id: 0x06349e59, L:/127.0.0.1:49515 - R:localhost/127.0.0.1:60737]
12:12:42.178 [AsyncHttpClient-1-1] DEBUG org.asynchttpclient.netty.channel.DefaultChannelPool - Entry count for : http://localhost:60737 : 1
12:12:42.178 [AsyncHttpClient-1-1] DEBUG org.asynchttpclient.netty.channel.DefaultChannelPool - Entry count for : http://localhost:49516 : 1
12:12:42.178 [AsyncHttpClient-1-1] DEBUG org.asynchttpclient.netty.channel.DefaultChannelPool - Adding Candidate expired Channel [id: 0xd01c2003, L:/127.0.0.1:49527 ! R:localhost/127.0.0.1:49516] isIdleTimeoutExpired=false isRemotelyClosed=true isTtlExpired=false
12:12:42.178 [AsyncHttpClient-1-1] DEBUG org.asynchttpclient.netty.channel.DefaultChannelPool - Closing Idle Channel [id: 0xd01c2003, L:/127.0.0.1:49527 ! R:localhost/127.0.0.1:49516]
12:12:42.178 [AsyncHttpClient-1-1] DEBUG org.asynchttpclient.netty.channel.DefaultChannelPool - Closed 1 connections out of 2 in 0 ms
12:12:42.377 [AsyncHttpClient-1-11] DEBUG org.asynchttpclient.netty.handler.HttpHandler - Unexpected I/O exception on channel [id: 0x06349e59, L:/127.0.0.1:49515 - R:localhost/127.0.0.1:60737]
java.net.SocketException: Connection reset
	at java.base/sun.nio.ch.SocketChannelImpl.throwConnectionReset(SocketChannelImpl.java:394)
	at java.base/sun.nio.ch.SocketChannelImpl.read(SocketChannelImpl.java:426)
	at io.netty.buffer.PooledByteBuf.setBytes(PooledByteBuf.java:258)
	at io.netty.buffer.AbstractByteBuf.writeBytes(AbstractByteBuf.java:1132)
	at io.netty.channel.socket.nio.NioSocketChannel.doReadBytes(NioSocketChannel.java:350)
	at io.netty.channel.nio.AbstractNioByteChannel$NioByteUnsafe.read(AbstractNioByteChannel.java:151)
	at io.netty.channel.nio.NioEventLoop.processSelectedKey(NioEventLoop.java:722)
	at io.netty.channel.nio.NioEventLoop.processSelectedKeysOptimized(NioEventLoop.java:658)
	at io.netty.channel.nio.NioEventLoop.processSelectedKeys(NioEventLoop.java:584)
	at io.netty.channel.nio.NioEventLoop.run(NioEventLoop.java:496)
	at io.netty.util.concurrent.SingleThreadEventExecutor$4.run(SingleThreadEventExecutor.java:986)
	at io.netty.util.internal.ThreadExecutorMap$2.run(ThreadExecutorMap.java:74)
	at io.netty.util.concurrent.FastThreadLocalRunnable.run(FastThreadLocalRunnable.java:30)
	at java.base/java.lang.Thread.run(Thread.java:833)
12:12:42.377 [AsyncHttpClient-1-11] DEBUG org.asynchttpclient.netty.channel.ChannelManager - Closing Channel [id: 0x06349e59, L:/127.0.0.1:49515 - R:localhost/127.0.0.1:60737] 
12:12:42.378 [AsyncHttpClient-1-11] DEBUG org.asynchttpclient.netty.handler.HttpHandler - Channel Closed: [id: 0x06349e59, L:/127.0.0.1:49515 ! R:localhost/127.0.0.1:60737] with attribute DISCARD
]]></system-out>
    <system-err><![CDATA[Starting ChromeDriver 101.0.4951.41 (93c720db8323b3ec10d056025ab95c23a31997c9-refs/branch-heads/4951@{#904}) on port 60737
Only local connections are allowed.
Please see https://chromedriver.chromium.org/security-considerations for suggestions on keeping ChromeDriver safe.
ChromeDriver was started successfully.
May 11, 2022 12:12:36 PM org.openqa.selenium.remote.ProtocolHandshake createSession
INFO: Detected dialect: W3C
May 11, 2022 12:12:36 PM org.openqa.selenium.devtools.CdpVersionFinder findNearestMatch
WARNING: Unable to find an exact match for CDP version 101, so returning the closest version found: 97
May 11, 2022 12:12:36 PM org.openqa.selenium.devtools.CdpVersionFinder findNearestMatch
INFO: Found CDP implementation for version 101 of 97
]]></system-err>
  </testcase>
  <testcase name="as a user choose helath category" classname="as a user choose the desired category such as the health category" time="5.584">
    <system-out><![CDATA[12:12:42.450 [main] INFO io.cucumber.core.plugin.SerenityReporter - Running feature from file:///D:/alta%20folder/New%20folder/Web%20Testing/src/test/resources/features/SelectCategory.feature
12:12:42.451 [main] DEBUG net.thucydides.core.steps.StepEventBus - Test suite started for story net.thucydides.core.model.Story@64a97f89
12:12:42.452 [main] INFO  - Test Suite Started: as a user choose the desired category such as the health category

Scenario: as a user choose helath category &amp#27;[90m# src/test/resources/features/SelectCategory.feature:3&amp#27;[0m
12:12:42.457 [main] INFO io.cucumber.core.plugin.SerenityReporter - Running feature from file:///D:/alta%20folder/New%20folder/Web%20Testing/src/test/resources/features/SelectCategory.feature
12:12:42.458 [main] INFO  - 
  _____   ___   ___   _____     ___   _____     _     ___   _____   ___   ___  
 |_   _| | __| / __| |_   _|   / __| |_   _|   /_\   | _ \ |_   _| | __| |   \ 
   | |   | _|  \__ \   | |     \__ \   | |    / _ \  |   /   | |   | _|  | |) |
   |_|   |___| |___/   |_|     |___/   |_|   /_/ \_\ |_|_\   |_|   |___| |___/ 

as a user choose helath category(as-a-user-choose-the-desired-category-such-as-the-health-category;as-a-user-choose-helath-category)
--------------------------------------------------------------------------------
12:12:42.515 [main] DEBUG net.thucydides.core.steps.StepInterceptor - STARTING STEP: SelectCategorySteps.useronhomepage - openPage
12:12:42.516 [main] INFO net.serenitybdd.core.webdriver.driverproviders.ChromeDriverProvider - Using automatically driver download
12:12:42.674 [main] DEBUG io.github.bonigarcia.wdm.cache.ResolutionCache - Resolution chrome=101 in cache (valid until 13:12:06 11/05/2022 WITA)
12:12:42.677 [main] DEBUG io.github.bonigarcia.wdm.cache.ResolutionCache - Resolution chrome101=101.0.4951.41 in cache (valid until 21:51:26 11/05/2022 WITA)
12:12:42.678 [main] INFO io.github.bonigarcia.wdm.WebDriverManager - Using chromedriver 101.0.4951.41 (resolved driver for Chrome 101)
12:12:42.688 [main] DEBUG io.github.bonigarcia.wdm.WebDriverManager - Driver chromedriver 101.0.4951.41 found in cache
12:12:42.689 [main] INFO io.github.bonigarcia.wdm.WebDriverManager - Exporting webdriver.chrome.driver as C:\Users\Rev\.cache\selenium\chromedriver\win32\101.0.4951.41\chromedriver.exe
12:12:42.821 [main] DEBUG net.serenitybdd.core.webdriver.driverproviders.ProvideNewDriver - Instantiating driver
12:12:42.821 [main] DEBUG net.serenitybdd.core.webdriver.driverproviders.ProvideNewDriver - Driver capabilities: Capabilities {acceptInsecureCerts: false, base.url: https://qa.alta.id, browserName: chrome, chrome.driver: webdriver/chromedriver.exe, driver: chrome, goog:chromeOptions: {args: [], extensions: []}}
12:12:43.052 [AsyncHttpClient-1-14] DEBUG org.asynchttpclient.netty.channel.NettyConnectListener - Using new Channel '[id: 0xcba36af2, L:/127.0.0.1:49554 - R:localhost/127.0.0.1:57886]' for 'POST' to '/session'
12:12:43.275 [AsyncHttpClient-1-1] DEBUG org.asynchttpclient.netty.channel.DefaultChannelPool - Entry count for : http://localhost:60737 : 1
12:12:43.275 [AsyncHttpClient-1-1] DEBUG org.asynchttpclient.netty.channel.DefaultChannelPool - Adding Candidate expired Channel [id: 0x06349e59, L:/127.0.0.1:49515 ! R:localhost/127.0.0.1:60737] isIdleTimeoutExpired=false isRemotelyClosed=true isTtlExpired=false
12:12:43.275 [AsyncHttpClient-1-1] DEBUG org.asynchttpclient.netty.channel.DefaultChannelPool - Closing Idle Channel [id: 0x06349e59, L:/127.0.0.1:49515 ! R:localhost/127.0.0.1:60737]
12:12:43.275 [AsyncHttpClient-1-1] DEBUG org.asynchttpclient.netty.channel.DefaultChannelPool - Closed 1 connections out of 1 in 0 ms
12:12:43.917 [AsyncHttpClient-1-14] DEBUG org.asynchttpclient.netty.handler.HttpHandler - 

Request DefaultHttpRequest(decodeResult: success, version: HTTP/1.1)
POST /session HTTP/1.1
User-Agent: selenium/4.1.2 (java windows)
Content-Length: 565
Content-Type: application/json; charset=utf-8
host: localhost:57886
accept: */*

Response DefaultHttpResponse(decodeResult: success, version: HTTP/1.1)
HTTP/1.1 200 OK
Content-Type: application/json; charset=utf-8
cache-control: no-cache
content-length: 787

12:12:43.917 [AsyncHttpClient-1-14] DEBUG org.asynchttpclient.netty.channel.ChannelManager - Adding key: http://localhost:57886 for channel [id: 0xcba36af2, L:/127.0.0.1:49554 - R:localhost/127.0.0.1:57886]
12:12:43.929 [AsyncHttpClient-1-15] DEBUG org.asynchttpclient.netty.channel.NettyConnectListener - Using new Channel '[id: 0x9f4ab0d6, L:/127.0.0.1:49561 - R:localhost/127.0.0.1:49555]' for 'GET' to '/json/version'
12:12:43.935 [AsyncHttpClient-1-15] DEBUG org.asynchttpclient.netty.handler.HttpHandler - 

Request DefaultFullHttpRequest(decodeResult: success, version: HTTP/1.1, content: EmptyByteBufBE)
GET /json/version HTTP/1.1
User-Agent: selenium/4.1.2 (java windows)
host: localhost:49555
accept: */*

Response DefaultHttpResponse(decodeResult: success, version: HTTP/1.1)
HTTP/1.1 200 OK
Content-Type: application/json; charset=UTF-8
content-length: 427

12:12:43.936 [AsyncHttpClient-1-15] DEBUG org.asynchttpclient.netty.channel.ChannelManager - Adding key: http://localhost:49555 for channel [id: 0x9f4ab0d6, L:/127.0.0.1:49561 - R:localhost/127.0.0.1:49555]
12:12:43.944 [AsyncHttpClient-1-16] DEBUG org.asynchttpclient.netty.channel.NettyConnectListener - Using new Channel '[id: 0x22407a83, L:/127.0.0.1:49562 - R:localhost/127.0.0.1:49555]' for 'GET' to '/devtools/browser/900626d8-cee3-4734-8aaa-9e1b2f7244bd'
12:12:43.951 [AsyncHttpClient-1-16] DEBUG org.asynchttpclient.netty.handler.WebSocketHandler - 

Request DefaultFullHttpRequest(decodeResult: success, version: HTTP/1.1, content: EmptyByteBufBE)
GET /devtools/browser/900626d8-cee3-4734-8aaa-9e1b2f7244bd HTTP/1.1
upgrade: websocket
connection: upgrade
sec-websocket-key: 0bRIZqKGb3iU99AidZ7uKg==
sec-websocket-version: 13
origin: http://localhost:49555
host: localhost:49555
accept: */*
user-agent: AHC/2.1

Response DefaultHttpResponse(decodeResult: success, version: HTTP/1.1)
HTTP/1.1 101 WebSocket Protocol Handshake
Upgrade: WebSocket
Connection: Upgrade
Sec-WebSocket-Accept: viHN4TmMP+OiNWjsC2pcePnJyaQ=

12:12:43.956 [Forwarding get on session 7a146636d04742a83f07322ab8727b5f to remote] DEBUG org.asynchttpclient.netty.request.NettyRequestSender - Using pooled Channel '[id: 0xcba36af2, L:/127.0.0.1:49554 - R:localhost/127.0.0.1:57886]' for 'POST' to 'http://localhost:57886/session/7a146636d04742a83f07322ab8727b5f/url'
12:12:43.956 [Forwarding get on session 7a146636d04742a83f07322ab8727b5f to remote] DEBUG org.asynchttpclient.netty.request.NettyRequestSender - Using open Channel [id: 0xcba36af2, L:/127.0.0.1:49554 - R:localhost/127.0.0.1:57886] for POST '/session/7a146636d04742a83f07322ab8727b5f/url'
12:12:44.375 [AsyncHttpClient-1-1] DEBUG org.asynchttpclient.netty.channel.DefaultChannelPool - Entry count for : http://localhost:49555 : 1
12:12:44.451 [AsyncHttpClient-1-14] DEBUG org.asynchttpclient.netty.handler.HttpHandler - 

Request DefaultHttpRequest(decodeResult: success, version: HTTP/1.1)
POST /session/7a146636d04742a83f07322ab8727b5f/url HTTP/1.1
User-Agent: selenium/4.1.2 (java windows)
Content-Length: 43
Content-Type: application/json; charset=utf-8
host: localhost:57886
accept: */*

Response DefaultHttpResponse(decodeResult: success, version: HTTP/1.1)
HTTP/1.1 200 OK
Content-Type: application/json; charset=utf-8
cache-control: no-cache
content-length: 14

12:12:44.451 [AsyncHttpClient-1-14] DEBUG org.asynchttpclient.netty.channel.ChannelManager - Adding key: http://localhost:57886 for channel [id: 0xcba36af2, L:/127.0.0.1:49554 - R:localhost/127.0.0.1:57886]
12:12:44.453 [Forwarding setTimeout on session 7a146636d04742a83f07322ab8727b5f to remote] DEBUG org.asynchttpclient.netty.request.NettyRequestSender - Using pooled Channel '[id: 0xcba36af2, L:/127.0.0.1:49554 - R:localhost/127.0.0.1:57886]' for 'POST' to 'http://localhost:57886/session/7a146636d04742a83f07322ab8727b5f/timeouts'
12:12:44.453 [Forwarding setTimeout on session 7a146636d04742a83f07322ab8727b5f to remote] DEBUG org.asynchttpclient.netty.request.NettyRequestSender - Using open Channel [id: 0xcba36af2, L:/127.0.0.1:49554 - R:localhost/127.0.0.1:57886] for POST '/session/7a146636d04742a83f07322ab8727b5f/timeouts'
12:12:44.458 [AsyncHttpClient-1-14] DEBUG org.asynchttpclient.netty.handler.HttpHandler - 

Request DefaultHttpRequest(decodeResult: success, version: HTTP/1.1)
POST /session/7a146636d04742a83f07322ab8727b5f/timeouts HTTP/1.1
User-Agent: selenium/4.1.2 (java windows)
Content-Length: 22
Content-Type: application/json; charset=utf-8
host: localhost:57886
accept: */*

Response DefaultHttpResponse(decodeResult: success, version: HTTP/1.1)
HTTP/1.1 200 OK
Content-Type: application/json; charset=utf-8
cache-control: no-cache
content-length: 14

12:12:44.458 [AsyncHttpClient-1-14] DEBUG org.asynchttpclient.netty.channel.ChannelManager - Adding key: http://localhost:57886 for channel [id: 0xcba36af2, L:/127.0.0.1:49554 - R:localhost/127.0.0.1:57886]
12:12:44.461 [Forwarding getCurrentUrl on session 7a146636d04742a83f07322ab8727b5f to remote] DEBUG org.asynchttpclient.netty.request.NettyRequestSender - Using pooled Channel '[id: 0xcba36af2, L:/127.0.0.1:49554 - R:localhost/127.0.0.1:57886]' for 'GET' to 'http://localhost:57886/session/7a146636d04742a83f07322ab8727b5f/url'
12:12:44.461 [Forwarding getCurrentUrl on session 7a146636d04742a83f07322ab8727b5f to remote] DEBUG org.asynchttpclient.netty.request.NettyRequestSender - Using open Channel [id: 0xcba36af2, L:/127.0.0.1:49554 - R:localhost/127.0.0.1:57886] for GET '/session/7a146636d04742a83f07322ab8727b5f/url'
12:12:44.474 [AsyncHttpClient-1-14] DEBUG org.asynchttpclient.netty.handler.HttpHandler - 

Request DefaultFullHttpRequest(decodeResult: success, version: HTTP/1.1, content: EmptyByteBufBE)
GET /session/7a146636d04742a83f07322ab8727b5f/url HTTP/1.1
User-Agent: selenium/4.1.2 (java windows)
Cache-Control: no-cache
Content-Type: application/json; charset=utf-8
host: localhost:57886
accept: */*

Response DefaultHttpResponse(decodeResult: success, version: HTTP/1.1)
HTTP/1.1 200 OK
Content-Type: application/json; charset=utf-8
cache-control: no-cache
content-length: 31

12:12:44.474 [AsyncHttpClient-1-14] DEBUG org.asynchttpclient.netty.channel.ChannelManager - Adding key: http://localhost:57886 for channel [id: 0xcba36af2, L:/127.0.0.1:49554 - R:localhost/127.0.0.1:57886]
12:12:44.477 [Forwarding getCurrentUrl on session 7a146636d04742a83f07322ab8727b5f to remote] DEBUG org.asynchttpclient.netty.request.NettyRequestSender - Using pooled Channel '[id: 0xcba36af2, L:/127.0.0.1:49554 - R:localhost/127.0.0.1:57886]' for 'GET' to 'http://localhost:57886/session/7a146636d04742a83f07322ab8727b5f/url'
12:12:44.477 [Forwarding getCurrentUrl on session 7a146636d04742a83f07322ab8727b5f to remote] DEBUG org.asynchttpclient.netty.request.NettyRequestSender - Using open Channel [id: 0xcba36af2, L:/127.0.0.1:49554 - R:localhost/127.0.0.1:57886] for GET '/session/7a146636d04742a83f07322ab8727b5f/url'
12:12:44.486 [AsyncHttpClient-1-14] DEBUG org.asynchttpclient.netty.handler.HttpHandler - 

Request DefaultFullHttpRequest(decodeResult: success, version: HTTP/1.1, content: EmptyByteBufBE)
GET /session/7a146636d04742a83f07322ab8727b5f/url HTTP/1.1
User-Agent: selenium/4.1.2 (java windows)
Cache-Control: no-cache
Content-Type: application/json; charset=utf-8
host: localhost:57886
accept: */*

Response DefaultHttpResponse(decodeResult: success, version: HTTP/1.1)
HTTP/1.1 200 OK
Content-Type: application/json; charset=utf-8
cache-control: no-cache
content-length: 31

12:12:44.486 [AsyncHttpClient-1-14] DEBUG org.asynchttpclient.netty.channel.ChannelManager - Adding key: http://localhost:57886 for channel [id: 0xcba36af2, L:/127.0.0.1:49554 - R:localhost/127.0.0.1:57886]
12:12:44.491 [main] DEBUG net.serenitybdd.core.photography.Darkroom - Opening darkroom
12:12:44.492 [Forwarding screenshot on session 7a146636d04742a83f07322ab8727b5f to remote] DEBUG org.asynchttpclient.netty.request.NettyRequestSender - Using pooled Channel '[id: 0xcba36af2, L:/127.0.0.1:49554 - R:localhost/127.0.0.1:57886]' for 'GET' to 'http://localhost:57886/session/7a146636d04742a83f07322ab8727b5f/screenshot'
12:12:44.492 [Forwarding screenshot on session 7a146636d04742a83f07322ab8727b5f to remote] DEBUG org.asynchttpclient.netty.request.NettyRequestSender - Using open Channel [id: 0xcba36af2, L:/127.0.0.1:49554 - R:localhost/127.0.0.1:57886] for GET '/session/7a146636d04742a83f07322ab8727b5f/screenshot'
12:12:44.504 [Darkroom Processing Line] DEBUG net.serenitybdd.core.photography.DarkroomProcessingLine - Darkroom processing line starting up
12:12:45.384 [AsyncHttpClient-1-14] DEBUG org.asynchttpclient.netty.handler.HttpHandler - 

Request DefaultFullHttpRequest(decodeResult: success, version: HTTP/1.1, content: EmptyByteBufBE)
GET /session/7a146636d04742a83f07322ab8727b5f/screenshot HTTP/1.1
User-Agent: selenium/4.1.2 (java windows)
Cache-Control: no-cache
Content-Type: application/json; charset=utf-8
host: localhost:57886
accept: */*

Response DefaultHttpResponse(decodeResult: success, version: HTTP/1.1)
HTTP/1.1 200 OK
Content-Type: application/json; charset=utf-8
cache-control: no-cache
content-length: 62216

12:12:45.384 [AsyncHttpClient-1-14] DEBUG org.asynchttpclient.netty.channel.ChannelManager - Adding key: http://localhost:57886 for channel [id: 0xcba36af2, L:/127.0.0.1:49554 - R:localhost/127.0.0.1:57886]
12:12:45.387 [main] DEBUG net.serenitybdd.core.photography.Darkroom - Send negative for processing for target\site\serenity\5320a82275251c60efc748d741a19e517d5b0788e778bf86039494f1361bc915.png
12:12:45.387 [main] DEBUG net.thucydides.core.steps.StepInterceptor - STEP DONE: openPage
12:12:45.392 [main] DEBUG net.thucydides.core.steps.StepInterceptor - STARTING STEP: SelectCategorySteps.useronhomepage - homepage
12:12:45.395 [Forwarding findElement on session 7a146636d04742a83f07322ab8727b5f to remote] DEBUG org.asynchttpclient.netty.request.NettyRequestSender - Using pooled Channel '[id: 0xcba36af2, L:/127.0.0.1:49554 - R:localhost/127.0.0.1:57886]' for 'POST' to 'http://localhost:57886/session/7a146636d04742a83f07322ab8727b5f/element'
12:12:45.395 [Forwarding findElement on session 7a146636d04742a83f07322ab8727b5f to remote] DEBUG org.asynchttpclient.netty.request.NettyRequestSender - Using open Channel [id: 0xcba36af2, L:/127.0.0.1:49554 - R:localhost/127.0.0.1:57886] for POST '/session/7a146636d04742a83f07322ab8727b5f/element'
12:12:45.414 [AsyncHttpClient-1-14] DEBUG org.asynchttpclient.netty.handler.HttpHandler - 

Request DefaultHttpRequest(decodeResult: success, version: HTTP/1.1)
POST /session/7a146636d04742a83f07322ab8727b5f/element HTTP/1.1
User-Agent: selenium/4.1.2 (java windows)
Content-Length: 85
Content-Type: application/json; charset=utf-8
host: localhost:57886
accept: */*

Response DefaultHttpResponse(decodeResult: success, version: HTTP/1.1)
HTTP/1.1 200 OK
Content-Type: application/json; charset=utf-8
cache-control: no-cache
content-length: 88

12:12:45.414 [AsyncHttpClient-1-14] DEBUG org.asynchttpclient.netty.channel.ChannelManager - Adding key: http://localhost:57886 for channel [id: 0xcba36af2, L:/127.0.0.1:49554 - R:localhost/127.0.0.1:57886]
12:12:45.418 [Forwarding isElementDisplayed on session 7a146636d04742a83f07322ab8727b5f to remote] DEBUG org.asynchttpclient.netty.request.NettyRequestSender - Using pooled Channel '[id: 0xcba36af2, L:/127.0.0.1:49554 - R:localhost/127.0.0.1:57886]' for 'POST' to 'http://localhost:57886/session/7a146636d04742a83f07322ab8727b5f/execute/sync'
12:12:45.418 [Forwarding isElementDisplayed on session 7a146636d04742a83f07322ab8727b5f to remote] DEBUG org.asynchttpclient.netty.request.NettyRequestSender - Using open Channel [id: 0xcba36af2, L:/127.0.0.1:49554 - R:localhost/127.0.0.1:57886] for POST '/session/7a146636d04742a83f07322ab8727b5f/execute/sync'
12:12:45.437 [AsyncHttpClient-1-14] DEBUG org.asynchttpclient.netty.handler.HttpHandler - 

Request DefaultHttpRequest(decodeResult: success, version: HTTP/1.1)
POST /session/7a146636d04742a83f07322ab8727b5f/execute/sync HTTP/1.1
User-Agent: selenium/4.1.2 (java windows)
Content-Length: 48780
Content-Type: application/json; charset=utf-8
host: localhost:57886
accept: */*

Response DefaultHttpResponse(decodeResult: success, version: HTTP/1.1)
HTTP/1.1 200 OK
Content-Type: application/json; charset=utf-8
cache-control: no-cache
content-length: 14

12:12:45.438 [AsyncHttpClient-1-14] DEBUG org.asynchttpclient.netty.channel.ChannelManager - Adding key: http://localhost:57886 for channel [id: 0xcba36af2, L:/127.0.0.1:49554 - R:localhost/127.0.0.1:57886]
12:12:45.443 [Forwarding screenshot on session 7a146636d04742a83f07322ab8727b5f to remote] DEBUG org.asynchttpclient.netty.request.NettyRequestSender - Using pooled Channel '[id: 0xcba36af2, L:/127.0.0.1:49554 - R:localhost/127.0.0.1:57886]' for 'GET' to 'http://localhost:57886/session/7a146636d04742a83f07322ab8727b5f/screenshot'
12:12:45.443 [Forwarding screenshot on session 7a146636d04742a83f07322ab8727b5f to remote] DEBUG org.asynchttpclient.netty.request.NettyRequestSender - Using open Channel [id: 0xcba36af2, L:/127.0.0.1:49554 - R:localhost/127.0.0.1:57886] for GET '/session/7a146636d04742a83f07322ab8727b5f/screenshot'
12:12:45.474 [AsyncHttpClient-1-1] DEBUG org.asynchttpclient.netty.channel.DefaultChannelPool - Entry count for : http://localhost:49555 : 1
12:12:45.534 [AsyncHttpClient-1-14] DEBUG org.asynchttpclient.netty.handler.HttpHandler - 

Request DefaultFullHttpRequest(decodeResult: success, version: HTTP/1.1, content: EmptyByteBufBE)
GET /session/7a146636d04742a83f07322ab8727b5f/screenshot HTTP/1.1
User-Agent: selenium/4.1.2 (java windows)
Cache-Control: no-cache
Content-Type: application/json; charset=utf-8
host: localhost:57886
accept: */*

Response DefaultHttpResponse(decodeResult: success, version: HTTP/1.1)
HTTP/1.1 200 OK
Content-Type: application/json; charset=utf-8
cache-control: no-cache
content-length: 62216

12:12:45.534 [AsyncHttpClient-1-14] DEBUG org.asynchttpclient.netty.channel.ChannelManager - Adding key: http://localhost:57886 for channel [id: 0xcba36af2, L:/127.0.0.1:49554 - R:localhost/127.0.0.1:57886]
12:12:45.537 [main] DEBUG net.serenitybdd.core.photography.Darkroom - Send negative for processing for target\site\serenity\5320a82275251c60efc748d741a19e517d5b0788e778bf86039494f1361bc915.png
12:12:45.537 [main] DEBUG net.thucydides.core.steps.StepInterceptor - STEP DONE: homepage
  &amp#27;[32mGiven &amp#27;[0m&amp#27;[32mas a user on home page&amp#27;[0m             &amp#27;[90m# starter.definitions.SelectCategorySteps.useronhomepage()&amp#27;[0m
12:12:45.550 [main] DEBUG net.thucydides.core.steps.StepInterceptor - STARTING STEP: SelectCategorySteps.userclickselectcategory - validateclickselectcategory
12:12:45.554 [Forwarding findElement on session 7a146636d04742a83f07322ab8727b5f to remote] DEBUG org.asynchttpclient.netty.request.NettyRequestSender - Using pooled Channel '[id: 0xcba36af2, L:/127.0.0.1:49554 - R:localhost/127.0.0.1:57886]' for 'POST' to 'http://localhost:57886/session/7a146636d04742a83f07322ab8727b5f/element'
12:12:45.554 [Forwarding findElement on session 7a146636d04742a83f07322ab8727b5f to remote] DEBUG org.asynchttpclient.netty.request.NettyRequestSender - Using open Channel [id: 0xcba36af2, L:/127.0.0.1:49554 - R:localhost/127.0.0.1:57886] for POST '/session/7a146636d04742a83f07322ab8727b5f/element'
12:12:45.572 [AsyncHttpClient-1-14] DEBUG org.asynchttpclient.netty.handler.HttpHandler - 

Request DefaultHttpRequest(decodeResult: success, version: HTTP/1.1)
POST /session/7a146636d04742a83f07322ab8727b5f/element HTTP/1.1
User-Agent: selenium/4.1.2 (java windows)
Content-Length: 94
Content-Type: application/json; charset=utf-8
host: localhost:57886
accept: */*

Response DefaultHttpResponse(decodeResult: success, version: HTTP/1.1)
HTTP/1.1 200 OK
Content-Type: application/json; charset=utf-8
cache-control: no-cache
content-length: 88

12:12:45.572 [AsyncHttpClient-1-14] DEBUG org.asynchttpclient.netty.channel.ChannelManager - Adding key: http://localhost:57886 for channel [id: 0xcba36af2, L:/127.0.0.1:49554 - R:localhost/127.0.0.1:57886]
12:12:45.574 [Forwarding getElementTagName on session 7a146636d04742a83f07322ab8727b5f to remote] DEBUG org.asynchttpclient.netty.request.NettyRequestSender - Using pooled Channel '[id: 0xcba36af2, L:/127.0.0.1:49554 - R:localhost/127.0.0.1:57886]' for 'GET' to 'http://localhost:57886/session/7a146636d04742a83f07322ab8727b5f/element/7719e4f6-7461-4581-85aa-52fc69f6f060/name'
12:12:45.574 [Forwarding getElementTagName on session 7a146636d04742a83f07322ab8727b5f to remote] DEBUG org.asynchttpclient.netty.request.NettyRequestSender - Using open Channel [id: 0xcba36af2, L:/127.0.0.1:49554 - R:localhost/127.0.0.1:57886] for GET '/session/7a146636d04742a83f07322ab8727b5f/element/7719e4f6-7461-4581-85aa-52fc69f6f060/name'
12:12:45.582 [AsyncHttpClient-1-14] DEBUG org.asynchttpclient.netty.handler.HttpHandler - 

Request DefaultFullHttpRequest(decodeResult: success, version: HTTP/1.1, content: EmptyByteBufBE)
GET /session/7a146636d04742a83f07322ab8727b5f/element/7719e4f6-7461-4581-85aa-52fc69f6f060/name HTTP/1.1
User-Agent: selenium/4.1.2 (java windows)
Cache-Control: no-cache
Content-Type: application/json; charset=utf-8
host: localhost:57886
accept: */*

Response DefaultHttpResponse(decodeResult: success, version: HTTP/1.1)
HTTP/1.1 200 OK
Content-Type: application/json; charset=utf-8
cache-control: no-cache
content-length: 15

12:12:45.582 [AsyncHttpClient-1-14] DEBUG org.asynchttpclient.netty.channel.ChannelManager - Adding key: http://localhost:57886 for channel [id: 0xcba36af2, L:/127.0.0.1:49554 - R:localhost/127.0.0.1:57886]
12:12:45.583 [Forwarding getElementTagName on session 7a146636d04742a83f07322ab8727b5f to remote] DEBUG org.asynchttpclient.netty.request.NettyRequestSender - Using pooled Channel '[id: 0xcba36af2, L:/127.0.0.1:49554 - R:localhost/127.0.0.1:57886]' for 'GET' to 'http://localhost:57886/session/7a146636d04742a83f07322ab8727b5f/element/7719e4f6-7461-4581-85aa-52fc69f6f060/name'
12:12:45.583 [Forwarding getElementTagName on session 7a146636d04742a83f07322ab8727b5f to remote] DEBUG org.asynchttpclient.netty.request.NettyRequestSender - Using open Channel [id: 0xcba36af2, L:/127.0.0.1:49554 - R:localhost/127.0.0.1:57886] for GET '/session/7a146636d04742a83f07322ab8727b5f/element/7719e4f6-7461-4581-85aa-52fc69f6f060/name'
12:12:45.592 [AsyncHttpClient-1-14] DEBUG org.asynchttpclient.netty.handler.HttpHandler - 

Request DefaultFullHttpRequest(decodeResult: success, version: HTTP/1.1, content: EmptyByteBufBE)
GET /session/7a146636d04742a83f07322ab8727b5f/element/7719e4f6-7461-4581-85aa-52fc69f6f060/name HTTP/1.1
User-Agent: selenium/4.1.2 (java windows)
Cache-Control: no-cache
Content-Type: application/json; charset=utf-8
host: localhost:57886
accept: */*

Response DefaultHttpResponse(decodeResult: success, version: HTTP/1.1)
HTTP/1.1 200 OK
Content-Type: application/json; charset=utf-8
cache-control: no-cache
content-length: 15

12:12:45.592 [AsyncHttpClient-1-14] DEBUG org.asynchttpclient.netty.channel.ChannelManager - Adding key: http://localhost:57886 for channel [id: 0xcba36af2, L:/127.0.0.1:49554 - R:localhost/127.0.0.1:57886]
12:12:45.594 [Forwarding findElement on session 7a146636d04742a83f07322ab8727b5f to remote] DEBUG org.asynchttpclient.netty.request.NettyRequestSender - Using pooled Channel '[id: 0xcba36af2, L:/127.0.0.1:49554 - R:localhost/127.0.0.1:57886]' for 'POST' to 'http://localhost:57886/session/7a146636d04742a83f07322ab8727b5f/element'
12:12:45.594 [Forwarding findElement on session 7a146636d04742a83f07322ab8727b5f to remote] DEBUG org.asynchttpclient.netty.request.NettyRequestSender - Using open Channel [id: 0xcba36af2, L:/127.0.0.1:49554 - R:localhost/127.0.0.1:57886] for POST '/session/7a146636d04742a83f07322ab8727b5f/element'
12:12:45.603 [AsyncHttpClient-1-14] DEBUG org.asynchttpclient.netty.handler.HttpHandler - 

Request DefaultHttpRequest(decodeResult: success, version: HTTP/1.1)
POST /session/7a146636d04742a83f07322ab8727b5f/element HTTP/1.1
User-Agent: selenium/4.1.2 (java windows)
Content-Length: 94
Content-Type: application/json; charset=utf-8
host: localhost:57886
accept: */*

Response DefaultHttpResponse(decodeResult: success, version: HTTP/1.1)
HTTP/1.1 200 OK
Content-Type: application/json; charset=utf-8
cache-control: no-cache
content-length: 88

12:12:45.604 [AsyncHttpClient-1-14] DEBUG org.asynchttpclient.netty.channel.ChannelManager - Adding key: http://localhost:57886 for channel [id: 0xcba36af2, L:/127.0.0.1:49554 - R:localhost/127.0.0.1:57886]
12:12:45.605 [Forwarding clickElement on session 7a146636d04742a83f07322ab8727b5f to remote] DEBUG org.asynchttpclient.netty.request.NettyRequestSender - Using pooled Channel '[id: 0xcba36af2, L:/127.0.0.1:49554 - R:localhost/127.0.0.1:57886]' for 'POST' to 'http://localhost:57886/session/7a146636d04742a83f07322ab8727b5f/element/7719e4f6-7461-4581-85aa-52fc69f6f060/click'
12:12:45.605 [Forwarding clickElement on session 7a146636d04742a83f07322ab8727b5f to remote] DEBUG org.asynchttpclient.netty.request.NettyRequestSender - Using open Channel [id: 0xcba36af2, L:/127.0.0.1:49554 - R:localhost/127.0.0.1:57886] for POST '/session/7a146636d04742a83f07322ab8727b5f/element/7719e4f6-7461-4581-85aa-52fc69f6f060/click'
12:12:45.702 [AsyncHttpClient-1-14] DEBUG org.asynchttpclient.netty.handler.HttpHandler - 

Request DefaultHttpRequest(decodeResult: success, version: HTTP/1.1)
POST /session/7a146636d04742a83f07322ab8727b5f/element/7719e4f6-7461-4581-85aa-52fc69f6f060/click HTTP/1.1
User-Agent: selenium/4.1.2 (java windows)
Content-Length: 50
Content-Type: application/json; charset=utf-8
host: localhost:57886
accept: */*

Response DefaultHttpResponse(decodeResult: success, version: HTTP/1.1)
HTTP/1.1 200 OK
Content-Type: application/json; charset=utf-8
cache-control: no-cache
content-length: 14

12:12:45.702 [AsyncHttpClient-1-14] DEBUG org.asynchttpclient.netty.channel.ChannelManager - Adding key: http://localhost:57886 for channel [id: 0xcba36af2, L:/127.0.0.1:49554 - R:localhost/127.0.0.1:57886]
12:12:45.708 [Forwarding screenshot on session 7a146636d04742a83f07322ab8727b5f to remote] DEBUG org.asynchttpclient.netty.request.NettyRequestSender - Using pooled Channel '[id: 0xcba36af2, L:/127.0.0.1:49554 - R:localhost/127.0.0.1:57886]' for 'GET' to 'http://localhost:57886/session/7a146636d04742a83f07322ab8727b5f/screenshot'
12:12:45.708 [Forwarding screenshot on session 7a146636d04742a83f07322ab8727b5f to remote] DEBUG org.asynchttpclient.netty.request.NettyRequestSender - Using open Channel [id: 0xcba36af2, L:/127.0.0.1:49554 - R:localhost/127.0.0.1:57886] for GET '/session/7a146636d04742a83f07322ab8727b5f/screenshot'
12:12:46.035 [AsyncHttpClient-1-14] DEBUG org.asynchttpclient.netty.handler.HttpHandler - 

Request DefaultFullHttpRequest(decodeResult: success, version: HTTP/1.1, content: EmptyByteBufBE)
GET /session/7a146636d04742a83f07322ab8727b5f/screenshot HTTP/1.1
User-Agent: selenium/4.1.2 (java windows)
Cache-Control: no-cache
Content-Type: application/json; charset=utf-8
host: localhost:57886
accept: */*

Response DefaultHttpResponse(decodeResult: success, version: HTTP/1.1)
HTTP/1.1 200 OK
Content-Type: application/json; charset=utf-8
cache-control: no-cache
content-length: 63044

12:12:46.036 [AsyncHttpClient-1-14] DEBUG org.asynchttpclient.netty.channel.ChannelManager - Adding key: http://localhost:57886 for channel [id: 0xcba36af2, L:/127.0.0.1:49554 - R:localhost/127.0.0.1:57886]
12:12:46.039 [main] DEBUG net.serenitybdd.core.photography.Darkroom - Send negative for processing for target\site\serenity\3060fa13c4725a7d8b3d962edaeb7139be3e34424359fb09fb5e1efc46781379.png
12:12:46.039 [main] DEBUG net.thucydides.core.steps.StepInterceptor - STEP DONE: validateclickselectcategory
  &amp#27;[32mWhen &amp#27;[0m&amp#27;[32mas a user click select category&amp#27;[0m     &amp#27;[90m# starter.definitions.SelectCategorySteps.userclickselectcategory()&amp#27;[0m
12:12:46.039 [Darkroom Processing Line] DEBUG net.serenitybdd.core.photography.DarkroomProcessingLine - Processing screenshot image in /var/screenshots/screenshot-9785715145199145839
12:12:46.039 [Darkroom Processing Line] DEBUG net.serenitybdd.core.photography.DarkroomProcessingLine - Saving screenshot to target\site\serenity\3060fa13c4725a7d8b3d962edaeb7139be3e34424359fb09fb5e1efc46781379.png
12:12:46.053 [main] DEBUG net.thucydides.core.steps.StepInterceptor - STARTING STEP: SelectCategorySteps.userchoosehealtycategory - userchoseehealtycategory
12:12:46.056 [Forwarding findElement on session 7a146636d04742a83f07322ab8727b5f to remote] DEBUG org.asynchttpclient.netty.request.NettyRequestSender - Using pooled Channel '[id: 0xcba36af2, L:/127.0.0.1:49554 - R:localhost/127.0.0.1:57886]' for 'POST' to 'http://localhost:57886/session/7a146636d04742a83f07322ab8727b5f/element'
12:12:46.056 [Forwarding findElement on session 7a146636d04742a83f07322ab8727b5f to remote] DEBUG org.asynchttpclient.netty.request.NettyRequestSender - Using open Channel [id: 0xcba36af2, L:/127.0.0.1:49554 - R:localhost/127.0.0.1:57886] for POST '/session/7a146636d04742a83f07322ab8727b5f/element'
12:12:46.072 [AsyncHttpClient-1-14] DEBUG org.asynchttpclient.netty.handler.HttpHandler - 

Request DefaultHttpRequest(decodeResult: success, version: HTTP/1.1)
POST /session/7a146636d04742a83f07322ab8727b5f/element HTTP/1.1
User-Agent: selenium/4.1.2 (java windows)
Content-Length: 92
Content-Type: application/json; charset=utf-8
host: localhost:57886
accept: */*

Response DefaultHttpResponse(decodeResult: success, version: HTTP/1.1)
HTTP/1.1 200 OK
Content-Type: application/json; charset=utf-8
cache-control: no-cache
content-length: 88

12:12:46.073 [AsyncHttpClient-1-14] DEBUG org.asynchttpclient.netty.channel.ChannelManager - Adding key: http://localhost:57886 for channel [id: 0xcba36af2, L:/127.0.0.1:49554 - R:localhost/127.0.0.1:57886]
12:12:46.074 [Forwarding getElementTagName on session 7a146636d04742a83f07322ab8727b5f to remote] DEBUG org.asynchttpclient.netty.request.NettyRequestSender - Using pooled Channel '[id: 0xcba36af2, L:/127.0.0.1:49554 - R:localhost/127.0.0.1:57886]' for 'GET' to 'http://localhost:57886/session/7a146636d04742a83f07322ab8727b5f/element/88388d1e-303b-468e-a9cc-761d47e61b1b/name'
12:12:46.074 [Forwarding getElementTagName on session 7a146636d04742a83f07322ab8727b5f to remote] DEBUG org.asynchttpclient.netty.request.NettyRequestSender - Using open Channel [id: 0xcba36af2, L:/127.0.0.1:49554 - R:localhost/127.0.0.1:57886] for GET '/session/7a146636d04742a83f07322ab8727b5f/element/88388d1e-303b-468e-a9cc-761d47e61b1b/name'
12:12:46.096 [AsyncHttpClient-1-14] DEBUG org.asynchttpclient.netty.handler.HttpHandler - 

Request DefaultFullHttpRequest(decodeResult: success, version: HTTP/1.1, content: EmptyByteBufBE)
GET /session/7a146636d04742a83f07322ab8727b5f/element/88388d1e-303b-468e-a9cc-761d47e61b1b/name HTTP/1.1
User-Agent: selenium/4.1.2 (java windows)
Cache-Control: no-cache
Content-Type: application/json; charset=utf-8
host: localhost:57886
accept: */*

Response DefaultHttpResponse(decodeResult: success, version: HTTP/1.1)
HTTP/1.1 200 OK
Content-Type: application/json; charset=utf-8
cache-control: no-cache
content-length: 15

12:12:46.097 [AsyncHttpClient-1-14] DEBUG org.asynchttpclient.netty.channel.ChannelManager - Adding key: http://localhost:57886 for channel [id: 0xcba36af2, L:/127.0.0.1:49554 - R:localhost/127.0.0.1:57886]
12:12:46.098 [Forwarding getElementTagName on session 7a146636d04742a83f07322ab8727b5f to remote] DEBUG org.asynchttpclient.netty.request.NettyRequestSender - Using pooled Channel '[id: 0xcba36af2, L:/127.0.0.1:49554 - R:localhost/127.0.0.1:57886]' for 'GET' to 'http://localhost:57886/session/7a146636d04742a83f07322ab8727b5f/element/88388d1e-303b-468e-a9cc-761d47e61b1b/name'
12:12:46.098 [Forwarding getElementTagName on session 7a146636d04742a83f07322ab8727b5f to remote] DEBUG org.asynchttpclient.netty.request.NettyRequestSender - Using open Channel [id: 0xcba36af2, L:/127.0.0.1:49554 - R:localhost/127.0.0.1:57886] for GET '/session/7a146636d04742a83f07322ab8727b5f/element/88388d1e-303b-468e-a9cc-761d47e61b1b/name'
12:12:46.121 [AsyncHttpClient-1-14] DEBUG org.asynchttpclient.netty.handler.HttpHandler - 

Request DefaultFullHttpRequest(decodeResult: success, version: HTTP/1.1, content: EmptyByteBufBE)
GET /session/7a146636d04742a83f07322ab8727b5f/element/88388d1e-303b-468e-a9cc-761d47e61b1b/name HTTP/1.1
User-Agent: selenium/4.1.2 (java windows)
Cache-Control: no-cache
Content-Type: application/json; charset=utf-8
host: localhost:57886
accept: */*

Response DefaultHttpResponse(decodeResult: success, version: HTTP/1.1)
HTTP/1.1 200 OK
Content-Type: application/json; charset=utf-8
cache-control: no-cache
content-length: 15

12:12:46.122 [AsyncHttpClient-1-14] DEBUG org.asynchttpclient.netty.channel.ChannelManager - Adding key: http://localhost:57886 for channel [id: 0xcba36af2, L:/127.0.0.1:49554 - R:localhost/127.0.0.1:57886]
12:12:46.124 [Forwarding findElement on session 7a146636d04742a83f07322ab8727b5f to remote] DEBUG org.asynchttpclient.netty.request.NettyRequestSender - Using pooled Channel '[id: 0xcba36af2, L:/127.0.0.1:49554 - R:localhost/127.0.0.1:57886]' for 'POST' to 'http://localhost:57886/session/7a146636d04742a83f07322ab8727b5f/element'
12:12:46.124 [Forwarding findElement on session 7a146636d04742a83f07322ab8727b5f to remote] DEBUG org.asynchttpclient.netty.request.NettyRequestSender - Using open Channel [id: 0xcba36af2, L:/127.0.0.1:49554 - R:localhost/127.0.0.1:57886] for POST '/session/7a146636d04742a83f07322ab8727b5f/element'
12:12:46.137 [AsyncHttpClient-1-14] DEBUG org.asynchttpclient.netty.handler.HttpHandler - 

Request DefaultHttpRequest(decodeResult: success, version: HTTP/1.1)
POST /session/7a146636d04742a83f07322ab8727b5f/element HTTP/1.1
User-Agent: selenium/4.1.2 (java windows)
Content-Length: 92
Content-Type: application/json; charset=utf-8
host: localhost:57886
accept: */*

Response DefaultHttpResponse(decodeResult: success, version: HTTP/1.1)
HTTP/1.1 200 OK
Content-Type: application/json; charset=utf-8
cache-control: no-cache
content-length: 88

12:12:46.137 [AsyncHttpClient-1-14] DEBUG org.asynchttpclient.netty.channel.ChannelManager - Adding key: http://localhost:57886 for channel [id: 0xcba36af2, L:/127.0.0.1:49554 - R:localhost/127.0.0.1:57886]
12:12:46.139 [Forwarding clickElement on session 7a146636d04742a83f07322ab8727b5f to remote] DEBUG org.asynchttpclient.netty.request.NettyRequestSender - Using pooled Channel '[id: 0xcba36af2, L:/127.0.0.1:49554 - R:localhost/127.0.0.1:57886]' for 'POST' to 'http://localhost:57886/session/7a146636d04742a83f07322ab8727b5f/element/88388d1e-303b-468e-a9cc-761d47e61b1b/click'
12:12:46.139 [Forwarding clickElement on session 7a146636d04742a83f07322ab8727b5f to remote] DEBUG org.asynchttpclient.netty.request.NettyRequestSender - Using open Channel [id: 0xcba36af2, L:/127.0.0.1:49554 - R:localhost/127.0.0.1:57886] for POST '/session/7a146636d04742a83f07322ab8727b5f/element/88388d1e-303b-468e-a9cc-761d47e61b1b/click'
12:12:46.284 [AsyncHttpClient-1-14] DEBUG org.asynchttpclient.netty.handler.HttpHandler - 

Request DefaultHttpRequest(decodeResult: success, version: HTTP/1.1)
POST /session/7a146636d04742a83f07322ab8727b5f/element/88388d1e-303b-468e-a9cc-761d47e61b1b/click HTTP/1.1
User-Agent: selenium/4.1.2 (java windows)
Content-Length: 50
Content-Type: application/json; charset=utf-8
host: localhost:57886
accept: */*

Response DefaultHttpResponse(decodeResult: success, version: HTTP/1.1)
HTTP/1.1 200 OK
Content-Type: application/json; charset=utf-8
cache-control: no-cache
content-length: 14

12:12:46.284 [AsyncHttpClient-1-14] DEBUG org.asynchttpclient.netty.channel.ChannelManager - Adding key: http://localhost:57886 for channel [id: 0xcba36af2, L:/127.0.0.1:49554 - R:localhost/127.0.0.1:57886]
12:12:46.290 [Forwarding screenshot on session 7a146636d04742a83f07322ab8727b5f to remote] DEBUG org.asynchttpclient.netty.request.NettyRequestSender - Using pooled Channel '[id: 0xcba36af2, L:/127.0.0.1:49554 - R:localhost/127.0.0.1:57886]' for 'GET' to 'http://localhost:57886/session/7a146636d04742a83f07322ab8727b5f/screenshot'
12:12:46.290 [Forwarding screenshot on session 7a146636d04742a83f07322ab8727b5f to remote] DEBUG org.asynchttpclient.netty.request.NettyRequestSender - Using open Channel [id: 0xcba36af2, L:/127.0.0.1:49554 - R:localhost/127.0.0.1:57886] for GET '/session/7a146636d04742a83f07322ab8727b5f/screenshot'
12:12:46.444 [AsyncHttpClient-1-14] DEBUG org.asynchttpclient.netty.handler.HttpHandler - 

Request DefaultFullHttpRequest(decodeResult: success, version: HTTP/1.1, content: EmptyByteBufBE)
GET /session/7a146636d04742a83f07322ab8727b5f/screenshot HTTP/1.1
User-Agent: selenium/4.1.2 (java windows)
Cache-Control: no-cache
Content-Type: application/json; charset=utf-8
host: localhost:57886
accept: */*

Response DefaultHttpResponse(decodeResult: success, version: HTTP/1.1)
HTTP/1.1 200 OK
Content-Type: application/json; charset=utf-8
cache-control: no-cache
content-length: 32788

12:12:46.445 [AsyncHttpClient-1-14] DEBUG org.asynchttpclient.netty.channel.ChannelManager - Adding key: http://localhost:57886 for channel [id: 0xcba36af2, L:/127.0.0.1:49554 - R:localhost/127.0.0.1:57886]
12:12:46.447 [main] DEBUG net.serenitybdd.core.photography.Darkroom - Send negative for processing for target\site\serenity\6fd6f5c2fe38060e59651c8fd547c825ec8c3da91691950ce235c9c289f601d6.png
12:12:46.447 [main] DEBUG net.thucydides.core.steps.StepInterceptor - STEP DONE: userchoseehealtycategory
  &amp#27;[32mAnd &amp#27;[0m&amp#27;[32muser choose healty category&amp#27;[0m          &amp#27;[90m# starter.definitions.SelectCategorySteps.userchoosehealtycategory()&amp#27;[0m
12:12:46.447 [Darkroom Processing Line] DEBUG net.serenitybdd.core.photography.DarkroomProcessingLine - Processing screenshot image in /var/screenshots/screenshot-360310992194097048
12:12:46.447 [Darkroom Processing Line] DEBUG net.serenitybdd.core.photography.DarkroomProcessingLine - Saving screenshot to target\site\serenity\6fd6f5c2fe38060e59651c8fd547c825ec8c3da91691950ce235c9c289f601d6.png
12:12:46.461 [main] DEBUG net.thucydides.core.steps.StepInterceptor - STARTING STEP: SelectCategorySteps.sucsessclickhealtycategory - userclickcategory
12:12:46.464 [Forwarding findElement on session 7a146636d04742a83f07322ab8727b5f to remote] DEBUG org.asynchttpclient.netty.request.NettyRequestSender - Using pooled Channel '[id: 0xcba36af2, L:/127.0.0.1:49554 - R:localhost/127.0.0.1:57886]' for 'POST' to 'http://localhost:57886/session/7a146636d04742a83f07322ab8727b5f/element'
12:12:46.464 [Forwarding findElement on session 7a146636d04742a83f07322ab8727b5f to remote] DEBUG org.asynchttpclient.netty.request.NettyRequestSender - Using open Channel [id: 0xcba36af2, L:/127.0.0.1:49554 - R:localhost/127.0.0.1:57886] for POST '/session/7a146636d04742a83f07322ab8727b5f/element'
12:12:46.481 [AsyncHttpClient-1-14] DEBUG org.asynchttpclient.netty.handler.HttpHandler - 

Request DefaultHttpRequest(decodeResult: success, version: HTTP/1.1)
POST /session/7a146636d04742a83f07322ab8727b5f/element HTTP/1.1
User-Agent: selenium/4.1.2 (java windows)
Content-Length: 88
Content-Type: application/json; charset=utf-8
host: localhost:57886
accept: */*

Response DefaultHttpResponse(decodeResult: success, version: HTTP/1.1)
HTTP/1.1 200 OK
Content-Type: application/json; charset=utf-8
cache-control: no-cache
content-length: 88

12:12:46.482 [AsyncHttpClient-1-14] DEBUG org.asynchttpclient.netty.channel.ChannelManager - Adding key: http://localhost:57886 for channel [id: 0xcba36af2, L:/127.0.0.1:49554 - R:localhost/127.0.0.1:57886]
12:12:46.483 [Forwarding getElementTagName on session 7a146636d04742a83f07322ab8727b5f to remote] DEBUG org.asynchttpclient.netty.request.NettyRequestSender - Using pooled Channel '[id: 0xcba36af2, L:/127.0.0.1:49554 - R:localhost/127.0.0.1:57886]' for 'GET' to 'http://localhost:57886/session/7a146636d04742a83f07322ab8727b5f/element/dad3eb46-da24-4be0-9b1d-c7bf4ccb9af1/name'
12:12:46.483 [Forwarding getElementTagName on session 7a146636d04742a83f07322ab8727b5f to remote] DEBUG org.asynchttpclient.netty.request.NettyRequestSender - Using open Channel [id: 0xcba36af2, L:/127.0.0.1:49554 - R:localhost/127.0.0.1:57886] for GET '/session/7a146636d04742a83f07322ab8727b5f/element/dad3eb46-da24-4be0-9b1d-c7bf4ccb9af1/name'
12:12:46.495 [AsyncHttpClient-1-14] DEBUG org.asynchttpclient.netty.handler.HttpHandler - 

Request DefaultFullHttpRequest(decodeResult: success, version: HTTP/1.1, content: EmptyByteBufBE)
GET /session/7a146636d04742a83f07322ab8727b5f/element/dad3eb46-da24-4be0-9b1d-c7bf4ccb9af1/name HTTP/1.1
User-Agent: selenium/4.1.2 (java windows)
Cache-Control: no-cache
Content-Type: application/json; charset=utf-8
host: localhost:57886
accept: */*

Response DefaultHttpResponse(decodeResult: success, version: HTTP/1.1)
HTTP/1.1 200 OK
Content-Type: application/json; charset=utf-8
cache-control: no-cache
content-length: 15

12:12:46.495 [AsyncHttpClient-1-14] DEBUG org.asynchttpclient.netty.channel.ChannelManager - Adding key: http://localhost:57886 for channel [id: 0xcba36af2, L:/127.0.0.1:49554 - R:localhost/127.0.0.1:57886]
12:12:46.496 [Forwarding getElementTagName on session 7a146636d04742a83f07322ab8727b5f to remote] DEBUG org.asynchttpclient.netty.request.NettyRequestSender - Using pooled Channel '[id: 0xcba36af2, L:/127.0.0.1:49554 - R:localhost/127.0.0.1:57886]' for 'GET' to 'http://localhost:57886/session/7a146636d04742a83f07322ab8727b5f/element/dad3eb46-da24-4be0-9b1d-c7bf4ccb9af1/name'
12:12:46.496 [Forwarding getElementTagName on session 7a146636d04742a83f07322ab8727b5f to remote] DEBUG org.asynchttpclient.netty.request.NettyRequestSender - Using open Channel [id: 0xcba36af2, L:/127.0.0.1:49554 - R:localhost/127.0.0.1:57886] for GET '/session/7a146636d04742a83f07322ab8727b5f/element/dad3eb46-da24-4be0-9b1d-c7bf4ccb9af1/name'
12:12:46.503 [AsyncHttpClient-1-14] DEBUG org.asynchttpclient.netty.handler.HttpHandler - 

Request DefaultFullHttpRequest(decodeResult: success, version: HTTP/1.1, content: EmptyByteBufBE)
GET /session/7a146636d04742a83f07322ab8727b5f/element/dad3eb46-da24-4be0-9b1d-c7bf4ccb9af1/name HTTP/1.1
User-Agent: selenium/4.1.2 (java windows)
Cache-Control: no-cache
Content-Type: application/json; charset=utf-8
host: localhost:57886
accept: */*

Response DefaultHttpResponse(decodeResult: success, version: HTTP/1.1)
HTTP/1.1 200 OK
Content-Type: application/json; charset=utf-8
cache-control: no-cache
content-length: 15

12:12:46.503 [AsyncHttpClient-1-14] DEBUG org.asynchttpclient.netty.channel.ChannelManager - Adding key: http://localhost:57886 for channel [id: 0xcba36af2, L:/127.0.0.1:49554 - R:localhost/127.0.0.1:57886]
12:12:46.506 [Forwarding findElement on session 7a146636d04742a83f07322ab8727b5f to remote] DEBUG org.asynchttpclient.netty.request.NettyRequestSender - Using pooled Channel '[id: 0xcba36af2, L:/127.0.0.1:49554 - R:localhost/127.0.0.1:57886]' for 'POST' to 'http://localhost:57886/session/7a146636d04742a83f07322ab8727b5f/element'
12:12:46.506 [Forwarding findElement on session 7a146636d04742a83f07322ab8727b5f to remote] DEBUG org.asynchttpclient.netty.request.NettyRequestSender - Using open Channel [id: 0xcba36af2, L:/127.0.0.1:49554 - R:localhost/127.0.0.1:57886] for POST '/session/7a146636d04742a83f07322ab8727b5f/element'
12:12:46.515 [AsyncHttpClient-1-14] DEBUG org.asynchttpclient.netty.handler.HttpHandler - 

Request DefaultHttpRequest(decodeResult: success, version: HTTP/1.1)
POST /session/7a146636d04742a83f07322ab8727b5f/element HTTP/1.1
User-Agent: selenium/4.1.2 (java windows)
Content-Length: 88
Content-Type: application/json; charset=utf-8
host: localhost:57886
accept: */*

Response DefaultHttpResponse(decodeResult: success, version: HTTP/1.1)
HTTP/1.1 200 OK
Content-Type: application/json; charset=utf-8
cache-control: no-cache
content-length: 88

12:12:46.515 [AsyncHttpClient-1-14] DEBUG org.asynchttpclient.netty.channel.ChannelManager - Adding key: http://localhost:57886 for channel [id: 0xcba36af2, L:/127.0.0.1:49554 - R:localhost/127.0.0.1:57886]
12:12:46.516 [Forwarding clickElement on session 7a146636d04742a83f07322ab8727b5f to remote] DEBUG org.asynchttpclient.netty.request.NettyRequestSender - Using pooled Channel '[id: 0xcba36af2, L:/127.0.0.1:49554 - R:localhost/127.0.0.1:57886]' for 'POST' to 'http://localhost:57886/session/7a146636d04742a83f07322ab8727b5f/element/dad3eb46-da24-4be0-9b1d-c7bf4ccb9af1/click'
12:12:46.516 [Forwarding clickElement on session 7a146636d04742a83f07322ab8727b5f to remote] DEBUG org.asynchttpclient.netty.request.NettyRequestSender - Using open Channel [id: 0xcba36af2, L:/127.0.0.1:49554 - R:localhost/127.0.0.1:57886] for POST '/session/7a146636d04742a83f07322ab8727b5f/element/dad3eb46-da24-4be0-9b1d-c7bf4ccb9af1/click'
12:12:46.568 [AsyncHttpClient-1-14] DEBUG org.asynchttpclient.netty.handler.HttpHandler - 

Request DefaultHttpRequest(decodeResult: success, version: HTTP/1.1)
POST /session/7a146636d04742a83f07322ab8727b5f/element/dad3eb46-da24-4be0-9b1d-c7bf4ccb9af1/click HTTP/1.1
User-Agent: selenium/4.1.2 (java windows)
Content-Length: 50
Content-Type: application/json; charset=utf-8
host: localhost:57886
accept: */*

Response DefaultHttpResponse(decodeResult: success, version: HTTP/1.1)
HTTP/1.1 200 OK
Content-Type: application/json; charset=utf-8
cache-control: no-cache
content-length: 14

12:12:46.568 [AsyncHttpClient-1-14] DEBUG org.asynchttpclient.netty.channel.ChannelManager - Adding key: http://localhost:57886 for channel [id: 0xcba36af2, L:/127.0.0.1:49554 - R:localhost/127.0.0.1:57886]
12:12:46.574 [Forwarding screenshot on session 7a146636d04742a83f07322ab8727b5f to remote] DEBUG org.asynchttpclient.netty.request.NettyRequestSender - Using pooled Channel '[id: 0xcba36af2, L:/127.0.0.1:49554 - R:localhost/127.0.0.1:57886]' for 'GET' to 'http://localhost:57886/session/7a146636d04742a83f07322ab8727b5f/screenshot'
12:12:46.574 [Forwarding screenshot on session 7a146636d04742a83f07322ab8727b5f to remote] DEBUG org.asynchttpclient.netty.request.NettyRequestSender - Using open Channel [id: 0xcba36af2, L:/127.0.0.1:49554 - R:localhost/127.0.0.1:57886] for GET '/session/7a146636d04742a83f07322ab8727b5f/screenshot'
12:12:46.575 [AsyncHttpClient-1-1] DEBUG org.asynchttpclient.netty.channel.DefaultChannelPool - Entry count for : http://localhost:49555 : 1
12:12:46.734 [AsyncHttpClient-1-14] DEBUG org.asynchttpclient.netty.handler.HttpHandler - 

Request DefaultFullHttpRequest(decodeResult: success, version: HTTP/1.1, content: EmptyByteBufBE)
GET /session/7a146636d04742a83f07322ab8727b5f/screenshot HTTP/1.1
User-Agent: selenium/4.1.2 (java windows)
Cache-Control: no-cache
Content-Type: application/json; charset=utf-8
host: localhost:57886
accept: */*

Response DefaultHttpResponse(decodeResult: success, version: HTTP/1.1)
HTTP/1.1 200 OK
Content-Type: application/json; charset=utf-8
cache-control: no-cache
content-length: 34164

12:12:46.734 [AsyncHttpClient-1-14] DEBUG org.asynchttpclient.netty.channel.ChannelManager - Adding key: http://localhost:57886 for channel [id: 0xcba36af2, L:/127.0.0.1:49554 - R:localhost/127.0.0.1:57886]
12:12:46.736 [main] DEBUG net.serenitybdd.core.photography.Darkroom - Send negative for processing for target\site\serenity\cf40fe387890463c0af45aab1be143261dbd4e6a490285eaaefb545d073cab8f.png
12:12:46.736 [main] DEBUG net.thucydides.core.steps.StepInterceptor - STEP DONE: userclickcategory
  &amp#27;[32mThen &amp#27;[0m&amp#27;[32mUser sucsess click healty category&amp#27;[0m  &amp#27;[90m# starter.definitions.SelectCategorySteps.sucsessclickhealtycategory()&amp#27;[0m
12:12:46.737 [Darkroom Processing Line] DEBUG net.serenitybdd.core.photography.DarkroomProcessingLine - Processing screenshot image in /var/screenshots/screenshot-3477066916982244134
12:12:46.737 [Darkroom Processing Line] DEBUG net.serenitybdd.core.photography.DarkroomProcessingLine - Saving screenshot to target\site\serenity\cf40fe387890463c0af45aab1be143261dbd4e6a490285eaaefb545d073cab8f.png
12:12:46.742 [main] INFO  - 
  _____   ___   ___   _____     ___     _     ___   ___   ___   ___  
 |_   _| | __| / __| |_   _|   | _ \   /_\   / __| / __| | __| |   \ 
   | |   | _|  \__ \   | |     |  _/  / _ \  \__ \ \__ \ | _|  | |) |
   |_|   |___| |___/   |_|     |_|   /_/ \_\ |___/ |___/ |___| |___/ 

as a user choose helath category
----------------------------------------------------------------------
12:12:46.743 [AsyncHttpClient-1-16] DEBUG org.asynchttpclient.netty.handler.WebSocketHandler - Channel Closed: [id: 0x22407a83, L:/127.0.0.1:49562 ! R:localhost/127.0.0.1:49555] with attribute NettyResponseFuture{currentRetry=5,
	isDone=1,
	isCancelled=0,
	asyncHandler=org.asynchttpclient.ws.WebSocketUpgradeHandler@41d8fd2d,
	nettyRequest=org.asynchttpclient.netty.request.NettyRequest@4da7b72,
	future=java.util.concurrent.CompletableFuture@4b8797ca[Completed normally],
	uri=ws://localhost:49555/devtools/browser/900626d8-cee3-4734-8aaa-9e1b2f7244bd,
	keepAlive=true,
	redirectCount=0,
	timeoutsHolder=null,
	inAuth=0,
	touch=1652242363952}
12:12:46.744 [AsyncHttpClient-1-16] DEBUG org.asynchttpclient.netty.channel.ChannelManager - Closing Channel [id: 0x22407a83, L:/127.0.0.1:49562 ! R:localhost/127.0.0.1:49555] 
12:12:46.745 [Driver Command Executor] DEBUG org.asynchttpclient.netty.request.NettyRequestSender - Using pooled Channel '[id: 0xcba36af2, L:/127.0.0.1:49554 - R:localhost/127.0.0.1:57886]' for 'DELETE' to 'http://localhost:57886/session/7a146636d04742a83f07322ab8727b5f'
12:12:46.745 [Driver Command Executor] DEBUG org.asynchttpclient.netty.request.NettyRequestSender - Using open Channel [id: 0xcba36af2, L:/127.0.0.1:49554 - R:localhost/127.0.0.1:57886] for DELETE '/session/7a146636d04742a83f07322ab8727b5f'
12:12:46.941 [AsyncHttpClient-1-15] DEBUG org.asynchttpclient.netty.handler.HttpHandler - Unexpected I/O exception on channel [id: 0x9f4ab0d6, L:/127.0.0.1:49561 - R:localhost/127.0.0.1:49555]
java.net.SocketException: Connection reset
	at java.base/sun.nio.ch.SocketChannelImpl.throwConnectionReset(SocketChannelImpl.java:394)
	at java.base/sun.nio.ch.SocketChannelImpl.read(SocketChannelImpl.java:426)
	at io.netty.buffer.PooledByteBuf.setBytes(PooledByteBuf.java:258)
	at io.netty.buffer.AbstractByteBuf.writeBytes(AbstractByteBuf.java:1132)
	at io.netty.channel.socket.nio.NioSocketChannel.doReadBytes(NioSocketChannel.java:350)
	at io.netty.channel.nio.AbstractNioByteChannel$NioByteUnsafe.read(AbstractNioByteChannel.java:151)
	at io.netty.channel.nio.NioEventLoop.processSelectedKey(NioEventLoop.java:722)
	at io.netty.channel.nio.NioEventLoop.processSelectedKeysOptimized(NioEventLoop.java:658)
	at io.netty.channel.nio.NioEventLoop.processSelectedKeys(NioEventLoop.java:584)
	at io.netty.channel.nio.NioEventLoop.run(NioEventLoop.java:496)
	at io.netty.util.concurrent.SingleThreadEventExecutor$4.run(SingleThreadEventExecutor.java:986)
	at io.netty.util.internal.ThreadExecutorMap$2.run(ThreadExecutorMap.java:74)
	at io.netty.util.concurrent.FastThreadLocalRunnable.run(FastThreadLocalRunnable.java:30)
	at java.base/java.lang.Thread.run(Thread.java:833)
12:12:46.942 [AsyncHttpClient-1-15] DEBUG org.asynchttpclient.netty.channel.ChannelManager - Closing Channel [id: 0x9f4ab0d6, L:/127.0.0.1:49561 - R:localhost/127.0.0.1:49555] 
12:12:46.942 [AsyncHttpClient-1-15] DEBUG org.asynchttpclient.netty.handler.HttpHandler - Channel Closed: [id: 0x9f4ab0d6, L:/127.0.0.1:49561 ! R:localhost/127.0.0.1:49555] with attribute DISCARD
12:12:46.959 [AsyncHttpClient-1-14] DEBUG org.asynchttpclient.netty.handler.HttpHandler - 

Request DefaultFullHttpRequest(decodeResult: success, version: HTTP/1.1, content: EmptyByteBufBE)
DELETE /session/7a146636d04742a83f07322ab8727b5f HTTP/1.1
User-Agent: selenium/4.1.2 (java windows)
Content-Type: application/json; charset=utf-8
host: localhost:57886
accept: */*

Response DefaultHttpResponse(decodeResult: success, version: HTTP/1.1)
HTTP/1.1 200 OK
Content-Type: application/json; charset=utf-8
cache-control: no-cache
content-length: 14

12:12:46.959 [AsyncHttpClient-1-14] DEBUG org.asynchttpclient.netty.channel.ChannelManager - Adding key: http://localhost:57886 for channel [id: 0xcba36af2, L:/127.0.0.1:49554 - R:localhost/127.0.0.1:57886]
12:12:47.675 [AsyncHttpClient-1-1] DEBUG org.asynchttpclient.netty.channel.DefaultChannelPool - Entry count for : http://localhost:49555 : 1
12:12:47.675 [AsyncHttpClient-1-1] DEBUG org.asynchttpclient.netty.channel.DefaultChannelPool - Entry count for : http://localhost:57886 : 1
12:12:47.675 [AsyncHttpClient-1-1] DEBUG org.asynchttpclient.netty.channel.DefaultChannelPool - Adding Candidate expired Channel [id: 0x9f4ab0d6, L:/127.0.0.1:49561 ! R:localhost/127.0.0.1:49555] isIdleTimeoutExpired=false isRemotelyClosed=true isTtlExpired=false
12:12:47.675 [AsyncHttpClient-1-1] DEBUG org.asynchttpclient.netty.channel.DefaultChannelPool - Closing Idle Channel [id: 0x9f4ab0d6, L:/127.0.0.1:49561 ! R:localhost/127.0.0.1:49555]
12:12:47.675 [AsyncHttpClient-1-1] DEBUG org.asynchttpclient.netty.channel.DefaultChannelPool - Closed 1 connections out of 2 in 0 ms
12:12:47.997 [AsyncHttpClient-1-14] DEBUG org.asynchttpclient.netty.handler.HttpHandler - Unexpected I/O exception on channel [id: 0xcba36af2, L:/127.0.0.1:49554 - R:localhost/127.0.0.1:57886]
java.net.SocketException: Connection reset
	at java.base/sun.nio.ch.SocketChannelImpl.throwConnectionReset(SocketChannelImpl.java:394)
	at java.base/sun.nio.ch.SocketChannelImpl.read(SocketChannelImpl.java:426)
	at io.netty.buffer.PooledByteBuf.setBytes(PooledByteBuf.java:258)
	at io.netty.buffer.AbstractByteBuf.writeBytes(AbstractByteBuf.java:1132)
	at io.netty.channel.socket.nio.NioSocketChannel.doReadBytes(NioSocketChannel.java:350)
	at io.netty.channel.nio.AbstractNioByteChannel$NioByteUnsafe.read(AbstractNioByteChannel.java:151)
	at io.netty.channel.nio.NioEventLoop.processSelectedKey(NioEventLoop.java:722)
	at io.netty.channel.nio.NioEventLoop.processSelectedKeysOptimized(NioEventLoop.java:658)
	at io.netty.channel.nio.NioEventLoop.processSelectedKeys(NioEventLoop.java:584)
	at io.netty.channel.nio.NioEventLoop.run(NioEventLoop.java:496)
	at io.netty.util.concurrent.SingleThreadEventExecutor$4.run(SingleThreadEventExecutor.java:986)
	at io.netty.util.internal.ThreadExecutorMap$2.run(ThreadExecutorMap.java:74)
	at io.netty.util.concurrent.FastThreadLocalRunnable.run(FastThreadLocalRunnable.java:30)
	at java.base/java.lang.Thread.run(Thread.java:833)
12:12:47.998 [AsyncHttpClient-1-14] DEBUG org.asynchttpclient.netty.channel.ChannelManager - Closing Channel [id: 0xcba36af2, L:/127.0.0.1:49554 - R:localhost/127.0.0.1:57886] 
12:12:47.998 [AsyncHttpClient-1-14] DEBUG org.asynchttpclient.netty.handler.HttpHandler - Channel Closed: [id: 0xcba36af2, L:/127.0.0.1:49554 ! R:localhost/127.0.0.1:57886] with attribute DISCARD
]]></system-out>
    <system-err><![CDATA[Starting ChromeDriver 101.0.4951.41 (93c720db8323b3ec10d056025ab95c23a31997c9-refs/branch-heads/4951@{#904}) on port 57886
Only local connections are allowed.
Please see https://chromedriver.chromium.org/security-considerations for suggestions on keeping ChromeDriver safe.
ChromeDriver was started successfully.
May 11, 2022 12:12:43 PM org.openqa.selenium.remote.ProtocolHandshake createSession
INFO: Detected dialect: W3C
May 11, 2022 12:12:43 PM org.openqa.selenium.devtools.CdpVersionFinder findNearestMatch
WARNING: Unable to find an exact match for CDP version 101, so returning the closest version found: 97
May 11, 2022 12:12:43 PM org.openqa.selenium.devtools.CdpVersionFinder findNearestMatch
INFO: Found CDP implementation for version 101 of 97
]]></system-err>
  </testcase>
</testsuite>